[2023-06-18T13:45:30.787+0530] {processor.py:157} INFO - Started process (PID=154) to work on /home/shubham/.local/lib/python3.10/site-packages/airflow/example_dags/plugins/listener_plugin.py
[2023-06-18T13:45:30.788+0530] {processor.py:826} INFO - Processing file /home/shubham/.local/lib/python3.10/site-packages/airflow/example_dags/plugins/listener_plugin.py for tasks to queue
[2023-06-18T13:45:30.788+0530] {logging_mixin.py:149} INFO - [2023-06-18T13:45:30.788+0530] {dagbag.py:541} INFO - Filling up the DagBag from /home/shubham/.local/lib/python3.10/site-packages/airflow/example_dags/plugins/listener_plugin.py
[2023-06-18T13:45:30.790+0530] {processor.py:838} WARNING - No viable dags retrieved from /home/shubham/.local/lib/python3.10/site-packages/airflow/example_dags/plugins/listener_plugin.py
[2023-06-18T13:45:30.797+0530] {processor.py:179} INFO - Processing /home/shubham/.local/lib/python3.10/site-packages/airflow/example_dags/plugins/listener_plugin.py took 0.012 seconds
[2023-06-18T13:46:25.537+0530] {processor.py:157} INFO - Started process (PID=212) to work on /home/shubham/.local/lib/python3.10/site-packages/airflow/example_dags/plugins/listener_plugin.py
[2023-06-18T13:46:25.538+0530] {processor.py:826} INFO - Processing file /home/shubham/.local/lib/python3.10/site-packages/airflow/example_dags/plugins/listener_plugin.py for tasks to queue
[2023-06-18T13:46:25.539+0530] {logging_mixin.py:149} INFO - [2023-06-18T13:46:25.538+0530] {dagbag.py:541} INFO - Filling up the DagBag from /home/shubham/.local/lib/python3.10/site-packages/airflow/example_dags/plugins/listener_plugin.py
[2023-06-18T13:46:25.540+0530] {processor.py:838} WARNING - No viable dags retrieved from /home/shubham/.local/lib/python3.10/site-packages/airflow/example_dags/plugins/listener_plugin.py
[2023-06-18T13:46:25.548+0530] {processor.py:179} INFO - Processing /home/shubham/.local/lib/python3.10/site-packages/airflow/example_dags/plugins/listener_plugin.py took 0.013 seconds
[2023-06-18T13:47:13.573+0530] {processor.py:157} INFO - Started process (PID=260) to work on /home/shubham/.local/lib/python3.10/site-packages/airflow/example_dags/plugins/listener_plugin.py
[2023-06-18T13:47:13.575+0530] {processor.py:826} INFO - Processing file /home/shubham/.local/lib/python3.10/site-packages/airflow/example_dags/plugins/listener_plugin.py for tasks to queue
[2023-06-18T13:47:13.575+0530] {logging_mixin.py:149} INFO - [2023-06-18T13:47:13.575+0530] {dagbag.py:541} INFO - Filling up the DagBag from /home/shubham/.local/lib/python3.10/site-packages/airflow/example_dags/plugins/listener_plugin.py
[2023-06-18T13:47:13.577+0530] {processor.py:838} WARNING - No viable dags retrieved from /home/shubham/.local/lib/python3.10/site-packages/airflow/example_dags/plugins/listener_plugin.py
[2023-06-18T13:47:13.588+0530] {processor.py:179} INFO - Processing /home/shubham/.local/lib/python3.10/site-packages/airflow/example_dags/plugins/listener_plugin.py took 0.019 seconds
[2023-06-18T13:52:35.041+0530] {processor.py:157} INFO - Started process (PID=483) to work on /home/shubham/.local/lib/python3.10/site-packages/airflow/example_dags/plugins/listener_plugin.py
[2023-06-18T13:52:35.043+0530] {processor.py:826} INFO - Processing file /home/shubham/.local/lib/python3.10/site-packages/airflow/example_dags/plugins/listener_plugin.py for tasks to queue
[2023-06-18T13:52:35.043+0530] {logging_mixin.py:149} INFO - [2023-06-18T13:52:35.043+0530] {dagbag.py:541} INFO - Filling up the DagBag from /home/shubham/.local/lib/python3.10/site-packages/airflow/example_dags/plugins/listener_plugin.py
[2023-06-18T13:52:35.044+0530] {processor.py:838} WARNING - No viable dags retrieved from /home/shubham/.local/lib/python3.10/site-packages/airflow/example_dags/plugins/listener_plugin.py
[2023-06-18T13:52:35.051+0530] {processor.py:179} INFO - Processing /home/shubham/.local/lib/python3.10/site-packages/airflow/example_dags/plugins/listener_plugin.py took 0.012 seconds
[2023-06-18T13:53:31.213+0530] {processor.py:157} INFO - Started process (PID=542) to work on /home/shubham/.local/lib/python3.10/site-packages/airflow/example_dags/plugins/listener_plugin.py
[2023-06-18T13:53:31.214+0530] {processor.py:826} INFO - Processing file /home/shubham/.local/lib/python3.10/site-packages/airflow/example_dags/plugins/listener_plugin.py for tasks to queue
[2023-06-18T13:53:31.215+0530] {logging_mixin.py:149} INFO - [2023-06-18T13:53:31.215+0530] {dagbag.py:541} INFO - Filling up the DagBag from /home/shubham/.local/lib/python3.10/site-packages/airflow/example_dags/plugins/listener_plugin.py
[2023-06-18T13:53:31.217+0530] {processor.py:838} WARNING - No viable dags retrieved from /home/shubham/.local/lib/python3.10/site-packages/airflow/example_dags/plugins/listener_plugin.py
[2023-06-18T13:53:31.225+0530] {processor.py:179} INFO - Processing /home/shubham/.local/lib/python3.10/site-packages/airflow/example_dags/plugins/listener_plugin.py took 0.015 seconds
[2023-06-18T14:40:09.280+0530] {processor.py:157} INFO - Started process (PID=3249) to work on /home/shubham/.local/lib/python3.10/site-packages/airflow/example_dags/plugins/listener_plugin.py
[2023-06-18T14:40:09.281+0530] {processor.py:826} INFO - Processing file /home/shubham/.local/lib/python3.10/site-packages/airflow/example_dags/plugins/listener_plugin.py for tasks to queue
[2023-06-18T14:40:09.282+0530] {logging_mixin.py:149} INFO - [2023-06-18T14:40:09.281+0530] {dagbag.py:541} INFO - Filling up the DagBag from /home/shubham/.local/lib/python3.10/site-packages/airflow/example_dags/plugins/listener_plugin.py
[2023-06-18T14:40:09.284+0530] {processor.py:838} WARNING - No viable dags retrieved from /home/shubham/.local/lib/python3.10/site-packages/airflow/example_dags/plugins/listener_plugin.py
[2023-06-18T14:40:09.295+0530] {processor.py:179} INFO - Processing /home/shubham/.local/lib/python3.10/site-packages/airflow/example_dags/plugins/listener_plugin.py took 0.017 seconds
[2023-06-18T14:40:55.725+0530] {processor.py:157} INFO - Started process (PID=3402) to work on /home/shubham/.local/lib/python3.10/site-packages/airflow/example_dags/plugins/listener_plugin.py
[2023-06-18T14:40:55.726+0530] {processor.py:826} INFO - Processing file /home/shubham/.local/lib/python3.10/site-packages/airflow/example_dags/plugins/listener_plugin.py for tasks to queue
[2023-06-18T14:40:55.727+0530] {logging_mixin.py:149} INFO - [2023-06-18T14:40:55.727+0530] {dagbag.py:541} INFO - Filling up the DagBag from /home/shubham/.local/lib/python3.10/site-packages/airflow/example_dags/plugins/listener_plugin.py
[2023-06-18T14:40:55.729+0530] {processor.py:838} WARNING - No viable dags retrieved from /home/shubham/.local/lib/python3.10/site-packages/airflow/example_dags/plugins/listener_plugin.py
[2023-06-18T14:40:55.740+0530] {processor.py:179} INFO - Processing /home/shubham/.local/lib/python3.10/site-packages/airflow/example_dags/plugins/listener_plugin.py took 0.018 seconds
[2023-06-18T14:41:39.154+0530] {processor.py:157} INFO - Started process (PID=3623) to work on /home/shubham/.local/lib/python3.10/site-packages/airflow/example_dags/plugins/listener_plugin.py
[2023-06-18T14:41:39.155+0530] {processor.py:826} INFO - Processing file /home/shubham/.local/lib/python3.10/site-packages/airflow/example_dags/plugins/listener_plugin.py for tasks to queue
[2023-06-18T14:41:39.159+0530] {logging_mixin.py:149} INFO - [2023-06-18T14:41:39.158+0530] {dagbag.py:541} INFO - Filling up the DagBag from /home/shubham/.local/lib/python3.10/site-packages/airflow/example_dags/plugins/listener_plugin.py
[2023-06-18T14:41:39.162+0530] {processor.py:838} WARNING - No viable dags retrieved from /home/shubham/.local/lib/python3.10/site-packages/airflow/example_dags/plugins/listener_plugin.py
[2023-06-18T14:41:39.171+0530] {processor.py:179} INFO - Processing /home/shubham/.local/lib/python3.10/site-packages/airflow/example_dags/plugins/listener_plugin.py took 0.025 seconds
[2023-06-18T14:42:37.072+0530] {processor.py:157} INFO - Started process (PID=3764) to work on /home/shubham/.local/lib/python3.10/site-packages/airflow/example_dags/plugins/listener_plugin.py
[2023-06-18T14:42:37.073+0530] {processor.py:826} INFO - Processing file /home/shubham/.local/lib/python3.10/site-packages/airflow/example_dags/plugins/listener_plugin.py for tasks to queue
[2023-06-18T14:42:37.074+0530] {logging_mixin.py:149} INFO - [2023-06-18T14:42:37.074+0530] {dagbag.py:541} INFO - Filling up the DagBag from /home/shubham/.local/lib/python3.10/site-packages/airflow/example_dags/plugins/listener_plugin.py
[2023-06-18T14:42:37.076+0530] {processor.py:838} WARNING - No viable dags retrieved from /home/shubham/.local/lib/python3.10/site-packages/airflow/example_dags/plugins/listener_plugin.py
[2023-06-18T14:42:37.083+0530] {processor.py:179} INFO - Processing /home/shubham/.local/lib/python3.10/site-packages/airflow/example_dags/plugins/listener_plugin.py took 0.013 seconds
[2023-06-18T14:43:27.171+0530] {processor.py:157} INFO - Started process (PID=3814) to work on /home/shubham/.local/lib/python3.10/site-packages/airflow/example_dags/plugins/listener_plugin.py
[2023-06-18T14:43:27.173+0530] {processor.py:826} INFO - Processing file /home/shubham/.local/lib/python3.10/site-packages/airflow/example_dags/plugins/listener_plugin.py for tasks to queue
[2023-06-18T14:43:27.173+0530] {logging_mixin.py:149} INFO - [2023-06-18T14:43:27.173+0530] {dagbag.py:541} INFO - Filling up the DagBag from /home/shubham/.local/lib/python3.10/site-packages/airflow/example_dags/plugins/listener_plugin.py
[2023-06-18T14:43:27.175+0530] {processor.py:838} WARNING - No viable dags retrieved from /home/shubham/.local/lib/python3.10/site-packages/airflow/example_dags/plugins/listener_plugin.py
[2023-06-18T14:43:27.183+0530] {processor.py:179} INFO - Processing /home/shubham/.local/lib/python3.10/site-packages/airflow/example_dags/plugins/listener_plugin.py took 0.015 seconds
[2023-06-18T14:44:16.878+0530] {processor.py:157} INFO - Started process (PID=3864) to work on /home/shubham/.local/lib/python3.10/site-packages/airflow/example_dags/plugins/listener_plugin.py
[2023-06-18T14:44:16.880+0530] {processor.py:826} INFO - Processing file /home/shubham/.local/lib/python3.10/site-packages/airflow/example_dags/plugins/listener_plugin.py for tasks to queue
[2023-06-18T14:44:16.880+0530] {logging_mixin.py:149} INFO - [2023-06-18T14:44:16.880+0530] {dagbag.py:541} INFO - Filling up the DagBag from /home/shubham/.local/lib/python3.10/site-packages/airflow/example_dags/plugins/listener_plugin.py
[2023-06-18T14:44:16.882+0530] {processor.py:838} WARNING - No viable dags retrieved from /home/shubham/.local/lib/python3.10/site-packages/airflow/example_dags/plugins/listener_plugin.py
[2023-06-18T14:44:16.889+0530] {processor.py:179} INFO - Processing /home/shubham/.local/lib/python3.10/site-packages/airflow/example_dags/plugins/listener_plugin.py took 0.013 seconds
[2023-06-18T14:45:12.683+0530] {processor.py:157} INFO - Started process (PID=3922) to work on /home/shubham/.local/lib/python3.10/site-packages/airflow/example_dags/plugins/listener_plugin.py
[2023-06-18T14:45:12.684+0530] {processor.py:826} INFO - Processing file /home/shubham/.local/lib/python3.10/site-packages/airflow/example_dags/plugins/listener_plugin.py for tasks to queue
[2023-06-18T14:45:12.684+0530] {logging_mixin.py:149} INFO - [2023-06-18T14:45:12.684+0530] {dagbag.py:541} INFO - Filling up the DagBag from /home/shubham/.local/lib/python3.10/site-packages/airflow/example_dags/plugins/listener_plugin.py
[2023-06-18T14:45:12.686+0530] {processor.py:838} WARNING - No viable dags retrieved from /home/shubham/.local/lib/python3.10/site-packages/airflow/example_dags/plugins/listener_plugin.py
[2023-06-18T14:45:12.693+0530] {processor.py:179} INFO - Processing /home/shubham/.local/lib/python3.10/site-packages/airflow/example_dags/plugins/listener_plugin.py took 0.013 seconds
[2023-06-18T14:45:56.695+0530] {processor.py:157} INFO - Started process (PID=3968) to work on /home/shubham/.local/lib/python3.10/site-packages/airflow/example_dags/plugins/listener_plugin.py
[2023-06-18T14:45:56.697+0530] {processor.py:826} INFO - Processing file /home/shubham/.local/lib/python3.10/site-packages/airflow/example_dags/plugins/listener_plugin.py for tasks to queue
[2023-06-18T14:45:56.697+0530] {logging_mixin.py:149} INFO - [2023-06-18T14:45:56.697+0530] {dagbag.py:541} INFO - Filling up the DagBag from /home/shubham/.local/lib/python3.10/site-packages/airflow/example_dags/plugins/listener_plugin.py
[2023-06-18T14:45:56.699+0530] {processor.py:838} WARNING - No viable dags retrieved from /home/shubham/.local/lib/python3.10/site-packages/airflow/example_dags/plugins/listener_plugin.py
[2023-06-18T14:45:56.706+0530] {processor.py:179} INFO - Processing /home/shubham/.local/lib/python3.10/site-packages/airflow/example_dags/plugins/listener_plugin.py took 0.013 seconds
[2023-06-18T14:46:43.858+0530] {processor.py:157} INFO - Started process (PID=4017) to work on /home/shubham/.local/lib/python3.10/site-packages/airflow/example_dags/plugins/listener_plugin.py
[2023-06-18T14:46:43.859+0530] {processor.py:826} INFO - Processing file /home/shubham/.local/lib/python3.10/site-packages/airflow/example_dags/plugins/listener_plugin.py for tasks to queue
[2023-06-18T14:46:43.860+0530] {logging_mixin.py:149} INFO - [2023-06-18T14:46:43.860+0530] {dagbag.py:541} INFO - Filling up the DagBag from /home/shubham/.local/lib/python3.10/site-packages/airflow/example_dags/plugins/listener_plugin.py
[2023-06-18T14:46:43.861+0530] {processor.py:838} WARNING - No viable dags retrieved from /home/shubham/.local/lib/python3.10/site-packages/airflow/example_dags/plugins/listener_plugin.py
[2023-06-18T14:46:43.869+0530] {processor.py:179} INFO - Processing /home/shubham/.local/lib/python3.10/site-packages/airflow/example_dags/plugins/listener_plugin.py took 0.013 seconds
[2023-06-18T14:47:30.308+0530] {processor.py:157} INFO - Started process (PID=4065) to work on /home/shubham/.local/lib/python3.10/site-packages/airflow/example_dags/plugins/listener_plugin.py
[2023-06-18T14:47:30.310+0530] {processor.py:826} INFO - Processing file /home/shubham/.local/lib/python3.10/site-packages/airflow/example_dags/plugins/listener_plugin.py for tasks to queue
[2023-06-18T14:47:30.310+0530] {logging_mixin.py:149} INFO - [2023-06-18T14:47:30.310+0530] {dagbag.py:541} INFO - Filling up the DagBag from /home/shubham/.local/lib/python3.10/site-packages/airflow/example_dags/plugins/listener_plugin.py
[2023-06-18T14:47:30.312+0530] {processor.py:838} WARNING - No viable dags retrieved from /home/shubham/.local/lib/python3.10/site-packages/airflow/example_dags/plugins/listener_plugin.py
[2023-06-18T14:47:30.319+0530] {processor.py:179} INFO - Processing /home/shubham/.local/lib/python3.10/site-packages/airflow/example_dags/plugins/listener_plugin.py took 0.013 seconds
[2023-06-18T14:48:27.457+0530] {processor.py:157} INFO - Started process (PID=4125) to work on /home/shubham/.local/lib/python3.10/site-packages/airflow/example_dags/plugins/listener_plugin.py
[2023-06-18T14:48:27.458+0530] {processor.py:826} INFO - Processing file /home/shubham/.local/lib/python3.10/site-packages/airflow/example_dags/plugins/listener_plugin.py for tasks to queue
[2023-06-18T14:48:27.459+0530] {logging_mixin.py:149} INFO - [2023-06-18T14:48:27.459+0530] {dagbag.py:541} INFO - Filling up the DagBag from /home/shubham/.local/lib/python3.10/site-packages/airflow/example_dags/plugins/listener_plugin.py
[2023-06-18T14:48:27.460+0530] {processor.py:838} WARNING - No viable dags retrieved from /home/shubham/.local/lib/python3.10/site-packages/airflow/example_dags/plugins/listener_plugin.py
[2023-06-18T14:48:27.468+0530] {processor.py:179} INFO - Processing /home/shubham/.local/lib/python3.10/site-packages/airflow/example_dags/plugins/listener_plugin.py took 0.013 seconds
[2023-06-18T14:49:10.771+0530] {processor.py:157} INFO - Started process (PID=4171) to work on /home/shubham/.local/lib/python3.10/site-packages/airflow/example_dags/plugins/listener_plugin.py
[2023-06-18T14:49:10.772+0530] {processor.py:826} INFO - Processing file /home/shubham/.local/lib/python3.10/site-packages/airflow/example_dags/plugins/listener_plugin.py for tasks to queue
[2023-06-18T14:49:10.773+0530] {logging_mixin.py:149} INFO - [2023-06-18T14:49:10.773+0530] {dagbag.py:541} INFO - Filling up the DagBag from /home/shubham/.local/lib/python3.10/site-packages/airflow/example_dags/plugins/listener_plugin.py
[2023-06-18T14:49:10.774+0530] {processor.py:838} WARNING - No viable dags retrieved from /home/shubham/.local/lib/python3.10/site-packages/airflow/example_dags/plugins/listener_plugin.py
[2023-06-18T14:49:10.781+0530] {processor.py:179} INFO - Processing /home/shubham/.local/lib/python3.10/site-packages/airflow/example_dags/plugins/listener_plugin.py took 0.013 seconds
[2023-06-18T14:50:06.189+0530] {processor.py:157} INFO - Started process (PID=4229) to work on /home/shubham/.local/lib/python3.10/site-packages/airflow/example_dags/plugins/listener_plugin.py
[2023-06-18T14:50:06.190+0530] {processor.py:826} INFO - Processing file /home/shubham/.local/lib/python3.10/site-packages/airflow/example_dags/plugins/listener_plugin.py for tasks to queue
[2023-06-18T14:50:06.191+0530] {logging_mixin.py:149} INFO - [2023-06-18T14:50:06.190+0530] {dagbag.py:541} INFO - Filling up the DagBag from /home/shubham/.local/lib/python3.10/site-packages/airflow/example_dags/plugins/listener_plugin.py
[2023-06-18T14:50:06.192+0530] {processor.py:838} WARNING - No viable dags retrieved from /home/shubham/.local/lib/python3.10/site-packages/airflow/example_dags/plugins/listener_plugin.py
[2023-06-18T14:50:06.200+0530] {processor.py:179} INFO - Processing /home/shubham/.local/lib/python3.10/site-packages/airflow/example_dags/plugins/listener_plugin.py took 0.013 seconds
[2023-06-18T14:50:59.678+0530] {processor.py:157} INFO - Started process (PID=4286) to work on /home/shubham/.local/lib/python3.10/site-packages/airflow/example_dags/plugins/listener_plugin.py
[2023-06-18T14:50:59.678+0530] {processor.py:826} INFO - Processing file /home/shubham/.local/lib/python3.10/site-packages/airflow/example_dags/plugins/listener_plugin.py for tasks to queue
[2023-06-18T14:50:59.679+0530] {logging_mixin.py:149} INFO - [2023-06-18T14:50:59.679+0530] {dagbag.py:541} INFO - Filling up the DagBag from /home/shubham/.local/lib/python3.10/site-packages/airflow/example_dags/plugins/listener_plugin.py
[2023-06-18T14:50:59.681+0530] {processor.py:838} WARNING - No viable dags retrieved from /home/shubham/.local/lib/python3.10/site-packages/airflow/example_dags/plugins/listener_plugin.py
[2023-06-18T14:50:59.688+0530] {processor.py:179} INFO - Processing /home/shubham/.local/lib/python3.10/site-packages/airflow/example_dags/plugins/listener_plugin.py took 0.012 seconds
[2023-06-18T14:51:57.710+0530] {processor.py:157} INFO - Started process (PID=4345) to work on /home/shubham/.local/lib/python3.10/site-packages/airflow/example_dags/plugins/listener_plugin.py
[2023-06-18T14:51:57.712+0530] {processor.py:826} INFO - Processing file /home/shubham/.local/lib/python3.10/site-packages/airflow/example_dags/plugins/listener_plugin.py for tasks to queue
[2023-06-18T14:51:57.712+0530] {logging_mixin.py:149} INFO - [2023-06-18T14:51:57.712+0530] {dagbag.py:541} INFO - Filling up the DagBag from /home/shubham/.local/lib/python3.10/site-packages/airflow/example_dags/plugins/listener_plugin.py
[2023-06-18T14:51:57.714+0530] {processor.py:838} WARNING - No viable dags retrieved from /home/shubham/.local/lib/python3.10/site-packages/airflow/example_dags/plugins/listener_plugin.py
[2023-06-18T14:51:57.721+0530] {processor.py:179} INFO - Processing /home/shubham/.local/lib/python3.10/site-packages/airflow/example_dags/plugins/listener_plugin.py took 0.013 seconds
[2023-06-18T14:52:54.862+0530] {processor.py:157} INFO - Started process (PID=4405) to work on /home/shubham/.local/lib/python3.10/site-packages/airflow/example_dags/plugins/listener_plugin.py
[2023-06-18T14:52:54.863+0530] {processor.py:826} INFO - Processing file /home/shubham/.local/lib/python3.10/site-packages/airflow/example_dags/plugins/listener_plugin.py for tasks to queue
[2023-06-18T14:52:54.863+0530] {logging_mixin.py:149} INFO - [2023-06-18T14:52:54.863+0530] {dagbag.py:541} INFO - Filling up the DagBag from /home/shubham/.local/lib/python3.10/site-packages/airflow/example_dags/plugins/listener_plugin.py
[2023-06-18T14:52:54.865+0530] {processor.py:838} WARNING - No viable dags retrieved from /home/shubham/.local/lib/python3.10/site-packages/airflow/example_dags/plugins/listener_plugin.py
[2023-06-18T14:52:54.873+0530] {processor.py:179} INFO - Processing /home/shubham/.local/lib/python3.10/site-packages/airflow/example_dags/plugins/listener_plugin.py took 0.013 seconds
[2023-06-18T14:53:40.014+0530] {processor.py:157} INFO - Started process (PID=4452) to work on /home/shubham/.local/lib/python3.10/site-packages/airflow/example_dags/plugins/listener_plugin.py
[2023-06-18T14:53:40.015+0530] {processor.py:826} INFO - Processing file /home/shubham/.local/lib/python3.10/site-packages/airflow/example_dags/plugins/listener_plugin.py for tasks to queue
[2023-06-18T14:53:40.016+0530] {logging_mixin.py:149} INFO - [2023-06-18T14:53:40.016+0530] {dagbag.py:541} INFO - Filling up the DagBag from /home/shubham/.local/lib/python3.10/site-packages/airflow/example_dags/plugins/listener_plugin.py
[2023-06-18T14:53:40.017+0530] {processor.py:838} WARNING - No viable dags retrieved from /home/shubham/.local/lib/python3.10/site-packages/airflow/example_dags/plugins/listener_plugin.py
[2023-06-18T14:53:40.027+0530] {processor.py:179} INFO - Processing /home/shubham/.local/lib/python3.10/site-packages/airflow/example_dags/plugins/listener_plugin.py took 0.016 seconds
[2023-06-18T14:54:27.110+0530] {processor.py:157} INFO - Started process (PID=4500) to work on /home/shubham/.local/lib/python3.10/site-packages/airflow/example_dags/plugins/listener_plugin.py
[2023-06-18T14:54:27.111+0530] {processor.py:826} INFO - Processing file /home/shubham/.local/lib/python3.10/site-packages/airflow/example_dags/plugins/listener_plugin.py for tasks to queue
[2023-06-18T14:54:27.112+0530] {logging_mixin.py:149} INFO - [2023-06-18T14:54:27.111+0530] {dagbag.py:541} INFO - Filling up the DagBag from /home/shubham/.local/lib/python3.10/site-packages/airflow/example_dags/plugins/listener_plugin.py
[2023-06-18T14:54:27.113+0530] {processor.py:838} WARNING - No viable dags retrieved from /home/shubham/.local/lib/python3.10/site-packages/airflow/example_dags/plugins/listener_plugin.py
[2023-06-18T14:54:27.120+0530] {processor.py:179} INFO - Processing /home/shubham/.local/lib/python3.10/site-packages/airflow/example_dags/plugins/listener_plugin.py took 0.013 seconds
[2023-06-18T14:55:11.365+0530] {processor.py:157} INFO - Started process (PID=4547) to work on /home/shubham/.local/lib/python3.10/site-packages/airflow/example_dags/plugins/listener_plugin.py
[2023-06-18T14:55:11.366+0530] {processor.py:826} INFO - Processing file /home/shubham/.local/lib/python3.10/site-packages/airflow/example_dags/plugins/listener_plugin.py for tasks to queue
[2023-06-18T14:55:11.367+0530] {logging_mixin.py:149} INFO - [2023-06-18T14:55:11.366+0530] {dagbag.py:541} INFO - Filling up the DagBag from /home/shubham/.local/lib/python3.10/site-packages/airflow/example_dags/plugins/listener_plugin.py
[2023-06-18T14:55:11.368+0530] {processor.py:838} WARNING - No viable dags retrieved from /home/shubham/.local/lib/python3.10/site-packages/airflow/example_dags/plugins/listener_plugin.py
[2023-06-18T14:55:11.376+0530] {processor.py:179} INFO - Processing /home/shubham/.local/lib/python3.10/site-packages/airflow/example_dags/plugins/listener_plugin.py took 0.013 seconds
[2023-06-18T14:55:56.418+0530] {processor.py:157} INFO - Started process (PID=4593) to work on /home/shubham/.local/lib/python3.10/site-packages/airflow/example_dags/plugins/listener_plugin.py
[2023-06-18T14:55:56.420+0530] {processor.py:826} INFO - Processing file /home/shubham/.local/lib/python3.10/site-packages/airflow/example_dags/plugins/listener_plugin.py for tasks to queue
[2023-06-18T14:55:56.420+0530] {logging_mixin.py:149} INFO - [2023-06-18T14:55:56.420+0530] {dagbag.py:541} INFO - Filling up the DagBag from /home/shubham/.local/lib/python3.10/site-packages/airflow/example_dags/plugins/listener_plugin.py
[2023-06-18T14:55:56.422+0530] {processor.py:838} WARNING - No viable dags retrieved from /home/shubham/.local/lib/python3.10/site-packages/airflow/example_dags/plugins/listener_plugin.py
[2023-06-18T14:55:56.429+0530] {processor.py:179} INFO - Processing /home/shubham/.local/lib/python3.10/site-packages/airflow/example_dags/plugins/listener_plugin.py took 0.013 seconds
[2023-06-18T14:56:41.094+0530] {processor.py:157} INFO - Started process (PID=4640) to work on /home/shubham/.local/lib/python3.10/site-packages/airflow/example_dags/plugins/listener_plugin.py
[2023-06-18T14:56:41.095+0530] {processor.py:826} INFO - Processing file /home/shubham/.local/lib/python3.10/site-packages/airflow/example_dags/plugins/listener_plugin.py for tasks to queue
[2023-06-18T14:56:41.096+0530] {logging_mixin.py:149} INFO - [2023-06-18T14:56:41.095+0530] {dagbag.py:541} INFO - Filling up the DagBag from /home/shubham/.local/lib/python3.10/site-packages/airflow/example_dags/plugins/listener_plugin.py
[2023-06-18T14:56:41.097+0530] {processor.py:838} WARNING - No viable dags retrieved from /home/shubham/.local/lib/python3.10/site-packages/airflow/example_dags/plugins/listener_plugin.py
[2023-06-18T14:56:41.104+0530] {processor.py:179} INFO - Processing /home/shubham/.local/lib/python3.10/site-packages/airflow/example_dags/plugins/listener_plugin.py took 0.013 seconds
[2023-06-18T14:57:37.348+0530] {processor.py:157} INFO - Started process (PID=4703) to work on /home/shubham/.local/lib/python3.10/site-packages/airflow/example_dags/plugins/listener_plugin.py
[2023-06-18T14:57:37.349+0530] {processor.py:826} INFO - Processing file /home/shubham/.local/lib/python3.10/site-packages/airflow/example_dags/plugins/listener_plugin.py for tasks to queue
[2023-06-18T14:57:37.350+0530] {logging_mixin.py:149} INFO - [2023-06-18T14:57:37.350+0530] {dagbag.py:541} INFO - Filling up the DagBag from /home/shubham/.local/lib/python3.10/site-packages/airflow/example_dags/plugins/listener_plugin.py
[2023-06-18T14:57:37.351+0530] {processor.py:838} WARNING - No viable dags retrieved from /home/shubham/.local/lib/python3.10/site-packages/airflow/example_dags/plugins/listener_plugin.py
[2023-06-18T14:57:37.359+0530] {processor.py:179} INFO - Processing /home/shubham/.local/lib/python3.10/site-packages/airflow/example_dags/plugins/listener_plugin.py took 0.013 seconds
[2023-06-18T14:58:33.739+0530] {processor.py:157} INFO - Started process (PID=4763) to work on /home/shubham/.local/lib/python3.10/site-packages/airflow/example_dags/plugins/listener_plugin.py
[2023-06-18T14:58:33.741+0530] {processor.py:826} INFO - Processing file /home/shubham/.local/lib/python3.10/site-packages/airflow/example_dags/plugins/listener_plugin.py for tasks to queue
[2023-06-18T14:58:33.741+0530] {logging_mixin.py:149} INFO - [2023-06-18T14:58:33.741+0530] {dagbag.py:541} INFO - Filling up the DagBag from /home/shubham/.local/lib/python3.10/site-packages/airflow/example_dags/plugins/listener_plugin.py
[2023-06-18T14:58:33.743+0530] {processor.py:838} WARNING - No viable dags retrieved from /home/shubham/.local/lib/python3.10/site-packages/airflow/example_dags/plugins/listener_plugin.py
[2023-06-18T14:58:33.751+0530] {processor.py:179} INFO - Processing /home/shubham/.local/lib/python3.10/site-packages/airflow/example_dags/plugins/listener_plugin.py took 0.013 seconds
[2023-06-18T14:59:30.810+0530] {processor.py:157} INFO - Started process (PID=4823) to work on /home/shubham/.local/lib/python3.10/site-packages/airflow/example_dags/plugins/listener_plugin.py
[2023-06-18T14:59:30.812+0530] {processor.py:826} INFO - Processing file /home/shubham/.local/lib/python3.10/site-packages/airflow/example_dags/plugins/listener_plugin.py for tasks to queue
[2023-06-18T14:59:30.812+0530] {logging_mixin.py:149} INFO - [2023-06-18T14:59:30.812+0530] {dagbag.py:541} INFO - Filling up the DagBag from /home/shubham/.local/lib/python3.10/site-packages/airflow/example_dags/plugins/listener_plugin.py
[2023-06-18T14:59:30.814+0530] {processor.py:838} WARNING - No viable dags retrieved from /home/shubham/.local/lib/python3.10/site-packages/airflow/example_dags/plugins/listener_plugin.py
[2023-06-18T14:59:30.821+0530] {processor.py:179} INFO - Processing /home/shubham/.local/lib/python3.10/site-packages/airflow/example_dags/plugins/listener_plugin.py took 0.013 seconds
[2023-06-18T15:00:26.259+0530] {processor.py:157} INFO - Started process (PID=4880) to work on /home/shubham/.local/lib/python3.10/site-packages/airflow/example_dags/plugins/listener_plugin.py
[2023-06-18T15:00:26.260+0530] {processor.py:826} INFO - Processing file /home/shubham/.local/lib/python3.10/site-packages/airflow/example_dags/plugins/listener_plugin.py for tasks to queue
[2023-06-18T15:00:26.261+0530] {logging_mixin.py:149} INFO - [2023-06-18T15:00:26.261+0530] {dagbag.py:541} INFO - Filling up the DagBag from /home/shubham/.local/lib/python3.10/site-packages/airflow/example_dags/plugins/listener_plugin.py
[2023-06-18T15:00:26.262+0530] {processor.py:838} WARNING - No viable dags retrieved from /home/shubham/.local/lib/python3.10/site-packages/airflow/example_dags/plugins/listener_plugin.py
[2023-06-18T15:00:26.270+0530] {processor.py:179} INFO - Processing /home/shubham/.local/lib/python3.10/site-packages/airflow/example_dags/plugins/listener_plugin.py took 0.014 seconds
[2023-06-18T15:01:14.282+0530] {processor.py:157} INFO - Started process (PID=4930) to work on /home/shubham/.local/lib/python3.10/site-packages/airflow/example_dags/plugins/listener_plugin.py
[2023-06-18T15:01:14.283+0530] {processor.py:826} INFO - Processing file /home/shubham/.local/lib/python3.10/site-packages/airflow/example_dags/plugins/listener_plugin.py for tasks to queue
[2023-06-18T15:01:14.284+0530] {logging_mixin.py:149} INFO - [2023-06-18T15:01:14.284+0530] {dagbag.py:541} INFO - Filling up the DagBag from /home/shubham/.local/lib/python3.10/site-packages/airflow/example_dags/plugins/listener_plugin.py
[2023-06-18T15:01:14.286+0530] {processor.py:838} WARNING - No viable dags retrieved from /home/shubham/.local/lib/python3.10/site-packages/airflow/example_dags/plugins/listener_plugin.py
[2023-06-18T15:01:14.293+0530] {processor.py:179} INFO - Processing /home/shubham/.local/lib/python3.10/site-packages/airflow/example_dags/plugins/listener_plugin.py took 0.013 seconds
[2023-06-18T15:01:59.670+0530] {processor.py:157} INFO - Started process (PID=4976) to work on /home/shubham/.local/lib/python3.10/site-packages/airflow/example_dags/plugins/listener_plugin.py
[2023-06-18T15:01:59.671+0530] {processor.py:826} INFO - Processing file /home/shubham/.local/lib/python3.10/site-packages/airflow/example_dags/plugins/listener_plugin.py for tasks to queue
[2023-06-18T15:01:59.672+0530] {logging_mixin.py:149} INFO - [2023-06-18T15:01:59.672+0530] {dagbag.py:541} INFO - Filling up the DagBag from /home/shubham/.local/lib/python3.10/site-packages/airflow/example_dags/plugins/listener_plugin.py
[2023-06-18T15:01:59.674+0530] {processor.py:838} WARNING - No viable dags retrieved from /home/shubham/.local/lib/python3.10/site-packages/airflow/example_dags/plugins/listener_plugin.py
[2023-06-18T15:01:59.681+0530] {processor.py:179} INFO - Processing /home/shubham/.local/lib/python3.10/site-packages/airflow/example_dags/plugins/listener_plugin.py took 0.013 seconds
[2023-06-18T15:02:41.779+0530] {processor.py:157} INFO - Started process (PID=5022) to work on /home/shubham/.local/lib/python3.10/site-packages/airflow/example_dags/plugins/listener_plugin.py
[2023-06-18T15:02:41.780+0530] {processor.py:826} INFO - Processing file /home/shubham/.local/lib/python3.10/site-packages/airflow/example_dags/plugins/listener_plugin.py for tasks to queue
[2023-06-18T15:02:41.781+0530] {logging_mixin.py:149} INFO - [2023-06-18T15:02:41.781+0530] {dagbag.py:541} INFO - Filling up the DagBag from /home/shubham/.local/lib/python3.10/site-packages/airflow/example_dags/plugins/listener_plugin.py
[2023-06-18T15:02:41.782+0530] {processor.py:838} WARNING - No viable dags retrieved from /home/shubham/.local/lib/python3.10/site-packages/airflow/example_dags/plugins/listener_plugin.py
[2023-06-18T15:02:41.790+0530] {processor.py:179} INFO - Processing /home/shubham/.local/lib/python3.10/site-packages/airflow/example_dags/plugins/listener_plugin.py took 0.013 seconds
[2023-06-18T15:03:39.371+0530] {processor.py:157} INFO - Started process (PID=5082) to work on /home/shubham/.local/lib/python3.10/site-packages/airflow/example_dags/plugins/listener_plugin.py
[2023-06-18T15:03:39.372+0530] {processor.py:826} INFO - Processing file /home/shubham/.local/lib/python3.10/site-packages/airflow/example_dags/plugins/listener_plugin.py for tasks to queue
[2023-06-18T15:03:39.373+0530] {logging_mixin.py:149} INFO - [2023-06-18T15:03:39.373+0530] {dagbag.py:541} INFO - Filling up the DagBag from /home/shubham/.local/lib/python3.10/site-packages/airflow/example_dags/plugins/listener_plugin.py
[2023-06-18T15:03:39.374+0530] {processor.py:838} WARNING - No viable dags retrieved from /home/shubham/.local/lib/python3.10/site-packages/airflow/example_dags/plugins/listener_plugin.py
[2023-06-18T15:03:39.382+0530] {processor.py:179} INFO - Processing /home/shubham/.local/lib/python3.10/site-packages/airflow/example_dags/plugins/listener_plugin.py took 0.013 seconds
[2023-06-18T15:04:25.535+0530] {processor.py:157} INFO - Started process (PID=5129) to work on /home/shubham/.local/lib/python3.10/site-packages/airflow/example_dags/plugins/listener_plugin.py
[2023-06-18T15:04:25.536+0530] {processor.py:826} INFO - Processing file /home/shubham/.local/lib/python3.10/site-packages/airflow/example_dags/plugins/listener_plugin.py for tasks to queue
[2023-06-18T15:04:25.536+0530] {logging_mixin.py:149} INFO - [2023-06-18T15:04:25.536+0530] {dagbag.py:541} INFO - Filling up the DagBag from /home/shubham/.local/lib/python3.10/site-packages/airflow/example_dags/plugins/listener_plugin.py
[2023-06-18T15:04:25.538+0530] {processor.py:838} WARNING - No viable dags retrieved from /home/shubham/.local/lib/python3.10/site-packages/airflow/example_dags/plugins/listener_plugin.py
[2023-06-18T15:04:25.545+0530] {processor.py:179} INFO - Processing /home/shubham/.local/lib/python3.10/site-packages/airflow/example_dags/plugins/listener_plugin.py took 0.013 seconds
[2023-06-18T15:05:24.279+0530] {processor.py:157} INFO - Started process (PID=5190) to work on /home/shubham/.local/lib/python3.10/site-packages/airflow/example_dags/plugins/listener_plugin.py
[2023-06-18T15:05:24.281+0530] {processor.py:826} INFO - Processing file /home/shubham/.local/lib/python3.10/site-packages/airflow/example_dags/plugins/listener_plugin.py for tasks to queue
[2023-06-18T15:05:24.281+0530] {logging_mixin.py:149} INFO - [2023-06-18T15:05:24.281+0530] {dagbag.py:541} INFO - Filling up the DagBag from /home/shubham/.local/lib/python3.10/site-packages/airflow/example_dags/plugins/listener_plugin.py
[2023-06-18T15:05:24.283+0530] {processor.py:838} WARNING - No viable dags retrieved from /home/shubham/.local/lib/python3.10/site-packages/airflow/example_dags/plugins/listener_plugin.py
[2023-06-18T15:05:24.290+0530] {processor.py:179} INFO - Processing /home/shubham/.local/lib/python3.10/site-packages/airflow/example_dags/plugins/listener_plugin.py took 0.013 seconds
[2023-06-18T15:06:19.479+0530] {processor.py:157} INFO - Started process (PID=5248) to work on /home/shubham/.local/lib/python3.10/site-packages/airflow/example_dags/plugins/listener_plugin.py
[2023-06-18T15:06:19.481+0530] {processor.py:826} INFO - Processing file /home/shubham/.local/lib/python3.10/site-packages/airflow/example_dags/plugins/listener_plugin.py for tasks to queue
[2023-06-18T15:06:19.481+0530] {logging_mixin.py:149} INFO - [2023-06-18T15:06:19.481+0530] {dagbag.py:541} INFO - Filling up the DagBag from /home/shubham/.local/lib/python3.10/site-packages/airflow/example_dags/plugins/listener_plugin.py
[2023-06-18T15:06:19.483+0530] {processor.py:838} WARNING - No viable dags retrieved from /home/shubham/.local/lib/python3.10/site-packages/airflow/example_dags/plugins/listener_plugin.py
[2023-06-18T15:06:19.490+0530] {processor.py:179} INFO - Processing /home/shubham/.local/lib/python3.10/site-packages/airflow/example_dags/plugins/listener_plugin.py took 0.013 seconds
[2023-06-18T15:07:09.150+0530] {processor.py:157} INFO - Started process (PID=5297) to work on /home/shubham/.local/lib/python3.10/site-packages/airflow/example_dags/plugins/listener_plugin.py
[2023-06-18T15:07:09.153+0530] {processor.py:826} INFO - Processing file /home/shubham/.local/lib/python3.10/site-packages/airflow/example_dags/plugins/listener_plugin.py for tasks to queue
[2023-06-18T15:07:09.154+0530] {logging_mixin.py:149} INFO - [2023-06-18T15:07:09.153+0530] {dagbag.py:541} INFO - Filling up the DagBag from /home/shubham/.local/lib/python3.10/site-packages/airflow/example_dags/plugins/listener_plugin.py
[2023-06-18T15:07:09.155+0530] {processor.py:838} WARNING - No viable dags retrieved from /home/shubham/.local/lib/python3.10/site-packages/airflow/example_dags/plugins/listener_plugin.py
[2023-06-18T15:07:09.164+0530] {processor.py:179} INFO - Processing /home/shubham/.local/lib/python3.10/site-packages/airflow/example_dags/plugins/listener_plugin.py took 0.017 seconds
[2023-06-18T15:07:56.595+0530] {processor.py:157} INFO - Started process (PID=5345) to work on /home/shubham/.local/lib/python3.10/site-packages/airflow/example_dags/plugins/listener_plugin.py
[2023-06-18T15:07:56.597+0530] {processor.py:826} INFO - Processing file /home/shubham/.local/lib/python3.10/site-packages/airflow/example_dags/plugins/listener_plugin.py for tasks to queue
[2023-06-18T15:07:56.597+0530] {logging_mixin.py:149} INFO - [2023-06-18T15:07:56.597+0530] {dagbag.py:541} INFO - Filling up the DagBag from /home/shubham/.local/lib/python3.10/site-packages/airflow/example_dags/plugins/listener_plugin.py
[2023-06-18T15:07:56.600+0530] {processor.py:838} WARNING - No viable dags retrieved from /home/shubham/.local/lib/python3.10/site-packages/airflow/example_dags/plugins/listener_plugin.py
[2023-06-18T15:07:56.610+0530] {processor.py:179} INFO - Processing /home/shubham/.local/lib/python3.10/site-packages/airflow/example_dags/plugins/listener_plugin.py took 0.018 seconds
[2023-06-18T15:08:40.095+0530] {processor.py:157} INFO - Started process (PID=5391) to work on /home/shubham/.local/lib/python3.10/site-packages/airflow/example_dags/plugins/listener_plugin.py
[2023-06-18T15:08:40.097+0530] {processor.py:826} INFO - Processing file /home/shubham/.local/lib/python3.10/site-packages/airflow/example_dags/plugins/listener_plugin.py for tasks to queue
[2023-06-18T15:08:40.098+0530] {logging_mixin.py:149} INFO - [2023-06-18T15:08:40.098+0530] {dagbag.py:541} INFO - Filling up the DagBag from /home/shubham/.local/lib/python3.10/site-packages/airflow/example_dags/plugins/listener_plugin.py
[2023-06-18T15:08:40.100+0530] {processor.py:838} WARNING - No viable dags retrieved from /home/shubham/.local/lib/python3.10/site-packages/airflow/example_dags/plugins/listener_plugin.py
[2023-06-18T15:08:40.110+0530] {processor.py:179} INFO - Processing /home/shubham/.local/lib/python3.10/site-packages/airflow/example_dags/plugins/listener_plugin.py took 0.017 seconds
[2023-06-18T15:09:24.112+0530] {processor.py:157} INFO - Started process (PID=5438) to work on /home/shubham/.local/lib/python3.10/site-packages/airflow/example_dags/plugins/listener_plugin.py
[2023-06-18T15:09:24.114+0530] {processor.py:826} INFO - Processing file /home/shubham/.local/lib/python3.10/site-packages/airflow/example_dags/plugins/listener_plugin.py for tasks to queue
[2023-06-18T15:09:24.115+0530] {logging_mixin.py:149} INFO - [2023-06-18T15:09:24.115+0530] {dagbag.py:541} INFO - Filling up the DagBag from /home/shubham/.local/lib/python3.10/site-packages/airflow/example_dags/plugins/listener_plugin.py
[2023-06-18T15:09:24.116+0530] {processor.py:838} WARNING - No viable dags retrieved from /home/shubham/.local/lib/python3.10/site-packages/airflow/example_dags/plugins/listener_plugin.py
[2023-06-18T15:09:24.125+0530] {processor.py:179} INFO - Processing /home/shubham/.local/lib/python3.10/site-packages/airflow/example_dags/plugins/listener_plugin.py took 0.017 seconds
[2023-06-18T15:10:23.269+0530] {processor.py:157} INFO - Started process (PID=5499) to work on /home/shubham/.local/lib/python3.10/site-packages/airflow/example_dags/plugins/listener_plugin.py
[2023-06-18T15:10:23.271+0530] {processor.py:826} INFO - Processing file /home/shubham/.local/lib/python3.10/site-packages/airflow/example_dags/plugins/listener_plugin.py for tasks to queue
[2023-06-18T15:10:23.272+0530] {logging_mixin.py:149} INFO - [2023-06-18T15:10:23.272+0530] {dagbag.py:541} INFO - Filling up the DagBag from /home/shubham/.local/lib/python3.10/site-packages/airflow/example_dags/plugins/listener_plugin.py
[2023-06-18T15:10:23.274+0530] {processor.py:838} WARNING - No viable dags retrieved from /home/shubham/.local/lib/python3.10/site-packages/airflow/example_dags/plugins/listener_plugin.py
[2023-06-18T15:10:23.285+0530] {processor.py:179} INFO - Processing /home/shubham/.local/lib/python3.10/site-packages/airflow/example_dags/plugins/listener_plugin.py took 0.019 seconds
[2023-06-18T15:11:19.909+0530] {processor.py:157} INFO - Started process (PID=5557) to work on /home/shubham/.local/lib/python3.10/site-packages/airflow/example_dags/plugins/listener_plugin.py
[2023-06-18T15:11:19.912+0530] {processor.py:826} INFO - Processing file /home/shubham/.local/lib/python3.10/site-packages/airflow/example_dags/plugins/listener_plugin.py for tasks to queue
[2023-06-18T15:11:19.912+0530] {logging_mixin.py:149} INFO - [2023-06-18T15:11:19.912+0530] {dagbag.py:541} INFO - Filling up the DagBag from /home/shubham/.local/lib/python3.10/site-packages/airflow/example_dags/plugins/listener_plugin.py
[2023-06-18T15:11:19.915+0530] {processor.py:838} WARNING - No viable dags retrieved from /home/shubham/.local/lib/python3.10/site-packages/airflow/example_dags/plugins/listener_plugin.py
[2023-06-18T15:11:19.927+0530] {processor.py:179} INFO - Processing /home/shubham/.local/lib/python3.10/site-packages/airflow/example_dags/plugins/listener_plugin.py took 0.021 seconds
[2023-06-18T15:12:15.915+0530] {processor.py:157} INFO - Started process (PID=5616) to work on /home/shubham/.local/lib/python3.10/site-packages/airflow/example_dags/plugins/listener_plugin.py
[2023-06-18T15:12:15.917+0530] {processor.py:826} INFO - Processing file /home/shubham/.local/lib/python3.10/site-packages/airflow/example_dags/plugins/listener_plugin.py for tasks to queue
[2023-06-18T15:12:15.918+0530] {logging_mixin.py:149} INFO - [2023-06-18T15:12:15.918+0530] {dagbag.py:541} INFO - Filling up the DagBag from /home/shubham/.local/lib/python3.10/site-packages/airflow/example_dags/plugins/listener_plugin.py
[2023-06-18T15:12:15.920+0530] {processor.py:838} WARNING - No viable dags retrieved from /home/shubham/.local/lib/python3.10/site-packages/airflow/example_dags/plugins/listener_plugin.py
[2023-06-18T15:12:15.929+0530] {processor.py:179} INFO - Processing /home/shubham/.local/lib/python3.10/site-packages/airflow/example_dags/plugins/listener_plugin.py took 0.017 seconds
[2023-06-18T15:13:10.356+0530] {processor.py:157} INFO - Started process (PID=5674) to work on /home/shubham/.local/lib/python3.10/site-packages/airflow/example_dags/plugins/listener_plugin.py
[2023-06-18T15:13:10.358+0530] {processor.py:826} INFO - Processing file /home/shubham/.local/lib/python3.10/site-packages/airflow/example_dags/plugins/listener_plugin.py for tasks to queue
[2023-06-18T15:13:10.359+0530] {logging_mixin.py:149} INFO - [2023-06-18T15:13:10.359+0530] {dagbag.py:541} INFO - Filling up the DagBag from /home/shubham/.local/lib/python3.10/site-packages/airflow/example_dags/plugins/listener_plugin.py
[2023-06-18T15:13:10.361+0530] {processor.py:838} WARNING - No viable dags retrieved from /home/shubham/.local/lib/python3.10/site-packages/airflow/example_dags/plugins/listener_plugin.py
[2023-06-18T15:13:10.372+0530] {processor.py:179} INFO - Processing /home/shubham/.local/lib/python3.10/site-packages/airflow/example_dags/plugins/listener_plugin.py took 0.019 seconds
[2023-06-18T15:14:06.003+0530] {processor.py:157} INFO - Started process (PID=5732) to work on /home/shubham/.local/lib/python3.10/site-packages/airflow/example_dags/plugins/listener_plugin.py
[2023-06-18T15:14:06.005+0530] {processor.py:826} INFO - Processing file /home/shubham/.local/lib/python3.10/site-packages/airflow/example_dags/plugins/listener_plugin.py for tasks to queue
[2023-06-18T15:14:06.005+0530] {logging_mixin.py:149} INFO - [2023-06-18T15:14:06.005+0530] {dagbag.py:541} INFO - Filling up the DagBag from /home/shubham/.local/lib/python3.10/site-packages/airflow/example_dags/plugins/listener_plugin.py
[2023-06-18T15:14:06.008+0530] {processor.py:838} WARNING - No viable dags retrieved from /home/shubham/.local/lib/python3.10/site-packages/airflow/example_dags/plugins/listener_plugin.py
[2023-06-18T15:14:06.017+0530] {processor.py:179} INFO - Processing /home/shubham/.local/lib/python3.10/site-packages/airflow/example_dags/plugins/listener_plugin.py took 0.017 seconds
[2023-06-18T15:14:52.188+0530] {processor.py:157} INFO - Started process (PID=5780) to work on /home/shubham/.local/lib/python3.10/site-packages/airflow/example_dags/plugins/listener_plugin.py
[2023-06-18T15:14:52.189+0530] {processor.py:826} INFO - Processing file /home/shubham/.local/lib/python3.10/site-packages/airflow/example_dags/plugins/listener_plugin.py for tasks to queue
[2023-06-18T15:14:52.190+0530] {logging_mixin.py:149} INFO - [2023-06-18T15:14:52.190+0530] {dagbag.py:541} INFO - Filling up the DagBag from /home/shubham/.local/lib/python3.10/site-packages/airflow/example_dags/plugins/listener_plugin.py
[2023-06-18T15:14:52.192+0530] {processor.py:838} WARNING - No viable dags retrieved from /home/shubham/.local/lib/python3.10/site-packages/airflow/example_dags/plugins/listener_plugin.py
[2023-06-18T15:14:52.203+0530] {processor.py:179} INFO - Processing /home/shubham/.local/lib/python3.10/site-packages/airflow/example_dags/plugins/listener_plugin.py took 0.019 seconds
[2023-06-18T15:15:38.610+0530] {processor.py:157} INFO - Started process (PID=5827) to work on /home/shubham/.local/lib/python3.10/site-packages/airflow/example_dags/plugins/listener_plugin.py
[2023-06-18T15:15:38.612+0530] {processor.py:826} INFO - Processing file /home/shubham/.local/lib/python3.10/site-packages/airflow/example_dags/plugins/listener_plugin.py for tasks to queue
[2023-06-18T15:15:38.613+0530] {logging_mixin.py:149} INFO - [2023-06-18T15:15:38.612+0530] {dagbag.py:541} INFO - Filling up the DagBag from /home/shubham/.local/lib/python3.10/site-packages/airflow/example_dags/plugins/listener_plugin.py
[2023-06-18T15:15:38.615+0530] {processor.py:838} WARNING - No viable dags retrieved from /home/shubham/.local/lib/python3.10/site-packages/airflow/example_dags/plugins/listener_plugin.py
[2023-06-18T15:15:38.625+0530] {processor.py:179} INFO - Processing /home/shubham/.local/lib/python3.10/site-packages/airflow/example_dags/plugins/listener_plugin.py took 0.018 seconds
[2023-06-18T15:16:23.607+0530] {processor.py:157} INFO - Started process (PID=5873) to work on /home/shubham/.local/lib/python3.10/site-packages/airflow/example_dags/plugins/listener_plugin.py
[2023-06-18T15:16:23.609+0530] {processor.py:826} INFO - Processing file /home/shubham/.local/lib/python3.10/site-packages/airflow/example_dags/plugins/listener_plugin.py for tasks to queue
[2023-06-18T15:16:23.609+0530] {logging_mixin.py:149} INFO - [2023-06-18T15:16:23.609+0530] {dagbag.py:541} INFO - Filling up the DagBag from /home/shubham/.local/lib/python3.10/site-packages/airflow/example_dags/plugins/listener_plugin.py
[2023-06-18T15:16:23.612+0530] {processor.py:838} WARNING - No viable dags retrieved from /home/shubham/.local/lib/python3.10/site-packages/airflow/example_dags/plugins/listener_plugin.py
[2023-06-18T15:16:23.623+0530] {processor.py:179} INFO - Processing /home/shubham/.local/lib/python3.10/site-packages/airflow/example_dags/plugins/listener_plugin.py took 0.019 seconds
[2023-06-18T15:17:20.319+0530] {processor.py:157} INFO - Started process (PID=5933) to work on /home/shubham/.local/lib/python3.10/site-packages/airflow/example_dags/plugins/listener_plugin.py
[2023-06-18T15:17:20.321+0530] {processor.py:826} INFO - Processing file /home/shubham/.local/lib/python3.10/site-packages/airflow/example_dags/plugins/listener_plugin.py for tasks to queue
[2023-06-18T15:17:20.322+0530] {logging_mixin.py:149} INFO - [2023-06-18T15:17:20.322+0530] {dagbag.py:541} INFO - Filling up the DagBag from /home/shubham/.local/lib/python3.10/site-packages/airflow/example_dags/plugins/listener_plugin.py
[2023-06-18T15:17:20.324+0530] {processor.py:838} WARNING - No viable dags retrieved from /home/shubham/.local/lib/python3.10/site-packages/airflow/example_dags/plugins/listener_plugin.py
[2023-06-18T15:17:20.334+0530] {processor.py:179} INFO - Processing /home/shubham/.local/lib/python3.10/site-packages/airflow/example_dags/plugins/listener_plugin.py took 0.019 seconds
[2023-06-18T15:18:03.878+0530] {processor.py:157} INFO - Started process (PID=5979) to work on /home/shubham/.local/lib/python3.10/site-packages/airflow/example_dags/plugins/listener_plugin.py
[2023-06-18T15:18:03.880+0530] {processor.py:826} INFO - Processing file /home/shubham/.local/lib/python3.10/site-packages/airflow/example_dags/plugins/listener_plugin.py for tasks to queue
[2023-06-18T15:18:03.881+0530] {logging_mixin.py:149} INFO - [2023-06-18T15:18:03.881+0530] {dagbag.py:541} INFO - Filling up the DagBag from /home/shubham/.local/lib/python3.10/site-packages/airflow/example_dags/plugins/listener_plugin.py
[2023-06-18T15:18:03.882+0530] {processor.py:838} WARNING - No viable dags retrieved from /home/shubham/.local/lib/python3.10/site-packages/airflow/example_dags/plugins/listener_plugin.py
[2023-06-18T15:18:03.892+0530] {processor.py:179} INFO - Processing /home/shubham/.local/lib/python3.10/site-packages/airflow/example_dags/plugins/listener_plugin.py took 0.017 seconds
[2023-06-18T15:19:02.920+0530] {processor.py:157} INFO - Started process (PID=6040) to work on /home/shubham/.local/lib/python3.10/site-packages/airflow/example_dags/plugins/listener_plugin.py
[2023-06-18T15:19:02.923+0530] {processor.py:826} INFO - Processing file /home/shubham/.local/lib/python3.10/site-packages/airflow/example_dags/plugins/listener_plugin.py for tasks to queue
[2023-06-18T15:19:02.923+0530] {logging_mixin.py:149} INFO - [2023-06-18T15:19:02.923+0530] {dagbag.py:541} INFO - Filling up the DagBag from /home/shubham/.local/lib/python3.10/site-packages/airflow/example_dags/plugins/listener_plugin.py
[2023-06-18T15:19:02.925+0530] {processor.py:838} WARNING - No viable dags retrieved from /home/shubham/.local/lib/python3.10/site-packages/airflow/example_dags/plugins/listener_plugin.py
[2023-06-18T15:19:02.935+0530] {processor.py:179} INFO - Processing /home/shubham/.local/lib/python3.10/site-packages/airflow/example_dags/plugins/listener_plugin.py took 0.018 seconds
[2023-06-18T15:19:46.956+0530] {processor.py:157} INFO - Started process (PID=6086) to work on /home/shubham/.local/lib/python3.10/site-packages/airflow/example_dags/plugins/listener_plugin.py
[2023-06-18T15:19:46.958+0530] {processor.py:826} INFO - Processing file /home/shubham/.local/lib/python3.10/site-packages/airflow/example_dags/plugins/listener_plugin.py for tasks to queue
[2023-06-18T15:19:46.959+0530] {logging_mixin.py:149} INFO - [2023-06-18T15:19:46.959+0530] {dagbag.py:541} INFO - Filling up the DagBag from /home/shubham/.local/lib/python3.10/site-packages/airflow/example_dags/plugins/listener_plugin.py
[2023-06-18T15:19:46.961+0530] {processor.py:838} WARNING - No viable dags retrieved from /home/shubham/.local/lib/python3.10/site-packages/airflow/example_dags/plugins/listener_plugin.py
[2023-06-18T15:19:46.970+0530] {processor.py:179} INFO - Processing /home/shubham/.local/lib/python3.10/site-packages/airflow/example_dags/plugins/listener_plugin.py took 0.017 seconds
[2023-06-18T15:20:50.101+0530] {processor.py:157} INFO - Started process (PID=6148) to work on /home/shubham/.local/lib/python3.10/site-packages/airflow/example_dags/plugins/listener_plugin.py
[2023-06-18T15:20:50.107+0530] {processor.py:826} INFO - Processing file /home/shubham/.local/lib/python3.10/site-packages/airflow/example_dags/plugins/listener_plugin.py for tasks to queue
[2023-06-18T15:20:50.110+0530] {logging_mixin.py:149} INFO - [2023-06-18T15:20:50.109+0530] {dagbag.py:541} INFO - Filling up the DagBag from /home/shubham/.local/lib/python3.10/site-packages/airflow/example_dags/plugins/listener_plugin.py
[2023-06-18T15:20:50.118+0530] {processor.py:838} WARNING - No viable dags retrieved from /home/shubham/.local/lib/python3.10/site-packages/airflow/example_dags/plugins/listener_plugin.py
[2023-06-18T15:20:50.155+0530] {processor.py:179} INFO - Processing /home/shubham/.local/lib/python3.10/site-packages/airflow/example_dags/plugins/listener_plugin.py took 0.070 seconds
[2023-06-18T15:47:33.739+0530] {processor.py:157} INFO - Started process (PID=6377) to work on /home/shubham/.local/lib/python3.10/site-packages/airflow/example_dags/plugins/listener_plugin.py
[2023-06-18T15:47:33.741+0530] {processor.py:826} INFO - Processing file /home/shubham/.local/lib/python3.10/site-packages/airflow/example_dags/plugins/listener_plugin.py for tasks to queue
[2023-06-18T15:47:33.742+0530] {logging_mixin.py:149} INFO - [2023-06-18T15:47:33.741+0530] {dagbag.py:541} INFO - Filling up the DagBag from /home/shubham/.local/lib/python3.10/site-packages/airflow/example_dags/plugins/listener_plugin.py
[2023-06-18T15:47:33.744+0530] {processor.py:838} WARNING - No viable dags retrieved from /home/shubham/.local/lib/python3.10/site-packages/airflow/example_dags/plugins/listener_plugin.py
[2023-06-18T15:47:33.755+0530] {processor.py:179} INFO - Processing /home/shubham/.local/lib/python3.10/site-packages/airflow/example_dags/plugins/listener_plugin.py took 0.019 seconds
[2023-06-18T15:48:19.670+0530] {processor.py:157} INFO - Started process (PID=6425) to work on /home/shubham/.local/lib/python3.10/site-packages/airflow/example_dags/plugins/listener_plugin.py
[2023-06-18T15:48:19.671+0530] {processor.py:826} INFO - Processing file /home/shubham/.local/lib/python3.10/site-packages/airflow/example_dags/plugins/listener_plugin.py for tasks to queue
[2023-06-18T15:48:19.672+0530] {logging_mixin.py:149} INFO - [2023-06-18T15:48:19.672+0530] {dagbag.py:541} INFO - Filling up the DagBag from /home/shubham/.local/lib/python3.10/site-packages/airflow/example_dags/plugins/listener_plugin.py
[2023-06-18T15:48:19.674+0530] {processor.py:838} WARNING - No viable dags retrieved from /home/shubham/.local/lib/python3.10/site-packages/airflow/example_dags/plugins/listener_plugin.py
[2023-06-18T15:48:19.685+0530] {processor.py:179} INFO - Processing /home/shubham/.local/lib/python3.10/site-packages/airflow/example_dags/plugins/listener_plugin.py took 0.018 seconds
