[2023-06-18T13:45:02.409+0530] {processor.py:157} INFO - Started process (PID=125) to work on /home/shubham/.local/lib/python3.10/site-packages/airflow/example_dags/example_setup_teardown_taskflow.py
[2023-06-18T13:45:02.410+0530] {processor.py:826} INFO - Processing file /home/shubham/.local/lib/python3.10/site-packages/airflow/example_dags/example_setup_teardown_taskflow.py for tasks to queue
[2023-06-18T13:45:02.411+0530] {logging_mixin.py:149} INFO - [2023-06-18T13:45:02.410+0530] {dagbag.py:541} INFO - Filling up the DagBag from /home/shubham/.local/lib/python3.10/site-packages/airflow/example_dags/example_setup_teardown_taskflow.py
[2023-06-18T13:45:02.412+0530] {processor.py:838} WARNING - No viable dags retrieved from /home/shubham/.local/lib/python3.10/site-packages/airflow/example_dags/example_setup_teardown_taskflow.py
[2023-06-18T13:45:02.419+0530] {processor.py:179} INFO - Processing /home/shubham/.local/lib/python3.10/site-packages/airflow/example_dags/example_setup_teardown_taskflow.py took 0.012 seconds
[2023-06-18T13:45:45.018+0530] {processor.py:157} INFO - Started process (PID=171) to work on /home/shubham/.local/lib/python3.10/site-packages/airflow/example_dags/example_setup_teardown_taskflow.py
[2023-06-18T13:45:45.020+0530] {processor.py:826} INFO - Processing file /home/shubham/.local/lib/python3.10/site-packages/airflow/example_dags/example_setup_teardown_taskflow.py for tasks to queue
[2023-06-18T13:45:45.020+0530] {logging_mixin.py:149} INFO - [2023-06-18T13:45:45.020+0530] {dagbag.py:541} INFO - Filling up the DagBag from /home/shubham/.local/lib/python3.10/site-packages/airflow/example_dags/example_setup_teardown_taskflow.py
[2023-06-18T13:45:45.021+0530] {processor.py:838} WARNING - No viable dags retrieved from /home/shubham/.local/lib/python3.10/site-packages/airflow/example_dags/example_setup_teardown_taskflow.py
[2023-06-18T13:45:45.028+0530] {processor.py:179} INFO - Processing /home/shubham/.local/lib/python3.10/site-packages/airflow/example_dags/example_setup_teardown_taskflow.py took 0.012 seconds
[2023-06-18T13:46:31.341+0530] {processor.py:157} INFO - Started process (PID=217) to work on /home/shubham/.local/lib/python3.10/site-packages/airflow/example_dags/example_setup_teardown_taskflow.py
[2023-06-18T13:46:31.343+0530] {processor.py:826} INFO - Processing file /home/shubham/.local/lib/python3.10/site-packages/airflow/example_dags/example_setup_teardown_taskflow.py for tasks to queue
[2023-06-18T13:46:31.343+0530] {logging_mixin.py:149} INFO - [2023-06-18T13:46:31.343+0530] {dagbag.py:541} INFO - Filling up the DagBag from /home/shubham/.local/lib/python3.10/site-packages/airflow/example_dags/example_setup_teardown_taskflow.py
[2023-06-18T13:46:31.345+0530] {processor.py:838} WARNING - No viable dags retrieved from /home/shubham/.local/lib/python3.10/site-packages/airflow/example_dags/example_setup_teardown_taskflow.py
[2023-06-18T13:46:31.353+0530] {processor.py:179} INFO - Processing /home/shubham/.local/lib/python3.10/site-packages/airflow/example_dags/example_setup_teardown_taskflow.py took 0.014 seconds
[2023-06-18T13:47:17.374+0530] {processor.py:157} INFO - Started process (PID=265) to work on /home/shubham/.local/lib/python3.10/site-packages/airflow/example_dags/example_setup_teardown_taskflow.py
[2023-06-18T13:47:17.375+0530] {processor.py:826} INFO - Processing file /home/shubham/.local/lib/python3.10/site-packages/airflow/example_dags/example_setup_teardown_taskflow.py for tasks to queue
[2023-06-18T13:47:17.376+0530] {logging_mixin.py:149} INFO - [2023-06-18T13:47:17.376+0530] {dagbag.py:541} INFO - Filling up the DagBag from /home/shubham/.local/lib/python3.10/site-packages/airflow/example_dags/example_setup_teardown_taskflow.py
[2023-06-18T13:47:17.377+0530] {processor.py:838} WARNING - No viable dags retrieved from /home/shubham/.local/lib/python3.10/site-packages/airflow/example_dags/example_setup_teardown_taskflow.py
[2023-06-18T13:47:17.385+0530] {processor.py:179} INFO - Processing /home/shubham/.local/lib/python3.10/site-packages/airflow/example_dags/example_setup_teardown_taskflow.py took 0.013 seconds
[2023-06-18T13:52:06.585+0530] {processor.py:157} INFO - Started process (PID=454) to work on /home/shubham/.local/lib/python3.10/site-packages/airflow/example_dags/example_setup_teardown_taskflow.py
[2023-06-18T13:52:06.586+0530] {processor.py:826} INFO - Processing file /home/shubham/.local/lib/python3.10/site-packages/airflow/example_dags/example_setup_teardown_taskflow.py for tasks to queue
[2023-06-18T13:52:06.587+0530] {logging_mixin.py:149} INFO - [2023-06-18T13:52:06.586+0530] {dagbag.py:541} INFO - Filling up the DagBag from /home/shubham/.local/lib/python3.10/site-packages/airflow/example_dags/example_setup_teardown_taskflow.py
[2023-06-18T13:52:06.588+0530] {processor.py:838} WARNING - No viable dags retrieved from /home/shubham/.local/lib/python3.10/site-packages/airflow/example_dags/example_setup_teardown_taskflow.py
[2023-06-18T13:52:06.595+0530] {processor.py:179} INFO - Processing /home/shubham/.local/lib/python3.10/site-packages/airflow/example_dags/example_setup_teardown_taskflow.py took 0.012 seconds
[2023-06-18T13:52:50.694+0530] {processor.py:157} INFO - Started process (PID=500) to work on /home/shubham/.local/lib/python3.10/site-packages/airflow/example_dags/example_setup_teardown_taskflow.py
[2023-06-18T13:52:50.695+0530] {processor.py:826} INFO - Processing file /home/shubham/.local/lib/python3.10/site-packages/airflow/example_dags/example_setup_teardown_taskflow.py for tasks to queue
[2023-06-18T13:52:50.696+0530] {logging_mixin.py:149} INFO - [2023-06-18T13:52:50.695+0530] {dagbag.py:541} INFO - Filling up the DagBag from /home/shubham/.local/lib/python3.10/site-packages/airflow/example_dags/example_setup_teardown_taskflow.py
[2023-06-18T13:52:50.697+0530] {processor.py:838} WARNING - No viable dags retrieved from /home/shubham/.local/lib/python3.10/site-packages/airflow/example_dags/example_setup_teardown_taskflow.py
[2023-06-18T13:52:50.703+0530] {processor.py:179} INFO - Processing /home/shubham/.local/lib/python3.10/site-packages/airflow/example_dags/example_setup_teardown_taskflow.py took 0.011 seconds
[2023-06-18T14:39:39.456+0530] {processor.py:157} INFO - Started process (PID=3204) to work on /home/shubham/.local/lib/python3.10/site-packages/airflow/example_dags/example_setup_teardown_taskflow.py
[2023-06-18T14:39:39.458+0530] {processor.py:826} INFO - Processing file /home/shubham/.local/lib/python3.10/site-packages/airflow/example_dags/example_setup_teardown_taskflow.py for tasks to queue
[2023-06-18T14:39:39.459+0530] {logging_mixin.py:149} INFO - [2023-06-18T14:39:39.459+0530] {dagbag.py:541} INFO - Filling up the DagBag from /home/shubham/.local/lib/python3.10/site-packages/airflow/example_dags/example_setup_teardown_taskflow.py
[2023-06-18T14:39:39.461+0530] {processor.py:838} WARNING - No viable dags retrieved from /home/shubham/.local/lib/python3.10/site-packages/airflow/example_dags/example_setup_teardown_taskflow.py
[2023-06-18T14:39:39.472+0530] {processor.py:179} INFO - Processing /home/shubham/.local/lib/python3.10/site-packages/airflow/example_dags/example_setup_teardown_taskflow.py took 0.019 seconds
[2023-06-18T14:40:25.940+0530] {processor.py:157} INFO - Started process (PID=3269) to work on /home/shubham/.local/lib/python3.10/site-packages/airflow/example_dags/example_setup_teardown_taskflow.py
[2023-06-18T14:40:25.941+0530] {processor.py:826} INFO - Processing file /home/shubham/.local/lib/python3.10/site-packages/airflow/example_dags/example_setup_teardown_taskflow.py for tasks to queue
[2023-06-18T14:40:25.942+0530] {logging_mixin.py:149} INFO - [2023-06-18T14:40:25.942+0530] {dagbag.py:541} INFO - Filling up the DagBag from /home/shubham/.local/lib/python3.10/site-packages/airflow/example_dags/example_setup_teardown_taskflow.py
[2023-06-18T14:40:25.943+0530] {processor.py:838} WARNING - No viable dags retrieved from /home/shubham/.local/lib/python3.10/site-packages/airflow/example_dags/example_setup_teardown_taskflow.py
[2023-06-18T14:40:25.951+0530] {processor.py:179} INFO - Processing /home/shubham/.local/lib/python3.10/site-packages/airflow/example_dags/example_setup_teardown_taskflow.py took 0.013 seconds
[2023-06-18T14:41:11.174+0530] {processor.py:157} INFO - Started process (PID=3551) to work on /home/shubham/.local/lib/python3.10/site-packages/airflow/example_dags/example_setup_teardown_taskflow.py
[2023-06-18T14:41:11.175+0530] {processor.py:826} INFO - Processing file /home/shubham/.local/lib/python3.10/site-packages/airflow/example_dags/example_setup_teardown_taskflow.py for tasks to queue
[2023-06-18T14:41:11.175+0530] {logging_mixin.py:149} INFO - [2023-06-18T14:41:11.175+0530] {dagbag.py:541} INFO - Filling up the DagBag from /home/shubham/.local/lib/python3.10/site-packages/airflow/example_dags/example_setup_teardown_taskflow.py
[2023-06-18T14:41:11.176+0530] {processor.py:838} WARNING - No viable dags retrieved from /home/shubham/.local/lib/python3.10/site-packages/airflow/example_dags/example_setup_teardown_taskflow.py
[2023-06-18T14:41:11.183+0530] {processor.py:179} INFO - Processing /home/shubham/.local/lib/python3.10/site-packages/airflow/example_dags/example_setup_teardown_taskflow.py took 0.012 seconds
[2023-06-18T14:41:53.730+0530] {processor.py:157} INFO - Started process (PID=3638) to work on /home/shubham/.local/lib/python3.10/site-packages/airflow/example_dags/example_setup_teardown_taskflow.py
[2023-06-18T14:41:53.732+0530] {processor.py:826} INFO - Processing file /home/shubham/.local/lib/python3.10/site-packages/airflow/example_dags/example_setup_teardown_taskflow.py for tasks to queue
[2023-06-18T14:41:53.732+0530] {logging_mixin.py:149} INFO - [2023-06-18T14:41:53.732+0530] {dagbag.py:541} INFO - Filling up the DagBag from /home/shubham/.local/lib/python3.10/site-packages/airflow/example_dags/example_setup_teardown_taskflow.py
[2023-06-18T14:41:53.734+0530] {processor.py:838} WARNING - No viable dags retrieved from /home/shubham/.local/lib/python3.10/site-packages/airflow/example_dags/example_setup_teardown_taskflow.py
[2023-06-18T14:41:53.741+0530] {processor.py:179} INFO - Processing /home/shubham/.local/lib/python3.10/site-packages/airflow/example_dags/example_setup_teardown_taskflow.py took 0.013 seconds
[2023-06-18T14:42:39.951+0530] {processor.py:157} INFO - Started process (PID=3767) to work on /home/shubham/.local/lib/python3.10/site-packages/airflow/example_dags/example_setup_teardown_taskflow.py
[2023-06-18T14:42:39.952+0530] {processor.py:826} INFO - Processing file /home/shubham/.local/lib/python3.10/site-packages/airflow/example_dags/example_setup_teardown_taskflow.py for tasks to queue
[2023-06-18T14:42:39.953+0530] {logging_mixin.py:149} INFO - [2023-06-18T14:42:39.953+0530] {dagbag.py:541} INFO - Filling up the DagBag from /home/shubham/.local/lib/python3.10/site-packages/airflow/example_dags/example_setup_teardown_taskflow.py
[2023-06-18T14:42:39.954+0530] {processor.py:838} WARNING - No viable dags retrieved from /home/shubham/.local/lib/python3.10/site-packages/airflow/example_dags/example_setup_teardown_taskflow.py
[2023-06-18T14:42:39.961+0530] {processor.py:179} INFO - Processing /home/shubham/.local/lib/python3.10/site-packages/airflow/example_dags/example_setup_teardown_taskflow.py took 0.013 seconds
[2023-06-18T14:43:24.767+0530] {processor.py:157} INFO - Started process (PID=3811) to work on /home/shubham/.local/lib/python3.10/site-packages/airflow/example_dags/example_setup_teardown_taskflow.py
[2023-06-18T14:43:24.768+0530] {processor.py:826} INFO - Processing file /home/shubham/.local/lib/python3.10/site-packages/airflow/example_dags/example_setup_teardown_taskflow.py for tasks to queue
[2023-06-18T14:43:24.768+0530] {logging_mixin.py:149} INFO - [2023-06-18T14:43:24.768+0530] {dagbag.py:541} INFO - Filling up the DagBag from /home/shubham/.local/lib/python3.10/site-packages/airflow/example_dags/example_setup_teardown_taskflow.py
[2023-06-18T14:43:24.770+0530] {processor.py:838} WARNING - No viable dags retrieved from /home/shubham/.local/lib/python3.10/site-packages/airflow/example_dags/example_setup_teardown_taskflow.py
[2023-06-18T14:43:24.777+0530] {processor.py:179} INFO - Processing /home/shubham/.local/lib/python3.10/site-packages/airflow/example_dags/example_setup_teardown_taskflow.py took 0.013 seconds
[2023-06-18T14:44:13.196+0530] {processor.py:157} INFO - Started process (PID=3860) to work on /home/shubham/.local/lib/python3.10/site-packages/airflow/example_dags/example_setup_teardown_taskflow.py
[2023-06-18T14:44:13.197+0530] {processor.py:826} INFO - Processing file /home/shubham/.local/lib/python3.10/site-packages/airflow/example_dags/example_setup_teardown_taskflow.py for tasks to queue
[2023-06-18T14:44:13.198+0530] {logging_mixin.py:149} INFO - [2023-06-18T14:44:13.198+0530] {dagbag.py:541} INFO - Filling up the DagBag from /home/shubham/.local/lib/python3.10/site-packages/airflow/example_dags/example_setup_teardown_taskflow.py
[2023-06-18T14:44:13.199+0530] {processor.py:838} WARNING - No viable dags retrieved from /home/shubham/.local/lib/python3.10/site-packages/airflow/example_dags/example_setup_teardown_taskflow.py
[2023-06-18T14:44:13.206+0530] {processor.py:179} INFO - Processing /home/shubham/.local/lib/python3.10/site-packages/airflow/example_dags/example_setup_teardown_taskflow.py took 0.012 seconds
[2023-06-18T14:44:56.196+0530] {processor.py:157} INFO - Started process (PID=3906) to work on /home/shubham/.local/lib/python3.10/site-packages/airflow/example_dags/example_setup_teardown_taskflow.py
[2023-06-18T14:44:56.197+0530] {processor.py:826} INFO - Processing file /home/shubham/.local/lib/python3.10/site-packages/airflow/example_dags/example_setup_teardown_taskflow.py for tasks to queue
[2023-06-18T14:44:56.197+0530] {logging_mixin.py:149} INFO - [2023-06-18T14:44:56.197+0530] {dagbag.py:541} INFO - Filling up the DagBag from /home/shubham/.local/lib/python3.10/site-packages/airflow/example_dags/example_setup_teardown_taskflow.py
[2023-06-18T14:44:56.199+0530] {processor.py:838} WARNING - No viable dags retrieved from /home/shubham/.local/lib/python3.10/site-packages/airflow/example_dags/example_setup_teardown_taskflow.py
[2023-06-18T14:44:56.206+0530] {processor.py:179} INFO - Processing /home/shubham/.local/lib/python3.10/site-packages/airflow/example_dags/example_setup_teardown_taskflow.py took 0.015 seconds
[2023-06-18T14:45:40.180+0530] {processor.py:157} INFO - Started process (PID=3952) to work on /home/shubham/.local/lib/python3.10/site-packages/airflow/example_dags/example_setup_teardown_taskflow.py
[2023-06-18T14:45:40.181+0530] {processor.py:826} INFO - Processing file /home/shubham/.local/lib/python3.10/site-packages/airflow/example_dags/example_setup_teardown_taskflow.py for tasks to queue
[2023-06-18T14:45:40.182+0530] {logging_mixin.py:149} INFO - [2023-06-18T14:45:40.182+0530] {dagbag.py:541} INFO - Filling up the DagBag from /home/shubham/.local/lib/python3.10/site-packages/airflow/example_dags/example_setup_teardown_taskflow.py
[2023-06-18T14:45:40.183+0530] {processor.py:838} WARNING - No viable dags retrieved from /home/shubham/.local/lib/python3.10/site-packages/airflow/example_dags/example_setup_teardown_taskflow.py
[2023-06-18T14:45:40.191+0530] {processor.py:179} INFO - Processing /home/shubham/.local/lib/python3.10/site-packages/airflow/example_dags/example_setup_teardown_taskflow.py took 0.014 seconds
[2023-06-18T14:46:26.340+0530] {processor.py:157} INFO - Started process (PID=3999) to work on /home/shubham/.local/lib/python3.10/site-packages/airflow/example_dags/example_setup_teardown_taskflow.py
[2023-06-18T14:46:26.342+0530] {processor.py:826} INFO - Processing file /home/shubham/.local/lib/python3.10/site-packages/airflow/example_dags/example_setup_teardown_taskflow.py for tasks to queue
[2023-06-18T14:46:26.342+0530] {logging_mixin.py:149} INFO - [2023-06-18T14:46:26.342+0530] {dagbag.py:541} INFO - Filling up the DagBag from /home/shubham/.local/lib/python3.10/site-packages/airflow/example_dags/example_setup_teardown_taskflow.py
[2023-06-18T14:46:26.343+0530] {processor.py:838} WARNING - No viable dags retrieved from /home/shubham/.local/lib/python3.10/site-packages/airflow/example_dags/example_setup_teardown_taskflow.py
[2023-06-18T14:46:26.350+0530] {processor.py:179} INFO - Processing /home/shubham/.local/lib/python3.10/site-packages/airflow/example_dags/example_setup_teardown_taskflow.py took 0.013 seconds
[2023-06-18T14:47:14.242+0530] {processor.py:157} INFO - Started process (PID=4047) to work on /home/shubham/.local/lib/python3.10/site-packages/airflow/example_dags/example_setup_teardown_taskflow.py
[2023-06-18T14:47:14.244+0530] {processor.py:826} INFO - Processing file /home/shubham/.local/lib/python3.10/site-packages/airflow/example_dags/example_setup_teardown_taskflow.py for tasks to queue
[2023-06-18T14:47:14.244+0530] {logging_mixin.py:149} INFO - [2023-06-18T14:47:14.244+0530] {dagbag.py:541} INFO - Filling up the DagBag from /home/shubham/.local/lib/python3.10/site-packages/airflow/example_dags/example_setup_teardown_taskflow.py
[2023-06-18T14:47:14.245+0530] {processor.py:838} WARNING - No viable dags retrieved from /home/shubham/.local/lib/python3.10/site-packages/airflow/example_dags/example_setup_teardown_taskflow.py
[2023-06-18T14:47:14.253+0530] {processor.py:179} INFO - Processing /home/shubham/.local/lib/python3.10/site-packages/airflow/example_dags/example_setup_teardown_taskflow.py took 0.013 seconds
[2023-06-18T14:47:57.070+0530] {processor.py:157} INFO - Started process (PID=4093) to work on /home/shubham/.local/lib/python3.10/site-packages/airflow/example_dags/example_setup_teardown_taskflow.py
[2023-06-18T14:47:57.072+0530] {processor.py:826} INFO - Processing file /home/shubham/.local/lib/python3.10/site-packages/airflow/example_dags/example_setup_teardown_taskflow.py for tasks to queue
[2023-06-18T14:47:57.072+0530] {logging_mixin.py:149} INFO - [2023-06-18T14:47:57.072+0530] {dagbag.py:541} INFO - Filling up the DagBag from /home/shubham/.local/lib/python3.10/site-packages/airflow/example_dags/example_setup_teardown_taskflow.py
[2023-06-18T14:47:57.073+0530] {processor.py:838} WARNING - No viable dags retrieved from /home/shubham/.local/lib/python3.10/site-packages/airflow/example_dags/example_setup_teardown_taskflow.py
[2023-06-18T14:47:57.081+0530] {processor.py:179} INFO - Processing /home/shubham/.local/lib/python3.10/site-packages/airflow/example_dags/example_setup_teardown_taskflow.py took 0.013 seconds
[2023-06-18T14:48:41.085+0530] {processor.py:157} INFO - Started process (PID=4139) to work on /home/shubham/.local/lib/python3.10/site-packages/airflow/example_dags/example_setup_teardown_taskflow.py
[2023-06-18T14:48:41.086+0530] {processor.py:826} INFO - Processing file /home/shubham/.local/lib/python3.10/site-packages/airflow/example_dags/example_setup_teardown_taskflow.py for tasks to queue
[2023-06-18T14:48:41.087+0530] {logging_mixin.py:149} INFO - [2023-06-18T14:48:41.087+0530] {dagbag.py:541} INFO - Filling up the DagBag from /home/shubham/.local/lib/python3.10/site-packages/airflow/example_dags/example_setup_teardown_taskflow.py
[2023-06-18T14:48:41.088+0530] {processor.py:838} WARNING - No viable dags retrieved from /home/shubham/.local/lib/python3.10/site-packages/airflow/example_dags/example_setup_teardown_taskflow.py
[2023-06-18T14:48:41.095+0530] {processor.py:179} INFO - Processing /home/shubham/.local/lib/python3.10/site-packages/airflow/example_dags/example_setup_teardown_taskflow.py took 0.012 seconds
[2023-06-18T14:49:24.430+0530] {processor.py:157} INFO - Started process (PID=4185) to work on /home/shubham/.local/lib/python3.10/site-packages/airflow/example_dags/example_setup_teardown_taskflow.py
[2023-06-18T14:49:24.432+0530] {processor.py:826} INFO - Processing file /home/shubham/.local/lib/python3.10/site-packages/airflow/example_dags/example_setup_teardown_taskflow.py for tasks to queue
[2023-06-18T14:49:24.432+0530] {logging_mixin.py:149} INFO - [2023-06-18T14:49:24.432+0530] {dagbag.py:541} INFO - Filling up the DagBag from /home/shubham/.local/lib/python3.10/site-packages/airflow/example_dags/example_setup_teardown_taskflow.py
[2023-06-18T14:49:24.433+0530] {processor.py:838} WARNING - No viable dags retrieved from /home/shubham/.local/lib/python3.10/site-packages/airflow/example_dags/example_setup_teardown_taskflow.py
[2023-06-18T14:49:24.440+0530] {processor.py:179} INFO - Processing /home/shubham/.local/lib/python3.10/site-packages/airflow/example_dags/example_setup_teardown_taskflow.py took 0.013 seconds
[2023-06-18T14:50:10.922+0530] {processor.py:157} INFO - Started process (PID=4234) to work on /home/shubham/.local/lib/python3.10/site-packages/airflow/example_dags/example_setup_teardown_taskflow.py
[2023-06-18T14:50:10.924+0530] {processor.py:826} INFO - Processing file /home/shubham/.local/lib/python3.10/site-packages/airflow/example_dags/example_setup_teardown_taskflow.py for tasks to queue
[2023-06-18T14:50:10.924+0530] {logging_mixin.py:149} INFO - [2023-06-18T14:50:10.924+0530] {dagbag.py:541} INFO - Filling up the DagBag from /home/shubham/.local/lib/python3.10/site-packages/airflow/example_dags/example_setup_teardown_taskflow.py
[2023-06-18T14:50:10.925+0530] {processor.py:838} WARNING - No viable dags retrieved from /home/shubham/.local/lib/python3.10/site-packages/airflow/example_dags/example_setup_teardown_taskflow.py
[2023-06-18T14:50:10.933+0530] {processor.py:179} INFO - Processing /home/shubham/.local/lib/python3.10/site-packages/airflow/example_dags/example_setup_teardown_taskflow.py took 0.013 seconds
[2023-06-18T14:50:51.657+0530] {processor.py:157} INFO - Started process (PID=4277) to work on /home/shubham/.local/lib/python3.10/site-packages/airflow/example_dags/example_setup_teardown_taskflow.py
[2023-06-18T14:50:51.658+0530] {processor.py:826} INFO - Processing file /home/shubham/.local/lib/python3.10/site-packages/airflow/example_dags/example_setup_teardown_taskflow.py for tasks to queue
[2023-06-18T14:50:51.659+0530] {logging_mixin.py:149} INFO - [2023-06-18T14:50:51.658+0530] {dagbag.py:541} INFO - Filling up the DagBag from /home/shubham/.local/lib/python3.10/site-packages/airflow/example_dags/example_setup_teardown_taskflow.py
[2023-06-18T14:50:51.660+0530] {processor.py:838} WARNING - No viable dags retrieved from /home/shubham/.local/lib/python3.10/site-packages/airflow/example_dags/example_setup_teardown_taskflow.py
[2023-06-18T14:50:51.667+0530] {processor.py:179} INFO - Processing /home/shubham/.local/lib/python3.10/site-packages/airflow/example_dags/example_setup_teardown_taskflow.py took 0.013 seconds
[2023-06-18T14:51:32.792+0530] {processor.py:157} INFO - Started process (PID=4320) to work on /home/shubham/.local/lib/python3.10/site-packages/airflow/example_dags/example_setup_teardown_taskflow.py
[2023-06-18T14:51:32.794+0530] {processor.py:826} INFO - Processing file /home/shubham/.local/lib/python3.10/site-packages/airflow/example_dags/example_setup_teardown_taskflow.py for tasks to queue
[2023-06-18T14:51:32.794+0530] {logging_mixin.py:149} INFO - [2023-06-18T14:51:32.794+0530] {dagbag.py:541} INFO - Filling up the DagBag from /home/shubham/.local/lib/python3.10/site-packages/airflow/example_dags/example_setup_teardown_taskflow.py
[2023-06-18T14:51:32.795+0530] {processor.py:838} WARNING - No viable dags retrieved from /home/shubham/.local/lib/python3.10/site-packages/airflow/example_dags/example_setup_teardown_taskflow.py
[2023-06-18T14:51:32.802+0530] {processor.py:179} INFO - Processing /home/shubham/.local/lib/python3.10/site-packages/airflow/example_dags/example_setup_teardown_taskflow.py took 0.012 seconds
[2023-06-18T14:52:17.783+0530] {processor.py:157} INFO - Started process (PID=4366) to work on /home/shubham/.local/lib/python3.10/site-packages/airflow/example_dags/example_setup_teardown_taskflow.py
[2023-06-18T14:52:17.785+0530] {processor.py:826} INFO - Processing file /home/shubham/.local/lib/python3.10/site-packages/airflow/example_dags/example_setup_teardown_taskflow.py for tasks to queue
[2023-06-18T14:52:17.786+0530] {logging_mixin.py:149} INFO - [2023-06-18T14:52:17.785+0530] {dagbag.py:541} INFO - Filling up the DagBag from /home/shubham/.local/lib/python3.10/site-packages/airflow/example_dags/example_setup_teardown_taskflow.py
[2023-06-18T14:52:17.787+0530] {processor.py:838} WARNING - No viable dags retrieved from /home/shubham/.local/lib/python3.10/site-packages/airflow/example_dags/example_setup_teardown_taskflow.py
[2023-06-18T14:52:17.794+0530] {processor.py:179} INFO - Processing /home/shubham/.local/lib/python3.10/site-packages/airflow/example_dags/example_setup_teardown_taskflow.py took 0.013 seconds
[2023-06-18T14:52:57.743+0530] {processor.py:157} INFO - Started process (PID=4409) to work on /home/shubham/.local/lib/python3.10/site-packages/airflow/example_dags/example_setup_teardown_taskflow.py
[2023-06-18T14:52:57.744+0530] {processor.py:826} INFO - Processing file /home/shubham/.local/lib/python3.10/site-packages/airflow/example_dags/example_setup_teardown_taskflow.py for tasks to queue
[2023-06-18T14:52:57.745+0530] {logging_mixin.py:149} INFO - [2023-06-18T14:52:57.745+0530] {dagbag.py:541} INFO - Filling up the DagBag from /home/shubham/.local/lib/python3.10/site-packages/airflow/example_dags/example_setup_teardown_taskflow.py
[2023-06-18T14:52:57.746+0530] {processor.py:838} WARNING - No viable dags retrieved from /home/shubham/.local/lib/python3.10/site-packages/airflow/example_dags/example_setup_teardown_taskflow.py
[2023-06-18T14:52:57.754+0530] {processor.py:179} INFO - Processing /home/shubham/.local/lib/python3.10/site-packages/airflow/example_dags/example_setup_teardown_taskflow.py took 0.013 seconds
[2023-06-18T14:53:42.860+0530] {processor.py:157} INFO - Started process (PID=4455) to work on /home/shubham/.local/lib/python3.10/site-packages/airflow/example_dags/example_setup_teardown_taskflow.py
[2023-06-18T14:53:42.862+0530] {processor.py:826} INFO - Processing file /home/shubham/.local/lib/python3.10/site-packages/airflow/example_dags/example_setup_teardown_taskflow.py for tasks to queue
[2023-06-18T14:53:42.863+0530] {logging_mixin.py:149} INFO - [2023-06-18T14:53:42.862+0530] {dagbag.py:541} INFO - Filling up the DagBag from /home/shubham/.local/lib/python3.10/site-packages/airflow/example_dags/example_setup_teardown_taskflow.py
[2023-06-18T14:53:42.864+0530] {processor.py:838} WARNING - No viable dags retrieved from /home/shubham/.local/lib/python3.10/site-packages/airflow/example_dags/example_setup_teardown_taskflow.py
[2023-06-18T14:53:42.871+0530] {processor.py:179} INFO - Processing /home/shubham/.local/lib/python3.10/site-packages/airflow/example_dags/example_setup_teardown_taskflow.py took 0.013 seconds
[2023-06-18T14:54:29.572+0530] {processor.py:157} INFO - Started process (PID=4503) to work on /home/shubham/.local/lib/python3.10/site-packages/airflow/example_dags/example_setup_teardown_taskflow.py
[2023-06-18T14:54:29.574+0530] {processor.py:826} INFO - Processing file /home/shubham/.local/lib/python3.10/site-packages/airflow/example_dags/example_setup_teardown_taskflow.py for tasks to queue
[2023-06-18T14:54:29.575+0530] {logging_mixin.py:149} INFO - [2023-06-18T14:54:29.574+0530] {dagbag.py:541} INFO - Filling up the DagBag from /home/shubham/.local/lib/python3.10/site-packages/airflow/example_dags/example_setup_teardown_taskflow.py
[2023-06-18T14:54:29.576+0530] {processor.py:838} WARNING - No viable dags retrieved from /home/shubham/.local/lib/python3.10/site-packages/airflow/example_dags/example_setup_teardown_taskflow.py
[2023-06-18T14:54:29.584+0530] {processor.py:179} INFO - Processing /home/shubham/.local/lib/python3.10/site-packages/airflow/example_dags/example_setup_teardown_taskflow.py took 0.014 seconds
[2023-06-18T14:55:13.623+0530] {processor.py:157} INFO - Started process (PID=4549) to work on /home/shubham/.local/lib/python3.10/site-packages/airflow/example_dags/example_setup_teardown_taskflow.py
[2023-06-18T14:55:13.624+0530] {processor.py:826} INFO - Processing file /home/shubham/.local/lib/python3.10/site-packages/airflow/example_dags/example_setup_teardown_taskflow.py for tasks to queue
[2023-06-18T14:55:13.625+0530] {logging_mixin.py:149} INFO - [2023-06-18T14:55:13.625+0530] {dagbag.py:541} INFO - Filling up the DagBag from /home/shubham/.local/lib/python3.10/site-packages/airflow/example_dags/example_setup_teardown_taskflow.py
[2023-06-18T14:55:13.626+0530] {processor.py:838} WARNING - No viable dags retrieved from /home/shubham/.local/lib/python3.10/site-packages/airflow/example_dags/example_setup_teardown_taskflow.py
[2023-06-18T14:55:13.633+0530] {processor.py:179} INFO - Processing /home/shubham/.local/lib/python3.10/site-packages/airflow/example_dags/example_setup_teardown_taskflow.py took 0.013 seconds
[2023-06-18T14:55:58.913+0530] {processor.py:157} INFO - Started process (PID=4596) to work on /home/shubham/.local/lib/python3.10/site-packages/airflow/example_dags/example_setup_teardown_taskflow.py
[2023-06-18T14:55:58.915+0530] {processor.py:826} INFO - Processing file /home/shubham/.local/lib/python3.10/site-packages/airflow/example_dags/example_setup_teardown_taskflow.py for tasks to queue
[2023-06-18T14:55:58.916+0530] {logging_mixin.py:149} INFO - [2023-06-18T14:55:58.915+0530] {dagbag.py:541} INFO - Filling up the DagBag from /home/shubham/.local/lib/python3.10/site-packages/airflow/example_dags/example_setup_teardown_taskflow.py
[2023-06-18T14:55:58.917+0530] {processor.py:838} WARNING - No viable dags retrieved from /home/shubham/.local/lib/python3.10/site-packages/airflow/example_dags/example_setup_teardown_taskflow.py
[2023-06-18T14:55:58.924+0530] {processor.py:179} INFO - Processing /home/shubham/.local/lib/python3.10/site-packages/airflow/example_dags/example_setup_teardown_taskflow.py took 0.013 seconds
[2023-06-18T14:56:42.046+0530] {processor.py:157} INFO - Started process (PID=4642) to work on /home/shubham/.local/lib/python3.10/site-packages/airflow/example_dags/example_setup_teardown_taskflow.py
[2023-06-18T14:56:42.048+0530] {processor.py:826} INFO - Processing file /home/shubham/.local/lib/python3.10/site-packages/airflow/example_dags/example_setup_teardown_taskflow.py for tasks to queue
[2023-06-18T14:56:42.048+0530] {logging_mixin.py:149} INFO - [2023-06-18T14:56:42.048+0530] {dagbag.py:541} INFO - Filling up the DagBag from /home/shubham/.local/lib/python3.10/site-packages/airflow/example_dags/example_setup_teardown_taskflow.py
[2023-06-18T14:56:42.049+0530] {processor.py:838} WARNING - No viable dags retrieved from /home/shubham/.local/lib/python3.10/site-packages/airflow/example_dags/example_setup_teardown_taskflow.py
[2023-06-18T14:56:42.057+0530] {processor.py:179} INFO - Processing /home/shubham/.local/lib/python3.10/site-packages/airflow/example_dags/example_setup_teardown_taskflow.py took 0.013 seconds
[2023-06-18T14:57:24.822+0530] {processor.py:157} INFO - Started process (PID=4690) to work on /home/shubham/.local/lib/python3.10/site-packages/airflow/example_dags/example_setup_teardown_taskflow.py
[2023-06-18T14:57:24.823+0530] {processor.py:826} INFO - Processing file /home/shubham/.local/lib/python3.10/site-packages/airflow/example_dags/example_setup_teardown_taskflow.py for tasks to queue
[2023-06-18T14:57:24.824+0530] {logging_mixin.py:149} INFO - [2023-06-18T14:57:24.824+0530] {dagbag.py:541} INFO - Filling up the DagBag from /home/shubham/.local/lib/python3.10/site-packages/airflow/example_dags/example_setup_teardown_taskflow.py
[2023-06-18T14:57:24.825+0530] {processor.py:838} WARNING - No viable dags retrieved from /home/shubham/.local/lib/python3.10/site-packages/airflow/example_dags/example_setup_teardown_taskflow.py
[2023-06-18T14:57:24.832+0530] {processor.py:179} INFO - Processing /home/shubham/.local/lib/python3.10/site-packages/airflow/example_dags/example_setup_teardown_taskflow.py took 0.013 seconds
[2023-06-18T14:58:08.216+0530] {processor.py:157} INFO - Started process (PID=4735) to work on /home/shubham/.local/lib/python3.10/site-packages/airflow/example_dags/example_setup_teardown_taskflow.py
[2023-06-18T14:58:08.217+0530] {processor.py:826} INFO - Processing file /home/shubham/.local/lib/python3.10/site-packages/airflow/example_dags/example_setup_teardown_taskflow.py for tasks to queue
[2023-06-18T14:58:08.218+0530] {logging_mixin.py:149} INFO - [2023-06-18T14:58:08.218+0530] {dagbag.py:541} INFO - Filling up the DagBag from /home/shubham/.local/lib/python3.10/site-packages/airflow/example_dags/example_setup_teardown_taskflow.py
[2023-06-18T14:58:08.219+0530] {processor.py:838} WARNING - No viable dags retrieved from /home/shubham/.local/lib/python3.10/site-packages/airflow/example_dags/example_setup_teardown_taskflow.py
[2023-06-18T14:58:08.226+0530] {processor.py:179} INFO - Processing /home/shubham/.local/lib/python3.10/site-packages/airflow/example_dags/example_setup_teardown_taskflow.py took 0.013 seconds
[2023-06-18T14:58:49.274+0530] {processor.py:157} INFO - Started process (PID=4779) to work on /home/shubham/.local/lib/python3.10/site-packages/airflow/example_dags/example_setup_teardown_taskflow.py
[2023-06-18T14:58:49.276+0530] {processor.py:826} INFO - Processing file /home/shubham/.local/lib/python3.10/site-packages/airflow/example_dags/example_setup_teardown_taskflow.py for tasks to queue
[2023-06-18T14:58:49.276+0530] {logging_mixin.py:149} INFO - [2023-06-18T14:58:49.276+0530] {dagbag.py:541} INFO - Filling up the DagBag from /home/shubham/.local/lib/python3.10/site-packages/airflow/example_dags/example_setup_teardown_taskflow.py
[2023-06-18T14:58:49.278+0530] {processor.py:838} WARNING - No viable dags retrieved from /home/shubham/.local/lib/python3.10/site-packages/airflow/example_dags/example_setup_teardown_taskflow.py
[2023-06-18T14:58:49.285+0530] {processor.py:179} INFO - Processing /home/shubham/.local/lib/python3.10/site-packages/airflow/example_dags/example_setup_teardown_taskflow.py took 0.013 seconds
[2023-06-18T14:59:33.074+0530] {processor.py:157} INFO - Started process (PID=4825) to work on /home/shubham/.local/lib/python3.10/site-packages/airflow/example_dags/example_setup_teardown_taskflow.py
[2023-06-18T14:59:33.076+0530] {processor.py:826} INFO - Processing file /home/shubham/.local/lib/python3.10/site-packages/airflow/example_dags/example_setup_teardown_taskflow.py for tasks to queue
[2023-06-18T14:59:33.077+0530] {logging_mixin.py:149} INFO - [2023-06-18T14:59:33.077+0530] {dagbag.py:541} INFO - Filling up the DagBag from /home/shubham/.local/lib/python3.10/site-packages/airflow/example_dags/example_setup_teardown_taskflow.py
[2023-06-18T14:59:33.078+0530] {processor.py:838} WARNING - No viable dags retrieved from /home/shubham/.local/lib/python3.10/site-packages/airflow/example_dags/example_setup_teardown_taskflow.py
[2023-06-18T14:59:33.085+0530] {processor.py:179} INFO - Processing /home/shubham/.local/lib/python3.10/site-packages/airflow/example_dags/example_setup_teardown_taskflow.py took 0.013 seconds
[2023-06-18T15:00:13.874+0530] {processor.py:157} INFO - Started process (PID=4868) to work on /home/shubham/.local/lib/python3.10/site-packages/airflow/example_dags/example_setup_teardown_taskflow.py
[2023-06-18T15:00:13.875+0530] {processor.py:826} INFO - Processing file /home/shubham/.local/lib/python3.10/site-packages/airflow/example_dags/example_setup_teardown_taskflow.py for tasks to queue
[2023-06-18T15:00:13.875+0530] {logging_mixin.py:149} INFO - [2023-06-18T15:00:13.875+0530] {dagbag.py:541} INFO - Filling up the DagBag from /home/shubham/.local/lib/python3.10/site-packages/airflow/example_dags/example_setup_teardown_taskflow.py
[2023-06-18T15:00:13.877+0530] {processor.py:838} WARNING - No viable dags retrieved from /home/shubham/.local/lib/python3.10/site-packages/airflow/example_dags/example_setup_teardown_taskflow.py
[2023-06-18T15:00:13.885+0530] {processor.py:179} INFO - Processing /home/shubham/.local/lib/python3.10/site-packages/airflow/example_dags/example_setup_teardown_taskflow.py took 0.014 seconds
[2023-06-18T15:00:56.749+0530] {processor.py:157} INFO - Started process (PID=4911) to work on /home/shubham/.local/lib/python3.10/site-packages/airflow/example_dags/example_setup_teardown_taskflow.py
[2023-06-18T15:00:56.750+0530] {processor.py:826} INFO - Processing file /home/shubham/.local/lib/python3.10/site-packages/airflow/example_dags/example_setup_teardown_taskflow.py for tasks to queue
[2023-06-18T15:00:56.750+0530] {logging_mixin.py:149} INFO - [2023-06-18T15:00:56.750+0530] {dagbag.py:541} INFO - Filling up the DagBag from /home/shubham/.local/lib/python3.10/site-packages/airflow/example_dags/example_setup_teardown_taskflow.py
[2023-06-18T15:00:56.752+0530] {processor.py:838} WARNING - No viable dags retrieved from /home/shubham/.local/lib/python3.10/site-packages/airflow/example_dags/example_setup_teardown_taskflow.py
[2023-06-18T15:00:56.759+0530] {processor.py:179} INFO - Processing /home/shubham/.local/lib/python3.10/site-packages/airflow/example_dags/example_setup_teardown_taskflow.py took 0.013 seconds
[2023-06-18T15:01:41.425+0530] {processor.py:157} INFO - Started process (PID=4957) to work on /home/shubham/.local/lib/python3.10/site-packages/airflow/example_dags/example_setup_teardown_taskflow.py
[2023-06-18T15:01:41.427+0530] {processor.py:826} INFO - Processing file /home/shubham/.local/lib/python3.10/site-packages/airflow/example_dags/example_setup_teardown_taskflow.py for tasks to queue
[2023-06-18T15:01:41.427+0530] {logging_mixin.py:149} INFO - [2023-06-18T15:01:41.427+0530] {dagbag.py:541} INFO - Filling up the DagBag from /home/shubham/.local/lib/python3.10/site-packages/airflow/example_dags/example_setup_teardown_taskflow.py
[2023-06-18T15:01:41.429+0530] {processor.py:838} WARNING - No viable dags retrieved from /home/shubham/.local/lib/python3.10/site-packages/airflow/example_dags/example_setup_teardown_taskflow.py
[2023-06-18T15:01:41.436+0530] {processor.py:179} INFO - Processing /home/shubham/.local/lib/python3.10/site-packages/airflow/example_dags/example_setup_teardown_taskflow.py took 0.013 seconds
[2023-06-18T15:02:26.707+0530] {processor.py:157} INFO - Started process (PID=5006) to work on /home/shubham/.local/lib/python3.10/site-packages/airflow/example_dags/example_setup_teardown_taskflow.py
[2023-06-18T15:02:26.709+0530] {processor.py:826} INFO - Processing file /home/shubham/.local/lib/python3.10/site-packages/airflow/example_dags/example_setup_teardown_taskflow.py for tasks to queue
[2023-06-18T15:02:26.709+0530] {logging_mixin.py:149} INFO - [2023-06-18T15:02:26.709+0530] {dagbag.py:541} INFO - Filling up the DagBag from /home/shubham/.local/lib/python3.10/site-packages/airflow/example_dags/example_setup_teardown_taskflow.py
[2023-06-18T15:02:26.710+0530] {processor.py:838} WARNING - No viable dags retrieved from /home/shubham/.local/lib/python3.10/site-packages/airflow/example_dags/example_setup_teardown_taskflow.py
[2023-06-18T15:02:26.718+0530] {processor.py:179} INFO - Processing /home/shubham/.local/lib/python3.10/site-packages/airflow/example_dags/example_setup_teardown_taskflow.py took 0.013 seconds
[2023-06-18T15:03:11.424+0530] {processor.py:157} INFO - Started process (PID=5052) to work on /home/shubham/.local/lib/python3.10/site-packages/airflow/example_dags/example_setup_teardown_taskflow.py
[2023-06-18T15:03:11.425+0530] {processor.py:826} INFO - Processing file /home/shubham/.local/lib/python3.10/site-packages/airflow/example_dags/example_setup_teardown_taskflow.py for tasks to queue
[2023-06-18T15:03:11.426+0530] {logging_mixin.py:149} INFO - [2023-06-18T15:03:11.426+0530] {dagbag.py:541} INFO - Filling up the DagBag from /home/shubham/.local/lib/python3.10/site-packages/airflow/example_dags/example_setup_teardown_taskflow.py
[2023-06-18T15:03:11.427+0530] {processor.py:838} WARNING - No viable dags retrieved from /home/shubham/.local/lib/python3.10/site-packages/airflow/example_dags/example_setup_teardown_taskflow.py
[2023-06-18T15:03:11.434+0530] {processor.py:179} INFO - Processing /home/shubham/.local/lib/python3.10/site-packages/airflow/example_dags/example_setup_teardown_taskflow.py took 0.013 seconds
[2023-06-18T15:03:55.914+0530] {processor.py:157} INFO - Started process (PID=5098) to work on /home/shubham/.local/lib/python3.10/site-packages/airflow/example_dags/example_setup_teardown_taskflow.py
[2023-06-18T15:03:55.915+0530] {processor.py:826} INFO - Processing file /home/shubham/.local/lib/python3.10/site-packages/airflow/example_dags/example_setup_teardown_taskflow.py for tasks to queue
[2023-06-18T15:03:55.916+0530] {logging_mixin.py:149} INFO - [2023-06-18T15:03:55.916+0530] {dagbag.py:541} INFO - Filling up the DagBag from /home/shubham/.local/lib/python3.10/site-packages/airflow/example_dags/example_setup_teardown_taskflow.py
[2023-06-18T15:03:55.917+0530] {processor.py:838} WARNING - No viable dags retrieved from /home/shubham/.local/lib/python3.10/site-packages/airflow/example_dags/example_setup_teardown_taskflow.py
[2023-06-18T15:03:55.924+0530] {processor.py:179} INFO - Processing /home/shubham/.local/lib/python3.10/site-packages/airflow/example_dags/example_setup_teardown_taskflow.py took 0.013 seconds
[2023-06-18T15:04:33.541+0530] {processor.py:157} INFO - Started process (PID=5139) to work on /home/shubham/.local/lib/python3.10/site-packages/airflow/example_dags/example_setup_teardown_taskflow.py
[2023-06-18T15:04:33.543+0530] {processor.py:826} INFO - Processing file /home/shubham/.local/lib/python3.10/site-packages/airflow/example_dags/example_setup_teardown_taskflow.py for tasks to queue
[2023-06-18T15:04:33.543+0530] {logging_mixin.py:149} INFO - [2023-06-18T15:04:33.543+0530] {dagbag.py:541} INFO - Filling up the DagBag from /home/shubham/.local/lib/python3.10/site-packages/airflow/example_dags/example_setup_teardown_taskflow.py
[2023-06-18T15:04:33.544+0530] {processor.py:838} WARNING - No viable dags retrieved from /home/shubham/.local/lib/python3.10/site-packages/airflow/example_dags/example_setup_teardown_taskflow.py
[2023-06-18T15:04:33.552+0530] {processor.py:179} INFO - Processing /home/shubham/.local/lib/python3.10/site-packages/airflow/example_dags/example_setup_teardown_taskflow.py took 0.013 seconds
[2023-06-18T15:05:17.667+0530] {processor.py:157} INFO - Started process (PID=5183) to work on /home/shubham/.local/lib/python3.10/site-packages/airflow/example_dags/example_setup_teardown_taskflow.py
[2023-06-18T15:05:17.668+0530] {processor.py:826} INFO - Processing file /home/shubham/.local/lib/python3.10/site-packages/airflow/example_dags/example_setup_teardown_taskflow.py for tasks to queue
[2023-06-18T15:05:17.668+0530] {logging_mixin.py:149} INFO - [2023-06-18T15:05:17.668+0530] {dagbag.py:541} INFO - Filling up the DagBag from /home/shubham/.local/lib/python3.10/site-packages/airflow/example_dags/example_setup_teardown_taskflow.py
[2023-06-18T15:05:17.670+0530] {processor.py:838} WARNING - No viable dags retrieved from /home/shubham/.local/lib/python3.10/site-packages/airflow/example_dags/example_setup_teardown_taskflow.py
[2023-06-18T15:05:17.677+0530] {processor.py:179} INFO - Processing /home/shubham/.local/lib/python3.10/site-packages/airflow/example_dags/example_setup_teardown_taskflow.py took 0.013 seconds
[2023-06-18T15:06:00.963+0530] {processor.py:157} INFO - Started process (PID=5229) to work on /home/shubham/.local/lib/python3.10/site-packages/airflow/example_dags/example_setup_teardown_taskflow.py
[2023-06-18T15:06:00.964+0530] {processor.py:826} INFO - Processing file /home/shubham/.local/lib/python3.10/site-packages/airflow/example_dags/example_setup_teardown_taskflow.py for tasks to queue
[2023-06-18T15:06:00.965+0530] {logging_mixin.py:149} INFO - [2023-06-18T15:06:00.965+0530] {dagbag.py:541} INFO - Filling up the DagBag from /home/shubham/.local/lib/python3.10/site-packages/airflow/example_dags/example_setup_teardown_taskflow.py
[2023-06-18T15:06:00.966+0530] {processor.py:838} WARNING - No viable dags retrieved from /home/shubham/.local/lib/python3.10/site-packages/airflow/example_dags/example_setup_teardown_taskflow.py
[2023-06-18T15:06:00.973+0530] {processor.py:179} INFO - Processing /home/shubham/.local/lib/python3.10/site-packages/airflow/example_dags/example_setup_teardown_taskflow.py took 0.012 seconds
[2023-06-18T15:06:47.477+0530] {processor.py:157} INFO - Started process (PID=5275) to work on /home/shubham/.local/lib/python3.10/site-packages/airflow/example_dags/example_setup_teardown_taskflow.py
[2023-06-18T15:06:47.479+0530] {processor.py:826} INFO - Processing file /home/shubham/.local/lib/python3.10/site-packages/airflow/example_dags/example_setup_teardown_taskflow.py for tasks to queue
[2023-06-18T15:06:47.480+0530] {logging_mixin.py:149} INFO - [2023-06-18T15:06:47.480+0530] {dagbag.py:541} INFO - Filling up the DagBag from /home/shubham/.local/lib/python3.10/site-packages/airflow/example_dags/example_setup_teardown_taskflow.py
[2023-06-18T15:06:47.482+0530] {processor.py:838} WARNING - No viable dags retrieved from /home/shubham/.local/lib/python3.10/site-packages/airflow/example_dags/example_setup_teardown_taskflow.py
[2023-06-18T15:06:47.492+0530] {processor.py:179} INFO - Processing /home/shubham/.local/lib/python3.10/site-packages/airflow/example_dags/example_setup_teardown_taskflow.py took 0.018 seconds
[2023-06-18T15:07:36.106+0530] {processor.py:157} INFO - Started process (PID=5325) to work on /home/shubham/.local/lib/python3.10/site-packages/airflow/example_dags/example_setup_teardown_taskflow.py
[2023-06-18T15:07:36.109+0530] {processor.py:826} INFO - Processing file /home/shubham/.local/lib/python3.10/site-packages/airflow/example_dags/example_setup_teardown_taskflow.py for tasks to queue
[2023-06-18T15:07:36.109+0530] {logging_mixin.py:149} INFO - [2023-06-18T15:07:36.109+0530] {dagbag.py:541} INFO - Filling up the DagBag from /home/shubham/.local/lib/python3.10/site-packages/airflow/example_dags/example_setup_teardown_taskflow.py
[2023-06-18T15:07:36.111+0530] {processor.py:838} WARNING - No viable dags retrieved from /home/shubham/.local/lib/python3.10/site-packages/airflow/example_dags/example_setup_teardown_taskflow.py
[2023-06-18T15:07:36.120+0530] {processor.py:179} INFO - Processing /home/shubham/.local/lib/python3.10/site-packages/airflow/example_dags/example_setup_teardown_taskflow.py took 0.016 seconds
[2023-06-18T15:08:21.290+0530] {processor.py:157} INFO - Started process (PID=5372) to work on /home/shubham/.local/lib/python3.10/site-packages/airflow/example_dags/example_setup_teardown_taskflow.py
[2023-06-18T15:08:21.292+0530] {processor.py:826} INFO - Processing file /home/shubham/.local/lib/python3.10/site-packages/airflow/example_dags/example_setup_teardown_taskflow.py for tasks to queue
[2023-06-18T15:08:21.293+0530] {logging_mixin.py:149} INFO - [2023-06-18T15:08:21.293+0530] {dagbag.py:541} INFO - Filling up the DagBag from /home/shubham/.local/lib/python3.10/site-packages/airflow/example_dags/example_setup_teardown_taskflow.py
[2023-06-18T15:08:21.295+0530] {processor.py:838} WARNING - No viable dags retrieved from /home/shubham/.local/lib/python3.10/site-packages/airflow/example_dags/example_setup_teardown_taskflow.py
[2023-06-18T15:08:21.306+0530] {processor.py:179} INFO - Processing /home/shubham/.local/lib/python3.10/site-packages/airflow/example_dags/example_setup_teardown_taskflow.py took 0.019 seconds
[2023-06-18T15:09:05.483+0530] {processor.py:157} INFO - Started process (PID=5417) to work on /home/shubham/.local/lib/python3.10/site-packages/airflow/example_dags/example_setup_teardown_taskflow.py
[2023-06-18T15:09:05.485+0530] {processor.py:826} INFO - Processing file /home/shubham/.local/lib/python3.10/site-packages/airflow/example_dags/example_setup_teardown_taskflow.py for tasks to queue
[2023-06-18T15:09:05.486+0530] {logging_mixin.py:149} INFO - [2023-06-18T15:09:05.486+0530] {dagbag.py:541} INFO - Filling up the DagBag from /home/shubham/.local/lib/python3.10/site-packages/airflow/example_dags/example_setup_teardown_taskflow.py
[2023-06-18T15:09:05.488+0530] {processor.py:838} WARNING - No viable dags retrieved from /home/shubham/.local/lib/python3.10/site-packages/airflow/example_dags/example_setup_teardown_taskflow.py
[2023-06-18T15:09:05.498+0530] {processor.py:179} INFO - Processing /home/shubham/.local/lib/python3.10/site-packages/airflow/example_dags/example_setup_teardown_taskflow.py took 0.017 seconds
[2023-06-18T15:09:49.647+0530] {processor.py:157} INFO - Started process (PID=5463) to work on /home/shubham/.local/lib/python3.10/site-packages/airflow/example_dags/example_setup_teardown_taskflow.py
[2023-06-18T15:09:49.649+0530] {processor.py:826} INFO - Processing file /home/shubham/.local/lib/python3.10/site-packages/airflow/example_dags/example_setup_teardown_taskflow.py for tasks to queue
[2023-06-18T15:09:49.649+0530] {logging_mixin.py:149} INFO - [2023-06-18T15:09:49.649+0530] {dagbag.py:541} INFO - Filling up the DagBag from /home/shubham/.local/lib/python3.10/site-packages/airflow/example_dags/example_setup_teardown_taskflow.py
[2023-06-18T15:09:49.651+0530] {processor.py:838} WARNING - No viable dags retrieved from /home/shubham/.local/lib/python3.10/site-packages/airflow/example_dags/example_setup_teardown_taskflow.py
[2023-06-18T15:09:49.661+0530] {processor.py:179} INFO - Processing /home/shubham/.local/lib/python3.10/site-packages/airflow/example_dags/example_setup_teardown_taskflow.py took 0.018 seconds
[2023-06-18T15:10:33.515+0530] {processor.py:157} INFO - Started process (PID=5509) to work on /home/shubham/.local/lib/python3.10/site-packages/airflow/example_dags/example_setup_teardown_taskflow.py
[2023-06-18T15:10:33.517+0530] {processor.py:826} INFO - Processing file /home/shubham/.local/lib/python3.10/site-packages/airflow/example_dags/example_setup_teardown_taskflow.py for tasks to queue
[2023-06-18T15:10:33.518+0530] {logging_mixin.py:149} INFO - [2023-06-18T15:10:33.518+0530] {dagbag.py:541} INFO - Filling up the DagBag from /home/shubham/.local/lib/python3.10/site-packages/airflow/example_dags/example_setup_teardown_taskflow.py
[2023-06-18T15:10:33.520+0530] {processor.py:838} WARNING - No viable dags retrieved from /home/shubham/.local/lib/python3.10/site-packages/airflow/example_dags/example_setup_teardown_taskflow.py
[2023-06-18T15:10:33.533+0530] {processor.py:179} INFO - Processing /home/shubham/.local/lib/python3.10/site-packages/airflow/example_dags/example_setup_teardown_taskflow.py took 0.021 seconds
[2023-06-18T15:11:15.239+0530] {processor.py:157} INFO - Started process (PID=5552) to work on /home/shubham/.local/lib/python3.10/site-packages/airflow/example_dags/example_setup_teardown_taskflow.py
[2023-06-18T15:11:15.243+0530] {processor.py:826} INFO - Processing file /home/shubham/.local/lib/python3.10/site-packages/airflow/example_dags/example_setup_teardown_taskflow.py for tasks to queue
[2023-06-18T15:11:15.243+0530] {logging_mixin.py:149} INFO - [2023-06-18T15:11:15.243+0530] {dagbag.py:541} INFO - Filling up the DagBag from /home/shubham/.local/lib/python3.10/site-packages/airflow/example_dags/example_setup_teardown_taskflow.py
[2023-06-18T15:11:15.245+0530] {processor.py:838} WARNING - No viable dags retrieved from /home/shubham/.local/lib/python3.10/site-packages/airflow/example_dags/example_setup_teardown_taskflow.py
[2023-06-18T15:11:15.257+0530] {processor.py:179} INFO - Processing /home/shubham/.local/lib/python3.10/site-packages/airflow/example_dags/example_setup_teardown_taskflow.py took 0.021 seconds
[2023-06-18T15:11:56.752+0530] {processor.py:157} INFO - Started process (PID=5596) to work on /home/shubham/.local/lib/python3.10/site-packages/airflow/example_dags/example_setup_teardown_taskflow.py
[2023-06-18T15:11:56.754+0530] {processor.py:826} INFO - Processing file /home/shubham/.local/lib/python3.10/site-packages/airflow/example_dags/example_setup_teardown_taskflow.py for tasks to queue
[2023-06-18T15:11:56.754+0530] {logging_mixin.py:149} INFO - [2023-06-18T15:11:56.754+0530] {dagbag.py:541} INFO - Filling up the DagBag from /home/shubham/.local/lib/python3.10/site-packages/airflow/example_dags/example_setup_teardown_taskflow.py
[2023-06-18T15:11:56.756+0530] {processor.py:838} WARNING - No viable dags retrieved from /home/shubham/.local/lib/python3.10/site-packages/airflow/example_dags/example_setup_teardown_taskflow.py
[2023-06-18T15:11:56.765+0530] {processor.py:179} INFO - Processing /home/shubham/.local/lib/python3.10/site-packages/airflow/example_dags/example_setup_teardown_taskflow.py took 0.016 seconds
[2023-06-18T15:12:39.267+0530] {processor.py:157} INFO - Started process (PID=5642) to work on /home/shubham/.local/lib/python3.10/site-packages/airflow/example_dags/example_setup_teardown_taskflow.py
[2023-06-18T15:12:39.269+0530] {processor.py:826} INFO - Processing file /home/shubham/.local/lib/python3.10/site-packages/airflow/example_dags/example_setup_teardown_taskflow.py for tasks to queue
[2023-06-18T15:12:39.270+0530] {logging_mixin.py:149} INFO - [2023-06-18T15:12:39.270+0530] {dagbag.py:541} INFO - Filling up the DagBag from /home/shubham/.local/lib/python3.10/site-packages/airflow/example_dags/example_setup_teardown_taskflow.py
[2023-06-18T15:12:39.272+0530] {processor.py:838} WARNING - No viable dags retrieved from /home/shubham/.local/lib/python3.10/site-packages/airflow/example_dags/example_setup_teardown_taskflow.py
[2023-06-18T15:12:39.282+0530] {processor.py:179} INFO - Processing /home/shubham/.local/lib/python3.10/site-packages/airflow/example_dags/example_setup_teardown_taskflow.py took 0.018 seconds
[2023-06-18T15:13:20.046+0530] {processor.py:157} INFO - Started process (PID=5684) to work on /home/shubham/.local/lib/python3.10/site-packages/airflow/example_dags/example_setup_teardown_taskflow.py
[2023-06-18T15:13:20.049+0530] {processor.py:826} INFO - Processing file /home/shubham/.local/lib/python3.10/site-packages/airflow/example_dags/example_setup_teardown_taskflow.py for tasks to queue
[2023-06-18T15:13:20.050+0530] {logging_mixin.py:149} INFO - [2023-06-18T15:13:20.050+0530] {dagbag.py:541} INFO - Filling up the DagBag from /home/shubham/.local/lib/python3.10/site-packages/airflow/example_dags/example_setup_teardown_taskflow.py
[2023-06-18T15:13:20.051+0530] {processor.py:838} WARNING - No viable dags retrieved from /home/shubham/.local/lib/python3.10/site-packages/airflow/example_dags/example_setup_teardown_taskflow.py
[2023-06-18T15:13:20.060+0530] {processor.py:179} INFO - Processing /home/shubham/.local/lib/python3.10/site-packages/airflow/example_dags/example_setup_teardown_taskflow.py took 0.016 seconds
[2023-06-18T15:14:00.891+0530] {processor.py:157} INFO - Started process (PID=5727) to work on /home/shubham/.local/lib/python3.10/site-packages/airflow/example_dags/example_setup_teardown_taskflow.py
[2023-06-18T15:14:00.893+0530] {processor.py:826} INFO - Processing file /home/shubham/.local/lib/python3.10/site-packages/airflow/example_dags/example_setup_teardown_taskflow.py for tasks to queue
[2023-06-18T15:14:00.893+0530] {logging_mixin.py:149} INFO - [2023-06-18T15:14:00.893+0530] {dagbag.py:541} INFO - Filling up the DagBag from /home/shubham/.local/lib/python3.10/site-packages/airflow/example_dags/example_setup_teardown_taskflow.py
[2023-06-18T15:14:00.895+0530] {processor.py:838} WARNING - No viable dags retrieved from /home/shubham/.local/lib/python3.10/site-packages/airflow/example_dags/example_setup_teardown_taskflow.py
[2023-06-18T15:14:00.905+0530] {processor.py:179} INFO - Processing /home/shubham/.local/lib/python3.10/site-packages/airflow/example_dags/example_setup_teardown_taskflow.py took 0.017 seconds
[2023-06-18T15:14:47.041+0530] {processor.py:157} INFO - Started process (PID=5775) to work on /home/shubham/.local/lib/python3.10/site-packages/airflow/example_dags/example_setup_teardown_taskflow.py
[2023-06-18T15:14:47.043+0530] {processor.py:826} INFO - Processing file /home/shubham/.local/lib/python3.10/site-packages/airflow/example_dags/example_setup_teardown_taskflow.py for tasks to queue
[2023-06-18T15:14:47.044+0530] {logging_mixin.py:149} INFO - [2023-06-18T15:14:47.043+0530] {dagbag.py:541} INFO - Filling up the DagBag from /home/shubham/.local/lib/python3.10/site-packages/airflow/example_dags/example_setup_teardown_taskflow.py
[2023-06-18T15:14:47.045+0530] {processor.py:838} WARNING - No viable dags retrieved from /home/shubham/.local/lib/python3.10/site-packages/airflow/example_dags/example_setup_teardown_taskflow.py
[2023-06-18T15:14:47.054+0530] {processor.py:179} INFO - Processing /home/shubham/.local/lib/python3.10/site-packages/airflow/example_dags/example_setup_teardown_taskflow.py took 0.017 seconds
[2023-06-18T15:15:33.464+0530] {processor.py:157} INFO - Started process (PID=5821) to work on /home/shubham/.local/lib/python3.10/site-packages/airflow/example_dags/example_setup_teardown_taskflow.py
[2023-06-18T15:15:33.466+0530] {processor.py:826} INFO - Processing file /home/shubham/.local/lib/python3.10/site-packages/airflow/example_dags/example_setup_teardown_taskflow.py for tasks to queue
[2023-06-18T15:15:33.466+0530] {logging_mixin.py:149} INFO - [2023-06-18T15:15:33.466+0530] {dagbag.py:541} INFO - Filling up the DagBag from /home/shubham/.local/lib/python3.10/site-packages/airflow/example_dags/example_setup_teardown_taskflow.py
[2023-06-18T15:15:33.468+0530] {processor.py:838} WARNING - No viable dags retrieved from /home/shubham/.local/lib/python3.10/site-packages/airflow/example_dags/example_setup_teardown_taskflow.py
[2023-06-18T15:15:33.478+0530] {processor.py:179} INFO - Processing /home/shubham/.local/lib/python3.10/site-packages/airflow/example_dags/example_setup_teardown_taskflow.py took 0.018 seconds
[2023-06-18T15:16:18.969+0530] {processor.py:157} INFO - Started process (PID=5867) to work on /home/shubham/.local/lib/python3.10/site-packages/airflow/example_dags/example_setup_teardown_taskflow.py
[2023-06-18T15:16:18.972+0530] {processor.py:826} INFO - Processing file /home/shubham/.local/lib/python3.10/site-packages/airflow/example_dags/example_setup_teardown_taskflow.py for tasks to queue
[2023-06-18T15:16:18.972+0530] {logging_mixin.py:149} INFO - [2023-06-18T15:16:18.972+0530] {dagbag.py:541} INFO - Filling up the DagBag from /home/shubham/.local/lib/python3.10/site-packages/airflow/example_dags/example_setup_teardown_taskflow.py
[2023-06-18T15:16:18.974+0530] {processor.py:838} WARNING - No viable dags retrieved from /home/shubham/.local/lib/python3.10/site-packages/airflow/example_dags/example_setup_teardown_taskflow.py
[2023-06-18T15:16:18.984+0530] {processor.py:179} INFO - Processing /home/shubham/.local/lib/python3.10/site-packages/airflow/example_dags/example_setup_teardown_taskflow.py took 0.017 seconds
[2023-06-18T15:17:00.944+0530] {processor.py:157} INFO - Started process (PID=5913) to work on /home/shubham/.local/lib/python3.10/site-packages/airflow/example_dags/example_setup_teardown_taskflow.py
[2023-06-18T15:17:00.946+0530] {processor.py:826} INFO - Processing file /home/shubham/.local/lib/python3.10/site-packages/airflow/example_dags/example_setup_teardown_taskflow.py for tasks to queue
[2023-06-18T15:17:00.947+0530] {logging_mixin.py:149} INFO - [2023-06-18T15:17:00.947+0530] {dagbag.py:541} INFO - Filling up the DagBag from /home/shubham/.local/lib/python3.10/site-packages/airflow/example_dags/example_setup_teardown_taskflow.py
[2023-06-18T15:17:00.948+0530] {processor.py:838} WARNING - No viable dags retrieved from /home/shubham/.local/lib/python3.10/site-packages/airflow/example_dags/example_setup_teardown_taskflow.py
[2023-06-18T15:17:00.958+0530] {processor.py:179} INFO - Processing /home/shubham/.local/lib/python3.10/site-packages/airflow/example_dags/example_setup_teardown_taskflow.py took 0.016 seconds
[2023-06-18T15:17:43.391+0530] {processor.py:157} INFO - Started process (PID=5957) to work on /home/shubham/.local/lib/python3.10/site-packages/airflow/example_dags/example_setup_teardown_taskflow.py
[2023-06-18T15:17:43.393+0530] {processor.py:826} INFO - Processing file /home/shubham/.local/lib/python3.10/site-packages/airflow/example_dags/example_setup_teardown_taskflow.py for tasks to queue
[2023-06-18T15:17:43.393+0530] {logging_mixin.py:149} INFO - [2023-06-18T15:17:43.393+0530] {dagbag.py:541} INFO - Filling up the DagBag from /home/shubham/.local/lib/python3.10/site-packages/airflow/example_dags/example_setup_teardown_taskflow.py
[2023-06-18T15:17:43.395+0530] {processor.py:838} WARNING - No viable dags retrieved from /home/shubham/.local/lib/python3.10/site-packages/airflow/example_dags/example_setup_teardown_taskflow.py
[2023-06-18T15:17:43.405+0530] {processor.py:179} INFO - Processing /home/shubham/.local/lib/python3.10/site-packages/airflow/example_dags/example_setup_teardown_taskflow.py took 0.018 seconds
[2023-06-18T15:18:25.901+0530] {processor.py:157} INFO - Started process (PID=6002) to work on /home/shubham/.local/lib/python3.10/site-packages/airflow/example_dags/example_setup_teardown_taskflow.py
[2023-06-18T15:18:25.903+0530] {processor.py:826} INFO - Processing file /home/shubham/.local/lib/python3.10/site-packages/airflow/example_dags/example_setup_teardown_taskflow.py for tasks to queue
[2023-06-18T15:18:25.903+0530] {logging_mixin.py:149} INFO - [2023-06-18T15:18:25.903+0530] {dagbag.py:541} INFO - Filling up the DagBag from /home/shubham/.local/lib/python3.10/site-packages/airflow/example_dags/example_setup_teardown_taskflow.py
[2023-06-18T15:18:25.905+0530] {processor.py:838} WARNING - No viable dags retrieved from /home/shubham/.local/lib/python3.10/site-packages/airflow/example_dags/example_setup_teardown_taskflow.py
[2023-06-18T15:18:25.914+0530] {processor.py:179} INFO - Processing /home/shubham/.local/lib/python3.10/site-packages/airflow/example_dags/example_setup_teardown_taskflow.py took 0.017 seconds
[2023-06-18T15:19:12.172+0530] {processor.py:157} INFO - Started process (PID=6050) to work on /home/shubham/.local/lib/python3.10/site-packages/airflow/example_dags/example_setup_teardown_taskflow.py
[2023-06-18T15:19:12.174+0530] {processor.py:826} INFO - Processing file /home/shubham/.local/lib/python3.10/site-packages/airflow/example_dags/example_setup_teardown_taskflow.py for tasks to queue
[2023-06-18T15:19:12.175+0530] {logging_mixin.py:149} INFO - [2023-06-18T15:19:12.175+0530] {dagbag.py:541} INFO - Filling up the DagBag from /home/shubham/.local/lib/python3.10/site-packages/airflow/example_dags/example_setup_teardown_taskflow.py
[2023-06-18T15:19:12.177+0530] {processor.py:838} WARNING - No viable dags retrieved from /home/shubham/.local/lib/python3.10/site-packages/airflow/example_dags/example_setup_teardown_taskflow.py
[2023-06-18T15:19:12.190+0530] {processor.py:179} INFO - Processing /home/shubham/.local/lib/python3.10/site-packages/airflow/example_dags/example_setup_teardown_taskflow.py took 0.021 seconds
[2023-06-18T15:19:56.103+0530] {processor.py:157} INFO - Started process (PID=6096) to work on /home/shubham/.local/lib/python3.10/site-packages/airflow/example_dags/example_setup_teardown_taskflow.py
[2023-06-18T15:19:56.105+0530] {processor.py:826} INFO - Processing file /home/shubham/.local/lib/python3.10/site-packages/airflow/example_dags/example_setup_teardown_taskflow.py for tasks to queue
[2023-06-18T15:19:56.105+0530] {logging_mixin.py:149} INFO - [2023-06-18T15:19:56.105+0530] {dagbag.py:541} INFO - Filling up the DagBag from /home/shubham/.local/lib/python3.10/site-packages/airflow/example_dags/example_setup_teardown_taskflow.py
[2023-06-18T15:19:56.107+0530] {processor.py:838} WARNING - No viable dags retrieved from /home/shubham/.local/lib/python3.10/site-packages/airflow/example_dags/example_setup_teardown_taskflow.py
[2023-06-18T15:19:56.116+0530] {processor.py:179} INFO - Processing /home/shubham/.local/lib/python3.10/site-packages/airflow/example_dags/example_setup_teardown_taskflow.py took 0.016 seconds
[2023-06-18T15:20:42.680+0530] {processor.py:157} INFO - Started process (PID=6142) to work on /home/shubham/.local/lib/python3.10/site-packages/airflow/example_dags/example_setup_teardown_taskflow.py
[2023-06-18T15:20:42.683+0530] {processor.py:826} INFO - Processing file /home/shubham/.local/lib/python3.10/site-packages/airflow/example_dags/example_setup_teardown_taskflow.py for tasks to queue
[2023-06-18T15:20:42.685+0530] {logging_mixin.py:149} INFO - [2023-06-18T15:20:42.684+0530] {dagbag.py:541} INFO - Filling up the DagBag from /home/shubham/.local/lib/python3.10/site-packages/airflow/example_dags/example_setup_teardown_taskflow.py
[2023-06-18T15:20:42.689+0530] {processor.py:838} WARNING - No viable dags retrieved from /home/shubham/.local/lib/python3.10/site-packages/airflow/example_dags/example_setup_teardown_taskflow.py
[2023-06-18T15:20:42.741+0530] {processor.py:179} INFO - Processing /home/shubham/.local/lib/python3.10/site-packages/airflow/example_dags/example_setup_teardown_taskflow.py took 0.076 seconds
[2023-06-18T15:21:22.972+0530] {processor.py:157} INFO - Started process (PID=6180) to work on /home/shubham/.local/lib/python3.10/site-packages/airflow/example_dags/example_setup_teardown_taskflow.py
[2023-06-18T15:21:22.974+0530] {processor.py:826} INFO - Processing file /home/shubham/.local/lib/python3.10/site-packages/airflow/example_dags/example_setup_teardown_taskflow.py for tasks to queue
[2023-06-18T15:21:22.975+0530] {logging_mixin.py:149} INFO - [2023-06-18T15:21:22.974+0530] {dagbag.py:541} INFO - Filling up the DagBag from /home/shubham/.local/lib/python3.10/site-packages/airflow/example_dags/example_setup_teardown_taskflow.py
[2023-06-18T15:21:22.976+0530] {processor.py:838} WARNING - No viable dags retrieved from /home/shubham/.local/lib/python3.10/site-packages/airflow/example_dags/example_setup_teardown_taskflow.py
[2023-06-18T15:21:22.990+0530] {processor.py:179} INFO - Processing /home/shubham/.local/lib/python3.10/site-packages/airflow/example_dags/example_setup_teardown_taskflow.py took 0.022 seconds
[2023-06-18T15:47:05.248+0530] {processor.py:157} INFO - Started process (PID=6339) to work on /home/shubham/.local/lib/python3.10/site-packages/airflow/example_dags/example_setup_teardown_taskflow.py
[2023-06-18T15:47:05.250+0530] {processor.py:826} INFO - Processing file /home/shubham/.local/lib/python3.10/site-packages/airflow/example_dags/example_setup_teardown_taskflow.py for tasks to queue
[2023-06-18T15:47:05.251+0530] {logging_mixin.py:149} INFO - [2023-06-18T15:47:05.251+0530] {dagbag.py:541} INFO - Filling up the DagBag from /home/shubham/.local/lib/python3.10/site-packages/airflow/example_dags/example_setup_teardown_taskflow.py
[2023-06-18T15:47:05.254+0530] {processor.py:838} WARNING - No viable dags retrieved from /home/shubham/.local/lib/python3.10/site-packages/airflow/example_dags/example_setup_teardown_taskflow.py
[2023-06-18T15:47:05.268+0530] {processor.py:179} INFO - Processing /home/shubham/.local/lib/python3.10/site-packages/airflow/example_dags/example_setup_teardown_taskflow.py took 0.024 seconds
[2023-06-18T15:47:50.556+0530] {processor.py:157} INFO - Started process (PID=6394) to work on /home/shubham/.local/lib/python3.10/site-packages/airflow/example_dags/example_setup_teardown_taskflow.py
[2023-06-18T15:47:50.558+0530] {processor.py:826} INFO - Processing file /home/shubham/.local/lib/python3.10/site-packages/airflow/example_dags/example_setup_teardown_taskflow.py for tasks to queue
[2023-06-18T15:47:50.558+0530] {logging_mixin.py:149} INFO - [2023-06-18T15:47:50.558+0530] {dagbag.py:541} INFO - Filling up the DagBag from /home/shubham/.local/lib/python3.10/site-packages/airflow/example_dags/example_setup_teardown_taskflow.py
[2023-06-18T15:47:50.560+0530] {processor.py:838} WARNING - No viable dags retrieved from /home/shubham/.local/lib/python3.10/site-packages/airflow/example_dags/example_setup_teardown_taskflow.py
[2023-06-18T15:47:50.568+0530] {processor.py:179} INFO - Processing /home/shubham/.local/lib/python3.10/site-packages/airflow/example_dags/example_setup_teardown_taskflow.py took 0.015 seconds
[2023-06-18T15:48:35.968+0530] {processor.py:157} INFO - Started process (PID=6448) to work on /home/shubham/.local/lib/python3.10/site-packages/airflow/example_dags/example_setup_teardown_taskflow.py
[2023-06-18T15:48:35.972+0530] {processor.py:826} INFO - Processing file /home/shubham/.local/lib/python3.10/site-packages/airflow/example_dags/example_setup_teardown_taskflow.py for tasks to queue
[2023-06-18T15:48:35.973+0530] {logging_mixin.py:149} INFO - [2023-06-18T15:48:35.973+0530] {dagbag.py:541} INFO - Filling up the DagBag from /home/shubham/.local/lib/python3.10/site-packages/airflow/example_dags/example_setup_teardown_taskflow.py
[2023-06-18T15:48:35.977+0530] {processor.py:838} WARNING - No viable dags retrieved from /home/shubham/.local/lib/python3.10/site-packages/airflow/example_dags/example_setup_teardown_taskflow.py
[2023-06-18T15:48:36.005+0530] {processor.py:179} INFO - Processing /home/shubham/.local/lib/python3.10/site-packages/airflow/example_dags/example_setup_teardown_taskflow.py took 0.041 seconds
