[2023-06-18T13:45:25.929+0530] {processor.py:157} INFO - Started process (PID=149) to work on /home/shubham/.local/lib/python3.10/site-packages/airflow/example_dags/example_external_task_marker_dag.py
[2023-06-18T13:45:25.929+0530] {processor.py:826} INFO - Processing file /home/shubham/.local/lib/python3.10/site-packages/airflow/example_dags/example_external_task_marker_dag.py for tasks to queue
[2023-06-18T13:45:25.929+0530] {logging_mixin.py:149} INFO - [2023-06-18T13:45:25.929+0530] {dagbag.py:541} INFO - Filling up the DagBag from /home/shubham/.local/lib/python3.10/site-packages/airflow/example_dags/example_external_task_marker_dag.py
[2023-06-18T13:45:25.933+0530] {processor.py:836} INFO - DAG(s) dict_keys(['example_external_task_marker_child', 'example_external_task_marker_parent']) retrieved from /home/shubham/.local/lib/python3.10/site-packages/airflow/example_dags/example_external_task_marker_dag.py
[2023-06-18T13:45:25.947+0530] {logging_mixin.py:149} INFO - [2023-06-18T13:45:25.947+0530] {dag.py:2726} INFO - Sync 2 DAGs
[2023-06-18T13:45:25.959+0530] {logging_mixin.py:149} INFO - [2023-06-18T13:45:25.958+0530] {dag.py:3486} INFO - Setting next_dagrun for example_external_task_marker_child to None, run_after=None
[2023-06-18T13:45:25.960+0530] {logging_mixin.py:149} INFO - [2023-06-18T13:45:25.960+0530] {dag.py:3486} INFO - Setting next_dagrun for example_external_task_marker_parent to None, run_after=None
[2023-06-18T13:45:25.975+0530] {processor.py:179} INFO - Processing /home/shubham/.local/lib/python3.10/site-packages/airflow/example_dags/example_external_task_marker_dag.py took 0.048 seconds
[2023-06-18T13:46:09.553+0530] {processor.py:157} INFO - Started process (PID=195) to work on /home/shubham/.local/lib/python3.10/site-packages/airflow/example_dags/example_external_task_marker_dag.py
[2023-06-18T13:46:09.555+0530] {processor.py:826} INFO - Processing file /home/shubham/.local/lib/python3.10/site-packages/airflow/example_dags/example_external_task_marker_dag.py for tasks to queue
[2023-06-18T13:46:09.555+0530] {logging_mixin.py:149} INFO - [2023-06-18T13:46:09.555+0530] {dagbag.py:541} INFO - Filling up the DagBag from /home/shubham/.local/lib/python3.10/site-packages/airflow/example_dags/example_external_task_marker_dag.py
[2023-06-18T13:46:09.559+0530] {processor.py:836} INFO - DAG(s) dict_keys(['example_external_task_marker_parent', 'example_external_task_marker_child']) retrieved from /home/shubham/.local/lib/python3.10/site-packages/airflow/example_dags/example_external_task_marker_dag.py
[2023-06-18T13:46:09.573+0530] {logging_mixin.py:149} INFO - [2023-06-18T13:46:09.572+0530] {dag.py:2726} INFO - Sync 2 DAGs
[2023-06-18T13:46:09.583+0530] {logging_mixin.py:149} INFO - [2023-06-18T13:46:09.583+0530] {dag.py:3486} INFO - Setting next_dagrun for example_external_task_marker_child to None, run_after=None
[2023-06-18T13:46:09.585+0530] {logging_mixin.py:149} INFO - [2023-06-18T13:46:09.585+0530] {dag.py:3486} INFO - Setting next_dagrun for example_external_task_marker_parent to None, run_after=None
[2023-06-18T13:46:09.600+0530] {processor.py:179} INFO - Processing /home/shubham/.local/lib/python3.10/site-packages/airflow/example_dags/example_external_task_marker_dag.py took 0.049 seconds
[2023-06-18T13:46:55.892+0530] {processor.py:157} INFO - Started process (PID=243) to work on /home/shubham/.local/lib/python3.10/site-packages/airflow/example_dags/example_external_task_marker_dag.py
[2023-06-18T13:46:55.895+0530] {processor.py:826} INFO - Processing file /home/shubham/.local/lib/python3.10/site-packages/airflow/example_dags/example_external_task_marker_dag.py for tasks to queue
[2023-06-18T13:46:55.896+0530] {logging_mixin.py:149} INFO - [2023-06-18T13:46:55.896+0530] {dagbag.py:541} INFO - Filling up the DagBag from /home/shubham/.local/lib/python3.10/site-packages/airflow/example_dags/example_external_task_marker_dag.py
[2023-06-18T13:46:55.903+0530] {processor.py:836} INFO - DAG(s) dict_keys(['example_external_task_marker_parent', 'example_external_task_marker_child']) retrieved from /home/shubham/.local/lib/python3.10/site-packages/airflow/example_dags/example_external_task_marker_dag.py
[2023-06-18T13:46:55.927+0530] {logging_mixin.py:149} INFO - [2023-06-18T13:46:55.927+0530] {dag.py:2726} INFO - Sync 2 DAGs
[2023-06-18T13:46:55.944+0530] {logging_mixin.py:149} INFO - [2023-06-18T13:46:55.944+0530] {dag.py:3486} INFO - Setting next_dagrun for example_external_task_marker_child to None, run_after=None
[2023-06-18T13:46:55.946+0530] {logging_mixin.py:149} INFO - [2023-06-18T13:46:55.945+0530] {dag.py:3486} INFO - Setting next_dagrun for example_external_task_marker_parent to None, run_after=None
[2023-06-18T13:46:55.960+0530] {processor.py:179} INFO - Processing /home/shubham/.local/lib/python3.10/site-packages/airflow/example_dags/example_external_task_marker_dag.py took 0.071 seconds
[2023-06-18T13:47:44.332+0530] {processor.py:157} INFO - Started process (PID=291) to work on /home/shubham/.local/lib/python3.10/site-packages/airflow/example_dags/example_external_task_marker_dag.py
[2023-06-18T13:47:44.334+0530] {processor.py:826} INFO - Processing file /home/shubham/.local/lib/python3.10/site-packages/airflow/example_dags/example_external_task_marker_dag.py for tasks to queue
[2023-06-18T13:47:44.334+0530] {logging_mixin.py:149} INFO - [2023-06-18T13:47:44.334+0530] {dagbag.py:541} INFO - Filling up the DagBag from /home/shubham/.local/lib/python3.10/site-packages/airflow/example_dags/example_external_task_marker_dag.py
[2023-06-18T13:47:44.338+0530] {processor.py:836} INFO - DAG(s) dict_keys(['example_external_task_marker_parent', 'example_external_task_marker_child']) retrieved from /home/shubham/.local/lib/python3.10/site-packages/airflow/example_dags/example_external_task_marker_dag.py
[2023-06-18T13:47:44.353+0530] {logging_mixin.py:149} INFO - [2023-06-18T13:47:44.353+0530] {dag.py:2726} INFO - Sync 2 DAGs
[2023-06-18T13:47:44.365+0530] {logging_mixin.py:149} INFO - [2023-06-18T13:47:44.365+0530] {dag.py:3486} INFO - Setting next_dagrun for example_external_task_marker_child to None, run_after=None
[2023-06-18T13:47:44.367+0530] {logging_mixin.py:149} INFO - [2023-06-18T13:47:44.367+0530] {dag.py:3486} INFO - Setting next_dagrun for example_external_task_marker_parent to None, run_after=None
[2023-06-18T13:47:44.381+0530] {processor.py:179} INFO - Processing /home/shubham/.local/lib/python3.10/site-packages/airflow/example_dags/example_external_task_marker_dag.py took 0.051 seconds
[2023-06-18T13:52:30.219+0530] {processor.py:157} INFO - Started process (PID=478) to work on /home/shubham/.local/lib/python3.10/site-packages/airflow/example_dags/example_external_task_marker_dag.py
[2023-06-18T13:52:30.221+0530] {processor.py:826} INFO - Processing file /home/shubham/.local/lib/python3.10/site-packages/airflow/example_dags/example_external_task_marker_dag.py for tasks to queue
[2023-06-18T13:52:30.221+0530] {logging_mixin.py:149} INFO - [2023-06-18T13:52:30.221+0530] {dagbag.py:541} INFO - Filling up the DagBag from /home/shubham/.local/lib/python3.10/site-packages/airflow/example_dags/example_external_task_marker_dag.py
[2023-06-18T13:52:30.227+0530] {processor.py:836} INFO - DAG(s) dict_keys(['example_external_task_marker_child', 'example_external_task_marker_parent']) retrieved from /home/shubham/.local/lib/python3.10/site-packages/airflow/example_dags/example_external_task_marker_dag.py
[2023-06-18T13:52:30.248+0530] {logging_mixin.py:149} INFO - [2023-06-18T13:52:30.248+0530] {dag.py:2726} INFO - Sync 2 DAGs
[2023-06-18T13:52:30.266+0530] {logging_mixin.py:149} INFO - [2023-06-18T13:52:30.266+0530] {dag.py:3486} INFO - Setting next_dagrun for example_external_task_marker_child to None, run_after=None
[2023-06-18T13:52:30.268+0530] {logging_mixin.py:149} INFO - [2023-06-18T13:52:30.268+0530] {dag.py:3486} INFO - Setting next_dagrun for example_external_task_marker_parent to None, run_after=None
[2023-06-18T13:52:30.287+0530] {processor.py:179} INFO - Processing /home/shubham/.local/lib/python3.10/site-packages/airflow/example_dags/example_external_task_marker_dag.py took 0.070 seconds
[2023-06-18T13:53:13.498+0530] {processor.py:157} INFO - Started process (PID=524) to work on /home/shubham/.local/lib/python3.10/site-packages/airflow/example_dags/example_external_task_marker_dag.py
[2023-06-18T13:53:13.500+0530] {processor.py:826} INFO - Processing file /home/shubham/.local/lib/python3.10/site-packages/airflow/example_dags/example_external_task_marker_dag.py for tasks to queue
[2023-06-18T13:53:13.500+0530] {logging_mixin.py:149} INFO - [2023-06-18T13:53:13.500+0530] {dagbag.py:541} INFO - Filling up the DagBag from /home/shubham/.local/lib/python3.10/site-packages/airflow/example_dags/example_external_task_marker_dag.py
[2023-06-18T13:53:13.504+0530] {processor.py:836} INFO - DAG(s) dict_keys(['example_external_task_marker_parent', 'example_external_task_marker_child']) retrieved from /home/shubham/.local/lib/python3.10/site-packages/airflow/example_dags/example_external_task_marker_dag.py
[2023-06-18T13:53:13.518+0530] {logging_mixin.py:149} INFO - [2023-06-18T13:53:13.518+0530] {dag.py:2726} INFO - Sync 2 DAGs
[2023-06-18T13:53:13.530+0530] {logging_mixin.py:149} INFO - [2023-06-18T13:53:13.530+0530] {dag.py:3486} INFO - Setting next_dagrun for example_external_task_marker_child to None, run_after=None
[2023-06-18T13:53:13.531+0530] {logging_mixin.py:149} INFO - [2023-06-18T13:53:13.531+0530] {dag.py:3486} INFO - Setting next_dagrun for example_external_task_marker_parent to None, run_after=None
[2023-06-18T13:53:13.547+0530] {processor.py:179} INFO - Processing /home/shubham/.local/lib/python3.10/site-packages/airflow/example_dags/example_external_task_marker_dag.py took 0.051 seconds
[2023-06-18T14:40:04.142+0530] {processor.py:157} INFO - Started process (PID=3244) to work on /home/shubham/.local/lib/python3.10/site-packages/airflow/example_dags/example_external_task_marker_dag.py
[2023-06-18T14:40:04.144+0530] {processor.py:826} INFO - Processing file /home/shubham/.local/lib/python3.10/site-packages/airflow/example_dags/example_external_task_marker_dag.py for tasks to queue
[2023-06-18T14:40:04.144+0530] {logging_mixin.py:149} INFO - [2023-06-18T14:40:04.144+0530] {dagbag.py:541} INFO - Filling up the DagBag from /home/shubham/.local/lib/python3.10/site-packages/airflow/example_dags/example_external_task_marker_dag.py
[2023-06-18T14:40:04.148+0530] {processor.py:836} INFO - DAG(s) dict_keys(['example_external_task_marker_parent', 'example_external_task_marker_child']) retrieved from /home/shubham/.local/lib/python3.10/site-packages/airflow/example_dags/example_external_task_marker_dag.py
[2023-06-18T14:40:04.164+0530] {logging_mixin.py:149} INFO - [2023-06-18T14:40:04.164+0530] {dag.py:2726} INFO - Sync 2 DAGs
[2023-06-18T14:40:04.176+0530] {logging_mixin.py:149} INFO - [2023-06-18T14:40:04.176+0530] {dag.py:3486} INFO - Setting next_dagrun for example_external_task_marker_child to None, run_after=None
[2023-06-18T14:40:04.178+0530] {logging_mixin.py:149} INFO - [2023-06-18T14:40:04.178+0530] {dag.py:3486} INFO - Setting next_dagrun for example_external_task_marker_parent to None, run_after=None
[2023-06-18T14:40:04.193+0530] {processor.py:179} INFO - Processing /home/shubham/.local/lib/python3.10/site-packages/airflow/example_dags/example_external_task_marker_dag.py took 0.053 seconds
[2023-06-18T14:40:50.587+0530] {processor.py:157} INFO - Started process (PID=3298) to work on /home/shubham/.local/lib/python3.10/site-packages/airflow/example_dags/example_external_task_marker_dag.py
[2023-06-18T14:40:50.589+0530] {processor.py:826} INFO - Processing file /home/shubham/.local/lib/python3.10/site-packages/airflow/example_dags/example_external_task_marker_dag.py for tasks to queue
[2023-06-18T14:40:50.589+0530] {logging_mixin.py:149} INFO - [2023-06-18T14:40:50.589+0530] {dagbag.py:541} INFO - Filling up the DagBag from /home/shubham/.local/lib/python3.10/site-packages/airflow/example_dags/example_external_task_marker_dag.py
[2023-06-18T14:40:50.594+0530] {processor.py:836} INFO - DAG(s) dict_keys(['example_external_task_marker_parent', 'example_external_task_marker_child']) retrieved from /home/shubham/.local/lib/python3.10/site-packages/airflow/example_dags/example_external_task_marker_dag.py
[2023-06-18T14:40:50.613+0530] {logging_mixin.py:149} INFO - [2023-06-18T14:40:50.613+0530] {dag.py:2726} INFO - Sync 2 DAGs
[2023-06-18T14:40:50.627+0530] {logging_mixin.py:149} INFO - [2023-06-18T14:40:50.627+0530] {dag.py:3486} INFO - Setting next_dagrun for example_external_task_marker_child to None, run_after=None
[2023-06-18T14:40:50.630+0530] {logging_mixin.py:149} INFO - [2023-06-18T14:40:50.630+0530] {dag.py:3486} INFO - Setting next_dagrun for example_external_task_marker_parent to None, run_after=None
[2023-06-18T14:40:50.647+0530] {processor.py:179} INFO - Processing /home/shubham/.local/lib/python3.10/site-packages/airflow/example_dags/example_external_task_marker_dag.py took 0.062 seconds
[2023-06-18T14:41:34.337+0530] {processor.py:157} INFO - Started process (PID=3618) to work on /home/shubham/.local/lib/python3.10/site-packages/airflow/example_dags/example_external_task_marker_dag.py
[2023-06-18T14:41:34.338+0530] {processor.py:826} INFO - Processing file /home/shubham/.local/lib/python3.10/site-packages/airflow/example_dags/example_external_task_marker_dag.py for tasks to queue
[2023-06-18T14:41:34.339+0530] {logging_mixin.py:149} INFO - [2023-06-18T14:41:34.338+0530] {dagbag.py:541} INFO - Filling up the DagBag from /home/shubham/.local/lib/python3.10/site-packages/airflow/example_dags/example_external_task_marker_dag.py
[2023-06-18T14:41:34.343+0530] {processor.py:836} INFO - DAG(s) dict_keys(['example_external_task_marker_parent', 'example_external_task_marker_child']) retrieved from /home/shubham/.local/lib/python3.10/site-packages/airflow/example_dags/example_external_task_marker_dag.py
[2023-06-18T14:41:34.360+0530] {logging_mixin.py:149} INFO - [2023-06-18T14:41:34.360+0530] {dag.py:2726} INFO - Sync 2 DAGs
[2023-06-18T14:41:34.375+0530] {logging_mixin.py:149} INFO - [2023-06-18T14:41:34.375+0530] {dag.py:3486} INFO - Setting next_dagrun for example_external_task_marker_child to None, run_after=None
[2023-06-18T14:41:34.377+0530] {logging_mixin.py:149} INFO - [2023-06-18T14:41:34.377+0530] {dag.py:3486} INFO - Setting next_dagrun for example_external_task_marker_parent to None, run_after=None
[2023-06-18T14:41:34.393+0530] {processor.py:179} INFO - Processing /home/shubham/.local/lib/python3.10/site-packages/airflow/example_dags/example_external_task_marker_dag.py took 0.059 seconds
[2023-06-18T14:42:19.402+0530] {processor.py:157} INFO - Started process (PID=3706) to work on /home/shubham/.local/lib/python3.10/site-packages/airflow/example_dags/example_external_task_marker_dag.py
[2023-06-18T14:42:19.403+0530] {processor.py:826} INFO - Processing file /home/shubham/.local/lib/python3.10/site-packages/airflow/example_dags/example_external_task_marker_dag.py for tasks to queue
[2023-06-18T14:42:19.404+0530] {logging_mixin.py:149} INFO - [2023-06-18T14:42:19.404+0530] {dagbag.py:541} INFO - Filling up the DagBag from /home/shubham/.local/lib/python3.10/site-packages/airflow/example_dags/example_external_task_marker_dag.py
[2023-06-18T14:42:19.408+0530] {processor.py:836} INFO - DAG(s) dict_keys(['example_external_task_marker_child', 'example_external_task_marker_parent']) retrieved from /home/shubham/.local/lib/python3.10/site-packages/airflow/example_dags/example_external_task_marker_dag.py
[2023-06-18T14:42:19.423+0530] {logging_mixin.py:149} INFO - [2023-06-18T14:42:19.423+0530] {dag.py:2726} INFO - Sync 2 DAGs
[2023-06-18T14:42:19.435+0530] {logging_mixin.py:149} INFO - [2023-06-18T14:42:19.434+0530] {dag.py:3486} INFO - Setting next_dagrun for example_external_task_marker_child to None, run_after=None
[2023-06-18T14:42:19.436+0530] {logging_mixin.py:149} INFO - [2023-06-18T14:42:19.436+0530] {dag.py:3486} INFO - Setting next_dagrun for example_external_task_marker_parent to None, run_after=None
[2023-06-18T14:42:19.452+0530] {processor.py:179} INFO - Processing /home/shubham/.local/lib/python3.10/site-packages/airflow/example_dags/example_external_task_marker_dag.py took 0.052 seconds
[2023-06-18T14:43:07.337+0530] {processor.py:157} INFO - Started process (PID=3794) to work on /home/shubham/.local/lib/python3.10/site-packages/airflow/example_dags/example_external_task_marker_dag.py
[2023-06-18T14:43:07.339+0530] {processor.py:826} INFO - Processing file /home/shubham/.local/lib/python3.10/site-packages/airflow/example_dags/example_external_task_marker_dag.py for tasks to queue
[2023-06-18T14:43:07.339+0530] {logging_mixin.py:149} INFO - [2023-06-18T14:43:07.339+0530] {dagbag.py:541} INFO - Filling up the DagBag from /home/shubham/.local/lib/python3.10/site-packages/airflow/example_dags/example_external_task_marker_dag.py
[2023-06-18T14:43:07.343+0530] {processor.py:836} INFO - DAG(s) dict_keys(['example_external_task_marker_child', 'example_external_task_marker_parent']) retrieved from /home/shubham/.local/lib/python3.10/site-packages/airflow/example_dags/example_external_task_marker_dag.py
[2023-06-18T14:43:07.359+0530] {logging_mixin.py:149} INFO - [2023-06-18T14:43:07.358+0530] {dag.py:2726} INFO - Sync 2 DAGs
[2023-06-18T14:43:07.371+0530] {logging_mixin.py:149} INFO - [2023-06-18T14:43:07.370+0530] {dag.py:3486} INFO - Setting next_dagrun for example_external_task_marker_child to None, run_after=None
[2023-06-18T14:43:07.372+0530] {logging_mixin.py:149} INFO - [2023-06-18T14:43:07.372+0530] {dag.py:3486} INFO - Setting next_dagrun for example_external_task_marker_parent to None, run_after=None
[2023-06-18T14:43:07.388+0530] {processor.py:179} INFO - Processing /home/shubham/.local/lib/python3.10/site-packages/airflow/example_dags/example_external_task_marker_dag.py took 0.052 seconds
[2023-06-18T14:43:57.370+0530] {processor.py:157} INFO - Started process (PID=3843) to work on /home/shubham/.local/lib/python3.10/site-packages/airflow/example_dags/example_external_task_marker_dag.py
[2023-06-18T14:43:57.371+0530] {processor.py:826} INFO - Processing file /home/shubham/.local/lib/python3.10/site-packages/airflow/example_dags/example_external_task_marker_dag.py for tasks to queue
[2023-06-18T14:43:57.371+0530] {logging_mixin.py:149} INFO - [2023-06-18T14:43:57.371+0530] {dagbag.py:541} INFO - Filling up the DagBag from /home/shubham/.local/lib/python3.10/site-packages/airflow/example_dags/example_external_task_marker_dag.py
[2023-06-18T14:43:57.376+0530] {processor.py:836} INFO - DAG(s) dict_keys(['example_external_task_marker_parent', 'example_external_task_marker_child']) retrieved from /home/shubham/.local/lib/python3.10/site-packages/airflow/example_dags/example_external_task_marker_dag.py
[2023-06-18T14:43:57.391+0530] {logging_mixin.py:149} INFO - [2023-06-18T14:43:57.391+0530] {dag.py:2726} INFO - Sync 2 DAGs
[2023-06-18T14:43:57.403+0530] {logging_mixin.py:149} INFO - [2023-06-18T14:43:57.403+0530] {dag.py:3486} INFO - Setting next_dagrun for example_external_task_marker_child to None, run_after=None
[2023-06-18T14:43:57.405+0530] {logging_mixin.py:149} INFO - [2023-06-18T14:43:57.405+0530] {dag.py:3486} INFO - Setting next_dagrun for example_external_task_marker_parent to None, run_after=None
[2023-06-18T14:43:57.421+0530] {processor.py:179} INFO - Processing /home/shubham/.local/lib/python3.10/site-packages/airflow/example_dags/example_external_task_marker_dag.py took 0.053 seconds
[2023-06-18T14:44:41.908+0530] {processor.py:157} INFO - Started process (PID=3890) to work on /home/shubham/.local/lib/python3.10/site-packages/airflow/example_dags/example_external_task_marker_dag.py
[2023-06-18T14:44:41.910+0530] {processor.py:826} INFO - Processing file /home/shubham/.local/lib/python3.10/site-packages/airflow/example_dags/example_external_task_marker_dag.py for tasks to queue
[2023-06-18T14:44:41.910+0530] {logging_mixin.py:149} INFO - [2023-06-18T14:44:41.910+0530] {dagbag.py:541} INFO - Filling up the DagBag from /home/shubham/.local/lib/python3.10/site-packages/airflow/example_dags/example_external_task_marker_dag.py
[2023-06-18T14:44:41.914+0530] {processor.py:836} INFO - DAG(s) dict_keys(['example_external_task_marker_child', 'example_external_task_marker_parent']) retrieved from /home/shubham/.local/lib/python3.10/site-packages/airflow/example_dags/example_external_task_marker_dag.py
[2023-06-18T14:44:41.929+0530] {logging_mixin.py:149} INFO - [2023-06-18T14:44:41.929+0530] {dag.py:2726} INFO - Sync 2 DAGs
[2023-06-18T14:44:41.941+0530] {logging_mixin.py:149} INFO - [2023-06-18T14:44:41.941+0530] {dag.py:3486} INFO - Setting next_dagrun for example_external_task_marker_child to None, run_after=None
[2023-06-18T14:44:41.943+0530] {logging_mixin.py:149} INFO - [2023-06-18T14:44:41.943+0530] {dag.py:3486} INFO - Setting next_dagrun for example_external_task_marker_parent to None, run_after=None
[2023-06-18T14:44:41.958+0530] {processor.py:179} INFO - Processing /home/shubham/.local/lib/python3.10/site-packages/airflow/example_dags/example_external_task_marker_dag.py took 0.052 seconds
[2023-06-18T14:45:24.671+0530] {processor.py:157} INFO - Started process (PID=3936) to work on /home/shubham/.local/lib/python3.10/site-packages/airflow/example_dags/example_external_task_marker_dag.py
[2023-06-18T14:45:24.673+0530] {processor.py:826} INFO - Processing file /home/shubham/.local/lib/python3.10/site-packages/airflow/example_dags/example_external_task_marker_dag.py for tasks to queue
[2023-06-18T14:45:24.673+0530] {logging_mixin.py:149} INFO - [2023-06-18T14:45:24.673+0530] {dagbag.py:541} INFO - Filling up the DagBag from /home/shubham/.local/lib/python3.10/site-packages/airflow/example_dags/example_external_task_marker_dag.py
[2023-06-18T14:45:24.677+0530] {processor.py:836} INFO - DAG(s) dict_keys(['example_external_task_marker_parent', 'example_external_task_marker_child']) retrieved from /home/shubham/.local/lib/python3.10/site-packages/airflow/example_dags/example_external_task_marker_dag.py
[2023-06-18T14:45:24.692+0530] {logging_mixin.py:149} INFO - [2023-06-18T14:45:24.692+0530] {dag.py:2726} INFO - Sync 2 DAGs
[2023-06-18T14:45:24.704+0530] {logging_mixin.py:149} INFO - [2023-06-18T14:45:24.704+0530] {dag.py:3486} INFO - Setting next_dagrun for example_external_task_marker_child to None, run_after=None
[2023-06-18T14:45:24.706+0530] {logging_mixin.py:149} INFO - [2023-06-18T14:45:24.705+0530] {dag.py:3486} INFO - Setting next_dagrun for example_external_task_marker_parent to None, run_after=None
[2023-06-18T14:45:24.721+0530] {processor.py:179} INFO - Processing /home/shubham/.local/lib/python3.10/site-packages/airflow/example_dags/example_external_task_marker_dag.py took 0.052 seconds
[2023-06-18T14:46:10.931+0530] {processor.py:157} INFO - Started process (PID=3982) to work on /home/shubham/.local/lib/python3.10/site-packages/airflow/example_dags/example_external_task_marker_dag.py
[2023-06-18T14:46:10.932+0530] {processor.py:826} INFO - Processing file /home/shubham/.local/lib/python3.10/site-packages/airflow/example_dags/example_external_task_marker_dag.py for tasks to queue
[2023-06-18T14:46:10.933+0530] {logging_mixin.py:149} INFO - [2023-06-18T14:46:10.932+0530] {dagbag.py:541} INFO - Filling up the DagBag from /home/shubham/.local/lib/python3.10/site-packages/airflow/example_dags/example_external_task_marker_dag.py
[2023-06-18T14:46:10.937+0530] {processor.py:836} INFO - DAG(s) dict_keys(['example_external_task_marker_child', 'example_external_task_marker_parent']) retrieved from /home/shubham/.local/lib/python3.10/site-packages/airflow/example_dags/example_external_task_marker_dag.py
[2023-06-18T14:46:10.952+0530] {logging_mixin.py:149} INFO - [2023-06-18T14:46:10.951+0530] {dag.py:2726} INFO - Sync 2 DAGs
[2023-06-18T14:46:10.963+0530] {logging_mixin.py:149} INFO - [2023-06-18T14:46:10.963+0530] {dag.py:3486} INFO - Setting next_dagrun for example_external_task_marker_child to None, run_after=None
[2023-06-18T14:46:10.965+0530] {logging_mixin.py:149} INFO - [2023-06-18T14:46:10.965+0530] {dag.py:3486} INFO - Setting next_dagrun for example_external_task_marker_parent to None, run_after=None
[2023-06-18T14:46:10.980+0530] {processor.py:179} INFO - Processing /home/shubham/.local/lib/python3.10/site-packages/airflow/example_dags/example_external_task_marker_dag.py took 0.052 seconds
[2023-06-18T14:46:57.253+0530] {processor.py:157} INFO - Started process (PID=4030) to work on /home/shubham/.local/lib/python3.10/site-packages/airflow/example_dags/example_external_task_marker_dag.py
[2023-06-18T14:46:57.254+0530] {processor.py:826} INFO - Processing file /home/shubham/.local/lib/python3.10/site-packages/airflow/example_dags/example_external_task_marker_dag.py for tasks to queue
[2023-06-18T14:46:57.254+0530] {logging_mixin.py:149} INFO - [2023-06-18T14:46:57.254+0530] {dagbag.py:541} INFO - Filling up the DagBag from /home/shubham/.local/lib/python3.10/site-packages/airflow/example_dags/example_external_task_marker_dag.py
[2023-06-18T14:46:57.258+0530] {processor.py:836} INFO - DAG(s) dict_keys(['example_external_task_marker_child', 'example_external_task_marker_parent']) retrieved from /home/shubham/.local/lib/python3.10/site-packages/airflow/example_dags/example_external_task_marker_dag.py
[2023-06-18T14:46:57.273+0530] {logging_mixin.py:149} INFO - [2023-06-18T14:46:57.273+0530] {dag.py:2726} INFO - Sync 2 DAGs
[2023-06-18T14:46:57.286+0530] {logging_mixin.py:149} INFO - [2023-06-18T14:46:57.285+0530] {dag.py:3486} INFO - Setting next_dagrun for example_external_task_marker_child to None, run_after=None
[2023-06-18T14:46:57.287+0530] {logging_mixin.py:149} INFO - [2023-06-18T14:46:57.287+0530] {dag.py:3486} INFO - Setting next_dagrun for example_external_task_marker_parent to None, run_after=None
[2023-06-18T14:46:57.302+0530] {processor.py:179} INFO - Processing /home/shubham/.local/lib/python3.10/site-packages/airflow/example_dags/example_external_task_marker_dag.py took 0.052 seconds
[2023-06-18T14:47:42.028+0530] {processor.py:157} INFO - Started process (PID=4078) to work on /home/shubham/.local/lib/python3.10/site-packages/airflow/example_dags/example_external_task_marker_dag.py
[2023-06-18T14:47:42.029+0530] {processor.py:826} INFO - Processing file /home/shubham/.local/lib/python3.10/site-packages/airflow/example_dags/example_external_task_marker_dag.py for tasks to queue
[2023-06-18T14:47:42.030+0530] {logging_mixin.py:149} INFO - [2023-06-18T14:47:42.030+0530] {dagbag.py:541} INFO - Filling up the DagBag from /home/shubham/.local/lib/python3.10/site-packages/airflow/example_dags/example_external_task_marker_dag.py
[2023-06-18T14:47:42.034+0530] {processor.py:836} INFO - DAG(s) dict_keys(['example_external_task_marker_child', 'example_external_task_marker_parent']) retrieved from /home/shubham/.local/lib/python3.10/site-packages/airflow/example_dags/example_external_task_marker_dag.py
[2023-06-18T14:47:42.049+0530] {logging_mixin.py:149} INFO - [2023-06-18T14:47:42.049+0530] {dag.py:2726} INFO - Sync 2 DAGs
[2023-06-18T14:47:42.063+0530] {logging_mixin.py:149} INFO - [2023-06-18T14:47:42.063+0530] {dag.py:3486} INFO - Setting next_dagrun for example_external_task_marker_child to None, run_after=None
[2023-06-18T14:47:42.064+0530] {logging_mixin.py:149} INFO - [2023-06-18T14:47:42.064+0530] {dag.py:3486} INFO - Setting next_dagrun for example_external_task_marker_parent to None, run_after=None
[2023-06-18T14:47:42.079+0530] {processor.py:179} INFO - Processing /home/shubham/.local/lib/python3.10/site-packages/airflow/example_dags/example_external_task_marker_dag.py took 0.053 seconds
[2023-06-18T14:48:24.542+0530] {processor.py:157} INFO - Started process (PID=4122) to work on /home/shubham/.local/lib/python3.10/site-packages/airflow/example_dags/example_external_task_marker_dag.py
[2023-06-18T14:48:24.544+0530] {processor.py:826} INFO - Processing file /home/shubham/.local/lib/python3.10/site-packages/airflow/example_dags/example_external_task_marker_dag.py for tasks to queue
[2023-06-18T14:48:24.544+0530] {logging_mixin.py:149} INFO - [2023-06-18T14:48:24.544+0530] {dagbag.py:541} INFO - Filling up the DagBag from /home/shubham/.local/lib/python3.10/site-packages/airflow/example_dags/example_external_task_marker_dag.py
[2023-06-18T14:48:24.548+0530] {processor.py:836} INFO - DAG(s) dict_keys(['example_external_task_marker_child', 'example_external_task_marker_parent']) retrieved from /home/shubham/.local/lib/python3.10/site-packages/airflow/example_dags/example_external_task_marker_dag.py
[2023-06-18T14:48:24.565+0530] {logging_mixin.py:149} INFO - [2023-06-18T14:48:24.565+0530] {dag.py:2726} INFO - Sync 2 DAGs
[2023-06-18T14:48:24.577+0530] {logging_mixin.py:149} INFO - [2023-06-18T14:48:24.577+0530] {dag.py:3486} INFO - Setting next_dagrun for example_external_task_marker_child to None, run_after=None
[2023-06-18T14:48:24.579+0530] {logging_mixin.py:149} INFO - [2023-06-18T14:48:24.579+0530] {dag.py:3486} INFO - Setting next_dagrun for example_external_task_marker_parent to None, run_after=None
[2023-06-18T14:48:24.595+0530] {processor.py:179} INFO - Processing /home/shubham/.local/lib/python3.10/site-packages/airflow/example_dags/example_external_task_marker_dag.py took 0.055 seconds
[2023-06-18T14:49:08.241+0530] {processor.py:157} INFO - Started process (PID=4168) to work on /home/shubham/.local/lib/python3.10/site-packages/airflow/example_dags/example_external_task_marker_dag.py
[2023-06-18T14:49:08.243+0530] {processor.py:826} INFO - Processing file /home/shubham/.local/lib/python3.10/site-packages/airflow/example_dags/example_external_task_marker_dag.py for tasks to queue
[2023-06-18T14:49:08.243+0530] {logging_mixin.py:149} INFO - [2023-06-18T14:49:08.243+0530] {dagbag.py:541} INFO - Filling up the DagBag from /home/shubham/.local/lib/python3.10/site-packages/airflow/example_dags/example_external_task_marker_dag.py
[2023-06-18T14:49:08.247+0530] {processor.py:836} INFO - DAG(s) dict_keys(['example_external_task_marker_child', 'example_external_task_marker_parent']) retrieved from /home/shubham/.local/lib/python3.10/site-packages/airflow/example_dags/example_external_task_marker_dag.py
[2023-06-18T14:49:08.263+0530] {logging_mixin.py:149} INFO - [2023-06-18T14:49:08.263+0530] {dag.py:2726} INFO - Sync 2 DAGs
[2023-06-18T14:49:08.276+0530] {logging_mixin.py:149} INFO - [2023-06-18T14:49:08.275+0530] {dag.py:3486} INFO - Setting next_dagrun for example_external_task_marker_child to None, run_after=None
[2023-06-18T14:49:08.277+0530] {logging_mixin.py:149} INFO - [2023-06-18T14:49:08.277+0530] {dag.py:3486} INFO - Setting next_dagrun for example_external_task_marker_parent to None, run_after=None
[2023-06-18T14:49:08.293+0530] {processor.py:179} INFO - Processing /home/shubham/.local/lib/python3.10/site-packages/airflow/example_dags/example_external_task_marker_dag.py took 0.054 seconds
[2023-06-18T14:49:50.827+0530] {processor.py:157} INFO - Started process (PID=4213) to work on /home/shubham/.local/lib/python3.10/site-packages/airflow/example_dags/example_external_task_marker_dag.py
[2023-06-18T14:49:50.829+0530] {processor.py:826} INFO - Processing file /home/shubham/.local/lib/python3.10/site-packages/airflow/example_dags/example_external_task_marker_dag.py for tasks to queue
[2023-06-18T14:49:50.829+0530] {logging_mixin.py:149} INFO - [2023-06-18T14:49:50.829+0530] {dagbag.py:541} INFO - Filling up the DagBag from /home/shubham/.local/lib/python3.10/site-packages/airflow/example_dags/example_external_task_marker_dag.py
[2023-06-18T14:49:50.833+0530] {processor.py:836} INFO - DAG(s) dict_keys(['example_external_task_marker_parent', 'example_external_task_marker_child']) retrieved from /home/shubham/.local/lib/python3.10/site-packages/airflow/example_dags/example_external_task_marker_dag.py
[2023-06-18T14:49:50.849+0530] {logging_mixin.py:149} INFO - [2023-06-18T14:49:50.849+0530] {dag.py:2726} INFO - Sync 2 DAGs
[2023-06-18T14:49:50.861+0530] {logging_mixin.py:149} INFO - [2023-06-18T14:49:50.861+0530] {dag.py:3486} INFO - Setting next_dagrun for example_external_task_marker_child to None, run_after=None
[2023-06-18T14:49:50.862+0530] {logging_mixin.py:149} INFO - [2023-06-18T14:49:50.862+0530] {dag.py:3486} INFO - Setting next_dagrun for example_external_task_marker_parent to None, run_after=None
[2023-06-18T14:49:50.878+0530] {processor.py:179} INFO - Processing /home/shubham/.local/lib/python3.10/site-packages/airflow/example_dags/example_external_task_marker_dag.py took 0.053 seconds
[2023-06-18T14:50:46.520+0530] {processor.py:157} INFO - Started process (PID=4271) to work on /home/shubham/.local/lib/python3.10/site-packages/airflow/example_dags/example_external_task_marker_dag.py
[2023-06-18T14:50:46.522+0530] {processor.py:826} INFO - Processing file /home/shubham/.local/lib/python3.10/site-packages/airflow/example_dags/example_external_task_marker_dag.py for tasks to queue
[2023-06-18T14:50:46.522+0530] {logging_mixin.py:149} INFO - [2023-06-18T14:50:46.522+0530] {dagbag.py:541} INFO - Filling up the DagBag from /home/shubham/.local/lib/python3.10/site-packages/airflow/example_dags/example_external_task_marker_dag.py
[2023-06-18T14:50:46.526+0530] {processor.py:836} INFO - DAG(s) dict_keys(['example_external_task_marker_parent', 'example_external_task_marker_child']) retrieved from /home/shubham/.local/lib/python3.10/site-packages/airflow/example_dags/example_external_task_marker_dag.py
[2023-06-18T14:50:46.542+0530] {logging_mixin.py:149} INFO - [2023-06-18T14:50:46.542+0530] {dag.py:2726} INFO - Sync 2 DAGs
[2023-06-18T14:50:46.554+0530] {logging_mixin.py:149} INFO - [2023-06-18T14:50:46.554+0530] {dag.py:3486} INFO - Setting next_dagrun for example_external_task_marker_child to None, run_after=None
[2023-06-18T14:50:46.555+0530] {logging_mixin.py:149} INFO - [2023-06-18T14:50:46.555+0530] {dag.py:3486} INFO - Setting next_dagrun for example_external_task_marker_parent to None, run_after=None
[2023-06-18T14:50:46.571+0530] {processor.py:179} INFO - Processing /home/shubham/.local/lib/python3.10/site-packages/airflow/example_dags/example_external_task_marker_dag.py took 0.053 seconds
[2023-06-18T14:51:40.668+0530] {processor.py:157} INFO - Started process (PID=4328) to work on /home/shubham/.local/lib/python3.10/site-packages/airflow/example_dags/example_external_task_marker_dag.py
[2023-06-18T14:51:40.670+0530] {processor.py:826} INFO - Processing file /home/shubham/.local/lib/python3.10/site-packages/airflow/example_dags/example_external_task_marker_dag.py for tasks to queue
[2023-06-18T14:51:40.670+0530] {logging_mixin.py:149} INFO - [2023-06-18T14:51:40.670+0530] {dagbag.py:541} INFO - Filling up the DagBag from /home/shubham/.local/lib/python3.10/site-packages/airflow/example_dags/example_external_task_marker_dag.py
[2023-06-18T14:51:40.674+0530] {processor.py:836} INFO - DAG(s) dict_keys(['example_external_task_marker_child', 'example_external_task_marker_parent']) retrieved from /home/shubham/.local/lib/python3.10/site-packages/airflow/example_dags/example_external_task_marker_dag.py
[2023-06-18T14:51:40.689+0530] {logging_mixin.py:149} INFO - [2023-06-18T14:51:40.689+0530] {dag.py:2726} INFO - Sync 2 DAGs
[2023-06-18T14:51:40.701+0530] {logging_mixin.py:149} INFO - [2023-06-18T14:51:40.701+0530] {dag.py:3486} INFO - Setting next_dagrun for example_external_task_marker_child to None, run_after=None
[2023-06-18T14:51:40.703+0530] {logging_mixin.py:149} INFO - [2023-06-18T14:51:40.703+0530] {dag.py:3486} INFO - Setting next_dagrun for example_external_task_marker_parent to None, run_after=None
[2023-06-18T14:51:40.718+0530] {processor.py:179} INFO - Processing /home/shubham/.local/lib/python3.10/site-packages/airflow/example_dags/example_external_task_marker_dag.py took 0.052 seconds
[2023-06-18T14:52:24.665+0530] {processor.py:157} INFO - Started process (PID=4375) to work on /home/shubham/.local/lib/python3.10/site-packages/airflow/example_dags/example_external_task_marker_dag.py
[2023-06-18T14:52:24.667+0530] {processor.py:826} INFO - Processing file /home/shubham/.local/lib/python3.10/site-packages/airflow/example_dags/example_external_task_marker_dag.py for tasks to queue
[2023-06-18T14:52:24.667+0530] {logging_mixin.py:149} INFO - [2023-06-18T14:52:24.667+0530] {dagbag.py:541} INFO - Filling up the DagBag from /home/shubham/.local/lib/python3.10/site-packages/airflow/example_dags/example_external_task_marker_dag.py
[2023-06-18T14:52:24.672+0530] {processor.py:836} INFO - DAG(s) dict_keys(['example_external_task_marker_child', 'example_external_task_marker_parent']) retrieved from /home/shubham/.local/lib/python3.10/site-packages/airflow/example_dags/example_external_task_marker_dag.py
[2023-06-18T14:52:24.687+0530] {logging_mixin.py:149} INFO - [2023-06-18T14:52:24.686+0530] {dag.py:2726} INFO - Sync 2 DAGs
[2023-06-18T14:52:24.698+0530] {logging_mixin.py:149} INFO - [2023-06-18T14:52:24.698+0530] {dag.py:3486} INFO - Setting next_dagrun for example_external_task_marker_child to None, run_after=None
[2023-06-18T14:52:24.700+0530] {logging_mixin.py:149} INFO - [2023-06-18T14:52:24.700+0530] {dag.py:3486} INFO - Setting next_dagrun for example_external_task_marker_parent to None, run_after=None
[2023-06-18T14:52:24.715+0530] {processor.py:179} INFO - Processing /home/shubham/.local/lib/python3.10/site-packages/airflow/example_dags/example_external_task_marker_dag.py took 0.052 seconds
[2023-06-18T14:53:08.610+0530] {processor.py:157} INFO - Started process (PID=4420) to work on /home/shubham/.local/lib/python3.10/site-packages/airflow/example_dags/example_external_task_marker_dag.py
[2023-06-18T14:53:08.611+0530] {processor.py:826} INFO - Processing file /home/shubham/.local/lib/python3.10/site-packages/airflow/example_dags/example_external_task_marker_dag.py for tasks to queue
[2023-06-18T14:53:08.612+0530] {logging_mixin.py:149} INFO - [2023-06-18T14:53:08.612+0530] {dagbag.py:541} INFO - Filling up the DagBag from /home/shubham/.local/lib/python3.10/site-packages/airflow/example_dags/example_external_task_marker_dag.py
[2023-06-18T14:53:08.617+0530] {processor.py:836} INFO - DAG(s) dict_keys(['example_external_task_marker_child', 'example_external_task_marker_parent']) retrieved from /home/shubham/.local/lib/python3.10/site-packages/airflow/example_dags/example_external_task_marker_dag.py
[2023-06-18T14:53:08.633+0530] {logging_mixin.py:149} INFO - [2023-06-18T14:53:08.633+0530] {dag.py:2726} INFO - Sync 2 DAGs
[2023-06-18T14:53:08.651+0530] {logging_mixin.py:149} INFO - [2023-06-18T14:53:08.650+0530] {dag.py:3486} INFO - Setting next_dagrun for example_external_task_marker_child to None, run_after=None
[2023-06-18T14:53:08.653+0530] {logging_mixin.py:149} INFO - [2023-06-18T14:53:08.653+0530] {dag.py:3486} INFO - Setting next_dagrun for example_external_task_marker_parent to None, run_after=None
[2023-06-18T14:53:08.669+0530] {processor.py:179} INFO - Processing /home/shubham/.local/lib/python3.10/site-packages/airflow/example_dags/example_external_task_marker_dag.py took 0.062 seconds
[2023-06-18T14:53:54.262+0530] {processor.py:157} INFO - Started process (PID=4466) to work on /home/shubham/.local/lib/python3.10/site-packages/airflow/example_dags/example_external_task_marker_dag.py
[2023-06-18T14:53:54.263+0530] {processor.py:826} INFO - Processing file /home/shubham/.local/lib/python3.10/site-packages/airflow/example_dags/example_external_task_marker_dag.py for tasks to queue
[2023-06-18T14:53:54.264+0530] {logging_mixin.py:149} INFO - [2023-06-18T14:53:54.263+0530] {dagbag.py:541} INFO - Filling up the DagBag from /home/shubham/.local/lib/python3.10/site-packages/airflow/example_dags/example_external_task_marker_dag.py
[2023-06-18T14:53:54.268+0530] {processor.py:836} INFO - DAG(s) dict_keys(['example_external_task_marker_child', 'example_external_task_marker_parent']) retrieved from /home/shubham/.local/lib/python3.10/site-packages/airflow/example_dags/example_external_task_marker_dag.py
[2023-06-18T14:53:54.283+0530] {logging_mixin.py:149} INFO - [2023-06-18T14:53:54.283+0530] {dag.py:2726} INFO - Sync 2 DAGs
[2023-06-18T14:53:54.295+0530] {logging_mixin.py:149} INFO - [2023-06-18T14:53:54.295+0530] {dag.py:3486} INFO - Setting next_dagrun for example_external_task_marker_child to None, run_after=None
[2023-06-18T14:53:54.297+0530] {logging_mixin.py:149} INFO - [2023-06-18T14:53:54.297+0530] {dag.py:3486} INFO - Setting next_dagrun for example_external_task_marker_parent to None, run_after=None
[2023-06-18T14:53:54.312+0530] {processor.py:179} INFO - Processing /home/shubham/.local/lib/python3.10/site-packages/airflow/example_dags/example_external_task_marker_dag.py took 0.053 seconds
[2023-06-18T14:54:40.831+0530] {processor.py:157} INFO - Started process (PID=4514) to work on /home/shubham/.local/lib/python3.10/site-packages/airflow/example_dags/example_external_task_marker_dag.py
[2023-06-18T14:54:40.832+0530] {processor.py:826} INFO - Processing file /home/shubham/.local/lib/python3.10/site-packages/airflow/example_dags/example_external_task_marker_dag.py for tasks to queue
[2023-06-18T14:54:40.833+0530] {logging_mixin.py:149} INFO - [2023-06-18T14:54:40.833+0530] {dagbag.py:541} INFO - Filling up the DagBag from /home/shubham/.local/lib/python3.10/site-packages/airflow/example_dags/example_external_task_marker_dag.py
[2023-06-18T14:54:40.837+0530] {processor.py:836} INFO - DAG(s) dict_keys(['example_external_task_marker_child', 'example_external_task_marker_parent']) retrieved from /home/shubham/.local/lib/python3.10/site-packages/airflow/example_dags/example_external_task_marker_dag.py
[2023-06-18T14:54:40.852+0530] {logging_mixin.py:149} INFO - [2023-06-18T14:54:40.852+0530] {dag.py:2726} INFO - Sync 2 DAGs
[2023-06-18T14:54:40.865+0530] {logging_mixin.py:149} INFO - [2023-06-18T14:54:40.865+0530] {dag.py:3486} INFO - Setting next_dagrun for example_external_task_marker_child to None, run_after=None
[2023-06-18T14:54:40.866+0530] {logging_mixin.py:149} INFO - [2023-06-18T14:54:40.866+0530] {dag.py:3486} INFO - Setting next_dagrun for example_external_task_marker_parent to None, run_after=None
[2023-06-18T14:54:40.883+0530] {processor.py:179} INFO - Processing /home/shubham/.local/lib/python3.10/site-packages/airflow/example_dags/example_external_task_marker_dag.py took 0.054 seconds
[2023-06-18T14:55:23.519+0530] {processor.py:157} INFO - Started process (PID=4560) to work on /home/shubham/.local/lib/python3.10/site-packages/airflow/example_dags/example_external_task_marker_dag.py
[2023-06-18T14:55:23.520+0530] {processor.py:826} INFO - Processing file /home/shubham/.local/lib/python3.10/site-packages/airflow/example_dags/example_external_task_marker_dag.py for tasks to queue
[2023-06-18T14:55:23.521+0530] {logging_mixin.py:149} INFO - [2023-06-18T14:55:23.521+0530] {dagbag.py:541} INFO - Filling up the DagBag from /home/shubham/.local/lib/python3.10/site-packages/airflow/example_dags/example_external_task_marker_dag.py
[2023-06-18T14:55:23.525+0530] {processor.py:836} INFO - DAG(s) dict_keys(['example_external_task_marker_child', 'example_external_task_marker_parent']) retrieved from /home/shubham/.local/lib/python3.10/site-packages/airflow/example_dags/example_external_task_marker_dag.py
[2023-06-18T14:55:23.541+0530] {logging_mixin.py:149} INFO - [2023-06-18T14:55:23.541+0530] {dag.py:2726} INFO - Sync 2 DAGs
[2023-06-18T14:55:23.553+0530] {logging_mixin.py:149} INFO - [2023-06-18T14:55:23.553+0530] {dag.py:3486} INFO - Setting next_dagrun for example_external_task_marker_child to None, run_after=None
[2023-06-18T14:55:23.555+0530] {logging_mixin.py:149} INFO - [2023-06-18T14:55:23.555+0530] {dag.py:3486} INFO - Setting next_dagrun for example_external_task_marker_parent to None, run_after=None
[2023-06-18T14:55:23.570+0530] {processor.py:179} INFO - Processing /home/shubham/.local/lib/python3.10/site-packages/airflow/example_dags/example_external_task_marker_dag.py took 0.053 seconds
[2023-06-18T14:56:08.945+0530] {processor.py:157} INFO - Started process (PID=4607) to work on /home/shubham/.local/lib/python3.10/site-packages/airflow/example_dags/example_external_task_marker_dag.py
[2023-06-18T14:56:08.946+0530] {processor.py:826} INFO - Processing file /home/shubham/.local/lib/python3.10/site-packages/airflow/example_dags/example_external_task_marker_dag.py for tasks to queue
[2023-06-18T14:56:08.946+0530] {logging_mixin.py:149} INFO - [2023-06-18T14:56:08.946+0530] {dagbag.py:541} INFO - Filling up the DagBag from /home/shubham/.local/lib/python3.10/site-packages/airflow/example_dags/example_external_task_marker_dag.py
[2023-06-18T14:56:08.951+0530] {processor.py:836} INFO - DAG(s) dict_keys(['example_external_task_marker_parent', 'example_external_task_marker_child']) retrieved from /home/shubham/.local/lib/python3.10/site-packages/airflow/example_dags/example_external_task_marker_dag.py
[2023-06-18T14:56:08.966+0530] {logging_mixin.py:149} INFO - [2023-06-18T14:56:08.966+0530] {dag.py:2726} INFO - Sync 2 DAGs
[2023-06-18T14:56:08.978+0530] {logging_mixin.py:149} INFO - [2023-06-18T14:56:08.978+0530] {dag.py:3486} INFO - Setting next_dagrun for example_external_task_marker_child to None, run_after=None
[2023-06-18T14:56:08.980+0530] {logging_mixin.py:149} INFO - [2023-06-18T14:56:08.980+0530] {dag.py:3486} INFO - Setting next_dagrun for example_external_task_marker_parent to None, run_after=None
[2023-06-18T14:56:08.995+0530] {processor.py:179} INFO - Processing /home/shubham/.local/lib/python3.10/site-packages/airflow/example_dags/example_external_task_marker_dag.py took 0.052 seconds
[2023-06-18T14:56:52.780+0530] {processor.py:157} INFO - Started process (PID=4653) to work on /home/shubham/.local/lib/python3.10/site-packages/airflow/example_dags/example_external_task_marker_dag.py
[2023-06-18T14:56:52.782+0530] {processor.py:826} INFO - Processing file /home/shubham/.local/lib/python3.10/site-packages/airflow/example_dags/example_external_task_marker_dag.py for tasks to queue
[2023-06-18T14:56:52.782+0530] {logging_mixin.py:149} INFO - [2023-06-18T14:56:52.782+0530] {dagbag.py:541} INFO - Filling up the DagBag from /home/shubham/.local/lib/python3.10/site-packages/airflow/example_dags/example_external_task_marker_dag.py
[2023-06-18T14:56:52.786+0530] {processor.py:836} INFO - DAG(s) dict_keys(['example_external_task_marker_parent', 'example_external_task_marker_child']) retrieved from /home/shubham/.local/lib/python3.10/site-packages/airflow/example_dags/example_external_task_marker_dag.py
[2023-06-18T14:56:52.801+0530] {logging_mixin.py:149} INFO - [2023-06-18T14:56:52.801+0530] {dag.py:2726} INFO - Sync 2 DAGs
[2023-06-18T14:56:52.812+0530] {logging_mixin.py:149} INFO - [2023-06-18T14:56:52.812+0530] {dag.py:3486} INFO - Setting next_dagrun for example_external_task_marker_child to None, run_after=None
[2023-06-18T14:56:52.814+0530] {logging_mixin.py:149} INFO - [2023-06-18T14:56:52.814+0530] {dag.py:3486} INFO - Setting next_dagrun for example_external_task_marker_parent to None, run_after=None
[2023-06-18T14:56:52.829+0530] {processor.py:179} INFO - Processing /home/shubham/.local/lib/python3.10/site-packages/airflow/example_dags/example_external_task_marker_dag.py took 0.051 seconds
[2023-06-18T14:57:35.093+0530] {processor.py:157} INFO - Started process (PID=4701) to work on /home/shubham/.local/lib/python3.10/site-packages/airflow/example_dags/example_external_task_marker_dag.py
[2023-06-18T14:57:35.094+0530] {processor.py:826} INFO - Processing file /home/shubham/.local/lib/python3.10/site-packages/airflow/example_dags/example_external_task_marker_dag.py for tasks to queue
[2023-06-18T14:57:35.094+0530] {logging_mixin.py:149} INFO - [2023-06-18T14:57:35.094+0530] {dagbag.py:541} INFO - Filling up the DagBag from /home/shubham/.local/lib/python3.10/site-packages/airflow/example_dags/example_external_task_marker_dag.py
[2023-06-18T14:57:35.098+0530] {processor.py:836} INFO - DAG(s) dict_keys(['example_external_task_marker_parent', 'example_external_task_marker_child']) retrieved from /home/shubham/.local/lib/python3.10/site-packages/airflow/example_dags/example_external_task_marker_dag.py
[2023-06-18T14:57:35.114+0530] {logging_mixin.py:149} INFO - [2023-06-18T14:57:35.114+0530] {dag.py:2726} INFO - Sync 2 DAGs
[2023-06-18T14:57:35.126+0530] {logging_mixin.py:149} INFO - [2023-06-18T14:57:35.126+0530] {dag.py:3486} INFO - Setting next_dagrun for example_external_task_marker_child to None, run_after=None
[2023-06-18T14:57:35.128+0530] {logging_mixin.py:149} INFO - [2023-06-18T14:57:35.127+0530] {dag.py:3486} INFO - Setting next_dagrun for example_external_task_marker_parent to None, run_after=None
[2023-06-18T14:57:35.143+0530] {processor.py:179} INFO - Processing /home/shubham/.local/lib/python3.10/site-packages/airflow/example_dags/example_external_task_marker_dag.py took 0.052 seconds
[2023-06-18T14:58:19.075+0530] {processor.py:157} INFO - Started process (PID=4747) to work on /home/shubham/.local/lib/python3.10/site-packages/airflow/example_dags/example_external_task_marker_dag.py
[2023-06-18T14:58:19.076+0530] {processor.py:826} INFO - Processing file /home/shubham/.local/lib/python3.10/site-packages/airflow/example_dags/example_external_task_marker_dag.py for tasks to queue
[2023-06-18T14:58:19.076+0530] {logging_mixin.py:149} INFO - [2023-06-18T14:58:19.076+0530] {dagbag.py:541} INFO - Filling up the DagBag from /home/shubham/.local/lib/python3.10/site-packages/airflow/example_dags/example_external_task_marker_dag.py
[2023-06-18T14:58:19.081+0530] {processor.py:836} INFO - DAG(s) dict_keys(['example_external_task_marker_child', 'example_external_task_marker_parent']) retrieved from /home/shubham/.local/lib/python3.10/site-packages/airflow/example_dags/example_external_task_marker_dag.py
[2023-06-18T14:58:19.096+0530] {logging_mixin.py:149} INFO - [2023-06-18T14:58:19.096+0530] {dag.py:2726} INFO - Sync 2 DAGs
[2023-06-18T14:58:19.108+0530] {logging_mixin.py:149} INFO - [2023-06-18T14:58:19.108+0530] {dag.py:3486} INFO - Setting next_dagrun for example_external_task_marker_child to None, run_after=None
[2023-06-18T14:58:19.110+0530] {logging_mixin.py:149} INFO - [2023-06-18T14:58:19.110+0530] {dag.py:3486} INFO - Setting next_dagrun for example_external_task_marker_parent to None, run_after=None
[2023-06-18T14:58:19.125+0530] {processor.py:179} INFO - Processing /home/shubham/.local/lib/python3.10/site-packages/airflow/example_dags/example_external_task_marker_dag.py took 0.053 seconds
[2023-06-18T14:59:15.524+0530] {processor.py:157} INFO - Started process (PID=4806) to work on /home/shubham/.local/lib/python3.10/site-packages/airflow/example_dags/example_external_task_marker_dag.py
[2023-06-18T14:59:15.526+0530] {processor.py:826} INFO - Processing file /home/shubham/.local/lib/python3.10/site-packages/airflow/example_dags/example_external_task_marker_dag.py for tasks to queue
[2023-06-18T14:59:15.526+0530] {logging_mixin.py:149} INFO - [2023-06-18T14:59:15.526+0530] {dagbag.py:541} INFO - Filling up the DagBag from /home/shubham/.local/lib/python3.10/site-packages/airflow/example_dags/example_external_task_marker_dag.py
[2023-06-18T14:59:15.530+0530] {processor.py:836} INFO - DAG(s) dict_keys(['example_external_task_marker_child', 'example_external_task_marker_parent']) retrieved from /home/shubham/.local/lib/python3.10/site-packages/airflow/example_dags/example_external_task_marker_dag.py
[2023-06-18T14:59:15.545+0530] {logging_mixin.py:149} INFO - [2023-06-18T14:59:15.545+0530] {dag.py:2726} INFO - Sync 2 DAGs
[2023-06-18T14:59:15.557+0530] {logging_mixin.py:149} INFO - [2023-06-18T14:59:15.557+0530] {dag.py:3486} INFO - Setting next_dagrun for example_external_task_marker_child to None, run_after=None
[2023-06-18T14:59:15.559+0530] {logging_mixin.py:149} INFO - [2023-06-18T14:59:15.559+0530] {dag.py:3486} INFO - Setting next_dagrun for example_external_task_marker_parent to None, run_after=None
[2023-06-18T14:59:15.574+0530] {processor.py:179} INFO - Processing /home/shubham/.local/lib/python3.10/site-packages/airflow/example_dags/example_external_task_marker_dag.py took 0.052 seconds
[2023-06-18T15:00:09.023+0530] {processor.py:157} INFO - Started process (PID=4863) to work on /home/shubham/.local/lib/python3.10/site-packages/airflow/example_dags/example_external_task_marker_dag.py
[2023-06-18T15:00:09.024+0530] {processor.py:826} INFO - Processing file /home/shubham/.local/lib/python3.10/site-packages/airflow/example_dags/example_external_task_marker_dag.py for tasks to queue
[2023-06-18T15:00:09.024+0530] {logging_mixin.py:149} INFO - [2023-06-18T15:00:09.024+0530] {dagbag.py:541} INFO - Filling up the DagBag from /home/shubham/.local/lib/python3.10/site-packages/airflow/example_dags/example_external_task_marker_dag.py
[2023-06-18T15:00:09.028+0530] {processor.py:836} INFO - DAG(s) dict_keys(['example_external_task_marker_parent', 'example_external_task_marker_child']) retrieved from /home/shubham/.local/lib/python3.10/site-packages/airflow/example_dags/example_external_task_marker_dag.py
[2023-06-18T15:00:09.043+0530] {logging_mixin.py:149} INFO - [2023-06-18T15:00:09.043+0530] {dag.py:2726} INFO - Sync 2 DAGs
[2023-06-18T15:00:09.056+0530] {logging_mixin.py:149} INFO - [2023-06-18T15:00:09.056+0530] {dag.py:3486} INFO - Setting next_dagrun for example_external_task_marker_child to None, run_after=None
[2023-06-18T15:00:09.058+0530] {logging_mixin.py:149} INFO - [2023-06-18T15:00:09.058+0530] {dag.py:3486} INFO - Setting next_dagrun for example_external_task_marker_parent to None, run_after=None
[2023-06-18T15:00:09.073+0530] {processor.py:179} INFO - Processing /home/shubham/.local/lib/python3.10/site-packages/airflow/example_dags/example_external_task_marker_dag.py took 0.053 seconds
[2023-06-18T15:00:58.017+0530] {processor.py:157} INFO - Started process (PID=4913) to work on /home/shubham/.local/lib/python3.10/site-packages/airflow/example_dags/example_external_task_marker_dag.py
[2023-06-18T15:00:58.019+0530] {processor.py:826} INFO - Processing file /home/shubham/.local/lib/python3.10/site-packages/airflow/example_dags/example_external_task_marker_dag.py for tasks to queue
[2023-06-18T15:00:58.019+0530] {logging_mixin.py:149} INFO - [2023-06-18T15:00:58.019+0530] {dagbag.py:541} INFO - Filling up the DagBag from /home/shubham/.local/lib/python3.10/site-packages/airflow/example_dags/example_external_task_marker_dag.py
[2023-06-18T15:00:58.023+0530] {processor.py:836} INFO - DAG(s) dict_keys(['example_external_task_marker_child', 'example_external_task_marker_parent']) retrieved from /home/shubham/.local/lib/python3.10/site-packages/airflow/example_dags/example_external_task_marker_dag.py
[2023-06-18T15:00:58.039+0530] {logging_mixin.py:149} INFO - [2023-06-18T15:00:58.039+0530] {dag.py:2726} INFO - Sync 2 DAGs
[2023-06-18T15:00:58.051+0530] {logging_mixin.py:149} INFO - [2023-06-18T15:00:58.051+0530] {dag.py:3486} INFO - Setting next_dagrun for example_external_task_marker_child to None, run_after=None
[2023-06-18T15:00:58.052+0530] {logging_mixin.py:149} INFO - [2023-06-18T15:00:58.052+0530] {dag.py:3486} INFO - Setting next_dagrun for example_external_task_marker_parent to None, run_after=None
[2023-06-18T15:00:58.068+0530] {processor.py:179} INFO - Processing /home/shubham/.local/lib/python3.10/site-packages/airflow/example_dags/example_external_task_marker_dag.py took 0.053 seconds
[2023-06-18T15:01:43.683+0530] {processor.py:157} INFO - Started process (PID=4959) to work on /home/shubham/.local/lib/python3.10/site-packages/airflow/example_dags/example_external_task_marker_dag.py
[2023-06-18T15:01:43.685+0530] {processor.py:826} INFO - Processing file /home/shubham/.local/lib/python3.10/site-packages/airflow/example_dags/example_external_task_marker_dag.py for tasks to queue
[2023-06-18T15:01:43.685+0530] {logging_mixin.py:149} INFO - [2023-06-18T15:01:43.685+0530] {dagbag.py:541} INFO - Filling up the DagBag from /home/shubham/.local/lib/python3.10/site-packages/airflow/example_dags/example_external_task_marker_dag.py
[2023-06-18T15:01:43.689+0530] {processor.py:836} INFO - DAG(s) dict_keys(['example_external_task_marker_child', 'example_external_task_marker_parent']) retrieved from /home/shubham/.local/lib/python3.10/site-packages/airflow/example_dags/example_external_task_marker_dag.py
[2023-06-18T15:01:43.705+0530] {logging_mixin.py:149} INFO - [2023-06-18T15:01:43.705+0530] {dag.py:2726} INFO - Sync 2 DAGs
[2023-06-18T15:01:43.717+0530] {logging_mixin.py:149} INFO - [2023-06-18T15:01:43.716+0530] {dag.py:3486} INFO - Setting next_dagrun for example_external_task_marker_child to None, run_after=None
[2023-06-18T15:01:43.718+0530] {logging_mixin.py:149} INFO - [2023-06-18T15:01:43.718+0530] {dag.py:3486} INFO - Setting next_dagrun for example_external_task_marker_parent to None, run_after=None
[2023-06-18T15:01:43.733+0530] {processor.py:179} INFO - Processing /home/shubham/.local/lib/python3.10/site-packages/airflow/example_dags/example_external_task_marker_dag.py took 0.053 seconds
[2023-06-18T15:02:28.962+0530] {processor.py:157} INFO - Started process (PID=5008) to work on /home/shubham/.local/lib/python3.10/site-packages/airflow/example_dags/example_external_task_marker_dag.py
[2023-06-18T15:02:28.963+0530] {processor.py:826} INFO - Processing file /home/shubham/.local/lib/python3.10/site-packages/airflow/example_dags/example_external_task_marker_dag.py for tasks to queue
[2023-06-18T15:02:28.964+0530] {logging_mixin.py:149} INFO - [2023-06-18T15:02:28.963+0530] {dagbag.py:541} INFO - Filling up the DagBag from /home/shubham/.local/lib/python3.10/site-packages/airflow/example_dags/example_external_task_marker_dag.py
[2023-06-18T15:02:28.968+0530] {processor.py:836} INFO - DAG(s) dict_keys(['example_external_task_marker_child', 'example_external_task_marker_parent']) retrieved from /home/shubham/.local/lib/python3.10/site-packages/airflow/example_dags/example_external_task_marker_dag.py
[2023-06-18T15:02:28.983+0530] {logging_mixin.py:149} INFO - [2023-06-18T15:02:28.983+0530] {dag.py:2726} INFO - Sync 2 DAGs
[2023-06-18T15:02:28.996+0530] {logging_mixin.py:149} INFO - [2023-06-18T15:02:28.996+0530] {dag.py:3486} INFO - Setting next_dagrun for example_external_task_marker_child to None, run_after=None
[2023-06-18T15:02:28.998+0530] {logging_mixin.py:149} INFO - [2023-06-18T15:02:28.998+0530] {dag.py:3486} INFO - Setting next_dagrun for example_external_task_marker_parent to None, run_after=None
[2023-06-18T15:02:29.012+0530] {processor.py:179} INFO - Processing /home/shubham/.local/lib/python3.10/site-packages/airflow/example_dags/example_external_task_marker_dag.py took 0.053 seconds
[2023-06-18T15:03:21.699+0530] {processor.py:157} INFO - Started process (PID=5064) to work on /home/shubham/.local/lib/python3.10/site-packages/airflow/example_dags/example_external_task_marker_dag.py
[2023-06-18T15:03:21.700+0530] {processor.py:826} INFO - Processing file /home/shubham/.local/lib/python3.10/site-packages/airflow/example_dags/example_external_task_marker_dag.py for tasks to queue
[2023-06-18T15:03:21.701+0530] {logging_mixin.py:149} INFO - [2023-06-18T15:03:21.701+0530] {dagbag.py:541} INFO - Filling up the DagBag from /home/shubham/.local/lib/python3.10/site-packages/airflow/example_dags/example_external_task_marker_dag.py
[2023-06-18T15:03:21.705+0530] {processor.py:836} INFO - DAG(s) dict_keys(['example_external_task_marker_parent', 'example_external_task_marker_child']) retrieved from /home/shubham/.local/lib/python3.10/site-packages/airflow/example_dags/example_external_task_marker_dag.py
[2023-06-18T15:03:21.720+0530] {logging_mixin.py:149} INFO - [2023-06-18T15:03:21.720+0530] {dag.py:2726} INFO - Sync 2 DAGs
[2023-06-18T15:03:21.732+0530] {logging_mixin.py:149} INFO - [2023-06-18T15:03:21.731+0530] {dag.py:3486} INFO - Setting next_dagrun for example_external_task_marker_child to None, run_after=None
[2023-06-18T15:03:21.733+0530] {logging_mixin.py:149} INFO - [2023-06-18T15:03:21.733+0530] {dag.py:3486} INFO - Setting next_dagrun for example_external_task_marker_parent to None, run_after=None
[2023-06-18T15:03:21.748+0530] {processor.py:179} INFO - Processing /home/shubham/.local/lib/python3.10/site-packages/airflow/example_dags/example_external_task_marker_dag.py took 0.051 seconds
[2023-06-18T15:04:07.865+0530] {processor.py:157} INFO - Started process (PID=5110) to work on /home/shubham/.local/lib/python3.10/site-packages/airflow/example_dags/example_external_task_marker_dag.py
[2023-06-18T15:04:07.867+0530] {processor.py:826} INFO - Processing file /home/shubham/.local/lib/python3.10/site-packages/airflow/example_dags/example_external_task_marker_dag.py for tasks to queue
[2023-06-18T15:04:07.868+0530] {logging_mixin.py:149} INFO - [2023-06-18T15:04:07.867+0530] {dagbag.py:541} INFO - Filling up the DagBag from /home/shubham/.local/lib/python3.10/site-packages/airflow/example_dags/example_external_task_marker_dag.py
[2023-06-18T15:04:07.872+0530] {processor.py:836} INFO - DAG(s) dict_keys(['example_external_task_marker_parent', 'example_external_task_marker_child']) retrieved from /home/shubham/.local/lib/python3.10/site-packages/airflow/example_dags/example_external_task_marker_dag.py
[2023-06-18T15:04:07.887+0530] {logging_mixin.py:149} INFO - [2023-06-18T15:04:07.887+0530] {dag.py:2726} INFO - Sync 2 DAGs
[2023-06-18T15:04:07.899+0530] {logging_mixin.py:149} INFO - [2023-06-18T15:04:07.899+0530] {dag.py:3486} INFO - Setting next_dagrun for example_external_task_marker_child to None, run_after=None
[2023-06-18T15:04:07.901+0530] {logging_mixin.py:149} INFO - [2023-06-18T15:04:07.901+0530] {dag.py:3486} INFO - Setting next_dagrun for example_external_task_marker_parent to None, run_after=None
[2023-06-18T15:04:07.916+0530] {processor.py:179} INFO - Processing /home/shubham/.local/lib/python3.10/site-packages/airflow/example_dags/example_external_task_marker_dag.py took 0.053 seconds
[2023-06-18T15:04:51.216+0530] {processor.py:157} INFO - Started process (PID=5156) to work on /home/shubham/.local/lib/python3.10/site-packages/airflow/example_dags/example_external_task_marker_dag.py
[2023-06-18T15:04:51.218+0530] {processor.py:826} INFO - Processing file /home/shubham/.local/lib/python3.10/site-packages/airflow/example_dags/example_external_task_marker_dag.py for tasks to queue
[2023-06-18T15:04:51.218+0530] {logging_mixin.py:149} INFO - [2023-06-18T15:04:51.218+0530] {dagbag.py:541} INFO - Filling up the DagBag from /home/shubham/.local/lib/python3.10/site-packages/airflow/example_dags/example_external_task_marker_dag.py
[2023-06-18T15:04:51.222+0530] {processor.py:836} INFO - DAG(s) dict_keys(['example_external_task_marker_child', 'example_external_task_marker_parent']) retrieved from /home/shubham/.local/lib/python3.10/site-packages/airflow/example_dags/example_external_task_marker_dag.py
[2023-06-18T15:04:51.237+0530] {logging_mixin.py:149} INFO - [2023-06-18T15:04:51.237+0530] {dag.py:2726} INFO - Sync 2 DAGs
[2023-06-18T15:04:51.249+0530] {logging_mixin.py:149} INFO - [2023-06-18T15:04:51.249+0530] {dag.py:3486} INFO - Setting next_dagrun for example_external_task_marker_child to None, run_after=None
[2023-06-18T15:04:51.250+0530] {logging_mixin.py:149} INFO - [2023-06-18T15:04:51.250+0530] {dag.py:3486} INFO - Setting next_dagrun for example_external_task_marker_parent to None, run_after=None
[2023-06-18T15:04:51.266+0530] {processor.py:179} INFO - Processing /home/shubham/.local/lib/python3.10/site-packages/airflow/example_dags/example_external_task_marker_dag.py took 0.052 seconds
[2023-06-18T15:05:37.449+0530] {processor.py:157} INFO - Started process (PID=5204) to work on /home/shubham/.local/lib/python3.10/site-packages/airflow/example_dags/example_external_task_marker_dag.py
[2023-06-18T15:05:37.450+0530] {processor.py:826} INFO - Processing file /home/shubham/.local/lib/python3.10/site-packages/airflow/example_dags/example_external_task_marker_dag.py for tasks to queue
[2023-06-18T15:05:37.451+0530] {logging_mixin.py:149} INFO - [2023-06-18T15:05:37.450+0530] {dagbag.py:541} INFO - Filling up the DagBag from /home/shubham/.local/lib/python3.10/site-packages/airflow/example_dags/example_external_task_marker_dag.py
[2023-06-18T15:05:37.455+0530] {processor.py:836} INFO - DAG(s) dict_keys(['example_external_task_marker_parent', 'example_external_task_marker_child']) retrieved from /home/shubham/.local/lib/python3.10/site-packages/airflow/example_dags/example_external_task_marker_dag.py
[2023-06-18T15:05:37.470+0530] {logging_mixin.py:149} INFO - [2023-06-18T15:05:37.470+0530] {dag.py:2726} INFO - Sync 2 DAGs
[2023-06-18T15:05:37.482+0530] {logging_mixin.py:149} INFO - [2023-06-18T15:05:37.482+0530] {dag.py:3486} INFO - Setting next_dagrun for example_external_task_marker_child to None, run_after=None
[2023-06-18T15:05:37.484+0530] {logging_mixin.py:149} INFO - [2023-06-18T15:05:37.484+0530] {dag.py:3486} INFO - Setting next_dagrun for example_external_task_marker_parent to None, run_after=None
[2023-06-18T15:05:37.499+0530] {processor.py:179} INFO - Processing /home/shubham/.local/lib/python3.10/site-packages/airflow/example_dags/example_external_task_marker_dag.py took 0.053 seconds
[2023-06-18T15:06:34.802+0530] {processor.py:157} INFO - Started process (PID=5263) to work on /home/shubham/.local/lib/python3.10/site-packages/airflow/example_dags/example_external_task_marker_dag.py
[2023-06-18T15:06:34.806+0530] {processor.py:826} INFO - Processing file /home/shubham/.local/lib/python3.10/site-packages/airflow/example_dags/example_external_task_marker_dag.py for tasks to queue
[2023-06-18T15:06:34.807+0530] {logging_mixin.py:149} INFO - [2023-06-18T15:06:34.807+0530] {dagbag.py:541} INFO - Filling up the DagBag from /home/shubham/.local/lib/python3.10/site-packages/airflow/example_dags/example_external_task_marker_dag.py
[2023-06-18T15:06:34.824+0530] {processor.py:836} INFO - DAG(s) dict_keys(['example_external_task_marker_parent', 'example_external_task_marker_child']) retrieved from /home/shubham/.local/lib/python3.10/site-packages/airflow/example_dags/example_external_task_marker_dag.py
[2023-06-18T15:06:34.892+0530] {logging_mixin.py:149} INFO - [2023-06-18T15:06:34.892+0530] {dag.py:2726} INFO - Sync 2 DAGs
[2023-06-18T15:06:34.949+0530] {logging_mixin.py:149} INFO - [2023-06-18T15:06:34.948+0530] {dag.py:3486} INFO - Setting next_dagrun for example_external_task_marker_child to None, run_after=None
[2023-06-18T15:06:34.959+0530] {logging_mixin.py:149} INFO - [2023-06-18T15:06:34.958+0530] {dag.py:3486} INFO - Setting next_dagrun for example_external_task_marker_parent to None, run_after=None
[2023-06-18T15:06:35.010+0530] {processor.py:179} INFO - Processing /home/shubham/.local/lib/python3.10/site-packages/airflow/example_dags/example_external_task_marker_dag.py took 0.215 seconds
[2023-06-18T15:07:24.576+0530] {processor.py:157} INFO - Started process (PID=5313) to work on /home/shubham/.local/lib/python3.10/site-packages/airflow/example_dags/example_external_task_marker_dag.py
[2023-06-18T15:07:24.578+0530] {processor.py:826} INFO - Processing file /home/shubham/.local/lib/python3.10/site-packages/airflow/example_dags/example_external_task_marker_dag.py for tasks to queue
[2023-06-18T15:07:24.579+0530] {logging_mixin.py:149} INFO - [2023-06-18T15:07:24.579+0530] {dagbag.py:541} INFO - Filling up the DagBag from /home/shubham/.local/lib/python3.10/site-packages/airflow/example_dags/example_external_task_marker_dag.py
[2023-06-18T15:07:24.585+0530] {processor.py:836} INFO - DAG(s) dict_keys(['example_external_task_marker_parent', 'example_external_task_marker_child']) retrieved from /home/shubham/.local/lib/python3.10/site-packages/airflow/example_dags/example_external_task_marker_dag.py
[2023-06-18T15:07:24.606+0530] {logging_mixin.py:149} INFO - [2023-06-18T15:07:24.606+0530] {dag.py:2726} INFO - Sync 2 DAGs
[2023-06-18T15:07:24.623+0530] {logging_mixin.py:149} INFO - [2023-06-18T15:07:24.623+0530] {dag.py:3486} INFO - Setting next_dagrun for example_external_task_marker_child to None, run_after=None
[2023-06-18T15:07:24.626+0530] {logging_mixin.py:149} INFO - [2023-06-18T15:07:24.626+0530] {dag.py:3486} INFO - Setting next_dagrun for example_external_task_marker_parent to None, run_after=None
[2023-06-18T15:07:24.650+0530] {processor.py:179} INFO - Processing /home/shubham/.local/lib/python3.10/site-packages/airflow/example_dags/example_external_task_marker_dag.py took 0.077 seconds
[2023-06-18T15:08:10.166+0530] {processor.py:157} INFO - Started process (PID=5360) to work on /home/shubham/.local/lib/python3.10/site-packages/airflow/example_dags/example_external_task_marker_dag.py
[2023-06-18T15:08:10.168+0530] {processor.py:826} INFO - Processing file /home/shubham/.local/lib/python3.10/site-packages/airflow/example_dags/example_external_task_marker_dag.py for tasks to queue
[2023-06-18T15:08:10.169+0530] {logging_mixin.py:149} INFO - [2023-06-18T15:08:10.169+0530] {dagbag.py:541} INFO - Filling up the DagBag from /home/shubham/.local/lib/python3.10/site-packages/airflow/example_dags/example_external_task_marker_dag.py
[2023-06-18T15:08:10.174+0530] {processor.py:836} INFO - DAG(s) dict_keys(['example_external_task_marker_parent', 'example_external_task_marker_child']) retrieved from /home/shubham/.local/lib/python3.10/site-packages/airflow/example_dags/example_external_task_marker_dag.py
[2023-06-18T15:08:10.199+0530] {logging_mixin.py:149} INFO - [2023-06-18T15:08:10.199+0530] {dag.py:2726} INFO - Sync 2 DAGs
[2023-06-18T15:08:10.217+0530] {logging_mixin.py:149} INFO - [2023-06-18T15:08:10.217+0530] {dag.py:3486} INFO - Setting next_dagrun for example_external_task_marker_child to None, run_after=None
[2023-06-18T15:08:10.220+0530] {logging_mixin.py:149} INFO - [2023-06-18T15:08:10.219+0530] {dag.py:3486} INFO - Setting next_dagrun for example_external_task_marker_parent to None, run_after=None
[2023-06-18T15:08:10.243+0530] {processor.py:179} INFO - Processing /home/shubham/.local/lib/python3.10/site-packages/airflow/example_dags/example_external_task_marker_dag.py took 0.080 seconds
[2023-06-18T15:08:54.358+0530] {processor.py:157} INFO - Started process (PID=5406) to work on /home/shubham/.local/lib/python3.10/site-packages/airflow/example_dags/example_external_task_marker_dag.py
[2023-06-18T15:08:54.360+0530] {processor.py:826} INFO - Processing file /home/shubham/.local/lib/python3.10/site-packages/airflow/example_dags/example_external_task_marker_dag.py for tasks to queue
[2023-06-18T15:08:54.360+0530] {logging_mixin.py:149} INFO - [2023-06-18T15:08:54.360+0530] {dagbag.py:541} INFO - Filling up the DagBag from /home/shubham/.local/lib/python3.10/site-packages/airflow/example_dags/example_external_task_marker_dag.py
[2023-06-18T15:08:54.366+0530] {processor.py:836} INFO - DAG(s) dict_keys(['example_external_task_marker_child', 'example_external_task_marker_parent']) retrieved from /home/shubham/.local/lib/python3.10/site-packages/airflow/example_dags/example_external_task_marker_dag.py
[2023-06-18T15:08:54.387+0530] {logging_mixin.py:149} INFO - [2023-06-18T15:08:54.387+0530] {dag.py:2726} INFO - Sync 2 DAGs
[2023-06-18T15:08:54.405+0530] {logging_mixin.py:149} INFO - [2023-06-18T15:08:54.405+0530] {dag.py:3486} INFO - Setting next_dagrun for example_external_task_marker_child to None, run_after=None
[2023-06-18T15:08:54.407+0530] {logging_mixin.py:149} INFO - [2023-06-18T15:08:54.407+0530] {dag.py:3486} INFO - Setting next_dagrun for example_external_task_marker_parent to None, run_after=None
[2023-06-18T15:08:54.431+0530] {processor.py:179} INFO - Processing /home/shubham/.local/lib/python3.10/site-packages/airflow/example_dags/example_external_task_marker_dag.py took 0.076 seconds
[2023-06-18T15:09:38.421+0530] {processor.py:157} INFO - Started process (PID=5452) to work on /home/shubham/.local/lib/python3.10/site-packages/airflow/example_dags/example_external_task_marker_dag.py
[2023-06-18T15:09:38.423+0530] {processor.py:826} INFO - Processing file /home/shubham/.local/lib/python3.10/site-packages/airflow/example_dags/example_external_task_marker_dag.py for tasks to queue
[2023-06-18T15:09:38.424+0530] {logging_mixin.py:149} INFO - [2023-06-18T15:09:38.424+0530] {dagbag.py:541} INFO - Filling up the DagBag from /home/shubham/.local/lib/python3.10/site-packages/airflow/example_dags/example_external_task_marker_dag.py
[2023-06-18T15:09:38.429+0530] {processor.py:836} INFO - DAG(s) dict_keys(['example_external_task_marker_child', 'example_external_task_marker_parent']) retrieved from /home/shubham/.local/lib/python3.10/site-packages/airflow/example_dags/example_external_task_marker_dag.py
[2023-06-18T15:09:38.452+0530] {logging_mixin.py:149} INFO - [2023-06-18T15:09:38.451+0530] {dag.py:2726} INFO - Sync 2 DAGs
[2023-06-18T15:09:38.469+0530] {logging_mixin.py:149} INFO - [2023-06-18T15:09:38.469+0530] {dag.py:3486} INFO - Setting next_dagrun for example_external_task_marker_child to None, run_after=None
[2023-06-18T15:09:38.471+0530] {logging_mixin.py:149} INFO - [2023-06-18T15:09:38.471+0530] {dag.py:3486} INFO - Setting next_dagrun for example_external_task_marker_parent to None, run_after=None
[2023-06-18T15:09:38.494+0530] {processor.py:179} INFO - Processing /home/shubham/.local/lib/python3.10/site-packages/airflow/example_dags/example_external_task_marker_dag.py took 0.076 seconds
[2023-06-18T15:10:22.132+0530] {processor.py:157} INFO - Started process (PID=5498) to work on /home/shubham/.local/lib/python3.10/site-packages/airflow/example_dags/example_external_task_marker_dag.py
[2023-06-18T15:10:22.134+0530] {processor.py:826} INFO - Processing file /home/shubham/.local/lib/python3.10/site-packages/airflow/example_dags/example_external_task_marker_dag.py for tasks to queue
[2023-06-18T15:10:22.135+0530] {logging_mixin.py:149} INFO - [2023-06-18T15:10:22.135+0530] {dagbag.py:541} INFO - Filling up the DagBag from /home/shubham/.local/lib/python3.10/site-packages/airflow/example_dags/example_external_task_marker_dag.py
[2023-06-18T15:10:22.140+0530] {processor.py:836} INFO - DAG(s) dict_keys(['example_external_task_marker_parent', 'example_external_task_marker_child']) retrieved from /home/shubham/.local/lib/python3.10/site-packages/airflow/example_dags/example_external_task_marker_dag.py
[2023-06-18T15:10:22.159+0530] {logging_mixin.py:149} INFO - [2023-06-18T15:10:22.159+0530] {dag.py:2726} INFO - Sync 2 DAGs
[2023-06-18T15:10:22.176+0530] {logging_mixin.py:149} INFO - [2023-06-18T15:10:22.175+0530] {dag.py:3486} INFO - Setting next_dagrun for example_external_task_marker_child to None, run_after=None
[2023-06-18T15:10:22.179+0530] {logging_mixin.py:149} INFO - [2023-06-18T15:10:22.178+0530] {dag.py:3486} INFO - Setting next_dagrun for example_external_task_marker_parent to None, run_after=None
[2023-06-18T15:10:22.202+0530] {processor.py:179} INFO - Processing /home/shubham/.local/lib/python3.10/site-packages/airflow/example_dags/example_external_task_marker_dag.py took 0.073 seconds
[2023-06-18T15:11:19.341+0530] {processor.py:157} INFO - Started process (PID=5556) to work on /home/shubham/.local/lib/python3.10/site-packages/airflow/example_dags/example_external_task_marker_dag.py
[2023-06-18T15:11:19.343+0530] {processor.py:826} INFO - Processing file /home/shubham/.local/lib/python3.10/site-packages/airflow/example_dags/example_external_task_marker_dag.py for tasks to queue
[2023-06-18T15:11:19.344+0530] {logging_mixin.py:149} INFO - [2023-06-18T15:11:19.343+0530] {dagbag.py:541} INFO - Filling up the DagBag from /home/shubham/.local/lib/python3.10/site-packages/airflow/example_dags/example_external_task_marker_dag.py
[2023-06-18T15:11:19.350+0530] {processor.py:836} INFO - DAG(s) dict_keys(['example_external_task_marker_parent', 'example_external_task_marker_child']) retrieved from /home/shubham/.local/lib/python3.10/site-packages/airflow/example_dags/example_external_task_marker_dag.py
[2023-06-18T15:11:19.375+0530] {logging_mixin.py:149} INFO - [2023-06-18T15:11:19.375+0530] {dag.py:2726} INFO - Sync 2 DAGs
[2023-06-18T15:11:19.397+0530] {logging_mixin.py:149} INFO - [2023-06-18T15:11:19.397+0530] {dag.py:3486} INFO - Setting next_dagrun for example_external_task_marker_child to None, run_after=None
[2023-06-18T15:11:19.400+0530] {logging_mixin.py:149} INFO - [2023-06-18T15:11:19.400+0530] {dag.py:3486} INFO - Setting next_dagrun for example_external_task_marker_parent to None, run_after=None
[2023-06-18T15:11:19.426+0530] {processor.py:179} INFO - Processing /home/shubham/.local/lib/python3.10/site-packages/airflow/example_dags/example_external_task_marker_dag.py took 0.089 seconds
[2023-06-18T15:12:14.783+0530] {processor.py:157} INFO - Started process (PID=5615) to work on /home/shubham/.local/lib/python3.10/site-packages/airflow/example_dags/example_external_task_marker_dag.py
[2023-06-18T15:12:14.786+0530] {processor.py:826} INFO - Processing file /home/shubham/.local/lib/python3.10/site-packages/airflow/example_dags/example_external_task_marker_dag.py for tasks to queue
[2023-06-18T15:12:14.787+0530] {logging_mixin.py:149} INFO - [2023-06-18T15:12:14.787+0530] {dagbag.py:541} INFO - Filling up the DagBag from /home/shubham/.local/lib/python3.10/site-packages/airflow/example_dags/example_external_task_marker_dag.py
[2023-06-18T15:12:14.792+0530] {processor.py:836} INFO - DAG(s) dict_keys(['example_external_task_marker_child', 'example_external_task_marker_parent']) retrieved from /home/shubham/.local/lib/python3.10/site-packages/airflow/example_dags/example_external_task_marker_dag.py
[2023-06-18T15:12:14.815+0530] {logging_mixin.py:149} INFO - [2023-06-18T15:12:14.815+0530] {dag.py:2726} INFO - Sync 2 DAGs
[2023-06-18T15:12:14.830+0530] {logging_mixin.py:149} INFO - [2023-06-18T15:12:14.830+0530] {dag.py:3486} INFO - Setting next_dagrun for example_external_task_marker_child to None, run_after=None
[2023-06-18T15:12:14.832+0530] {logging_mixin.py:149} INFO - [2023-06-18T15:12:14.832+0530] {dag.py:3486} INFO - Setting next_dagrun for example_external_task_marker_parent to None, run_after=None
[2023-06-18T15:12:14.855+0530] {processor.py:179} INFO - Processing /home/shubham/.local/lib/python3.10/site-packages/airflow/example_dags/example_external_task_marker_dag.py took 0.074 seconds
[2023-06-18T15:13:09.210+0530] {processor.py:157} INFO - Started process (PID=5673) to work on /home/shubham/.local/lib/python3.10/site-packages/airflow/example_dags/example_external_task_marker_dag.py
[2023-06-18T15:13:09.212+0530] {processor.py:826} INFO - Processing file /home/shubham/.local/lib/python3.10/site-packages/airflow/example_dags/example_external_task_marker_dag.py for tasks to queue
[2023-06-18T15:13:09.213+0530] {logging_mixin.py:149} INFO - [2023-06-18T15:13:09.212+0530] {dagbag.py:541} INFO - Filling up the DagBag from /home/shubham/.local/lib/python3.10/site-packages/airflow/example_dags/example_external_task_marker_dag.py
[2023-06-18T15:13:09.218+0530] {processor.py:836} INFO - DAG(s) dict_keys(['example_external_task_marker_parent', 'example_external_task_marker_child']) retrieved from /home/shubham/.local/lib/python3.10/site-packages/airflow/example_dags/example_external_task_marker_dag.py
[2023-06-18T15:13:09.241+0530] {logging_mixin.py:149} INFO - [2023-06-18T15:13:09.241+0530] {dag.py:2726} INFO - Sync 2 DAGs
[2023-06-18T15:13:09.259+0530] {logging_mixin.py:149} INFO - [2023-06-18T15:13:09.258+0530] {dag.py:3486} INFO - Setting next_dagrun for example_external_task_marker_child to None, run_after=None
[2023-06-18T15:13:09.261+0530] {logging_mixin.py:149} INFO - [2023-06-18T15:13:09.261+0530] {dag.py:3486} INFO - Setting next_dagrun for example_external_task_marker_parent to None, run_after=None
[2023-06-18T15:13:09.286+0530] {processor.py:179} INFO - Processing /home/shubham/.local/lib/python3.10/site-packages/airflow/example_dags/example_external_task_marker_dag.py took 0.081 seconds
[2023-06-18T15:14:05.047+0530] {processor.py:157} INFO - Started process (PID=5731) to work on /home/shubham/.local/lib/python3.10/site-packages/airflow/example_dags/example_external_task_marker_dag.py
[2023-06-18T15:14:05.049+0530] {processor.py:826} INFO - Processing file /home/shubham/.local/lib/python3.10/site-packages/airflow/example_dags/example_external_task_marker_dag.py for tasks to queue
[2023-06-18T15:14:05.050+0530] {logging_mixin.py:149} INFO - [2023-06-18T15:14:05.050+0530] {dagbag.py:541} INFO - Filling up the DagBag from /home/shubham/.local/lib/python3.10/site-packages/airflow/example_dags/example_external_task_marker_dag.py
[2023-06-18T15:14:05.056+0530] {processor.py:836} INFO - DAG(s) dict_keys(['example_external_task_marker_parent', 'example_external_task_marker_child']) retrieved from /home/shubham/.local/lib/python3.10/site-packages/airflow/example_dags/example_external_task_marker_dag.py
[2023-06-18T15:14:05.074+0530] {logging_mixin.py:149} INFO - [2023-06-18T15:14:05.074+0530] {dag.py:2726} INFO - Sync 2 DAGs
[2023-06-18T15:14:05.090+0530] {logging_mixin.py:149} INFO - [2023-06-18T15:14:05.090+0530] {dag.py:3486} INFO - Setting next_dagrun for example_external_task_marker_child to None, run_after=None
[2023-06-18T15:14:05.092+0530] {logging_mixin.py:149} INFO - [2023-06-18T15:14:05.092+0530] {dag.py:3486} INFO - Setting next_dagrun for example_external_task_marker_parent to None, run_after=None
[2023-06-18T15:14:05.115+0530] {processor.py:179} INFO - Processing /home/shubham/.local/lib/python3.10/site-packages/airflow/example_dags/example_external_task_marker_dag.py took 0.071 seconds
[2023-06-18T15:14:51.424+0530] {processor.py:157} INFO - Started process (PID=5779) to work on /home/shubham/.local/lib/python3.10/site-packages/airflow/example_dags/example_external_task_marker_dag.py
[2023-06-18T15:14:51.427+0530] {processor.py:826} INFO - Processing file /home/shubham/.local/lib/python3.10/site-packages/airflow/example_dags/example_external_task_marker_dag.py for tasks to queue
[2023-06-18T15:14:51.427+0530] {logging_mixin.py:149} INFO - [2023-06-18T15:14:51.427+0530] {dagbag.py:541} INFO - Filling up the DagBag from /home/shubham/.local/lib/python3.10/site-packages/airflow/example_dags/example_external_task_marker_dag.py
[2023-06-18T15:14:51.433+0530] {processor.py:836} INFO - DAG(s) dict_keys(['example_external_task_marker_parent', 'example_external_task_marker_child']) retrieved from /home/shubham/.local/lib/python3.10/site-packages/airflow/example_dags/example_external_task_marker_dag.py
[2023-06-18T15:14:51.455+0530] {logging_mixin.py:149} INFO - [2023-06-18T15:14:51.455+0530] {dag.py:2726} INFO - Sync 2 DAGs
[2023-06-18T15:14:51.474+0530] {logging_mixin.py:149} INFO - [2023-06-18T15:14:51.474+0530] {dag.py:3486} INFO - Setting next_dagrun for example_external_task_marker_child to None, run_after=None
[2023-06-18T15:14:51.477+0530] {logging_mixin.py:149} INFO - [2023-06-18T15:14:51.477+0530] {dag.py:3486} INFO - Setting next_dagrun for example_external_task_marker_parent to None, run_after=None
[2023-06-18T15:14:51.501+0530] {processor.py:179} INFO - Processing /home/shubham/.local/lib/python3.10/site-packages/airflow/example_dags/example_external_task_marker_dag.py took 0.080 seconds
[2023-06-18T15:15:37.965+0530] {processor.py:157} INFO - Started process (PID=5826) to work on /home/shubham/.local/lib/python3.10/site-packages/airflow/example_dags/example_external_task_marker_dag.py
[2023-06-18T15:15:37.968+0530] {processor.py:826} INFO - Processing file /home/shubham/.local/lib/python3.10/site-packages/airflow/example_dags/example_external_task_marker_dag.py for tasks to queue
[2023-06-18T15:15:37.968+0530] {logging_mixin.py:149} INFO - [2023-06-18T15:15:37.968+0530] {dagbag.py:541} INFO - Filling up the DagBag from /home/shubham/.local/lib/python3.10/site-packages/airflow/example_dags/example_external_task_marker_dag.py
[2023-06-18T15:15:37.973+0530] {processor.py:836} INFO - DAG(s) dict_keys(['example_external_task_marker_parent', 'example_external_task_marker_child']) retrieved from /home/shubham/.local/lib/python3.10/site-packages/airflow/example_dags/example_external_task_marker_dag.py
[2023-06-18T15:15:37.993+0530] {logging_mixin.py:149} INFO - [2023-06-18T15:15:37.993+0530] {dag.py:2726} INFO - Sync 2 DAGs
[2023-06-18T15:15:38.009+0530] {logging_mixin.py:149} INFO - [2023-06-18T15:15:38.009+0530] {dag.py:3486} INFO - Setting next_dagrun for example_external_task_marker_child to None, run_after=None
[2023-06-18T15:15:38.012+0530] {logging_mixin.py:149} INFO - [2023-06-18T15:15:38.011+0530] {dag.py:3486} INFO - Setting next_dagrun for example_external_task_marker_parent to None, run_after=None
[2023-06-18T15:15:38.033+0530] {processor.py:179} INFO - Processing /home/shubham/.local/lib/python3.10/site-packages/airflow/example_dags/example_external_task_marker_dag.py took 0.070 seconds
[2023-06-18T15:16:22.469+0530] {processor.py:157} INFO - Started process (PID=5872) to work on /home/shubham/.local/lib/python3.10/site-packages/airflow/example_dags/example_external_task_marker_dag.py
[2023-06-18T15:16:22.472+0530] {processor.py:826} INFO - Processing file /home/shubham/.local/lib/python3.10/site-packages/airflow/example_dags/example_external_task_marker_dag.py for tasks to queue
[2023-06-18T15:16:22.472+0530] {logging_mixin.py:149} INFO - [2023-06-18T15:16:22.472+0530] {dagbag.py:541} INFO - Filling up the DagBag from /home/shubham/.local/lib/python3.10/site-packages/airflow/example_dags/example_external_task_marker_dag.py
[2023-06-18T15:16:22.479+0530] {processor.py:836} INFO - DAG(s) dict_keys(['example_external_task_marker_parent', 'example_external_task_marker_child']) retrieved from /home/shubham/.local/lib/python3.10/site-packages/airflow/example_dags/example_external_task_marker_dag.py
[2023-06-18T15:16:22.501+0530] {logging_mixin.py:149} INFO - [2023-06-18T15:16:22.501+0530] {dag.py:2726} INFO - Sync 2 DAGs
[2023-06-18T15:16:22.518+0530] {logging_mixin.py:149} INFO - [2023-06-18T15:16:22.518+0530] {dag.py:3486} INFO - Setting next_dagrun for example_external_task_marker_child to None, run_after=None
[2023-06-18T15:16:22.522+0530] {logging_mixin.py:149} INFO - [2023-06-18T15:16:22.521+0530] {dag.py:3486} INFO - Setting next_dagrun for example_external_task_marker_parent to None, run_after=None
[2023-06-18T15:16:22.545+0530] {processor.py:179} INFO - Processing /home/shubham/.local/lib/python3.10/site-packages/airflow/example_dags/example_external_task_marker_dag.py took 0.079 seconds
[2023-06-18T15:17:06.092+0530] {processor.py:157} INFO - Started process (PID=5918) to work on /home/shubham/.local/lib/python3.10/site-packages/airflow/example_dags/example_external_task_marker_dag.py
[2023-06-18T15:17:06.095+0530] {processor.py:826} INFO - Processing file /home/shubham/.local/lib/python3.10/site-packages/airflow/example_dags/example_external_task_marker_dag.py for tasks to queue
[2023-06-18T15:17:06.096+0530] {logging_mixin.py:149} INFO - [2023-06-18T15:17:06.096+0530] {dagbag.py:541} INFO - Filling up the DagBag from /home/shubham/.local/lib/python3.10/site-packages/airflow/example_dags/example_external_task_marker_dag.py
[2023-06-18T15:17:06.101+0530] {processor.py:836} INFO - DAG(s) dict_keys(['example_external_task_marker_parent', 'example_external_task_marker_child']) retrieved from /home/shubham/.local/lib/python3.10/site-packages/airflow/example_dags/example_external_task_marker_dag.py
[2023-06-18T15:17:06.121+0530] {logging_mixin.py:149} INFO - [2023-06-18T15:17:06.120+0530] {dag.py:2726} INFO - Sync 2 DAGs
[2023-06-18T15:17:06.137+0530] {logging_mixin.py:149} INFO - [2023-06-18T15:17:06.137+0530] {dag.py:3486} INFO - Setting next_dagrun for example_external_task_marker_child to None, run_after=None
[2023-06-18T15:17:06.139+0530] {logging_mixin.py:149} INFO - [2023-06-18T15:17:06.139+0530] {dag.py:3486} INFO - Setting next_dagrun for example_external_task_marker_parent to None, run_after=None
[2023-06-18T15:17:06.161+0530] {processor.py:179} INFO - Processing /home/shubham/.local/lib/python3.10/site-packages/airflow/example_dags/example_external_task_marker_dag.py took 0.072 seconds
[2023-06-18T15:17:50.052+0530] {processor.py:157} INFO - Started process (PID=5964) to work on /home/shubham/.local/lib/python3.10/site-packages/airflow/example_dags/example_external_task_marker_dag.py
[2023-06-18T15:17:50.055+0530] {processor.py:826} INFO - Processing file /home/shubham/.local/lib/python3.10/site-packages/airflow/example_dags/example_external_task_marker_dag.py for tasks to queue
[2023-06-18T15:17:50.055+0530] {logging_mixin.py:149} INFO - [2023-06-18T15:17:50.055+0530] {dagbag.py:541} INFO - Filling up the DagBag from /home/shubham/.local/lib/python3.10/site-packages/airflow/example_dags/example_external_task_marker_dag.py
[2023-06-18T15:17:50.060+0530] {processor.py:836} INFO - DAG(s) dict_keys(['example_external_task_marker_parent', 'example_external_task_marker_child']) retrieved from /home/shubham/.local/lib/python3.10/site-packages/airflow/example_dags/example_external_task_marker_dag.py
[2023-06-18T15:17:50.080+0530] {logging_mixin.py:149} INFO - [2023-06-18T15:17:50.080+0530] {dag.py:2726} INFO - Sync 2 DAGs
[2023-06-18T15:17:50.096+0530] {logging_mixin.py:149} INFO - [2023-06-18T15:17:50.096+0530] {dag.py:3486} INFO - Setting next_dagrun for example_external_task_marker_child to None, run_after=None
[2023-06-18T15:17:50.100+0530] {logging_mixin.py:149} INFO - [2023-06-18T15:17:50.100+0530] {dag.py:3486} INFO - Setting next_dagrun for example_external_task_marker_parent to None, run_after=None
[2023-06-18T15:17:50.122+0530] {processor.py:179} INFO - Processing /home/shubham/.local/lib/python3.10/site-packages/airflow/example_dags/example_external_task_marker_dag.py took 0.072 seconds
[2023-06-18T15:18:45.103+0530] {processor.py:157} INFO - Started process (PID=6022) to work on /home/shubham/.local/lib/python3.10/site-packages/airflow/example_dags/example_external_task_marker_dag.py
[2023-06-18T15:18:45.106+0530] {processor.py:826} INFO - Processing file /home/shubham/.local/lib/python3.10/site-packages/airflow/example_dags/example_external_task_marker_dag.py for tasks to queue
[2023-06-18T15:18:45.106+0530] {logging_mixin.py:149} INFO - [2023-06-18T15:18:45.106+0530] {dagbag.py:541} INFO - Filling up the DagBag from /home/shubham/.local/lib/python3.10/site-packages/airflow/example_dags/example_external_task_marker_dag.py
[2023-06-18T15:18:45.112+0530] {processor.py:836} INFO - DAG(s) dict_keys(['example_external_task_marker_child', 'example_external_task_marker_parent']) retrieved from /home/shubham/.local/lib/python3.10/site-packages/airflow/example_dags/example_external_task_marker_dag.py
[2023-06-18T15:18:45.131+0530] {logging_mixin.py:149} INFO - [2023-06-18T15:18:45.131+0530] {dag.py:2726} INFO - Sync 2 DAGs
[2023-06-18T15:18:45.146+0530] {logging_mixin.py:149} INFO - [2023-06-18T15:18:45.146+0530] {dag.py:3486} INFO - Setting next_dagrun for example_external_task_marker_child to None, run_after=None
[2023-06-18T15:18:45.148+0530] {logging_mixin.py:149} INFO - [2023-06-18T15:18:45.148+0530] {dag.py:3486} INFO - Setting next_dagrun for example_external_task_marker_parent to None, run_after=None
[2023-06-18T15:18:45.168+0530] {processor.py:179} INFO - Processing /home/shubham/.local/lib/python3.10/site-packages/airflow/example_dags/example_external_task_marker_dag.py took 0.067 seconds
[2023-06-18T15:19:30.379+0530] {processor.py:157} INFO - Started process (PID=6070) to work on /home/shubham/.local/lib/python3.10/site-packages/airflow/example_dags/example_external_task_marker_dag.py
[2023-06-18T15:19:30.382+0530] {processor.py:826} INFO - Processing file /home/shubham/.local/lib/python3.10/site-packages/airflow/example_dags/example_external_task_marker_dag.py for tasks to queue
[2023-06-18T15:19:30.382+0530] {logging_mixin.py:149} INFO - [2023-06-18T15:19:30.382+0530] {dagbag.py:541} INFO - Filling up the DagBag from /home/shubham/.local/lib/python3.10/site-packages/airflow/example_dags/example_external_task_marker_dag.py
[2023-06-18T15:19:30.388+0530] {processor.py:836} INFO - DAG(s) dict_keys(['example_external_task_marker_parent', 'example_external_task_marker_child']) retrieved from /home/shubham/.local/lib/python3.10/site-packages/airflow/example_dags/example_external_task_marker_dag.py
[2023-06-18T15:19:30.414+0530] {logging_mixin.py:149} INFO - [2023-06-18T15:19:30.414+0530] {dag.py:2726} INFO - Sync 2 DAGs
[2023-06-18T15:19:30.433+0530] {logging_mixin.py:149} INFO - [2023-06-18T15:19:30.432+0530] {dag.py:3486} INFO - Setting next_dagrun for example_external_task_marker_child to None, run_after=None
[2023-06-18T15:19:30.435+0530] {logging_mixin.py:149} INFO - [2023-06-18T15:19:30.435+0530] {dag.py:3486} INFO - Setting next_dagrun for example_external_task_marker_parent to None, run_after=None
[2023-06-18T15:19:30.459+0530] {processor.py:179} INFO - Processing /home/shubham/.local/lib/python3.10/site-packages/airflow/example_dags/example_external_task_marker_dag.py took 0.083 seconds
[2023-06-18T15:20:13.922+0530] {processor.py:157} INFO - Started process (PID=6115) to work on /home/shubham/.local/lib/python3.10/site-packages/airflow/example_dags/example_external_task_marker_dag.py
[2023-06-18T15:20:13.924+0530] {processor.py:826} INFO - Processing file /home/shubham/.local/lib/python3.10/site-packages/airflow/example_dags/example_external_task_marker_dag.py for tasks to queue
[2023-06-18T15:20:13.924+0530] {logging_mixin.py:149} INFO - [2023-06-18T15:20:13.924+0530] {dagbag.py:541} INFO - Filling up the DagBag from /home/shubham/.local/lib/python3.10/site-packages/airflow/example_dags/example_external_task_marker_dag.py
[2023-06-18T15:20:13.930+0530] {processor.py:836} INFO - DAG(s) dict_keys(['example_external_task_marker_parent', 'example_external_task_marker_child']) retrieved from /home/shubham/.local/lib/python3.10/site-packages/airflow/example_dags/example_external_task_marker_dag.py
[2023-06-18T15:20:13.950+0530] {logging_mixin.py:149} INFO - [2023-06-18T15:20:13.949+0530] {dag.py:2726} INFO - Sync 2 DAGs
[2023-06-18T15:20:13.966+0530] {logging_mixin.py:149} INFO - [2023-06-18T15:20:13.966+0530] {dag.py:3486} INFO - Setting next_dagrun for example_external_task_marker_child to None, run_after=None
[2023-06-18T15:20:13.969+0530] {logging_mixin.py:149} INFO - [2023-06-18T15:20:13.968+0530] {dag.py:3486} INFO - Setting next_dagrun for example_external_task_marker_parent to None, run_after=None
[2023-06-18T15:20:13.993+0530] {processor.py:179} INFO - Processing /home/shubham/.local/lib/python3.10/site-packages/airflow/example_dags/example_external_task_marker_dag.py took 0.074 seconds
[2023-06-18T15:21:10.913+0530] {processor.py:157} INFO - Started process (PID=6168) to work on /home/shubham/.local/lib/python3.10/site-packages/airflow/example_dags/example_external_task_marker_dag.py
[2023-06-18T15:21:10.915+0530] {processor.py:826} INFO - Processing file /home/shubham/.local/lib/python3.10/site-packages/airflow/example_dags/example_external_task_marker_dag.py for tasks to queue
[2023-06-18T15:21:10.916+0530] {logging_mixin.py:149} INFO - [2023-06-18T15:21:10.915+0530] {dagbag.py:541} INFO - Filling up the DagBag from /home/shubham/.local/lib/python3.10/site-packages/airflow/example_dags/example_external_task_marker_dag.py
[2023-06-18T15:21:10.922+0530] {processor.py:836} INFO - DAG(s) dict_keys(['example_external_task_marker_child', 'example_external_task_marker_parent']) retrieved from /home/shubham/.local/lib/python3.10/site-packages/airflow/example_dags/example_external_task_marker_dag.py
[2023-06-18T15:21:10.945+0530] {logging_mixin.py:149} INFO - [2023-06-18T15:21:10.945+0530] {dag.py:2726} INFO - Sync 2 DAGs
[2023-06-18T15:21:10.964+0530] {logging_mixin.py:149} INFO - [2023-06-18T15:21:10.964+0530] {dag.py:3486} INFO - Setting next_dagrun for example_external_task_marker_child to None, run_after=None
[2023-06-18T15:21:10.966+0530] {logging_mixin.py:149} INFO - [2023-06-18T15:21:10.966+0530] {dag.py:3486} INFO - Setting next_dagrun for example_external_task_marker_parent to None, run_after=None
[2023-06-18T15:21:10.994+0530] {processor.py:179} INFO - Processing /home/shubham/.local/lib/python3.10/site-packages/airflow/example_dags/example_external_task_marker_dag.py took 0.085 seconds
[2023-06-18T15:47:28.487+0530] {processor.py:157} INFO - Started process (PID=6371) to work on /home/shubham/.local/lib/python3.10/site-packages/airflow/example_dags/example_external_task_marker_dag.py
[2023-06-18T15:47:28.489+0530] {processor.py:826} INFO - Processing file /home/shubham/.local/lib/python3.10/site-packages/airflow/example_dags/example_external_task_marker_dag.py for tasks to queue
[2023-06-18T15:47:28.490+0530] {logging_mixin.py:149} INFO - [2023-06-18T15:47:28.490+0530] {dagbag.py:541} INFO - Filling up the DagBag from /home/shubham/.local/lib/python3.10/site-packages/airflow/example_dags/example_external_task_marker_dag.py
[2023-06-18T15:47:28.496+0530] {processor.py:836} INFO - DAG(s) dict_keys(['example_external_task_marker_parent', 'example_external_task_marker_child']) retrieved from /home/shubham/.local/lib/python3.10/site-packages/airflow/example_dags/example_external_task_marker_dag.py
[2023-06-18T15:47:28.588+0530] {logging_mixin.py:149} INFO - [2023-06-18T15:47:28.587+0530] {dag.py:2726} INFO - Sync 2 DAGs
[2023-06-18T15:47:28.603+0530] {logging_mixin.py:149} INFO - [2023-06-18T15:47:28.603+0530] {dag.py:3486} INFO - Setting next_dagrun for example_external_task_marker_child to None, run_after=None
[2023-06-18T15:47:28.605+0530] {logging_mixin.py:149} INFO - [2023-06-18T15:47:28.605+0530] {dag.py:3486} INFO - Setting next_dagrun for example_external_task_marker_parent to None, run_after=None
[2023-06-18T15:47:28.627+0530] {processor.py:179} INFO - Processing /home/shubham/.local/lib/python3.10/site-packages/airflow/example_dags/example_external_task_marker_dag.py took 0.143 seconds
[2023-06-18T15:48:15.140+0530] {processor.py:157} INFO - Started process (PID=6420) to work on /home/shubham/.local/lib/python3.10/site-packages/airflow/example_dags/example_external_task_marker_dag.py
[2023-06-18T15:48:15.142+0530] {processor.py:826} INFO - Processing file /home/shubham/.local/lib/python3.10/site-packages/airflow/example_dags/example_external_task_marker_dag.py for tasks to queue
[2023-06-18T15:48:15.143+0530] {logging_mixin.py:149} INFO - [2023-06-18T15:48:15.143+0530] {dagbag.py:541} INFO - Filling up the DagBag from /home/shubham/.local/lib/python3.10/site-packages/airflow/example_dags/example_external_task_marker_dag.py
[2023-06-18T15:48:15.148+0530] {processor.py:836} INFO - DAG(s) dict_keys(['example_external_task_marker_parent', 'example_external_task_marker_child']) retrieved from /home/shubham/.local/lib/python3.10/site-packages/airflow/example_dags/example_external_task_marker_dag.py
[2023-06-18T15:48:15.171+0530] {logging_mixin.py:149} INFO - [2023-06-18T15:48:15.171+0530] {dag.py:2726} INFO - Sync 2 DAGs
[2023-06-18T15:48:15.188+0530] {logging_mixin.py:149} INFO - [2023-06-18T15:48:15.188+0530] {dag.py:3486} INFO - Setting next_dagrun for example_external_task_marker_child to None, run_after=None
[2023-06-18T15:48:15.190+0530] {logging_mixin.py:149} INFO - [2023-06-18T15:48:15.190+0530] {dag.py:3486} INFO - Setting next_dagrun for example_external_task_marker_parent to None, run_after=None
[2023-06-18T15:48:15.214+0530] {processor.py:179} INFO - Processing /home/shubham/.local/lib/python3.10/site-packages/airflow/example_dags/example_external_task_marker_dag.py took 0.076 seconds
