[2023-06-18T13:44:59.189+0530] {processor.py:157} INFO - Started process (PID=122) to work on /home/shubham/.local/lib/python3.10/site-packages/airflow/example_dags/example_skip_dag.py
[2023-06-18T13:44:59.190+0530] {processor.py:826} INFO - Processing file /home/shubham/.local/lib/python3.10/site-packages/airflow/example_dags/example_skip_dag.py for tasks to queue
[2023-06-18T13:44:59.191+0530] {logging_mixin.py:149} INFO - [2023-06-18T13:44:59.191+0530] {dagbag.py:541} INFO - Filling up the DagBag from /home/shubham/.local/lib/python3.10/site-packages/airflow/example_dags/example_skip_dag.py
[2023-06-18T13:44:59.333+0530] {processor.py:836} INFO - DAG(s) dict_keys(['example_skip_dag']) retrieved from /home/shubham/.local/lib/python3.10/site-packages/airflow/example_dags/example_skip_dag.py
[2023-06-18T13:44:59.338+0530] {logging_mixin.py:149} INFO - [2023-06-18T13:44:59.338+0530] {dag.py:2726} INFO - Sync 1 DAGs
[2023-06-18T13:44:59.353+0530] {logging_mixin.py:149} INFO - [2023-06-18T13:44:59.353+0530] {dag.py:3486} INFO - Setting next_dagrun for example_skip_dag to 2023-06-17T08:14:59.353620+00:00, run_after=2023-06-18T08:14:59.353620+00:00
[2023-06-18T13:44:59.374+0530] {processor.py:179} INFO - Processing /home/shubham/.local/lib/python3.10/site-packages/airflow/example_dags/example_skip_dag.py took 0.189 seconds
[2023-06-18T13:45:43.869+0530] {processor.py:157} INFO - Started process (PID=168) to work on /home/shubham/.local/lib/python3.10/site-packages/airflow/example_dags/example_skip_dag.py
[2023-06-18T13:45:43.871+0530] {processor.py:826} INFO - Processing file /home/shubham/.local/lib/python3.10/site-packages/airflow/example_dags/example_skip_dag.py for tasks to queue
[2023-06-18T13:45:43.871+0530] {logging_mixin.py:149} INFO - [2023-06-18T13:45:43.871+0530] {dagbag.py:541} INFO - Filling up the DagBag from /home/shubham/.local/lib/python3.10/site-packages/airflow/example_dags/example_skip_dag.py
[2023-06-18T13:45:43.876+0530] {processor.py:836} INFO - DAG(s) dict_keys(['example_skip_dag']) retrieved from /home/shubham/.local/lib/python3.10/site-packages/airflow/example_dags/example_skip_dag.py
[2023-06-18T13:45:43.888+0530] {logging_mixin.py:149} INFO - [2023-06-18T13:45:43.888+0530] {dag.py:2726} INFO - Sync 1 DAGs
[2023-06-18T13:45:43.899+0530] {logging_mixin.py:149} INFO - [2023-06-18T13:45:43.899+0530] {dag.py:3486} INFO - Setting next_dagrun for example_skip_dag to 2023-06-17T08:15:43.898861+00:00, run_after=2023-06-18T08:15:43.898861+00:00
[2023-06-18T13:45:43.914+0530] {processor.py:179} INFO - Processing /home/shubham/.local/lib/python3.10/site-packages/airflow/example_dags/example_skip_dag.py took 0.047 seconds
[2023-06-18T13:46:27.817+0530] {processor.py:157} INFO - Started process (PID=214) to work on /home/shubham/.local/lib/python3.10/site-packages/airflow/example_dags/example_skip_dag.py
[2023-06-18T13:46:27.820+0530] {processor.py:826} INFO - Processing file /home/shubham/.local/lib/python3.10/site-packages/airflow/example_dags/example_skip_dag.py for tasks to queue
[2023-06-18T13:46:27.821+0530] {logging_mixin.py:149} INFO - [2023-06-18T13:46:27.821+0530] {dagbag.py:541} INFO - Filling up the DagBag from /home/shubham/.local/lib/python3.10/site-packages/airflow/example_dags/example_skip_dag.py
[2023-06-18T13:46:27.830+0530] {processor.py:836} INFO - DAG(s) dict_keys(['example_skip_dag']) retrieved from /home/shubham/.local/lib/python3.10/site-packages/airflow/example_dags/example_skip_dag.py
[2023-06-18T13:46:27.859+0530] {logging_mixin.py:149} INFO - [2023-06-18T13:46:27.859+0530] {dag.py:2726} INFO - Sync 1 DAGs
[2023-06-18T13:46:27.888+0530] {logging_mixin.py:149} INFO - [2023-06-18T13:46:27.887+0530] {dag.py:3486} INFO - Setting next_dagrun for example_skip_dag to 2023-06-17T08:16:27.887619+00:00, run_after=2023-06-18T08:16:27.887619+00:00
[2023-06-18T13:46:27.913+0530] {processor.py:179} INFO - Processing /home/shubham/.local/lib/python3.10/site-packages/airflow/example_dags/example_skip_dag.py took 0.105 seconds
[2023-06-18T13:47:09.044+0530] {processor.py:157} INFO - Started process (PID=256) to work on /home/shubham/.local/lib/python3.10/site-packages/airflow/example_dags/example_skip_dag.py
[2023-06-18T13:47:09.046+0530] {processor.py:826} INFO - Processing file /home/shubham/.local/lib/python3.10/site-packages/airflow/example_dags/example_skip_dag.py for tasks to queue
[2023-06-18T13:47:09.046+0530] {logging_mixin.py:149} INFO - [2023-06-18T13:47:09.046+0530] {dagbag.py:541} INFO - Filling up the DagBag from /home/shubham/.local/lib/python3.10/site-packages/airflow/example_dags/example_skip_dag.py
[2023-06-18T13:47:09.054+0530] {processor.py:836} INFO - DAG(s) dict_keys(['example_skip_dag']) retrieved from /home/shubham/.local/lib/python3.10/site-packages/airflow/example_dags/example_skip_dag.py
[2023-06-18T13:47:09.070+0530] {logging_mixin.py:149} INFO - [2023-06-18T13:47:09.070+0530] {dag.py:2726} INFO - Sync 1 DAGs
[2023-06-18T13:47:09.083+0530] {logging_mixin.py:149} INFO - [2023-06-18T13:47:09.082+0530] {dag.py:3486} INFO - Setting next_dagrun for example_skip_dag to 2023-06-17T08:17:09.082733+00:00, run_after=2023-06-18T08:17:09.082733+00:00
[2023-06-18T13:47:09.100+0530] {processor.py:179} INFO - Processing /home/shubham/.local/lib/python3.10/site-packages/airflow/example_dags/example_skip_dag.py took 0.059 seconds
[2023-06-18T13:47:56.628+0530] {processor.py:157} INFO - Started process (PID=304) to work on /home/shubham/.local/lib/python3.10/site-packages/airflow/example_dags/example_skip_dag.py
[2023-06-18T13:47:56.629+0530] {processor.py:826} INFO - Processing file /home/shubham/.local/lib/python3.10/site-packages/airflow/example_dags/example_skip_dag.py for tasks to queue
[2023-06-18T13:47:56.629+0530] {logging_mixin.py:149} INFO - [2023-06-18T13:47:56.629+0530] {dagbag.py:541} INFO - Filling up the DagBag from /home/shubham/.local/lib/python3.10/site-packages/airflow/example_dags/example_skip_dag.py
[2023-06-18T13:47:56.634+0530] {processor.py:836} INFO - DAG(s) dict_keys(['example_skip_dag']) retrieved from /home/shubham/.local/lib/python3.10/site-packages/airflow/example_dags/example_skip_dag.py
[2023-06-18T13:47:56.647+0530] {logging_mixin.py:149} INFO - [2023-06-18T13:47:56.647+0530] {dag.py:2726} INFO - Sync 1 DAGs
[2023-06-18T13:47:56.658+0530] {logging_mixin.py:149} INFO - [2023-06-18T13:47:56.658+0530] {dag.py:3486} INFO - Setting next_dagrun for example_skip_dag to 2023-06-17T08:17:56.658663+00:00, run_after=2023-06-18T08:17:56.658663+00:00
[2023-06-18T13:47:56.674+0530] {processor.py:179} INFO - Processing /home/shubham/.local/lib/python3.10/site-packages/airflow/example_dags/example_skip_dag.py took 0.048 seconds
[2023-06-18T13:52:03.541+0530] {processor.py:157} INFO - Started process (PID=451) to work on /home/shubham/.local/lib/python3.10/site-packages/airflow/example_dags/example_skip_dag.py
[2023-06-18T13:52:03.542+0530] {processor.py:826} INFO - Processing file /home/shubham/.local/lib/python3.10/site-packages/airflow/example_dags/example_skip_dag.py for tasks to queue
[2023-06-18T13:52:03.543+0530] {logging_mixin.py:149} INFO - [2023-06-18T13:52:03.543+0530] {dagbag.py:541} INFO - Filling up the DagBag from /home/shubham/.local/lib/python3.10/site-packages/airflow/example_dags/example_skip_dag.py
[2023-06-18T13:52:03.628+0530] {processor.py:836} INFO - DAG(s) dict_keys(['example_skip_dag']) retrieved from /home/shubham/.local/lib/python3.10/site-packages/airflow/example_dags/example_skip_dag.py
[2023-06-18T13:52:03.632+0530] {logging_mixin.py:149} INFO - [2023-06-18T13:52:03.632+0530] {dag.py:2726} INFO - Sync 1 DAGs
[2023-06-18T13:52:03.642+0530] {logging_mixin.py:149} INFO - [2023-06-18T13:52:03.642+0530] {dag.py:3486} INFO - Setting next_dagrun for example_skip_dag to 2023-06-17T08:22:03.642175+00:00, run_after=2023-06-18T08:22:03.642175+00:00
[2023-06-18T13:52:03.658+0530] {processor.py:179} INFO - Processing /home/shubham/.local/lib/python3.10/site-packages/airflow/example_dags/example_skip_dag.py took 0.119 seconds
[2023-06-18T13:52:48.568+0530] {processor.py:157} INFO - Started process (PID=497) to work on /home/shubham/.local/lib/python3.10/site-packages/airflow/example_dags/example_skip_dag.py
[2023-06-18T13:52:48.571+0530] {processor.py:826} INFO - Processing file /home/shubham/.local/lib/python3.10/site-packages/airflow/example_dags/example_skip_dag.py for tasks to queue
[2023-06-18T13:52:48.573+0530] {logging_mixin.py:149} INFO - [2023-06-18T13:52:48.572+0530] {dagbag.py:541} INFO - Filling up the DagBag from /home/shubham/.local/lib/python3.10/site-packages/airflow/example_dags/example_skip_dag.py
[2023-06-18T13:52:48.588+0530] {processor.py:836} INFO - DAG(s) dict_keys(['example_skip_dag']) retrieved from /home/shubham/.local/lib/python3.10/site-packages/airflow/example_dags/example_skip_dag.py
[2023-06-18T13:52:48.624+0530] {logging_mixin.py:149} INFO - [2023-06-18T13:52:48.624+0530] {dag.py:2726} INFO - Sync 1 DAGs
[2023-06-18T13:52:48.652+0530] {logging_mixin.py:149} INFO - [2023-06-18T13:52:48.652+0530] {dag.py:3486} INFO - Setting next_dagrun for example_skip_dag to 2023-06-17T08:22:48.652025+00:00, run_after=2023-06-18T08:22:48.652025+00:00
[2023-06-18T13:52:48.689+0530] {processor.py:179} INFO - Processing /home/shubham/.local/lib/python3.10/site-packages/airflow/example_dags/example_skip_dag.py took 0.127 seconds
[2023-06-18T13:53:31.880+0530] {processor.py:157} INFO - Started process (PID=543) to work on /home/shubham/.local/lib/python3.10/site-packages/airflow/example_dags/example_skip_dag.py
[2023-06-18T13:53:31.881+0530] {processor.py:826} INFO - Processing file /home/shubham/.local/lib/python3.10/site-packages/airflow/example_dags/example_skip_dag.py for tasks to queue
[2023-06-18T13:53:31.882+0530] {logging_mixin.py:149} INFO - [2023-06-18T13:53:31.882+0530] {dagbag.py:541} INFO - Filling up the DagBag from /home/shubham/.local/lib/python3.10/site-packages/airflow/example_dags/example_skip_dag.py
[2023-06-18T13:53:31.887+0530] {processor.py:836} INFO - DAG(s) dict_keys(['example_skip_dag']) retrieved from /home/shubham/.local/lib/python3.10/site-packages/airflow/example_dags/example_skip_dag.py
[2023-06-18T13:53:31.900+0530] {logging_mixin.py:149} INFO - [2023-06-18T13:53:31.900+0530] {dag.py:2726} INFO - Sync 1 DAGs
[2023-06-18T13:53:31.914+0530] {logging_mixin.py:149} INFO - [2023-06-18T13:53:31.914+0530] {dag.py:3486} INFO - Setting next_dagrun for example_skip_dag to 2023-06-17T08:23:31.913819+00:00, run_after=2023-06-18T08:23:31.913819+00:00
[2023-06-18T13:53:31.930+0530] {processor.py:179} INFO - Processing /home/shubham/.local/lib/python3.10/site-packages/airflow/example_dags/example_skip_dag.py took 0.053 seconds
[2023-06-18T14:39:35.822+0530] {processor.py:157} INFO - Started process (PID=3200) to work on /home/shubham/.local/lib/python3.10/site-packages/airflow/example_dags/example_skip_dag.py
[2023-06-18T14:39:35.824+0530] {processor.py:826} INFO - Processing file /home/shubham/.local/lib/python3.10/site-packages/airflow/example_dags/example_skip_dag.py for tasks to queue
[2023-06-18T14:39:35.825+0530] {logging_mixin.py:149} INFO - [2023-06-18T14:39:35.825+0530] {dagbag.py:541} INFO - Filling up the DagBag from /home/shubham/.local/lib/python3.10/site-packages/airflow/example_dags/example_skip_dag.py
[2023-06-18T14:39:35.980+0530] {processor.py:836} INFO - DAG(s) dict_keys(['example_skip_dag']) retrieved from /home/shubham/.local/lib/python3.10/site-packages/airflow/example_dags/example_skip_dag.py
[2023-06-18T14:39:35.987+0530] {logging_mixin.py:149} INFO - [2023-06-18T14:39:35.987+0530] {dag.py:2726} INFO - Sync 1 DAGs
[2023-06-18T14:39:36.013+0530] {logging_mixin.py:149} INFO - [2023-06-18T14:39:36.013+0530] {dag.py:3486} INFO - Setting next_dagrun for example_skip_dag to 2023-06-17T09:09:36.013151+00:00, run_after=2023-06-18T09:09:36.013151+00:00
[2023-06-18T14:39:36.034+0530] {processor.py:179} INFO - Processing /home/shubham/.local/lib/python3.10/site-packages/airflow/example_dags/example_skip_dag.py took 0.217 seconds
[2023-06-18T14:40:23.159+0530] {processor.py:157} INFO - Started process (PID=3266) to work on /home/shubham/.local/lib/python3.10/site-packages/airflow/example_dags/example_skip_dag.py
[2023-06-18T14:40:23.161+0530] {processor.py:826} INFO - Processing file /home/shubham/.local/lib/python3.10/site-packages/airflow/example_dags/example_skip_dag.py for tasks to queue
[2023-06-18T14:40:23.162+0530] {logging_mixin.py:149} INFO - [2023-06-18T14:40:23.162+0530] {dagbag.py:541} INFO - Filling up the DagBag from /home/shubham/.local/lib/python3.10/site-packages/airflow/example_dags/example_skip_dag.py
[2023-06-18T14:40:23.167+0530] {processor.py:836} INFO - DAG(s) dict_keys(['example_skip_dag']) retrieved from /home/shubham/.local/lib/python3.10/site-packages/airflow/example_dags/example_skip_dag.py
[2023-06-18T14:40:23.179+0530] {logging_mixin.py:149} INFO - [2023-06-18T14:40:23.179+0530] {dag.py:2726} INFO - Sync 1 DAGs
[2023-06-18T14:40:23.190+0530] {logging_mixin.py:149} INFO - [2023-06-18T14:40:23.190+0530] {dag.py:3486} INFO - Setting next_dagrun for example_skip_dag to 2023-06-17T09:10:23.190525+00:00, run_after=2023-06-18T09:10:23.190525+00:00
[2023-06-18T14:40:23.206+0530] {processor.py:179} INFO - Processing /home/shubham/.local/lib/python3.10/site-packages/airflow/example_dags/example_skip_dag.py took 0.049 seconds
[2023-06-18T14:41:08.308+0530] {processor.py:157} INFO - Started process (PID=3548) to work on /home/shubham/.local/lib/python3.10/site-packages/airflow/example_dags/example_skip_dag.py
[2023-06-18T14:41:08.309+0530] {processor.py:826} INFO - Processing file /home/shubham/.local/lib/python3.10/site-packages/airflow/example_dags/example_skip_dag.py for tasks to queue
[2023-06-18T14:41:08.310+0530] {logging_mixin.py:149} INFO - [2023-06-18T14:41:08.310+0530] {dagbag.py:541} INFO - Filling up the DagBag from /home/shubham/.local/lib/python3.10/site-packages/airflow/example_dags/example_skip_dag.py
[2023-06-18T14:41:08.316+0530] {processor.py:836} INFO - DAG(s) dict_keys(['example_skip_dag']) retrieved from /home/shubham/.local/lib/python3.10/site-packages/airflow/example_dags/example_skip_dag.py
[2023-06-18T14:41:08.329+0530] {logging_mixin.py:149} INFO - [2023-06-18T14:41:08.329+0530] {dag.py:2726} INFO - Sync 1 DAGs
[2023-06-18T14:41:08.342+0530] {logging_mixin.py:149} INFO - [2023-06-18T14:41:08.342+0530] {dag.py:3486} INFO - Setting next_dagrun for example_skip_dag to 2023-06-17T09:11:08.342515+00:00, run_after=2023-06-18T09:11:08.342515+00:00
[2023-06-18T14:41:08.359+0530] {processor.py:179} INFO - Processing /home/shubham/.local/lib/python3.10/site-packages/airflow/example_dags/example_skip_dag.py took 0.054 seconds
[2023-06-18T14:41:51.092+0530] {processor.py:157} INFO - Started process (PID=3635) to work on /home/shubham/.local/lib/python3.10/site-packages/airflow/example_dags/example_skip_dag.py
[2023-06-18T14:41:51.093+0530] {processor.py:826} INFO - Processing file /home/shubham/.local/lib/python3.10/site-packages/airflow/example_dags/example_skip_dag.py for tasks to queue
[2023-06-18T14:41:51.093+0530] {logging_mixin.py:149} INFO - [2023-06-18T14:41:51.093+0530] {dagbag.py:541} INFO - Filling up the DagBag from /home/shubham/.local/lib/python3.10/site-packages/airflow/example_dags/example_skip_dag.py
[2023-06-18T14:41:51.098+0530] {processor.py:836} INFO - DAG(s) dict_keys(['example_skip_dag']) retrieved from /home/shubham/.local/lib/python3.10/site-packages/airflow/example_dags/example_skip_dag.py
[2023-06-18T14:41:51.111+0530] {logging_mixin.py:149} INFO - [2023-06-18T14:41:51.111+0530] {dag.py:2726} INFO - Sync 1 DAGs
[2023-06-18T14:41:51.123+0530] {logging_mixin.py:149} INFO - [2023-06-18T14:41:51.123+0530] {dag.py:3486} INFO - Setting next_dagrun for example_skip_dag to 2023-06-17T09:11:51.123425+00:00, run_after=2023-06-18T09:11:51.123425+00:00
[2023-06-18T14:41:51.141+0530] {processor.py:179} INFO - Processing /home/shubham/.local/lib/python3.10/site-packages/airflow/example_dags/example_skip_dag.py took 0.052 seconds
[2023-06-18T14:42:33.678+0530] {processor.py:157} INFO - Started process (PID=3761) to work on /home/shubham/.local/lib/python3.10/site-packages/airflow/example_dags/example_skip_dag.py
[2023-06-18T14:42:33.679+0530] {processor.py:826} INFO - Processing file /home/shubham/.local/lib/python3.10/site-packages/airflow/example_dags/example_skip_dag.py for tasks to queue
[2023-06-18T14:42:33.680+0530] {logging_mixin.py:149} INFO - [2023-06-18T14:42:33.680+0530] {dagbag.py:541} INFO - Filling up the DagBag from /home/shubham/.local/lib/python3.10/site-packages/airflow/example_dags/example_skip_dag.py
[2023-06-18T14:42:33.685+0530] {processor.py:836} INFO - DAG(s) dict_keys(['example_skip_dag']) retrieved from /home/shubham/.local/lib/python3.10/site-packages/airflow/example_dags/example_skip_dag.py
[2023-06-18T14:42:33.697+0530] {logging_mixin.py:149} INFO - [2023-06-18T14:42:33.697+0530] {dag.py:2726} INFO - Sync 1 DAGs
[2023-06-18T14:42:33.709+0530] {logging_mixin.py:149} INFO - [2023-06-18T14:42:33.709+0530] {dag.py:3486} INFO - Setting next_dagrun for example_skip_dag to 2023-06-17T09:12:33.709705+00:00, run_after=2023-06-18T09:12:33.709705+00:00
[2023-06-18T14:42:33.726+0530] {processor.py:179} INFO - Processing /home/shubham/.local/lib/python3.10/site-packages/airflow/example_dags/example_skip_dag.py took 0.050 seconds
[2023-06-18T14:43:21.267+0530] {processor.py:157} INFO - Started process (PID=3808) to work on /home/shubham/.local/lib/python3.10/site-packages/airflow/example_dags/example_skip_dag.py
[2023-06-18T14:43:21.268+0530] {processor.py:826} INFO - Processing file /home/shubham/.local/lib/python3.10/site-packages/airflow/example_dags/example_skip_dag.py for tasks to queue
[2023-06-18T14:43:21.269+0530] {logging_mixin.py:149} INFO - [2023-06-18T14:43:21.269+0530] {dagbag.py:541} INFO - Filling up the DagBag from /home/shubham/.local/lib/python3.10/site-packages/airflow/example_dags/example_skip_dag.py
[2023-06-18T14:43:21.274+0530] {processor.py:836} INFO - DAG(s) dict_keys(['example_skip_dag']) retrieved from /home/shubham/.local/lib/python3.10/site-packages/airflow/example_dags/example_skip_dag.py
[2023-06-18T14:43:21.287+0530] {logging_mixin.py:149} INFO - [2023-06-18T14:43:21.287+0530] {dag.py:2726} INFO - Sync 1 DAGs
[2023-06-18T14:43:21.299+0530] {logging_mixin.py:149} INFO - [2023-06-18T14:43:21.299+0530] {dag.py:3486} INFO - Setting next_dagrun for example_skip_dag to 2023-06-17T09:13:21.298854+00:00, run_after=2023-06-18T09:13:21.298854+00:00
[2023-06-18T14:43:21.316+0530] {processor.py:179} INFO - Processing /home/shubham/.local/lib/python3.10/site-packages/airflow/example_dags/example_skip_dag.py took 0.051 seconds
[2023-06-18T14:44:11.124+0530] {processor.py:157} INFO - Started process (PID=3857) to work on /home/shubham/.local/lib/python3.10/site-packages/airflow/example_dags/example_skip_dag.py
[2023-06-18T14:44:11.125+0530] {processor.py:826} INFO - Processing file /home/shubham/.local/lib/python3.10/site-packages/airflow/example_dags/example_skip_dag.py for tasks to queue
[2023-06-18T14:44:11.126+0530] {logging_mixin.py:149} INFO - [2023-06-18T14:44:11.126+0530] {dagbag.py:541} INFO - Filling up the DagBag from /home/shubham/.local/lib/python3.10/site-packages/airflow/example_dags/example_skip_dag.py
[2023-06-18T14:44:11.131+0530] {processor.py:836} INFO - DAG(s) dict_keys(['example_skip_dag']) retrieved from /home/shubham/.local/lib/python3.10/site-packages/airflow/example_dags/example_skip_dag.py
[2023-06-18T14:44:11.144+0530] {logging_mixin.py:149} INFO - [2023-06-18T14:44:11.143+0530] {dag.py:2726} INFO - Sync 1 DAGs
[2023-06-18T14:44:11.156+0530] {logging_mixin.py:149} INFO - [2023-06-18T14:44:11.155+0530] {dag.py:3486} INFO - Setting next_dagrun for example_skip_dag to 2023-06-17T09:14:11.155824+00:00, run_after=2023-06-18T09:14:11.155824+00:00
[2023-06-18T14:44:11.172+0530] {processor.py:179} INFO - Processing /home/shubham/.local/lib/python3.10/site-packages/airflow/example_dags/example_skip_dag.py took 0.050 seconds
[2023-06-18T14:44:52.796+0530] {processor.py:157} INFO - Started process (PID=3903) to work on /home/shubham/.local/lib/python3.10/site-packages/airflow/example_dags/example_skip_dag.py
[2023-06-18T14:44:52.798+0530] {processor.py:826} INFO - Processing file /home/shubham/.local/lib/python3.10/site-packages/airflow/example_dags/example_skip_dag.py for tasks to queue
[2023-06-18T14:44:52.798+0530] {logging_mixin.py:149} INFO - [2023-06-18T14:44:52.798+0530] {dagbag.py:541} INFO - Filling up the DagBag from /home/shubham/.local/lib/python3.10/site-packages/airflow/example_dags/example_skip_dag.py
[2023-06-18T14:44:52.803+0530] {processor.py:836} INFO - DAG(s) dict_keys(['example_skip_dag']) retrieved from /home/shubham/.local/lib/python3.10/site-packages/airflow/example_dags/example_skip_dag.py
[2023-06-18T14:44:52.816+0530] {logging_mixin.py:149} INFO - [2023-06-18T14:44:52.816+0530] {dag.py:2726} INFO - Sync 1 DAGs
[2023-06-18T14:44:52.828+0530] {logging_mixin.py:149} INFO - [2023-06-18T14:44:52.828+0530] {dag.py:3486} INFO - Setting next_dagrun for example_skip_dag to 2023-06-17T09:14:52.828106+00:00, run_after=2023-06-18T09:14:52.828106+00:00
[2023-06-18T14:44:52.845+0530] {processor.py:179} INFO - Processing /home/shubham/.local/lib/python3.10/site-packages/airflow/example_dags/example_skip_dag.py took 0.051 seconds
[2023-06-18T14:45:37.513+0530] {processor.py:157} INFO - Started process (PID=3949) to work on /home/shubham/.local/lib/python3.10/site-packages/airflow/example_dags/example_skip_dag.py
[2023-06-18T14:45:37.515+0530] {processor.py:826} INFO - Processing file /home/shubham/.local/lib/python3.10/site-packages/airflow/example_dags/example_skip_dag.py for tasks to queue
[2023-06-18T14:45:37.515+0530] {logging_mixin.py:149} INFO - [2023-06-18T14:45:37.515+0530] {dagbag.py:541} INFO - Filling up the DagBag from /home/shubham/.local/lib/python3.10/site-packages/airflow/example_dags/example_skip_dag.py
[2023-06-18T14:45:37.521+0530] {processor.py:836} INFO - DAG(s) dict_keys(['example_skip_dag']) retrieved from /home/shubham/.local/lib/python3.10/site-packages/airflow/example_dags/example_skip_dag.py
[2023-06-18T14:45:37.534+0530] {logging_mixin.py:149} INFO - [2023-06-18T14:45:37.534+0530] {dag.py:2726} INFO - Sync 1 DAGs
[2023-06-18T14:45:37.546+0530] {logging_mixin.py:149} INFO - [2023-06-18T14:45:37.545+0530] {dag.py:3486} INFO - Setting next_dagrun for example_skip_dag to 2023-06-17T09:15:37.545712+00:00, run_after=2023-06-18T09:15:37.545712+00:00
[2023-06-18T14:45:37.562+0530] {processor.py:179} INFO - Processing /home/shubham/.local/lib/python3.10/site-packages/airflow/example_dags/example_skip_dag.py took 0.050 seconds
[2023-06-18T14:46:23.688+0530] {processor.py:157} INFO - Started process (PID=3996) to work on /home/shubham/.local/lib/python3.10/site-packages/airflow/example_dags/example_skip_dag.py
[2023-06-18T14:46:23.689+0530] {processor.py:826} INFO - Processing file /home/shubham/.local/lib/python3.10/site-packages/airflow/example_dags/example_skip_dag.py for tasks to queue
[2023-06-18T14:46:23.690+0530] {logging_mixin.py:149} INFO - [2023-06-18T14:46:23.689+0530] {dagbag.py:541} INFO - Filling up the DagBag from /home/shubham/.local/lib/python3.10/site-packages/airflow/example_dags/example_skip_dag.py
[2023-06-18T14:46:23.695+0530] {processor.py:836} INFO - DAG(s) dict_keys(['example_skip_dag']) retrieved from /home/shubham/.local/lib/python3.10/site-packages/airflow/example_dags/example_skip_dag.py
[2023-06-18T14:46:23.708+0530] {logging_mixin.py:149} INFO - [2023-06-18T14:46:23.708+0530] {dag.py:2726} INFO - Sync 1 DAGs
[2023-06-18T14:46:23.722+0530] {logging_mixin.py:149} INFO - [2023-06-18T14:46:23.722+0530] {dag.py:3486} INFO - Setting next_dagrun for example_skip_dag to 2023-06-17T09:16:23.722449+00:00, run_after=2023-06-18T09:16:23.722449+00:00
[2023-06-18T14:46:23.738+0530] {processor.py:179} INFO - Processing /home/shubham/.local/lib/python3.10/site-packages/airflow/example_dags/example_skip_dag.py took 0.052 seconds
[2023-06-18T14:47:11.507+0530] {processor.py:157} INFO - Started process (PID=4044) to work on /home/shubham/.local/lib/python3.10/site-packages/airflow/example_dags/example_skip_dag.py
[2023-06-18T14:47:11.508+0530] {processor.py:826} INFO - Processing file /home/shubham/.local/lib/python3.10/site-packages/airflow/example_dags/example_skip_dag.py for tasks to queue
[2023-06-18T14:47:11.509+0530] {logging_mixin.py:149} INFO - [2023-06-18T14:47:11.509+0530] {dagbag.py:541} INFO - Filling up the DagBag from /home/shubham/.local/lib/python3.10/site-packages/airflow/example_dags/example_skip_dag.py
[2023-06-18T14:47:11.514+0530] {processor.py:836} INFO - DAG(s) dict_keys(['example_skip_dag']) retrieved from /home/shubham/.local/lib/python3.10/site-packages/airflow/example_dags/example_skip_dag.py
[2023-06-18T14:47:11.527+0530] {logging_mixin.py:149} INFO - [2023-06-18T14:47:11.526+0530] {dag.py:2726} INFO - Sync 1 DAGs
[2023-06-18T14:47:11.538+0530] {logging_mixin.py:149} INFO - [2023-06-18T14:47:11.538+0530] {dag.py:3486} INFO - Setting next_dagrun for example_skip_dag to 2023-06-17T09:17:11.538699+00:00, run_after=2023-06-18T09:17:11.538699+00:00
[2023-06-18T14:47:11.554+0530] {processor.py:179} INFO - Processing /home/shubham/.local/lib/python3.10/site-packages/airflow/example_dags/example_skip_dag.py took 0.050 seconds
[2023-06-18T14:47:53.729+0530] {processor.py:157} INFO - Started process (PID=4090) to work on /home/shubham/.local/lib/python3.10/site-packages/airflow/example_dags/example_skip_dag.py
[2023-06-18T14:47:53.731+0530] {processor.py:826} INFO - Processing file /home/shubham/.local/lib/python3.10/site-packages/airflow/example_dags/example_skip_dag.py for tasks to queue
[2023-06-18T14:47:53.732+0530] {logging_mixin.py:149} INFO - [2023-06-18T14:47:53.732+0530] {dagbag.py:541} INFO - Filling up the DagBag from /home/shubham/.local/lib/python3.10/site-packages/airflow/example_dags/example_skip_dag.py
[2023-06-18T14:47:53.737+0530] {processor.py:836} INFO - DAG(s) dict_keys(['example_skip_dag']) retrieved from /home/shubham/.local/lib/python3.10/site-packages/airflow/example_dags/example_skip_dag.py
[2023-06-18T14:47:53.749+0530] {logging_mixin.py:149} INFO - [2023-06-18T14:47:53.749+0530] {dag.py:2726} INFO - Sync 1 DAGs
[2023-06-18T14:47:53.762+0530] {logging_mixin.py:149} INFO - [2023-06-18T14:47:53.762+0530] {dag.py:3486} INFO - Setting next_dagrun for example_skip_dag to 2023-06-17T09:17:53.761976+00:00, run_after=2023-06-18T09:17:53.761976+00:00
[2023-06-18T14:47:53.778+0530] {processor.py:179} INFO - Processing /home/shubham/.local/lib/python3.10/site-packages/airflow/example_dags/example_skip_dag.py took 0.050 seconds
[2023-06-18T14:48:37.985+0530] {processor.py:157} INFO - Started process (PID=4136) to work on /home/shubham/.local/lib/python3.10/site-packages/airflow/example_dags/example_skip_dag.py
[2023-06-18T14:48:37.987+0530] {processor.py:826} INFO - Processing file /home/shubham/.local/lib/python3.10/site-packages/airflow/example_dags/example_skip_dag.py for tasks to queue
[2023-06-18T14:48:37.987+0530] {logging_mixin.py:149} INFO - [2023-06-18T14:48:37.987+0530] {dagbag.py:541} INFO - Filling up the DagBag from /home/shubham/.local/lib/python3.10/site-packages/airflow/example_dags/example_skip_dag.py
[2023-06-18T14:48:37.992+0530] {processor.py:836} INFO - DAG(s) dict_keys(['example_skip_dag']) retrieved from /home/shubham/.local/lib/python3.10/site-packages/airflow/example_dags/example_skip_dag.py
[2023-06-18T14:48:38.005+0530] {logging_mixin.py:149} INFO - [2023-06-18T14:48:38.005+0530] {dag.py:2726} INFO - Sync 1 DAGs
[2023-06-18T14:48:38.017+0530] {logging_mixin.py:149} INFO - [2023-06-18T14:48:38.017+0530] {dag.py:3486} INFO - Setting next_dagrun for example_skip_dag to 2023-06-17T09:18:38.017355+00:00, run_after=2023-06-18T09:18:38.017355+00:00
[2023-06-18T14:48:38.035+0530] {processor.py:179} INFO - Processing /home/shubham/.local/lib/python3.10/site-packages/airflow/example_dags/example_skip_dag.py took 0.053 seconds
[2023-06-18T14:49:21.045+0530] {processor.py:157} INFO - Started process (PID=4182) to work on /home/shubham/.local/lib/python3.10/site-packages/airflow/example_dags/example_skip_dag.py
[2023-06-18T14:49:21.047+0530] {processor.py:826} INFO - Processing file /home/shubham/.local/lib/python3.10/site-packages/airflow/example_dags/example_skip_dag.py for tasks to queue
[2023-06-18T14:49:21.047+0530] {logging_mixin.py:149} INFO - [2023-06-18T14:49:21.047+0530] {dagbag.py:541} INFO - Filling up the DagBag from /home/shubham/.local/lib/python3.10/site-packages/airflow/example_dags/example_skip_dag.py
[2023-06-18T14:49:21.052+0530] {processor.py:836} INFO - DAG(s) dict_keys(['example_skip_dag']) retrieved from /home/shubham/.local/lib/python3.10/site-packages/airflow/example_dags/example_skip_dag.py
[2023-06-18T14:49:21.067+0530] {logging_mixin.py:149} INFO - [2023-06-18T14:49:21.067+0530] {dag.py:2726} INFO - Sync 1 DAGs
[2023-06-18T14:49:21.079+0530] {logging_mixin.py:149} INFO - [2023-06-18T14:49:21.079+0530] {dag.py:3486} INFO - Setting next_dagrun for example_skip_dag to 2023-06-17T09:19:21.079517+00:00, run_after=2023-06-18T09:19:21.079517+00:00
[2023-06-18T14:49:21.096+0530] {processor.py:179} INFO - Processing /home/shubham/.local/lib/python3.10/site-packages/airflow/example_dags/example_skip_dag.py took 0.053 seconds
[2023-06-18T14:50:02.189+0530] {processor.py:157} INFO - Started process (PID=4225) to work on /home/shubham/.local/lib/python3.10/site-packages/airflow/example_dags/example_skip_dag.py
[2023-06-18T14:50:02.191+0530] {processor.py:826} INFO - Processing file /home/shubham/.local/lib/python3.10/site-packages/airflow/example_dags/example_skip_dag.py for tasks to queue
[2023-06-18T14:50:02.191+0530] {logging_mixin.py:149} INFO - [2023-06-18T14:50:02.191+0530] {dagbag.py:541} INFO - Filling up the DagBag from /home/shubham/.local/lib/python3.10/site-packages/airflow/example_dags/example_skip_dag.py
[2023-06-18T14:50:02.196+0530] {processor.py:836} INFO - DAG(s) dict_keys(['example_skip_dag']) retrieved from /home/shubham/.local/lib/python3.10/site-packages/airflow/example_dags/example_skip_dag.py
[2023-06-18T14:50:02.209+0530] {logging_mixin.py:149} INFO - [2023-06-18T14:50:02.209+0530] {dag.py:2726} INFO - Sync 1 DAGs
[2023-06-18T14:50:02.222+0530] {logging_mixin.py:149} INFO - [2023-06-18T14:50:02.222+0530] {dag.py:3486} INFO - Setting next_dagrun for example_skip_dag to 2023-06-17T09:20:02.222059+00:00, run_after=2023-06-18T09:20:02.222059+00:00
[2023-06-18T14:50:02.237+0530] {processor.py:179} INFO - Processing /home/shubham/.local/lib/python3.10/site-packages/airflow/example_dags/example_skip_dag.py took 0.051 seconds
[2023-06-18T14:50:43.138+0530] {processor.py:157} INFO - Started process (PID=4268) to work on /home/shubham/.local/lib/python3.10/site-packages/airflow/example_dags/example_skip_dag.py
[2023-06-18T14:50:43.139+0530] {processor.py:826} INFO - Processing file /home/shubham/.local/lib/python3.10/site-packages/airflow/example_dags/example_skip_dag.py for tasks to queue
[2023-06-18T14:50:43.140+0530] {logging_mixin.py:149} INFO - [2023-06-18T14:50:43.140+0530] {dagbag.py:541} INFO - Filling up the DagBag from /home/shubham/.local/lib/python3.10/site-packages/airflow/example_dags/example_skip_dag.py
[2023-06-18T14:50:43.145+0530] {processor.py:836} INFO - DAG(s) dict_keys(['example_skip_dag']) retrieved from /home/shubham/.local/lib/python3.10/site-packages/airflow/example_dags/example_skip_dag.py
[2023-06-18T14:50:43.158+0530] {logging_mixin.py:149} INFO - [2023-06-18T14:50:43.158+0530] {dag.py:2726} INFO - Sync 1 DAGs
[2023-06-18T14:50:43.170+0530] {logging_mixin.py:149} INFO - [2023-06-18T14:50:43.170+0530] {dag.py:3486} INFO - Setting next_dagrun for example_skip_dag to 2023-06-17T09:20:43.170370+00:00, run_after=2023-06-18T09:20:43.170370+00:00
[2023-06-18T14:50:43.188+0530] {processor.py:179} INFO - Processing /home/shubham/.local/lib/python3.10/site-packages/airflow/example_dags/example_skip_dag.py took 0.052 seconds
[2023-06-18T14:51:24.176+0530] {processor.py:157} INFO - Started process (PID=4311) to work on /home/shubham/.local/lib/python3.10/site-packages/airflow/example_dags/example_skip_dag.py
[2023-06-18T14:51:24.178+0530] {processor.py:826} INFO - Processing file /home/shubham/.local/lib/python3.10/site-packages/airflow/example_dags/example_skip_dag.py for tasks to queue
[2023-06-18T14:51:24.178+0530] {logging_mixin.py:149} INFO - [2023-06-18T14:51:24.178+0530] {dagbag.py:541} INFO - Filling up the DagBag from /home/shubham/.local/lib/python3.10/site-packages/airflow/example_dags/example_skip_dag.py
[2023-06-18T14:51:24.184+0530] {processor.py:836} INFO - DAG(s) dict_keys(['example_skip_dag']) retrieved from /home/shubham/.local/lib/python3.10/site-packages/airflow/example_dags/example_skip_dag.py
[2023-06-18T14:51:24.198+0530] {logging_mixin.py:149} INFO - [2023-06-18T14:51:24.198+0530] {dag.py:2726} INFO - Sync 1 DAGs
[2023-06-18T14:51:24.210+0530] {logging_mixin.py:149} INFO - [2023-06-18T14:51:24.210+0530] {dag.py:3486} INFO - Setting next_dagrun for example_skip_dag to 2023-06-17T09:21:24.210652+00:00, run_after=2023-06-18T09:21:24.210652+00:00
[2023-06-18T14:51:24.226+0530] {processor.py:179} INFO - Processing /home/shubham/.local/lib/python3.10/site-packages/airflow/example_dags/example_skip_dag.py took 0.052 seconds
[2023-06-18T14:52:08.967+0530] {processor.py:157} INFO - Started process (PID=4357) to work on /home/shubham/.local/lib/python3.10/site-packages/airflow/example_dags/example_skip_dag.py
[2023-06-18T14:52:08.969+0530] {processor.py:826} INFO - Processing file /home/shubham/.local/lib/python3.10/site-packages/airflow/example_dags/example_skip_dag.py for tasks to queue
[2023-06-18T14:52:08.969+0530] {logging_mixin.py:149} INFO - [2023-06-18T14:52:08.969+0530] {dagbag.py:541} INFO - Filling up the DagBag from /home/shubham/.local/lib/python3.10/site-packages/airflow/example_dags/example_skip_dag.py
[2023-06-18T14:52:08.974+0530] {processor.py:836} INFO - DAG(s) dict_keys(['example_skip_dag']) retrieved from /home/shubham/.local/lib/python3.10/site-packages/airflow/example_dags/example_skip_dag.py
[2023-06-18T14:52:08.987+0530] {logging_mixin.py:149} INFO - [2023-06-18T14:52:08.987+0530] {dag.py:2726} INFO - Sync 1 DAGs
[2023-06-18T14:52:08.999+0530] {logging_mixin.py:149} INFO - [2023-06-18T14:52:08.999+0530] {dag.py:3486} INFO - Setting next_dagrun for example_skip_dag to 2023-06-17T09:22:08.999394+00:00, run_after=2023-06-18T09:22:08.999394+00:00
[2023-06-18T14:52:09.015+0530] {processor.py:179} INFO - Processing /home/shubham/.local/lib/python3.10/site-packages/airflow/example_dags/example_skip_dag.py took 0.050 seconds
[2023-06-18T14:52:51.480+0530] {processor.py:157} INFO - Started process (PID=4402) to work on /home/shubham/.local/lib/python3.10/site-packages/airflow/example_dags/example_skip_dag.py
[2023-06-18T14:52:51.482+0530] {processor.py:826} INFO - Processing file /home/shubham/.local/lib/python3.10/site-packages/airflow/example_dags/example_skip_dag.py for tasks to queue
[2023-06-18T14:52:51.482+0530] {logging_mixin.py:149} INFO - [2023-06-18T14:52:51.482+0530] {dagbag.py:541} INFO - Filling up the DagBag from /home/shubham/.local/lib/python3.10/site-packages/airflow/example_dags/example_skip_dag.py
[2023-06-18T14:52:51.487+0530] {processor.py:836} INFO - DAG(s) dict_keys(['example_skip_dag']) retrieved from /home/shubham/.local/lib/python3.10/site-packages/airflow/example_dags/example_skip_dag.py
[2023-06-18T14:52:51.501+0530] {logging_mixin.py:149} INFO - [2023-06-18T14:52:51.501+0530] {dag.py:2726} INFO - Sync 1 DAGs
[2023-06-18T14:52:51.513+0530] {logging_mixin.py:149} INFO - [2023-06-18T14:52:51.513+0530] {dag.py:3486} INFO - Setting next_dagrun for example_skip_dag to 2023-06-17T09:22:51.513519+00:00, run_after=2023-06-18T09:22:51.513519+00:00
[2023-06-18T14:52:51.530+0530] {processor.py:179} INFO - Processing /home/shubham/.local/lib/python3.10/site-packages/airflow/example_dags/example_skip_dag.py took 0.052 seconds
[2023-06-18T14:53:36.665+0530] {processor.py:157} INFO - Started process (PID=4449) to work on /home/shubham/.local/lib/python3.10/site-packages/airflow/example_dags/example_skip_dag.py
[2023-06-18T14:53:36.667+0530] {processor.py:826} INFO - Processing file /home/shubham/.local/lib/python3.10/site-packages/airflow/example_dags/example_skip_dag.py for tasks to queue
[2023-06-18T14:53:36.667+0530] {logging_mixin.py:149} INFO - [2023-06-18T14:53:36.667+0530] {dagbag.py:541} INFO - Filling up the DagBag from /home/shubham/.local/lib/python3.10/site-packages/airflow/example_dags/example_skip_dag.py
[2023-06-18T14:53:36.672+0530] {processor.py:836} INFO - DAG(s) dict_keys(['example_skip_dag']) retrieved from /home/shubham/.local/lib/python3.10/site-packages/airflow/example_dags/example_skip_dag.py
[2023-06-18T14:53:36.685+0530] {logging_mixin.py:149} INFO - [2023-06-18T14:53:36.685+0530] {dag.py:2726} INFO - Sync 1 DAGs
[2023-06-18T14:53:36.697+0530] {logging_mixin.py:149} INFO - [2023-06-18T14:53:36.697+0530] {dag.py:3486} INFO - Setting next_dagrun for example_skip_dag to 2023-06-17T09:23:36.697446+00:00, run_after=2023-06-18T09:23:36.697446+00:00
[2023-06-18T14:53:36.713+0530] {processor.py:179} INFO - Processing /home/shubham/.local/lib/python3.10/site-packages/airflow/example_dags/example_skip_dag.py took 0.050 seconds
[2023-06-18T14:54:22.816+0530] {processor.py:157} INFO - Started process (PID=4496) to work on /home/shubham/.local/lib/python3.10/site-packages/airflow/example_dags/example_skip_dag.py
[2023-06-18T14:54:22.817+0530] {processor.py:826} INFO - Processing file /home/shubham/.local/lib/python3.10/site-packages/airflow/example_dags/example_skip_dag.py for tasks to queue
[2023-06-18T14:54:22.817+0530] {logging_mixin.py:149} INFO - [2023-06-18T14:54:22.817+0530] {dagbag.py:541} INFO - Filling up the DagBag from /home/shubham/.local/lib/python3.10/site-packages/airflow/example_dags/example_skip_dag.py
[2023-06-18T14:54:22.822+0530] {processor.py:836} INFO - DAG(s) dict_keys(['example_skip_dag']) retrieved from /home/shubham/.local/lib/python3.10/site-packages/airflow/example_dags/example_skip_dag.py
[2023-06-18T14:54:22.835+0530] {logging_mixin.py:149} INFO - [2023-06-18T14:54:22.835+0530] {dag.py:2726} INFO - Sync 1 DAGs
[2023-06-18T14:54:22.848+0530] {logging_mixin.py:149} INFO - [2023-06-18T14:54:22.848+0530] {dag.py:3486} INFO - Setting next_dagrun for example_skip_dag to 2023-06-17T09:24:22.848107+00:00, run_after=2023-06-18T09:24:22.848107+00:00
[2023-06-18T14:54:22.865+0530] {processor.py:179} INFO - Processing /home/shubham/.local/lib/python3.10/site-packages/airflow/example_dags/example_skip_dag.py took 0.052 seconds
[2023-06-18T14:55:08.497+0530] {processor.py:157} INFO - Started process (PID=4543) to work on /home/shubham/.local/lib/python3.10/site-packages/airflow/example_dags/example_skip_dag.py
[2023-06-18T14:55:08.499+0530] {processor.py:826} INFO - Processing file /home/shubham/.local/lib/python3.10/site-packages/airflow/example_dags/example_skip_dag.py for tasks to queue
[2023-06-18T14:55:08.499+0530] {logging_mixin.py:149} INFO - [2023-06-18T14:55:08.499+0530] {dagbag.py:541} INFO - Filling up the DagBag from /home/shubham/.local/lib/python3.10/site-packages/airflow/example_dags/example_skip_dag.py
[2023-06-18T14:55:08.504+0530] {processor.py:836} INFO - DAG(s) dict_keys(['example_skip_dag']) retrieved from /home/shubham/.local/lib/python3.10/site-packages/airflow/example_dags/example_skip_dag.py
[2023-06-18T14:55:08.518+0530] {logging_mixin.py:149} INFO - [2023-06-18T14:55:08.518+0530] {dag.py:2726} INFO - Sync 1 DAGs
[2023-06-18T14:55:08.530+0530] {logging_mixin.py:149} INFO - [2023-06-18T14:55:08.530+0530] {dag.py:3486} INFO - Setting next_dagrun for example_skip_dag to 2023-06-17T09:25:08.530360+00:00, run_after=2023-06-18T09:25:08.530360+00:00
[2023-06-18T14:55:08.546+0530] {processor.py:179} INFO - Processing /home/shubham/.local/lib/python3.10/site-packages/airflow/example_dags/example_skip_dag.py took 0.051 seconds
[2023-06-18T14:55:51.657+0530] {processor.py:157} INFO - Started process (PID=4588) to work on /home/shubham/.local/lib/python3.10/site-packages/airflow/example_dags/example_skip_dag.py
[2023-06-18T14:55:51.658+0530] {processor.py:826} INFO - Processing file /home/shubham/.local/lib/python3.10/site-packages/airflow/example_dags/example_skip_dag.py for tasks to queue
[2023-06-18T14:55:51.659+0530] {logging_mixin.py:149} INFO - [2023-06-18T14:55:51.659+0530] {dagbag.py:541} INFO - Filling up the DagBag from /home/shubham/.local/lib/python3.10/site-packages/airflow/example_dags/example_skip_dag.py
[2023-06-18T14:55:51.664+0530] {processor.py:836} INFO - DAG(s) dict_keys(['example_skip_dag']) retrieved from /home/shubham/.local/lib/python3.10/site-packages/airflow/example_dags/example_skip_dag.py
[2023-06-18T14:55:51.676+0530] {logging_mixin.py:149} INFO - [2023-06-18T14:55:51.676+0530] {dag.py:2726} INFO - Sync 1 DAGs
[2023-06-18T14:55:51.689+0530] {logging_mixin.py:149} INFO - [2023-06-18T14:55:51.688+0530] {dag.py:3486} INFO - Setting next_dagrun for example_skip_dag to 2023-06-17T09:25:51.688819+00:00, run_after=2023-06-18T09:25:51.688819+00:00
[2023-06-18T14:55:51.707+0530] {processor.py:179} INFO - Processing /home/shubham/.local/lib/python3.10/site-packages/airflow/example_dags/example_skip_dag.py took 0.053 seconds
[2023-06-18T14:56:36.237+0530] {processor.py:157} INFO - Started process (PID=4635) to work on /home/shubham/.local/lib/python3.10/site-packages/airflow/example_dags/example_skip_dag.py
[2023-06-18T14:56:36.239+0530] {processor.py:826} INFO - Processing file /home/shubham/.local/lib/python3.10/site-packages/airflow/example_dags/example_skip_dag.py for tasks to queue
[2023-06-18T14:56:36.239+0530] {logging_mixin.py:149} INFO - [2023-06-18T14:56:36.239+0530] {dagbag.py:541} INFO - Filling up the DagBag from /home/shubham/.local/lib/python3.10/site-packages/airflow/example_dags/example_skip_dag.py
[2023-06-18T14:56:36.244+0530] {processor.py:836} INFO - DAG(s) dict_keys(['example_skip_dag']) retrieved from /home/shubham/.local/lib/python3.10/site-packages/airflow/example_dags/example_skip_dag.py
[2023-06-18T14:56:36.257+0530] {logging_mixin.py:149} INFO - [2023-06-18T14:56:36.257+0530] {dag.py:2726} INFO - Sync 1 DAGs
[2023-06-18T14:56:36.270+0530] {logging_mixin.py:149} INFO - [2023-06-18T14:56:36.270+0530] {dag.py:3486} INFO - Setting next_dagrun for example_skip_dag to 2023-06-17T09:26:36.270001+00:00, run_after=2023-06-18T09:26:36.270001+00:00
[2023-06-18T14:56:36.286+0530] {processor.py:179} INFO - Processing /home/shubham/.local/lib/python3.10/site-packages/airflow/example_dags/example_skip_dag.py took 0.051 seconds
[2023-06-18T14:57:19.829+0530] {processor.py:157} INFO - Started process (PID=4685) to work on /home/shubham/.local/lib/python3.10/site-packages/airflow/example_dags/example_skip_dag.py
[2023-06-18T14:57:19.831+0530] {processor.py:826} INFO - Processing file /home/shubham/.local/lib/python3.10/site-packages/airflow/example_dags/example_skip_dag.py for tasks to queue
[2023-06-18T14:57:19.831+0530] {logging_mixin.py:149} INFO - [2023-06-18T14:57:19.831+0530] {dagbag.py:541} INFO - Filling up the DagBag from /home/shubham/.local/lib/python3.10/site-packages/airflow/example_dags/example_skip_dag.py
[2023-06-18T14:57:19.836+0530] {processor.py:836} INFO - DAG(s) dict_keys(['example_skip_dag']) retrieved from /home/shubham/.local/lib/python3.10/site-packages/airflow/example_dags/example_skip_dag.py
[2023-06-18T14:57:19.849+0530] {logging_mixin.py:149} INFO - [2023-06-18T14:57:19.848+0530] {dag.py:2726} INFO - Sync 1 DAGs
[2023-06-18T14:57:19.861+0530] {logging_mixin.py:149} INFO - [2023-06-18T14:57:19.861+0530] {dag.py:3486} INFO - Setting next_dagrun for example_skip_dag to 2023-06-17T09:27:19.861322+00:00, run_after=2023-06-18T09:27:19.861322+00:00
[2023-06-18T14:57:19.877+0530] {processor.py:179} INFO - Processing /home/shubham/.local/lib/python3.10/site-packages/airflow/example_dags/example_skip_dag.py took 0.050 seconds
[2023-06-18T14:58:02.225+0530] {processor.py:157} INFO - Started process (PID=4729) to work on /home/shubham/.local/lib/python3.10/site-packages/airflow/example_dags/example_skip_dag.py
[2023-06-18T14:58:02.227+0530] {processor.py:826} INFO - Processing file /home/shubham/.local/lib/python3.10/site-packages/airflow/example_dags/example_skip_dag.py for tasks to queue
[2023-06-18T14:58:02.227+0530] {logging_mixin.py:149} INFO - [2023-06-18T14:58:02.227+0530] {dagbag.py:541} INFO - Filling up the DagBag from /home/shubham/.local/lib/python3.10/site-packages/airflow/example_dags/example_skip_dag.py
[2023-06-18T14:58:02.232+0530] {processor.py:836} INFO - DAG(s) dict_keys(['example_skip_dag']) retrieved from /home/shubham/.local/lib/python3.10/site-packages/airflow/example_dags/example_skip_dag.py
[2023-06-18T14:58:02.245+0530] {logging_mixin.py:149} INFO - [2023-06-18T14:58:02.245+0530] {dag.py:2726} INFO - Sync 1 DAGs
[2023-06-18T14:58:02.258+0530] {logging_mixin.py:149} INFO - [2023-06-18T14:58:02.258+0530] {dag.py:3486} INFO - Setting next_dagrun for example_skip_dag to 2023-06-17T09:28:02.257940+00:00, run_after=2023-06-18T09:28:02.257940+00:00
[2023-06-18T14:58:02.274+0530] {processor.py:179} INFO - Processing /home/shubham/.local/lib/python3.10/site-packages/airflow/example_dags/example_skip_dag.py took 0.051 seconds
[2023-06-18T14:58:44.197+0530] {processor.py:157} INFO - Started process (PID=4774) to work on /home/shubham/.local/lib/python3.10/site-packages/airflow/example_dags/example_skip_dag.py
[2023-06-18T14:58:44.198+0530] {processor.py:826} INFO - Processing file /home/shubham/.local/lib/python3.10/site-packages/airflow/example_dags/example_skip_dag.py for tasks to queue
[2023-06-18T14:58:44.199+0530] {logging_mixin.py:149} INFO - [2023-06-18T14:58:44.199+0530] {dagbag.py:541} INFO - Filling up the DagBag from /home/shubham/.local/lib/python3.10/site-packages/airflow/example_dags/example_skip_dag.py
[2023-06-18T14:58:44.204+0530] {processor.py:836} INFO - DAG(s) dict_keys(['example_skip_dag']) retrieved from /home/shubham/.local/lib/python3.10/site-packages/airflow/example_dags/example_skip_dag.py
[2023-06-18T14:58:44.218+0530] {logging_mixin.py:149} INFO - [2023-06-18T14:58:44.217+0530] {dag.py:2726} INFO - Sync 1 DAGs
[2023-06-18T14:58:44.230+0530] {logging_mixin.py:149} INFO - [2023-06-18T14:58:44.230+0530] {dag.py:3486} INFO - Setting next_dagrun for example_skip_dag to 2023-06-17T09:28:44.230650+00:00, run_after=2023-06-18T09:28:44.230650+00:00
[2023-06-18T14:58:44.247+0530] {processor.py:179} INFO - Processing /home/shubham/.local/lib/python3.10/site-packages/airflow/example_dags/example_skip_dag.py took 0.052 seconds
[2023-06-18T14:59:25.799+0530] {processor.py:157} INFO - Started process (PID=4818) to work on /home/shubham/.local/lib/python3.10/site-packages/airflow/example_dags/example_skip_dag.py
[2023-06-18T14:59:25.800+0530] {processor.py:826} INFO - Processing file /home/shubham/.local/lib/python3.10/site-packages/airflow/example_dags/example_skip_dag.py for tasks to queue
[2023-06-18T14:59:25.801+0530] {logging_mixin.py:149} INFO - [2023-06-18T14:59:25.801+0530] {dagbag.py:541} INFO - Filling up the DagBag from /home/shubham/.local/lib/python3.10/site-packages/airflow/example_dags/example_skip_dag.py
[2023-06-18T14:59:25.806+0530] {processor.py:836} INFO - DAG(s) dict_keys(['example_skip_dag']) retrieved from /home/shubham/.local/lib/python3.10/site-packages/airflow/example_dags/example_skip_dag.py
[2023-06-18T14:59:25.819+0530] {logging_mixin.py:149} INFO - [2023-06-18T14:59:25.818+0530] {dag.py:2726} INFO - Sync 1 DAGs
[2023-06-18T14:59:25.830+0530] {logging_mixin.py:149} INFO - [2023-06-18T14:59:25.830+0530] {dag.py:3486} INFO - Setting next_dagrun for example_skip_dag to 2023-06-17T09:29:25.830668+00:00, run_after=2023-06-18T09:29:25.830668+00:00
[2023-06-18T14:59:25.846+0530] {processor.py:179} INFO - Processing /home/shubham/.local/lib/python3.10/site-packages/airflow/example_dags/example_skip_dag.py took 0.050 seconds
[2023-06-18T15:00:06.760+0530] {processor.py:157} INFO - Started process (PID=4861) to work on /home/shubham/.local/lib/python3.10/site-packages/airflow/example_dags/example_skip_dag.py
[2023-06-18T15:00:06.761+0530] {processor.py:826} INFO - Processing file /home/shubham/.local/lib/python3.10/site-packages/airflow/example_dags/example_skip_dag.py for tasks to queue
[2023-06-18T15:00:06.762+0530] {logging_mixin.py:149} INFO - [2023-06-18T15:00:06.762+0530] {dagbag.py:541} INFO - Filling up the DagBag from /home/shubham/.local/lib/python3.10/site-packages/airflow/example_dags/example_skip_dag.py
[2023-06-18T15:00:06.767+0530] {processor.py:836} INFO - DAG(s) dict_keys(['example_skip_dag']) retrieved from /home/shubham/.local/lib/python3.10/site-packages/airflow/example_dags/example_skip_dag.py
[2023-06-18T15:00:06.780+0530] {logging_mixin.py:149} INFO - [2023-06-18T15:00:06.780+0530] {dag.py:2726} INFO - Sync 1 DAGs
[2023-06-18T15:00:06.793+0530] {logging_mixin.py:149} INFO - [2023-06-18T15:00:06.793+0530] {dag.py:3486} INFO - Setting next_dagrun for example_skip_dag to 2023-06-17T09:30:06.792892+00:00, run_after=2023-06-18T09:30:06.792892+00:00
[2023-06-18T15:00:06.808+0530] {processor.py:179} INFO - Processing /home/shubham/.local/lib/python3.10/site-packages/airflow/example_dags/example_skip_dag.py took 0.051 seconds
[2023-06-18T15:00:54.019+0530] {processor.py:157} INFO - Started process (PID=4908) to work on /home/shubham/.local/lib/python3.10/site-packages/airflow/example_dags/example_skip_dag.py
[2023-06-18T15:00:54.020+0530] {processor.py:826} INFO - Processing file /home/shubham/.local/lib/python3.10/site-packages/airflow/example_dags/example_skip_dag.py for tasks to queue
[2023-06-18T15:00:54.021+0530] {logging_mixin.py:149} INFO - [2023-06-18T15:00:54.021+0530] {dagbag.py:541} INFO - Filling up the DagBag from /home/shubham/.local/lib/python3.10/site-packages/airflow/example_dags/example_skip_dag.py
[2023-06-18T15:00:54.026+0530] {processor.py:836} INFO - DAG(s) dict_keys(['example_skip_dag']) retrieved from /home/shubham/.local/lib/python3.10/site-packages/airflow/example_dags/example_skip_dag.py
[2023-06-18T15:00:54.039+0530] {logging_mixin.py:149} INFO - [2023-06-18T15:00:54.039+0530] {dag.py:2726} INFO - Sync 1 DAGs
[2023-06-18T15:00:54.051+0530] {logging_mixin.py:149} INFO - [2023-06-18T15:00:54.051+0530] {dag.py:3486} INFO - Setting next_dagrun for example_skip_dag to 2023-06-17T09:30:54.050859+00:00, run_after=2023-06-18T09:30:54.050859+00:00
[2023-06-18T15:00:54.067+0530] {processor.py:179} INFO - Processing /home/shubham/.local/lib/python3.10/site-packages/airflow/example_dags/example_skip_dag.py took 0.050 seconds
[2023-06-18T15:01:38.320+0530] {processor.py:157} INFO - Started process (PID=4954) to work on /home/shubham/.local/lib/python3.10/site-packages/airflow/example_dags/example_skip_dag.py
[2023-06-18T15:01:38.321+0530] {processor.py:826} INFO - Processing file /home/shubham/.local/lib/python3.10/site-packages/airflow/example_dags/example_skip_dag.py for tasks to queue
[2023-06-18T15:01:38.322+0530] {logging_mixin.py:149} INFO - [2023-06-18T15:01:38.322+0530] {dagbag.py:541} INFO - Filling up the DagBag from /home/shubham/.local/lib/python3.10/site-packages/airflow/example_dags/example_skip_dag.py
[2023-06-18T15:01:38.327+0530] {processor.py:836} INFO - DAG(s) dict_keys(['example_skip_dag']) retrieved from /home/shubham/.local/lib/python3.10/site-packages/airflow/example_dags/example_skip_dag.py
[2023-06-18T15:01:38.341+0530] {logging_mixin.py:149} INFO - [2023-06-18T15:01:38.341+0530] {dag.py:2726} INFO - Sync 1 DAGs
[2023-06-18T15:01:38.354+0530] {logging_mixin.py:149} INFO - [2023-06-18T15:01:38.354+0530] {dag.py:3486} INFO - Setting next_dagrun for example_skip_dag to 2023-06-17T09:31:38.353881+00:00, run_after=2023-06-18T09:31:38.353881+00:00
[2023-06-18T15:01:38.370+0530] {processor.py:179} INFO - Processing /home/shubham/.local/lib/python3.10/site-packages/airflow/example_dags/example_skip_dag.py took 0.052 seconds
[2023-06-18T15:02:25.022+0530] {processor.py:157} INFO - Started process (PID=5003) to work on /home/shubham/.local/lib/python3.10/site-packages/airflow/example_dags/example_skip_dag.py
[2023-06-18T15:02:25.023+0530] {processor.py:826} INFO - Processing file /home/shubham/.local/lib/python3.10/site-packages/airflow/example_dags/example_skip_dag.py for tasks to queue
[2023-06-18T15:02:25.024+0530] {logging_mixin.py:149} INFO - [2023-06-18T15:02:25.024+0530] {dagbag.py:541} INFO - Filling up the DagBag from /home/shubham/.local/lib/python3.10/site-packages/airflow/example_dags/example_skip_dag.py
[2023-06-18T15:02:25.029+0530] {processor.py:836} INFO - DAG(s) dict_keys(['example_skip_dag']) retrieved from /home/shubham/.local/lib/python3.10/site-packages/airflow/example_dags/example_skip_dag.py
[2023-06-18T15:02:25.042+0530] {logging_mixin.py:149} INFO - [2023-06-18T15:02:25.042+0530] {dag.py:2726} INFO - Sync 1 DAGs
[2023-06-18T15:02:25.054+0530] {logging_mixin.py:149} INFO - [2023-06-18T15:02:25.054+0530] {dag.py:3486} INFO - Setting next_dagrun for example_skip_dag to 2023-06-17T09:32:25.053944+00:00, run_after=2023-06-18T09:32:25.053944+00:00
[2023-06-18T15:02:25.072+0530] {processor.py:179} INFO - Processing /home/shubham/.local/lib/python3.10/site-packages/airflow/example_dags/example_skip_dag.py took 0.052 seconds
[2023-06-18T15:03:04.445+0530] {processor.py:157} INFO - Started process (PID=5044) to work on /home/shubham/.local/lib/python3.10/site-packages/airflow/example_dags/example_skip_dag.py
[2023-06-18T15:03:04.447+0530] {processor.py:826} INFO - Processing file /home/shubham/.local/lib/python3.10/site-packages/airflow/example_dags/example_skip_dag.py for tasks to queue
[2023-06-18T15:03:04.447+0530] {logging_mixin.py:149} INFO - [2023-06-18T15:03:04.447+0530] {dagbag.py:541} INFO - Filling up the DagBag from /home/shubham/.local/lib/python3.10/site-packages/airflow/example_dags/example_skip_dag.py
[2023-06-18T15:03:04.452+0530] {processor.py:836} INFO - DAG(s) dict_keys(['example_skip_dag']) retrieved from /home/shubham/.local/lib/python3.10/site-packages/airflow/example_dags/example_skip_dag.py
[2023-06-18T15:03:04.466+0530] {logging_mixin.py:149} INFO - [2023-06-18T15:03:04.465+0530] {dag.py:2726} INFO - Sync 1 DAGs
[2023-06-18T15:03:04.477+0530] {logging_mixin.py:149} INFO - [2023-06-18T15:03:04.477+0530] {dag.py:3486} INFO - Setting next_dagrun for example_skip_dag to 2023-06-17T09:33:04.477538+00:00, run_after=2023-06-18T09:33:04.477538+00:00
[2023-06-18T15:03:04.495+0530] {processor.py:179} INFO - Processing /home/shubham/.local/lib/python3.10/site-packages/airflow/example_dags/example_skip_dag.py took 0.052 seconds
[2023-06-18T15:03:47.380+0530] {processor.py:157} INFO - Started process (PID=5090) to work on /home/shubham/.local/lib/python3.10/site-packages/airflow/example_dags/example_skip_dag.py
[2023-06-18T15:03:47.382+0530] {processor.py:826} INFO - Processing file /home/shubham/.local/lib/python3.10/site-packages/airflow/example_dags/example_skip_dag.py for tasks to queue
[2023-06-18T15:03:47.382+0530] {logging_mixin.py:149} INFO - [2023-06-18T15:03:47.382+0530] {dagbag.py:541} INFO - Filling up the DagBag from /home/shubham/.local/lib/python3.10/site-packages/airflow/example_dags/example_skip_dag.py
[2023-06-18T15:03:47.387+0530] {processor.py:836} INFO - DAG(s) dict_keys(['example_skip_dag']) retrieved from /home/shubham/.local/lib/python3.10/site-packages/airflow/example_dags/example_skip_dag.py
[2023-06-18T15:03:47.402+0530] {logging_mixin.py:149} INFO - [2023-06-18T15:03:47.402+0530] {dag.py:2726} INFO - Sync 1 DAGs
[2023-06-18T15:03:47.417+0530] {logging_mixin.py:149} INFO - [2023-06-18T15:03:47.417+0530] {dag.py:3486} INFO - Setting next_dagrun for example_skip_dag to 2023-06-17T09:33:47.417366+00:00, run_after=2023-06-18T09:33:47.417366+00:00
[2023-06-18T15:03:47.435+0530] {processor.py:179} INFO - Processing /home/shubham/.local/lib/python3.10/site-packages/airflow/example_dags/example_skip_dag.py took 0.056 seconds
[2023-06-18T15:04:31.066+0530] {processor.py:157} INFO - Started process (PID=5136) to work on /home/shubham/.local/lib/python3.10/site-packages/airflow/example_dags/example_skip_dag.py
[2023-06-18T15:04:31.068+0530] {processor.py:826} INFO - Processing file /home/shubham/.local/lib/python3.10/site-packages/airflow/example_dags/example_skip_dag.py for tasks to queue
[2023-06-18T15:04:31.068+0530] {logging_mixin.py:149} INFO - [2023-06-18T15:04:31.068+0530] {dagbag.py:541} INFO - Filling up the DagBag from /home/shubham/.local/lib/python3.10/site-packages/airflow/example_dags/example_skip_dag.py
[2023-06-18T15:04:31.073+0530] {processor.py:836} INFO - DAG(s) dict_keys(['example_skip_dag']) retrieved from /home/shubham/.local/lib/python3.10/site-packages/airflow/example_dags/example_skip_dag.py
[2023-06-18T15:04:31.086+0530] {logging_mixin.py:149} INFO - [2023-06-18T15:04:31.086+0530] {dag.py:2726} INFO - Sync 1 DAGs
[2023-06-18T15:04:31.098+0530] {logging_mixin.py:149} INFO - [2023-06-18T15:04:31.098+0530] {dag.py:3486} INFO - Setting next_dagrun for example_skip_dag to 2023-06-17T09:34:31.097987+00:00, run_after=2023-06-18T09:34:31.097987+00:00
[2023-06-18T15:04:31.114+0530] {processor.py:179} INFO - Processing /home/shubham/.local/lib/python3.10/site-packages/airflow/example_dags/example_skip_dag.py took 0.050 seconds
[2023-06-18T15:05:15.772+0530] {processor.py:157} INFO - Started process (PID=5180) to work on /home/shubham/.local/lib/python3.10/site-packages/airflow/example_dags/example_skip_dag.py
[2023-06-18T15:05:15.774+0530] {processor.py:826} INFO - Processing file /home/shubham/.local/lib/python3.10/site-packages/airflow/example_dags/example_skip_dag.py for tasks to queue
[2023-06-18T15:05:15.774+0530] {logging_mixin.py:149} INFO - [2023-06-18T15:05:15.774+0530] {dagbag.py:541} INFO - Filling up the DagBag from /home/shubham/.local/lib/python3.10/site-packages/airflow/example_dags/example_skip_dag.py
[2023-06-18T15:05:15.779+0530] {processor.py:836} INFO - DAG(s) dict_keys(['example_skip_dag']) retrieved from /home/shubham/.local/lib/python3.10/site-packages/airflow/example_dags/example_skip_dag.py
[2023-06-18T15:05:15.792+0530] {logging_mixin.py:149} INFO - [2023-06-18T15:05:15.792+0530] {dag.py:2726} INFO - Sync 1 DAGs
[2023-06-18T15:05:15.804+0530] {logging_mixin.py:149} INFO - [2023-06-18T15:05:15.804+0530] {dag.py:3486} INFO - Setting next_dagrun for example_skip_dag to 2023-06-17T09:35:15.804224+00:00, run_after=2023-06-18T09:35:15.804224+00:00
[2023-06-18T15:05:15.820+0530] {processor.py:179} INFO - Processing /home/shubham/.local/lib/python3.10/site-packages/airflow/example_dags/example_skip_dag.py took 0.050 seconds
[2023-06-18T15:05:58.091+0530] {processor.py:157} INFO - Started process (PID=5226) to work on /home/shubham/.local/lib/python3.10/site-packages/airflow/example_dags/example_skip_dag.py
[2023-06-18T15:05:58.093+0530] {processor.py:826} INFO - Processing file /home/shubham/.local/lib/python3.10/site-packages/airflow/example_dags/example_skip_dag.py for tasks to queue
[2023-06-18T15:05:58.093+0530] {logging_mixin.py:149} INFO - [2023-06-18T15:05:58.093+0530] {dagbag.py:541} INFO - Filling up the DagBag from /home/shubham/.local/lib/python3.10/site-packages/airflow/example_dags/example_skip_dag.py
[2023-06-18T15:05:58.098+0530] {processor.py:836} INFO - DAG(s) dict_keys(['example_skip_dag']) retrieved from /home/shubham/.local/lib/python3.10/site-packages/airflow/example_dags/example_skip_dag.py
[2023-06-18T15:05:58.111+0530] {logging_mixin.py:149} INFO - [2023-06-18T15:05:58.111+0530] {dag.py:2726} INFO - Sync 1 DAGs
[2023-06-18T15:05:58.123+0530] {logging_mixin.py:149} INFO - [2023-06-18T15:05:58.123+0530] {dag.py:3486} INFO - Setting next_dagrun for example_skip_dag to 2023-06-17T09:35:58.123532+00:00, run_after=2023-06-18T09:35:58.123532+00:00
[2023-06-18T15:05:58.139+0530] {processor.py:179} INFO - Processing /home/shubham/.local/lib/python3.10/site-packages/airflow/example_dags/example_skip_dag.py took 0.051 seconds
[2023-06-18T15:06:44.614+0530] {processor.py:157} INFO - Started process (PID=5272) to work on /home/shubham/.local/lib/python3.10/site-packages/airflow/example_dags/example_skip_dag.py
[2023-06-18T15:06:44.616+0530] {processor.py:826} INFO - Processing file /home/shubham/.local/lib/python3.10/site-packages/airflow/example_dags/example_skip_dag.py for tasks to queue
[2023-06-18T15:06:44.617+0530] {logging_mixin.py:149} INFO - [2023-06-18T15:06:44.617+0530] {dagbag.py:541} INFO - Filling up the DagBag from /home/shubham/.local/lib/python3.10/site-packages/airflow/example_dags/example_skip_dag.py
[2023-06-18T15:06:44.624+0530] {processor.py:836} INFO - DAG(s) dict_keys(['example_skip_dag']) retrieved from /home/shubham/.local/lib/python3.10/site-packages/airflow/example_dags/example_skip_dag.py
[2023-06-18T15:06:44.643+0530] {logging_mixin.py:149} INFO - [2023-06-18T15:06:44.643+0530] {dag.py:2726} INFO - Sync 1 DAGs
[2023-06-18T15:06:44.662+0530] {logging_mixin.py:149} INFO - [2023-06-18T15:06:44.662+0530] {dag.py:3486} INFO - Setting next_dagrun for example_skip_dag to 2023-06-17T09:36:44.661949+00:00, run_after=2023-06-18T09:36:44.661949+00:00
[2023-06-18T15:06:44.689+0530] {processor.py:179} INFO - Processing /home/shubham/.local/lib/python3.10/site-packages/airflow/example_dags/example_skip_dag.py took 0.078 seconds
[2023-06-18T15:07:33.528+0530] {processor.py:157} INFO - Started process (PID=5322) to work on /home/shubham/.local/lib/python3.10/site-packages/airflow/example_dags/example_skip_dag.py
[2023-06-18T15:07:33.530+0530] {processor.py:826} INFO - Processing file /home/shubham/.local/lib/python3.10/site-packages/airflow/example_dags/example_skip_dag.py for tasks to queue
[2023-06-18T15:07:33.531+0530] {logging_mixin.py:149} INFO - [2023-06-18T15:07:33.531+0530] {dagbag.py:541} INFO - Filling up the DagBag from /home/shubham/.local/lib/python3.10/site-packages/airflow/example_dags/example_skip_dag.py
[2023-06-18T15:07:33.538+0530] {processor.py:836} INFO - DAG(s) dict_keys(['example_skip_dag']) retrieved from /home/shubham/.local/lib/python3.10/site-packages/airflow/example_dags/example_skip_dag.py
[2023-06-18T15:07:33.559+0530] {logging_mixin.py:149} INFO - [2023-06-18T15:07:33.558+0530] {dag.py:2726} INFO - Sync 1 DAGs
[2023-06-18T15:07:33.578+0530] {logging_mixin.py:149} INFO - [2023-06-18T15:07:33.578+0530] {dag.py:3486} INFO - Setting next_dagrun for example_skip_dag to 2023-06-17T09:37:33.578026+00:00, run_after=2023-06-18T09:37:33.578026+00:00
[2023-06-18T15:07:33.602+0530] {processor.py:179} INFO - Processing /home/shubham/.local/lib/python3.10/site-packages/airflow/example_dags/example_skip_dag.py took 0.078 seconds
[2023-06-18T15:08:18.842+0530] {processor.py:157} INFO - Started process (PID=5369) to work on /home/shubham/.local/lib/python3.10/site-packages/airflow/example_dags/example_skip_dag.py
[2023-06-18T15:08:18.844+0530] {processor.py:826} INFO - Processing file /home/shubham/.local/lib/python3.10/site-packages/airflow/example_dags/example_skip_dag.py for tasks to queue
[2023-06-18T15:08:18.844+0530] {logging_mixin.py:149} INFO - [2023-06-18T15:08:18.844+0530] {dagbag.py:541} INFO - Filling up the DagBag from /home/shubham/.local/lib/python3.10/site-packages/airflow/example_dags/example_skip_dag.py
[2023-06-18T15:08:18.851+0530] {processor.py:836} INFO - DAG(s) dict_keys(['example_skip_dag']) retrieved from /home/shubham/.local/lib/python3.10/site-packages/airflow/example_dags/example_skip_dag.py
[2023-06-18T15:08:18.869+0530] {logging_mixin.py:149} INFO - [2023-06-18T15:08:18.869+0530] {dag.py:2726} INFO - Sync 1 DAGs
[2023-06-18T15:08:18.885+0530] {logging_mixin.py:149} INFO - [2023-06-18T15:08:18.885+0530] {dag.py:3486} INFO - Setting next_dagrun for example_skip_dag to 2023-06-17T09:38:18.885280+00:00, run_after=2023-06-18T09:38:18.885280+00:00
[2023-06-18T15:08:18.908+0530] {processor.py:179} INFO - Processing /home/shubham/.local/lib/python3.10/site-packages/airflow/example_dags/example_skip_dag.py took 0.069 seconds
[2023-06-18T15:09:02.387+0530] {processor.py:157} INFO - Started process (PID=5414) to work on /home/shubham/.local/lib/python3.10/site-packages/airflow/example_dags/example_skip_dag.py
[2023-06-18T15:09:02.389+0530] {processor.py:826} INFO - Processing file /home/shubham/.local/lib/python3.10/site-packages/airflow/example_dags/example_skip_dag.py for tasks to queue
[2023-06-18T15:09:02.390+0530] {logging_mixin.py:149} INFO - [2023-06-18T15:09:02.389+0530] {dagbag.py:541} INFO - Filling up the DagBag from /home/shubham/.local/lib/python3.10/site-packages/airflow/example_dags/example_skip_dag.py
[2023-06-18T15:09:02.397+0530] {processor.py:836} INFO - DAG(s) dict_keys(['example_skip_dag']) retrieved from /home/shubham/.local/lib/python3.10/site-packages/airflow/example_dags/example_skip_dag.py
[2023-06-18T15:09:02.418+0530] {logging_mixin.py:149} INFO - [2023-06-18T15:09:02.418+0530] {dag.py:2726} INFO - Sync 1 DAGs
[2023-06-18T15:09:02.437+0530] {logging_mixin.py:149} INFO - [2023-06-18T15:09:02.436+0530] {dag.py:3486} INFO - Setting next_dagrun for example_skip_dag to 2023-06-17T09:39:02.436690+00:00, run_after=2023-06-18T09:39:02.436690+00:00
[2023-06-18T15:09:02.461+0530] {processor.py:179} INFO - Processing /home/shubham/.local/lib/python3.10/site-packages/airflow/example_dags/example_skip_dag.py took 0.077 seconds
[2023-06-18T15:09:47.167+0530] {processor.py:157} INFO - Started process (PID=5460) to work on /home/shubham/.local/lib/python3.10/site-packages/airflow/example_dags/example_skip_dag.py
[2023-06-18T15:09:47.170+0530] {processor.py:826} INFO - Processing file /home/shubham/.local/lib/python3.10/site-packages/airflow/example_dags/example_skip_dag.py for tasks to queue
[2023-06-18T15:09:47.170+0530] {logging_mixin.py:149} INFO - [2023-06-18T15:09:47.170+0530] {dagbag.py:541} INFO - Filling up the DagBag from /home/shubham/.local/lib/python3.10/site-packages/airflow/example_dags/example_skip_dag.py
[2023-06-18T15:09:47.177+0530] {processor.py:836} INFO - DAG(s) dict_keys(['example_skip_dag']) retrieved from /home/shubham/.local/lib/python3.10/site-packages/airflow/example_dags/example_skip_dag.py
[2023-06-18T15:09:47.199+0530] {logging_mixin.py:149} INFO - [2023-06-18T15:09:47.199+0530] {dag.py:2726} INFO - Sync 1 DAGs
[2023-06-18T15:09:47.217+0530] {logging_mixin.py:149} INFO - [2023-06-18T15:09:47.217+0530] {dag.py:3486} INFO - Setting next_dagrun for example_skip_dag to 2023-06-17T09:39:47.217209+00:00, run_after=2023-06-18T09:39:47.217209+00:00
[2023-06-18T15:09:47.243+0530] {processor.py:179} INFO - Processing /home/shubham/.local/lib/python3.10/site-packages/airflow/example_dags/example_skip_dag.py took 0.079 seconds
[2023-06-18T15:10:30.024+0530] {processor.py:157} INFO - Started process (PID=5506) to work on /home/shubham/.local/lib/python3.10/site-packages/airflow/example_dags/example_skip_dag.py
[2023-06-18T15:10:30.026+0530] {processor.py:826} INFO - Processing file /home/shubham/.local/lib/python3.10/site-packages/airflow/example_dags/example_skip_dag.py for tasks to queue
[2023-06-18T15:10:30.027+0530] {logging_mixin.py:149} INFO - [2023-06-18T15:10:30.027+0530] {dagbag.py:541} INFO - Filling up the DagBag from /home/shubham/.local/lib/python3.10/site-packages/airflow/example_dags/example_skip_dag.py
[2023-06-18T15:10:30.034+0530] {processor.py:836} INFO - DAG(s) dict_keys(['example_skip_dag']) retrieved from /home/shubham/.local/lib/python3.10/site-packages/airflow/example_dags/example_skip_dag.py
[2023-06-18T15:10:30.051+0530] {logging_mixin.py:149} INFO - [2023-06-18T15:10:30.051+0530] {dag.py:2726} INFO - Sync 1 DAGs
[2023-06-18T15:10:30.069+0530] {logging_mixin.py:149} INFO - [2023-06-18T15:10:30.069+0530] {dag.py:3486} INFO - Setting next_dagrun for example_skip_dag to 2023-06-17T09:40:30.068994+00:00, run_after=2023-06-18T09:40:30.068994+00:00
[2023-06-18T15:10:30.094+0530] {processor.py:179} INFO - Processing /home/shubham/.local/lib/python3.10/site-packages/airflow/example_dags/example_skip_dag.py took 0.073 seconds
[2023-06-18T15:11:12.477+0530] {processor.py:157} INFO - Started process (PID=5549) to work on /home/shubham/.local/lib/python3.10/site-packages/airflow/example_dags/example_skip_dag.py
[2023-06-18T15:11:12.479+0530] {processor.py:826} INFO - Processing file /home/shubham/.local/lib/python3.10/site-packages/airflow/example_dags/example_skip_dag.py for tasks to queue
[2023-06-18T15:11:12.480+0530] {logging_mixin.py:149} INFO - [2023-06-18T15:11:12.480+0530] {dagbag.py:541} INFO - Filling up the DagBag from /home/shubham/.local/lib/python3.10/site-packages/airflow/example_dags/example_skip_dag.py
[2023-06-18T15:11:12.488+0530] {processor.py:836} INFO - DAG(s) dict_keys(['example_skip_dag']) retrieved from /home/shubham/.local/lib/python3.10/site-packages/airflow/example_dags/example_skip_dag.py
[2023-06-18T15:11:12.509+0530] {logging_mixin.py:149} INFO - [2023-06-18T15:11:12.509+0530] {dag.py:2726} INFO - Sync 1 DAGs
[2023-06-18T15:11:12.530+0530] {logging_mixin.py:149} INFO - [2023-06-18T15:11:12.530+0530] {dag.py:3486} INFO - Setting next_dagrun for example_skip_dag to 2023-06-17T09:41:12.529811+00:00, run_after=2023-06-18T09:41:12.529811+00:00
[2023-06-18T15:11:12.562+0530] {processor.py:179} INFO - Processing /home/shubham/.local/lib/python3.10/site-packages/airflow/example_dags/example_skip_dag.py took 0.088 seconds
[2023-06-18T15:11:53.377+0530] {processor.py:157} INFO - Started process (PID=5593) to work on /home/shubham/.local/lib/python3.10/site-packages/airflow/example_dags/example_skip_dag.py
[2023-06-18T15:11:53.379+0530] {processor.py:826} INFO - Processing file /home/shubham/.local/lib/python3.10/site-packages/airflow/example_dags/example_skip_dag.py for tasks to queue
[2023-06-18T15:11:53.380+0530] {logging_mixin.py:149} INFO - [2023-06-18T15:11:53.380+0530] {dagbag.py:541} INFO - Filling up the DagBag from /home/shubham/.local/lib/python3.10/site-packages/airflow/example_dags/example_skip_dag.py
[2023-06-18T15:11:53.387+0530] {processor.py:836} INFO - DAG(s) dict_keys(['example_skip_dag']) retrieved from /home/shubham/.local/lib/python3.10/site-packages/airflow/example_dags/example_skip_dag.py
[2023-06-18T15:11:53.406+0530] {logging_mixin.py:149} INFO - [2023-06-18T15:11:53.406+0530] {dag.py:2726} INFO - Sync 1 DAGs
[2023-06-18T15:11:53.425+0530] {logging_mixin.py:149} INFO - [2023-06-18T15:11:53.425+0530] {dag.py:3486} INFO - Setting next_dagrun for example_skip_dag to 2023-06-17T09:41:53.424971+00:00, run_after=2023-06-18T09:41:53.424971+00:00
[2023-06-18T15:11:53.450+0530] {processor.py:179} INFO - Processing /home/shubham/.local/lib/python3.10/site-packages/airflow/example_dags/example_skip_dag.py took 0.076 seconds
[2023-06-18T15:12:36.460+0530] {processor.py:157} INFO - Started process (PID=5639) to work on /home/shubham/.local/lib/python3.10/site-packages/airflow/example_dags/example_skip_dag.py
[2023-06-18T15:12:36.462+0530] {processor.py:826} INFO - Processing file /home/shubham/.local/lib/python3.10/site-packages/airflow/example_dags/example_skip_dag.py for tasks to queue
[2023-06-18T15:12:36.462+0530] {logging_mixin.py:149} INFO - [2023-06-18T15:12:36.462+0530] {dagbag.py:541} INFO - Filling up the DagBag from /home/shubham/.local/lib/python3.10/site-packages/airflow/example_dags/example_skip_dag.py
[2023-06-18T15:12:36.469+0530] {processor.py:836} INFO - DAG(s) dict_keys(['example_skip_dag']) retrieved from /home/shubham/.local/lib/python3.10/site-packages/airflow/example_dags/example_skip_dag.py
[2023-06-18T15:12:36.489+0530] {logging_mixin.py:149} INFO - [2023-06-18T15:12:36.489+0530] {dag.py:2726} INFO - Sync 1 DAGs
[2023-06-18T15:12:36.508+0530] {logging_mixin.py:149} INFO - [2023-06-18T15:12:36.508+0530] {dag.py:3486} INFO - Setting next_dagrun for example_skip_dag to 2023-06-17T09:42:36.508349+00:00, run_after=2023-06-18T09:42:36.508349+00:00
[2023-06-18T15:12:36.534+0530] {processor.py:179} INFO - Processing /home/shubham/.local/lib/python3.10/site-packages/airflow/example_dags/example_skip_dag.py took 0.079 seconds
[2023-06-18T15:13:17.872+0530] {processor.py:157} INFO - Started process (PID=5681) to work on /home/shubham/.local/lib/python3.10/site-packages/airflow/example_dags/example_skip_dag.py
[2023-06-18T15:13:17.873+0530] {processor.py:826} INFO - Processing file /home/shubham/.local/lib/python3.10/site-packages/airflow/example_dags/example_skip_dag.py for tasks to queue
[2023-06-18T15:13:17.874+0530] {logging_mixin.py:149} INFO - [2023-06-18T15:13:17.874+0530] {dagbag.py:541} INFO - Filling up the DagBag from /home/shubham/.local/lib/python3.10/site-packages/airflow/example_dags/example_skip_dag.py
[2023-06-18T15:13:17.881+0530] {processor.py:836} INFO - DAG(s) dict_keys(['example_skip_dag']) retrieved from /home/shubham/.local/lib/python3.10/site-packages/airflow/example_dags/example_skip_dag.py
[2023-06-18T15:13:17.898+0530] {logging_mixin.py:149} INFO - [2023-06-18T15:13:17.898+0530] {dag.py:2726} INFO - Sync 1 DAGs
[2023-06-18T15:13:17.914+0530] {logging_mixin.py:149} INFO - [2023-06-18T15:13:17.914+0530] {dag.py:3486} INFO - Setting next_dagrun for example_skip_dag to 2023-06-17T09:43:17.914056+00:00, run_after=2023-06-18T09:43:17.914056+00:00
[2023-06-18T15:13:17.936+0530] {processor.py:179} INFO - Processing /home/shubham/.local/lib/python3.10/site-packages/airflow/example_dags/example_skip_dag.py took 0.067 seconds
[2023-06-18T15:13:58.024+0530] {processor.py:157} INFO - Started process (PID=5724) to work on /home/shubham/.local/lib/python3.10/site-packages/airflow/example_dags/example_skip_dag.py
[2023-06-18T15:13:58.026+0530] {processor.py:826} INFO - Processing file /home/shubham/.local/lib/python3.10/site-packages/airflow/example_dags/example_skip_dag.py for tasks to queue
[2023-06-18T15:13:58.027+0530] {logging_mixin.py:149} INFO - [2023-06-18T15:13:58.027+0530] {dagbag.py:541} INFO - Filling up the DagBag from /home/shubham/.local/lib/python3.10/site-packages/airflow/example_dags/example_skip_dag.py
[2023-06-18T15:13:58.033+0530] {processor.py:836} INFO - DAG(s) dict_keys(['example_skip_dag']) retrieved from /home/shubham/.local/lib/python3.10/site-packages/airflow/example_dags/example_skip_dag.py
[2023-06-18T15:13:58.049+0530] {logging_mixin.py:149} INFO - [2023-06-18T15:13:58.049+0530] {dag.py:2726} INFO - Sync 1 DAGs
[2023-06-18T15:13:58.067+0530] {logging_mixin.py:149} INFO - [2023-06-18T15:13:58.067+0530] {dag.py:3486} INFO - Setting next_dagrun for example_skip_dag to 2023-06-17T09:43:58.066896+00:00, run_after=2023-06-18T09:43:58.066896+00:00
[2023-06-18T15:13:58.091+0530] {processor.py:179} INFO - Processing /home/shubham/.local/lib/python3.10/site-packages/airflow/example_dags/example_skip_dag.py took 0.070 seconds
[2023-06-18T15:14:45.310+0530] {processor.py:157} INFO - Started process (PID=5772) to work on /home/shubham/.local/lib/python3.10/site-packages/airflow/example_dags/example_skip_dag.py
[2023-06-18T15:14:45.312+0530] {processor.py:826} INFO - Processing file /home/shubham/.local/lib/python3.10/site-packages/airflow/example_dags/example_skip_dag.py for tasks to queue
[2023-06-18T15:14:45.312+0530] {logging_mixin.py:149} INFO - [2023-06-18T15:14:45.312+0530] {dagbag.py:541} INFO - Filling up the DagBag from /home/shubham/.local/lib/python3.10/site-packages/airflow/example_dags/example_skip_dag.py
[2023-06-18T15:14:45.319+0530] {processor.py:836} INFO - DAG(s) dict_keys(['example_skip_dag']) retrieved from /home/shubham/.local/lib/python3.10/site-packages/airflow/example_dags/example_skip_dag.py
[2023-06-18T15:14:45.338+0530] {logging_mixin.py:149} INFO - [2023-06-18T15:14:45.338+0530] {dag.py:2726} INFO - Sync 1 DAGs
[2023-06-18T15:14:45.357+0530] {logging_mixin.py:149} INFO - [2023-06-18T15:14:45.357+0530] {dag.py:3486} INFO - Setting next_dagrun for example_skip_dag to 2023-06-17T09:44:45.357313+00:00, run_after=2023-06-18T09:44:45.357313+00:00
[2023-06-18T15:14:45.383+0530] {processor.py:179} INFO - Processing /home/shubham/.local/lib/python3.10/site-packages/airflow/example_dags/example_skip_dag.py took 0.076 seconds
[2023-06-18T15:15:30.599+0530] {processor.py:157} INFO - Started process (PID=5818) to work on /home/shubham/.local/lib/python3.10/site-packages/airflow/example_dags/example_skip_dag.py
[2023-06-18T15:15:30.601+0530] {processor.py:826} INFO - Processing file /home/shubham/.local/lib/python3.10/site-packages/airflow/example_dags/example_skip_dag.py for tasks to queue
[2023-06-18T15:15:30.602+0530] {logging_mixin.py:149} INFO - [2023-06-18T15:15:30.601+0530] {dagbag.py:541} INFO - Filling up the DagBag from /home/shubham/.local/lib/python3.10/site-packages/airflow/example_dags/example_skip_dag.py
[2023-06-18T15:15:30.608+0530] {processor.py:836} INFO - DAG(s) dict_keys(['example_skip_dag']) retrieved from /home/shubham/.local/lib/python3.10/site-packages/airflow/example_dags/example_skip_dag.py
[2023-06-18T15:15:30.627+0530] {logging_mixin.py:149} INFO - [2023-06-18T15:15:30.627+0530] {dag.py:2726} INFO - Sync 1 DAGs
[2023-06-18T15:15:30.646+0530] {logging_mixin.py:149} INFO - [2023-06-18T15:15:30.646+0530] {dag.py:3486} INFO - Setting next_dagrun for example_skip_dag to 2023-06-17T09:45:30.645849+00:00, run_after=2023-06-18T09:45:30.645849+00:00
[2023-06-18T15:15:30.676+0530] {processor.py:179} INFO - Processing /home/shubham/.local/lib/python3.10/site-packages/airflow/example_dags/example_skip_dag.py took 0.080 seconds
[2023-06-18T15:16:15.770+0530] {processor.py:157} INFO - Started process (PID=5864) to work on /home/shubham/.local/lib/python3.10/site-packages/airflow/example_dags/example_skip_dag.py
[2023-06-18T15:16:15.772+0530] {processor.py:826} INFO - Processing file /home/shubham/.local/lib/python3.10/site-packages/airflow/example_dags/example_skip_dag.py for tasks to queue
[2023-06-18T15:16:15.772+0530] {logging_mixin.py:149} INFO - [2023-06-18T15:16:15.772+0530] {dagbag.py:541} INFO - Filling up the DagBag from /home/shubham/.local/lib/python3.10/site-packages/airflow/example_dags/example_skip_dag.py
[2023-06-18T15:16:15.778+0530] {processor.py:836} INFO - DAG(s) dict_keys(['example_skip_dag']) retrieved from /home/shubham/.local/lib/python3.10/site-packages/airflow/example_dags/example_skip_dag.py
[2023-06-18T15:16:15.795+0530] {logging_mixin.py:149} INFO - [2023-06-18T15:16:15.795+0530] {dag.py:2726} INFO - Sync 1 DAGs
[2023-06-18T15:16:15.810+0530] {logging_mixin.py:149} INFO - [2023-06-18T15:16:15.810+0530] {dag.py:3486} INFO - Setting next_dagrun for example_skip_dag to 2023-06-17T09:46:15.810434+00:00, run_after=2023-06-18T09:46:15.810434+00:00
[2023-06-18T15:16:15.834+0530] {processor.py:179} INFO - Processing /home/shubham/.local/lib/python3.10/site-packages/airflow/example_dags/example_skip_dag.py took 0.067 seconds
[2023-06-18T15:16:58.272+0530] {processor.py:157} INFO - Started process (PID=5910) to work on /home/shubham/.local/lib/python3.10/site-packages/airflow/example_dags/example_skip_dag.py
[2023-06-18T15:16:58.274+0530] {processor.py:826} INFO - Processing file /home/shubham/.local/lib/python3.10/site-packages/airflow/example_dags/example_skip_dag.py for tasks to queue
[2023-06-18T15:16:58.275+0530] {logging_mixin.py:149} INFO - [2023-06-18T15:16:58.275+0530] {dagbag.py:541} INFO - Filling up the DagBag from /home/shubham/.local/lib/python3.10/site-packages/airflow/example_dags/example_skip_dag.py
[2023-06-18T15:16:58.283+0530] {processor.py:836} INFO - DAG(s) dict_keys(['example_skip_dag']) retrieved from /home/shubham/.local/lib/python3.10/site-packages/airflow/example_dags/example_skip_dag.py
[2023-06-18T15:16:58.301+0530] {logging_mixin.py:149} INFO - [2023-06-18T15:16:58.301+0530] {dag.py:2726} INFO - Sync 1 DAGs
[2023-06-18T15:16:58.321+0530] {logging_mixin.py:149} INFO - [2023-06-18T15:16:58.321+0530] {dag.py:3486} INFO - Setting next_dagrun for example_skip_dag to 2023-06-17T09:46:58.321220+00:00, run_after=2023-06-18T09:46:58.321220+00:00
[2023-06-18T15:16:58.347+0530] {processor.py:179} INFO - Processing /home/shubham/.local/lib/python3.10/site-packages/airflow/example_dags/example_skip_dag.py took 0.077 seconds
[2023-06-18T15:17:40.182+0530] {processor.py:157} INFO - Started process (PID=5954) to work on /home/shubham/.local/lib/python3.10/site-packages/airflow/example_dags/example_skip_dag.py
[2023-06-18T15:17:40.184+0530] {processor.py:826} INFO - Processing file /home/shubham/.local/lib/python3.10/site-packages/airflow/example_dags/example_skip_dag.py for tasks to queue
[2023-06-18T15:17:40.184+0530] {logging_mixin.py:149} INFO - [2023-06-18T15:17:40.184+0530] {dagbag.py:541} INFO - Filling up the DagBag from /home/shubham/.local/lib/python3.10/site-packages/airflow/example_dags/example_skip_dag.py
[2023-06-18T15:17:40.192+0530] {processor.py:836} INFO - DAG(s) dict_keys(['example_skip_dag']) retrieved from /home/shubham/.local/lib/python3.10/site-packages/airflow/example_dags/example_skip_dag.py
[2023-06-18T15:17:40.211+0530] {logging_mixin.py:149} INFO - [2023-06-18T15:17:40.211+0530] {dag.py:2726} INFO - Sync 1 DAGs
[2023-06-18T15:17:40.229+0530] {logging_mixin.py:149} INFO - [2023-06-18T15:17:40.229+0530] {dag.py:3486} INFO - Setting next_dagrun for example_skip_dag to 2023-06-17T09:47:40.229402+00:00, run_after=2023-06-18T09:47:40.229402+00:00
[2023-06-18T15:17:40.257+0530] {processor.py:179} INFO - Processing /home/shubham/.local/lib/python3.10/site-packages/airflow/example_dags/example_skip_dag.py took 0.079 seconds
[2023-06-18T15:18:23.191+0530] {processor.py:157} INFO - Started process (PID=5999) to work on /home/shubham/.local/lib/python3.10/site-packages/airflow/example_dags/example_skip_dag.py
[2023-06-18T15:18:23.193+0530] {processor.py:826} INFO - Processing file /home/shubham/.local/lib/python3.10/site-packages/airflow/example_dags/example_skip_dag.py for tasks to queue
[2023-06-18T15:18:23.194+0530] {logging_mixin.py:149} INFO - [2023-06-18T15:18:23.193+0530] {dagbag.py:541} INFO - Filling up the DagBag from /home/shubham/.local/lib/python3.10/site-packages/airflow/example_dags/example_skip_dag.py
[2023-06-18T15:18:23.201+0530] {processor.py:836} INFO - DAG(s) dict_keys(['example_skip_dag']) retrieved from /home/shubham/.local/lib/python3.10/site-packages/airflow/example_dags/example_skip_dag.py
[2023-06-18T15:18:23.220+0530] {logging_mixin.py:149} INFO - [2023-06-18T15:18:23.220+0530] {dag.py:2726} INFO - Sync 1 DAGs
[2023-06-18T15:18:23.239+0530] {logging_mixin.py:149} INFO - [2023-06-18T15:18:23.238+0530] {dag.py:3486} INFO - Setting next_dagrun for example_skip_dag to 2023-06-17T09:48:23.238612+00:00, run_after=2023-06-18T09:48:23.238612+00:00
[2023-06-18T15:18:23.265+0530] {processor.py:179} INFO - Processing /home/shubham/.local/lib/python3.10/site-packages/airflow/example_dags/example_skip_dag.py took 0.078 seconds
[2023-06-18T15:19:09.041+0530] {processor.py:157} INFO - Started process (PID=6047) to work on /home/shubham/.local/lib/python3.10/site-packages/airflow/example_dags/example_skip_dag.py
[2023-06-18T15:19:09.043+0530] {processor.py:826} INFO - Processing file /home/shubham/.local/lib/python3.10/site-packages/airflow/example_dags/example_skip_dag.py for tasks to queue
[2023-06-18T15:19:09.044+0530] {logging_mixin.py:149} INFO - [2023-06-18T15:19:09.044+0530] {dagbag.py:541} INFO - Filling up the DagBag from /home/shubham/.local/lib/python3.10/site-packages/airflow/example_dags/example_skip_dag.py
[2023-06-18T15:19:09.050+0530] {processor.py:836} INFO - DAG(s) dict_keys(['example_skip_dag']) retrieved from /home/shubham/.local/lib/python3.10/site-packages/airflow/example_dags/example_skip_dag.py
[2023-06-18T15:19:09.066+0530] {logging_mixin.py:149} INFO - [2023-06-18T15:19:09.066+0530] {dag.py:2726} INFO - Sync 1 DAGs
[2023-06-18T15:19:09.082+0530] {logging_mixin.py:149} INFO - [2023-06-18T15:19:09.082+0530] {dag.py:3486} INFO - Setting next_dagrun for example_skip_dag to 2023-06-17T09:49:09.082183+00:00, run_after=2023-06-18T09:49:09.082183+00:00
[2023-06-18T15:19:09.105+0530] {processor.py:179} INFO - Processing /home/shubham/.local/lib/python3.10/site-packages/airflow/example_dags/example_skip_dag.py took 0.068 seconds
[2023-06-18T15:19:53.239+0530] {processor.py:157} INFO - Started process (PID=6093) to work on /home/shubham/.local/lib/python3.10/site-packages/airflow/example_dags/example_skip_dag.py
[2023-06-18T15:19:53.241+0530] {processor.py:826} INFO - Processing file /home/shubham/.local/lib/python3.10/site-packages/airflow/example_dags/example_skip_dag.py for tasks to queue
[2023-06-18T15:19:53.242+0530] {logging_mixin.py:149} INFO - [2023-06-18T15:19:53.242+0530] {dagbag.py:541} INFO - Filling up the DagBag from /home/shubham/.local/lib/python3.10/site-packages/airflow/example_dags/example_skip_dag.py
[2023-06-18T15:19:53.249+0530] {processor.py:836} INFO - DAG(s) dict_keys(['example_skip_dag']) retrieved from /home/shubham/.local/lib/python3.10/site-packages/airflow/example_dags/example_skip_dag.py
[2023-06-18T15:19:53.268+0530] {logging_mixin.py:149} INFO - [2023-06-18T15:19:53.268+0530] {dag.py:2726} INFO - Sync 1 DAGs
[2023-06-18T15:19:53.285+0530] {logging_mixin.py:149} INFO - [2023-06-18T15:19:53.285+0530] {dag.py:3486} INFO - Setting next_dagrun for example_skip_dag to 2023-06-17T09:49:53.285545+00:00, run_after=2023-06-18T09:49:53.285545+00:00
[2023-06-18T15:19:53.310+0530] {processor.py:179} INFO - Processing /home/shubham/.local/lib/python3.10/site-packages/airflow/example_dags/example_skip_dag.py took 0.074 seconds
[2023-06-18T15:20:38.635+0530] {processor.py:157} INFO - Started process (PID=6139) to work on /home/shubham/.local/lib/python3.10/site-packages/airflow/example_dags/example_skip_dag.py
[2023-06-18T15:20:38.637+0530] {processor.py:826} INFO - Processing file /home/shubham/.local/lib/python3.10/site-packages/airflow/example_dags/example_skip_dag.py for tasks to queue
[2023-06-18T15:20:38.638+0530] {logging_mixin.py:149} INFO - [2023-06-18T15:20:38.638+0530] {dagbag.py:541} INFO - Filling up the DagBag from /home/shubham/.local/lib/python3.10/site-packages/airflow/example_dags/example_skip_dag.py
[2023-06-18T15:20:38.645+0530] {processor.py:836} INFO - DAG(s) dict_keys(['example_skip_dag']) retrieved from /home/shubham/.local/lib/python3.10/site-packages/airflow/example_dags/example_skip_dag.py
[2023-06-18T15:20:38.665+0530] {logging_mixin.py:149} INFO - [2023-06-18T15:20:38.665+0530] {dag.py:2726} INFO - Sync 1 DAGs
[2023-06-18T15:20:38.685+0530] {logging_mixin.py:149} INFO - [2023-06-18T15:20:38.684+0530] {dag.py:3486} INFO - Setting next_dagrun for example_skip_dag to 2023-06-17T09:50:38.684626+00:00, run_after=2023-06-18T09:50:38.684626+00:00
[2023-06-18T15:20:38.711+0530] {processor.py:179} INFO - Processing /home/shubham/.local/lib/python3.10/site-packages/airflow/example_dags/example_skip_dag.py took 0.079 seconds
[2023-06-18T15:21:20.301+0530] {processor.py:157} INFO - Started process (PID=6177) to work on /home/shubham/.local/lib/python3.10/site-packages/airflow/example_dags/example_skip_dag.py
[2023-06-18T15:21:20.303+0530] {processor.py:826} INFO - Processing file /home/shubham/.local/lib/python3.10/site-packages/airflow/example_dags/example_skip_dag.py for tasks to queue
[2023-06-18T15:21:20.304+0530] {logging_mixin.py:149} INFO - [2023-06-18T15:21:20.304+0530] {dagbag.py:541} INFO - Filling up the DagBag from /home/shubham/.local/lib/python3.10/site-packages/airflow/example_dags/example_skip_dag.py
[2023-06-18T15:21:20.311+0530] {processor.py:836} INFO - DAG(s) dict_keys(['example_skip_dag']) retrieved from /home/shubham/.local/lib/python3.10/site-packages/airflow/example_dags/example_skip_dag.py
[2023-06-18T15:21:20.331+0530] {logging_mixin.py:149} INFO - [2023-06-18T15:21:20.331+0530] {dag.py:2726} INFO - Sync 1 DAGs
[2023-06-18T15:21:20.350+0530] {logging_mixin.py:149} INFO - [2023-06-18T15:21:20.350+0530] {dag.py:3486} INFO - Setting next_dagrun for example_skip_dag to 2023-06-17T09:51:20.349889+00:00, run_after=2023-06-18T09:51:20.349889+00:00
[2023-06-18T15:21:20.375+0530] {processor.py:179} INFO - Processing /home/shubham/.local/lib/python3.10/site-packages/airflow/example_dags/example_skip_dag.py took 0.077 seconds
[2023-06-18T15:47:01.266+0530] {processor.py:157} INFO - Started process (PID=6336) to work on /home/shubham/.local/lib/python3.10/site-packages/airflow/example_dags/example_skip_dag.py
[2023-06-18T15:47:01.267+0530] {processor.py:826} INFO - Processing file /home/shubham/.local/lib/python3.10/site-packages/airflow/example_dags/example_skip_dag.py for tasks to queue
[2023-06-18T15:47:01.268+0530] {logging_mixin.py:149} INFO - [2023-06-18T15:47:01.268+0530] {dagbag.py:541} INFO - Filling up the DagBag from /home/shubham/.local/lib/python3.10/site-packages/airflow/example_dags/example_skip_dag.py
[2023-06-18T15:47:01.400+0530] {processor.py:836} INFO - DAG(s) dict_keys(['example_skip_dag']) retrieved from /home/shubham/.local/lib/python3.10/site-packages/airflow/example_dags/example_skip_dag.py
[2023-06-18T15:47:01.422+0530] {logging_mixin.py:149} INFO - [2023-06-18T15:47:01.422+0530] {dag.py:2726} INFO - Sync 1 DAGs
[2023-06-18T15:47:01.443+0530] {logging_mixin.py:149} INFO - [2023-06-18T15:47:01.443+0530] {dag.py:3486} INFO - Setting next_dagrun for example_skip_dag to 2023-06-17T10:17:01.442823+00:00, run_after=2023-06-18T10:17:01.442823+00:00
[2023-06-18T15:47:01.469+0530] {processor.py:179} INFO - Processing /home/shubham/.local/lib/python3.10/site-packages/airflow/example_dags/example_skip_dag.py took 0.207 seconds
[2023-06-18T15:47:47.024+0530] {processor.py:157} INFO - Started process (PID=6391) to work on /home/shubham/.local/lib/python3.10/site-packages/airflow/example_dags/example_skip_dag.py
[2023-06-18T15:47:47.026+0530] {processor.py:826} INFO - Processing file /home/shubham/.local/lib/python3.10/site-packages/airflow/example_dags/example_skip_dag.py for tasks to queue
[2023-06-18T15:47:47.027+0530] {logging_mixin.py:149} INFO - [2023-06-18T15:47:47.027+0530] {dagbag.py:541} INFO - Filling up the DagBag from /home/shubham/.local/lib/python3.10/site-packages/airflow/example_dags/example_skip_dag.py
[2023-06-18T15:47:47.034+0530] {processor.py:836} INFO - DAG(s) dict_keys(['example_skip_dag']) retrieved from /home/shubham/.local/lib/python3.10/site-packages/airflow/example_dags/example_skip_dag.py
[2023-06-18T15:47:47.052+0530] {logging_mixin.py:149} INFO - [2023-06-18T15:47:47.052+0530] {dag.py:2726} INFO - Sync 1 DAGs
[2023-06-18T15:47:47.071+0530] {logging_mixin.py:149} INFO - [2023-06-18T15:47:47.071+0530] {dag.py:3486} INFO - Setting next_dagrun for example_skip_dag to 2023-06-17T10:17:47.070825+00:00, run_after=2023-06-18T10:17:47.070825+00:00
[2023-06-18T15:47:47.094+0530] {processor.py:179} INFO - Processing /home/shubham/.local/lib/python3.10/site-packages/airflow/example_dags/example_skip_dag.py took 0.073 seconds
[2023-06-18T15:48:33.402+0530] {processor.py:157} INFO - Started process (PID=6445) to work on /home/shubham/.local/lib/python3.10/site-packages/airflow/example_dags/example_skip_dag.py
[2023-06-18T15:48:33.404+0530] {processor.py:826} INFO - Processing file /home/shubham/.local/lib/python3.10/site-packages/airflow/example_dags/example_skip_dag.py for tasks to queue
[2023-06-18T15:48:33.405+0530] {logging_mixin.py:149} INFO - [2023-06-18T15:48:33.405+0530] {dagbag.py:541} INFO - Filling up the DagBag from /home/shubham/.local/lib/python3.10/site-packages/airflow/example_dags/example_skip_dag.py
[2023-06-18T15:48:33.411+0530] {processor.py:836} INFO - DAG(s) dict_keys(['example_skip_dag']) retrieved from /home/shubham/.local/lib/python3.10/site-packages/airflow/example_dags/example_skip_dag.py
[2023-06-18T15:48:33.426+0530] {logging_mixin.py:149} INFO - [2023-06-18T15:48:33.426+0530] {dag.py:2726} INFO - Sync 1 DAGs
[2023-06-18T15:48:33.441+0530] {logging_mixin.py:149} INFO - [2023-06-18T15:48:33.441+0530] {dag.py:3486} INFO - Setting next_dagrun for example_skip_dag to 2023-06-17T10:18:33.441061+00:00, run_after=2023-06-18T10:18:33.441061+00:00
[2023-06-18T15:48:33.462+0530] {processor.py:179} INFO - Processing /home/shubham/.local/lib/python3.10/site-packages/airflow/example_dags/example_skip_dag.py took 0.063 seconds
