[2023-06-18T13:45:20.078+0530] {processor.py:157} INFO - Started process (PID=142) to work on /home/shubham/.local/lib/python3.10/site-packages/airflow/example_dags/example_branch_python_dop_operator_3.py
[2023-06-18T13:45:20.078+0530] {processor.py:826} INFO - Processing file /home/shubham/.local/lib/python3.10/site-packages/airflow/example_dags/example_branch_python_dop_operator_3.py for tasks to queue
[2023-06-18T13:45:20.078+0530] {logging_mixin.py:149} INFO - [2023-06-18T13:45:20.078+0530] {dagbag.py:541} INFO - Filling up the DagBag from /home/shubham/.local/lib/python3.10/site-packages/airflow/example_dags/example_branch_python_dop_operator_3.py
[2023-06-18T13:45:20.085+0530] {processor.py:836} INFO - DAG(s) dict_keys(['example_branch_dop_operator_v3']) retrieved from /home/shubham/.local/lib/python3.10/site-packages/airflow/example_dags/example_branch_python_dop_operator_3.py
[2023-06-18T13:45:20.101+0530] {logging_mixin.py:149} INFO - [2023-06-18T13:45:20.101+0530] {dag.py:2726} INFO - Sync 1 DAGs
[2023-06-18T13:45:20.116+0530] {logging_mixin.py:149} INFO - [2023-06-18T13:45:20.116+0530] {dag.py:3486} INFO - Setting next_dagrun for example_branch_dop_operator_v3 to 2023-06-18T08:14:00+00:00, run_after=2023-06-18T08:15:00+00:00
[2023-06-18T13:45:20.132+0530] {processor.py:179} INFO - Processing /home/shubham/.local/lib/python3.10/site-packages/airflow/example_dags/example_branch_python_dop_operator_3.py took 0.057 seconds
[2023-06-18T13:46:02.153+0530] {processor.py:157} INFO - Started process (PID=188) to work on /home/shubham/.local/lib/python3.10/site-packages/airflow/example_dags/example_branch_python_dop_operator_3.py
[2023-06-18T13:46:02.154+0530] {processor.py:826} INFO - Processing file /home/shubham/.local/lib/python3.10/site-packages/airflow/example_dags/example_branch_python_dop_operator_3.py for tasks to queue
[2023-06-18T13:46:02.155+0530] {logging_mixin.py:149} INFO - [2023-06-18T13:46:02.155+0530] {dagbag.py:541} INFO - Filling up the DagBag from /home/shubham/.local/lib/python3.10/site-packages/airflow/example_dags/example_branch_python_dop_operator_3.py
[2023-06-18T13:46:02.160+0530] {processor.py:836} INFO - DAG(s) dict_keys(['example_branch_dop_operator_v3']) retrieved from /home/shubham/.local/lib/python3.10/site-packages/airflow/example_dags/example_branch_python_dop_operator_3.py
[2023-06-18T13:46:02.172+0530] {logging_mixin.py:149} INFO - [2023-06-18T13:46:02.172+0530] {dag.py:2726} INFO - Sync 1 DAGs
[2023-06-18T13:46:02.185+0530] {logging_mixin.py:149} INFO - [2023-06-18T13:46:02.185+0530] {dag.py:3486} INFO - Setting next_dagrun for example_branch_dop_operator_v3 to 2023-06-18T08:15:00+00:00, run_after=2023-06-18T08:16:00+00:00
[2023-06-18T13:46:02.202+0530] {processor.py:179} INFO - Processing /home/shubham/.local/lib/python3.10/site-packages/airflow/example_dags/example_branch_python_dop_operator_3.py took 0.051 seconds
[2023-06-18T13:46:48.478+0530] {processor.py:157} INFO - Started process (PID=236) to work on /home/shubham/.local/lib/python3.10/site-packages/airflow/example_dags/example_branch_python_dop_operator_3.py
[2023-06-18T13:46:48.479+0530] {processor.py:826} INFO - Processing file /home/shubham/.local/lib/python3.10/site-packages/airflow/example_dags/example_branch_python_dop_operator_3.py for tasks to queue
[2023-06-18T13:46:48.480+0530] {logging_mixin.py:149} INFO - [2023-06-18T13:46:48.480+0530] {dagbag.py:541} INFO - Filling up the DagBag from /home/shubham/.local/lib/python3.10/site-packages/airflow/example_dags/example_branch_python_dop_operator_3.py
[2023-06-18T13:46:48.486+0530] {processor.py:836} INFO - DAG(s) dict_keys(['example_branch_dop_operator_v3']) retrieved from /home/shubham/.local/lib/python3.10/site-packages/airflow/example_dags/example_branch_python_dop_operator_3.py
[2023-06-18T13:46:48.507+0530] {logging_mixin.py:149} INFO - [2023-06-18T13:46:48.507+0530] {dag.py:2726} INFO - Sync 1 DAGs
[2023-06-18T13:46:48.524+0530] {logging_mixin.py:149} INFO - [2023-06-18T13:46:48.524+0530] {dag.py:3486} INFO - Setting next_dagrun for example_branch_dop_operator_v3 to 2023-06-18T08:15:00+00:00, run_after=2023-06-18T08:16:00+00:00
[2023-06-18T13:46:48.541+0530] {processor.py:179} INFO - Processing /home/shubham/.local/lib/python3.10/site-packages/airflow/example_dags/example_branch_python_dop_operator_3.py took 0.066 seconds
[2023-06-18T13:47:36.502+0530] {processor.py:157} INFO - Started process (PID=284) to work on /home/shubham/.local/lib/python3.10/site-packages/airflow/example_dags/example_branch_python_dop_operator_3.py
[2023-06-18T13:47:36.503+0530] {processor.py:826} INFO - Processing file /home/shubham/.local/lib/python3.10/site-packages/airflow/example_dags/example_branch_python_dop_operator_3.py for tasks to queue
[2023-06-18T13:47:36.503+0530] {logging_mixin.py:149} INFO - [2023-06-18T13:47:36.503+0530] {dagbag.py:541} INFO - Filling up the DagBag from /home/shubham/.local/lib/python3.10/site-packages/airflow/example_dags/example_branch_python_dop_operator_3.py
[2023-06-18T13:47:36.510+0530] {processor.py:836} INFO - DAG(s) dict_keys(['example_branch_dop_operator_v3']) retrieved from /home/shubham/.local/lib/python3.10/site-packages/airflow/example_dags/example_branch_python_dop_operator_3.py
[2023-06-18T13:47:36.523+0530] {logging_mixin.py:149} INFO - [2023-06-18T13:47:36.523+0530] {dag.py:2726} INFO - Sync 1 DAGs
[2023-06-18T13:47:36.541+0530] {logging_mixin.py:149} INFO - [2023-06-18T13:47:36.540+0530] {dag.py:3486} INFO - Setting next_dagrun for example_branch_dop_operator_v3 to 2023-06-18T08:16:00+00:00, run_after=2023-06-18T08:17:00+00:00
[2023-06-18T13:47:36.559+0530] {processor.py:179} INFO - Processing /home/shubham/.local/lib/python3.10/site-packages/airflow/example_dags/example_branch_python_dop_operator_3.py took 0.059 seconds
[2023-06-18T13:52:23.335+0530] {processor.py:157} INFO - Started process (PID=471) to work on /home/shubham/.local/lib/python3.10/site-packages/airflow/example_dags/example_branch_python_dop_operator_3.py
[2023-06-18T13:52:23.336+0530] {processor.py:826} INFO - Processing file /home/shubham/.local/lib/python3.10/site-packages/airflow/example_dags/example_branch_python_dop_operator_3.py for tasks to queue
[2023-06-18T13:52:23.337+0530] {logging_mixin.py:149} INFO - [2023-06-18T13:52:23.337+0530] {dagbag.py:541} INFO - Filling up the DagBag from /home/shubham/.local/lib/python3.10/site-packages/airflow/example_dags/example_branch_python_dop_operator_3.py
[2023-06-18T13:52:23.344+0530] {processor.py:836} INFO - DAG(s) dict_keys(['example_branch_dop_operator_v3']) retrieved from /home/shubham/.local/lib/python3.10/site-packages/airflow/example_dags/example_branch_python_dop_operator_3.py
[2023-06-18T13:52:23.361+0530] {logging_mixin.py:149} INFO - [2023-06-18T13:52:23.361+0530] {dag.py:2726} INFO - Sync 1 DAGs
[2023-06-18T13:52:23.379+0530] {logging_mixin.py:149} INFO - [2023-06-18T13:52:23.378+0530] {dag.py:3486} INFO - Setting next_dagrun for example_branch_dop_operator_v3 to 2023-06-18T08:21:00+00:00, run_after=2023-06-18T08:22:00+00:00
[2023-06-18T13:52:23.395+0530] {processor.py:179} INFO - Processing /home/shubham/.local/lib/python3.10/site-packages/airflow/example_dags/example_branch_python_dop_operator_3.py took 0.062 seconds
[2023-06-18T13:53:07.235+0530] {processor.py:157} INFO - Started process (PID=517) to work on /home/shubham/.local/lib/python3.10/site-packages/airflow/example_dags/example_branch_python_dop_operator_3.py
[2023-06-18T13:53:07.237+0530] {processor.py:826} INFO - Processing file /home/shubham/.local/lib/python3.10/site-packages/airflow/example_dags/example_branch_python_dop_operator_3.py for tasks to queue
[2023-06-18T13:53:07.237+0530] {logging_mixin.py:149} INFO - [2023-06-18T13:53:07.237+0530] {dagbag.py:541} INFO - Filling up the DagBag from /home/shubham/.local/lib/python3.10/site-packages/airflow/example_dags/example_branch_python_dop_operator_3.py
[2023-06-18T13:53:07.242+0530] {processor.py:836} INFO - DAG(s) dict_keys(['example_branch_dop_operator_v3']) retrieved from /home/shubham/.local/lib/python3.10/site-packages/airflow/example_dags/example_branch_python_dop_operator_3.py
[2023-06-18T13:53:07.254+0530] {logging_mixin.py:149} INFO - [2023-06-18T13:53:07.254+0530] {dag.py:2726} INFO - Sync 1 DAGs
[2023-06-18T13:53:07.268+0530] {logging_mixin.py:149} INFO - [2023-06-18T13:53:07.268+0530] {dag.py:3486} INFO - Setting next_dagrun for example_branch_dop_operator_v3 to 2023-06-18T08:22:00+00:00, run_after=2023-06-18T08:23:00+00:00
[2023-06-18T13:53:07.284+0530] {processor.py:179} INFO - Processing /home/shubham/.local/lib/python3.10/site-packages/airflow/example_dags/example_branch_python_dop_operator_3.py took 0.051 seconds
[2023-06-18T14:39:57.266+0530] {processor.py:157} INFO - Started process (PID=3229) to work on /home/shubham/.local/lib/python3.10/site-packages/airflow/example_dags/example_branch_python_dop_operator_3.py
[2023-06-18T14:39:57.267+0530] {processor.py:826} INFO - Processing file /home/shubham/.local/lib/python3.10/site-packages/airflow/example_dags/example_branch_python_dop_operator_3.py for tasks to queue
[2023-06-18T14:39:57.268+0530] {logging_mixin.py:149} INFO - [2023-06-18T14:39:57.268+0530] {dagbag.py:541} INFO - Filling up the DagBag from /home/shubham/.local/lib/python3.10/site-packages/airflow/example_dags/example_branch_python_dop_operator_3.py
[2023-06-18T14:39:57.275+0530] {processor.py:836} INFO - DAG(s) dict_keys(['example_branch_dop_operator_v3']) retrieved from /home/shubham/.local/lib/python3.10/site-packages/airflow/example_dags/example_branch_python_dop_operator_3.py
[2023-06-18T14:39:57.293+0530] {logging_mixin.py:149} INFO - [2023-06-18T14:39:57.293+0530] {dag.py:2726} INFO - Sync 1 DAGs
[2023-06-18T14:39:57.308+0530] {logging_mixin.py:149} INFO - [2023-06-18T14:39:57.308+0530] {dag.py:3486} INFO - Setting next_dagrun for example_branch_dop_operator_v3 to 2023-06-18T09:08:00+00:00, run_after=2023-06-18T09:09:00+00:00
[2023-06-18T14:39:57.324+0530] {processor.py:179} INFO - Processing /home/shubham/.local/lib/python3.10/site-packages/airflow/example_dags/example_branch_python_dop_operator_3.py took 0.060 seconds
[2023-06-18T14:40:44.734+0530] {processor.py:157} INFO - Started process (PID=3291) to work on /home/shubham/.local/lib/python3.10/site-packages/airflow/example_dags/example_branch_python_dop_operator_3.py
[2023-06-18T14:40:44.736+0530] {processor.py:826} INFO - Processing file /home/shubham/.local/lib/python3.10/site-packages/airflow/example_dags/example_branch_python_dop_operator_3.py for tasks to queue
[2023-06-18T14:40:44.736+0530] {logging_mixin.py:149} INFO - [2023-06-18T14:40:44.736+0530] {dagbag.py:541} INFO - Filling up the DagBag from /home/shubham/.local/lib/python3.10/site-packages/airflow/example_dags/example_branch_python_dop_operator_3.py
[2023-06-18T14:40:44.742+0530] {processor.py:836} INFO - DAG(s) dict_keys(['example_branch_dop_operator_v3']) retrieved from /home/shubham/.local/lib/python3.10/site-packages/airflow/example_dags/example_branch_python_dop_operator_3.py
[2023-06-18T14:40:44.757+0530] {logging_mixin.py:149} INFO - [2023-06-18T14:40:44.756+0530] {dag.py:2726} INFO - Sync 1 DAGs
[2023-06-18T14:40:44.772+0530] {logging_mixin.py:149} INFO - [2023-06-18T14:40:44.772+0530] {dag.py:3486} INFO - Setting next_dagrun for example_branch_dop_operator_v3 to 2023-06-18T09:09:00+00:00, run_after=2023-06-18T09:10:00+00:00
[2023-06-18T14:40:44.789+0530] {processor.py:179} INFO - Processing /home/shubham/.local/lib/python3.10/site-packages/airflow/example_dags/example_branch_python_dop_operator_3.py took 0.057 seconds
[2023-06-18T14:41:27.741+0530] {processor.py:157} INFO - Started process (PID=3605) to work on /home/shubham/.local/lib/python3.10/site-packages/airflow/example_dags/example_branch_python_dop_operator_3.py
[2023-06-18T14:41:27.742+0530] {processor.py:826} INFO - Processing file /home/shubham/.local/lib/python3.10/site-packages/airflow/example_dags/example_branch_python_dop_operator_3.py for tasks to queue
[2023-06-18T14:41:27.743+0530] {logging_mixin.py:149} INFO - [2023-06-18T14:41:27.743+0530] {dagbag.py:541} INFO - Filling up the DagBag from /home/shubham/.local/lib/python3.10/site-packages/airflow/example_dags/example_branch_python_dop_operator_3.py
[2023-06-18T14:41:27.748+0530] {processor.py:836} INFO - DAG(s) dict_keys(['example_branch_dop_operator_v3']) retrieved from /home/shubham/.local/lib/python3.10/site-packages/airflow/example_dags/example_branch_python_dop_operator_3.py
[2023-06-18T14:41:27.761+0530] {logging_mixin.py:149} INFO - [2023-06-18T14:41:27.761+0530] {dag.py:2726} INFO - Sync 1 DAGs
[2023-06-18T14:41:27.776+0530] {logging_mixin.py:149} INFO - [2023-06-18T14:41:27.776+0530] {dag.py:3486} INFO - Setting next_dagrun for example_branch_dop_operator_v3 to 2023-06-18T09:10:00+00:00, run_after=2023-06-18T09:11:00+00:00
[2023-06-18T14:41:27.793+0530] {processor.py:179} INFO - Processing /home/shubham/.local/lib/python3.10/site-packages/airflow/example_dags/example_branch_python_dop_operator_3.py took 0.054 seconds
[2023-06-18T14:42:13.127+0530] {processor.py:157} INFO - Started process (PID=3689) to work on /home/shubham/.local/lib/python3.10/site-packages/airflow/example_dags/example_branch_python_dop_operator_3.py
[2023-06-18T14:42:13.128+0530] {processor.py:826} INFO - Processing file /home/shubham/.local/lib/python3.10/site-packages/airflow/example_dags/example_branch_python_dop_operator_3.py for tasks to queue
[2023-06-18T14:42:13.129+0530] {logging_mixin.py:149} INFO - [2023-06-18T14:42:13.128+0530] {dagbag.py:541} INFO - Filling up the DagBag from /home/shubham/.local/lib/python3.10/site-packages/airflow/example_dags/example_branch_python_dop_operator_3.py
[2023-06-18T14:42:13.134+0530] {processor.py:836} INFO - DAG(s) dict_keys(['example_branch_dop_operator_v3']) retrieved from /home/shubham/.local/lib/python3.10/site-packages/airflow/example_dags/example_branch_python_dop_operator_3.py
[2023-06-18T14:42:13.147+0530] {logging_mixin.py:149} INFO - [2023-06-18T14:42:13.147+0530] {dag.py:2726} INFO - Sync 1 DAGs
[2023-06-18T14:42:13.162+0530] {logging_mixin.py:149} INFO - [2023-06-18T14:42:13.162+0530] {dag.py:3486} INFO - Setting next_dagrun for example_branch_dop_operator_v3 to 2023-06-18T09:11:00+00:00, run_after=2023-06-18T09:12:00+00:00
[2023-06-18T14:42:13.179+0530] {processor.py:179} INFO - Processing /home/shubham/.local/lib/python3.10/site-packages/airflow/example_dags/example_branch_python_dop_operator_3.py took 0.055 seconds
[2023-06-18T14:43:00.447+0530] {processor.py:157} INFO - Started process (PID=3787) to work on /home/shubham/.local/lib/python3.10/site-packages/airflow/example_dags/example_branch_python_dop_operator_3.py
[2023-06-18T14:43:00.448+0530] {processor.py:826} INFO - Processing file /home/shubham/.local/lib/python3.10/site-packages/airflow/example_dags/example_branch_python_dop_operator_3.py for tasks to queue
[2023-06-18T14:43:00.449+0530] {logging_mixin.py:149} INFO - [2023-06-18T14:43:00.449+0530] {dagbag.py:541} INFO - Filling up the DagBag from /home/shubham/.local/lib/python3.10/site-packages/airflow/example_dags/example_branch_python_dop_operator_3.py
[2023-06-18T14:43:00.454+0530] {processor.py:836} INFO - DAG(s) dict_keys(['example_branch_dop_operator_v3']) retrieved from /home/shubham/.local/lib/python3.10/site-packages/airflow/example_dags/example_branch_python_dop_operator_3.py
[2023-06-18T14:43:00.482+0530] {logging_mixin.py:149} INFO - [2023-06-18T14:43:00.482+0530] {dag.py:2726} INFO - Sync 1 DAGs
[2023-06-18T14:43:00.499+0530] {logging_mixin.py:149} INFO - [2023-06-18T14:43:00.499+0530] {dag.py:3486} INFO - Setting next_dagrun for example_branch_dop_operator_v3 to 2023-06-18T09:12:00+00:00, run_after=2023-06-18T09:13:00+00:00
[2023-06-18T14:43:00.515+0530] {processor.py:179} INFO - Processing /home/shubham/.local/lib/python3.10/site-packages/airflow/example_dags/example_branch_python_dop_operator_3.py took 0.071 seconds
[2023-06-18T14:43:50.488+0530] {processor.py:157} INFO - Started process (PID=3836) to work on /home/shubham/.local/lib/python3.10/site-packages/airflow/example_dags/example_branch_python_dop_operator_3.py
[2023-06-18T14:43:50.492+0530] {processor.py:826} INFO - Processing file /home/shubham/.local/lib/python3.10/site-packages/airflow/example_dags/example_branch_python_dop_operator_3.py for tasks to queue
[2023-06-18T14:43:50.494+0530] {logging_mixin.py:149} INFO - [2023-06-18T14:43:50.494+0530] {dagbag.py:541} INFO - Filling up the DagBag from /home/shubham/.local/lib/python3.10/site-packages/airflow/example_dags/example_branch_python_dop_operator_3.py
[2023-06-18T14:43:50.510+0530] {processor.py:836} INFO - DAG(s) dict_keys(['example_branch_dop_operator_v3']) retrieved from /home/shubham/.local/lib/python3.10/site-packages/airflow/example_dags/example_branch_python_dop_operator_3.py
[2023-06-18T14:43:50.553+0530] {logging_mixin.py:149} INFO - [2023-06-18T14:43:50.552+0530] {dag.py:2726} INFO - Sync 1 DAGs
[2023-06-18T14:43:50.594+0530] {logging_mixin.py:149} INFO - [2023-06-18T14:43:50.593+0530] {dag.py:3486} INFO - Setting next_dagrun for example_branch_dop_operator_v3 to 2023-06-18T09:12:00+00:00, run_after=2023-06-18T09:13:00+00:00
[2023-06-18T14:43:50.652+0530] {processor.py:179} INFO - Processing /home/shubham/.local/lib/python3.10/site-packages/airflow/example_dags/example_branch_python_dop_operator_3.py took 0.168 seconds
[2023-06-18T14:44:34.515+0530] {processor.py:157} INFO - Started process (PID=3883) to work on /home/shubham/.local/lib/python3.10/site-packages/airflow/example_dags/example_branch_python_dop_operator_3.py
[2023-06-18T14:44:34.516+0530] {processor.py:826} INFO - Processing file /home/shubham/.local/lib/python3.10/site-packages/airflow/example_dags/example_branch_python_dop_operator_3.py for tasks to queue
[2023-06-18T14:44:34.517+0530] {logging_mixin.py:149} INFO - [2023-06-18T14:44:34.517+0530] {dagbag.py:541} INFO - Filling up the DagBag from /home/shubham/.local/lib/python3.10/site-packages/airflow/example_dags/example_branch_python_dop_operator_3.py
[2023-06-18T14:44:34.522+0530] {processor.py:836} INFO - DAG(s) dict_keys(['example_branch_dop_operator_v3']) retrieved from /home/shubham/.local/lib/python3.10/site-packages/airflow/example_dags/example_branch_python_dop_operator_3.py
[2023-06-18T14:44:34.535+0530] {logging_mixin.py:149} INFO - [2023-06-18T14:44:34.535+0530] {dag.py:2726} INFO - Sync 1 DAGs
[2023-06-18T14:44:34.551+0530] {logging_mixin.py:149} INFO - [2023-06-18T14:44:34.550+0530] {dag.py:3486} INFO - Setting next_dagrun for example_branch_dop_operator_v3 to 2023-06-18T09:13:00+00:00, run_after=2023-06-18T09:14:00+00:00
[2023-06-18T14:44:34.568+0530] {processor.py:179} INFO - Processing /home/shubham/.local/lib/python3.10/site-packages/airflow/example_dags/example_branch_python_dop_operator_3.py took 0.055 seconds
[2023-06-18T14:45:18.391+0530] {processor.py:157} INFO - Started process (PID=3929) to work on /home/shubham/.local/lib/python3.10/site-packages/airflow/example_dags/example_branch_python_dop_operator_3.py
[2023-06-18T14:45:18.393+0530] {processor.py:826} INFO - Processing file /home/shubham/.local/lib/python3.10/site-packages/airflow/example_dags/example_branch_python_dop_operator_3.py for tasks to queue
[2023-06-18T14:45:18.393+0530] {logging_mixin.py:149} INFO - [2023-06-18T14:45:18.393+0530] {dagbag.py:541} INFO - Filling up the DagBag from /home/shubham/.local/lib/python3.10/site-packages/airflow/example_dags/example_branch_python_dop_operator_3.py
[2023-06-18T14:45:18.398+0530] {processor.py:836} INFO - DAG(s) dict_keys(['example_branch_dop_operator_v3']) retrieved from /home/shubham/.local/lib/python3.10/site-packages/airflow/example_dags/example_branch_python_dop_operator_3.py
[2023-06-18T14:45:18.412+0530] {logging_mixin.py:149} INFO - [2023-06-18T14:45:18.412+0530] {dag.py:2726} INFO - Sync 1 DAGs
[2023-06-18T14:45:18.426+0530] {logging_mixin.py:149} INFO - [2023-06-18T14:45:18.426+0530] {dag.py:3486} INFO - Setting next_dagrun for example_branch_dop_operator_v3 to 2023-06-18T09:14:00+00:00, run_after=2023-06-18T09:15:00+00:00
[2023-06-18T14:45:18.443+0530] {processor.py:179} INFO - Processing /home/shubham/.local/lib/python3.10/site-packages/airflow/example_dags/example_branch_python_dop_operator_3.py took 0.054 seconds
[2023-06-18T14:46:03.431+0530] {processor.py:157} INFO - Started process (PID=3975) to work on /home/shubham/.local/lib/python3.10/site-packages/airflow/example_dags/example_branch_python_dop_operator_3.py
[2023-06-18T14:46:03.433+0530] {processor.py:826} INFO - Processing file /home/shubham/.local/lib/python3.10/site-packages/airflow/example_dags/example_branch_python_dop_operator_3.py for tasks to queue
[2023-06-18T14:46:03.433+0530] {logging_mixin.py:149} INFO - [2023-06-18T14:46:03.433+0530] {dagbag.py:541} INFO - Filling up the DagBag from /home/shubham/.local/lib/python3.10/site-packages/airflow/example_dags/example_branch_python_dop_operator_3.py
[2023-06-18T14:46:03.438+0530] {processor.py:836} INFO - DAG(s) dict_keys(['example_branch_dop_operator_v3']) retrieved from /home/shubham/.local/lib/python3.10/site-packages/airflow/example_dags/example_branch_python_dop_operator_3.py
[2023-06-18T14:46:03.453+0530] {logging_mixin.py:149} INFO - [2023-06-18T14:46:03.452+0530] {dag.py:2726} INFO - Sync 1 DAGs
[2023-06-18T14:46:03.467+0530] {logging_mixin.py:149} INFO - [2023-06-18T14:46:03.467+0530] {dag.py:3486} INFO - Setting next_dagrun for example_branch_dop_operator_v3 to 2023-06-18T09:15:00+00:00, run_after=2023-06-18T09:16:00+00:00
[2023-06-18T14:46:03.484+0530] {processor.py:179} INFO - Processing /home/shubham/.local/lib/python3.10/site-packages/airflow/example_dags/example_branch_python_dop_operator_3.py took 0.055 seconds
[2023-06-18T14:46:50.264+0530] {processor.py:157} INFO - Started process (PID=4023) to work on /home/shubham/.local/lib/python3.10/site-packages/airflow/example_dags/example_branch_python_dop_operator_3.py
[2023-06-18T14:46:50.265+0530] {processor.py:826} INFO - Processing file /home/shubham/.local/lib/python3.10/site-packages/airflow/example_dags/example_branch_python_dop_operator_3.py for tasks to queue
[2023-06-18T14:46:50.266+0530] {logging_mixin.py:149} INFO - [2023-06-18T14:46:50.266+0530] {dagbag.py:541} INFO - Filling up the DagBag from /home/shubham/.local/lib/python3.10/site-packages/airflow/example_dags/example_branch_python_dop_operator_3.py
[2023-06-18T14:46:50.271+0530] {processor.py:836} INFO - DAG(s) dict_keys(['example_branch_dop_operator_v3']) retrieved from /home/shubham/.local/lib/python3.10/site-packages/airflow/example_dags/example_branch_python_dop_operator_3.py
[2023-06-18T14:46:50.285+0530] {logging_mixin.py:149} INFO - [2023-06-18T14:46:50.285+0530] {dag.py:2726} INFO - Sync 1 DAGs
[2023-06-18T14:46:50.299+0530] {logging_mixin.py:149} INFO - [2023-06-18T14:46:50.299+0530] {dag.py:3486} INFO - Setting next_dagrun for example_branch_dop_operator_v3 to 2023-06-18T09:15:00+00:00, run_after=2023-06-18T09:16:00+00:00
[2023-06-18T14:46:50.316+0530] {processor.py:179} INFO - Processing /home/shubham/.local/lib/python3.10/site-packages/airflow/example_dags/example_branch_python_dop_operator_3.py took 0.054 seconds
[2023-06-18T14:47:35.628+0530] {processor.py:157} INFO - Started process (PID=4071) to work on /home/shubham/.local/lib/python3.10/site-packages/airflow/example_dags/example_branch_python_dop_operator_3.py
[2023-06-18T14:47:35.629+0530] {processor.py:826} INFO - Processing file /home/shubham/.local/lib/python3.10/site-packages/airflow/example_dags/example_branch_python_dop_operator_3.py for tasks to queue
[2023-06-18T14:47:35.630+0530] {logging_mixin.py:149} INFO - [2023-06-18T14:47:35.630+0530] {dagbag.py:541} INFO - Filling up the DagBag from /home/shubham/.local/lib/python3.10/site-packages/airflow/example_dags/example_branch_python_dop_operator_3.py
[2023-06-18T14:47:35.635+0530] {processor.py:836} INFO - DAG(s) dict_keys(['example_branch_dop_operator_v3']) retrieved from /home/shubham/.local/lib/python3.10/site-packages/airflow/example_dags/example_branch_python_dop_operator_3.py
[2023-06-18T14:47:35.655+0530] {logging_mixin.py:149} INFO - [2023-06-18T14:47:35.655+0530] {dag.py:2726} INFO - Sync 1 DAGs
[2023-06-18T14:47:35.670+0530] {logging_mixin.py:149} INFO - [2023-06-18T14:47:35.669+0530] {dag.py:3486} INFO - Setting next_dagrun for example_branch_dop_operator_v3 to 2023-06-18T09:16:00+00:00, run_after=2023-06-18T09:17:00+00:00
[2023-06-18T14:47:35.687+0530] {processor.py:179} INFO - Processing /home/shubham/.local/lib/python3.10/site-packages/airflow/example_dags/example_branch_python_dop_operator_3.py took 0.061 seconds
[2023-06-18T14:48:18.269+0530] {processor.py:157} INFO - Started process (PID=4115) to work on /home/shubham/.local/lib/python3.10/site-packages/airflow/example_dags/example_branch_python_dop_operator_3.py
[2023-06-18T14:48:18.270+0530] {processor.py:826} INFO - Processing file /home/shubham/.local/lib/python3.10/site-packages/airflow/example_dags/example_branch_python_dop_operator_3.py for tasks to queue
[2023-06-18T14:48:18.270+0530] {logging_mixin.py:149} INFO - [2023-06-18T14:48:18.270+0530] {dagbag.py:541} INFO - Filling up the DagBag from /home/shubham/.local/lib/python3.10/site-packages/airflow/example_dags/example_branch_python_dop_operator_3.py
[2023-06-18T14:48:18.276+0530] {processor.py:836} INFO - DAG(s) dict_keys(['example_branch_dop_operator_v3']) retrieved from /home/shubham/.local/lib/python3.10/site-packages/airflow/example_dags/example_branch_python_dop_operator_3.py
[2023-06-18T14:48:18.291+0530] {logging_mixin.py:149} INFO - [2023-06-18T14:48:18.291+0530] {dag.py:2726} INFO - Sync 1 DAGs
[2023-06-18T14:48:18.308+0530] {logging_mixin.py:149} INFO - [2023-06-18T14:48:18.308+0530] {dag.py:3486} INFO - Setting next_dagrun for example_branch_dop_operator_v3 to 2023-06-18T09:17:00+00:00, run_after=2023-06-18T09:18:00+00:00
[2023-06-18T14:48:18.325+0530] {processor.py:179} INFO - Processing /home/shubham/.local/lib/python3.10/site-packages/airflow/example_dags/example_branch_python_dop_operator_3.py took 0.059 seconds
[2023-06-18T14:49:01.627+0530] {processor.py:157} INFO - Started process (PID=4161) to work on /home/shubham/.local/lib/python3.10/site-packages/airflow/example_dags/example_branch_python_dop_operator_3.py
[2023-06-18T14:49:01.629+0530] {processor.py:826} INFO - Processing file /home/shubham/.local/lib/python3.10/site-packages/airflow/example_dags/example_branch_python_dop_operator_3.py for tasks to queue
[2023-06-18T14:49:01.629+0530] {logging_mixin.py:149} INFO - [2023-06-18T14:49:01.629+0530] {dagbag.py:541} INFO - Filling up the DagBag from /home/shubham/.local/lib/python3.10/site-packages/airflow/example_dags/example_branch_python_dop_operator_3.py
[2023-06-18T14:49:01.634+0530] {processor.py:836} INFO - DAG(s) dict_keys(['example_branch_dop_operator_v3']) retrieved from /home/shubham/.local/lib/python3.10/site-packages/airflow/example_dags/example_branch_python_dop_operator_3.py
[2023-06-18T14:49:01.654+0530] {logging_mixin.py:149} INFO - [2023-06-18T14:49:01.653+0530] {dag.py:2726} INFO - Sync 1 DAGs
[2023-06-18T14:49:01.668+0530] {logging_mixin.py:149} INFO - [2023-06-18T14:49:01.668+0530] {dag.py:3486} INFO - Setting next_dagrun for example_branch_dop_operator_v3 to 2023-06-18T09:18:00+00:00, run_after=2023-06-18T09:19:00+00:00
[2023-06-18T14:49:01.686+0530] {processor.py:179} INFO - Processing /home/shubham/.local/lib/python3.10/site-packages/airflow/example_dags/example_branch_python_dop_operator_3.py took 0.061 seconds
[2023-06-18T14:49:44.975+0530] {processor.py:157} INFO - Started process (PID=4206) to work on /home/shubham/.local/lib/python3.10/site-packages/airflow/example_dags/example_branch_python_dop_operator_3.py
[2023-06-18T14:49:44.977+0530] {processor.py:826} INFO - Processing file /home/shubham/.local/lib/python3.10/site-packages/airflow/example_dags/example_branch_python_dop_operator_3.py for tasks to queue
[2023-06-18T14:49:44.977+0530] {logging_mixin.py:149} INFO - [2023-06-18T14:49:44.977+0530] {dagbag.py:541} INFO - Filling up the DagBag from /home/shubham/.local/lib/python3.10/site-packages/airflow/example_dags/example_branch_python_dop_operator_3.py
[2023-06-18T14:49:44.983+0530] {processor.py:836} INFO - DAG(s) dict_keys(['example_branch_dop_operator_v3']) retrieved from /home/shubham/.local/lib/python3.10/site-packages/airflow/example_dags/example_branch_python_dop_operator_3.py
[2023-06-18T14:49:44.996+0530] {logging_mixin.py:149} INFO - [2023-06-18T14:49:44.996+0530] {dag.py:2726} INFO - Sync 1 DAGs
[2023-06-18T14:49:45.011+0530] {logging_mixin.py:149} INFO - [2023-06-18T14:49:45.011+0530] {dag.py:3486} INFO - Setting next_dagrun for example_branch_dop_operator_v3 to 2023-06-18T09:18:00+00:00, run_after=2023-06-18T09:19:00+00:00
[2023-06-18T14:49:45.028+0530] {processor.py:179} INFO - Processing /home/shubham/.local/lib/python3.10/site-packages/airflow/example_dags/example_branch_python_dop_operator_3.py took 0.055 seconds
[2023-06-18T14:50:26.596+0530] {processor.py:157} INFO - Started process (PID=4251) to work on /home/shubham/.local/lib/python3.10/site-packages/airflow/example_dags/example_branch_python_dop_operator_3.py
[2023-06-18T14:50:26.598+0530] {processor.py:826} INFO - Processing file /home/shubham/.local/lib/python3.10/site-packages/airflow/example_dags/example_branch_python_dop_operator_3.py for tasks to queue
[2023-06-18T14:50:26.598+0530] {logging_mixin.py:149} INFO - [2023-06-18T14:50:26.598+0530] {dagbag.py:541} INFO - Filling up the DagBag from /home/shubham/.local/lib/python3.10/site-packages/airflow/example_dags/example_branch_python_dop_operator_3.py
[2023-06-18T14:50:26.604+0530] {processor.py:836} INFO - DAG(s) dict_keys(['example_branch_dop_operator_v3']) retrieved from /home/shubham/.local/lib/python3.10/site-packages/airflow/example_dags/example_branch_python_dop_operator_3.py
[2023-06-18T14:50:26.619+0530] {logging_mixin.py:149} INFO - [2023-06-18T14:50:26.619+0530] {dag.py:2726} INFO - Sync 1 DAGs
[2023-06-18T14:50:26.634+0530] {logging_mixin.py:149} INFO - [2023-06-18T14:50:26.634+0530] {dag.py:3486} INFO - Setting next_dagrun for example_branch_dop_operator_v3 to 2023-06-18T09:19:00+00:00, run_after=2023-06-18T09:20:00+00:00
[2023-06-18T14:50:26.655+0530] {processor.py:179} INFO - Processing /home/shubham/.local/lib/python3.10/site-packages/airflow/example_dags/example_branch_python_dop_operator_3.py took 0.061 seconds
[2023-06-18T14:51:10.417+0530] {processor.py:157} INFO - Started process (PID=4297) to work on /home/shubham/.local/lib/python3.10/site-packages/airflow/example_dags/example_branch_python_dop_operator_3.py
[2023-06-18T14:51:10.418+0530] {processor.py:826} INFO - Processing file /home/shubham/.local/lib/python3.10/site-packages/airflow/example_dags/example_branch_python_dop_operator_3.py for tasks to queue
[2023-06-18T14:51:10.419+0530] {logging_mixin.py:149} INFO - [2023-06-18T14:51:10.419+0530] {dagbag.py:541} INFO - Filling up the DagBag from /home/shubham/.local/lib/python3.10/site-packages/airflow/example_dags/example_branch_python_dop_operator_3.py
[2023-06-18T14:51:10.425+0530] {processor.py:836} INFO - DAG(s) dict_keys(['example_branch_dop_operator_v3']) retrieved from /home/shubham/.local/lib/python3.10/site-packages/airflow/example_dags/example_branch_python_dop_operator_3.py
[2023-06-18T14:51:10.438+0530] {logging_mixin.py:149} INFO - [2023-06-18T14:51:10.438+0530] {dag.py:2726} INFO - Sync 1 DAGs
[2023-06-18T14:51:10.452+0530] {logging_mixin.py:149} INFO - [2023-06-18T14:51:10.452+0530] {dag.py:3486} INFO - Setting next_dagrun for example_branch_dop_operator_v3 to 2023-06-18T09:20:00+00:00, run_after=2023-06-18T09:21:00+00:00
[2023-06-18T14:51:10.469+0530] {processor.py:179} INFO - Processing /home/shubham/.local/lib/python3.10/site-packages/airflow/example_dags/example_branch_python_dop_operator_3.py took 0.054 seconds
[2023-06-18T14:51:53.847+0530] {processor.py:157} INFO - Started process (PID=4341) to work on /home/shubham/.local/lib/python3.10/site-packages/airflow/example_dags/example_branch_python_dop_operator_3.py
[2023-06-18T14:51:53.848+0530] {processor.py:826} INFO - Processing file /home/shubham/.local/lib/python3.10/site-packages/airflow/example_dags/example_branch_python_dop_operator_3.py for tasks to queue
[2023-06-18T14:51:53.849+0530] {logging_mixin.py:149} INFO - [2023-06-18T14:51:53.849+0530] {dagbag.py:541} INFO - Filling up the DagBag from /home/shubham/.local/lib/python3.10/site-packages/airflow/example_dags/example_branch_python_dop_operator_3.py
[2023-06-18T14:51:53.854+0530] {processor.py:836} INFO - DAG(s) dict_keys(['example_branch_dop_operator_v3']) retrieved from /home/shubham/.local/lib/python3.10/site-packages/airflow/example_dags/example_branch_python_dop_operator_3.py
[2023-06-18T14:51:53.868+0530] {logging_mixin.py:149} INFO - [2023-06-18T14:51:53.868+0530] {dag.py:2726} INFO - Sync 1 DAGs
[2023-06-18T14:51:53.883+0530] {logging_mixin.py:149} INFO - [2023-06-18T14:51:53.883+0530] {dag.py:3486} INFO - Setting next_dagrun for example_branch_dop_operator_v3 to 2023-06-18T09:20:00+00:00, run_after=2023-06-18T09:21:00+00:00
[2023-06-18T14:51:53.899+0530] {processor.py:179} INFO - Processing /home/shubham/.local/lib/python3.10/site-packages/airflow/example_dags/example_branch_python_dop_operator_3.py took 0.054 seconds
[2023-06-18T14:52:36.072+0530] {processor.py:157} INFO - Started process (PID=4387) to work on /home/shubham/.local/lib/python3.10/site-packages/airflow/example_dags/example_branch_python_dop_operator_3.py
[2023-06-18T14:52:36.073+0530] {processor.py:826} INFO - Processing file /home/shubham/.local/lib/python3.10/site-packages/airflow/example_dags/example_branch_python_dop_operator_3.py for tasks to queue
[2023-06-18T14:52:36.074+0530] {logging_mixin.py:149} INFO - [2023-06-18T14:52:36.074+0530] {dagbag.py:541} INFO - Filling up the DagBag from /home/shubham/.local/lib/python3.10/site-packages/airflow/example_dags/example_branch_python_dop_operator_3.py
[2023-06-18T14:52:36.079+0530] {processor.py:836} INFO - DAG(s) dict_keys(['example_branch_dop_operator_v3']) retrieved from /home/shubham/.local/lib/python3.10/site-packages/airflow/example_dags/example_branch_python_dop_operator_3.py
[2023-06-18T14:52:36.092+0530] {logging_mixin.py:149} INFO - [2023-06-18T14:52:36.092+0530] {dag.py:2726} INFO - Sync 1 DAGs
[2023-06-18T14:52:36.106+0530] {logging_mixin.py:149} INFO - [2023-06-18T14:52:36.106+0530] {dag.py:3486} INFO - Setting next_dagrun for example_branch_dop_operator_v3 to 2023-06-18T09:21:00+00:00, run_after=2023-06-18T09:22:00+00:00
[2023-06-18T14:52:36.124+0530] {processor.py:179} INFO - Processing /home/shubham/.local/lib/python3.10/site-packages/airflow/example_dags/example_branch_python_dop_operator_3.py took 0.054 seconds
[2023-06-18T14:53:20.561+0530] {processor.py:157} INFO - Started process (PID=4433) to work on /home/shubham/.local/lib/python3.10/site-packages/airflow/example_dags/example_branch_python_dop_operator_3.py
[2023-06-18T14:53:20.563+0530] {processor.py:826} INFO - Processing file /home/shubham/.local/lib/python3.10/site-packages/airflow/example_dags/example_branch_python_dop_operator_3.py for tasks to queue
[2023-06-18T14:53:20.563+0530] {logging_mixin.py:149} INFO - [2023-06-18T14:53:20.563+0530] {dagbag.py:541} INFO - Filling up the DagBag from /home/shubham/.local/lib/python3.10/site-packages/airflow/example_dags/example_branch_python_dop_operator_3.py
[2023-06-18T14:53:20.569+0530] {processor.py:836} INFO - DAG(s) dict_keys(['example_branch_dop_operator_v3']) retrieved from /home/shubham/.local/lib/python3.10/site-packages/airflow/example_dags/example_branch_python_dop_operator_3.py
[2023-06-18T14:53:20.583+0530] {logging_mixin.py:149} INFO - [2023-06-18T14:53:20.583+0530] {dag.py:2726} INFO - Sync 1 DAGs
[2023-06-18T14:53:20.598+0530] {logging_mixin.py:149} INFO - [2023-06-18T14:53:20.598+0530] {dag.py:3486} INFO - Setting next_dagrun for example_branch_dop_operator_v3 to 2023-06-18T09:22:00+00:00, run_after=2023-06-18T09:23:00+00:00
[2023-06-18T14:53:20.614+0530] {processor.py:179} INFO - Processing /home/shubham/.local/lib/python3.10/site-packages/airflow/example_dags/example_branch_python_dop_operator_3.py took 0.055 seconds
[2023-06-18T14:54:08.539+0530] {processor.py:157} INFO - Started process (PID=4481) to work on /home/shubham/.local/lib/python3.10/site-packages/airflow/example_dags/example_branch_python_dop_operator_3.py
[2023-06-18T14:54:08.540+0530] {processor.py:826} INFO - Processing file /home/shubham/.local/lib/python3.10/site-packages/airflow/example_dags/example_branch_python_dop_operator_3.py for tasks to queue
[2023-06-18T14:54:08.541+0530] {logging_mixin.py:149} INFO - [2023-06-18T14:54:08.541+0530] {dagbag.py:541} INFO - Filling up the DagBag from /home/shubham/.local/lib/python3.10/site-packages/airflow/example_dags/example_branch_python_dop_operator_3.py
[2023-06-18T14:54:08.546+0530] {processor.py:836} INFO - DAG(s) dict_keys(['example_branch_dop_operator_v3']) retrieved from /home/shubham/.local/lib/python3.10/site-packages/airflow/example_dags/example_branch_python_dop_operator_3.py
[2023-06-18T14:54:08.559+0530] {logging_mixin.py:149} INFO - [2023-06-18T14:54:08.559+0530] {dag.py:2726} INFO - Sync 1 DAGs
[2023-06-18T14:54:08.574+0530] {logging_mixin.py:149} INFO - [2023-06-18T14:54:08.574+0530] {dag.py:3486} INFO - Setting next_dagrun for example_branch_dop_operator_v3 to 2023-06-18T09:23:00+00:00, run_after=2023-06-18T09:24:00+00:00
[2023-06-18T14:54:08.592+0530] {processor.py:179} INFO - Processing /home/shubham/.local/lib/python3.10/site-packages/airflow/example_dags/example_branch_python_dop_operator_3.py took 0.055 seconds
[2023-06-18T14:54:53.502+0530] {processor.py:157} INFO - Started process (PID=4528) to work on /home/shubham/.local/lib/python3.10/site-packages/airflow/example_dags/example_branch_python_dop_operator_3.py
[2023-06-18T14:54:53.504+0530] {processor.py:826} INFO - Processing file /home/shubham/.local/lib/python3.10/site-packages/airflow/example_dags/example_branch_python_dop_operator_3.py for tasks to queue
[2023-06-18T14:54:53.504+0530] {logging_mixin.py:149} INFO - [2023-06-18T14:54:53.504+0530] {dagbag.py:541} INFO - Filling up the DagBag from /home/shubham/.local/lib/python3.10/site-packages/airflow/example_dags/example_branch_python_dop_operator_3.py
[2023-06-18T14:54:53.510+0530] {processor.py:836} INFO - DAG(s) dict_keys(['example_branch_dop_operator_v3']) retrieved from /home/shubham/.local/lib/python3.10/site-packages/airflow/example_dags/example_branch_python_dop_operator_3.py
[2023-06-18T14:54:53.524+0530] {logging_mixin.py:149} INFO - [2023-06-18T14:54:53.524+0530] {dag.py:2726} INFO - Sync 1 DAGs
[2023-06-18T14:54:53.539+0530] {logging_mixin.py:149} INFO - [2023-06-18T14:54:53.539+0530] {dag.py:3486} INFO - Setting next_dagrun for example_branch_dop_operator_v3 to 2023-06-18T09:23:00+00:00, run_after=2023-06-18T09:24:00+00:00
[2023-06-18T14:54:53.555+0530] {processor.py:179} INFO - Processing /home/shubham/.local/lib/python3.10/site-packages/airflow/example_dags/example_branch_python_dop_operator_3.py took 0.055 seconds
[2023-06-18T14:55:38.171+0530] {processor.py:157} INFO - Started process (PID=4574) to work on /home/shubham/.local/lib/python3.10/site-packages/airflow/example_dags/example_branch_python_dop_operator_3.py
[2023-06-18T14:55:38.172+0530] {processor.py:826} INFO - Processing file /home/shubham/.local/lib/python3.10/site-packages/airflow/example_dags/example_branch_python_dop_operator_3.py for tasks to queue
[2023-06-18T14:55:38.172+0530] {logging_mixin.py:149} INFO - [2023-06-18T14:55:38.172+0530] {dagbag.py:541} INFO - Filling up the DagBag from /home/shubham/.local/lib/python3.10/site-packages/airflow/example_dags/example_branch_python_dop_operator_3.py
[2023-06-18T14:55:38.178+0530] {processor.py:836} INFO - DAG(s) dict_keys(['example_branch_dop_operator_v3']) retrieved from /home/shubham/.local/lib/python3.10/site-packages/airflow/example_dags/example_branch_python_dop_operator_3.py
[2023-06-18T14:55:38.193+0530] {logging_mixin.py:149} INFO - [2023-06-18T14:55:38.192+0530] {dag.py:2726} INFO - Sync 1 DAGs
[2023-06-18T14:55:38.207+0530] {logging_mixin.py:149} INFO - [2023-06-18T14:55:38.207+0530] {dag.py:3486} INFO - Setting next_dagrun for example_branch_dop_operator_v3 to 2023-06-18T09:24:00+00:00, run_after=2023-06-18T09:25:00+00:00
[2023-06-18T14:55:38.224+0530] {processor.py:179} INFO - Processing /home/shubham/.local/lib/python3.10/site-packages/airflow/example_dags/example_branch_python_dop_operator_3.py took 0.055 seconds
[2023-06-18T14:56:23.093+0530] {processor.py:157} INFO - Started process (PID=4621) to work on /home/shubham/.local/lib/python3.10/site-packages/airflow/example_dags/example_branch_python_dop_operator_3.py
[2023-06-18T14:56:23.095+0530] {processor.py:826} INFO - Processing file /home/shubham/.local/lib/python3.10/site-packages/airflow/example_dags/example_branch_python_dop_operator_3.py for tasks to queue
[2023-06-18T14:56:23.095+0530] {logging_mixin.py:149} INFO - [2023-06-18T14:56:23.095+0530] {dagbag.py:541} INFO - Filling up the DagBag from /home/shubham/.local/lib/python3.10/site-packages/airflow/example_dags/example_branch_python_dop_operator_3.py
[2023-06-18T14:56:23.101+0530] {processor.py:836} INFO - DAG(s) dict_keys(['example_branch_dop_operator_v3']) retrieved from /home/shubham/.local/lib/python3.10/site-packages/airflow/example_dags/example_branch_python_dop_operator_3.py
[2023-06-18T14:56:23.114+0530] {logging_mixin.py:149} INFO - [2023-06-18T14:56:23.114+0530] {dag.py:2726} INFO - Sync 1 DAGs
[2023-06-18T14:56:23.128+0530] {logging_mixin.py:149} INFO - [2023-06-18T14:56:23.128+0530] {dag.py:3486} INFO - Setting next_dagrun for example_branch_dop_operator_v3 to 2023-06-18T09:25:00+00:00, run_after=2023-06-18T09:26:00+00:00
[2023-06-18T14:56:23.145+0530] {processor.py:179} INFO - Processing /home/shubham/.local/lib/python3.10/site-packages/airflow/example_dags/example_branch_python_dop_operator_3.py took 0.054 seconds
[2023-06-18T14:57:06.438+0530] {processor.py:157} INFO - Started process (PID=4671) to work on /home/shubham/.local/lib/python3.10/site-packages/airflow/example_dags/example_branch_python_dop_operator_3.py
[2023-06-18T14:57:06.439+0530] {processor.py:826} INFO - Processing file /home/shubham/.local/lib/python3.10/site-packages/airflow/example_dags/example_branch_python_dop_operator_3.py for tasks to queue
[2023-06-18T14:57:06.440+0530] {logging_mixin.py:149} INFO - [2023-06-18T14:57:06.440+0530] {dagbag.py:541} INFO - Filling up the DagBag from /home/shubham/.local/lib/python3.10/site-packages/airflow/example_dags/example_branch_python_dop_operator_3.py
[2023-06-18T14:57:06.445+0530] {processor.py:836} INFO - DAG(s) dict_keys(['example_branch_dop_operator_v3']) retrieved from /home/shubham/.local/lib/python3.10/site-packages/airflow/example_dags/example_branch_python_dop_operator_3.py
[2023-06-18T14:57:06.459+0530] {logging_mixin.py:149} INFO - [2023-06-18T14:57:06.459+0530] {dag.py:2726} INFO - Sync 1 DAGs
[2023-06-18T14:57:06.473+0530] {logging_mixin.py:149} INFO - [2023-06-18T14:57:06.473+0530] {dag.py:3486} INFO - Setting next_dagrun for example_branch_dop_operator_v3 to 2023-06-18T09:26:00+00:00, run_after=2023-06-18T09:27:00+00:00
[2023-06-18T14:57:06.491+0530] {processor.py:179} INFO - Processing /home/shubham/.local/lib/python3.10/site-packages/airflow/example_dags/example_branch_python_dop_operator_3.py took 0.055 seconds
[2023-06-18T14:57:48.238+0530] {processor.py:157} INFO - Started process (PID=4715) to work on /home/shubham/.local/lib/python3.10/site-packages/airflow/example_dags/example_branch_python_dop_operator_3.py
[2023-06-18T14:57:48.240+0530] {processor.py:826} INFO - Processing file /home/shubham/.local/lib/python3.10/site-packages/airflow/example_dags/example_branch_python_dop_operator_3.py for tasks to queue
[2023-06-18T14:57:48.240+0530] {logging_mixin.py:149} INFO - [2023-06-18T14:57:48.240+0530] {dagbag.py:541} INFO - Filling up the DagBag from /home/shubham/.local/lib/python3.10/site-packages/airflow/example_dags/example_branch_python_dop_operator_3.py
[2023-06-18T14:57:48.246+0530] {processor.py:836} INFO - DAG(s) dict_keys(['example_branch_dop_operator_v3']) retrieved from /home/shubham/.local/lib/python3.10/site-packages/airflow/example_dags/example_branch_python_dop_operator_3.py
[2023-06-18T14:57:48.260+0530] {logging_mixin.py:149} INFO - [2023-06-18T14:57:48.259+0530] {dag.py:2726} INFO - Sync 1 DAGs
[2023-06-18T14:57:48.274+0530] {logging_mixin.py:149} INFO - [2023-06-18T14:57:48.274+0530] {dag.py:3486} INFO - Setting next_dagrun for example_branch_dop_operator_v3 to 2023-06-18T09:26:00+00:00, run_after=2023-06-18T09:27:00+00:00
[2023-06-18T14:57:48.290+0530] {processor.py:179} INFO - Processing /home/shubham/.local/lib/python3.10/site-packages/airflow/example_dags/example_branch_python_dop_operator_3.py took 0.055 seconds
[2023-06-18T14:58:30.481+0530] {processor.py:157} INFO - Started process (PID=4760) to work on /home/shubham/.local/lib/python3.10/site-packages/airflow/example_dags/example_branch_python_dop_operator_3.py
[2023-06-18T14:58:30.482+0530] {processor.py:826} INFO - Processing file /home/shubham/.local/lib/python3.10/site-packages/airflow/example_dags/example_branch_python_dop_operator_3.py for tasks to queue
[2023-06-18T14:58:30.483+0530] {logging_mixin.py:149} INFO - [2023-06-18T14:58:30.483+0530] {dagbag.py:541} INFO - Filling up the DagBag from /home/shubham/.local/lib/python3.10/site-packages/airflow/example_dags/example_branch_python_dop_operator_3.py
[2023-06-18T14:58:30.488+0530] {processor.py:836} INFO - DAG(s) dict_keys(['example_branch_dop_operator_v3']) retrieved from /home/shubham/.local/lib/python3.10/site-packages/airflow/example_dags/example_branch_python_dop_operator_3.py
[2023-06-18T14:58:30.502+0530] {logging_mixin.py:149} INFO - [2023-06-18T14:58:30.502+0530] {dag.py:2726} INFO - Sync 1 DAGs
[2023-06-18T14:58:30.516+0530] {logging_mixin.py:149} INFO - [2023-06-18T14:58:30.516+0530] {dag.py:3486} INFO - Setting next_dagrun for example_branch_dop_operator_v3 to 2023-06-18T09:27:00+00:00, run_after=2023-06-18T09:28:00+00:00
[2023-06-18T14:58:30.533+0530] {processor.py:179} INFO - Processing /home/shubham/.local/lib/python3.10/site-packages/airflow/example_dags/example_branch_python_dop_operator_3.py took 0.054 seconds
[2023-06-18T14:59:13.125+0530] {processor.py:157} INFO - Started process (PID=4803) to work on /home/shubham/.local/lib/python3.10/site-packages/airflow/example_dags/example_branch_python_dop_operator_3.py
[2023-06-18T14:59:13.126+0530] {processor.py:826} INFO - Processing file /home/shubham/.local/lib/python3.10/site-packages/airflow/example_dags/example_branch_python_dop_operator_3.py for tasks to queue
[2023-06-18T14:59:13.127+0530] {logging_mixin.py:149} INFO - [2023-06-18T14:59:13.127+0530] {dagbag.py:541} INFO - Filling up the DagBag from /home/shubham/.local/lib/python3.10/site-packages/airflow/example_dags/example_branch_python_dop_operator_3.py
[2023-06-18T14:59:13.133+0530] {processor.py:836} INFO - DAG(s) dict_keys(['example_branch_dop_operator_v3']) retrieved from /home/shubham/.local/lib/python3.10/site-packages/airflow/example_dags/example_branch_python_dop_operator_3.py
[2023-06-18T14:59:13.146+0530] {logging_mixin.py:149} INFO - [2023-06-18T14:59:13.146+0530] {dag.py:2726} INFO - Sync 1 DAGs
[2023-06-18T14:59:13.160+0530] {logging_mixin.py:149} INFO - [2023-06-18T14:59:13.160+0530] {dag.py:3486} INFO - Setting next_dagrun for example_branch_dop_operator_v3 to 2023-06-18T09:28:00+00:00, run_after=2023-06-18T09:29:00+00:00
[2023-06-18T14:59:13.176+0530] {processor.py:179} INFO - Processing /home/shubham/.local/lib/python3.10/site-packages/airflow/example_dags/example_branch_python_dop_operator_3.py took 0.054 seconds
[2023-06-18T14:59:54.744+0530] {processor.py:157} INFO - Started process (PID=4849) to work on /home/shubham/.local/lib/python3.10/site-packages/airflow/example_dags/example_branch_python_dop_operator_3.py
[2023-06-18T14:59:54.745+0530] {processor.py:826} INFO - Processing file /home/shubham/.local/lib/python3.10/site-packages/airflow/example_dags/example_branch_python_dop_operator_3.py for tasks to queue
[2023-06-18T14:59:54.745+0530] {logging_mixin.py:149} INFO - [2023-06-18T14:59:54.745+0530] {dagbag.py:541} INFO - Filling up the DagBag from /home/shubham/.local/lib/python3.10/site-packages/airflow/example_dags/example_branch_python_dop_operator_3.py
[2023-06-18T14:59:54.751+0530] {processor.py:836} INFO - DAG(s) dict_keys(['example_branch_dop_operator_v3']) retrieved from /home/shubham/.local/lib/python3.10/site-packages/airflow/example_dags/example_branch_python_dop_operator_3.py
[2023-06-18T14:59:54.764+0530] {logging_mixin.py:149} INFO - [2023-06-18T14:59:54.764+0530] {dag.py:2726} INFO - Sync 1 DAGs
[2023-06-18T14:59:54.779+0530] {logging_mixin.py:149} INFO - [2023-06-18T14:59:54.778+0530] {dag.py:3486} INFO - Setting next_dagrun for example_branch_dop_operator_v3 to 2023-06-18T09:28:00+00:00, run_after=2023-06-18T09:29:00+00:00
[2023-06-18T14:59:54.796+0530] {processor.py:179} INFO - Processing /home/shubham/.local/lib/python3.10/site-packages/airflow/example_dags/example_branch_python_dop_operator_3.py took 0.055 seconds
[2023-06-18T15:00:39.785+0530] {processor.py:157} INFO - Started process (PID=4893) to work on /home/shubham/.local/lib/python3.10/site-packages/airflow/example_dags/example_branch_python_dop_operator_3.py
[2023-06-18T15:00:39.787+0530] {processor.py:826} INFO - Processing file /home/shubham/.local/lib/python3.10/site-packages/airflow/example_dags/example_branch_python_dop_operator_3.py for tasks to queue
[2023-06-18T15:00:39.787+0530] {logging_mixin.py:149} INFO - [2023-06-18T15:00:39.787+0530] {dagbag.py:541} INFO - Filling up the DagBag from /home/shubham/.local/lib/python3.10/site-packages/airflow/example_dags/example_branch_python_dop_operator_3.py
[2023-06-18T15:00:39.793+0530] {processor.py:836} INFO - DAG(s) dict_keys(['example_branch_dop_operator_v3']) retrieved from /home/shubham/.local/lib/python3.10/site-packages/airflow/example_dags/example_branch_python_dop_operator_3.py
[2023-06-18T15:00:39.806+0530] {logging_mixin.py:149} INFO - [2023-06-18T15:00:39.806+0530] {dag.py:2726} INFO - Sync 1 DAGs
[2023-06-18T15:00:39.821+0530] {logging_mixin.py:149} INFO - [2023-06-18T15:00:39.820+0530] {dag.py:3486} INFO - Setting next_dagrun for example_branch_dop_operator_v3 to 2023-06-18T09:29:00+00:00, run_after=2023-06-18T09:30:00+00:00
[2023-06-18T15:00:39.836+0530] {processor.py:179} INFO - Processing /home/shubham/.local/lib/python3.10/site-packages/airflow/example_dags/example_branch_python_dop_operator_3.py took 0.053 seconds
[2023-06-18T15:01:24.804+0530] {processor.py:157} INFO - Started process (PID=4941) to work on /home/shubham/.local/lib/python3.10/site-packages/airflow/example_dags/example_branch_python_dop_operator_3.py
[2023-06-18T15:01:24.806+0530] {processor.py:826} INFO - Processing file /home/shubham/.local/lib/python3.10/site-packages/airflow/example_dags/example_branch_python_dop_operator_3.py for tasks to queue
[2023-06-18T15:01:24.806+0530] {logging_mixin.py:149} INFO - [2023-06-18T15:01:24.806+0530] {dagbag.py:541} INFO - Filling up the DagBag from /home/shubham/.local/lib/python3.10/site-packages/airflow/example_dags/example_branch_python_dop_operator_3.py
[2023-06-18T15:01:24.812+0530] {processor.py:836} INFO - DAG(s) dict_keys(['example_branch_dop_operator_v3']) retrieved from /home/shubham/.local/lib/python3.10/site-packages/airflow/example_dags/example_branch_python_dop_operator_3.py
[2023-06-18T15:01:24.825+0530] {logging_mixin.py:149} INFO - [2023-06-18T15:01:24.825+0530] {dag.py:2726} INFO - Sync 1 DAGs
[2023-06-18T15:01:24.840+0530] {logging_mixin.py:149} INFO - [2023-06-18T15:01:24.840+0530] {dag.py:3486} INFO - Setting next_dagrun for example_branch_dop_operator_v3 to 2023-06-18T09:30:00+00:00, run_after=2023-06-18T09:31:00+00:00
[2023-06-18T15:01:24.857+0530] {processor.py:179} INFO - Processing /home/shubham/.local/lib/python3.10/site-packages/airflow/example_dags/example_branch_python_dop_operator_3.py took 0.055 seconds
[2023-06-18T15:02:13.224+0530] {processor.py:157} INFO - Started process (PID=4989) to work on /home/shubham/.local/lib/python3.10/site-packages/airflow/example_dags/example_branch_python_dop_operator_3.py
[2023-06-18T15:02:13.225+0530] {processor.py:826} INFO - Processing file /home/shubham/.local/lib/python3.10/site-packages/airflow/example_dags/example_branch_python_dop_operator_3.py for tasks to queue
[2023-06-18T15:02:13.226+0530] {logging_mixin.py:149} INFO - [2023-06-18T15:02:13.226+0530] {dagbag.py:541} INFO - Filling up the DagBag from /home/shubham/.local/lib/python3.10/site-packages/airflow/example_dags/example_branch_python_dop_operator_3.py
[2023-06-18T15:02:13.231+0530] {processor.py:836} INFO - DAG(s) dict_keys(['example_branch_dop_operator_v3']) retrieved from /home/shubham/.local/lib/python3.10/site-packages/airflow/example_dags/example_branch_python_dop_operator_3.py
[2023-06-18T15:02:13.245+0530] {logging_mixin.py:149} INFO - [2023-06-18T15:02:13.245+0530] {dag.py:2726} INFO - Sync 1 DAGs
[2023-06-18T15:02:13.259+0530] {logging_mixin.py:149} INFO - [2023-06-18T15:02:13.259+0530] {dag.py:3486} INFO - Setting next_dagrun for example_branch_dop_operator_v3 to 2023-06-18T09:31:00+00:00, run_after=2023-06-18T09:32:00+00:00
[2023-06-18T15:02:13.275+0530] {processor.py:179} INFO - Processing /home/shubham/.local/lib/python3.10/site-packages/airflow/example_dags/example_branch_python_dop_operator_3.py took 0.054 seconds
[2023-06-18T15:03:06.050+0530] {processor.py:157} INFO - Started process (PID=5046) to work on /home/shubham/.local/lib/python3.10/site-packages/airflow/example_dags/example_branch_python_dop_operator_3.py
[2023-06-18T15:03:06.051+0530] {processor.py:826} INFO - Processing file /home/shubham/.local/lib/python3.10/site-packages/airflow/example_dags/example_branch_python_dop_operator_3.py for tasks to queue
[2023-06-18T15:03:06.052+0530] {logging_mixin.py:149} INFO - [2023-06-18T15:03:06.052+0530] {dagbag.py:541} INFO - Filling up the DagBag from /home/shubham/.local/lib/python3.10/site-packages/airflow/example_dags/example_branch_python_dop_operator_3.py
[2023-06-18T15:03:06.057+0530] {processor.py:836} INFO - DAG(s) dict_keys(['example_branch_dop_operator_v3']) retrieved from /home/shubham/.local/lib/python3.10/site-packages/airflow/example_dags/example_branch_python_dop_operator_3.py
[2023-06-18T15:03:06.070+0530] {logging_mixin.py:149} INFO - [2023-06-18T15:03:06.070+0530] {dag.py:2726} INFO - Sync 1 DAGs
[2023-06-18T15:03:06.085+0530] {logging_mixin.py:149} INFO - [2023-06-18T15:03:06.085+0530] {dag.py:3486} INFO - Setting next_dagrun for example_branch_dop_operator_v3 to 2023-06-18T09:32:00+00:00, run_after=2023-06-18T09:33:00+00:00
[2023-06-18T15:03:06.102+0530] {processor.py:179} INFO - Processing /home/shubham/.local/lib/python3.10/site-packages/airflow/example_dags/example_branch_python_dop_operator_3.py took 0.055 seconds
[2023-06-18T15:03:49.650+0530] {processor.py:157} INFO - Started process (PID=5092) to work on /home/shubham/.local/lib/python3.10/site-packages/airflow/example_dags/example_branch_python_dop_operator_3.py
[2023-06-18T15:03:49.652+0530] {processor.py:826} INFO - Processing file /home/shubham/.local/lib/python3.10/site-packages/airflow/example_dags/example_branch_python_dop_operator_3.py for tasks to queue
[2023-06-18T15:03:49.653+0530] {logging_mixin.py:149} INFO - [2023-06-18T15:03:49.653+0530] {dagbag.py:541} INFO - Filling up the DagBag from /home/shubham/.local/lib/python3.10/site-packages/airflow/example_dags/example_branch_python_dop_operator_3.py
[2023-06-18T15:03:49.659+0530] {processor.py:836} INFO - DAG(s) dict_keys(['example_branch_dop_operator_v3']) retrieved from /home/shubham/.local/lib/python3.10/site-packages/airflow/example_dags/example_branch_python_dop_operator_3.py
[2023-06-18T15:03:49.672+0530] {logging_mixin.py:149} INFO - [2023-06-18T15:03:49.672+0530] {dag.py:2726} INFO - Sync 1 DAGs
[2023-06-18T15:03:49.687+0530] {logging_mixin.py:149} INFO - [2023-06-18T15:03:49.687+0530] {dag.py:3486} INFO - Setting next_dagrun for example_branch_dop_operator_v3 to 2023-06-18T09:32:00+00:00, run_after=2023-06-18T09:33:00+00:00
[2023-06-18T15:03:49.704+0530] {processor.py:179} INFO - Processing /home/shubham/.local/lib/python3.10/site-packages/airflow/example_dags/example_branch_python_dop_operator_3.py took 0.058 seconds
[2023-06-18T15:04:34.682+0530] {processor.py:157} INFO - Started process (PID=5140) to work on /home/shubham/.local/lib/python3.10/site-packages/airflow/example_dags/example_branch_python_dop_operator_3.py
[2023-06-18T15:04:34.683+0530] {processor.py:826} INFO - Processing file /home/shubham/.local/lib/python3.10/site-packages/airflow/example_dags/example_branch_python_dop_operator_3.py for tasks to queue
[2023-06-18T15:04:34.684+0530] {logging_mixin.py:149} INFO - [2023-06-18T15:04:34.684+0530] {dagbag.py:541} INFO - Filling up the DagBag from /home/shubham/.local/lib/python3.10/site-packages/airflow/example_dags/example_branch_python_dop_operator_3.py
[2023-06-18T15:04:34.689+0530] {processor.py:836} INFO - DAG(s) dict_keys(['example_branch_dop_operator_v3']) retrieved from /home/shubham/.local/lib/python3.10/site-packages/airflow/example_dags/example_branch_python_dop_operator_3.py
[2023-06-18T15:04:34.702+0530] {logging_mixin.py:149} INFO - [2023-06-18T15:04:34.702+0530] {dag.py:2726} INFO - Sync 1 DAGs
[2023-06-18T15:04:34.716+0530] {logging_mixin.py:149} INFO - [2023-06-18T15:04:34.716+0530] {dag.py:3486} INFO - Setting next_dagrun for example_branch_dop_operator_v3 to 2023-06-18T09:33:00+00:00, run_after=2023-06-18T09:34:00+00:00
[2023-06-18T15:04:34.733+0530] {processor.py:179} INFO - Processing /home/shubham/.local/lib/python3.10/site-packages/airflow/example_dags/example_branch_python_dop_operator_3.py took 0.053 seconds
[2023-06-18T15:05:18.796+0530] {processor.py:157} INFO - Started process (PID=5184) to work on /home/shubham/.local/lib/python3.10/site-packages/airflow/example_dags/example_branch_python_dop_operator_3.py
[2023-06-18T15:05:18.798+0530] {processor.py:826} INFO - Processing file /home/shubham/.local/lib/python3.10/site-packages/airflow/example_dags/example_branch_python_dop_operator_3.py for tasks to queue
[2023-06-18T15:05:18.798+0530] {logging_mixin.py:149} INFO - [2023-06-18T15:05:18.798+0530] {dagbag.py:541} INFO - Filling up the DagBag from /home/shubham/.local/lib/python3.10/site-packages/airflow/example_dags/example_branch_python_dop_operator_3.py
[2023-06-18T15:05:18.803+0530] {processor.py:836} INFO - DAG(s) dict_keys(['example_branch_dop_operator_v3']) retrieved from /home/shubham/.local/lib/python3.10/site-packages/airflow/example_dags/example_branch_python_dop_operator_3.py
[2023-06-18T15:05:18.817+0530] {logging_mixin.py:149} INFO - [2023-06-18T15:05:18.817+0530] {dag.py:2726} INFO - Sync 1 DAGs
[2023-06-18T15:05:18.831+0530] {logging_mixin.py:149} INFO - [2023-06-18T15:05:18.831+0530] {dag.py:3486} INFO - Setting next_dagrun for example_branch_dop_operator_v3 to 2023-06-18T09:34:00+00:00, run_after=2023-06-18T09:35:00+00:00
[2023-06-18T15:05:18.848+0530] {processor.py:179} INFO - Processing /home/shubham/.local/lib/python3.10/site-packages/airflow/example_dags/example_branch_python_dop_operator_3.py took 0.054 seconds
[2023-06-18T15:06:01.725+0530] {processor.py:157} INFO - Started process (PID=5230) to work on /home/shubham/.local/lib/python3.10/site-packages/airflow/example_dags/example_branch_python_dop_operator_3.py
[2023-06-18T15:06:01.726+0530] {processor.py:826} INFO - Processing file /home/shubham/.local/lib/python3.10/site-packages/airflow/example_dags/example_branch_python_dop_operator_3.py for tasks to queue
[2023-06-18T15:06:01.727+0530] {logging_mixin.py:149} INFO - [2023-06-18T15:06:01.727+0530] {dagbag.py:541} INFO - Filling up the DagBag from /home/shubham/.local/lib/python3.10/site-packages/airflow/example_dags/example_branch_python_dop_operator_3.py
[2023-06-18T15:06:01.732+0530] {processor.py:836} INFO - DAG(s) dict_keys(['example_branch_dop_operator_v3']) retrieved from /home/shubham/.local/lib/python3.10/site-packages/airflow/example_dags/example_branch_python_dop_operator_3.py
[2023-06-18T15:06:01.745+0530] {logging_mixin.py:149} INFO - [2023-06-18T15:06:01.745+0530] {dag.py:2726} INFO - Sync 1 DAGs
[2023-06-18T15:06:01.760+0530] {logging_mixin.py:149} INFO - [2023-06-18T15:06:01.759+0530] {dag.py:3486} INFO - Setting next_dagrun for example_branch_dop_operator_v3 to 2023-06-18T09:35:00+00:00, run_after=2023-06-18T09:36:00+00:00
[2023-06-18T15:06:01.777+0530] {processor.py:179} INFO - Processing /home/shubham/.local/lib/python3.10/site-packages/airflow/example_dags/example_branch_python_dop_operator_3.py took 0.054 seconds
[2023-06-18T15:06:48.626+0530] {processor.py:157} INFO - Started process (PID=5276) to work on /home/shubham/.local/lib/python3.10/site-packages/airflow/example_dags/example_branch_python_dop_operator_3.py
[2023-06-18T15:06:48.628+0530] {processor.py:826} INFO - Processing file /home/shubham/.local/lib/python3.10/site-packages/airflow/example_dags/example_branch_python_dop_operator_3.py for tasks to queue
[2023-06-18T15:06:48.629+0530] {logging_mixin.py:149} INFO - [2023-06-18T15:06:48.629+0530] {dagbag.py:541} INFO - Filling up the DagBag from /home/shubham/.local/lib/python3.10/site-packages/airflow/example_dags/example_branch_python_dop_operator_3.py
[2023-06-18T15:06:48.637+0530] {processor.py:836} INFO - DAG(s) dict_keys(['example_branch_dop_operator_v3']) retrieved from /home/shubham/.local/lib/python3.10/site-packages/airflow/example_dags/example_branch_python_dop_operator_3.py
[2023-06-18T15:06:48.656+0530] {logging_mixin.py:149} INFO - [2023-06-18T15:06:48.655+0530] {dag.py:2726} INFO - Sync 1 DAGs
[2023-06-18T15:06:48.680+0530] {logging_mixin.py:149} INFO - [2023-06-18T15:06:48.679+0530] {dag.py:3486} INFO - Setting next_dagrun for example_branch_dop_operator_v3 to 2023-06-18T09:35:00+00:00, run_after=2023-06-18T09:36:00+00:00
[2023-06-18T15:06:48.708+0530] {processor.py:179} INFO - Processing /home/shubham/.local/lib/python3.10/site-packages/airflow/example_dags/example_branch_python_dop_operator_3.py took 0.085 seconds
[2023-06-18T15:07:37.240+0530] {processor.py:157} INFO - Started process (PID=5326) to work on /home/shubham/.local/lib/python3.10/site-packages/airflow/example_dags/example_branch_python_dop_operator_3.py
[2023-06-18T15:07:37.242+0530] {processor.py:826} INFO - Processing file /home/shubham/.local/lib/python3.10/site-packages/airflow/example_dags/example_branch_python_dop_operator_3.py for tasks to queue
[2023-06-18T15:07:37.243+0530] {logging_mixin.py:149} INFO - [2023-06-18T15:07:37.243+0530] {dagbag.py:541} INFO - Filling up the DagBag from /home/shubham/.local/lib/python3.10/site-packages/airflow/example_dags/example_branch_python_dop_operator_3.py
[2023-06-18T15:07:37.251+0530] {processor.py:836} INFO - DAG(s) dict_keys(['example_branch_dop_operator_v3']) retrieved from /home/shubham/.local/lib/python3.10/site-packages/airflow/example_dags/example_branch_python_dop_operator_3.py
[2023-06-18T15:07:37.270+0530] {logging_mixin.py:149} INFO - [2023-06-18T15:07:37.270+0530] {dag.py:2726} INFO - Sync 1 DAGs
[2023-06-18T15:07:37.292+0530] {logging_mixin.py:149} INFO - [2023-06-18T15:07:37.292+0530] {dag.py:3486} INFO - Setting next_dagrun for example_branch_dop_operator_v3 to 2023-06-18T09:36:00+00:00, run_after=2023-06-18T09:37:00+00:00
[2023-06-18T15:07:37.319+0530] {processor.py:179} INFO - Processing /home/shubham/.local/lib/python3.10/site-packages/airflow/example_dags/example_branch_python_dop_operator_3.py took 0.082 seconds
[2023-06-18T15:08:22.428+0530] {processor.py:157} INFO - Started process (PID=5373) to work on /home/shubham/.local/lib/python3.10/site-packages/airflow/example_dags/example_branch_python_dop_operator_3.py
[2023-06-18T15:08:22.430+0530] {processor.py:826} INFO - Processing file /home/shubham/.local/lib/python3.10/site-packages/airflow/example_dags/example_branch_python_dop_operator_3.py for tasks to queue
[2023-06-18T15:08:22.431+0530] {logging_mixin.py:149} INFO - [2023-06-18T15:08:22.430+0530] {dagbag.py:541} INFO - Filling up the DagBag from /home/shubham/.local/lib/python3.10/site-packages/airflow/example_dags/example_branch_python_dop_operator_3.py
[2023-06-18T15:08:22.439+0530] {processor.py:836} INFO - DAG(s) dict_keys(['example_branch_dop_operator_v3']) retrieved from /home/shubham/.local/lib/python3.10/site-packages/airflow/example_dags/example_branch_python_dop_operator_3.py
[2023-06-18T15:08:22.458+0530] {logging_mixin.py:149} INFO - [2023-06-18T15:08:22.458+0530] {dag.py:2726} INFO - Sync 1 DAGs
[2023-06-18T15:08:22.479+0530] {logging_mixin.py:149} INFO - [2023-06-18T15:08:22.479+0530] {dag.py:3486} INFO - Setting next_dagrun for example_branch_dop_operator_v3 to 2023-06-18T09:37:00+00:00, run_after=2023-06-18T09:38:00+00:00
[2023-06-18T15:08:22.505+0530] {processor.py:179} INFO - Processing /home/shubham/.local/lib/python3.10/site-packages/airflow/example_dags/example_branch_python_dop_operator_3.py took 0.080 seconds
[2023-06-18T15:09:06.386+0530] {processor.py:157} INFO - Started process (PID=5418) to work on /home/shubham/.local/lib/python3.10/site-packages/airflow/example_dags/example_branch_python_dop_operator_3.py
[2023-06-18T15:09:06.389+0530] {processor.py:826} INFO - Processing file /home/shubham/.local/lib/python3.10/site-packages/airflow/example_dags/example_branch_python_dop_operator_3.py for tasks to queue
[2023-06-18T15:09:06.389+0530] {logging_mixin.py:149} INFO - [2023-06-18T15:09:06.389+0530] {dagbag.py:541} INFO - Filling up the DagBag from /home/shubham/.local/lib/python3.10/site-packages/airflow/example_dags/example_branch_python_dop_operator_3.py
[2023-06-18T15:09:06.397+0530] {processor.py:836} INFO - DAG(s) dict_keys(['example_branch_dop_operator_v3']) retrieved from /home/shubham/.local/lib/python3.10/site-packages/airflow/example_dags/example_branch_python_dop_operator_3.py
[2023-06-18T15:09:06.416+0530] {logging_mixin.py:149} INFO - [2023-06-18T15:09:06.416+0530] {dag.py:2726} INFO - Sync 1 DAGs
[2023-06-18T15:09:06.439+0530] {logging_mixin.py:149} INFO - [2023-06-18T15:09:06.438+0530] {dag.py:3486} INFO - Setting next_dagrun for example_branch_dop_operator_v3 to 2023-06-18T09:38:00+00:00, run_after=2023-06-18T09:39:00+00:00
[2023-06-18T15:09:06.470+0530] {processor.py:179} INFO - Processing /home/shubham/.local/lib/python3.10/site-packages/airflow/example_dags/example_branch_python_dop_operator_3.py took 0.087 seconds
[2023-06-18T15:09:50.777+0530] {processor.py:157} INFO - Started process (PID=5464) to work on /home/shubham/.local/lib/python3.10/site-packages/airflow/example_dags/example_branch_python_dop_operator_3.py
[2023-06-18T15:09:50.780+0530] {processor.py:826} INFO - Processing file /home/shubham/.local/lib/python3.10/site-packages/airflow/example_dags/example_branch_python_dop_operator_3.py for tasks to queue
[2023-06-18T15:09:50.780+0530] {logging_mixin.py:149} INFO - [2023-06-18T15:09:50.780+0530] {dagbag.py:541} INFO - Filling up the DagBag from /home/shubham/.local/lib/python3.10/site-packages/airflow/example_dags/example_branch_python_dop_operator_3.py
[2023-06-18T15:09:50.787+0530] {processor.py:836} INFO - DAG(s) dict_keys(['example_branch_dop_operator_v3']) retrieved from /home/shubham/.local/lib/python3.10/site-packages/airflow/example_dags/example_branch_python_dop_operator_3.py
[2023-06-18T15:09:50.803+0530] {logging_mixin.py:149} INFO - [2023-06-18T15:09:50.803+0530] {dag.py:2726} INFO - Sync 1 DAGs
[2023-06-18T15:09:50.822+0530] {logging_mixin.py:149} INFO - [2023-06-18T15:09:50.822+0530] {dag.py:3486} INFO - Setting next_dagrun for example_branch_dop_operator_v3 to 2023-06-18T09:38:00+00:00, run_after=2023-06-18T09:39:00+00:00
[2023-06-18T15:09:50.847+0530] {processor.py:179} INFO - Processing /home/shubham/.local/lib/python3.10/site-packages/airflow/example_dags/example_branch_python_dop_operator_3.py took 0.072 seconds
[2023-06-18T15:10:33.914+0530] {processor.py:157} INFO - Started process (PID=5510) to work on /home/shubham/.local/lib/python3.10/site-packages/airflow/example_dags/example_branch_python_dop_operator_3.py
[2023-06-18T15:10:33.916+0530] {processor.py:826} INFO - Processing file /home/shubham/.local/lib/python3.10/site-packages/airflow/example_dags/example_branch_python_dop_operator_3.py for tasks to queue
[2023-06-18T15:10:33.917+0530] {logging_mixin.py:149} INFO - [2023-06-18T15:10:33.917+0530] {dagbag.py:541} INFO - Filling up the DagBag from /home/shubham/.local/lib/python3.10/site-packages/airflow/example_dags/example_branch_python_dop_operator_3.py
[2023-06-18T15:10:33.925+0530] {processor.py:836} INFO - DAG(s) dict_keys(['example_branch_dop_operator_v3']) retrieved from /home/shubham/.local/lib/python3.10/site-packages/airflow/example_dags/example_branch_python_dop_operator_3.py
[2023-06-18T15:10:33.946+0530] {logging_mixin.py:149} INFO - [2023-06-18T15:10:33.946+0530] {dag.py:2726} INFO - Sync 1 DAGs
[2023-06-18T15:10:33.969+0530] {logging_mixin.py:149} INFO - [2023-06-18T15:10:33.969+0530] {dag.py:3486} INFO - Setting next_dagrun for example_branch_dop_operator_v3 to 2023-06-18T09:39:00+00:00, run_after=2023-06-18T09:40:00+00:00
[2023-06-18T15:10:33.998+0530] {processor.py:179} INFO - Processing /home/shubham/.local/lib/python3.10/site-packages/airflow/example_dags/example_branch_python_dop_operator_3.py took 0.087 seconds
[2023-06-18T15:11:16.391+0530] {processor.py:157} INFO - Started process (PID=5553) to work on /home/shubham/.local/lib/python3.10/site-packages/airflow/example_dags/example_branch_python_dop_operator_3.py
[2023-06-18T15:11:16.393+0530] {processor.py:826} INFO - Processing file /home/shubham/.local/lib/python3.10/site-packages/airflow/example_dags/example_branch_python_dop_operator_3.py for tasks to queue
[2023-06-18T15:11:16.394+0530] {logging_mixin.py:149} INFO - [2023-06-18T15:11:16.394+0530] {dagbag.py:541} INFO - Filling up the DagBag from /home/shubham/.local/lib/python3.10/site-packages/airflow/example_dags/example_branch_python_dop_operator_3.py
[2023-06-18T15:11:16.402+0530] {processor.py:836} INFO - DAG(s) dict_keys(['example_branch_dop_operator_v3']) retrieved from /home/shubham/.local/lib/python3.10/site-packages/airflow/example_dags/example_branch_python_dop_operator_3.py
[2023-06-18T15:11:16.424+0530] {logging_mixin.py:149} INFO - [2023-06-18T15:11:16.424+0530] {dag.py:2726} INFO - Sync 1 DAGs
[2023-06-18T15:11:16.451+0530] {logging_mixin.py:149} INFO - [2023-06-18T15:11:16.451+0530] {dag.py:3486} INFO - Setting next_dagrun for example_branch_dop_operator_v3 to 2023-06-18T09:40:00+00:00, run_after=2023-06-18T09:41:00+00:00
[2023-06-18T15:11:16.486+0530] {processor.py:179} INFO - Processing /home/shubham/.local/lib/python3.10/site-packages/airflow/example_dags/example_branch_python_dop_operator_3.py took 0.098 seconds
[2023-06-18T15:11:57.898+0530] {processor.py:157} INFO - Started process (PID=5597) to work on /home/shubham/.local/lib/python3.10/site-packages/airflow/example_dags/example_branch_python_dop_operator_3.py
[2023-06-18T15:11:57.900+0530] {processor.py:826} INFO - Processing file /home/shubham/.local/lib/python3.10/site-packages/airflow/example_dags/example_branch_python_dop_operator_3.py for tasks to queue
[2023-06-18T15:11:57.901+0530] {logging_mixin.py:149} INFO - [2023-06-18T15:11:57.901+0530] {dagbag.py:541} INFO - Filling up the DagBag from /home/shubham/.local/lib/python3.10/site-packages/airflow/example_dags/example_branch_python_dop_operator_3.py
[2023-06-18T15:11:57.907+0530] {processor.py:836} INFO - DAG(s) dict_keys(['example_branch_dop_operator_v3']) retrieved from /home/shubham/.local/lib/python3.10/site-packages/airflow/example_dags/example_branch_python_dop_operator_3.py
[2023-06-18T15:11:57.925+0530] {logging_mixin.py:149} INFO - [2023-06-18T15:11:57.924+0530] {dag.py:2726} INFO - Sync 1 DAGs
[2023-06-18T15:11:57.944+0530] {logging_mixin.py:149} INFO - [2023-06-18T15:11:57.944+0530] {dag.py:3486} INFO - Setting next_dagrun for example_branch_dop_operator_v3 to 2023-06-18T09:40:00+00:00, run_after=2023-06-18T09:41:00+00:00
[2023-06-18T15:11:57.966+0530] {processor.py:179} INFO - Processing /home/shubham/.local/lib/python3.10/site-packages/airflow/example_dags/example_branch_python_dop_operator_3.py took 0.070 seconds
[2023-06-18T15:12:40.403+0530] {processor.py:157} INFO - Started process (PID=5643) to work on /home/shubham/.local/lib/python3.10/site-packages/airflow/example_dags/example_branch_python_dop_operator_3.py
[2023-06-18T15:12:40.405+0530] {processor.py:826} INFO - Processing file /home/shubham/.local/lib/python3.10/site-packages/airflow/example_dags/example_branch_python_dop_operator_3.py for tasks to queue
[2023-06-18T15:12:40.405+0530] {logging_mixin.py:149} INFO - [2023-06-18T15:12:40.405+0530] {dagbag.py:541} INFO - Filling up the DagBag from /home/shubham/.local/lib/python3.10/site-packages/airflow/example_dags/example_branch_python_dop_operator_3.py
[2023-06-18T15:12:40.413+0530] {processor.py:836} INFO - DAG(s) dict_keys(['example_branch_dop_operator_v3']) retrieved from /home/shubham/.local/lib/python3.10/site-packages/airflow/example_dags/example_branch_python_dop_operator_3.py
[2023-06-18T15:12:40.432+0530] {logging_mixin.py:149} INFO - [2023-06-18T15:12:40.432+0530] {dag.py:2726} INFO - Sync 1 DAGs
[2023-06-18T15:12:40.455+0530] {logging_mixin.py:149} INFO - [2023-06-18T15:12:40.455+0530] {dag.py:3486} INFO - Setting next_dagrun for example_branch_dop_operator_v3 to 2023-06-18T09:41:00+00:00, run_after=2023-06-18T09:42:00+00:00
[2023-06-18T15:12:40.478+0530] {processor.py:179} INFO - Processing /home/shubham/.local/lib/python3.10/site-packages/airflow/example_dags/example_branch_python_dop_operator_3.py took 0.079 seconds
[2023-06-18T15:13:21.736+0530] {processor.py:157} INFO - Started process (PID=5686) to work on /home/shubham/.local/lib/python3.10/site-packages/airflow/example_dags/example_branch_python_dop_operator_3.py
[2023-06-18T15:13:21.739+0530] {processor.py:826} INFO - Processing file /home/shubham/.local/lib/python3.10/site-packages/airflow/example_dags/example_branch_python_dop_operator_3.py for tasks to queue
[2023-06-18T15:13:21.740+0530] {logging_mixin.py:149} INFO - [2023-06-18T15:13:21.739+0530] {dagbag.py:541} INFO - Filling up the DagBag from /home/shubham/.local/lib/python3.10/site-packages/airflow/example_dags/example_branch_python_dop_operator_3.py
[2023-06-18T15:13:21.747+0530] {processor.py:836} INFO - DAG(s) dict_keys(['example_branch_dop_operator_v3']) retrieved from /home/shubham/.local/lib/python3.10/site-packages/airflow/example_dags/example_branch_python_dop_operator_3.py
[2023-06-18T15:13:21.764+0530] {logging_mixin.py:149} INFO - [2023-06-18T15:13:21.764+0530] {dag.py:2726} INFO - Sync 1 DAGs
[2023-06-18T15:13:21.785+0530] {logging_mixin.py:149} INFO - [2023-06-18T15:13:21.785+0530] {dag.py:3486} INFO - Setting next_dagrun for example_branch_dop_operator_v3 to 2023-06-18T09:42:00+00:00, run_after=2023-06-18T09:43:00+00:00
[2023-06-18T15:13:21.808+0530] {processor.py:179} INFO - Processing /home/shubham/.local/lib/python3.10/site-packages/airflow/example_dags/example_branch_python_dop_operator_3.py took 0.075 seconds
[2023-06-18T15:14:03.169+0530] {processor.py:157} INFO - Started process (PID=5729) to work on /home/shubham/.local/lib/python3.10/site-packages/airflow/example_dags/example_branch_python_dop_operator_3.py
[2023-06-18T15:14:03.172+0530] {processor.py:826} INFO - Processing file /home/shubham/.local/lib/python3.10/site-packages/airflow/example_dags/example_branch_python_dop_operator_3.py for tasks to queue
[2023-06-18T15:14:03.173+0530] {logging_mixin.py:149} INFO - [2023-06-18T15:14:03.173+0530] {dagbag.py:541} INFO - Filling up the DagBag from /home/shubham/.local/lib/python3.10/site-packages/airflow/example_dags/example_branch_python_dop_operator_3.py
[2023-06-18T15:14:03.180+0530] {processor.py:836} INFO - DAG(s) dict_keys(['example_branch_dop_operator_v3']) retrieved from /home/shubham/.local/lib/python3.10/site-packages/airflow/example_dags/example_branch_python_dop_operator_3.py
[2023-06-18T15:14:03.202+0530] {logging_mixin.py:149} INFO - [2023-06-18T15:14:03.202+0530] {dag.py:2726} INFO - Sync 1 DAGs
[2023-06-18T15:14:03.224+0530] {logging_mixin.py:149} INFO - [2023-06-18T15:14:03.224+0530] {dag.py:3486} INFO - Setting next_dagrun for example_branch_dop_operator_v3 to 2023-06-18T09:43:00+00:00, run_after=2023-06-18T09:44:00+00:00
[2023-06-18T15:14:03.250+0530] {processor.py:179} INFO - Processing /home/shubham/.local/lib/python3.10/site-packages/airflow/example_dags/example_branch_python_dop_operator_3.py took 0.084 seconds
[2023-06-18T15:14:49.322+0530] {processor.py:157} INFO - Started process (PID=5777) to work on /home/shubham/.local/lib/python3.10/site-packages/airflow/example_dags/example_branch_python_dop_operator_3.py
[2023-06-18T15:14:49.324+0530] {processor.py:826} INFO - Processing file /home/shubham/.local/lib/python3.10/site-packages/airflow/example_dags/example_branch_python_dop_operator_3.py for tasks to queue
[2023-06-18T15:14:49.325+0530] {logging_mixin.py:149} INFO - [2023-06-18T15:14:49.325+0530] {dagbag.py:541} INFO - Filling up the DagBag from /home/shubham/.local/lib/python3.10/site-packages/airflow/example_dags/example_branch_python_dop_operator_3.py
[2023-06-18T15:14:49.332+0530] {processor.py:836} INFO - DAG(s) dict_keys(['example_branch_dop_operator_v3']) retrieved from /home/shubham/.local/lib/python3.10/site-packages/airflow/example_dags/example_branch_python_dop_operator_3.py
[2023-06-18T15:14:49.352+0530] {logging_mixin.py:149} INFO - [2023-06-18T15:14:49.351+0530] {dag.py:2726} INFO - Sync 1 DAGs
[2023-06-18T15:14:49.374+0530] {logging_mixin.py:149} INFO - [2023-06-18T15:14:49.373+0530] {dag.py:3486} INFO - Setting next_dagrun for example_branch_dop_operator_v3 to 2023-06-18T09:43:00+00:00, run_after=2023-06-18T09:44:00+00:00
[2023-06-18T15:14:49.400+0530] {processor.py:179} INFO - Processing /home/shubham/.local/lib/python3.10/site-packages/airflow/example_dags/example_branch_python_dop_operator_3.py took 0.081 seconds
[2023-06-18T15:15:36.139+0530] {processor.py:157} INFO - Started process (PID=5824) to work on /home/shubham/.local/lib/python3.10/site-packages/airflow/example_dags/example_branch_python_dop_operator_3.py
[2023-06-18T15:15:36.141+0530] {processor.py:826} INFO - Processing file /home/shubham/.local/lib/python3.10/site-packages/airflow/example_dags/example_branch_python_dop_operator_3.py for tasks to queue
[2023-06-18T15:15:36.142+0530] {logging_mixin.py:149} INFO - [2023-06-18T15:15:36.142+0530] {dagbag.py:541} INFO - Filling up the DagBag from /home/shubham/.local/lib/python3.10/site-packages/airflow/example_dags/example_branch_python_dop_operator_3.py
[2023-06-18T15:15:36.148+0530] {processor.py:836} INFO - DAG(s) dict_keys(['example_branch_dop_operator_v3']) retrieved from /home/shubham/.local/lib/python3.10/site-packages/airflow/example_dags/example_branch_python_dop_operator_3.py
[2023-06-18T15:15:36.167+0530] {logging_mixin.py:149} INFO - [2023-06-18T15:15:36.167+0530] {dag.py:2726} INFO - Sync 1 DAGs
[2023-06-18T15:15:36.191+0530] {logging_mixin.py:149} INFO - [2023-06-18T15:15:36.190+0530] {dag.py:3486} INFO - Setting next_dagrun for example_branch_dop_operator_v3 to 2023-06-18T09:44:00+00:00, run_after=2023-06-18T09:45:00+00:00
[2023-06-18T15:15:36.215+0530] {processor.py:179} INFO - Processing /home/shubham/.local/lib/python3.10/site-packages/airflow/example_dags/example_branch_python_dop_operator_3.py took 0.078 seconds
[2023-06-18T15:16:22.049+0530] {processor.py:157} INFO - Started process (PID=5870) to work on /home/shubham/.local/lib/python3.10/site-packages/airflow/example_dags/example_branch_python_dop_operator_3.py
[2023-06-18T15:16:22.051+0530] {processor.py:826} INFO - Processing file /home/shubham/.local/lib/python3.10/site-packages/airflow/example_dags/example_branch_python_dop_operator_3.py for tasks to queue
[2023-06-18T15:16:22.052+0530] {logging_mixin.py:149} INFO - [2023-06-18T15:16:22.052+0530] {dagbag.py:541} INFO - Filling up the DagBag from /home/shubham/.local/lib/python3.10/site-packages/airflow/example_dags/example_branch_python_dop_operator_3.py
[2023-06-18T15:16:22.059+0530] {processor.py:836} INFO - DAG(s) dict_keys(['example_branch_dop_operator_v3']) retrieved from /home/shubham/.local/lib/python3.10/site-packages/airflow/example_dags/example_branch_python_dop_operator_3.py
[2023-06-18T15:16:22.076+0530] {logging_mixin.py:149} INFO - [2023-06-18T15:16:22.076+0530] {dag.py:2726} INFO - Sync 1 DAGs
[2023-06-18T15:16:22.095+0530] {logging_mixin.py:149} INFO - [2023-06-18T15:16:22.095+0530] {dag.py:3486} INFO - Setting next_dagrun for example_branch_dop_operator_v3 to 2023-06-18T09:45:00+00:00, run_after=2023-06-18T09:46:00+00:00
[2023-06-18T15:16:22.118+0530] {processor.py:179} INFO - Processing /home/shubham/.local/lib/python3.10/site-packages/airflow/example_dags/example_branch_python_dop_operator_3.py took 0.072 seconds
[2023-06-18T15:17:04.363+0530] {processor.py:157} INFO - Started process (PID=5916) to work on /home/shubham/.local/lib/python3.10/site-packages/airflow/example_dags/example_branch_python_dop_operator_3.py
[2023-06-18T15:17:04.365+0530] {processor.py:826} INFO - Processing file /home/shubham/.local/lib/python3.10/site-packages/airflow/example_dags/example_branch_python_dop_operator_3.py for tasks to queue
[2023-06-18T15:17:04.366+0530] {logging_mixin.py:149} INFO - [2023-06-18T15:17:04.365+0530] {dagbag.py:541} INFO - Filling up the DagBag from /home/shubham/.local/lib/python3.10/site-packages/airflow/example_dags/example_branch_python_dop_operator_3.py
[2023-06-18T15:17:04.373+0530] {processor.py:836} INFO - DAG(s) dict_keys(['example_branch_dop_operator_v3']) retrieved from /home/shubham/.local/lib/python3.10/site-packages/airflow/example_dags/example_branch_python_dop_operator_3.py
[2023-06-18T15:17:04.392+0530] {logging_mixin.py:149} INFO - [2023-06-18T15:17:04.392+0530] {dag.py:2726} INFO - Sync 1 DAGs
[2023-06-18T15:17:04.416+0530] {logging_mixin.py:149} INFO - [2023-06-18T15:17:04.416+0530] {dag.py:3486} INFO - Setting next_dagrun for example_branch_dop_operator_v3 to 2023-06-18T09:46:00+00:00, run_after=2023-06-18T09:47:00+00:00
[2023-06-18T15:17:04.442+0530] {processor.py:179} INFO - Processing /home/shubham/.local/lib/python3.10/site-packages/airflow/example_dags/example_branch_python_dop_operator_3.py took 0.082 seconds
[2023-06-18T15:17:46.789+0530] {processor.py:157} INFO - Started process (PID=5960) to work on /home/shubham/.local/lib/python3.10/site-packages/airflow/example_dags/example_branch_python_dop_operator_3.py
[2023-06-18T15:17:46.791+0530] {processor.py:826} INFO - Processing file /home/shubham/.local/lib/python3.10/site-packages/airflow/example_dags/example_branch_python_dop_operator_3.py for tasks to queue
[2023-06-18T15:17:46.792+0530] {logging_mixin.py:149} INFO - [2023-06-18T15:17:46.792+0530] {dagbag.py:541} INFO - Filling up the DagBag from /home/shubham/.local/lib/python3.10/site-packages/airflow/example_dags/example_branch_python_dop_operator_3.py
[2023-06-18T15:17:46.798+0530] {processor.py:836} INFO - DAG(s) dict_keys(['example_branch_dop_operator_v3']) retrieved from /home/shubham/.local/lib/python3.10/site-packages/airflow/example_dags/example_branch_python_dop_operator_3.py
[2023-06-18T15:17:46.817+0530] {logging_mixin.py:149} INFO - [2023-06-18T15:17:46.817+0530] {dag.py:2726} INFO - Sync 1 DAGs
[2023-06-18T15:17:46.837+0530] {logging_mixin.py:149} INFO - [2023-06-18T15:17:46.836+0530] {dag.py:3486} INFO - Setting next_dagrun for example_branch_dop_operator_v3 to 2023-06-18T09:46:00+00:00, run_after=2023-06-18T09:47:00+00:00
[2023-06-18T15:17:46.859+0530] {processor.py:179} INFO - Processing /home/shubham/.local/lib/python3.10/site-packages/airflow/example_dags/example_branch_python_dop_operator_3.py took 0.072 seconds
[2023-06-18T15:18:28.520+0530] {processor.py:157} INFO - Started process (PID=6005) to work on /home/shubham/.local/lib/python3.10/site-packages/airflow/example_dags/example_branch_python_dop_operator_3.py
[2023-06-18T15:18:28.522+0530] {processor.py:826} INFO - Processing file /home/shubham/.local/lib/python3.10/site-packages/airflow/example_dags/example_branch_python_dop_operator_3.py for tasks to queue
[2023-06-18T15:18:28.523+0530] {logging_mixin.py:149} INFO - [2023-06-18T15:18:28.523+0530] {dagbag.py:541} INFO - Filling up the DagBag from /home/shubham/.local/lib/python3.10/site-packages/airflow/example_dags/example_branch_python_dop_operator_3.py
[2023-06-18T15:18:28.531+0530] {processor.py:836} INFO - DAG(s) dict_keys(['example_branch_dop_operator_v3']) retrieved from /home/shubham/.local/lib/python3.10/site-packages/airflow/example_dags/example_branch_python_dop_operator_3.py
[2023-06-18T15:18:28.551+0530] {logging_mixin.py:149} INFO - [2023-06-18T15:18:28.551+0530] {dag.py:2726} INFO - Sync 1 DAGs
[2023-06-18T15:18:28.572+0530] {logging_mixin.py:149} INFO - [2023-06-18T15:18:28.572+0530] {dag.py:3486} INFO - Setting next_dagrun for example_branch_dop_operator_v3 to 2023-06-18T09:47:00+00:00, run_after=2023-06-18T09:48:00+00:00
[2023-06-18T15:18:28.598+0530] {processor.py:179} INFO - Processing /home/shubham/.local/lib/python3.10/site-packages/airflow/example_dags/example_branch_python_dop_operator_3.py took 0.081 seconds
[2023-06-18T15:19:14.940+0530] {processor.py:157} INFO - Started process (PID=6053) to work on /home/shubham/.local/lib/python3.10/site-packages/airflow/example_dags/example_branch_python_dop_operator_3.py
[2023-06-18T15:19:14.942+0530] {processor.py:826} INFO - Processing file /home/shubham/.local/lib/python3.10/site-packages/airflow/example_dags/example_branch_python_dop_operator_3.py for tasks to queue
[2023-06-18T15:19:14.943+0530] {logging_mixin.py:149} INFO - [2023-06-18T15:19:14.943+0530] {dagbag.py:541} INFO - Filling up the DagBag from /home/shubham/.local/lib/python3.10/site-packages/airflow/example_dags/example_branch_python_dop_operator_3.py
[2023-06-18T15:19:14.951+0530] {processor.py:836} INFO - DAG(s) dict_keys(['example_branch_dop_operator_v3']) retrieved from /home/shubham/.local/lib/python3.10/site-packages/airflow/example_dags/example_branch_python_dop_operator_3.py
[2023-06-18T15:19:14.969+0530] {logging_mixin.py:149} INFO - [2023-06-18T15:19:14.968+0530] {dag.py:2726} INFO - Sync 1 DAGs
[2023-06-18T15:19:14.988+0530] {logging_mixin.py:149} INFO - [2023-06-18T15:19:14.988+0530] {dag.py:3486} INFO - Setting next_dagrun for example_branch_dop_operator_v3 to 2023-06-18T09:48:00+00:00, run_after=2023-06-18T09:49:00+00:00
[2023-06-18T15:19:15.011+0530] {processor.py:179} INFO - Processing /home/shubham/.local/lib/python3.10/site-packages/airflow/example_dags/example_branch_python_dop_operator_3.py took 0.074 seconds
[2023-06-18T15:19:59.519+0530] {processor.py:157} INFO - Started process (PID=6099) to work on /home/shubham/.local/lib/python3.10/site-packages/airflow/example_dags/example_branch_python_dop_operator_3.py
[2023-06-18T15:19:59.521+0530] {processor.py:826} INFO - Processing file /home/shubham/.local/lib/python3.10/site-packages/airflow/example_dags/example_branch_python_dop_operator_3.py for tasks to queue
[2023-06-18T15:19:59.522+0530] {logging_mixin.py:149} INFO - [2023-06-18T15:19:59.521+0530] {dagbag.py:541} INFO - Filling up the DagBag from /home/shubham/.local/lib/python3.10/site-packages/airflow/example_dags/example_branch_python_dop_operator_3.py
[2023-06-18T15:19:59.529+0530] {processor.py:836} INFO - DAG(s) dict_keys(['example_branch_dop_operator_v3']) retrieved from /home/shubham/.local/lib/python3.10/site-packages/airflow/example_dags/example_branch_python_dop_operator_3.py
[2023-06-18T15:19:59.549+0530] {logging_mixin.py:149} INFO - [2023-06-18T15:19:59.549+0530] {dag.py:2726} INFO - Sync 1 DAGs
[2023-06-18T15:19:59.570+0530] {logging_mixin.py:149} INFO - [2023-06-18T15:19:59.570+0530] {dag.py:3486} INFO - Setting next_dagrun for example_branch_dop_operator_v3 to 2023-06-18T09:48:00+00:00, run_after=2023-06-18T09:49:00+00:00
[2023-06-18T15:19:59.599+0530] {processor.py:179} INFO - Processing /home/shubham/.local/lib/python3.10/site-packages/airflow/example_dags/example_branch_python_dop_operator_3.py took 0.084 seconds
[2023-06-18T15:20:46.419+0530] {processor.py:157} INFO - Started process (PID=6145) to work on /home/shubham/.local/lib/python3.10/site-packages/airflow/example_dags/example_branch_python_dop_operator_3.py
[2023-06-18T15:20:46.421+0530] {processor.py:826} INFO - Processing file /home/shubham/.local/lib/python3.10/site-packages/airflow/example_dags/example_branch_python_dop_operator_3.py for tasks to queue
[2023-06-18T15:20:46.422+0530] {logging_mixin.py:149} INFO - [2023-06-18T15:20:46.421+0530] {dagbag.py:541} INFO - Filling up the DagBag from /home/shubham/.local/lib/python3.10/site-packages/airflow/example_dags/example_branch_python_dop_operator_3.py
[2023-06-18T15:20:46.432+0530] {processor.py:836} INFO - DAG(s) dict_keys(['example_branch_dop_operator_v3']) retrieved from /home/shubham/.local/lib/python3.10/site-packages/airflow/example_dags/example_branch_python_dop_operator_3.py
[2023-06-18T15:20:46.461+0530] {logging_mixin.py:149} INFO - [2023-06-18T15:20:46.461+0530] {dag.py:2726} INFO - Sync 1 DAGs
[2023-06-18T15:20:46.497+0530] {logging_mixin.py:149} INFO - [2023-06-18T15:20:46.497+0530] {dag.py:3486} INFO - Setting next_dagrun for example_branch_dop_operator_v3 to 2023-06-18T09:49:00+00:00, run_after=2023-06-18T09:50:00+00:00
[2023-06-18T15:20:46.529+0530] {processor.py:179} INFO - Processing /home/shubham/.local/lib/python3.10/site-packages/airflow/example_dags/example_branch_python_dop_operator_3.py took 0.115 seconds
[2023-06-18T15:47:21.602+0530] {processor.py:157} INFO - Started process (PID=6356) to work on /home/shubham/.local/lib/python3.10/site-packages/airflow/example_dags/example_branch_python_dop_operator_3.py
[2023-06-18T15:47:21.604+0530] {processor.py:826} INFO - Processing file /home/shubham/.local/lib/python3.10/site-packages/airflow/example_dags/example_branch_python_dop_operator_3.py for tasks to queue
[2023-06-18T15:47:21.604+0530] {logging_mixin.py:149} INFO - [2023-06-18T15:47:21.604+0530] {dagbag.py:541} INFO - Filling up the DagBag from /home/shubham/.local/lib/python3.10/site-packages/airflow/example_dags/example_branch_python_dop_operator_3.py
[2023-06-18T15:47:21.614+0530] {processor.py:836} INFO - DAG(s) dict_keys(['example_branch_dop_operator_v3']) retrieved from /home/shubham/.local/lib/python3.10/site-packages/airflow/example_dags/example_branch_python_dop_operator_3.py
[2023-06-18T15:47:21.636+0530] {logging_mixin.py:149} INFO - [2023-06-18T15:47:21.636+0530] {dag.py:2726} INFO - Sync 1 DAGs
[2023-06-18T15:47:21.653+0530] {logging_mixin.py:149} INFO - [2023-06-18T15:47:21.653+0530] {dag.py:3486} INFO - Setting next_dagrun for example_branch_dop_operator_v3 to 2023-06-18T10:16:00+00:00, run_after=2023-06-18T10:17:00+00:00
[2023-06-18T15:47:21.674+0530] {processor.py:179} INFO - Processing /home/shubham/.local/lib/python3.10/site-packages/airflow/example_dags/example_branch_python_dop_operator_3.py took 0.076 seconds
[2023-06-18T15:48:08.359+0530] {processor.py:157} INFO - Started process (PID=6413) to work on /home/shubham/.local/lib/python3.10/site-packages/airflow/example_dags/example_branch_python_dop_operator_3.py
[2023-06-18T15:48:08.361+0530] {processor.py:826} INFO - Processing file /home/shubham/.local/lib/python3.10/site-packages/airflow/example_dags/example_branch_python_dop_operator_3.py for tasks to queue
[2023-06-18T15:48:08.361+0530] {logging_mixin.py:149} INFO - [2023-06-18T15:48:08.361+0530] {dagbag.py:541} INFO - Filling up the DagBag from /home/shubham/.local/lib/python3.10/site-packages/airflow/example_dags/example_branch_python_dop_operator_3.py
[2023-06-18T15:48:08.368+0530] {processor.py:836} INFO - DAG(s) dict_keys(['example_branch_dop_operator_v3']) retrieved from /home/shubham/.local/lib/python3.10/site-packages/airflow/example_dags/example_branch_python_dop_operator_3.py
[2023-06-18T15:48:08.384+0530] {logging_mixin.py:149} INFO - [2023-06-18T15:48:08.384+0530] {dag.py:2726} INFO - Sync 1 DAGs
[2023-06-18T15:48:08.401+0530] {logging_mixin.py:149} INFO - [2023-06-18T15:48:08.401+0530] {dag.py:3486} INFO - Setting next_dagrun for example_branch_dop_operator_v3 to 2023-06-18T10:17:00+00:00, run_after=2023-06-18T10:18:00+00:00
[2023-06-18T15:48:08.429+0530] {processor.py:179} INFO - Processing /home/shubham/.local/lib/python3.10/site-packages/airflow/example_dags/example_branch_python_dop_operator_3.py took 0.073 seconds
