[2023-06-18T13:45:24.187+0530] {processor.py:157} INFO - Started process (PID=146) to work on /home/shubham/.local/lib/python3.10/site-packages/airflow/example_dags/example_latest_only_with_trigger.py
[2023-06-18T13:45:24.188+0530] {processor.py:826} INFO - Processing file /home/shubham/.local/lib/python3.10/site-packages/airflow/example_dags/example_latest_only_with_trigger.py for tasks to queue
[2023-06-18T13:45:24.188+0530] {logging_mixin.py:149} INFO - [2023-06-18T13:45:24.188+0530] {dagbag.py:541} INFO - Filling up the DagBag from /home/shubham/.local/lib/python3.10/site-packages/airflow/example_dags/example_latest_only_with_trigger.py
[2023-06-18T13:45:24.194+0530] {processor.py:836} INFO - DAG(s) dict_keys(['latest_only_with_trigger']) retrieved from /home/shubham/.local/lib/python3.10/site-packages/airflow/example_dags/example_latest_only_with_trigger.py
[2023-06-18T13:45:24.207+0530] {logging_mixin.py:149} INFO - [2023-06-18T13:45:24.207+0530] {dag.py:2726} INFO - Sync 1 DAGs
[2023-06-18T13:45:24.220+0530] {logging_mixin.py:149} INFO - [2023-06-18T13:45:24.220+0530] {dag.py:3486} INFO - Setting next_dagrun for latest_only_with_trigger to 2023-06-18T04:15:24.220110+00:00, run_after=2023-06-18T08:15:24.220110+00:00
[2023-06-18T13:45:24.237+0530] {processor.py:179} INFO - Processing /home/shubham/.local/lib/python3.10/site-packages/airflow/example_dags/example_latest_only_with_trigger.py took 0.052 seconds
[2023-06-18T13:46:06.408+0530] {processor.py:157} INFO - Started process (PID=192) to work on /home/shubham/.local/lib/python3.10/site-packages/airflow/example_dags/example_latest_only_with_trigger.py
[2023-06-18T13:46:06.409+0530] {processor.py:826} INFO - Processing file /home/shubham/.local/lib/python3.10/site-packages/airflow/example_dags/example_latest_only_with_trigger.py for tasks to queue
[2023-06-18T13:46:06.410+0530] {logging_mixin.py:149} INFO - [2023-06-18T13:46:06.410+0530] {dagbag.py:541} INFO - Filling up the DagBag from /home/shubham/.local/lib/python3.10/site-packages/airflow/example_dags/example_latest_only_with_trigger.py
[2023-06-18T13:46:06.414+0530] {processor.py:836} INFO - DAG(s) dict_keys(['latest_only_with_trigger']) retrieved from /home/shubham/.local/lib/python3.10/site-packages/airflow/example_dags/example_latest_only_with_trigger.py
[2023-06-18T13:46:06.429+0530] {logging_mixin.py:149} INFO - [2023-06-18T13:46:06.429+0530] {dag.py:2726} INFO - Sync 1 DAGs
[2023-06-18T13:46:06.441+0530] {logging_mixin.py:149} INFO - [2023-06-18T13:46:06.441+0530] {dag.py:3486} INFO - Setting next_dagrun for latest_only_with_trigger to 2023-06-18T04:16:06.441127+00:00, run_after=2023-06-18T08:16:06.441127+00:00
[2023-06-18T13:46:06.457+0530] {processor.py:179} INFO - Processing /home/shubham/.local/lib/python3.10/site-packages/airflow/example_dags/example_latest_only_with_trigger.py took 0.052 seconds
[2023-06-18T13:46:53.109+0530] {processor.py:157} INFO - Started process (PID=240) to work on /home/shubham/.local/lib/python3.10/site-packages/airflow/example_dags/example_latest_only_with_trigger.py
[2023-06-18T13:46:53.111+0530] {processor.py:826} INFO - Processing file /home/shubham/.local/lib/python3.10/site-packages/airflow/example_dags/example_latest_only_with_trigger.py for tasks to queue
[2023-06-18T13:46:53.111+0530] {logging_mixin.py:149} INFO - [2023-06-18T13:46:53.111+0530] {dagbag.py:541} INFO - Filling up the DagBag from /home/shubham/.local/lib/python3.10/site-packages/airflow/example_dags/example_latest_only_with_trigger.py
[2023-06-18T13:46:53.118+0530] {processor.py:836} INFO - DAG(s) dict_keys(['latest_only_with_trigger']) retrieved from /home/shubham/.local/lib/python3.10/site-packages/airflow/example_dags/example_latest_only_with_trigger.py
[2023-06-18T13:46:53.137+0530] {logging_mixin.py:149} INFO - [2023-06-18T13:46:53.137+0530] {dag.py:2726} INFO - Sync 1 DAGs
[2023-06-18T13:46:53.156+0530] {logging_mixin.py:149} INFO - [2023-06-18T13:46:53.155+0530] {dag.py:3486} INFO - Setting next_dagrun for latest_only_with_trigger to 2023-06-18T04:16:53.155661+00:00, run_after=2023-06-18T08:16:53.155661+00:00
[2023-06-18T13:46:53.175+0530] {processor.py:179} INFO - Processing /home/shubham/.local/lib/python3.10/site-packages/airflow/example_dags/example_latest_only_with_trigger.py took 0.069 seconds
[2023-06-18T13:47:41.118+0530] {processor.py:157} INFO - Started process (PID=288) to work on /home/shubham/.local/lib/python3.10/site-packages/airflow/example_dags/example_latest_only_with_trigger.py
[2023-06-18T13:47:41.119+0530] {processor.py:826} INFO - Processing file /home/shubham/.local/lib/python3.10/site-packages/airflow/example_dags/example_latest_only_with_trigger.py for tasks to queue
[2023-06-18T13:47:41.120+0530] {logging_mixin.py:149} INFO - [2023-06-18T13:47:41.120+0530] {dagbag.py:541} INFO - Filling up the DagBag from /home/shubham/.local/lib/python3.10/site-packages/airflow/example_dags/example_latest_only_with_trigger.py
[2023-06-18T13:47:41.125+0530] {processor.py:836} INFO - DAG(s) dict_keys(['latest_only_with_trigger']) retrieved from /home/shubham/.local/lib/python3.10/site-packages/airflow/example_dags/example_latest_only_with_trigger.py
[2023-06-18T13:47:41.142+0530] {logging_mixin.py:149} INFO - [2023-06-18T13:47:41.142+0530] {dag.py:2726} INFO - Sync 1 DAGs
[2023-06-18T13:47:41.158+0530] {logging_mixin.py:149} INFO - [2023-06-18T13:47:41.158+0530] {dag.py:3486} INFO - Setting next_dagrun for latest_only_with_trigger to 2023-06-18T04:17:41.157969+00:00, run_after=2023-06-18T08:17:41.157969+00:00
[2023-06-18T13:47:41.181+0530] {processor.py:179} INFO - Processing /home/shubham/.local/lib/python3.10/site-packages/airflow/example_dags/example_latest_only_with_trigger.py took 0.066 seconds
[2023-06-18T13:52:27.351+0530] {processor.py:157} INFO - Started process (PID=475) to work on /home/shubham/.local/lib/python3.10/site-packages/airflow/example_dags/example_latest_only_with_trigger.py
[2023-06-18T13:52:27.356+0530] {processor.py:826} INFO - Processing file /home/shubham/.local/lib/python3.10/site-packages/airflow/example_dags/example_latest_only_with_trigger.py for tasks to queue
[2023-06-18T13:52:27.360+0530] {logging_mixin.py:149} INFO - [2023-06-18T13:52:27.359+0530] {dagbag.py:541} INFO - Filling up the DagBag from /home/shubham/.local/lib/python3.10/site-packages/airflow/example_dags/example_latest_only_with_trigger.py
[2023-06-18T13:52:27.374+0530] {processor.py:836} INFO - DAG(s) dict_keys(['latest_only_with_trigger']) retrieved from /home/shubham/.local/lib/python3.10/site-packages/airflow/example_dags/example_latest_only_with_trigger.py
[2023-06-18T13:52:27.410+0530] {logging_mixin.py:149} INFO - [2023-06-18T13:52:27.409+0530] {dag.py:2726} INFO - Sync 1 DAGs
[2023-06-18T13:52:27.451+0530] {logging_mixin.py:149} INFO - [2023-06-18T13:52:27.451+0530] {dag.py:3486} INFO - Setting next_dagrun for latest_only_with_trigger to 2023-06-18T04:22:27.450850+00:00, run_after=2023-06-18T08:22:27.450850+00:00
[2023-06-18T13:52:27.579+0530] {processor.py:179} INFO - Processing /home/shubham/.local/lib/python3.10/site-packages/airflow/example_dags/example_latest_only_with_trigger.py took 0.232 seconds
[2023-06-18T13:53:10.961+0530] {processor.py:157} INFO - Started process (PID=521) to work on /home/shubham/.local/lib/python3.10/site-packages/airflow/example_dags/example_latest_only_with_trigger.py
[2023-06-18T13:53:10.963+0530] {processor.py:826} INFO - Processing file /home/shubham/.local/lib/python3.10/site-packages/airflow/example_dags/example_latest_only_with_trigger.py for tasks to queue
[2023-06-18T13:53:10.963+0530] {logging_mixin.py:149} INFO - [2023-06-18T13:53:10.963+0530] {dagbag.py:541} INFO - Filling up the DagBag from /home/shubham/.local/lib/python3.10/site-packages/airflow/example_dags/example_latest_only_with_trigger.py
[2023-06-18T13:53:10.972+0530] {processor.py:836} INFO - DAG(s) dict_keys(['latest_only_with_trigger']) retrieved from /home/shubham/.local/lib/python3.10/site-packages/airflow/example_dags/example_latest_only_with_trigger.py
[2023-06-18T13:53:10.996+0530] {logging_mixin.py:149} INFO - [2023-06-18T13:53:10.996+0530] {dag.py:2726} INFO - Sync 1 DAGs
[2023-06-18T13:53:11.017+0530] {logging_mixin.py:149} INFO - [2023-06-18T13:53:11.017+0530] {dag.py:3486} INFO - Setting next_dagrun for latest_only_with_trigger to 2023-06-18T04:23:11.017421+00:00, run_after=2023-06-18T08:23:11.017421+00:00
[2023-06-18T13:53:11.044+0530] {processor.py:179} INFO - Processing /home/shubham/.local/lib/python3.10/site-packages/airflow/example_dags/example_latest_only_with_trigger.py took 0.087 seconds
[2023-06-18T14:40:01.273+0530] {processor.py:157} INFO - Started process (PID=3241) to work on /home/shubham/.local/lib/python3.10/site-packages/airflow/example_dags/example_latest_only_with_trigger.py
[2023-06-18T14:40:01.274+0530] {processor.py:826} INFO - Processing file /home/shubham/.local/lib/python3.10/site-packages/airflow/example_dags/example_latest_only_with_trigger.py for tasks to queue
[2023-06-18T14:40:01.275+0530] {logging_mixin.py:149} INFO - [2023-06-18T14:40:01.274+0530] {dagbag.py:541} INFO - Filling up the DagBag from /home/shubham/.local/lib/python3.10/site-packages/airflow/example_dags/example_latest_only_with_trigger.py
[2023-06-18T14:40:01.281+0530] {processor.py:836} INFO - DAG(s) dict_keys(['latest_only_with_trigger']) retrieved from /home/shubham/.local/lib/python3.10/site-packages/airflow/example_dags/example_latest_only_with_trigger.py
[2023-06-18T14:40:01.296+0530] {logging_mixin.py:149} INFO - [2023-06-18T14:40:01.296+0530] {dag.py:2726} INFO - Sync 1 DAGs
[2023-06-18T14:40:01.310+0530] {logging_mixin.py:149} INFO - [2023-06-18T14:40:01.310+0530] {dag.py:3486} INFO - Setting next_dagrun for latest_only_with_trigger to 2023-06-18T05:10:01.310434+00:00, run_after=2023-06-18T09:10:01.310434+00:00
[2023-06-18T14:40:01.326+0530] {processor.py:179} INFO - Processing /home/shubham/.local/lib/python3.10/site-packages/airflow/example_dags/example_latest_only_with_trigger.py took 0.056 seconds
[2023-06-18T14:40:48.843+0530] {processor.py:157} INFO - Started process (PID=3295) to work on /home/shubham/.local/lib/python3.10/site-packages/airflow/example_dags/example_latest_only_with_trigger.py
[2023-06-18T14:40:48.844+0530] {processor.py:826} INFO - Processing file /home/shubham/.local/lib/python3.10/site-packages/airflow/example_dags/example_latest_only_with_trigger.py for tasks to queue
[2023-06-18T14:40:48.844+0530] {logging_mixin.py:149} INFO - [2023-06-18T14:40:48.844+0530] {dagbag.py:541} INFO - Filling up the DagBag from /home/shubham/.local/lib/python3.10/site-packages/airflow/example_dags/example_latest_only_with_trigger.py
[2023-06-18T14:40:48.849+0530] {processor.py:836} INFO - DAG(s) dict_keys(['latest_only_with_trigger']) retrieved from /home/shubham/.local/lib/python3.10/site-packages/airflow/example_dags/example_latest_only_with_trigger.py
[2023-06-18T14:40:48.873+0530] {logging_mixin.py:149} INFO - [2023-06-18T14:40:48.872+0530] {dag.py:2726} INFO - Sync 1 DAGs
[2023-06-18T14:40:48.891+0530] {logging_mixin.py:149} INFO - [2023-06-18T14:40:48.891+0530] {dag.py:3486} INFO - Setting next_dagrun for latest_only_with_trigger to 2023-06-18T05:10:48.891332+00:00, run_after=2023-06-18T09:10:48.891332+00:00
[2023-06-18T14:40:48.912+0530] {processor.py:179} INFO - Processing /home/shubham/.local/lib/python3.10/site-packages/airflow/example_dags/example_latest_only_with_trigger.py took 0.072 seconds
[2023-06-18T14:41:31.741+0530] {processor.py:157} INFO - Started process (PID=3615) to work on /home/shubham/.local/lib/python3.10/site-packages/airflow/example_dags/example_latest_only_with_trigger.py
[2023-06-18T14:41:31.742+0530] {processor.py:826} INFO - Processing file /home/shubham/.local/lib/python3.10/site-packages/airflow/example_dags/example_latest_only_with_trigger.py for tasks to queue
[2023-06-18T14:41:31.743+0530] {logging_mixin.py:149} INFO - [2023-06-18T14:41:31.743+0530] {dagbag.py:541} INFO - Filling up the DagBag from /home/shubham/.local/lib/python3.10/site-packages/airflow/example_dags/example_latest_only_with_trigger.py
[2023-06-18T14:41:31.747+0530] {processor.py:836} INFO - DAG(s) dict_keys(['latest_only_with_trigger']) retrieved from /home/shubham/.local/lib/python3.10/site-packages/airflow/example_dags/example_latest_only_with_trigger.py
[2023-06-18T14:41:31.762+0530] {logging_mixin.py:149} INFO - [2023-06-18T14:41:31.761+0530] {dag.py:2726} INFO - Sync 1 DAGs
[2023-06-18T14:41:31.774+0530] {logging_mixin.py:149} INFO - [2023-06-18T14:41:31.774+0530] {dag.py:3486} INFO - Setting next_dagrun for latest_only_with_trigger to 2023-06-18T05:11:31.773830+00:00, run_after=2023-06-18T09:11:31.773830+00:00
[2023-06-18T14:41:31.790+0530] {processor.py:179} INFO - Processing /home/shubham/.local/lib/python3.10/site-packages/airflow/example_dags/example_latest_only_with_trigger.py took 0.051 seconds
[2023-06-18T14:42:17.747+0530] {processor.py:157} INFO - Started process (PID=3703) to work on /home/shubham/.local/lib/python3.10/site-packages/airflow/example_dags/example_latest_only_with_trigger.py
[2023-06-18T14:42:17.749+0530] {processor.py:826} INFO - Processing file /home/shubham/.local/lib/python3.10/site-packages/airflow/example_dags/example_latest_only_with_trigger.py for tasks to queue
[2023-06-18T14:42:17.749+0530] {logging_mixin.py:149} INFO - [2023-06-18T14:42:17.749+0530] {dagbag.py:541} INFO - Filling up the DagBag from /home/shubham/.local/lib/python3.10/site-packages/airflow/example_dags/example_latest_only_with_trigger.py
[2023-06-18T14:42:17.754+0530] {processor.py:836} INFO - DAG(s) dict_keys(['latest_only_with_trigger']) retrieved from /home/shubham/.local/lib/python3.10/site-packages/airflow/example_dags/example_latest_only_with_trigger.py
[2023-06-18T14:42:17.769+0530] {logging_mixin.py:149} INFO - [2023-06-18T14:42:17.769+0530] {dag.py:2726} INFO - Sync 1 DAGs
[2023-06-18T14:42:17.783+0530] {logging_mixin.py:149} INFO - [2023-06-18T14:42:17.783+0530] {dag.py:3486} INFO - Setting next_dagrun for latest_only_with_trigger to 2023-06-18T05:12:17.782892+00:00, run_after=2023-06-18T09:12:17.782892+00:00
[2023-06-18T14:42:17.800+0530] {processor.py:179} INFO - Processing /home/shubham/.local/lib/python3.10/site-packages/airflow/example_dags/example_latest_only_with_trigger.py took 0.056 seconds
[2023-06-18T14:43:04.404+0530] {processor.py:157} INFO - Started process (PID=3791) to work on /home/shubham/.local/lib/python3.10/site-packages/airflow/example_dags/example_latest_only_with_trigger.py
[2023-06-18T14:43:04.406+0530] {processor.py:826} INFO - Processing file /home/shubham/.local/lib/python3.10/site-packages/airflow/example_dags/example_latest_only_with_trigger.py for tasks to queue
[2023-06-18T14:43:04.406+0530] {logging_mixin.py:149} INFO - [2023-06-18T14:43:04.406+0530] {dagbag.py:541} INFO - Filling up the DagBag from /home/shubham/.local/lib/python3.10/site-packages/airflow/example_dags/example_latest_only_with_trigger.py
[2023-06-18T14:43:04.411+0530] {processor.py:836} INFO - DAG(s) dict_keys(['latest_only_with_trigger']) retrieved from /home/shubham/.local/lib/python3.10/site-packages/airflow/example_dags/example_latest_only_with_trigger.py
[2023-06-18T14:43:04.427+0530] {logging_mixin.py:149} INFO - [2023-06-18T14:43:04.427+0530] {dag.py:2726} INFO - Sync 1 DAGs
[2023-06-18T14:43:04.441+0530] {logging_mixin.py:149} INFO - [2023-06-18T14:43:04.441+0530] {dag.py:3486} INFO - Setting next_dagrun for latest_only_with_trigger to 2023-06-18T05:13:04.441245+00:00, run_after=2023-06-18T09:13:04.441245+00:00
[2023-06-18T14:43:04.459+0530] {processor.py:179} INFO - Processing /home/shubham/.local/lib/python3.10/site-packages/airflow/example_dags/example_latest_only_with_trigger.py took 0.057 seconds
[2023-06-18T14:43:54.067+0530] {processor.py:157} INFO - Started process (PID=3840) to work on /home/shubham/.local/lib/python3.10/site-packages/airflow/example_dags/example_latest_only_with_trigger.py
[2023-06-18T14:43:54.068+0530] {processor.py:826} INFO - Processing file /home/shubham/.local/lib/python3.10/site-packages/airflow/example_dags/example_latest_only_with_trigger.py for tasks to queue
[2023-06-18T14:43:54.069+0530] {logging_mixin.py:149} INFO - [2023-06-18T14:43:54.069+0530] {dagbag.py:541} INFO - Filling up the DagBag from /home/shubham/.local/lib/python3.10/site-packages/airflow/example_dags/example_latest_only_with_trigger.py
[2023-06-18T14:43:54.073+0530] {processor.py:836} INFO - DAG(s) dict_keys(['latest_only_with_trigger']) retrieved from /home/shubham/.local/lib/python3.10/site-packages/airflow/example_dags/example_latest_only_with_trigger.py
[2023-06-18T14:43:54.090+0530] {logging_mixin.py:149} INFO - [2023-06-18T14:43:54.089+0530] {dag.py:2726} INFO - Sync 1 DAGs
[2023-06-18T14:43:54.104+0530] {logging_mixin.py:149} INFO - [2023-06-18T14:43:54.104+0530] {dag.py:3486} INFO - Setting next_dagrun for latest_only_with_trigger to 2023-06-18T05:13:54.104241+00:00, run_after=2023-06-18T09:13:54.104241+00:00
[2023-06-18T14:43:54.124+0530] {processor.py:179} INFO - Processing /home/shubham/.local/lib/python3.10/site-packages/airflow/example_dags/example_latest_only_with_trigger.py took 0.059 seconds
[2023-06-18T14:44:38.522+0530] {processor.py:157} INFO - Started process (PID=3887) to work on /home/shubham/.local/lib/python3.10/site-packages/airflow/example_dags/example_latest_only_with_trigger.py
[2023-06-18T14:44:38.523+0530] {processor.py:826} INFO - Processing file /home/shubham/.local/lib/python3.10/site-packages/airflow/example_dags/example_latest_only_with_trigger.py for tasks to queue
[2023-06-18T14:44:38.523+0530] {logging_mixin.py:149} INFO - [2023-06-18T14:44:38.523+0530] {dagbag.py:541} INFO - Filling up the DagBag from /home/shubham/.local/lib/python3.10/site-packages/airflow/example_dags/example_latest_only_with_trigger.py
[2023-06-18T14:44:38.528+0530] {processor.py:836} INFO - DAG(s) dict_keys(['latest_only_with_trigger']) retrieved from /home/shubham/.local/lib/python3.10/site-packages/airflow/example_dags/example_latest_only_with_trigger.py
[2023-06-18T14:44:38.542+0530] {logging_mixin.py:149} INFO - [2023-06-18T14:44:38.542+0530] {dag.py:2726} INFO - Sync 1 DAGs
[2023-06-18T14:44:38.556+0530] {logging_mixin.py:149} INFO - [2023-06-18T14:44:38.556+0530] {dag.py:3486} INFO - Setting next_dagrun for latest_only_with_trigger to 2023-06-18T05:14:38.556171+00:00, run_after=2023-06-18T09:14:38.556171+00:00
[2023-06-18T14:44:38.572+0530] {processor.py:179} INFO - Processing /home/shubham/.local/lib/python3.10/site-packages/airflow/example_dags/example_latest_only_with_trigger.py took 0.053 seconds
[2023-06-18T14:45:22.385+0530] {processor.py:157} INFO - Started process (PID=3933) to work on /home/shubham/.local/lib/python3.10/site-packages/airflow/example_dags/example_latest_only_with_trigger.py
[2023-06-18T14:45:22.386+0530] {processor.py:826} INFO - Processing file /home/shubham/.local/lib/python3.10/site-packages/airflow/example_dags/example_latest_only_with_trigger.py for tasks to queue
[2023-06-18T14:45:22.386+0530] {logging_mixin.py:149} INFO - [2023-06-18T14:45:22.386+0530] {dagbag.py:541} INFO - Filling up the DagBag from /home/shubham/.local/lib/python3.10/site-packages/airflow/example_dags/example_latest_only_with_trigger.py
[2023-06-18T14:45:22.391+0530] {processor.py:836} INFO - DAG(s) dict_keys(['latest_only_with_trigger']) retrieved from /home/shubham/.local/lib/python3.10/site-packages/airflow/example_dags/example_latest_only_with_trigger.py
[2023-06-18T14:45:22.404+0530] {logging_mixin.py:149} INFO - [2023-06-18T14:45:22.404+0530] {dag.py:2726} INFO - Sync 1 DAGs
[2023-06-18T14:45:22.416+0530] {logging_mixin.py:149} INFO - [2023-06-18T14:45:22.416+0530] {dag.py:3486} INFO - Setting next_dagrun for latest_only_with_trigger to 2023-06-18T05:15:22.416511+00:00, run_after=2023-06-18T09:15:22.416511+00:00
[2023-06-18T14:45:22.432+0530] {processor.py:179} INFO - Processing /home/shubham/.local/lib/python3.10/site-packages/airflow/example_dags/example_latest_only_with_trigger.py took 0.049 seconds
[2023-06-18T14:46:07.773+0530] {processor.py:157} INFO - Started process (PID=3979) to work on /home/shubham/.local/lib/python3.10/site-packages/airflow/example_dags/example_latest_only_with_trigger.py
[2023-06-18T14:46:07.774+0530] {processor.py:826} INFO - Processing file /home/shubham/.local/lib/python3.10/site-packages/airflow/example_dags/example_latest_only_with_trigger.py for tasks to queue
[2023-06-18T14:46:07.774+0530] {logging_mixin.py:149} INFO - [2023-06-18T14:46:07.774+0530] {dagbag.py:541} INFO - Filling up the DagBag from /home/shubham/.local/lib/python3.10/site-packages/airflow/example_dags/example_latest_only_with_trigger.py
[2023-06-18T14:46:07.779+0530] {processor.py:836} INFO - DAG(s) dict_keys(['latest_only_with_trigger']) retrieved from /home/shubham/.local/lib/python3.10/site-packages/airflow/example_dags/example_latest_only_with_trigger.py
[2023-06-18T14:46:07.792+0530] {logging_mixin.py:149} INFO - [2023-06-18T14:46:07.792+0530] {dag.py:2726} INFO - Sync 1 DAGs
[2023-06-18T14:46:07.804+0530] {logging_mixin.py:149} INFO - [2023-06-18T14:46:07.804+0530] {dag.py:3486} INFO - Setting next_dagrun for latest_only_with_trigger to 2023-06-18T05:16:07.804380+00:00, run_after=2023-06-18T09:16:07.804380+00:00
[2023-06-18T14:46:07.821+0530] {processor.py:179} INFO - Processing /home/shubham/.local/lib/python3.10/site-packages/airflow/example_dags/example_latest_only_with_trigger.py took 0.050 seconds
[2023-06-18T14:46:53.988+0530] {processor.py:157} INFO - Started process (PID=4027) to work on /home/shubham/.local/lib/python3.10/site-packages/airflow/example_dags/example_latest_only_with_trigger.py
[2023-06-18T14:46:53.989+0530] {processor.py:826} INFO - Processing file /home/shubham/.local/lib/python3.10/site-packages/airflow/example_dags/example_latest_only_with_trigger.py for tasks to queue
[2023-06-18T14:46:53.990+0530] {logging_mixin.py:149} INFO - [2023-06-18T14:46:53.989+0530] {dagbag.py:541} INFO - Filling up the DagBag from /home/shubham/.local/lib/python3.10/site-packages/airflow/example_dags/example_latest_only_with_trigger.py
[2023-06-18T14:46:53.994+0530] {processor.py:836} INFO - DAG(s) dict_keys(['latest_only_with_trigger']) retrieved from /home/shubham/.local/lib/python3.10/site-packages/airflow/example_dags/example_latest_only_with_trigger.py
[2023-06-18T14:46:54.008+0530] {logging_mixin.py:149} INFO - [2023-06-18T14:46:54.007+0530] {dag.py:2726} INFO - Sync 1 DAGs
[2023-06-18T14:46:54.019+0530] {logging_mixin.py:149} INFO - [2023-06-18T14:46:54.019+0530] {dag.py:3486} INFO - Setting next_dagrun for latest_only_with_trigger to 2023-06-18T05:16:54.019639+00:00, run_after=2023-06-18T09:16:54.019639+00:00
[2023-06-18T14:46:54.036+0530] {processor.py:179} INFO - Processing /home/shubham/.local/lib/python3.10/site-packages/airflow/example_dags/example_latest_only_with_trigger.py took 0.051 seconds
[2023-06-18T14:47:38.646+0530] {processor.py:157} INFO - Started process (PID=4075) to work on /home/shubham/.local/lib/python3.10/site-packages/airflow/example_dags/example_latest_only_with_trigger.py
[2023-06-18T14:47:38.649+0530] {processor.py:826} INFO - Processing file /home/shubham/.local/lib/python3.10/site-packages/airflow/example_dags/example_latest_only_with_trigger.py for tasks to queue
[2023-06-18T14:47:38.650+0530] {logging_mixin.py:149} INFO - [2023-06-18T14:47:38.650+0530] {dagbag.py:541} INFO - Filling up the DagBag from /home/shubham/.local/lib/python3.10/site-packages/airflow/example_dags/example_latest_only_with_trigger.py
[2023-06-18T14:47:38.656+0530] {processor.py:836} INFO - DAG(s) dict_keys(['latest_only_with_trigger']) retrieved from /home/shubham/.local/lib/python3.10/site-packages/airflow/example_dags/example_latest_only_with_trigger.py
[2023-06-18T14:47:38.669+0530] {logging_mixin.py:149} INFO - [2023-06-18T14:47:38.669+0530] {dag.py:2726} INFO - Sync 1 DAGs
[2023-06-18T14:47:38.681+0530] {logging_mixin.py:149} INFO - [2023-06-18T14:47:38.681+0530] {dag.py:3486} INFO - Setting next_dagrun for latest_only_with_trigger to 2023-06-18T05:17:38.681267+00:00, run_after=2023-06-18T09:17:38.681267+00:00
[2023-06-18T14:47:38.697+0530] {processor.py:179} INFO - Processing /home/shubham/.local/lib/python3.10/site-packages/airflow/example_dags/example_latest_only_with_trigger.py took 0.054 seconds
[2023-06-18T14:48:22.171+0530] {processor.py:157} INFO - Started process (PID=4119) to work on /home/shubham/.local/lib/python3.10/site-packages/airflow/example_dags/example_latest_only_with_trigger.py
[2023-06-18T14:48:22.173+0530] {processor.py:826} INFO - Processing file /home/shubham/.local/lib/python3.10/site-packages/airflow/example_dags/example_latest_only_with_trigger.py for tasks to queue
[2023-06-18T14:48:22.173+0530] {logging_mixin.py:149} INFO - [2023-06-18T14:48:22.173+0530] {dagbag.py:541} INFO - Filling up the DagBag from /home/shubham/.local/lib/python3.10/site-packages/airflow/example_dags/example_latest_only_with_trigger.py
[2023-06-18T14:48:22.178+0530] {processor.py:836} INFO - DAG(s) dict_keys(['latest_only_with_trigger']) retrieved from /home/shubham/.local/lib/python3.10/site-packages/airflow/example_dags/example_latest_only_with_trigger.py
[2023-06-18T14:48:22.192+0530] {logging_mixin.py:149} INFO - [2023-06-18T14:48:22.192+0530] {dag.py:2726} INFO - Sync 1 DAGs
[2023-06-18T14:48:22.205+0530] {logging_mixin.py:149} INFO - [2023-06-18T14:48:22.205+0530] {dag.py:3486} INFO - Setting next_dagrun for latest_only_with_trigger to 2023-06-18T05:18:22.204899+00:00, run_after=2023-06-18T09:18:22.204899+00:00
[2023-06-18T14:48:22.221+0530] {processor.py:179} INFO - Processing /home/shubham/.local/lib/python3.10/site-packages/airflow/example_dags/example_latest_only_with_trigger.py took 0.052 seconds
[2023-06-18T14:49:05.639+0530] {processor.py:157} INFO - Started process (PID=4165) to work on /home/shubham/.local/lib/python3.10/site-packages/airflow/example_dags/example_latest_only_with_trigger.py
[2023-06-18T14:49:05.642+0530] {processor.py:826} INFO - Processing file /home/shubham/.local/lib/python3.10/site-packages/airflow/example_dags/example_latest_only_with_trigger.py for tasks to queue
[2023-06-18T14:49:05.642+0530] {logging_mixin.py:149} INFO - [2023-06-18T14:49:05.642+0530] {dagbag.py:541} INFO - Filling up the DagBag from /home/shubham/.local/lib/python3.10/site-packages/airflow/example_dags/example_latest_only_with_trigger.py
[2023-06-18T14:49:05.649+0530] {processor.py:836} INFO - DAG(s) dict_keys(['latest_only_with_trigger']) retrieved from /home/shubham/.local/lib/python3.10/site-packages/airflow/example_dags/example_latest_only_with_trigger.py
[2023-06-18T14:49:05.665+0530] {logging_mixin.py:149} INFO - [2023-06-18T14:49:05.665+0530] {dag.py:2726} INFO - Sync 1 DAGs
[2023-06-18T14:49:05.678+0530] {logging_mixin.py:149} INFO - [2023-06-18T14:49:05.678+0530] {dag.py:3486} INFO - Setting next_dagrun for latest_only_with_trigger to 2023-06-18T05:19:05.677936+00:00, run_after=2023-06-18T09:19:05.677936+00:00
[2023-06-18T14:49:05.695+0530] {processor.py:179} INFO - Processing /home/shubham/.local/lib/python3.10/site-packages/airflow/example_dags/example_latest_only_with_trigger.py took 0.058 seconds
[2023-06-18T14:49:48.409+0530] {processor.py:157} INFO - Started process (PID=4210) to work on /home/shubham/.local/lib/python3.10/site-packages/airflow/example_dags/example_latest_only_with_trigger.py
[2023-06-18T14:49:48.410+0530] {processor.py:826} INFO - Processing file /home/shubham/.local/lib/python3.10/site-packages/airflow/example_dags/example_latest_only_with_trigger.py for tasks to queue
[2023-06-18T14:49:48.411+0530] {logging_mixin.py:149} INFO - [2023-06-18T14:49:48.411+0530] {dagbag.py:541} INFO - Filling up the DagBag from /home/shubham/.local/lib/python3.10/site-packages/airflow/example_dags/example_latest_only_with_trigger.py
[2023-06-18T14:49:48.415+0530] {processor.py:836} INFO - DAG(s) dict_keys(['latest_only_with_trigger']) retrieved from /home/shubham/.local/lib/python3.10/site-packages/airflow/example_dags/example_latest_only_with_trigger.py
[2023-06-18T14:49:48.429+0530] {logging_mixin.py:149} INFO - [2023-06-18T14:49:48.428+0530] {dag.py:2726} INFO - Sync 1 DAGs
[2023-06-18T14:49:48.441+0530] {logging_mixin.py:149} INFO - [2023-06-18T14:49:48.440+0530] {dag.py:3486} INFO - Setting next_dagrun for latest_only_with_trigger to 2023-06-18T05:19:48.440758+00:00, run_after=2023-06-18T09:19:48.440758+00:00
[2023-06-18T14:49:48.457+0530] {processor.py:179} INFO - Processing /home/shubham/.local/lib/python3.10/site-packages/airflow/example_dags/example_latest_only_with_trigger.py took 0.051 seconds
[2023-06-18T14:50:31.217+0530] {processor.py:157} INFO - Started process (PID=4255) to work on /home/shubham/.local/lib/python3.10/site-packages/airflow/example_dags/example_latest_only_with_trigger.py
[2023-06-18T14:50:31.218+0530] {processor.py:826} INFO - Processing file /home/shubham/.local/lib/python3.10/site-packages/airflow/example_dags/example_latest_only_with_trigger.py for tasks to queue
[2023-06-18T14:50:31.218+0530] {logging_mixin.py:149} INFO - [2023-06-18T14:50:31.218+0530] {dagbag.py:541} INFO - Filling up the DagBag from /home/shubham/.local/lib/python3.10/site-packages/airflow/example_dags/example_latest_only_with_trigger.py
[2023-06-18T14:50:31.223+0530] {processor.py:836} INFO - DAG(s) dict_keys(['latest_only_with_trigger']) retrieved from /home/shubham/.local/lib/python3.10/site-packages/airflow/example_dags/example_latest_only_with_trigger.py
[2023-06-18T14:50:31.236+0530] {logging_mixin.py:149} INFO - [2023-06-18T14:50:31.236+0530] {dag.py:2726} INFO - Sync 1 DAGs
[2023-06-18T14:50:31.249+0530] {logging_mixin.py:149} INFO - [2023-06-18T14:50:31.249+0530] {dag.py:3486} INFO - Setting next_dagrun for latest_only_with_trigger to 2023-06-18T05:20:31.249125+00:00, run_after=2023-06-18T09:20:31.249125+00:00
[2023-06-18T14:50:31.265+0530] {processor.py:179} INFO - Processing /home/shubham/.local/lib/python3.10/site-packages/airflow/example_dags/example_latest_only_with_trigger.py took 0.051 seconds
[2023-06-18T14:51:25.538+0530] {processor.py:157} INFO - Started process (PID=4313) to work on /home/shubham/.local/lib/python3.10/site-packages/airflow/example_dags/example_latest_only_with_trigger.py
[2023-06-18T14:51:25.539+0530] {processor.py:826} INFO - Processing file /home/shubham/.local/lib/python3.10/site-packages/airflow/example_dags/example_latest_only_with_trigger.py for tasks to queue
[2023-06-18T14:51:25.540+0530] {logging_mixin.py:149} INFO - [2023-06-18T14:51:25.540+0530] {dagbag.py:541} INFO - Filling up the DagBag from /home/shubham/.local/lib/python3.10/site-packages/airflow/example_dags/example_latest_only_with_trigger.py
[2023-06-18T14:51:25.544+0530] {processor.py:836} INFO - DAG(s) dict_keys(['latest_only_with_trigger']) retrieved from /home/shubham/.local/lib/python3.10/site-packages/airflow/example_dags/example_latest_only_with_trigger.py
[2023-06-18T14:51:25.557+0530] {logging_mixin.py:149} INFO - [2023-06-18T14:51:25.557+0530] {dag.py:2726} INFO - Sync 1 DAGs
[2023-06-18T14:51:25.569+0530] {logging_mixin.py:149} INFO - [2023-06-18T14:51:25.569+0530] {dag.py:3486} INFO - Setting next_dagrun for latest_only_with_trigger to 2023-06-18T05:21:25.569420+00:00, run_after=2023-06-18T09:21:25.569420+00:00
[2023-06-18T14:51:25.586+0530] {processor.py:179} INFO - Processing /home/shubham/.local/lib/python3.10/site-packages/airflow/example_dags/example_latest_only_with_trigger.py took 0.051 seconds
[2023-06-18T14:52:11.025+0530] {processor.py:157} INFO - Started process (PID=4360) to work on /home/shubham/.local/lib/python3.10/site-packages/airflow/example_dags/example_latest_only_with_trigger.py
[2023-06-18T14:52:11.027+0530] {processor.py:826} INFO - Processing file /home/shubham/.local/lib/python3.10/site-packages/airflow/example_dags/example_latest_only_with_trigger.py for tasks to queue
[2023-06-18T14:52:11.027+0530] {logging_mixin.py:149} INFO - [2023-06-18T14:52:11.027+0530] {dagbag.py:541} INFO - Filling up the DagBag from /home/shubham/.local/lib/python3.10/site-packages/airflow/example_dags/example_latest_only_with_trigger.py
[2023-06-18T14:52:11.032+0530] {processor.py:836} INFO - DAG(s) dict_keys(['latest_only_with_trigger']) retrieved from /home/shubham/.local/lib/python3.10/site-packages/airflow/example_dags/example_latest_only_with_trigger.py
[2023-06-18T14:52:11.045+0530] {logging_mixin.py:149} INFO - [2023-06-18T14:52:11.045+0530] {dag.py:2726} INFO - Sync 1 DAGs
[2023-06-18T14:52:11.057+0530] {logging_mixin.py:149} INFO - [2023-06-18T14:52:11.057+0530] {dag.py:3486} INFO - Setting next_dagrun for latest_only_with_trigger to 2023-06-18T05:22:11.056946+00:00, run_after=2023-06-18T09:22:11.056946+00:00
[2023-06-18T14:52:11.073+0530] {processor.py:179} INFO - Processing /home/shubham/.local/lib/python3.10/site-packages/airflow/example_dags/example_latest_only_with_trigger.py took 0.050 seconds
[2023-06-18T14:53:05.750+0530] {processor.py:157} INFO - Started process (PID=4417) to work on /home/shubham/.local/lib/python3.10/site-packages/airflow/example_dags/example_latest_only_with_trigger.py
[2023-06-18T14:53:05.752+0530] {processor.py:826} INFO - Processing file /home/shubham/.local/lib/python3.10/site-packages/airflow/example_dags/example_latest_only_with_trigger.py for tasks to queue
[2023-06-18T14:53:05.752+0530] {logging_mixin.py:149} INFO - [2023-06-18T14:53:05.752+0530] {dagbag.py:541} INFO - Filling up the DagBag from /home/shubham/.local/lib/python3.10/site-packages/airflow/example_dags/example_latest_only_with_trigger.py
[2023-06-18T14:53:05.756+0530] {processor.py:836} INFO - DAG(s) dict_keys(['latest_only_with_trigger']) retrieved from /home/shubham/.local/lib/python3.10/site-packages/airflow/example_dags/example_latest_only_with_trigger.py
[2023-06-18T14:53:05.770+0530] {logging_mixin.py:149} INFO - [2023-06-18T14:53:05.769+0530] {dag.py:2726} INFO - Sync 1 DAGs
[2023-06-18T14:53:05.782+0530] {logging_mixin.py:149} INFO - [2023-06-18T14:53:05.782+0530] {dag.py:3486} INFO - Setting next_dagrun for latest_only_with_trigger to 2023-06-18T05:23:05.782200+00:00, run_after=2023-06-18T09:23:05.782200+00:00
[2023-06-18T14:53:05.798+0530] {processor.py:179} INFO - Processing /home/shubham/.local/lib/python3.10/site-packages/airflow/example_dags/example_latest_only_with_trigger.py took 0.050 seconds
[2023-06-18T14:53:51.271+0530] {processor.py:157} INFO - Started process (PID=4463) to work on /home/shubham/.local/lib/python3.10/site-packages/airflow/example_dags/example_latest_only_with_trigger.py
[2023-06-18T14:53:51.272+0530] {processor.py:826} INFO - Processing file /home/shubham/.local/lib/python3.10/site-packages/airflow/example_dags/example_latest_only_with_trigger.py for tasks to queue
[2023-06-18T14:53:51.272+0530] {logging_mixin.py:149} INFO - [2023-06-18T14:53:51.272+0530] {dagbag.py:541} INFO - Filling up the DagBag from /home/shubham/.local/lib/python3.10/site-packages/airflow/example_dags/example_latest_only_with_trigger.py
[2023-06-18T14:53:51.277+0530] {processor.py:836} INFO - DAG(s) dict_keys(['latest_only_with_trigger']) retrieved from /home/shubham/.local/lib/python3.10/site-packages/airflow/example_dags/example_latest_only_with_trigger.py
[2023-06-18T14:53:51.290+0530] {logging_mixin.py:149} INFO - [2023-06-18T14:53:51.290+0530] {dag.py:2726} INFO - Sync 1 DAGs
[2023-06-18T14:53:51.302+0530] {logging_mixin.py:149} INFO - [2023-06-18T14:53:51.302+0530] {dag.py:3486} INFO - Setting next_dagrun for latest_only_with_trigger to 2023-06-18T05:23:51.302544+00:00, run_after=2023-06-18T09:23:51.302544+00:00
[2023-06-18T14:53:51.319+0530] {processor.py:179} INFO - Processing /home/shubham/.local/lib/python3.10/site-packages/airflow/example_dags/example_latest_only_with_trigger.py took 0.051 seconds
[2023-06-18T14:54:38.093+0530] {processor.py:157} INFO - Started process (PID=4511) to work on /home/shubham/.local/lib/python3.10/site-packages/airflow/example_dags/example_latest_only_with_trigger.py
[2023-06-18T14:54:38.094+0530] {processor.py:826} INFO - Processing file /home/shubham/.local/lib/python3.10/site-packages/airflow/example_dags/example_latest_only_with_trigger.py for tasks to queue
[2023-06-18T14:54:38.095+0530] {logging_mixin.py:149} INFO - [2023-06-18T14:54:38.095+0530] {dagbag.py:541} INFO - Filling up the DagBag from /home/shubham/.local/lib/python3.10/site-packages/airflow/example_dags/example_latest_only_with_trigger.py
[2023-06-18T14:54:38.099+0530] {processor.py:836} INFO - DAG(s) dict_keys(['latest_only_with_trigger']) retrieved from /home/shubham/.local/lib/python3.10/site-packages/airflow/example_dags/example_latest_only_with_trigger.py
[2023-06-18T14:54:38.112+0530] {logging_mixin.py:149} INFO - [2023-06-18T14:54:38.112+0530] {dag.py:2726} INFO - Sync 1 DAGs
[2023-06-18T14:54:38.124+0530] {logging_mixin.py:149} INFO - [2023-06-18T14:54:38.124+0530] {dag.py:3486} INFO - Setting next_dagrun for latest_only_with_trigger to 2023-06-18T05:24:38.124630+00:00, run_after=2023-06-18T09:24:38.124630+00:00
[2023-06-18T14:54:38.141+0530] {processor.py:179} INFO - Processing /home/shubham/.local/lib/python3.10/site-packages/airflow/example_dags/example_latest_only_with_trigger.py took 0.050 seconds
[2023-06-18T14:55:20.136+0530] {processor.py:157} INFO - Started process (PID=4557) to work on /home/shubham/.local/lib/python3.10/site-packages/airflow/example_dags/example_latest_only_with_trigger.py
[2023-06-18T14:55:20.137+0530] {processor.py:826} INFO - Processing file /home/shubham/.local/lib/python3.10/site-packages/airflow/example_dags/example_latest_only_with_trigger.py for tasks to queue
[2023-06-18T14:55:20.138+0530] {logging_mixin.py:149} INFO - [2023-06-18T14:55:20.138+0530] {dagbag.py:541} INFO - Filling up the DagBag from /home/shubham/.local/lib/python3.10/site-packages/airflow/example_dags/example_latest_only_with_trigger.py
[2023-06-18T14:55:20.142+0530] {processor.py:836} INFO - DAG(s) dict_keys(['latest_only_with_trigger']) retrieved from /home/shubham/.local/lib/python3.10/site-packages/airflow/example_dags/example_latest_only_with_trigger.py
[2023-06-18T14:55:20.155+0530] {logging_mixin.py:149} INFO - [2023-06-18T14:55:20.155+0530] {dag.py:2726} INFO - Sync 1 DAGs
[2023-06-18T14:55:20.169+0530] {logging_mixin.py:149} INFO - [2023-06-18T14:55:20.168+0530] {dag.py:3486} INFO - Setting next_dagrun for latest_only_with_trigger to 2023-06-18T05:25:20.168579+00:00, run_after=2023-06-18T09:25:20.168579+00:00
[2023-06-18T14:55:20.189+0530] {processor.py:179} INFO - Processing /home/shubham/.local/lib/python3.10/site-packages/airflow/example_dags/example_latest_only_with_trigger.py took 0.055 seconds
[2023-06-18T14:56:05.554+0530] {processor.py:157} INFO - Started process (PID=4604) to work on /home/shubham/.local/lib/python3.10/site-packages/airflow/example_dags/example_latest_only_with_trigger.py
[2023-06-18T14:56:05.555+0530] {processor.py:826} INFO - Processing file /home/shubham/.local/lib/python3.10/site-packages/airflow/example_dags/example_latest_only_with_trigger.py for tasks to queue
[2023-06-18T14:56:05.556+0530] {logging_mixin.py:149} INFO - [2023-06-18T14:56:05.556+0530] {dagbag.py:541} INFO - Filling up the DagBag from /home/shubham/.local/lib/python3.10/site-packages/airflow/example_dags/example_latest_only_with_trigger.py
[2023-06-18T14:56:05.560+0530] {processor.py:836} INFO - DAG(s) dict_keys(['latest_only_with_trigger']) retrieved from /home/shubham/.local/lib/python3.10/site-packages/airflow/example_dags/example_latest_only_with_trigger.py
[2023-06-18T14:56:05.573+0530] {logging_mixin.py:149} INFO - [2023-06-18T14:56:05.573+0530] {dag.py:2726} INFO - Sync 1 DAGs
[2023-06-18T14:56:05.586+0530] {logging_mixin.py:149} INFO - [2023-06-18T14:56:05.586+0530] {dag.py:3486} INFO - Setting next_dagrun for latest_only_with_trigger to 2023-06-18T05:26:05.585975+00:00, run_after=2023-06-18T09:26:05.585975+00:00
[2023-06-18T14:56:05.602+0530] {processor.py:179} INFO - Processing /home/shubham/.local/lib/python3.10/site-packages/airflow/example_dags/example_latest_only_with_trigger.py took 0.050 seconds
[2023-06-18T14:56:51.036+0530] {processor.py:157} INFO - Started process (PID=4650) to work on /home/shubham/.local/lib/python3.10/site-packages/airflow/example_dags/example_latest_only_with_trigger.py
[2023-06-18T14:56:51.038+0530] {processor.py:826} INFO - Processing file /home/shubham/.local/lib/python3.10/site-packages/airflow/example_dags/example_latest_only_with_trigger.py for tasks to queue
[2023-06-18T14:56:51.039+0530] {logging_mixin.py:149} INFO - [2023-06-18T14:56:51.039+0530] {dagbag.py:541} INFO - Filling up the DagBag from /home/shubham/.local/lib/python3.10/site-packages/airflow/example_dags/example_latest_only_with_trigger.py
[2023-06-18T14:56:51.044+0530] {processor.py:836} INFO - DAG(s) dict_keys(['latest_only_with_trigger']) retrieved from /home/shubham/.local/lib/python3.10/site-packages/airflow/example_dags/example_latest_only_with_trigger.py
[2023-06-18T14:56:51.058+0530] {logging_mixin.py:149} INFO - [2023-06-18T14:56:51.058+0530] {dag.py:2726} INFO - Sync 1 DAGs
[2023-06-18T14:56:51.071+0530] {logging_mixin.py:149} INFO - [2023-06-18T14:56:51.071+0530] {dag.py:3486} INFO - Setting next_dagrun for latest_only_with_trigger to 2023-06-18T05:26:51.071130+00:00, run_after=2023-06-18T09:26:51.071130+00:00
[2023-06-18T14:56:51.088+0530] {processor.py:179} INFO - Processing /home/shubham/.local/lib/python3.10/site-packages/airflow/example_dags/example_latest_only_with_trigger.py took 0.055 seconds
[2023-06-18T14:57:31.839+0530] {processor.py:157} INFO - Started process (PID=4698) to work on /home/shubham/.local/lib/python3.10/site-packages/airflow/example_dags/example_latest_only_with_trigger.py
[2023-06-18T14:57:31.840+0530] {processor.py:826} INFO - Processing file /home/shubham/.local/lib/python3.10/site-packages/airflow/example_dags/example_latest_only_with_trigger.py for tasks to queue
[2023-06-18T14:57:31.841+0530] {logging_mixin.py:149} INFO - [2023-06-18T14:57:31.841+0530] {dagbag.py:541} INFO - Filling up the DagBag from /home/shubham/.local/lib/python3.10/site-packages/airflow/example_dags/example_latest_only_with_trigger.py
[2023-06-18T14:57:31.845+0530] {processor.py:836} INFO - DAG(s) dict_keys(['latest_only_with_trigger']) retrieved from /home/shubham/.local/lib/python3.10/site-packages/airflow/example_dags/example_latest_only_with_trigger.py
[2023-06-18T14:57:31.858+0530] {logging_mixin.py:149} INFO - [2023-06-18T14:57:31.858+0530] {dag.py:2726} INFO - Sync 1 DAGs
[2023-06-18T14:57:31.870+0530] {logging_mixin.py:149} INFO - [2023-06-18T14:57:31.870+0530] {dag.py:3486} INFO - Setting next_dagrun for latest_only_with_trigger to 2023-06-18T05:27:31.870303+00:00, run_after=2023-06-18T09:27:31.870303+00:00
[2023-06-18T14:57:31.886+0530] {processor.py:179} INFO - Processing /home/shubham/.local/lib/python3.10/site-packages/airflow/example_dags/example_latest_only_with_trigger.py took 0.050 seconds
[2023-06-18T14:58:16.203+0530] {processor.py:157} INFO - Started process (PID=4744) to work on /home/shubham/.local/lib/python3.10/site-packages/airflow/example_dags/example_latest_only_with_trigger.py
[2023-06-18T14:58:16.205+0530] {processor.py:826} INFO - Processing file /home/shubham/.local/lib/python3.10/site-packages/airflow/example_dags/example_latest_only_with_trigger.py for tasks to queue
[2023-06-18T14:58:16.205+0530] {logging_mixin.py:149} INFO - [2023-06-18T14:58:16.205+0530] {dagbag.py:541} INFO - Filling up the DagBag from /home/shubham/.local/lib/python3.10/site-packages/airflow/example_dags/example_latest_only_with_trigger.py
[2023-06-18T14:58:16.210+0530] {processor.py:836} INFO - DAG(s) dict_keys(['latest_only_with_trigger']) retrieved from /home/shubham/.local/lib/python3.10/site-packages/airflow/example_dags/example_latest_only_with_trigger.py
[2023-06-18T14:58:16.224+0530] {logging_mixin.py:149} INFO - [2023-06-18T14:58:16.224+0530] {dag.py:2726} INFO - Sync 1 DAGs
[2023-06-18T14:58:16.236+0530] {logging_mixin.py:149} INFO - [2023-06-18T14:58:16.236+0530] {dag.py:3486} INFO - Setting next_dagrun for latest_only_with_trigger to 2023-06-18T05:28:16.235844+00:00, run_after=2023-06-18T09:28:16.235844+00:00
[2023-06-18T14:58:16.252+0530] {processor.py:179} INFO - Processing /home/shubham/.local/lib/python3.10/site-packages/airflow/example_dags/example_latest_only_with_trigger.py took 0.052 seconds
[2023-06-18T14:58:59.326+0530] {processor.py:157} INFO - Started process (PID=4789) to work on /home/shubham/.local/lib/python3.10/site-packages/airflow/example_dags/example_latest_only_with_trigger.py
[2023-06-18T14:58:59.327+0530] {processor.py:826} INFO - Processing file /home/shubham/.local/lib/python3.10/site-packages/airflow/example_dags/example_latest_only_with_trigger.py for tasks to queue
[2023-06-18T14:58:59.328+0530] {logging_mixin.py:149} INFO - [2023-06-18T14:58:59.328+0530] {dagbag.py:541} INFO - Filling up the DagBag from /home/shubham/.local/lib/python3.10/site-packages/airflow/example_dags/example_latest_only_with_trigger.py
[2023-06-18T14:58:59.332+0530] {processor.py:836} INFO - DAG(s) dict_keys(['latest_only_with_trigger']) retrieved from /home/shubham/.local/lib/python3.10/site-packages/airflow/example_dags/example_latest_only_with_trigger.py
[2023-06-18T14:58:59.345+0530] {logging_mixin.py:149} INFO - [2023-06-18T14:58:59.345+0530] {dag.py:2726} INFO - Sync 1 DAGs
[2023-06-18T14:58:59.358+0530] {logging_mixin.py:149} INFO - [2023-06-18T14:58:59.358+0530] {dag.py:3486} INFO - Setting next_dagrun for latest_only_with_trigger to 2023-06-18T05:28:59.357845+00:00, run_after=2023-06-18T09:28:59.357845+00:00
[2023-06-18T14:58:59.374+0530] {processor.py:179} INFO - Processing /home/shubham/.local/lib/python3.10/site-packages/airflow/example_dags/example_latest_only_with_trigger.py took 0.051 seconds
[2023-06-18T14:59:42.217+0530] {processor.py:157} INFO - Started process (PID=4835) to work on /home/shubham/.local/lib/python3.10/site-packages/airflow/example_dags/example_latest_only_with_trigger.py
[2023-06-18T14:59:42.219+0530] {processor.py:826} INFO - Processing file /home/shubham/.local/lib/python3.10/site-packages/airflow/example_dags/example_latest_only_with_trigger.py for tasks to queue
[2023-06-18T14:59:42.219+0530] {logging_mixin.py:149} INFO - [2023-06-18T14:59:42.219+0530] {dagbag.py:541} INFO - Filling up the DagBag from /home/shubham/.local/lib/python3.10/site-packages/airflow/example_dags/example_latest_only_with_trigger.py
[2023-06-18T14:59:42.224+0530] {processor.py:836} INFO - DAG(s) dict_keys(['latest_only_with_trigger']) retrieved from /home/shubham/.local/lib/python3.10/site-packages/airflow/example_dags/example_latest_only_with_trigger.py
[2023-06-18T14:59:42.237+0530] {logging_mixin.py:149} INFO - [2023-06-18T14:59:42.237+0530] {dag.py:2726} INFO - Sync 1 DAGs
[2023-06-18T14:59:42.249+0530] {logging_mixin.py:149} INFO - [2023-06-18T14:59:42.249+0530] {dag.py:3486} INFO - Setting next_dagrun for latest_only_with_trigger to 2023-06-18T05:29:42.249294+00:00, run_after=2023-06-18T09:29:42.249294+00:00
[2023-06-18T14:59:42.266+0530] {processor.py:179} INFO - Processing /home/shubham/.local/lib/python3.10/site-packages/airflow/example_dags/example_latest_only_with_trigger.py took 0.051 seconds
[2023-06-18T15:00:42.143+0530] {processor.py:157} INFO - Started process (PID=4895) to work on /home/shubham/.local/lib/python3.10/site-packages/airflow/example_dags/example_latest_only_with_trigger.py
[2023-06-18T15:00:42.144+0530] {processor.py:826} INFO - Processing file /home/shubham/.local/lib/python3.10/site-packages/airflow/example_dags/example_latest_only_with_trigger.py for tasks to queue
[2023-06-18T15:00:42.145+0530] {logging_mixin.py:149} INFO - [2023-06-18T15:00:42.145+0530] {dagbag.py:541} INFO - Filling up the DagBag from /home/shubham/.local/lib/python3.10/site-packages/airflow/example_dags/example_latest_only_with_trigger.py
[2023-06-18T15:00:42.149+0530] {processor.py:836} INFO - DAG(s) dict_keys(['latest_only_with_trigger']) retrieved from /home/shubham/.local/lib/python3.10/site-packages/airflow/example_dags/example_latest_only_with_trigger.py
[2023-06-18T15:00:42.162+0530] {logging_mixin.py:149} INFO - [2023-06-18T15:00:42.162+0530] {dag.py:2726} INFO - Sync 1 DAGs
[2023-06-18T15:00:42.175+0530] {logging_mixin.py:149} INFO - [2023-06-18T15:00:42.175+0530] {dag.py:3486} INFO - Setting next_dagrun for latest_only_with_trigger to 2023-06-18T05:30:42.174837+00:00, run_after=2023-06-18T09:30:42.174837+00:00
[2023-06-18T15:00:42.191+0530] {processor.py:179} INFO - Processing /home/shubham/.local/lib/python3.10/site-packages/airflow/example_dags/example_latest_only_with_trigger.py took 0.050 seconds
[2023-06-18T15:01:27.163+0530] {processor.py:157} INFO - Started process (PID=4943) to work on /home/shubham/.local/lib/python3.10/site-packages/airflow/example_dags/example_latest_only_with_trigger.py
[2023-06-18T15:01:27.164+0530] {processor.py:826} INFO - Processing file /home/shubham/.local/lib/python3.10/site-packages/airflow/example_dags/example_latest_only_with_trigger.py for tasks to queue
[2023-06-18T15:01:27.164+0530] {logging_mixin.py:149} INFO - [2023-06-18T15:01:27.164+0530] {dagbag.py:541} INFO - Filling up the DagBag from /home/shubham/.local/lib/python3.10/site-packages/airflow/example_dags/example_latest_only_with_trigger.py
[2023-06-18T15:01:27.169+0530] {processor.py:836} INFO - DAG(s) dict_keys(['latest_only_with_trigger']) retrieved from /home/shubham/.local/lib/python3.10/site-packages/airflow/example_dags/example_latest_only_with_trigger.py
[2023-06-18T15:01:27.184+0530] {logging_mixin.py:149} INFO - [2023-06-18T15:01:27.184+0530] {dag.py:2726} INFO - Sync 1 DAGs
[2023-06-18T15:01:27.198+0530] {logging_mixin.py:149} INFO - [2023-06-18T15:01:27.197+0530] {dag.py:3486} INFO - Setting next_dagrun for latest_only_with_trigger to 2023-06-18T05:31:27.197790+00:00, run_after=2023-06-18T09:31:27.197790+00:00
[2023-06-18T15:01:27.216+0530] {processor.py:179} INFO - Processing /home/shubham/.local/lib/python3.10/site-packages/airflow/example_dags/example_latest_only_with_trigger.py took 0.055 seconds
[2023-06-18T15:02:14.805+0530] {processor.py:157} INFO - Started process (PID=4991) to work on /home/shubham/.local/lib/python3.10/site-packages/airflow/example_dags/example_latest_only_with_trigger.py
[2023-06-18T15:02:14.806+0530] {processor.py:826} INFO - Processing file /home/shubham/.local/lib/python3.10/site-packages/airflow/example_dags/example_latest_only_with_trigger.py for tasks to queue
[2023-06-18T15:02:14.807+0530] {logging_mixin.py:149} INFO - [2023-06-18T15:02:14.807+0530] {dagbag.py:541} INFO - Filling up the DagBag from /home/shubham/.local/lib/python3.10/site-packages/airflow/example_dags/example_latest_only_with_trigger.py
[2023-06-18T15:02:14.811+0530] {processor.py:836} INFO - DAG(s) dict_keys(['latest_only_with_trigger']) retrieved from /home/shubham/.local/lib/python3.10/site-packages/airflow/example_dags/example_latest_only_with_trigger.py
[2023-06-18T15:02:14.824+0530] {logging_mixin.py:149} INFO - [2023-06-18T15:02:14.824+0530] {dag.py:2726} INFO - Sync 1 DAGs
[2023-06-18T15:02:14.837+0530] {logging_mixin.py:149} INFO - [2023-06-18T15:02:14.836+0530] {dag.py:3486} INFO - Setting next_dagrun for latest_only_with_trigger to 2023-06-18T05:32:14.836791+00:00, run_after=2023-06-18T09:32:14.836791+00:00
[2023-06-18T15:02:14.854+0530] {processor.py:179} INFO - Processing /home/shubham/.local/lib/python3.10/site-packages/airflow/example_dags/example_latest_only_with_trigger.py took 0.051 seconds
[2023-06-18T15:03:07.425+0530] {processor.py:157} INFO - Started process (PID=5048) to work on /home/shubham/.local/lib/python3.10/site-packages/airflow/example_dags/example_latest_only_with_trigger.py
[2023-06-18T15:03:07.426+0530] {processor.py:826} INFO - Processing file /home/shubham/.local/lib/python3.10/site-packages/airflow/example_dags/example_latest_only_with_trigger.py for tasks to queue
[2023-06-18T15:03:07.426+0530] {logging_mixin.py:149} INFO - [2023-06-18T15:03:07.426+0530] {dagbag.py:541} INFO - Filling up the DagBag from /home/shubham/.local/lib/python3.10/site-packages/airflow/example_dags/example_latest_only_with_trigger.py
[2023-06-18T15:03:07.431+0530] {processor.py:836} INFO - DAG(s) dict_keys(['latest_only_with_trigger']) retrieved from /home/shubham/.local/lib/python3.10/site-packages/airflow/example_dags/example_latest_only_with_trigger.py
[2023-06-18T15:03:07.444+0530] {logging_mixin.py:149} INFO - [2023-06-18T15:03:07.444+0530] {dag.py:2726} INFO - Sync 1 DAGs
[2023-06-18T15:03:07.456+0530] {logging_mixin.py:149} INFO - [2023-06-18T15:03:07.456+0530] {dag.py:3486} INFO - Setting next_dagrun for latest_only_with_trigger to 2023-06-18T05:33:07.456407+00:00, run_after=2023-06-18T09:33:07.456407+00:00
[2023-06-18T15:03:07.472+0530] {processor.py:179} INFO - Processing /home/shubham/.local/lib/python3.10/site-packages/airflow/example_dags/example_latest_only_with_trigger.py took 0.049 seconds
[2023-06-18T15:03:52.003+0530] {processor.py:157} INFO - Started process (PID=5094) to work on /home/shubham/.local/lib/python3.10/site-packages/airflow/example_dags/example_latest_only_with_trigger.py
[2023-06-18T15:03:52.004+0530] {processor.py:826} INFO - Processing file /home/shubham/.local/lib/python3.10/site-packages/airflow/example_dags/example_latest_only_with_trigger.py for tasks to queue
[2023-06-18T15:03:52.005+0530] {logging_mixin.py:149} INFO - [2023-06-18T15:03:52.005+0530] {dagbag.py:541} INFO - Filling up the DagBag from /home/shubham/.local/lib/python3.10/site-packages/airflow/example_dags/example_latest_only_with_trigger.py
[2023-06-18T15:03:52.009+0530] {processor.py:836} INFO - DAG(s) dict_keys(['latest_only_with_trigger']) retrieved from /home/shubham/.local/lib/python3.10/site-packages/airflow/example_dags/example_latest_only_with_trigger.py
[2023-06-18T15:03:52.022+0530] {logging_mixin.py:149} INFO - [2023-06-18T15:03:52.022+0530] {dag.py:2726} INFO - Sync 1 DAGs
[2023-06-18T15:03:52.035+0530] {logging_mixin.py:149} INFO - [2023-06-18T15:03:52.034+0530] {dag.py:3486} INFO - Setting next_dagrun for latest_only_with_trigger to 2023-06-18T05:33:52.034747+00:00, run_after=2023-06-18T09:33:52.034747+00:00
[2023-06-18T15:03:52.051+0530] {processor.py:179} INFO - Processing /home/shubham/.local/lib/python3.10/site-packages/airflow/example_dags/example_latest_only_with_trigger.py took 0.051 seconds
[2023-06-18T15:04:37.036+0530] {processor.py:157} INFO - Started process (PID=5142) to work on /home/shubham/.local/lib/python3.10/site-packages/airflow/example_dags/example_latest_only_with_trigger.py
[2023-06-18T15:04:37.038+0530] {processor.py:826} INFO - Processing file /home/shubham/.local/lib/python3.10/site-packages/airflow/example_dags/example_latest_only_with_trigger.py for tasks to queue
[2023-06-18T15:04:37.038+0530] {logging_mixin.py:149} INFO - [2023-06-18T15:04:37.038+0530] {dagbag.py:541} INFO - Filling up the DagBag from /home/shubham/.local/lib/python3.10/site-packages/airflow/example_dags/example_latest_only_with_trigger.py
[2023-06-18T15:04:37.043+0530] {processor.py:836} INFO - DAG(s) dict_keys(['latest_only_with_trigger']) retrieved from /home/shubham/.local/lib/python3.10/site-packages/airflow/example_dags/example_latest_only_with_trigger.py
[2023-06-18T15:04:37.055+0530] {logging_mixin.py:149} INFO - [2023-06-18T15:04:37.055+0530] {dag.py:2726} INFO - Sync 1 DAGs
[2023-06-18T15:04:37.067+0530] {logging_mixin.py:149} INFO - [2023-06-18T15:04:37.067+0530] {dag.py:3486} INFO - Setting next_dagrun for latest_only_with_trigger to 2023-06-18T05:34:37.067193+00:00, run_after=2023-06-18T09:34:37.067193+00:00
[2023-06-18T15:04:37.083+0530] {processor.py:179} INFO - Processing /home/shubham/.local/lib/python3.10/site-packages/airflow/example_dags/example_latest_only_with_trigger.py took 0.049 seconds
[2023-06-18T15:05:19.771+0530] {processor.py:157} INFO - Started process (PID=5186) to work on /home/shubham/.local/lib/python3.10/site-packages/airflow/example_dags/example_latest_only_with_trigger.py
[2023-06-18T15:05:19.773+0530] {processor.py:826} INFO - Processing file /home/shubham/.local/lib/python3.10/site-packages/airflow/example_dags/example_latest_only_with_trigger.py for tasks to queue
[2023-06-18T15:05:19.773+0530] {logging_mixin.py:149} INFO - [2023-06-18T15:05:19.773+0530] {dagbag.py:541} INFO - Filling up the DagBag from /home/shubham/.local/lib/python3.10/site-packages/airflow/example_dags/example_latest_only_with_trigger.py
[2023-06-18T15:05:19.778+0530] {processor.py:836} INFO - DAG(s) dict_keys(['latest_only_with_trigger']) retrieved from /home/shubham/.local/lib/python3.10/site-packages/airflow/example_dags/example_latest_only_with_trigger.py
[2023-06-18T15:05:19.791+0530] {logging_mixin.py:149} INFO - [2023-06-18T15:05:19.791+0530] {dag.py:2726} INFO - Sync 1 DAGs
[2023-06-18T15:05:19.803+0530] {logging_mixin.py:149} INFO - [2023-06-18T15:05:19.803+0530] {dag.py:3486} INFO - Setting next_dagrun for latest_only_with_trigger to 2023-06-18T05:35:19.803172+00:00, run_after=2023-06-18T09:35:19.803172+00:00
[2023-06-18T15:05:19.818+0530] {processor.py:179} INFO - Processing /home/shubham/.local/lib/python3.10/site-packages/airflow/example_dags/example_latest_only_with_trigger.py took 0.049 seconds
[2023-06-18T15:06:04.081+0530] {processor.py:157} INFO - Started process (PID=5232) to work on /home/shubham/.local/lib/python3.10/site-packages/airflow/example_dags/example_latest_only_with_trigger.py
[2023-06-18T15:06:04.082+0530] {processor.py:826} INFO - Processing file /home/shubham/.local/lib/python3.10/site-packages/airflow/example_dags/example_latest_only_with_trigger.py for tasks to queue
[2023-06-18T15:06:04.083+0530] {logging_mixin.py:149} INFO - [2023-06-18T15:06:04.083+0530] {dagbag.py:541} INFO - Filling up the DagBag from /home/shubham/.local/lib/python3.10/site-packages/airflow/example_dags/example_latest_only_with_trigger.py
[2023-06-18T15:06:04.087+0530] {processor.py:836} INFO - DAG(s) dict_keys(['latest_only_with_trigger']) retrieved from /home/shubham/.local/lib/python3.10/site-packages/airflow/example_dags/example_latest_only_with_trigger.py
[2023-06-18T15:06:04.101+0530] {logging_mixin.py:149} INFO - [2023-06-18T15:06:04.101+0530] {dag.py:2726} INFO - Sync 1 DAGs
[2023-06-18T15:06:04.113+0530] {logging_mixin.py:149} INFO - [2023-06-18T15:06:04.113+0530] {dag.py:3486} INFO - Setting next_dagrun for latest_only_with_trigger to 2023-06-18T05:36:04.112960+00:00, run_after=2023-06-18T09:36:04.112960+00:00
[2023-06-18T15:06:04.130+0530] {processor.py:179} INFO - Processing /home/shubham/.local/lib/python3.10/site-packages/airflow/example_dags/example_latest_only_with_trigger.py took 0.051 seconds
[2023-06-18T15:06:50.083+0530] {processor.py:157} INFO - Started process (PID=5278) to work on /home/shubham/.local/lib/python3.10/site-packages/airflow/example_dags/example_latest_only_with_trigger.py
[2023-06-18T15:06:50.086+0530] {processor.py:826} INFO - Processing file /home/shubham/.local/lib/python3.10/site-packages/airflow/example_dags/example_latest_only_with_trigger.py for tasks to queue
[2023-06-18T15:06:50.086+0530] {logging_mixin.py:149} INFO - [2023-06-18T15:06:50.086+0530] {dagbag.py:541} INFO - Filling up the DagBag from /home/shubham/.local/lib/python3.10/site-packages/airflow/example_dags/example_latest_only_with_trigger.py
[2023-06-18T15:06:50.092+0530] {processor.py:836} INFO - DAG(s) dict_keys(['latest_only_with_trigger']) retrieved from /home/shubham/.local/lib/python3.10/site-packages/airflow/example_dags/example_latest_only_with_trigger.py
[2023-06-18T15:06:50.108+0530] {logging_mixin.py:149} INFO - [2023-06-18T15:06:50.108+0530] {dag.py:2726} INFO - Sync 1 DAGs
[2023-06-18T15:06:50.123+0530] {logging_mixin.py:149} INFO - [2023-06-18T15:06:50.123+0530] {dag.py:3486} INFO - Setting next_dagrun for latest_only_with_trigger to 2023-06-18T05:36:50.123146+00:00, run_after=2023-06-18T09:36:50.123146+00:00
[2023-06-18T15:06:50.150+0530] {processor.py:179} INFO - Processing /home/shubham/.local/lib/python3.10/site-packages/airflow/example_dags/example_latest_only_with_trigger.py took 0.069 seconds
[2023-06-18T15:07:38.873+0530] {processor.py:157} INFO - Started process (PID=5328) to work on /home/shubham/.local/lib/python3.10/site-packages/airflow/example_dags/example_latest_only_with_trigger.py
[2023-06-18T15:07:38.875+0530] {processor.py:826} INFO - Processing file /home/shubham/.local/lib/python3.10/site-packages/airflow/example_dags/example_latest_only_with_trigger.py for tasks to queue
[2023-06-18T15:07:38.876+0530] {logging_mixin.py:149} INFO - [2023-06-18T15:07:38.875+0530] {dagbag.py:541} INFO - Filling up the DagBag from /home/shubham/.local/lib/python3.10/site-packages/airflow/example_dags/example_latest_only_with_trigger.py
[2023-06-18T15:07:38.882+0530] {processor.py:836} INFO - DAG(s) dict_keys(['latest_only_with_trigger']) retrieved from /home/shubham/.local/lib/python3.10/site-packages/airflow/example_dags/example_latest_only_with_trigger.py
[2023-06-18T15:07:38.898+0530] {logging_mixin.py:149} INFO - [2023-06-18T15:07:38.898+0530] {dag.py:2726} INFO - Sync 1 DAGs
[2023-06-18T15:07:38.914+0530] {logging_mixin.py:149} INFO - [2023-06-18T15:07:38.914+0530] {dag.py:3486} INFO - Setting next_dagrun for latest_only_with_trigger to 2023-06-18T05:37:38.914393+00:00, run_after=2023-06-18T09:37:38.914393+00:00
[2023-06-18T15:07:38.937+0530] {processor.py:179} INFO - Processing /home/shubham/.local/lib/python3.10/site-packages/airflow/example_dags/example_latest_only_with_trigger.py took 0.068 seconds
[2023-06-18T15:08:24.894+0530] {processor.py:157} INFO - Started process (PID=5375) to work on /home/shubham/.local/lib/python3.10/site-packages/airflow/example_dags/example_latest_only_with_trigger.py
[2023-06-18T15:08:24.896+0530] {processor.py:826} INFO - Processing file /home/shubham/.local/lib/python3.10/site-packages/airflow/example_dags/example_latest_only_with_trigger.py for tasks to queue
[2023-06-18T15:08:24.897+0530] {logging_mixin.py:149} INFO - [2023-06-18T15:08:24.897+0530] {dagbag.py:541} INFO - Filling up the DagBag from /home/shubham/.local/lib/python3.10/site-packages/airflow/example_dags/example_latest_only_with_trigger.py
[2023-06-18T15:08:24.902+0530] {processor.py:836} INFO - DAG(s) dict_keys(['latest_only_with_trigger']) retrieved from /home/shubham/.local/lib/python3.10/site-packages/airflow/example_dags/example_latest_only_with_trigger.py
[2023-06-18T15:08:24.919+0530] {logging_mixin.py:149} INFO - [2023-06-18T15:08:24.919+0530] {dag.py:2726} INFO - Sync 1 DAGs
[2023-06-18T15:08:24.936+0530] {logging_mixin.py:149} INFO - [2023-06-18T15:08:24.936+0530] {dag.py:3486} INFO - Setting next_dagrun for latest_only_with_trigger to 2023-06-18T05:38:24.936125+00:00, run_after=2023-06-18T09:38:24.936125+00:00
[2023-06-18T15:08:24.968+0530] {processor.py:179} INFO - Processing /home/shubham/.local/lib/python3.10/site-packages/airflow/example_dags/example_latest_only_with_trigger.py took 0.077 seconds
[2023-06-18T15:09:08.866+0530] {processor.py:157} INFO - Started process (PID=5420) to work on /home/shubham/.local/lib/python3.10/site-packages/airflow/example_dags/example_latest_only_with_trigger.py
[2023-06-18T15:09:08.868+0530] {processor.py:826} INFO - Processing file /home/shubham/.local/lib/python3.10/site-packages/airflow/example_dags/example_latest_only_with_trigger.py for tasks to queue
[2023-06-18T15:09:08.869+0530] {logging_mixin.py:149} INFO - [2023-06-18T15:09:08.869+0530] {dagbag.py:541} INFO - Filling up the DagBag from /home/shubham/.local/lib/python3.10/site-packages/airflow/example_dags/example_latest_only_with_trigger.py
[2023-06-18T15:09:08.875+0530] {processor.py:836} INFO - DAG(s) dict_keys(['latest_only_with_trigger']) retrieved from /home/shubham/.local/lib/python3.10/site-packages/airflow/example_dags/example_latest_only_with_trigger.py
[2023-06-18T15:09:08.891+0530] {logging_mixin.py:149} INFO - [2023-06-18T15:09:08.891+0530] {dag.py:2726} INFO - Sync 1 DAGs
[2023-06-18T15:09:08.907+0530] {logging_mixin.py:149} INFO - [2023-06-18T15:09:08.907+0530] {dag.py:3486} INFO - Setting next_dagrun for latest_only_with_trigger to 2023-06-18T05:39:08.907309+00:00, run_after=2023-06-18T09:39:08.907309+00:00
[2023-06-18T15:09:08.929+0530] {processor.py:179} INFO - Processing /home/shubham/.local/lib/python3.10/site-packages/airflow/example_dags/example_latest_only_with_trigger.py took 0.066 seconds
[2023-06-18T15:09:52.867+0530] {processor.py:157} INFO - Started process (PID=5466) to work on /home/shubham/.local/lib/python3.10/site-packages/airflow/example_dags/example_latest_only_with_trigger.py
[2023-06-18T15:09:52.869+0530] {processor.py:826} INFO - Processing file /home/shubham/.local/lib/python3.10/site-packages/airflow/example_dags/example_latest_only_with_trigger.py for tasks to queue
[2023-06-18T15:09:52.870+0530] {logging_mixin.py:149} INFO - [2023-06-18T15:09:52.870+0530] {dagbag.py:541} INFO - Filling up the DagBag from /home/shubham/.local/lib/python3.10/site-packages/airflow/example_dags/example_latest_only_with_trigger.py
[2023-06-18T15:09:52.876+0530] {processor.py:836} INFO - DAG(s) dict_keys(['latest_only_with_trigger']) retrieved from /home/shubham/.local/lib/python3.10/site-packages/airflow/example_dags/example_latest_only_with_trigger.py
[2023-06-18T15:09:52.892+0530] {logging_mixin.py:149} INFO - [2023-06-18T15:09:52.892+0530] {dag.py:2726} INFO - Sync 1 DAGs
[2023-06-18T15:09:52.908+0530] {logging_mixin.py:149} INFO - [2023-06-18T15:09:52.908+0530] {dag.py:3486} INFO - Setting next_dagrun for latest_only_with_trigger to 2023-06-18T05:39:52.908231+00:00, run_after=2023-06-18T09:39:52.908231+00:00
[2023-06-18T15:09:52.933+0530] {processor.py:179} INFO - Processing /home/shubham/.local/lib/python3.10/site-packages/airflow/example_dags/example_latest_only_with_trigger.py took 0.069 seconds
[2023-06-18T15:10:36.406+0530] {processor.py:157} INFO - Started process (PID=5512) to work on /home/shubham/.local/lib/python3.10/site-packages/airflow/example_dags/example_latest_only_with_trigger.py
[2023-06-18T15:10:36.408+0530] {processor.py:826} INFO - Processing file /home/shubham/.local/lib/python3.10/site-packages/airflow/example_dags/example_latest_only_with_trigger.py for tasks to queue
[2023-06-18T15:10:36.409+0530] {logging_mixin.py:149} INFO - [2023-06-18T15:10:36.409+0530] {dagbag.py:541} INFO - Filling up the DagBag from /home/shubham/.local/lib/python3.10/site-packages/airflow/example_dags/example_latest_only_with_trigger.py
[2023-06-18T15:10:36.416+0530] {processor.py:836} INFO - DAG(s) dict_keys(['latest_only_with_trigger']) retrieved from /home/shubham/.local/lib/python3.10/site-packages/airflow/example_dags/example_latest_only_with_trigger.py
[2023-06-18T15:10:36.437+0530] {logging_mixin.py:149} INFO - [2023-06-18T15:10:36.437+0530] {dag.py:2726} INFO - Sync 1 DAGs
[2023-06-18T15:10:36.459+0530] {logging_mixin.py:149} INFO - [2023-06-18T15:10:36.458+0530] {dag.py:3486} INFO - Setting next_dagrun for latest_only_with_trigger to 2023-06-18T05:40:36.458594+00:00, run_after=2023-06-18T09:40:36.458594+00:00
[2023-06-18T15:10:36.488+0530] {processor.py:179} INFO - Processing /home/shubham/.local/lib/python3.10/site-packages/airflow/example_dags/example_latest_only_with_trigger.py took 0.085 seconds
[2023-06-18T15:11:30.813+0530] {processor.py:157} INFO - Started process (PID=5570) to work on /home/shubham/.local/lib/python3.10/site-packages/airflow/example_dags/example_latest_only_with_trigger.py
[2023-06-18T15:11:30.814+0530] {processor.py:826} INFO - Processing file /home/shubham/.local/lib/python3.10/site-packages/airflow/example_dags/example_latest_only_with_trigger.py for tasks to queue
[2023-06-18T15:11:30.815+0530] {logging_mixin.py:149} INFO - [2023-06-18T15:11:30.815+0530] {dagbag.py:541} INFO - Filling up the DagBag from /home/shubham/.local/lib/python3.10/site-packages/airflow/example_dags/example_latest_only_with_trigger.py
[2023-06-18T15:11:30.821+0530] {processor.py:836} INFO - DAG(s) dict_keys(['latest_only_with_trigger']) retrieved from /home/shubham/.local/lib/python3.10/site-packages/airflow/example_dags/example_latest_only_with_trigger.py
[2023-06-18T15:11:30.841+0530] {logging_mixin.py:149} INFO - [2023-06-18T15:11:30.841+0530] {dag.py:2726} INFO - Sync 1 DAGs
[2023-06-18T15:11:30.860+0530] {logging_mixin.py:149} INFO - [2023-06-18T15:11:30.860+0530] {dag.py:3486} INFO - Setting next_dagrun for latest_only_with_trigger to 2023-06-18T05:41:30.860230+00:00, run_after=2023-06-18T09:41:30.860230+00:00
[2023-06-18T15:11:30.886+0530] {processor.py:179} INFO - Processing /home/shubham/.local/lib/python3.10/site-packages/airflow/example_dags/example_latest_only_with_trigger.py took 0.077 seconds
[2023-06-18T15:12:13.337+0530] {processor.py:157} INFO - Started process (PID=5613) to work on /home/shubham/.local/lib/python3.10/site-packages/airflow/example_dags/example_latest_only_with_trigger.py
[2023-06-18T15:12:13.339+0530] {processor.py:826} INFO - Processing file /home/shubham/.local/lib/python3.10/site-packages/airflow/example_dags/example_latest_only_with_trigger.py for tasks to queue
[2023-06-18T15:12:13.340+0530] {logging_mixin.py:149} INFO - [2023-06-18T15:12:13.340+0530] {dagbag.py:541} INFO - Filling up the DagBag from /home/shubham/.local/lib/python3.10/site-packages/airflow/example_dags/example_latest_only_with_trigger.py
[2023-06-18T15:12:13.347+0530] {processor.py:836} INFO - DAG(s) dict_keys(['latest_only_with_trigger']) retrieved from /home/shubham/.local/lib/python3.10/site-packages/airflow/example_dags/example_latest_only_with_trigger.py
[2023-06-18T15:12:13.365+0530] {logging_mixin.py:149} INFO - [2023-06-18T15:12:13.365+0530] {dag.py:2726} INFO - Sync 1 DAGs
[2023-06-18T15:12:13.384+0530] {logging_mixin.py:149} INFO - [2023-06-18T15:12:13.384+0530] {dag.py:3486} INFO - Setting next_dagrun for latest_only_with_trigger to 2023-06-18T05:42:13.384118+00:00, run_after=2023-06-18T09:42:13.384118+00:00
[2023-06-18T15:12:13.410+0530] {processor.py:179} INFO - Processing /home/shubham/.local/lib/python3.10/site-packages/airflow/example_dags/example_latest_only_with_trigger.py took 0.077 seconds
[2023-06-18T15:13:07.737+0530] {processor.py:157} INFO - Started process (PID=5671) to work on /home/shubham/.local/lib/python3.10/site-packages/airflow/example_dags/example_latest_only_with_trigger.py
[2023-06-18T15:13:07.739+0530] {processor.py:826} INFO - Processing file /home/shubham/.local/lib/python3.10/site-packages/airflow/example_dags/example_latest_only_with_trigger.py for tasks to queue
[2023-06-18T15:13:07.740+0530] {logging_mixin.py:149} INFO - [2023-06-18T15:13:07.740+0530] {dagbag.py:541} INFO - Filling up the DagBag from /home/shubham/.local/lib/python3.10/site-packages/airflow/example_dags/example_latest_only_with_trigger.py
[2023-06-18T15:13:07.745+0530] {processor.py:836} INFO - DAG(s) dict_keys(['latest_only_with_trigger']) retrieved from /home/shubham/.local/lib/python3.10/site-packages/airflow/example_dags/example_latest_only_with_trigger.py
[2023-06-18T15:13:07.763+0530] {logging_mixin.py:149} INFO - [2023-06-18T15:13:07.762+0530] {dag.py:2726} INFO - Sync 1 DAGs
[2023-06-18T15:13:07.778+0530] {logging_mixin.py:149} INFO - [2023-06-18T15:13:07.778+0530] {dag.py:3486} INFO - Setting next_dagrun for latest_only_with_trigger to 2023-06-18T05:43:07.777944+00:00, run_after=2023-06-18T09:43:07.777944+00:00
[2023-06-18T15:13:07.802+0530] {processor.py:179} INFO - Processing /home/shubham/.local/lib/python3.10/site-packages/airflow/example_dags/example_latest_only_with_trigger.py took 0.068 seconds
[2023-06-18T15:13:50.869+0530] {processor.py:157} INFO - Started process (PID=5717) to work on /home/shubham/.local/lib/python3.10/site-packages/airflow/example_dags/example_latest_only_with_trigger.py
[2023-06-18T15:13:50.871+0530] {processor.py:826} INFO - Processing file /home/shubham/.local/lib/python3.10/site-packages/airflow/example_dags/example_latest_only_with_trigger.py for tasks to queue
[2023-06-18T15:13:50.872+0530] {logging_mixin.py:149} INFO - [2023-06-18T15:13:50.872+0530] {dagbag.py:541} INFO - Filling up the DagBag from /home/shubham/.local/lib/python3.10/site-packages/airflow/example_dags/example_latest_only_with_trigger.py
[2023-06-18T15:13:50.877+0530] {processor.py:836} INFO - DAG(s) dict_keys(['latest_only_with_trigger']) retrieved from /home/shubham/.local/lib/python3.10/site-packages/airflow/example_dags/example_latest_only_with_trigger.py
[2023-06-18T15:13:50.894+0530] {logging_mixin.py:149} INFO - [2023-06-18T15:13:50.894+0530] {dag.py:2726} INFO - Sync 1 DAGs
[2023-06-18T15:13:50.911+0530] {logging_mixin.py:149} INFO - [2023-06-18T15:13:50.911+0530] {dag.py:3486} INFO - Setting next_dagrun for latest_only_with_trigger to 2023-06-18T05:43:50.911327+00:00, run_after=2023-06-18T09:43:50.911327+00:00
[2023-06-18T15:13:50.934+0530] {processor.py:179} INFO - Processing /home/shubham/.local/lib/python3.10/site-packages/airflow/example_dags/example_latest_only_with_trigger.py took 0.067 seconds
[2023-06-18T15:14:37.897+0530] {processor.py:157} INFO - Started process (PID=5765) to work on /home/shubham/.local/lib/python3.10/site-packages/airflow/example_dags/example_latest_only_with_trigger.py
[2023-06-18T15:14:37.899+0530] {processor.py:826} INFO - Processing file /home/shubham/.local/lib/python3.10/site-packages/airflow/example_dags/example_latest_only_with_trigger.py for tasks to queue
[2023-06-18T15:14:37.900+0530] {logging_mixin.py:149} INFO - [2023-06-18T15:14:37.900+0530] {dagbag.py:541} INFO - Filling up the DagBag from /home/shubham/.local/lib/python3.10/site-packages/airflow/example_dags/example_latest_only_with_trigger.py
[2023-06-18T15:14:37.906+0530] {processor.py:836} INFO - DAG(s) dict_keys(['latest_only_with_trigger']) retrieved from /home/shubham/.local/lib/python3.10/site-packages/airflow/example_dags/example_latest_only_with_trigger.py
[2023-06-18T15:14:37.922+0530] {logging_mixin.py:149} INFO - [2023-06-18T15:14:37.922+0530] {dag.py:2726} INFO - Sync 1 DAGs
[2023-06-18T15:14:37.939+0530] {logging_mixin.py:149} INFO - [2023-06-18T15:14:37.939+0530] {dag.py:3486} INFO - Setting next_dagrun for latest_only_with_trigger to 2023-06-18T05:44:37.938688+00:00, run_after=2023-06-18T09:44:37.938688+00:00
[2023-06-18T15:14:37.960+0530] {processor.py:179} INFO - Processing /home/shubham/.local/lib/python3.10/site-packages/airflow/example_dags/example_latest_only_with_trigger.py took 0.066 seconds
[2023-06-18T15:15:23.069+0530] {processor.py:157} INFO - Started process (PID=5811) to work on /home/shubham/.local/lib/python3.10/site-packages/airflow/example_dags/example_latest_only_with_trigger.py
[2023-06-18T15:15:23.070+0530] {processor.py:826} INFO - Processing file /home/shubham/.local/lib/python3.10/site-packages/airflow/example_dags/example_latest_only_with_trigger.py for tasks to queue
[2023-06-18T15:15:23.071+0530] {logging_mixin.py:149} INFO - [2023-06-18T15:15:23.071+0530] {dagbag.py:541} INFO - Filling up the DagBag from /home/shubham/.local/lib/python3.10/site-packages/airflow/example_dags/example_latest_only_with_trigger.py
[2023-06-18T15:15:23.076+0530] {processor.py:836} INFO - DAG(s) dict_keys(['latest_only_with_trigger']) retrieved from /home/shubham/.local/lib/python3.10/site-packages/airflow/example_dags/example_latest_only_with_trigger.py
[2023-06-18T15:15:23.093+0530] {logging_mixin.py:149} INFO - [2023-06-18T15:15:23.093+0530] {dag.py:2726} INFO - Sync 1 DAGs
[2023-06-18T15:15:23.110+0530] {logging_mixin.py:149} INFO - [2023-06-18T15:15:23.110+0530] {dag.py:3486} INFO - Setting next_dagrun for latest_only_with_trigger to 2023-06-18T05:45:23.110122+00:00, run_after=2023-06-18T09:45:23.110122+00:00
[2023-06-18T15:15:23.132+0530] {processor.py:179} INFO - Processing /home/shubham/.local/lib/python3.10/site-packages/airflow/example_dags/example_latest_only_with_trigger.py took 0.066 seconds
[2023-06-18T15:16:08.236+0530] {processor.py:157} INFO - Started process (PID=5857) to work on /home/shubham/.local/lib/python3.10/site-packages/airflow/example_dags/example_latest_only_with_trigger.py
[2023-06-18T15:16:08.238+0530] {processor.py:826} INFO - Processing file /home/shubham/.local/lib/python3.10/site-packages/airflow/example_dags/example_latest_only_with_trigger.py for tasks to queue
[2023-06-18T15:16:08.239+0530] {logging_mixin.py:149} INFO - [2023-06-18T15:16:08.239+0530] {dagbag.py:541} INFO - Filling up the DagBag from /home/shubham/.local/lib/python3.10/site-packages/airflow/example_dags/example_latest_only_with_trigger.py
[2023-06-18T15:16:08.245+0530] {processor.py:836} INFO - DAG(s) dict_keys(['latest_only_with_trigger']) retrieved from /home/shubham/.local/lib/python3.10/site-packages/airflow/example_dags/example_latest_only_with_trigger.py
[2023-06-18T15:16:08.264+0530] {logging_mixin.py:149} INFO - [2023-06-18T15:16:08.264+0530] {dag.py:2726} INFO - Sync 1 DAGs
[2023-06-18T15:16:08.282+0530] {logging_mixin.py:149} INFO - [2023-06-18T15:16:08.282+0530] {dag.py:3486} INFO - Setting next_dagrun for latest_only_with_trigger to 2023-06-18T05:46:08.281943+00:00, run_after=2023-06-18T09:46:08.281943+00:00
[2023-06-18T15:16:08.307+0530] {processor.py:179} INFO - Processing /home/shubham/.local/lib/python3.10/site-packages/airflow/example_dags/example_latest_only_with_trigger.py took 0.075 seconds
[2023-06-18T15:16:52.511+0530] {processor.py:157} INFO - Started process (PID=5904) to work on /home/shubham/.local/lib/python3.10/site-packages/airflow/example_dags/example_latest_only_with_trigger.py
[2023-06-18T15:16:52.514+0530] {processor.py:826} INFO - Processing file /home/shubham/.local/lib/python3.10/site-packages/airflow/example_dags/example_latest_only_with_trigger.py for tasks to queue
[2023-06-18T15:16:52.514+0530] {logging_mixin.py:149} INFO - [2023-06-18T15:16:52.514+0530] {dagbag.py:541} INFO - Filling up the DagBag from /home/shubham/.local/lib/python3.10/site-packages/airflow/example_dags/example_latest_only_with_trigger.py
[2023-06-18T15:16:52.520+0530] {processor.py:836} INFO - DAG(s) dict_keys(['latest_only_with_trigger']) retrieved from /home/shubham/.local/lib/python3.10/site-packages/airflow/example_dags/example_latest_only_with_trigger.py
[2023-06-18T15:16:52.540+0530] {logging_mixin.py:149} INFO - [2023-06-18T15:16:52.540+0530] {dag.py:2726} INFO - Sync 1 DAGs
[2023-06-18T15:16:52.558+0530] {logging_mixin.py:149} INFO - [2023-06-18T15:16:52.558+0530] {dag.py:3486} INFO - Setting next_dagrun for latest_only_with_trigger to 2023-06-18T05:46:52.558579+00:00, run_after=2023-06-18T09:46:52.558579+00:00
[2023-06-18T15:16:52.583+0530] {processor.py:179} INFO - Processing /home/shubham/.local/lib/python3.10/site-packages/airflow/example_dags/example_latest_only_with_trigger.py took 0.075 seconds
[2023-06-18T15:17:47.786+0530] {processor.py:157} INFO - Started process (PID=5962) to work on /home/shubham/.local/lib/python3.10/site-packages/airflow/example_dags/example_latest_only_with_trigger.py
[2023-06-18T15:17:47.788+0530] {processor.py:826} INFO - Processing file /home/shubham/.local/lib/python3.10/site-packages/airflow/example_dags/example_latest_only_with_trigger.py for tasks to queue
[2023-06-18T15:17:47.788+0530] {logging_mixin.py:149} INFO - [2023-06-18T15:17:47.788+0530] {dagbag.py:541} INFO - Filling up the DagBag from /home/shubham/.local/lib/python3.10/site-packages/airflow/example_dags/example_latest_only_with_trigger.py
[2023-06-18T15:17:47.794+0530] {processor.py:836} INFO - DAG(s) dict_keys(['latest_only_with_trigger']) retrieved from /home/shubham/.local/lib/python3.10/site-packages/airflow/example_dags/example_latest_only_with_trigger.py
[2023-06-18T15:17:47.810+0530] {logging_mixin.py:149} INFO - [2023-06-18T15:17:47.810+0530] {dag.py:2726} INFO - Sync 1 DAGs
[2023-06-18T15:17:47.831+0530] {logging_mixin.py:149} INFO - [2023-06-18T15:17:47.831+0530] {dag.py:3486} INFO - Setting next_dagrun for latest_only_with_trigger to 2023-06-18T05:47:47.831036+00:00, run_after=2023-06-18T09:47:47.831036+00:00
[2023-06-18T15:17:47.857+0530] {processor.py:179} INFO - Processing /home/shubham/.local/lib/python3.10/site-packages/airflow/example_dags/example_latest_only_with_trigger.py took 0.074 seconds
[2023-06-18T15:18:30.804+0530] {processor.py:157} INFO - Started process (PID=6007) to work on /home/shubham/.local/lib/python3.10/site-packages/airflow/example_dags/example_latest_only_with_trigger.py
[2023-06-18T15:18:30.806+0530] {processor.py:826} INFO - Processing file /home/shubham/.local/lib/python3.10/site-packages/airflow/example_dags/example_latest_only_with_trigger.py for tasks to queue
[2023-06-18T15:18:30.807+0530] {logging_mixin.py:149} INFO - [2023-06-18T15:18:30.807+0530] {dagbag.py:541} INFO - Filling up the DagBag from /home/shubham/.local/lib/python3.10/site-packages/airflow/example_dags/example_latest_only_with_trigger.py
[2023-06-18T15:18:30.812+0530] {processor.py:836} INFO - DAG(s) dict_keys(['latest_only_with_trigger']) retrieved from /home/shubham/.local/lib/python3.10/site-packages/airflow/example_dags/example_latest_only_with_trigger.py
[2023-06-18T15:18:30.829+0530] {logging_mixin.py:149} INFO - [2023-06-18T15:18:30.829+0530] {dag.py:2726} INFO - Sync 1 DAGs
[2023-06-18T15:18:30.844+0530] {logging_mixin.py:149} INFO - [2023-06-18T15:18:30.844+0530] {dag.py:3486} INFO - Setting next_dagrun for latest_only_with_trigger to 2023-06-18T05:48:30.844391+00:00, run_after=2023-06-18T09:48:30.844391+00:00
[2023-06-18T15:18:30.867+0530] {processor.py:179} INFO - Processing /home/shubham/.local/lib/python3.10/site-packages/airflow/example_dags/example_latest_only_with_trigger.py took 0.066 seconds
[2023-06-18T15:19:17.220+0530] {processor.py:157} INFO - Started process (PID=6055) to work on /home/shubham/.local/lib/python3.10/site-packages/airflow/example_dags/example_latest_only_with_trigger.py
[2023-06-18T15:19:17.222+0530] {processor.py:826} INFO - Processing file /home/shubham/.local/lib/python3.10/site-packages/airflow/example_dags/example_latest_only_with_trigger.py for tasks to queue
[2023-06-18T15:19:17.222+0530] {logging_mixin.py:149} INFO - [2023-06-18T15:19:17.222+0530] {dagbag.py:541} INFO - Filling up the DagBag from /home/shubham/.local/lib/python3.10/site-packages/airflow/example_dags/example_latest_only_with_trigger.py
[2023-06-18T15:19:17.229+0530] {processor.py:836} INFO - DAG(s) dict_keys(['latest_only_with_trigger']) retrieved from /home/shubham/.local/lib/python3.10/site-packages/airflow/example_dags/example_latest_only_with_trigger.py
[2023-06-18T15:19:17.247+0530] {logging_mixin.py:149} INFO - [2023-06-18T15:19:17.247+0530] {dag.py:2726} INFO - Sync 1 DAGs
[2023-06-18T15:19:17.267+0530] {logging_mixin.py:149} INFO - [2023-06-18T15:19:17.267+0530] {dag.py:3486} INFO - Setting next_dagrun for latest_only_with_trigger to 2023-06-18T05:49:17.266879+00:00, run_after=2023-06-18T09:49:17.266879+00:00
[2023-06-18T15:19:17.291+0530] {processor.py:179} INFO - Processing /home/shubham/.local/lib/python3.10/site-packages/airflow/example_dags/example_latest_only_with_trigger.py took 0.074 seconds
[2023-06-18T15:20:00.937+0530] {processor.py:157} INFO - Started process (PID=6101) to work on /home/shubham/.local/lib/python3.10/site-packages/airflow/example_dags/example_latest_only_with_trigger.py
[2023-06-18T15:20:00.940+0530] {processor.py:826} INFO - Processing file /home/shubham/.local/lib/python3.10/site-packages/airflow/example_dags/example_latest_only_with_trigger.py for tasks to queue
[2023-06-18T15:20:00.941+0530] {logging_mixin.py:149} INFO - [2023-06-18T15:20:00.941+0530] {dagbag.py:541} INFO - Filling up the DagBag from /home/shubham/.local/lib/python3.10/site-packages/airflow/example_dags/example_latest_only_with_trigger.py
[2023-06-18T15:20:00.947+0530] {processor.py:836} INFO - DAG(s) dict_keys(['latest_only_with_trigger']) retrieved from /home/shubham/.local/lib/python3.10/site-packages/airflow/example_dags/example_latest_only_with_trigger.py
[2023-06-18T15:20:00.964+0530] {logging_mixin.py:149} INFO - [2023-06-18T15:20:00.963+0530] {dag.py:2726} INFO - Sync 1 DAGs
[2023-06-18T15:20:00.980+0530] {logging_mixin.py:149} INFO - [2023-06-18T15:20:00.980+0530] {dag.py:3486} INFO - Setting next_dagrun for latest_only_with_trigger to 2023-06-18T05:50:00.979850+00:00, run_after=2023-06-18T09:50:00.979850+00:00
[2023-06-18T15:20:01.002+0530] {processor.py:179} INFO - Processing /home/shubham/.local/lib/python3.10/site-packages/airflow/example_dags/example_latest_only_with_trigger.py took 0.068 seconds
[2023-06-18T15:20:48.939+0530] {processor.py:157} INFO - Started process (PID=6147) to work on /home/shubham/.local/lib/python3.10/site-packages/airflow/example_dags/example_latest_only_with_trigger.py
[2023-06-18T15:20:48.940+0530] {processor.py:826} INFO - Processing file /home/shubham/.local/lib/python3.10/site-packages/airflow/example_dags/example_latest_only_with_trigger.py for tasks to queue
[2023-06-18T15:20:48.941+0530] {logging_mixin.py:149} INFO - [2023-06-18T15:20:48.941+0530] {dagbag.py:541} INFO - Filling up the DagBag from /home/shubham/.local/lib/python3.10/site-packages/airflow/example_dags/example_latest_only_with_trigger.py
[2023-06-18T15:20:48.949+0530] {processor.py:836} INFO - DAG(s) dict_keys(['latest_only_with_trigger']) retrieved from /home/shubham/.local/lib/python3.10/site-packages/airflow/example_dags/example_latest_only_with_trigger.py
[2023-06-18T15:20:48.973+0530] {logging_mixin.py:149} INFO - [2023-06-18T15:20:48.973+0530] {dag.py:2726} INFO - Sync 1 DAGs
[2023-06-18T15:20:48.996+0530] {logging_mixin.py:149} INFO - [2023-06-18T15:20:48.996+0530] {dag.py:3486} INFO - Setting next_dagrun for latest_only_with_trigger to 2023-06-18T05:50:48.995759+00:00, run_after=2023-06-18T09:50:48.995759+00:00
[2023-06-18T15:20:49.022+0530] {processor.py:179} INFO - Processing /home/shubham/.local/lib/python3.10/site-packages/airflow/example_dags/example_latest_only_with_trigger.py took 0.087 seconds
[2023-06-18T15:47:25.619+0530] {processor.py:157} INFO - Started process (PID=6368) to work on /home/shubham/.local/lib/python3.10/site-packages/airflow/example_dags/example_latest_only_with_trigger.py
[2023-06-18T15:47:25.621+0530] {processor.py:826} INFO - Processing file /home/shubham/.local/lib/python3.10/site-packages/airflow/example_dags/example_latest_only_with_trigger.py for tasks to queue
[2023-06-18T15:47:25.622+0530] {logging_mixin.py:149} INFO - [2023-06-18T15:47:25.622+0530] {dagbag.py:541} INFO - Filling up the DagBag from /home/shubham/.local/lib/python3.10/site-packages/airflow/example_dags/example_latest_only_with_trigger.py
[2023-06-18T15:47:25.629+0530] {processor.py:836} INFO - DAG(s) dict_keys(['latest_only_with_trigger']) retrieved from /home/shubham/.local/lib/python3.10/site-packages/airflow/example_dags/example_latest_only_with_trigger.py
[2023-06-18T15:47:25.645+0530] {logging_mixin.py:149} INFO - [2023-06-18T15:47:25.645+0530] {dag.py:2726} INFO - Sync 1 DAGs
[2023-06-18T15:47:25.659+0530] {logging_mixin.py:149} INFO - [2023-06-18T15:47:25.659+0530] {dag.py:3486} INFO - Setting next_dagrun for latest_only_with_trigger to 2023-06-18T06:17:25.659274+00:00, run_after=2023-06-18T10:17:25.659274+00:00
[2023-06-18T15:47:25.681+0530] {processor.py:179} INFO - Processing /home/shubham/.local/lib/python3.10/site-packages/airflow/example_dags/example_latest_only_with_trigger.py took 0.065 seconds
[2023-06-18T15:48:12.273+0530] {processor.py:157} INFO - Started process (PID=6417) to work on /home/shubham/.local/lib/python3.10/site-packages/airflow/example_dags/example_latest_only_with_trigger.py
[2023-06-18T15:48:12.275+0530] {processor.py:826} INFO - Processing file /home/shubham/.local/lib/python3.10/site-packages/airflow/example_dags/example_latest_only_with_trigger.py for tasks to queue
[2023-06-18T15:48:12.275+0530] {logging_mixin.py:149} INFO - [2023-06-18T15:48:12.275+0530] {dagbag.py:541} INFO - Filling up the DagBag from /home/shubham/.local/lib/python3.10/site-packages/airflow/example_dags/example_latest_only_with_trigger.py
[2023-06-18T15:48:12.280+0530] {processor.py:836} INFO - DAG(s) dict_keys(['latest_only_with_trigger']) retrieved from /home/shubham/.local/lib/python3.10/site-packages/airflow/example_dags/example_latest_only_with_trigger.py
[2023-06-18T15:48:12.295+0530] {logging_mixin.py:149} INFO - [2023-06-18T15:48:12.295+0530] {dag.py:2726} INFO - Sync 1 DAGs
[2023-06-18T15:48:12.309+0530] {logging_mixin.py:149} INFO - [2023-06-18T15:48:12.309+0530] {dag.py:3486} INFO - Setting next_dagrun for latest_only_with_trigger to 2023-06-18T06:18:12.309071+00:00, run_after=2023-06-18T10:18:12.309071+00:00
[2023-06-18T15:48:12.332+0530] {processor.py:179} INFO - Processing /home/shubham/.local/lib/python3.10/site-packages/airflow/example_dags/example_latest_only_with_trigger.py took 0.062 seconds
