[2023-06-18T13:45:20.692+0530] {processor.py:157} INFO - Started process (PID=143) to work on /home/shubham/.local/lib/python3.10/site-packages/airflow/example_dags/example_local_kubernetes_executor.py
[2023-06-18T13:45:20.693+0530] {processor.py:826} INFO - Processing file /home/shubham/.local/lib/python3.10/site-packages/airflow/example_dags/example_local_kubernetes_executor.py for tasks to queue
[2023-06-18T13:45:20.693+0530] {logging_mixin.py:149} INFO - [2023-06-18T13:45:20.693+0530] {dagbag.py:541} INFO - Filling up the DagBag from /home/shubham/.local/lib/python3.10/site-packages/airflow/example_dags/example_local_kubernetes_executor.py
[2023-06-18T13:45:20.777+0530] {processor.py:836} INFO - DAG(s) dict_keys(['example_local_kubernetes_executor']) retrieved from /home/shubham/.local/lib/python3.10/site-packages/airflow/example_dags/example_local_kubernetes_executor.py
[2023-06-18T13:45:20.800+0530] {logging_mixin.py:149} INFO - [2023-06-18T13:45:20.800+0530] {dag.py:2726} INFO - Sync 1 DAGs
[2023-06-18T13:45:20.811+0530] {logging_mixin.py:149} INFO - [2023-06-18T13:45:20.811+0530] {dag.py:3486} INFO - Setting next_dagrun for example_local_kubernetes_executor to None, run_after=None
[2023-06-18T13:45:20.828+0530] {processor.py:179} INFO - Processing /home/shubham/.local/lib/python3.10/site-packages/airflow/example_dags/example_local_kubernetes_executor.py took 0.138 seconds
[2023-06-18T13:46:03.290+0530] {processor.py:157} INFO - Started process (PID=189) to work on /home/shubham/.local/lib/python3.10/site-packages/airflow/example_dags/example_local_kubernetes_executor.py
[2023-06-18T13:46:03.291+0530] {processor.py:826} INFO - Processing file /home/shubham/.local/lib/python3.10/site-packages/airflow/example_dags/example_local_kubernetes_executor.py for tasks to queue
[2023-06-18T13:46:03.292+0530] {logging_mixin.py:149} INFO - [2023-06-18T13:46:03.292+0530] {dagbag.py:541} INFO - Filling up the DagBag from /home/shubham/.local/lib/python3.10/site-packages/airflow/example_dags/example_local_kubernetes_executor.py
[2023-06-18T13:46:03.379+0530] {processor.py:836} INFO - DAG(s) dict_keys(['example_local_kubernetes_executor']) retrieved from /home/shubham/.local/lib/python3.10/site-packages/airflow/example_dags/example_local_kubernetes_executor.py
[2023-06-18T13:46:03.400+0530] {logging_mixin.py:149} INFO - [2023-06-18T13:46:03.400+0530] {dag.py:2726} INFO - Sync 1 DAGs
[2023-06-18T13:46:03.415+0530] {logging_mixin.py:149} INFO - [2023-06-18T13:46:03.415+0530] {dag.py:3486} INFO - Setting next_dagrun for example_local_kubernetes_executor to None, run_after=None
[2023-06-18T13:46:03.432+0530] {processor.py:179} INFO - Processing /home/shubham/.local/lib/python3.10/site-packages/airflow/example_dags/example_local_kubernetes_executor.py took 0.145 seconds
[2023-06-18T13:46:49.616+0530] {processor.py:157} INFO - Started process (PID=237) to work on /home/shubham/.local/lib/python3.10/site-packages/airflow/example_dags/example_local_kubernetes_executor.py
[2023-06-18T13:46:49.617+0530] {processor.py:826} INFO - Processing file /home/shubham/.local/lib/python3.10/site-packages/airflow/example_dags/example_local_kubernetes_executor.py for tasks to queue
[2023-06-18T13:46:49.617+0530] {logging_mixin.py:149} INFO - [2023-06-18T13:46:49.617+0530] {dagbag.py:541} INFO - Filling up the DagBag from /home/shubham/.local/lib/python3.10/site-packages/airflow/example_dags/example_local_kubernetes_executor.py
[2023-06-18T13:46:49.718+0530] {processor.py:836} INFO - DAG(s) dict_keys(['example_local_kubernetes_executor']) retrieved from /home/shubham/.local/lib/python3.10/site-packages/airflow/example_dags/example_local_kubernetes_executor.py
[2023-06-18T13:46:49.745+0530] {logging_mixin.py:149} INFO - [2023-06-18T13:46:49.745+0530] {dag.py:2726} INFO - Sync 1 DAGs
[2023-06-18T13:46:49.762+0530] {logging_mixin.py:149} INFO - [2023-06-18T13:46:49.762+0530] {dag.py:3486} INFO - Setting next_dagrun for example_local_kubernetes_executor to None, run_after=None
[2023-06-18T13:46:49.780+0530] {processor.py:179} INFO - Processing /home/shubham/.local/lib/python3.10/site-packages/airflow/example_dags/example_local_kubernetes_executor.py took 0.166 seconds
[2023-06-18T13:47:37.636+0530] {processor.py:157} INFO - Started process (PID=285) to work on /home/shubham/.local/lib/python3.10/site-packages/airflow/example_dags/example_local_kubernetes_executor.py
[2023-06-18T13:47:37.637+0530] {processor.py:826} INFO - Processing file /home/shubham/.local/lib/python3.10/site-packages/airflow/example_dags/example_local_kubernetes_executor.py for tasks to queue
[2023-06-18T13:47:37.637+0530] {logging_mixin.py:149} INFO - [2023-06-18T13:47:37.637+0530] {dagbag.py:541} INFO - Filling up the DagBag from /home/shubham/.local/lib/python3.10/site-packages/airflow/example_dags/example_local_kubernetes_executor.py
[2023-06-18T13:47:37.731+0530] {processor.py:836} INFO - DAG(s) dict_keys(['example_local_kubernetes_executor']) retrieved from /home/shubham/.local/lib/python3.10/site-packages/airflow/example_dags/example_local_kubernetes_executor.py
[2023-06-18T13:47:37.762+0530] {logging_mixin.py:149} INFO - [2023-06-18T13:47:37.761+0530] {dag.py:2726} INFO - Sync 1 DAGs
[2023-06-18T13:47:37.780+0530] {logging_mixin.py:149} INFO - [2023-06-18T13:47:37.780+0530] {dag.py:3486} INFO - Setting next_dagrun for example_local_kubernetes_executor to None, run_after=None
[2023-06-18T13:47:37.796+0530] {processor.py:179} INFO - Processing /home/shubham/.local/lib/python3.10/site-packages/airflow/example_dags/example_local_kubernetes_executor.py took 0.163 seconds
[2023-06-18T13:52:24.466+0530] {processor.py:157} INFO - Started process (PID=472) to work on /home/shubham/.local/lib/python3.10/site-packages/airflow/example_dags/example_local_kubernetes_executor.py
[2023-06-18T13:52:24.467+0530] {processor.py:826} INFO - Processing file /home/shubham/.local/lib/python3.10/site-packages/airflow/example_dags/example_local_kubernetes_executor.py for tasks to queue
[2023-06-18T13:52:24.470+0530] {logging_mixin.py:149} INFO - [2023-06-18T13:52:24.469+0530] {dagbag.py:541} INFO - Filling up the DagBag from /home/shubham/.local/lib/python3.10/site-packages/airflow/example_dags/example_local_kubernetes_executor.py
[2023-06-18T13:52:24.601+0530] {processor.py:836} INFO - DAG(s) dict_keys(['example_local_kubernetes_executor']) retrieved from /home/shubham/.local/lib/python3.10/site-packages/airflow/example_dags/example_local_kubernetes_executor.py
[2023-06-18T13:52:24.651+0530] {logging_mixin.py:149} INFO - [2023-06-18T13:52:24.650+0530] {dag.py:2726} INFO - Sync 1 DAGs
[2023-06-18T13:52:24.667+0530] {logging_mixin.py:149} INFO - [2023-06-18T13:52:24.667+0530] {dag.py:3486} INFO - Setting next_dagrun for example_local_kubernetes_executor to None, run_after=None
[2023-06-18T13:52:24.687+0530] {processor.py:179} INFO - Processing /home/shubham/.local/lib/python3.10/site-packages/airflow/example_dags/example_local_kubernetes_executor.py took 0.223 seconds
[2023-06-18T13:53:08.363+0530] {processor.py:157} INFO - Started process (PID=518) to work on /home/shubham/.local/lib/python3.10/site-packages/airflow/example_dags/example_local_kubernetes_executor.py
[2023-06-18T13:53:08.364+0530] {processor.py:826} INFO - Processing file /home/shubham/.local/lib/python3.10/site-packages/airflow/example_dags/example_local_kubernetes_executor.py for tasks to queue
[2023-06-18T13:53:08.365+0530] {logging_mixin.py:149} INFO - [2023-06-18T13:53:08.364+0530] {dagbag.py:541} INFO - Filling up the DagBag from /home/shubham/.local/lib/python3.10/site-packages/airflow/example_dags/example_local_kubernetes_executor.py
[2023-06-18T13:53:08.458+0530] {processor.py:836} INFO - DAG(s) dict_keys(['example_local_kubernetes_executor']) retrieved from /home/shubham/.local/lib/python3.10/site-packages/airflow/example_dags/example_local_kubernetes_executor.py
[2023-06-18T13:53:08.481+0530] {logging_mixin.py:149} INFO - [2023-06-18T13:53:08.481+0530] {dag.py:2726} INFO - Sync 1 DAGs
[2023-06-18T13:53:08.496+0530] {logging_mixin.py:149} INFO - [2023-06-18T13:53:08.496+0530] {dag.py:3486} INFO - Setting next_dagrun for example_local_kubernetes_executor to None, run_after=None
[2023-06-18T13:53:08.512+0530] {processor.py:179} INFO - Processing /home/shubham/.local/lib/python3.10/site-packages/airflow/example_dags/example_local_kubernetes_executor.py took 0.151 seconds
[2023-06-18T14:39:58.394+0530] {processor.py:157} INFO - Started process (PID=3230) to work on /home/shubham/.local/lib/python3.10/site-packages/airflow/example_dags/example_local_kubernetes_executor.py
[2023-06-18T14:39:58.395+0530] {processor.py:826} INFO - Processing file /home/shubham/.local/lib/python3.10/site-packages/airflow/example_dags/example_local_kubernetes_executor.py for tasks to queue
[2023-06-18T14:39:58.395+0530] {logging_mixin.py:149} INFO - [2023-06-18T14:39:58.395+0530] {dagbag.py:541} INFO - Filling up the DagBag from /home/shubham/.local/lib/python3.10/site-packages/airflow/example_dags/example_local_kubernetes_executor.py
[2023-06-18T14:39:58.500+0530] {processor.py:836} INFO - DAG(s) dict_keys(['example_local_kubernetes_executor']) retrieved from /home/shubham/.local/lib/python3.10/site-packages/airflow/example_dags/example_local_kubernetes_executor.py
[2023-06-18T14:39:58.531+0530] {logging_mixin.py:149} INFO - [2023-06-18T14:39:58.531+0530] {dag.py:2726} INFO - Sync 1 DAGs
[2023-06-18T14:39:58.543+0530] {logging_mixin.py:149} INFO - [2023-06-18T14:39:58.542+0530] {dag.py:3486} INFO - Setting next_dagrun for example_local_kubernetes_executor to None, run_after=None
[2023-06-18T14:39:58.558+0530] {processor.py:179} INFO - Processing /home/shubham/.local/lib/python3.10/site-packages/airflow/example_dags/example_local_kubernetes_executor.py took 0.167 seconds
[2023-06-18T14:40:45.350+0530] {processor.py:157} INFO - Started process (PID=3292) to work on /home/shubham/.local/lib/python3.10/site-packages/airflow/example_dags/example_local_kubernetes_executor.py
[2023-06-18T14:40:45.351+0530] {processor.py:826} INFO - Processing file /home/shubham/.local/lib/python3.10/site-packages/airflow/example_dags/example_local_kubernetes_executor.py for tasks to queue
[2023-06-18T14:40:45.351+0530] {logging_mixin.py:149} INFO - [2023-06-18T14:40:45.351+0530] {dagbag.py:541} INFO - Filling up the DagBag from /home/shubham/.local/lib/python3.10/site-packages/airflow/example_dags/example_local_kubernetes_executor.py
[2023-06-18T14:40:45.434+0530] {processor.py:836} INFO - DAG(s) dict_keys(['example_local_kubernetes_executor']) retrieved from /home/shubham/.local/lib/python3.10/site-packages/airflow/example_dags/example_local_kubernetes_executor.py
[2023-06-18T14:40:45.454+0530] {logging_mixin.py:149} INFO - [2023-06-18T14:40:45.454+0530] {dag.py:2726} INFO - Sync 1 DAGs
[2023-06-18T14:40:45.468+0530] {logging_mixin.py:149} INFO - [2023-06-18T14:40:45.467+0530] {dag.py:3486} INFO - Setting next_dagrun for example_local_kubernetes_executor to None, run_after=None
[2023-06-18T14:40:45.486+0530] {processor.py:179} INFO - Processing /home/shubham/.local/lib/python3.10/site-packages/airflow/example_dags/example_local_kubernetes_executor.py took 0.138 seconds
[2023-06-18T14:41:28.877+0530] {processor.py:157} INFO - Started process (PID=3606) to work on /home/shubham/.local/lib/python3.10/site-packages/airflow/example_dags/example_local_kubernetes_executor.py
[2023-06-18T14:41:28.879+0530] {processor.py:826} INFO - Processing file /home/shubham/.local/lib/python3.10/site-packages/airflow/example_dags/example_local_kubernetes_executor.py for tasks to queue
[2023-06-18T14:41:28.879+0530] {logging_mixin.py:149} INFO - [2023-06-18T14:41:28.879+0530] {dagbag.py:541} INFO - Filling up the DagBag from /home/shubham/.local/lib/python3.10/site-packages/airflow/example_dags/example_local_kubernetes_executor.py
[2023-06-18T14:41:29.002+0530] {processor.py:836} INFO - DAG(s) dict_keys(['example_local_kubernetes_executor']) retrieved from /home/shubham/.local/lib/python3.10/site-packages/airflow/example_dags/example_local_kubernetes_executor.py
[2023-06-18T14:41:29.024+0530] {logging_mixin.py:149} INFO - [2023-06-18T14:41:29.024+0530] {dag.py:2726} INFO - Sync 1 DAGs
[2023-06-18T14:41:29.041+0530] {logging_mixin.py:149} INFO - [2023-06-18T14:41:29.041+0530] {dag.py:3486} INFO - Setting next_dagrun for example_local_kubernetes_executor to None, run_after=None
[2023-06-18T14:41:29.058+0530] {processor.py:179} INFO - Processing /home/shubham/.local/lib/python3.10/site-packages/airflow/example_dags/example_local_kubernetes_executor.py took 0.187 seconds
[2023-06-18T14:42:14.263+0530] {processor.py:157} INFO - Started process (PID=3695) to work on /home/shubham/.local/lib/python3.10/site-packages/airflow/example_dags/example_local_kubernetes_executor.py
[2023-06-18T14:42:14.264+0530] {processor.py:826} INFO - Processing file /home/shubham/.local/lib/python3.10/site-packages/airflow/example_dags/example_local_kubernetes_executor.py for tasks to queue
[2023-06-18T14:42:14.265+0530] {logging_mixin.py:149} INFO - [2023-06-18T14:42:14.265+0530] {dagbag.py:541} INFO - Filling up the DagBag from /home/shubham/.local/lib/python3.10/site-packages/airflow/example_dags/example_local_kubernetes_executor.py
[2023-06-18T14:42:14.352+0530] {processor.py:836} INFO - DAG(s) dict_keys(['example_local_kubernetes_executor']) retrieved from /home/shubham/.local/lib/python3.10/site-packages/airflow/example_dags/example_local_kubernetes_executor.py
[2023-06-18T14:42:14.374+0530] {logging_mixin.py:149} INFO - [2023-06-18T14:42:14.374+0530] {dag.py:2726} INFO - Sync 1 DAGs
[2023-06-18T14:42:14.393+0530] {logging_mixin.py:149} INFO - [2023-06-18T14:42:14.393+0530] {dag.py:3486} INFO - Setting next_dagrun for example_local_kubernetes_executor to None, run_after=None
[2023-06-18T14:42:14.411+0530] {processor.py:179} INFO - Processing /home/shubham/.local/lib/python3.10/site-packages/airflow/example_dags/example_local_kubernetes_executor.py took 0.151 seconds
[2023-06-18T14:43:00.789+0530] {processor.py:157} INFO - Started process (PID=3788) to work on /home/shubham/.local/lib/python3.10/site-packages/airflow/example_dags/example_local_kubernetes_executor.py
[2023-06-18T14:43:00.790+0530] {processor.py:826} INFO - Processing file /home/shubham/.local/lib/python3.10/site-packages/airflow/example_dags/example_local_kubernetes_executor.py for tasks to queue
[2023-06-18T14:43:00.791+0530] {logging_mixin.py:149} INFO - [2023-06-18T14:43:00.791+0530] {dagbag.py:541} INFO - Filling up the DagBag from /home/shubham/.local/lib/python3.10/site-packages/airflow/example_dags/example_local_kubernetes_executor.py
[2023-06-18T14:43:00.909+0530] {processor.py:836} INFO - DAG(s) dict_keys(['example_local_kubernetes_executor']) retrieved from /home/shubham/.local/lib/python3.10/site-packages/airflow/example_dags/example_local_kubernetes_executor.py
[2023-06-18T14:43:00.949+0530] {logging_mixin.py:149} INFO - [2023-06-18T14:43:00.949+0530] {dag.py:2726} INFO - Sync 1 DAGs
[2023-06-18T14:43:00.966+0530] {logging_mixin.py:149} INFO - [2023-06-18T14:43:00.966+0530] {dag.py:3486} INFO - Setting next_dagrun for example_local_kubernetes_executor to None, run_after=None
[2023-06-18T14:43:00.987+0530] {processor.py:179} INFO - Processing /home/shubham/.local/lib/python3.10/site-packages/airflow/example_dags/example_local_kubernetes_executor.py took 0.201 seconds
[2023-06-18T14:43:50.991+0530] {processor.py:157} INFO - Started process (PID=3837) to work on /home/shubham/.local/lib/python3.10/site-packages/airflow/example_dags/example_local_kubernetes_executor.py
[2023-06-18T14:43:50.992+0530] {processor.py:826} INFO - Processing file /home/shubham/.local/lib/python3.10/site-packages/airflow/example_dags/example_local_kubernetes_executor.py for tasks to queue
[2023-06-18T14:43:50.993+0530] {logging_mixin.py:149} INFO - [2023-06-18T14:43:50.993+0530] {dagbag.py:541} INFO - Filling up the DagBag from /home/shubham/.local/lib/python3.10/site-packages/airflow/example_dags/example_local_kubernetes_executor.py
[2023-06-18T14:43:51.083+0530] {processor.py:836} INFO - DAG(s) dict_keys(['example_local_kubernetes_executor']) retrieved from /home/shubham/.local/lib/python3.10/site-packages/airflow/example_dags/example_local_kubernetes_executor.py
[2023-06-18T14:43:51.104+0530] {logging_mixin.py:149} INFO - [2023-06-18T14:43:51.103+0530] {dag.py:2726} INFO - Sync 1 DAGs
[2023-06-18T14:43:51.116+0530] {logging_mixin.py:149} INFO - [2023-06-18T14:43:51.116+0530] {dag.py:3486} INFO - Setting next_dagrun for example_local_kubernetes_executor to None, run_after=None
[2023-06-18T14:43:51.134+0530] {processor.py:179} INFO - Processing /home/shubham/.local/lib/python3.10/site-packages/airflow/example_dags/example_local_kubernetes_executor.py took 0.146 seconds
[2023-06-18T14:44:35.662+0530] {processor.py:157} INFO - Started process (PID=3884) to work on /home/shubham/.local/lib/python3.10/site-packages/airflow/example_dags/example_local_kubernetes_executor.py
[2023-06-18T14:44:35.663+0530] {processor.py:826} INFO - Processing file /home/shubham/.local/lib/python3.10/site-packages/airflow/example_dags/example_local_kubernetes_executor.py for tasks to queue
[2023-06-18T14:44:35.664+0530] {logging_mixin.py:149} INFO - [2023-06-18T14:44:35.664+0530] {dagbag.py:541} INFO - Filling up the DagBag from /home/shubham/.local/lib/python3.10/site-packages/airflow/example_dags/example_local_kubernetes_executor.py
[2023-06-18T14:44:35.820+0530] {processor.py:836} INFO - DAG(s) dict_keys(['example_local_kubernetes_executor']) retrieved from /home/shubham/.local/lib/python3.10/site-packages/airflow/example_dags/example_local_kubernetes_executor.py
[2023-06-18T14:44:35.856+0530] {logging_mixin.py:149} INFO - [2023-06-18T14:44:35.856+0530] {dag.py:2726} INFO - Sync 1 DAGs
[2023-06-18T14:44:35.891+0530] {logging_mixin.py:149} INFO - [2023-06-18T14:44:35.890+0530] {dag.py:3486} INFO - Setting next_dagrun for example_local_kubernetes_executor to None, run_after=None
[2023-06-18T14:44:35.924+0530] {processor.py:179} INFO - Processing /home/shubham/.local/lib/python3.10/site-packages/airflow/example_dags/example_local_kubernetes_executor.py took 0.267 seconds
[2023-06-18T14:45:19.532+0530] {processor.py:157} INFO - Started process (PID=3930) to work on /home/shubham/.local/lib/python3.10/site-packages/airflow/example_dags/example_local_kubernetes_executor.py
[2023-06-18T14:45:19.533+0530] {processor.py:826} INFO - Processing file /home/shubham/.local/lib/python3.10/site-packages/airflow/example_dags/example_local_kubernetes_executor.py for tasks to queue
[2023-06-18T14:45:19.534+0530] {logging_mixin.py:149} INFO - [2023-06-18T14:45:19.534+0530] {dagbag.py:541} INFO - Filling up the DagBag from /home/shubham/.local/lib/python3.10/site-packages/airflow/example_dags/example_local_kubernetes_executor.py
[2023-06-18T14:45:19.621+0530] {processor.py:836} INFO - DAG(s) dict_keys(['example_local_kubernetes_executor']) retrieved from /home/shubham/.local/lib/python3.10/site-packages/airflow/example_dags/example_local_kubernetes_executor.py
[2023-06-18T14:45:19.644+0530] {logging_mixin.py:149} INFO - [2023-06-18T14:45:19.643+0530] {dag.py:2726} INFO - Sync 1 DAGs
[2023-06-18T14:45:19.659+0530] {logging_mixin.py:149} INFO - [2023-06-18T14:45:19.659+0530] {dag.py:3486} INFO - Setting next_dagrun for example_local_kubernetes_executor to None, run_after=None
[2023-06-18T14:45:19.675+0530] {processor.py:179} INFO - Processing /home/shubham/.local/lib/python3.10/site-packages/airflow/example_dags/example_local_kubernetes_executor.py took 0.146 seconds
[2023-06-18T14:46:04.559+0530] {processor.py:157} INFO - Started process (PID=3976) to work on /home/shubham/.local/lib/python3.10/site-packages/airflow/example_dags/example_local_kubernetes_executor.py
[2023-06-18T14:46:04.561+0530] {processor.py:826} INFO - Processing file /home/shubham/.local/lib/python3.10/site-packages/airflow/example_dags/example_local_kubernetes_executor.py for tasks to queue
[2023-06-18T14:46:04.561+0530] {logging_mixin.py:149} INFO - [2023-06-18T14:46:04.561+0530] {dagbag.py:541} INFO - Filling up the DagBag from /home/shubham/.local/lib/python3.10/site-packages/airflow/example_dags/example_local_kubernetes_executor.py
[2023-06-18T14:46:04.655+0530] {processor.py:836} INFO - DAG(s) dict_keys(['example_local_kubernetes_executor']) retrieved from /home/shubham/.local/lib/python3.10/site-packages/airflow/example_dags/example_local_kubernetes_executor.py
[2023-06-18T14:46:04.674+0530] {logging_mixin.py:149} INFO - [2023-06-18T14:46:04.674+0530] {dag.py:2726} INFO - Sync 1 DAGs
[2023-06-18T14:46:04.687+0530] {logging_mixin.py:149} INFO - [2023-06-18T14:46:04.687+0530] {dag.py:3486} INFO - Setting next_dagrun for example_local_kubernetes_executor to None, run_after=None
[2023-06-18T14:46:04.704+0530] {processor.py:179} INFO - Processing /home/shubham/.local/lib/python3.10/site-packages/airflow/example_dags/example_local_kubernetes_executor.py took 0.146 seconds
[2023-06-18T14:46:50.881+0530] {processor.py:157} INFO - Started process (PID=4024) to work on /home/shubham/.local/lib/python3.10/site-packages/airflow/example_dags/example_local_kubernetes_executor.py
[2023-06-18T14:46:50.882+0530] {processor.py:826} INFO - Processing file /home/shubham/.local/lib/python3.10/site-packages/airflow/example_dags/example_local_kubernetes_executor.py for tasks to queue
[2023-06-18T14:46:50.883+0530] {logging_mixin.py:149} INFO - [2023-06-18T14:46:50.883+0530] {dagbag.py:541} INFO - Filling up the DagBag from /home/shubham/.local/lib/python3.10/site-packages/airflow/example_dags/example_local_kubernetes_executor.py
[2023-06-18T14:46:50.970+0530] {processor.py:836} INFO - DAG(s) dict_keys(['example_local_kubernetes_executor']) retrieved from /home/shubham/.local/lib/python3.10/site-packages/airflow/example_dags/example_local_kubernetes_executor.py
[2023-06-18T14:46:50.993+0530] {logging_mixin.py:149} INFO - [2023-06-18T14:46:50.993+0530] {dag.py:2726} INFO - Sync 1 DAGs
[2023-06-18T14:46:51.004+0530] {logging_mixin.py:149} INFO - [2023-06-18T14:46:51.004+0530] {dag.py:3486} INFO - Setting next_dagrun for example_local_kubernetes_executor to None, run_after=None
[2023-06-18T14:46:51.020+0530] {processor.py:179} INFO - Processing /home/shubham/.local/lib/python3.10/site-packages/airflow/example_dags/example_local_kubernetes_executor.py took 0.141 seconds
[2023-06-18T14:47:36.755+0530] {processor.py:157} INFO - Started process (PID=4072) to work on /home/shubham/.local/lib/python3.10/site-packages/airflow/example_dags/example_local_kubernetes_executor.py
[2023-06-18T14:47:36.757+0530] {processor.py:826} INFO - Processing file /home/shubham/.local/lib/python3.10/site-packages/airflow/example_dags/example_local_kubernetes_executor.py for tasks to queue
[2023-06-18T14:47:36.757+0530] {logging_mixin.py:149} INFO - [2023-06-18T14:47:36.757+0530] {dagbag.py:541} INFO - Filling up the DagBag from /home/shubham/.local/lib/python3.10/site-packages/airflow/example_dags/example_local_kubernetes_executor.py
[2023-06-18T14:47:36.842+0530] {processor.py:836} INFO - DAG(s) dict_keys(['example_local_kubernetes_executor']) retrieved from /home/shubham/.local/lib/python3.10/site-packages/airflow/example_dags/example_local_kubernetes_executor.py
[2023-06-18T14:47:36.861+0530] {logging_mixin.py:149} INFO - [2023-06-18T14:47:36.861+0530] {dag.py:2726} INFO - Sync 1 DAGs
[2023-06-18T14:47:36.874+0530] {logging_mixin.py:149} INFO - [2023-06-18T14:47:36.874+0530] {dag.py:3486} INFO - Setting next_dagrun for example_local_kubernetes_executor to None, run_after=None
[2023-06-18T14:47:36.890+0530] {processor.py:179} INFO - Processing /home/shubham/.local/lib/python3.10/site-packages/airflow/example_dags/example_local_kubernetes_executor.py took 0.137 seconds
[2023-06-18T14:48:18.685+0530] {processor.py:157} INFO - Started process (PID=4116) to work on /home/shubham/.local/lib/python3.10/site-packages/airflow/example_dags/example_local_kubernetes_executor.py
[2023-06-18T14:48:18.687+0530] {processor.py:826} INFO - Processing file /home/shubham/.local/lib/python3.10/site-packages/airflow/example_dags/example_local_kubernetes_executor.py for tasks to queue
[2023-06-18T14:48:18.687+0530] {logging_mixin.py:149} INFO - [2023-06-18T14:48:18.687+0530] {dagbag.py:541} INFO - Filling up the DagBag from /home/shubham/.local/lib/python3.10/site-packages/airflow/example_dags/example_local_kubernetes_executor.py
[2023-06-18T14:48:18.775+0530] {processor.py:836} INFO - DAG(s) dict_keys(['example_local_kubernetes_executor']) retrieved from /home/shubham/.local/lib/python3.10/site-packages/airflow/example_dags/example_local_kubernetes_executor.py
[2023-06-18T14:48:18.796+0530] {logging_mixin.py:149} INFO - [2023-06-18T14:48:18.796+0530] {dag.py:2726} INFO - Sync 1 DAGs
[2023-06-18T14:48:18.808+0530] {logging_mixin.py:149} INFO - [2023-06-18T14:48:18.808+0530] {dag.py:3486} INFO - Setting next_dagrun for example_local_kubernetes_executor to None, run_after=None
[2023-06-18T14:48:18.825+0530] {processor.py:179} INFO - Processing /home/shubham/.local/lib/python3.10/site-packages/airflow/example_dags/example_local_kubernetes_executor.py took 0.142 seconds
[2023-06-18T14:49:02.754+0530] {processor.py:157} INFO - Started process (PID=4162) to work on /home/shubham/.local/lib/python3.10/site-packages/airflow/example_dags/example_local_kubernetes_executor.py
[2023-06-18T14:49:02.756+0530] {processor.py:826} INFO - Processing file /home/shubham/.local/lib/python3.10/site-packages/airflow/example_dags/example_local_kubernetes_executor.py for tasks to queue
[2023-06-18T14:49:02.756+0530] {logging_mixin.py:149} INFO - [2023-06-18T14:49:02.756+0530] {dagbag.py:541} INFO - Filling up the DagBag from /home/shubham/.local/lib/python3.10/site-packages/airflow/example_dags/example_local_kubernetes_executor.py
[2023-06-18T14:49:02.840+0530] {processor.py:836} INFO - DAG(s) dict_keys(['example_local_kubernetes_executor']) retrieved from /home/shubham/.local/lib/python3.10/site-packages/airflow/example_dags/example_local_kubernetes_executor.py
[2023-06-18T14:49:02.859+0530] {logging_mixin.py:149} INFO - [2023-06-18T14:49:02.859+0530] {dag.py:2726} INFO - Sync 1 DAGs
[2023-06-18T14:49:02.872+0530] {logging_mixin.py:149} INFO - [2023-06-18T14:49:02.872+0530] {dag.py:3486} INFO - Setting next_dagrun for example_local_kubernetes_executor to None, run_after=None
[2023-06-18T14:49:02.890+0530] {processor.py:179} INFO - Processing /home/shubham/.local/lib/python3.10/site-packages/airflow/example_dags/example_local_kubernetes_executor.py took 0.137 seconds
[2023-06-18T14:49:45.592+0530] {processor.py:157} INFO - Started process (PID=4207) to work on /home/shubham/.local/lib/python3.10/site-packages/airflow/example_dags/example_local_kubernetes_executor.py
[2023-06-18T14:49:45.593+0530] {processor.py:826} INFO - Processing file /home/shubham/.local/lib/python3.10/site-packages/airflow/example_dags/example_local_kubernetes_executor.py for tasks to queue
[2023-06-18T14:49:45.594+0530] {logging_mixin.py:149} INFO - [2023-06-18T14:49:45.594+0530] {dagbag.py:541} INFO - Filling up the DagBag from /home/shubham/.local/lib/python3.10/site-packages/airflow/example_dags/example_local_kubernetes_executor.py
[2023-06-18T14:49:45.686+0530] {processor.py:836} INFO - DAG(s) dict_keys(['example_local_kubernetes_executor']) retrieved from /home/shubham/.local/lib/python3.10/site-packages/airflow/example_dags/example_local_kubernetes_executor.py
[2023-06-18T14:49:45.706+0530] {logging_mixin.py:149} INFO - [2023-06-18T14:49:45.705+0530] {dag.py:2726} INFO - Sync 1 DAGs
[2023-06-18T14:49:45.717+0530] {logging_mixin.py:149} INFO - [2023-06-18T14:49:45.717+0530] {dag.py:3486} INFO - Setting next_dagrun for example_local_kubernetes_executor to None, run_after=None
[2023-06-18T14:49:45.734+0530] {processor.py:179} INFO - Processing /home/shubham/.local/lib/python3.10/site-packages/airflow/example_dags/example_local_kubernetes_executor.py took 0.145 seconds
[2023-06-18T14:50:27.733+0530] {processor.py:157} INFO - Started process (PID=4252) to work on /home/shubham/.local/lib/python3.10/site-packages/airflow/example_dags/example_local_kubernetes_executor.py
[2023-06-18T14:50:27.735+0530] {processor.py:826} INFO - Processing file /home/shubham/.local/lib/python3.10/site-packages/airflow/example_dags/example_local_kubernetes_executor.py for tasks to queue
[2023-06-18T14:50:27.735+0530] {logging_mixin.py:149} INFO - [2023-06-18T14:50:27.735+0530] {dagbag.py:541} INFO - Filling up the DagBag from /home/shubham/.local/lib/python3.10/site-packages/airflow/example_dags/example_local_kubernetes_executor.py
[2023-06-18T14:50:27.822+0530] {processor.py:836} INFO - DAG(s) dict_keys(['example_local_kubernetes_executor']) retrieved from /home/shubham/.local/lib/python3.10/site-packages/airflow/example_dags/example_local_kubernetes_executor.py
[2023-06-18T14:50:27.841+0530] {logging_mixin.py:149} INFO - [2023-06-18T14:50:27.841+0530] {dag.py:2726} INFO - Sync 1 DAGs
[2023-06-18T14:50:27.854+0530] {logging_mixin.py:149} INFO - [2023-06-18T14:50:27.854+0530] {dag.py:3486} INFO - Setting next_dagrun for example_local_kubernetes_executor to None, run_after=None
[2023-06-18T14:50:27.870+0530] {processor.py:179} INFO - Processing /home/shubham/.local/lib/python3.10/site-packages/airflow/example_dags/example_local_kubernetes_executor.py took 0.139 seconds
[2023-06-18T14:51:11.537+0530] {processor.py:157} INFO - Started process (PID=4298) to work on /home/shubham/.local/lib/python3.10/site-packages/airflow/example_dags/example_local_kubernetes_executor.py
[2023-06-18T14:51:11.538+0530] {processor.py:826} INFO - Processing file /home/shubham/.local/lib/python3.10/site-packages/airflow/example_dags/example_local_kubernetes_executor.py for tasks to queue
[2023-06-18T14:51:11.539+0530] {logging_mixin.py:149} INFO - [2023-06-18T14:51:11.538+0530] {dagbag.py:541} INFO - Filling up the DagBag from /home/shubham/.local/lib/python3.10/site-packages/airflow/example_dags/example_local_kubernetes_executor.py
[2023-06-18T14:51:11.625+0530] {processor.py:836} INFO - DAG(s) dict_keys(['example_local_kubernetes_executor']) retrieved from /home/shubham/.local/lib/python3.10/site-packages/airflow/example_dags/example_local_kubernetes_executor.py
[2023-06-18T14:51:11.647+0530] {logging_mixin.py:149} INFO - [2023-06-18T14:51:11.646+0530] {dag.py:2726} INFO - Sync 1 DAGs
[2023-06-18T14:51:11.661+0530] {logging_mixin.py:149} INFO - [2023-06-18T14:51:11.661+0530] {dag.py:3486} INFO - Setting next_dagrun for example_local_kubernetes_executor to None, run_after=None
[2023-06-18T14:51:11.678+0530] {processor.py:179} INFO - Processing /home/shubham/.local/lib/python3.10/site-packages/airflow/example_dags/example_local_kubernetes_executor.py took 0.144 seconds
[2023-06-18T14:51:54.669+0530] {processor.py:157} INFO - Started process (PID=4342) to work on /home/shubham/.local/lib/python3.10/site-packages/airflow/example_dags/example_local_kubernetes_executor.py
[2023-06-18T14:51:54.670+0530] {processor.py:826} INFO - Processing file /home/shubham/.local/lib/python3.10/site-packages/airflow/example_dags/example_local_kubernetes_executor.py for tasks to queue
[2023-06-18T14:51:54.671+0530] {logging_mixin.py:149} INFO - [2023-06-18T14:51:54.670+0530] {dagbag.py:541} INFO - Filling up the DagBag from /home/shubham/.local/lib/python3.10/site-packages/airflow/example_dags/example_local_kubernetes_executor.py
[2023-06-18T14:51:54.758+0530] {processor.py:836} INFO - DAG(s) dict_keys(['example_local_kubernetes_executor']) retrieved from /home/shubham/.local/lib/python3.10/site-packages/airflow/example_dags/example_local_kubernetes_executor.py
[2023-06-18T14:51:54.778+0530] {logging_mixin.py:149} INFO - [2023-06-18T14:51:54.778+0530] {dag.py:2726} INFO - Sync 1 DAGs
[2023-06-18T14:51:54.789+0530] {logging_mixin.py:149} INFO - [2023-06-18T14:51:54.789+0530] {dag.py:3486} INFO - Setting next_dagrun for example_local_kubernetes_executor to None, run_after=None
[2023-06-18T14:51:54.806+0530] {processor.py:179} INFO - Processing /home/shubham/.local/lib/python3.10/site-packages/airflow/example_dags/example_local_kubernetes_executor.py took 0.139 seconds
[2023-06-18T14:52:37.200+0530] {processor.py:157} INFO - Started process (PID=4388) to work on /home/shubham/.local/lib/python3.10/site-packages/airflow/example_dags/example_local_kubernetes_executor.py
[2023-06-18T14:52:37.202+0530] {processor.py:826} INFO - Processing file /home/shubham/.local/lib/python3.10/site-packages/airflow/example_dags/example_local_kubernetes_executor.py for tasks to queue
[2023-06-18T14:52:37.202+0530] {logging_mixin.py:149} INFO - [2023-06-18T14:52:37.202+0530] {dagbag.py:541} INFO - Filling up the DagBag from /home/shubham/.local/lib/python3.10/site-packages/airflow/example_dags/example_local_kubernetes_executor.py
[2023-06-18T14:52:37.290+0530] {processor.py:836} INFO - DAG(s) dict_keys(['example_local_kubernetes_executor']) retrieved from /home/shubham/.local/lib/python3.10/site-packages/airflow/example_dags/example_local_kubernetes_executor.py
[2023-06-18T14:52:37.310+0530] {logging_mixin.py:149} INFO - [2023-06-18T14:52:37.310+0530] {dag.py:2726} INFO - Sync 1 DAGs
[2023-06-18T14:52:37.322+0530] {logging_mixin.py:149} INFO - [2023-06-18T14:52:37.322+0530] {dag.py:3486} INFO - Setting next_dagrun for example_local_kubernetes_executor to None, run_after=None
[2023-06-18T14:52:37.341+0530] {processor.py:179} INFO - Processing /home/shubham/.local/lib/python3.10/site-packages/airflow/example_dags/example_local_kubernetes_executor.py took 0.143 seconds
[2023-06-18T14:53:21.154+0530] {processor.py:157} INFO - Started process (PID=4434) to work on /home/shubham/.local/lib/python3.10/site-packages/airflow/example_dags/example_local_kubernetes_executor.py
[2023-06-18T14:53:21.156+0530] {processor.py:826} INFO - Processing file /home/shubham/.local/lib/python3.10/site-packages/airflow/example_dags/example_local_kubernetes_executor.py for tasks to queue
[2023-06-18T14:53:21.156+0530] {logging_mixin.py:149} INFO - [2023-06-18T14:53:21.156+0530] {dagbag.py:541} INFO - Filling up the DagBag from /home/shubham/.local/lib/python3.10/site-packages/airflow/example_dags/example_local_kubernetes_executor.py
[2023-06-18T14:53:21.246+0530] {processor.py:836} INFO - DAG(s) dict_keys(['example_local_kubernetes_executor']) retrieved from /home/shubham/.local/lib/python3.10/site-packages/airflow/example_dags/example_local_kubernetes_executor.py
[2023-06-18T14:53:21.267+0530] {logging_mixin.py:149} INFO - [2023-06-18T14:53:21.266+0530] {dag.py:2726} INFO - Sync 1 DAGs
[2023-06-18T14:53:21.278+0530] {logging_mixin.py:149} INFO - [2023-06-18T14:53:21.278+0530] {dag.py:3486} INFO - Setting next_dagrun for example_local_kubernetes_executor to None, run_after=None
[2023-06-18T14:53:21.295+0530] {processor.py:179} INFO - Processing /home/shubham/.local/lib/python3.10/site-packages/airflow/example_dags/example_local_kubernetes_executor.py took 0.142 seconds
[2023-06-18T14:54:09.272+0530] {processor.py:157} INFO - Started process (PID=4482) to work on /home/shubham/.local/lib/python3.10/site-packages/airflow/example_dags/example_local_kubernetes_executor.py
[2023-06-18T14:54:09.273+0530] {processor.py:826} INFO - Processing file /home/shubham/.local/lib/python3.10/site-packages/airflow/example_dags/example_local_kubernetes_executor.py for tasks to queue
[2023-06-18T14:54:09.274+0530] {logging_mixin.py:149} INFO - [2023-06-18T14:54:09.274+0530] {dagbag.py:541} INFO - Filling up the DagBag from /home/shubham/.local/lib/python3.10/site-packages/airflow/example_dags/example_local_kubernetes_executor.py
[2023-06-18T14:54:09.359+0530] {processor.py:836} INFO - DAG(s) dict_keys(['example_local_kubernetes_executor']) retrieved from /home/shubham/.local/lib/python3.10/site-packages/airflow/example_dags/example_local_kubernetes_executor.py
[2023-06-18T14:54:09.378+0530] {logging_mixin.py:149} INFO - [2023-06-18T14:54:09.378+0530] {dag.py:2726} INFO - Sync 1 DAGs
[2023-06-18T14:54:09.389+0530] {logging_mixin.py:149} INFO - [2023-06-18T14:54:09.389+0530] {dag.py:3486} INFO - Setting next_dagrun for example_local_kubernetes_executor to None, run_after=None
[2023-06-18T14:54:09.408+0530] {processor.py:179} INFO - Processing /home/shubham/.local/lib/python3.10/site-packages/airflow/example_dags/example_local_kubernetes_executor.py took 0.138 seconds
[2023-06-18T14:54:54.641+0530] {processor.py:157} INFO - Started process (PID=4529) to work on /home/shubham/.local/lib/python3.10/site-packages/airflow/example_dags/example_local_kubernetes_executor.py
[2023-06-18T14:54:54.643+0530] {processor.py:826} INFO - Processing file /home/shubham/.local/lib/python3.10/site-packages/airflow/example_dags/example_local_kubernetes_executor.py for tasks to queue
[2023-06-18T14:54:54.644+0530] {logging_mixin.py:149} INFO - [2023-06-18T14:54:54.644+0530] {dagbag.py:541} INFO - Filling up the DagBag from /home/shubham/.local/lib/python3.10/site-packages/airflow/example_dags/example_local_kubernetes_executor.py
[2023-06-18T14:54:54.732+0530] {processor.py:836} INFO - DAG(s) dict_keys(['example_local_kubernetes_executor']) retrieved from /home/shubham/.local/lib/python3.10/site-packages/airflow/example_dags/example_local_kubernetes_executor.py
[2023-06-18T14:54:54.753+0530] {logging_mixin.py:149} INFO - [2023-06-18T14:54:54.753+0530] {dag.py:2726} INFO - Sync 1 DAGs
[2023-06-18T14:54:54.765+0530] {logging_mixin.py:149} INFO - [2023-06-18T14:54:54.765+0530] {dag.py:3486} INFO - Setting next_dagrun for example_local_kubernetes_executor to None, run_after=None
[2023-06-18T14:54:54.781+0530] {processor.py:179} INFO - Processing /home/shubham/.local/lib/python3.10/site-packages/airflow/example_dags/example_local_kubernetes_executor.py took 0.143 seconds
[2023-06-18T14:55:39.299+0530] {processor.py:157} INFO - Started process (PID=4575) to work on /home/shubham/.local/lib/python3.10/site-packages/airflow/example_dags/example_local_kubernetes_executor.py
[2023-06-18T14:55:39.300+0530] {processor.py:826} INFO - Processing file /home/shubham/.local/lib/python3.10/site-packages/airflow/example_dags/example_local_kubernetes_executor.py for tasks to queue
[2023-06-18T14:55:39.301+0530] {logging_mixin.py:149} INFO - [2023-06-18T14:55:39.300+0530] {dagbag.py:541} INFO - Filling up the DagBag from /home/shubham/.local/lib/python3.10/site-packages/airflow/example_dags/example_local_kubernetes_executor.py
[2023-06-18T14:55:39.386+0530] {processor.py:836} INFO - DAG(s) dict_keys(['example_local_kubernetes_executor']) retrieved from /home/shubham/.local/lib/python3.10/site-packages/airflow/example_dags/example_local_kubernetes_executor.py
[2023-06-18T14:55:39.406+0530] {logging_mixin.py:149} INFO - [2023-06-18T14:55:39.406+0530] {dag.py:2726} INFO - Sync 1 DAGs
[2023-06-18T14:55:39.419+0530] {logging_mixin.py:149} INFO - [2023-06-18T14:55:39.419+0530] {dag.py:3486} INFO - Setting next_dagrun for example_local_kubernetes_executor to None, run_after=None
[2023-06-18T14:55:39.435+0530] {processor.py:179} INFO - Processing /home/shubham/.local/lib/python3.10/site-packages/airflow/example_dags/example_local_kubernetes_executor.py took 0.139 seconds
[2023-06-18T14:56:24.223+0530] {processor.py:157} INFO - Started process (PID=4622) to work on /home/shubham/.local/lib/python3.10/site-packages/airflow/example_dags/example_local_kubernetes_executor.py
[2023-06-18T14:56:24.224+0530] {processor.py:826} INFO - Processing file /home/shubham/.local/lib/python3.10/site-packages/airflow/example_dags/example_local_kubernetes_executor.py for tasks to queue
[2023-06-18T14:56:24.225+0530] {logging_mixin.py:149} INFO - [2023-06-18T14:56:24.225+0530] {dagbag.py:541} INFO - Filling up the DagBag from /home/shubham/.local/lib/python3.10/site-packages/airflow/example_dags/example_local_kubernetes_executor.py
[2023-06-18T14:56:24.315+0530] {processor.py:836} INFO - DAG(s) dict_keys(['example_local_kubernetes_executor']) retrieved from /home/shubham/.local/lib/python3.10/site-packages/airflow/example_dags/example_local_kubernetes_executor.py
[2023-06-18T14:56:24.338+0530] {logging_mixin.py:149} INFO - [2023-06-18T14:56:24.338+0530] {dag.py:2726} INFO - Sync 1 DAGs
[2023-06-18T14:56:24.350+0530] {logging_mixin.py:149} INFO - [2023-06-18T14:56:24.350+0530] {dag.py:3486} INFO - Setting next_dagrun for example_local_kubernetes_executor to None, run_after=None
[2023-06-18T14:56:24.367+0530] {processor.py:179} INFO - Processing /home/shubham/.local/lib/python3.10/site-packages/airflow/example_dags/example_local_kubernetes_executor.py took 0.148 seconds
[2023-06-18T14:57:07.051+0530] {processor.py:157} INFO - Started process (PID=4672) to work on /home/shubham/.local/lib/python3.10/site-packages/airflow/example_dags/example_local_kubernetes_executor.py
[2023-06-18T14:57:07.052+0530] {processor.py:826} INFO - Processing file /home/shubham/.local/lib/python3.10/site-packages/airflow/example_dags/example_local_kubernetes_executor.py for tasks to queue
[2023-06-18T14:57:07.052+0530] {logging_mixin.py:149} INFO - [2023-06-18T14:57:07.052+0530] {dagbag.py:541} INFO - Filling up the DagBag from /home/shubham/.local/lib/python3.10/site-packages/airflow/example_dags/example_local_kubernetes_executor.py
[2023-06-18T14:57:07.141+0530] {processor.py:836} INFO - DAG(s) dict_keys(['example_local_kubernetes_executor']) retrieved from /home/shubham/.local/lib/python3.10/site-packages/airflow/example_dags/example_local_kubernetes_executor.py
[2023-06-18T14:57:07.160+0530] {logging_mixin.py:149} INFO - [2023-06-18T14:57:07.160+0530] {dag.py:2726} INFO - Sync 1 DAGs
[2023-06-18T14:57:07.173+0530] {logging_mixin.py:149} INFO - [2023-06-18T14:57:07.173+0530] {dag.py:3486} INFO - Setting next_dagrun for example_local_kubernetes_executor to None, run_after=None
[2023-06-18T14:57:07.189+0530] {processor.py:179} INFO - Processing /home/shubham/.local/lib/python3.10/site-packages/airflow/example_dags/example_local_kubernetes_executor.py took 0.141 seconds
[2023-06-18T14:57:49.375+0530] {processor.py:157} INFO - Started process (PID=4716) to work on /home/shubham/.local/lib/python3.10/site-packages/airflow/example_dags/example_local_kubernetes_executor.py
[2023-06-18T14:57:49.376+0530] {processor.py:826} INFO - Processing file /home/shubham/.local/lib/python3.10/site-packages/airflow/example_dags/example_local_kubernetes_executor.py for tasks to queue
[2023-06-18T14:57:49.377+0530] {logging_mixin.py:149} INFO - [2023-06-18T14:57:49.377+0530] {dagbag.py:541} INFO - Filling up the DagBag from /home/shubham/.local/lib/python3.10/site-packages/airflow/example_dags/example_local_kubernetes_executor.py
[2023-06-18T14:57:49.470+0530] {processor.py:836} INFO - DAG(s) dict_keys(['example_local_kubernetes_executor']) retrieved from /home/shubham/.local/lib/python3.10/site-packages/airflow/example_dags/example_local_kubernetes_executor.py
[2023-06-18T14:57:49.493+0530] {logging_mixin.py:149} INFO - [2023-06-18T14:57:49.493+0530] {dag.py:2726} INFO - Sync 1 DAGs
[2023-06-18T14:57:49.505+0530] {logging_mixin.py:149} INFO - [2023-06-18T14:57:49.505+0530] {dag.py:3486} INFO - Setting next_dagrun for example_local_kubernetes_executor to None, run_after=None
[2023-06-18T14:57:49.523+0530] {processor.py:179} INFO - Processing /home/shubham/.local/lib/python3.10/site-packages/airflow/example_dags/example_local_kubernetes_executor.py took 0.151 seconds
[2023-06-18T14:58:31.608+0530] {processor.py:157} INFO - Started process (PID=4761) to work on /home/shubham/.local/lib/python3.10/site-packages/airflow/example_dags/example_local_kubernetes_executor.py
[2023-06-18T14:58:31.609+0530] {processor.py:826} INFO - Processing file /home/shubham/.local/lib/python3.10/site-packages/airflow/example_dags/example_local_kubernetes_executor.py for tasks to queue
[2023-06-18T14:58:31.610+0530] {logging_mixin.py:149} INFO - [2023-06-18T14:58:31.610+0530] {dagbag.py:541} INFO - Filling up the DagBag from /home/shubham/.local/lib/python3.10/site-packages/airflow/example_dags/example_local_kubernetes_executor.py
[2023-06-18T14:58:31.704+0530] {processor.py:836} INFO - DAG(s) dict_keys(['example_local_kubernetes_executor']) retrieved from /home/shubham/.local/lib/python3.10/site-packages/airflow/example_dags/example_local_kubernetes_executor.py
[2023-06-18T14:58:31.722+0530] {logging_mixin.py:149} INFO - [2023-06-18T14:58:31.722+0530] {dag.py:2726} INFO - Sync 1 DAGs
[2023-06-18T14:58:31.735+0530] {logging_mixin.py:149} INFO - [2023-06-18T14:58:31.735+0530] {dag.py:3486} INFO - Setting next_dagrun for example_local_kubernetes_executor to None, run_after=None
[2023-06-18T14:58:31.752+0530] {processor.py:179} INFO - Processing /home/shubham/.local/lib/python3.10/site-packages/airflow/example_dags/example_local_kubernetes_executor.py took 0.146 seconds
[2023-06-18T14:59:13.325+0530] {processor.py:157} INFO - Started process (PID=4804) to work on /home/shubham/.local/lib/python3.10/site-packages/airflow/example_dags/example_local_kubernetes_executor.py
[2023-06-18T14:59:13.327+0530] {processor.py:826} INFO - Processing file /home/shubham/.local/lib/python3.10/site-packages/airflow/example_dags/example_local_kubernetes_executor.py for tasks to queue
[2023-06-18T14:59:13.327+0530] {logging_mixin.py:149} INFO - [2023-06-18T14:59:13.327+0530] {dagbag.py:541} INFO - Filling up the DagBag from /home/shubham/.local/lib/python3.10/site-packages/airflow/example_dags/example_local_kubernetes_executor.py
[2023-06-18T14:59:13.420+0530] {processor.py:836} INFO - DAG(s) dict_keys(['example_local_kubernetes_executor']) retrieved from /home/shubham/.local/lib/python3.10/site-packages/airflow/example_dags/example_local_kubernetes_executor.py
[2023-06-18T14:59:13.440+0530] {logging_mixin.py:149} INFO - [2023-06-18T14:59:13.440+0530] {dag.py:2726} INFO - Sync 1 DAGs
[2023-06-18T14:59:13.451+0530] {logging_mixin.py:149} INFO - [2023-06-18T14:59:13.451+0530] {dag.py:3486} INFO - Setting next_dagrun for example_local_kubernetes_executor to None, run_after=None
[2023-06-18T14:59:13.467+0530] {processor.py:179} INFO - Processing /home/shubham/.local/lib/python3.10/site-packages/airflow/example_dags/example_local_kubernetes_executor.py took 0.144 seconds
[2023-06-18T14:59:55.870+0530] {processor.py:157} INFO - Started process (PID=4850) to work on /home/shubham/.local/lib/python3.10/site-packages/airflow/example_dags/example_local_kubernetes_executor.py
[2023-06-18T14:59:55.872+0530] {processor.py:826} INFO - Processing file /home/shubham/.local/lib/python3.10/site-packages/airflow/example_dags/example_local_kubernetes_executor.py for tasks to queue
[2023-06-18T14:59:55.873+0530] {logging_mixin.py:149} INFO - [2023-06-18T14:59:55.873+0530] {dagbag.py:541} INFO - Filling up the DagBag from /home/shubham/.local/lib/python3.10/site-packages/airflow/example_dags/example_local_kubernetes_executor.py
[2023-06-18T14:59:55.961+0530] {processor.py:836} INFO - DAG(s) dict_keys(['example_local_kubernetes_executor']) retrieved from /home/shubham/.local/lib/python3.10/site-packages/airflow/example_dags/example_local_kubernetes_executor.py
[2023-06-18T14:59:55.980+0530] {logging_mixin.py:149} INFO - [2023-06-18T14:59:55.980+0530] {dag.py:2726} INFO - Sync 1 DAGs
[2023-06-18T14:59:55.993+0530] {logging_mixin.py:149} INFO - [2023-06-18T14:59:55.993+0530] {dag.py:3486} INFO - Setting next_dagrun for example_local_kubernetes_executor to None, run_after=None
[2023-06-18T14:59:56.010+0530] {processor.py:179} INFO - Processing /home/shubham/.local/lib/python3.10/site-packages/airflow/example_dags/example_local_kubernetes_executor.py took 0.142 seconds
[2023-06-18T15:00:40.913+0530] {processor.py:157} INFO - Started process (PID=4894) to work on /home/shubham/.local/lib/python3.10/site-packages/airflow/example_dags/example_local_kubernetes_executor.py
[2023-06-18T15:00:40.914+0530] {processor.py:826} INFO - Processing file /home/shubham/.local/lib/python3.10/site-packages/airflow/example_dags/example_local_kubernetes_executor.py for tasks to queue
[2023-06-18T15:00:40.915+0530] {logging_mixin.py:149} INFO - [2023-06-18T15:00:40.915+0530] {dagbag.py:541} INFO - Filling up the DagBag from /home/shubham/.local/lib/python3.10/site-packages/airflow/example_dags/example_local_kubernetes_executor.py
[2023-06-18T15:00:41.001+0530] {processor.py:836} INFO - DAG(s) dict_keys(['example_local_kubernetes_executor']) retrieved from /home/shubham/.local/lib/python3.10/site-packages/airflow/example_dags/example_local_kubernetes_executor.py
[2023-06-18T15:00:41.021+0530] {logging_mixin.py:149} INFO - [2023-06-18T15:00:41.021+0530] {dag.py:2726} INFO - Sync 1 DAGs
[2023-06-18T15:00:41.032+0530] {logging_mixin.py:149} INFO - [2023-06-18T15:00:41.032+0530] {dag.py:3486} INFO - Setting next_dagrun for example_local_kubernetes_executor to None, run_after=None
[2023-06-18T15:00:41.048+0530] {processor.py:179} INFO - Processing /home/shubham/.local/lib/python3.10/site-packages/airflow/example_dags/example_local_kubernetes_executor.py took 0.138 seconds
[2023-06-18T15:01:25.934+0530] {processor.py:157} INFO - Started process (PID=4942) to work on /home/shubham/.local/lib/python3.10/site-packages/airflow/example_dags/example_local_kubernetes_executor.py
[2023-06-18T15:01:25.936+0530] {processor.py:826} INFO - Processing file /home/shubham/.local/lib/python3.10/site-packages/airflow/example_dags/example_local_kubernetes_executor.py for tasks to queue
[2023-06-18T15:01:25.936+0530] {logging_mixin.py:149} INFO - [2023-06-18T15:01:25.936+0530] {dagbag.py:541} INFO - Filling up the DagBag from /home/shubham/.local/lib/python3.10/site-packages/airflow/example_dags/example_local_kubernetes_executor.py
[2023-06-18T15:01:26.029+0530] {processor.py:836} INFO - DAG(s) dict_keys(['example_local_kubernetes_executor']) retrieved from /home/shubham/.local/lib/python3.10/site-packages/airflow/example_dags/example_local_kubernetes_executor.py
[2023-06-18T15:01:26.049+0530] {logging_mixin.py:149} INFO - [2023-06-18T15:01:26.049+0530] {dag.py:2726} INFO - Sync 1 DAGs
[2023-06-18T15:01:26.062+0530] {logging_mixin.py:149} INFO - [2023-06-18T15:01:26.062+0530] {dag.py:3486} INFO - Setting next_dagrun for example_local_kubernetes_executor to None, run_after=None
[2023-06-18T15:01:26.079+0530] {processor.py:179} INFO - Processing /home/shubham/.local/lib/python3.10/site-packages/airflow/example_dags/example_local_kubernetes_executor.py took 0.148 seconds
[2023-06-18T15:02:14.351+0530] {processor.py:157} INFO - Started process (PID=4990) to work on /home/shubham/.local/lib/python3.10/site-packages/airflow/example_dags/example_local_kubernetes_executor.py
[2023-06-18T15:02:14.352+0530] {processor.py:826} INFO - Processing file /home/shubham/.local/lib/python3.10/site-packages/airflow/example_dags/example_local_kubernetes_executor.py for tasks to queue
[2023-06-18T15:02:14.353+0530] {logging_mixin.py:149} INFO - [2023-06-18T15:02:14.353+0530] {dagbag.py:541} INFO - Filling up the DagBag from /home/shubham/.local/lib/python3.10/site-packages/airflow/example_dags/example_local_kubernetes_executor.py
[2023-06-18T15:02:14.443+0530] {processor.py:836} INFO - DAG(s) dict_keys(['example_local_kubernetes_executor']) retrieved from /home/shubham/.local/lib/python3.10/site-packages/airflow/example_dags/example_local_kubernetes_executor.py
[2023-06-18T15:02:14.466+0530] {logging_mixin.py:149} INFO - [2023-06-18T15:02:14.466+0530] {dag.py:2726} INFO - Sync 1 DAGs
[2023-06-18T15:02:14.482+0530] {logging_mixin.py:149} INFO - [2023-06-18T15:02:14.482+0530] {dag.py:3486} INFO - Setting next_dagrun for example_local_kubernetes_executor to None, run_after=None
[2023-06-18T15:02:14.500+0530] {processor.py:179} INFO - Processing /home/shubham/.local/lib/python3.10/site-packages/airflow/example_dags/example_local_kubernetes_executor.py took 0.152 seconds
[2023-06-18T15:03:06.188+0530] {processor.py:157} INFO - Started process (PID=5047) to work on /home/shubham/.local/lib/python3.10/site-packages/airflow/example_dags/example_local_kubernetes_executor.py
[2023-06-18T15:03:06.189+0530] {processor.py:826} INFO - Processing file /home/shubham/.local/lib/python3.10/site-packages/airflow/example_dags/example_local_kubernetes_executor.py for tasks to queue
[2023-06-18T15:03:06.190+0530] {logging_mixin.py:149} INFO - [2023-06-18T15:03:06.189+0530] {dagbag.py:541} INFO - Filling up the DagBag from /home/shubham/.local/lib/python3.10/site-packages/airflow/example_dags/example_local_kubernetes_executor.py
[2023-06-18T15:03:06.281+0530] {processor.py:836} INFO - DAG(s) dict_keys(['example_local_kubernetes_executor']) retrieved from /home/shubham/.local/lib/python3.10/site-packages/airflow/example_dags/example_local_kubernetes_executor.py
[2023-06-18T15:03:06.303+0530] {logging_mixin.py:149} INFO - [2023-06-18T15:03:06.303+0530] {dag.py:2726} INFO - Sync 1 DAGs
[2023-06-18T15:03:06.316+0530] {logging_mixin.py:149} INFO - [2023-06-18T15:03:06.316+0530] {dag.py:3486} INFO - Setting next_dagrun for example_local_kubernetes_executor to None, run_after=None
[2023-06-18T15:03:06.333+0530] {processor.py:179} INFO - Processing /home/shubham/.local/lib/python3.10/site-packages/airflow/example_dags/example_local_kubernetes_executor.py took 0.147 seconds
[2023-06-18T15:03:50.775+0530] {processor.py:157} INFO - Started process (PID=5093) to work on /home/shubham/.local/lib/python3.10/site-packages/airflow/example_dags/example_local_kubernetes_executor.py
[2023-06-18T15:03:50.777+0530] {processor.py:826} INFO - Processing file /home/shubham/.local/lib/python3.10/site-packages/airflow/example_dags/example_local_kubernetes_executor.py for tasks to queue
[2023-06-18T15:03:50.777+0530] {logging_mixin.py:149} INFO - [2023-06-18T15:03:50.777+0530] {dagbag.py:541} INFO - Filling up the DagBag from /home/shubham/.local/lib/python3.10/site-packages/airflow/example_dags/example_local_kubernetes_executor.py
[2023-06-18T15:03:50.864+0530] {processor.py:836} INFO - DAG(s) dict_keys(['example_local_kubernetes_executor']) retrieved from /home/shubham/.local/lib/python3.10/site-packages/airflow/example_dags/example_local_kubernetes_executor.py
[2023-06-18T15:03:50.882+0530] {logging_mixin.py:149} INFO - [2023-06-18T15:03:50.882+0530] {dag.py:2726} INFO - Sync 1 DAGs
[2023-06-18T15:03:50.896+0530] {logging_mixin.py:149} INFO - [2023-06-18T15:03:50.895+0530] {dag.py:3486} INFO - Setting next_dagrun for example_local_kubernetes_executor to None, run_after=None
[2023-06-18T15:03:50.912+0530] {processor.py:179} INFO - Processing /home/shubham/.local/lib/python3.10/site-packages/airflow/example_dags/example_local_kubernetes_executor.py took 0.139 seconds
[2023-06-18T15:04:35.809+0530] {processor.py:157} INFO - Started process (PID=5141) to work on /home/shubham/.local/lib/python3.10/site-packages/airflow/example_dags/example_local_kubernetes_executor.py
[2023-06-18T15:04:35.811+0530] {processor.py:826} INFO - Processing file /home/shubham/.local/lib/python3.10/site-packages/airflow/example_dags/example_local_kubernetes_executor.py for tasks to queue
[2023-06-18T15:04:35.811+0530] {logging_mixin.py:149} INFO - [2023-06-18T15:04:35.811+0530] {dagbag.py:541} INFO - Filling up the DagBag from /home/shubham/.local/lib/python3.10/site-packages/airflow/example_dags/example_local_kubernetes_executor.py
[2023-06-18T15:04:35.896+0530] {processor.py:836} INFO - DAG(s) dict_keys(['example_local_kubernetes_executor']) retrieved from /home/shubham/.local/lib/python3.10/site-packages/airflow/example_dags/example_local_kubernetes_executor.py
[2023-06-18T15:04:35.915+0530] {logging_mixin.py:149} INFO - [2023-06-18T15:04:35.915+0530] {dag.py:2726} INFO - Sync 1 DAGs
[2023-06-18T15:04:35.926+0530] {logging_mixin.py:149} INFO - [2023-06-18T15:04:35.926+0530] {dag.py:3486} INFO - Setting next_dagrun for example_local_kubernetes_executor to None, run_after=None
[2023-06-18T15:04:35.945+0530] {processor.py:179} INFO - Processing /home/shubham/.local/lib/python3.10/site-packages/airflow/example_dags/example_local_kubernetes_executor.py took 0.138 seconds
[2023-06-18T15:05:19.409+0530] {processor.py:157} INFO - Started process (PID=5185) to work on /home/shubham/.local/lib/python3.10/site-packages/airflow/example_dags/example_local_kubernetes_executor.py
[2023-06-18T15:05:19.411+0530] {processor.py:826} INFO - Processing file /home/shubham/.local/lib/python3.10/site-packages/airflow/example_dags/example_local_kubernetes_executor.py for tasks to queue
[2023-06-18T15:05:19.411+0530] {logging_mixin.py:149} INFO - [2023-06-18T15:05:19.411+0530] {dagbag.py:541} INFO - Filling up the DagBag from /home/shubham/.local/lib/python3.10/site-packages/airflow/example_dags/example_local_kubernetes_executor.py
[2023-06-18T15:05:19.497+0530] {processor.py:836} INFO - DAG(s) dict_keys(['example_local_kubernetes_executor']) retrieved from /home/shubham/.local/lib/python3.10/site-packages/airflow/example_dags/example_local_kubernetes_executor.py
[2023-06-18T15:05:19.516+0530] {logging_mixin.py:149} INFO - [2023-06-18T15:05:19.516+0530] {dag.py:2726} INFO - Sync 1 DAGs
[2023-06-18T15:05:19.529+0530] {logging_mixin.py:149} INFO - [2023-06-18T15:05:19.528+0530] {dag.py:3486} INFO - Setting next_dagrun for example_local_kubernetes_executor to None, run_after=None
[2023-06-18T15:05:19.545+0530] {processor.py:179} INFO - Processing /home/shubham/.local/lib/python3.10/site-packages/airflow/example_dags/example_local_kubernetes_executor.py took 0.138 seconds
[2023-06-18T15:06:02.854+0530] {processor.py:157} INFO - Started process (PID=5231) to work on /home/shubham/.local/lib/python3.10/site-packages/airflow/example_dags/example_local_kubernetes_executor.py
[2023-06-18T15:06:02.855+0530] {processor.py:826} INFO - Processing file /home/shubham/.local/lib/python3.10/site-packages/airflow/example_dags/example_local_kubernetes_executor.py for tasks to queue
[2023-06-18T15:06:02.856+0530] {logging_mixin.py:149} INFO - [2023-06-18T15:06:02.856+0530] {dagbag.py:541} INFO - Filling up the DagBag from /home/shubham/.local/lib/python3.10/site-packages/airflow/example_dags/example_local_kubernetes_executor.py
[2023-06-18T15:06:02.943+0530] {processor.py:836} INFO - DAG(s) dict_keys(['example_local_kubernetes_executor']) retrieved from /home/shubham/.local/lib/python3.10/site-packages/airflow/example_dags/example_local_kubernetes_executor.py
[2023-06-18T15:06:02.962+0530] {logging_mixin.py:149} INFO - [2023-06-18T15:06:02.962+0530] {dag.py:2726} INFO - Sync 1 DAGs
[2023-06-18T15:06:02.975+0530] {logging_mixin.py:149} INFO - [2023-06-18T15:06:02.975+0530] {dag.py:3486} INFO - Setting next_dagrun for example_local_kubernetes_executor to None, run_after=None
[2023-06-18T15:06:02.992+0530] {processor.py:179} INFO - Processing /home/shubham/.local/lib/python3.10/site-packages/airflow/example_dags/example_local_kubernetes_executor.py took 0.141 seconds
[2023-06-18T15:06:48.849+0530] {processor.py:157} INFO - Started process (PID=5277) to work on /home/shubham/.local/lib/python3.10/site-packages/airflow/example_dags/example_local_kubernetes_executor.py
[2023-06-18T15:06:48.851+0530] {processor.py:826} INFO - Processing file /home/shubham/.local/lib/python3.10/site-packages/airflow/example_dags/example_local_kubernetes_executor.py for tasks to queue
[2023-06-18T15:06:48.852+0530] {logging_mixin.py:149} INFO - [2023-06-18T15:06:48.852+0530] {dagbag.py:541} INFO - Filling up the DagBag from /home/shubham/.local/lib/python3.10/site-packages/airflow/example_dags/example_local_kubernetes_executor.py
[2023-06-18T15:06:48.965+0530] {processor.py:836} INFO - DAG(s) dict_keys(['example_local_kubernetes_executor']) retrieved from /home/shubham/.local/lib/python3.10/site-packages/airflow/example_dags/example_local_kubernetes_executor.py
[2023-06-18T15:06:48.990+0530] {logging_mixin.py:149} INFO - [2023-06-18T15:06:48.990+0530] {dag.py:2726} INFO - Sync 1 DAGs
[2023-06-18T15:06:49.004+0530] {logging_mixin.py:149} INFO - [2023-06-18T15:06:49.004+0530] {dag.py:3486} INFO - Setting next_dagrun for example_local_kubernetes_executor to None, run_after=None
[2023-06-18T15:06:49.027+0530] {processor.py:179} INFO - Processing /home/shubham/.local/lib/python3.10/site-packages/airflow/example_dags/example_local_kubernetes_executor.py took 0.181 seconds
[2023-06-18T15:07:38.374+0530] {processor.py:157} INFO - Started process (PID=5327) to work on /home/shubham/.local/lib/python3.10/site-packages/airflow/example_dags/example_local_kubernetes_executor.py
[2023-06-18T15:07:38.376+0530] {processor.py:826} INFO - Processing file /home/shubham/.local/lib/python3.10/site-packages/airflow/example_dags/example_local_kubernetes_executor.py for tasks to queue
[2023-06-18T15:07:38.377+0530] {logging_mixin.py:149} INFO - [2023-06-18T15:07:38.376+0530] {dagbag.py:541} INFO - Filling up the DagBag from /home/shubham/.local/lib/python3.10/site-packages/airflow/example_dags/example_local_kubernetes_executor.py
[2023-06-18T15:07:38.504+0530] {processor.py:836} INFO - DAG(s) dict_keys(['example_local_kubernetes_executor']) retrieved from /home/shubham/.local/lib/python3.10/site-packages/airflow/example_dags/example_local_kubernetes_executor.py
[2023-06-18T15:07:38.532+0530] {logging_mixin.py:149} INFO - [2023-06-18T15:07:38.532+0530] {dag.py:2726} INFO - Sync 1 DAGs
[2023-06-18T15:07:38.549+0530] {logging_mixin.py:149} INFO - [2023-06-18T15:07:38.548+0530] {dag.py:3486} INFO - Setting next_dagrun for example_local_kubernetes_executor to None, run_after=None
[2023-06-18T15:07:38.574+0530] {processor.py:179} INFO - Processing /home/shubham/.local/lib/python3.10/site-packages/airflow/example_dags/example_local_kubernetes_executor.py took 0.203 seconds
[2023-06-18T15:08:23.562+0530] {processor.py:157} INFO - Started process (PID=5374) to work on /home/shubham/.local/lib/python3.10/site-packages/airflow/example_dags/example_local_kubernetes_executor.py
[2023-06-18T15:08:23.565+0530] {processor.py:826} INFO - Processing file /home/shubham/.local/lib/python3.10/site-packages/airflow/example_dags/example_local_kubernetes_executor.py for tasks to queue
[2023-06-18T15:08:23.566+0530] {logging_mixin.py:149} INFO - [2023-06-18T15:08:23.565+0530] {dagbag.py:541} INFO - Filling up the DagBag from /home/shubham/.local/lib/python3.10/site-packages/airflow/example_dags/example_local_kubernetes_executor.py
[2023-06-18T15:08:23.698+0530] {processor.py:836} INFO - DAG(s) dict_keys(['example_local_kubernetes_executor']) retrieved from /home/shubham/.local/lib/python3.10/site-packages/airflow/example_dags/example_local_kubernetes_executor.py
[2023-06-18T15:08:23.730+0530] {logging_mixin.py:149} INFO - [2023-06-18T15:08:23.729+0530] {dag.py:2726} INFO - Sync 1 DAGs
[2023-06-18T15:08:23.745+0530] {logging_mixin.py:149} INFO - [2023-06-18T15:08:23.745+0530] {dag.py:3486} INFO - Setting next_dagrun for example_local_kubernetes_executor to None, run_after=None
[2023-06-18T15:08:23.769+0530] {processor.py:179} INFO - Processing /home/shubham/.local/lib/python3.10/site-packages/airflow/example_dags/example_local_kubernetes_executor.py took 0.209 seconds
[2023-06-18T15:09:07.534+0530] {processor.py:157} INFO - Started process (PID=5419) to work on /home/shubham/.local/lib/python3.10/site-packages/airflow/example_dags/example_local_kubernetes_executor.py
[2023-06-18T15:09:07.536+0530] {processor.py:826} INFO - Processing file /home/shubham/.local/lib/python3.10/site-packages/airflow/example_dags/example_local_kubernetes_executor.py for tasks to queue
[2023-06-18T15:09:07.537+0530] {logging_mixin.py:149} INFO - [2023-06-18T15:09:07.537+0530] {dagbag.py:541} INFO - Filling up the DagBag from /home/shubham/.local/lib/python3.10/site-packages/airflow/example_dags/example_local_kubernetes_executor.py
[2023-06-18T15:09:07.664+0530] {processor.py:836} INFO - DAG(s) dict_keys(['example_local_kubernetes_executor']) retrieved from /home/shubham/.local/lib/python3.10/site-packages/airflow/example_dags/example_local_kubernetes_executor.py
[2023-06-18T15:09:07.694+0530] {logging_mixin.py:149} INFO - [2023-06-18T15:09:07.694+0530] {dag.py:2726} INFO - Sync 1 DAGs
[2023-06-18T15:09:07.712+0530] {logging_mixin.py:149} INFO - [2023-06-18T15:09:07.712+0530] {dag.py:3486} INFO - Setting next_dagrun for example_local_kubernetes_executor to None, run_after=None
[2023-06-18T15:09:07.740+0530] {processor.py:179} INFO - Processing /home/shubham/.local/lib/python3.10/site-packages/airflow/example_dags/example_local_kubernetes_executor.py took 0.210 seconds
[2023-06-18T15:09:51.630+0530] {processor.py:157} INFO - Started process (PID=5465) to work on /home/shubham/.local/lib/python3.10/site-packages/airflow/example_dags/example_local_kubernetes_executor.py
[2023-06-18T15:09:51.632+0530] {processor.py:826} INFO - Processing file /home/shubham/.local/lib/python3.10/site-packages/airflow/example_dags/example_local_kubernetes_executor.py for tasks to queue
[2023-06-18T15:09:51.633+0530] {logging_mixin.py:149} INFO - [2023-06-18T15:09:51.633+0530] {dagbag.py:541} INFO - Filling up the DagBag from /home/shubham/.local/lib/python3.10/site-packages/airflow/example_dags/example_local_kubernetes_executor.py
[2023-06-18T15:09:51.757+0530] {processor.py:836} INFO - DAG(s) dict_keys(['example_local_kubernetes_executor']) retrieved from /home/shubham/.local/lib/python3.10/site-packages/airflow/example_dags/example_local_kubernetes_executor.py
[2023-06-18T15:09:51.781+0530] {logging_mixin.py:149} INFO - [2023-06-18T15:09:51.781+0530] {dag.py:2726} INFO - Sync 1 DAGs
[2023-06-18T15:09:51.798+0530] {logging_mixin.py:149} INFO - [2023-06-18T15:09:51.798+0530] {dag.py:3486} INFO - Setting next_dagrun for example_local_kubernetes_executor to None, run_after=None
[2023-06-18T15:09:51.823+0530] {processor.py:179} INFO - Processing /home/shubham/.local/lib/python3.10/site-packages/airflow/example_dags/example_local_kubernetes_executor.py took 0.196 seconds
[2023-06-18T15:10:35.068+0530] {processor.py:157} INFO - Started process (PID=5511) to work on /home/shubham/.local/lib/python3.10/site-packages/airflow/example_dags/example_local_kubernetes_executor.py
[2023-06-18T15:10:35.070+0530] {processor.py:826} INFO - Processing file /home/shubham/.local/lib/python3.10/site-packages/airflow/example_dags/example_local_kubernetes_executor.py for tasks to queue
[2023-06-18T15:10:35.071+0530] {logging_mixin.py:149} INFO - [2023-06-18T15:10:35.071+0530] {dagbag.py:541} INFO - Filling up the DagBag from /home/shubham/.local/lib/python3.10/site-packages/airflow/example_dags/example_local_kubernetes_executor.py
[2023-06-18T15:10:35.200+0530] {processor.py:836} INFO - DAG(s) dict_keys(['example_local_kubernetes_executor']) retrieved from /home/shubham/.local/lib/python3.10/site-packages/airflow/example_dags/example_local_kubernetes_executor.py
[2023-06-18T15:10:35.229+0530] {logging_mixin.py:149} INFO - [2023-06-18T15:10:35.229+0530] {dag.py:2726} INFO - Sync 1 DAGs
[2023-06-18T15:10:35.247+0530] {logging_mixin.py:149} INFO - [2023-06-18T15:10:35.246+0530] {dag.py:3486} INFO - Setting next_dagrun for example_local_kubernetes_executor to None, run_after=None
[2023-06-18T15:10:35.273+0530] {processor.py:179} INFO - Processing /home/shubham/.local/lib/python3.10/site-packages/airflow/example_dags/example_local_kubernetes_executor.py took 0.208 seconds
[2023-06-18T15:11:17.630+0530] {processor.py:157} INFO - Started process (PID=5554) to work on /home/shubham/.local/lib/python3.10/site-packages/airflow/example_dags/example_local_kubernetes_executor.py
[2023-06-18T15:11:17.632+0530] {processor.py:826} INFO - Processing file /home/shubham/.local/lib/python3.10/site-packages/airflow/example_dags/example_local_kubernetes_executor.py for tasks to queue
[2023-06-18T15:11:17.633+0530] {logging_mixin.py:149} INFO - [2023-06-18T15:11:17.632+0530] {dagbag.py:541} INFO - Filling up the DagBag from /home/shubham/.local/lib/python3.10/site-packages/airflow/example_dags/example_local_kubernetes_executor.py
[2023-06-18T15:11:17.772+0530] {processor.py:836} INFO - DAG(s) dict_keys(['example_local_kubernetes_executor']) retrieved from /home/shubham/.local/lib/python3.10/site-packages/airflow/example_dags/example_local_kubernetes_executor.py
[2023-06-18T15:11:17.800+0530] {logging_mixin.py:149} INFO - [2023-06-18T15:11:17.800+0530] {dag.py:2726} INFO - Sync 1 DAGs
[2023-06-18T15:11:17.818+0530] {logging_mixin.py:149} INFO - [2023-06-18T15:11:17.818+0530] {dag.py:3486} INFO - Setting next_dagrun for example_local_kubernetes_executor to None, run_after=None
[2023-06-18T15:11:17.847+0530] {processor.py:179} INFO - Processing /home/shubham/.local/lib/python3.10/site-packages/airflow/example_dags/example_local_kubernetes_executor.py took 0.221 seconds
[2023-06-18T15:12:10.457+0530] {processor.py:157} INFO - Started process (PID=5610) to work on /home/shubham/.local/lib/python3.10/site-packages/airflow/example_dags/example_local_kubernetes_executor.py
[2023-06-18T15:12:10.459+0530] {processor.py:826} INFO - Processing file /home/shubham/.local/lib/python3.10/site-packages/airflow/example_dags/example_local_kubernetes_executor.py for tasks to queue
[2023-06-18T15:12:10.460+0530] {logging_mixin.py:149} INFO - [2023-06-18T15:12:10.460+0530] {dagbag.py:541} INFO - Filling up the DagBag from /home/shubham/.local/lib/python3.10/site-packages/airflow/example_dags/example_local_kubernetes_executor.py
[2023-06-18T15:12:10.583+0530] {processor.py:836} INFO - DAG(s) dict_keys(['example_local_kubernetes_executor']) retrieved from /home/shubham/.local/lib/python3.10/site-packages/airflow/example_dags/example_local_kubernetes_executor.py
[2023-06-18T15:12:10.610+0530] {logging_mixin.py:149} INFO - [2023-06-18T15:12:10.610+0530] {dag.py:2726} INFO - Sync 1 DAGs
[2023-06-18T15:12:10.627+0530] {logging_mixin.py:149} INFO - [2023-06-18T15:12:10.627+0530] {dag.py:3486} INFO - Setting next_dagrun for example_local_kubernetes_executor to None, run_after=None
[2023-06-18T15:12:10.652+0530] {processor.py:179} INFO - Processing /home/shubham/.local/lib/python3.10/site-packages/airflow/example_dags/example_local_kubernetes_executor.py took 0.198 seconds
[2023-06-18T15:12:53.675+0530] {processor.py:157} INFO - Started process (PID=5656) to work on /home/shubham/.local/lib/python3.10/site-packages/airflow/example_dags/example_local_kubernetes_executor.py
[2023-06-18T15:12:53.678+0530] {processor.py:826} INFO - Processing file /home/shubham/.local/lib/python3.10/site-packages/airflow/example_dags/example_local_kubernetes_executor.py for tasks to queue
[2023-06-18T15:12:53.678+0530] {logging_mixin.py:149} INFO - [2023-06-18T15:12:53.678+0530] {dagbag.py:541} INFO - Filling up the DagBag from /home/shubham/.local/lib/python3.10/site-packages/airflow/example_dags/example_local_kubernetes_executor.py
[2023-06-18T15:12:53.795+0530] {processor.py:836} INFO - DAG(s) dict_keys(['example_local_kubernetes_executor']) retrieved from /home/shubham/.local/lib/python3.10/site-packages/airflow/example_dags/example_local_kubernetes_executor.py
[2023-06-18T15:12:53.820+0530] {logging_mixin.py:149} INFO - [2023-06-18T15:12:53.819+0530] {dag.py:2726} INFO - Sync 1 DAGs
[2023-06-18T15:12:53.834+0530] {logging_mixin.py:149} INFO - [2023-06-18T15:12:53.834+0530] {dag.py:3486} INFO - Setting next_dagrun for example_local_kubernetes_executor to None, run_after=None
[2023-06-18T15:12:53.858+0530] {processor.py:179} INFO - Processing /home/shubham/.local/lib/python3.10/site-packages/airflow/example_dags/example_local_kubernetes_executor.py took 0.186 seconds
[2023-06-18T15:13:34.444+0530] {processor.py:157} INFO - Started process (PID=5700) to work on /home/shubham/.local/lib/python3.10/site-packages/airflow/example_dags/example_local_kubernetes_executor.py
[2023-06-18T15:13:34.446+0530] {processor.py:826} INFO - Processing file /home/shubham/.local/lib/python3.10/site-packages/airflow/example_dags/example_local_kubernetes_executor.py for tasks to queue
[2023-06-18T15:13:34.447+0530] {logging_mixin.py:149} INFO - [2023-06-18T15:13:34.446+0530] {dagbag.py:541} INFO - Filling up the DagBag from /home/shubham/.local/lib/python3.10/site-packages/airflow/example_dags/example_local_kubernetes_executor.py
[2023-06-18T15:13:34.574+0530] {processor.py:836} INFO - DAG(s) dict_keys(['example_local_kubernetes_executor']) retrieved from /home/shubham/.local/lib/python3.10/site-packages/airflow/example_dags/example_local_kubernetes_executor.py
[2023-06-18T15:13:34.601+0530] {logging_mixin.py:149} INFO - [2023-06-18T15:13:34.601+0530] {dag.py:2726} INFO - Sync 1 DAGs
[2023-06-18T15:13:34.617+0530] {logging_mixin.py:149} INFO - [2023-06-18T15:13:34.617+0530] {dag.py:3486} INFO - Setting next_dagrun for example_local_kubernetes_executor to None, run_after=None
[2023-06-18T15:13:34.645+0530] {processor.py:179} INFO - Processing /home/shubham/.local/lib/python3.10/site-packages/airflow/example_dags/example_local_kubernetes_executor.py took 0.204 seconds
[2023-06-18T15:14:17.451+0530] {processor.py:157} INFO - Started process (PID=5743) to work on /home/shubham/.local/lib/python3.10/site-packages/airflow/example_dags/example_local_kubernetes_executor.py
[2023-06-18T15:14:17.453+0530] {processor.py:826} INFO - Processing file /home/shubham/.local/lib/python3.10/site-packages/airflow/example_dags/example_local_kubernetes_executor.py for tasks to queue
[2023-06-18T15:14:17.454+0530] {logging_mixin.py:149} INFO - [2023-06-18T15:14:17.454+0530] {dagbag.py:541} INFO - Filling up the DagBag from /home/shubham/.local/lib/python3.10/site-packages/airflow/example_dags/example_local_kubernetes_executor.py
[2023-06-18T15:14:17.578+0530] {processor.py:836} INFO - DAG(s) dict_keys(['example_local_kubernetes_executor']) retrieved from /home/shubham/.local/lib/python3.10/site-packages/airflow/example_dags/example_local_kubernetes_executor.py
[2023-06-18T15:14:17.607+0530] {logging_mixin.py:149} INFO - [2023-06-18T15:14:17.607+0530] {dag.py:2726} INFO - Sync 1 DAGs
[2023-06-18T15:14:17.624+0530] {logging_mixin.py:149} INFO - [2023-06-18T15:14:17.624+0530] {dag.py:3486} INFO - Setting next_dagrun for example_local_kubernetes_executor to None, run_after=None
[2023-06-18T15:14:17.649+0530] {processor.py:179} INFO - Processing /home/shubham/.local/lib/python3.10/site-packages/airflow/example_dags/example_local_kubernetes_executor.py took 0.202 seconds
[2023-06-18T15:15:01.886+0530] {processor.py:157} INFO - Started process (PID=5789) to work on /home/shubham/.local/lib/python3.10/site-packages/airflow/example_dags/example_local_kubernetes_executor.py
[2023-06-18T15:15:01.888+0530] {processor.py:826} INFO - Processing file /home/shubham/.local/lib/python3.10/site-packages/airflow/example_dags/example_local_kubernetes_executor.py for tasks to queue
[2023-06-18T15:15:01.889+0530] {logging_mixin.py:149} INFO - [2023-06-18T15:15:01.889+0530] {dagbag.py:541} INFO - Filling up the DagBag from /home/shubham/.local/lib/python3.10/site-packages/airflow/example_dags/example_local_kubernetes_executor.py
[2023-06-18T15:15:01.998+0530] {processor.py:836} INFO - DAG(s) dict_keys(['example_local_kubernetes_executor']) retrieved from /home/shubham/.local/lib/python3.10/site-packages/airflow/example_dags/example_local_kubernetes_executor.py
[2023-06-18T15:15:02.022+0530] {logging_mixin.py:149} INFO - [2023-06-18T15:15:02.022+0530] {dag.py:2726} INFO - Sync 1 DAGs
[2023-06-18T15:15:02.039+0530] {logging_mixin.py:149} INFO - [2023-06-18T15:15:02.039+0530] {dag.py:3486} INFO - Setting next_dagrun for example_local_kubernetes_executor to None, run_after=None
[2023-06-18T15:15:02.062+0530] {processor.py:179} INFO - Processing /home/shubham/.local/lib/python3.10/site-packages/airflow/example_dags/example_local_kubernetes_executor.py took 0.178 seconds
[2023-06-18T15:15:47.412+0530] {processor.py:157} INFO - Started process (PID=5836) to work on /home/shubham/.local/lib/python3.10/site-packages/airflow/example_dags/example_local_kubernetes_executor.py
[2023-06-18T15:15:47.414+0530] {processor.py:826} INFO - Processing file /home/shubham/.local/lib/python3.10/site-packages/airflow/example_dags/example_local_kubernetes_executor.py for tasks to queue
[2023-06-18T15:15:47.414+0530] {logging_mixin.py:149} INFO - [2023-06-18T15:15:47.414+0530] {dagbag.py:541} INFO - Filling up the DagBag from /home/shubham/.local/lib/python3.10/site-packages/airflow/example_dags/example_local_kubernetes_executor.py
[2023-06-18T15:15:47.538+0530] {processor.py:836} INFO - DAG(s) dict_keys(['example_local_kubernetes_executor']) retrieved from /home/shubham/.local/lib/python3.10/site-packages/airflow/example_dags/example_local_kubernetes_executor.py
[2023-06-18T15:15:47.568+0530] {logging_mixin.py:149} INFO - [2023-06-18T15:15:47.568+0530] {dag.py:2726} INFO - Sync 1 DAGs
[2023-06-18T15:15:47.586+0530] {logging_mixin.py:149} INFO - [2023-06-18T15:15:47.585+0530] {dag.py:3486} INFO - Setting next_dagrun for example_local_kubernetes_executor to None, run_after=None
[2023-06-18T15:15:47.612+0530] {processor.py:179} INFO - Processing /home/shubham/.local/lib/python3.10/site-packages/airflow/example_dags/example_local_kubernetes_executor.py took 0.203 seconds
[2023-06-18T15:16:33.477+0530] {processor.py:157} INFO - Started process (PID=5883) to work on /home/shubham/.local/lib/python3.10/site-packages/airflow/example_dags/example_local_kubernetes_executor.py
[2023-06-18T15:16:33.479+0530] {processor.py:826} INFO - Processing file /home/shubham/.local/lib/python3.10/site-packages/airflow/example_dags/example_local_kubernetes_executor.py for tasks to queue
[2023-06-18T15:16:33.480+0530] {logging_mixin.py:149} INFO - [2023-06-18T15:16:33.480+0530] {dagbag.py:541} INFO - Filling up the DagBag from /home/shubham/.local/lib/python3.10/site-packages/airflow/example_dags/example_local_kubernetes_executor.py
[2023-06-18T15:16:33.605+0530] {processor.py:836} INFO - DAG(s) dict_keys(['example_local_kubernetes_executor']) retrieved from /home/shubham/.local/lib/python3.10/site-packages/airflow/example_dags/example_local_kubernetes_executor.py
[2023-06-18T15:16:33.632+0530] {logging_mixin.py:149} INFO - [2023-06-18T15:16:33.631+0530] {dag.py:2726} INFO - Sync 1 DAGs
[2023-06-18T15:16:33.650+0530] {logging_mixin.py:149} INFO - [2023-06-18T15:16:33.650+0530] {dag.py:3486} INFO - Setting next_dagrun for example_local_kubernetes_executor to None, run_after=None
[2023-06-18T15:16:33.675+0530] {processor.py:179} INFO - Processing /home/shubham/.local/lib/python3.10/site-packages/airflow/example_dags/example_local_kubernetes_executor.py took 0.201 seconds
[2023-06-18T15:17:15.791+0530] {processor.py:157} INFO - Started process (PID=5928) to work on /home/shubham/.local/lib/python3.10/site-packages/airflow/example_dags/example_local_kubernetes_executor.py
[2023-06-18T15:17:15.793+0530] {processor.py:826} INFO - Processing file /home/shubham/.local/lib/python3.10/site-packages/airflow/example_dags/example_local_kubernetes_executor.py for tasks to queue
[2023-06-18T15:17:15.794+0530] {logging_mixin.py:149} INFO - [2023-06-18T15:17:15.794+0530] {dagbag.py:541} INFO - Filling up the DagBag from /home/shubham/.local/lib/python3.10/site-packages/airflow/example_dags/example_local_kubernetes_executor.py
[2023-06-18T15:17:15.902+0530] {processor.py:836} INFO - DAG(s) dict_keys(['example_local_kubernetes_executor']) retrieved from /home/shubham/.local/lib/python3.10/site-packages/airflow/example_dags/example_local_kubernetes_executor.py
[2023-06-18T15:17:15.927+0530] {logging_mixin.py:149} INFO - [2023-06-18T15:17:15.927+0530] {dag.py:2726} INFO - Sync 1 DAGs
[2023-06-18T15:17:15.943+0530] {logging_mixin.py:149} INFO - [2023-06-18T15:17:15.943+0530] {dag.py:3486} INFO - Setting next_dagrun for example_local_kubernetes_executor to None, run_after=None
[2023-06-18T15:17:15.965+0530] {processor.py:179} INFO - Processing /home/shubham/.local/lib/python3.10/site-packages/airflow/example_dags/example_local_kubernetes_executor.py took 0.178 seconds
[2023-06-18T15:17:59.054+0530] {processor.py:157} INFO - Started process (PID=5974) to work on /home/shubham/.local/lib/python3.10/site-packages/airflow/example_dags/example_local_kubernetes_executor.py
[2023-06-18T15:17:59.056+0530] {processor.py:826} INFO - Processing file /home/shubham/.local/lib/python3.10/site-packages/airflow/example_dags/example_local_kubernetes_executor.py for tasks to queue
[2023-06-18T15:17:59.057+0530] {logging_mixin.py:149} INFO - [2023-06-18T15:17:59.057+0530] {dagbag.py:541} INFO - Filling up the DagBag from /home/shubham/.local/lib/python3.10/site-packages/airflow/example_dags/example_local_kubernetes_executor.py
[2023-06-18T15:17:59.164+0530] {processor.py:836} INFO - DAG(s) dict_keys(['example_local_kubernetes_executor']) retrieved from /home/shubham/.local/lib/python3.10/site-packages/airflow/example_dags/example_local_kubernetes_executor.py
[2023-06-18T15:17:59.191+0530] {logging_mixin.py:149} INFO - [2023-06-18T15:17:59.191+0530] {dag.py:2726} INFO - Sync 1 DAGs
[2023-06-18T15:17:59.211+0530] {logging_mixin.py:149} INFO - [2023-06-18T15:17:59.211+0530] {dag.py:3486} INFO - Setting next_dagrun for example_local_kubernetes_executor to None, run_after=None
[2023-06-18T15:17:59.236+0530] {processor.py:179} INFO - Processing /home/shubham/.local/lib/python3.10/site-packages/airflow/example_dags/example_local_kubernetes_executor.py took 0.185 seconds
[2023-06-18T15:18:41.092+0530] {processor.py:157} INFO - Started process (PID=6018) to work on /home/shubham/.local/lib/python3.10/site-packages/airflow/example_dags/example_local_kubernetes_executor.py
[2023-06-18T15:18:41.094+0530] {processor.py:826} INFO - Processing file /home/shubham/.local/lib/python3.10/site-packages/airflow/example_dags/example_local_kubernetes_executor.py for tasks to queue
[2023-06-18T15:18:41.095+0530] {logging_mixin.py:149} INFO - [2023-06-18T15:18:41.095+0530] {dagbag.py:541} INFO - Filling up the DagBag from /home/shubham/.local/lib/python3.10/site-packages/airflow/example_dags/example_local_kubernetes_executor.py
[2023-06-18T15:18:41.211+0530] {processor.py:836} INFO - DAG(s) dict_keys(['example_local_kubernetes_executor']) retrieved from /home/shubham/.local/lib/python3.10/site-packages/airflow/example_dags/example_local_kubernetes_executor.py
[2023-06-18T15:18:41.239+0530] {logging_mixin.py:149} INFO - [2023-06-18T15:18:41.238+0530] {dag.py:2726} INFO - Sync 1 DAGs
[2023-06-18T15:18:41.255+0530] {logging_mixin.py:149} INFO - [2023-06-18T15:18:41.255+0530] {dag.py:3486} INFO - Setting next_dagrun for example_local_kubernetes_executor to None, run_after=None
[2023-06-18T15:18:41.280+0530] {processor.py:179} INFO - Processing /home/shubham/.local/lib/python3.10/site-packages/airflow/example_dags/example_local_kubernetes_executor.py took 0.191 seconds
[2023-06-18T15:19:26.380+0530] {processor.py:157} INFO - Started process (PID=6066) to work on /home/shubham/.local/lib/python3.10/site-packages/airflow/example_dags/example_local_kubernetes_executor.py
[2023-06-18T15:19:26.383+0530] {processor.py:826} INFO - Processing file /home/shubham/.local/lib/python3.10/site-packages/airflow/example_dags/example_local_kubernetes_executor.py for tasks to queue
[2023-06-18T15:19:26.383+0530] {logging_mixin.py:149} INFO - [2023-06-18T15:19:26.383+0530] {dagbag.py:541} INFO - Filling up the DagBag from /home/shubham/.local/lib/python3.10/site-packages/airflow/example_dags/example_local_kubernetes_executor.py
[2023-06-18T15:19:26.507+0530] {processor.py:836} INFO - DAG(s) dict_keys(['example_local_kubernetes_executor']) retrieved from /home/shubham/.local/lib/python3.10/site-packages/airflow/example_dags/example_local_kubernetes_executor.py
[2023-06-18T15:19:26.536+0530] {logging_mixin.py:149} INFO - [2023-06-18T15:19:26.535+0530] {dag.py:2726} INFO - Sync 1 DAGs
[2023-06-18T15:19:26.552+0530] {logging_mixin.py:149} INFO - [2023-06-18T15:19:26.552+0530] {dag.py:3486} INFO - Setting next_dagrun for example_local_kubernetes_executor to None, run_after=None
[2023-06-18T15:19:26.577+0530] {processor.py:179} INFO - Processing /home/shubham/.local/lib/python3.10/site-packages/airflow/example_dags/example_local_kubernetes_executor.py took 0.199 seconds
[2023-06-18T15:20:09.938+0530] {processor.py:157} INFO - Started process (PID=6111) to work on /home/shubham/.local/lib/python3.10/site-packages/airflow/example_dags/example_local_kubernetes_executor.py
[2023-06-18T15:20:09.941+0530] {processor.py:826} INFO - Processing file /home/shubham/.local/lib/python3.10/site-packages/airflow/example_dags/example_local_kubernetes_executor.py for tasks to queue
[2023-06-18T15:20:09.941+0530] {logging_mixin.py:149} INFO - [2023-06-18T15:20:09.941+0530] {dagbag.py:541} INFO - Filling up the DagBag from /home/shubham/.local/lib/python3.10/site-packages/airflow/example_dags/example_local_kubernetes_executor.py
[2023-06-18T15:20:10.052+0530] {processor.py:836} INFO - DAG(s) dict_keys(['example_local_kubernetes_executor']) retrieved from /home/shubham/.local/lib/python3.10/site-packages/airflow/example_dags/example_local_kubernetes_executor.py
[2023-06-18T15:20:10.078+0530] {logging_mixin.py:149} INFO - [2023-06-18T15:20:10.077+0530] {dag.py:2726} INFO - Sync 1 DAGs
[2023-06-18T15:20:10.095+0530] {logging_mixin.py:149} INFO - [2023-06-18T15:20:10.095+0530] {dag.py:3486} INFO - Setting next_dagrun for example_local_kubernetes_executor to None, run_after=None
[2023-06-18T15:20:10.117+0530] {processor.py:179} INFO - Processing /home/shubham/.local/lib/python3.10/site-packages/airflow/example_dags/example_local_kubernetes_executor.py took 0.182 seconds
[2023-06-18T15:21:05.961+0530] {processor.py:157} INFO - Started process (PID=6164) to work on /home/shubham/.local/lib/python3.10/site-packages/airflow/example_dags/example_local_kubernetes_executor.py
[2023-06-18T15:21:05.963+0530] {processor.py:826} INFO - Processing file /home/shubham/.local/lib/python3.10/site-packages/airflow/example_dags/example_local_kubernetes_executor.py for tasks to queue
[2023-06-18T15:21:05.964+0530] {logging_mixin.py:149} INFO - [2023-06-18T15:21:05.964+0530] {dagbag.py:541} INFO - Filling up the DagBag from /home/shubham/.local/lib/python3.10/site-packages/airflow/example_dags/example_local_kubernetes_executor.py
[2023-06-18T15:21:06.124+0530] {processor.py:836} INFO - DAG(s) dict_keys(['example_local_kubernetes_executor']) retrieved from /home/shubham/.local/lib/python3.10/site-packages/airflow/example_dags/example_local_kubernetes_executor.py
[2023-06-18T15:21:06.271+0530] {logging_mixin.py:149} INFO - [2023-06-18T15:21:06.271+0530] {dag.py:2726} INFO - Sync 1 DAGs
[2023-06-18T15:21:06.315+0530] {logging_mixin.py:149} INFO - [2023-06-18T15:21:06.315+0530] {dag.py:3486} INFO - Setting next_dagrun for example_local_kubernetes_executor to None, run_after=None
[2023-06-18T15:21:06.358+0530] {processor.py:179} INFO - Processing /home/shubham/.local/lib/python3.10/site-packages/airflow/example_dags/example_local_kubernetes_executor.py took 0.400 seconds
[2023-06-18T15:47:22.731+0530] {processor.py:157} INFO - Started process (PID=6357) to work on /home/shubham/.local/lib/python3.10/site-packages/airflow/example_dags/example_local_kubernetes_executor.py
[2023-06-18T15:47:22.733+0530] {processor.py:826} INFO - Processing file /home/shubham/.local/lib/python3.10/site-packages/airflow/example_dags/example_local_kubernetes_executor.py for tasks to queue
[2023-06-18T15:47:22.733+0530] {logging_mixin.py:149} INFO - [2023-06-18T15:47:22.733+0530] {dagbag.py:541} INFO - Filling up the DagBag from /home/shubham/.local/lib/python3.10/site-packages/airflow/example_dags/example_local_kubernetes_executor.py
[2023-06-18T15:47:22.837+0530] {processor.py:836} INFO - DAG(s) dict_keys(['example_local_kubernetes_executor']) retrieved from /home/shubham/.local/lib/python3.10/site-packages/airflow/example_dags/example_local_kubernetes_executor.py
[2023-06-18T15:47:22.875+0530] {logging_mixin.py:149} INFO - [2023-06-18T15:47:22.875+0530] {dag.py:2726} INFO - Sync 1 DAGs
[2023-06-18T15:47:22.891+0530] {logging_mixin.py:149} INFO - [2023-06-18T15:47:22.891+0530] {dag.py:3486} INFO - Setting next_dagrun for example_local_kubernetes_executor to None, run_after=None
[2023-06-18T15:47:22.914+0530] {processor.py:179} INFO - Processing /home/shubham/.local/lib/python3.10/site-packages/airflow/example_dags/example_local_kubernetes_executor.py took 0.185 seconds
[2023-06-18T15:48:09.494+0530] {processor.py:157} INFO - Started process (PID=6414) to work on /home/shubham/.local/lib/python3.10/site-packages/airflow/example_dags/example_local_kubernetes_executor.py
[2023-06-18T15:48:09.496+0530] {processor.py:826} INFO - Processing file /home/shubham/.local/lib/python3.10/site-packages/airflow/example_dags/example_local_kubernetes_executor.py for tasks to queue
[2023-06-18T15:48:09.497+0530] {logging_mixin.py:149} INFO - [2023-06-18T15:48:09.497+0530] {dagbag.py:541} INFO - Filling up the DagBag from /home/shubham/.local/lib/python3.10/site-packages/airflow/example_dags/example_local_kubernetes_executor.py
[2023-06-18T15:48:09.599+0530] {processor.py:836} INFO - DAG(s) dict_keys(['example_local_kubernetes_executor']) retrieved from /home/shubham/.local/lib/python3.10/site-packages/airflow/example_dags/example_local_kubernetes_executor.py
[2023-06-18T15:48:09.622+0530] {logging_mixin.py:149} INFO - [2023-06-18T15:48:09.622+0530] {dag.py:2726} INFO - Sync 1 DAGs
[2023-06-18T15:48:09.637+0530] {logging_mixin.py:149} INFO - [2023-06-18T15:48:09.637+0530] {dag.py:3486} INFO - Setting next_dagrun for example_local_kubernetes_executor to None, run_after=None
[2023-06-18T15:48:09.660+0530] {processor.py:179} INFO - Processing /home/shubham/.local/lib/python3.10/site-packages/airflow/example_dags/example_local_kubernetes_executor.py took 0.168 seconds
