[2023-06-18T13:45:21.933+0530] {processor.py:157} INFO - Started process (PID=144) to work on /home/shubham/.local/lib/python3.10/site-packages/airflow/example_dags/example_trigger_controller_dag.py
[2023-06-18T13:45:21.934+0530] {processor.py:826} INFO - Processing file /home/shubham/.local/lib/python3.10/site-packages/airflow/example_dags/example_trigger_controller_dag.py for tasks to queue
[2023-06-18T13:45:21.934+0530] {logging_mixin.py:149} INFO - [2023-06-18T13:45:21.934+0530] {dagbag.py:541} INFO - Filling up the DagBag from /home/shubham/.local/lib/python3.10/site-packages/airflow/example_dags/example_trigger_controller_dag.py
[2023-06-18T13:45:21.938+0530] {processor.py:836} INFO - DAG(s) dict_keys(['example_trigger_controller_dag']) retrieved from /home/shubham/.local/lib/python3.10/site-packages/airflow/example_dags/example_trigger_controller_dag.py
[2023-06-18T13:45:21.952+0530] {logging_mixin.py:149} INFO - [2023-06-18T13:45:21.952+0530] {dag.py:2726} INFO - Sync 1 DAGs
[2023-06-18T13:45:21.965+0530] {logging_mixin.py:149} INFO - [2023-06-18T13:45:21.965+0530] {dag.py:3486} INFO - Setting next_dagrun for example_trigger_controller_dag to 2021-01-01T00:00:00+00:00, run_after=2021-01-01T00:00:00+00:00
[2023-06-18T13:45:21.981+0530] {processor.py:179} INFO - Processing /home/shubham/.local/lib/python3.10/site-packages/airflow/example_dags/example_trigger_controller_dag.py took 0.051 seconds
[2023-06-18T13:46:04.521+0530] {processor.py:157} INFO - Started process (PID=190) to work on /home/shubham/.local/lib/python3.10/site-packages/airflow/example_dags/example_trigger_controller_dag.py
[2023-06-18T13:46:04.522+0530] {processor.py:826} INFO - Processing file /home/shubham/.local/lib/python3.10/site-packages/airflow/example_dags/example_trigger_controller_dag.py for tasks to queue
[2023-06-18T13:46:04.523+0530] {logging_mixin.py:149} INFO - [2023-06-18T13:46:04.523+0530] {dagbag.py:541} INFO - Filling up the DagBag from /home/shubham/.local/lib/python3.10/site-packages/airflow/example_dags/example_trigger_controller_dag.py
[2023-06-18T13:46:04.526+0530] {processor.py:836} INFO - DAG(s) dict_keys(['example_trigger_controller_dag']) retrieved from /home/shubham/.local/lib/python3.10/site-packages/airflow/example_dags/example_trigger_controller_dag.py
[2023-06-18T13:46:04.543+0530] {logging_mixin.py:149} INFO - [2023-06-18T13:46:04.543+0530] {dag.py:2726} INFO - Sync 1 DAGs
[2023-06-18T13:46:04.554+0530] {logging_mixin.py:149} INFO - [2023-06-18T13:46:04.554+0530] {dag.py:3486} INFO - Setting next_dagrun for example_trigger_controller_dag to 2021-01-01T00:00:00+00:00, run_after=2021-01-01T00:00:00+00:00
[2023-06-18T13:46:04.570+0530] {processor.py:179} INFO - Processing /home/shubham/.local/lib/python3.10/site-packages/airflow/example_dags/example_trigger_controller_dag.py took 0.052 seconds
[2023-06-18T13:46:50.843+0530] {processor.py:157} INFO - Started process (PID=238) to work on /home/shubham/.local/lib/python3.10/site-packages/airflow/example_dags/example_trigger_controller_dag.py
[2023-06-18T13:46:50.845+0530] {processor.py:826} INFO - Processing file /home/shubham/.local/lib/python3.10/site-packages/airflow/example_dags/example_trigger_controller_dag.py for tasks to queue
[2023-06-18T13:46:50.845+0530] {logging_mixin.py:149} INFO - [2023-06-18T13:46:50.845+0530] {dagbag.py:541} INFO - Filling up the DagBag from /home/shubham/.local/lib/python3.10/site-packages/airflow/example_dags/example_trigger_controller_dag.py
[2023-06-18T13:46:50.848+0530] {processor.py:836} INFO - DAG(s) dict_keys(['example_trigger_controller_dag']) retrieved from /home/shubham/.local/lib/python3.10/site-packages/airflow/example_dags/example_trigger_controller_dag.py
[2023-06-18T13:46:50.860+0530] {logging_mixin.py:149} INFO - [2023-06-18T13:46:50.860+0530] {dag.py:2726} INFO - Sync 1 DAGs
[2023-06-18T13:46:50.873+0530] {logging_mixin.py:149} INFO - [2023-06-18T13:46:50.873+0530] {dag.py:3486} INFO - Setting next_dagrun for example_trigger_controller_dag to 2021-01-01T00:00:00+00:00, run_after=2021-01-01T00:00:00+00:00
[2023-06-18T13:46:50.890+0530] {processor.py:179} INFO - Processing /home/shubham/.local/lib/python3.10/site-packages/airflow/example_dags/example_trigger_controller_dag.py took 0.049 seconds
[2023-06-18T13:47:38.863+0530] {processor.py:157} INFO - Started process (PID=286) to work on /home/shubham/.local/lib/python3.10/site-packages/airflow/example_dags/example_trigger_controller_dag.py
[2023-06-18T13:47:38.864+0530] {processor.py:826} INFO - Processing file /home/shubham/.local/lib/python3.10/site-packages/airflow/example_dags/example_trigger_controller_dag.py for tasks to queue
[2023-06-18T13:47:38.865+0530] {logging_mixin.py:149} INFO - [2023-06-18T13:47:38.865+0530] {dagbag.py:541} INFO - Filling up the DagBag from /home/shubham/.local/lib/python3.10/site-packages/airflow/example_dags/example_trigger_controller_dag.py
[2023-06-18T13:47:38.868+0530] {processor.py:836} INFO - DAG(s) dict_keys(['example_trigger_controller_dag']) retrieved from /home/shubham/.local/lib/python3.10/site-packages/airflow/example_dags/example_trigger_controller_dag.py
[2023-06-18T13:47:38.883+0530] {logging_mixin.py:149} INFO - [2023-06-18T13:47:38.882+0530] {dag.py:2726} INFO - Sync 1 DAGs
[2023-06-18T13:47:38.896+0530] {logging_mixin.py:149} INFO - [2023-06-18T13:47:38.896+0530] {dag.py:3486} INFO - Setting next_dagrun for example_trigger_controller_dag to 2021-01-01T00:00:00+00:00, run_after=2021-01-01T00:00:00+00:00
[2023-06-18T13:47:38.914+0530] {processor.py:179} INFO - Processing /home/shubham/.local/lib/python3.10/site-packages/airflow/example_dags/example_trigger_controller_dag.py took 0.052 seconds
[2023-06-18T13:52:25.079+0530] {processor.py:157} INFO - Started process (PID=473) to work on /home/shubham/.local/lib/python3.10/site-packages/airflow/example_dags/example_trigger_controller_dag.py
[2023-06-18T13:52:25.082+0530] {processor.py:826} INFO - Processing file /home/shubham/.local/lib/python3.10/site-packages/airflow/example_dags/example_trigger_controller_dag.py for tasks to queue
[2023-06-18T13:52:25.082+0530] {logging_mixin.py:149} INFO - [2023-06-18T13:52:25.082+0530] {dagbag.py:541} INFO - Filling up the DagBag from /home/shubham/.local/lib/python3.10/site-packages/airflow/example_dags/example_trigger_controller_dag.py
[2023-06-18T13:52:25.087+0530] {processor.py:836} INFO - DAG(s) dict_keys(['example_trigger_controller_dag']) retrieved from /home/shubham/.local/lib/python3.10/site-packages/airflow/example_dags/example_trigger_controller_dag.py
[2023-06-18T13:52:25.104+0530] {logging_mixin.py:149} INFO - [2023-06-18T13:52:25.104+0530] {dag.py:2726} INFO - Sync 1 DAGs
[2023-06-18T13:52:25.120+0530] {logging_mixin.py:149} INFO - [2023-06-18T13:52:25.120+0530] {dag.py:3486} INFO - Setting next_dagrun for example_trigger_controller_dag to 2021-01-01T00:00:00+00:00, run_after=2021-01-01T00:00:00+00:00
[2023-06-18T13:52:25.137+0530] {processor.py:179} INFO - Processing /home/shubham/.local/lib/python3.10/site-packages/airflow/example_dags/example_trigger_controller_dag.py took 0.064 seconds
[2023-06-18T13:53:09.591+0530] {processor.py:157} INFO - Started process (PID=519) to work on /home/shubham/.local/lib/python3.10/site-packages/airflow/example_dags/example_trigger_controller_dag.py
[2023-06-18T13:53:09.592+0530] {processor.py:826} INFO - Processing file /home/shubham/.local/lib/python3.10/site-packages/airflow/example_dags/example_trigger_controller_dag.py for tasks to queue
[2023-06-18T13:53:09.593+0530] {logging_mixin.py:149} INFO - [2023-06-18T13:53:09.593+0530] {dagbag.py:541} INFO - Filling up the DagBag from /home/shubham/.local/lib/python3.10/site-packages/airflow/example_dags/example_trigger_controller_dag.py
[2023-06-18T13:53:09.596+0530] {processor.py:836} INFO - DAG(s) dict_keys(['example_trigger_controller_dag']) retrieved from /home/shubham/.local/lib/python3.10/site-packages/airflow/example_dags/example_trigger_controller_dag.py
[2023-06-18T13:53:09.608+0530] {logging_mixin.py:149} INFO - [2023-06-18T13:53:09.608+0530] {dag.py:2726} INFO - Sync 1 DAGs
[2023-06-18T13:53:09.621+0530] {logging_mixin.py:149} INFO - [2023-06-18T13:53:09.621+0530] {dag.py:3486} INFO - Setting next_dagrun for example_trigger_controller_dag to 2021-01-01T00:00:00+00:00, run_after=2021-01-01T00:00:00+00:00
[2023-06-18T13:53:09.638+0530] {processor.py:179} INFO - Processing /home/shubham/.local/lib/python3.10/site-packages/airflow/example_dags/example_trigger_controller_dag.py took 0.048 seconds
[2023-06-18T14:39:59.005+0530] {processor.py:157} INFO - Started process (PID=3231) to work on /home/shubham/.local/lib/python3.10/site-packages/airflow/example_dags/example_trigger_controller_dag.py
[2023-06-18T14:39:59.007+0530] {processor.py:826} INFO - Processing file /home/shubham/.local/lib/python3.10/site-packages/airflow/example_dags/example_trigger_controller_dag.py for tasks to queue
[2023-06-18T14:39:59.007+0530] {logging_mixin.py:149} INFO - [2023-06-18T14:39:59.007+0530] {dagbag.py:541} INFO - Filling up the DagBag from /home/shubham/.local/lib/python3.10/site-packages/airflow/example_dags/example_trigger_controller_dag.py
[2023-06-18T14:39:59.011+0530] {processor.py:836} INFO - DAG(s) dict_keys(['example_trigger_controller_dag']) retrieved from /home/shubham/.local/lib/python3.10/site-packages/airflow/example_dags/example_trigger_controller_dag.py
[2023-06-18T14:39:59.025+0530] {logging_mixin.py:149} INFO - [2023-06-18T14:39:59.025+0530] {dag.py:2726} INFO - Sync 1 DAGs
[2023-06-18T14:39:59.037+0530] {logging_mixin.py:149} INFO - [2023-06-18T14:39:59.037+0530] {dag.py:3486} INFO - Setting next_dagrun for example_trigger_controller_dag to 2021-01-01T00:00:00+00:00, run_after=2021-01-01T00:00:00+00:00
[2023-06-18T14:39:59.053+0530] {processor.py:179} INFO - Processing /home/shubham/.local/lib/python3.10/site-packages/airflow/example_dags/example_trigger_controller_dag.py took 0.050 seconds
[2023-06-18T14:40:46.587+0530] {processor.py:157} INFO - Started process (PID=3293) to work on /home/shubham/.local/lib/python3.10/site-packages/airflow/example_dags/example_trigger_controller_dag.py
[2023-06-18T14:40:46.589+0530] {processor.py:826} INFO - Processing file /home/shubham/.local/lib/python3.10/site-packages/airflow/example_dags/example_trigger_controller_dag.py for tasks to queue
[2023-06-18T14:40:46.589+0530] {logging_mixin.py:149} INFO - [2023-06-18T14:40:46.589+0530] {dagbag.py:541} INFO - Filling up the DagBag from /home/shubham/.local/lib/python3.10/site-packages/airflow/example_dags/example_trigger_controller_dag.py
[2023-06-18T14:40:46.592+0530] {processor.py:836} INFO - DAG(s) dict_keys(['example_trigger_controller_dag']) retrieved from /home/shubham/.local/lib/python3.10/site-packages/airflow/example_dags/example_trigger_controller_dag.py
[2023-06-18T14:40:46.606+0530] {logging_mixin.py:149} INFO - [2023-06-18T14:40:46.606+0530] {dag.py:2726} INFO - Sync 1 DAGs
[2023-06-18T14:40:46.619+0530] {logging_mixin.py:149} INFO - [2023-06-18T14:40:46.619+0530] {dag.py:3486} INFO - Setting next_dagrun for example_trigger_controller_dag to 2021-01-01T00:00:00+00:00, run_after=2021-01-01T00:00:00+00:00
[2023-06-18T14:40:46.636+0530] {processor.py:179} INFO - Processing /home/shubham/.local/lib/python3.10/site-packages/airflow/example_dags/example_trigger_controller_dag.py took 0.051 seconds
[2023-06-18T14:41:29.700+0530] {processor.py:157} INFO - Started process (PID=3613) to work on /home/shubham/.local/lib/python3.10/site-packages/airflow/example_dags/example_trigger_controller_dag.py
[2023-06-18T14:41:29.701+0530] {processor.py:826} INFO - Processing file /home/shubham/.local/lib/python3.10/site-packages/airflow/example_dags/example_trigger_controller_dag.py for tasks to queue
[2023-06-18T14:41:29.702+0530] {logging_mixin.py:149} INFO - [2023-06-18T14:41:29.702+0530] {dagbag.py:541} INFO - Filling up the DagBag from /home/shubham/.local/lib/python3.10/site-packages/airflow/example_dags/example_trigger_controller_dag.py
[2023-06-18T14:41:29.705+0530] {processor.py:836} INFO - DAG(s) dict_keys(['example_trigger_controller_dag']) retrieved from /home/shubham/.local/lib/python3.10/site-packages/airflow/example_dags/example_trigger_controller_dag.py
[2023-06-18T14:41:29.720+0530] {logging_mixin.py:149} INFO - [2023-06-18T14:41:29.720+0530] {dag.py:2726} INFO - Sync 1 DAGs
[2023-06-18T14:41:29.732+0530] {logging_mixin.py:149} INFO - [2023-06-18T14:41:29.732+0530] {dag.py:3486} INFO - Setting next_dagrun for example_trigger_controller_dag to 2021-01-01T00:00:00+00:00, run_after=2021-01-01T00:00:00+00:00
[2023-06-18T14:41:29.748+0530] {processor.py:179} INFO - Processing /home/shubham/.local/lib/python3.10/site-packages/airflow/example_dags/example_trigger_controller_dag.py took 0.050 seconds
[2023-06-18T14:42:15.491+0530] {processor.py:157} INFO - Started process (PID=3696) to work on /home/shubham/.local/lib/python3.10/site-packages/airflow/example_dags/example_trigger_controller_dag.py
[2023-06-18T14:42:15.493+0530] {processor.py:826} INFO - Processing file /home/shubham/.local/lib/python3.10/site-packages/airflow/example_dags/example_trigger_controller_dag.py for tasks to queue
[2023-06-18T14:42:15.493+0530] {logging_mixin.py:149} INFO - [2023-06-18T14:42:15.493+0530] {dagbag.py:541} INFO - Filling up the DagBag from /home/shubham/.local/lib/python3.10/site-packages/airflow/example_dags/example_trigger_controller_dag.py
[2023-06-18T14:42:15.496+0530] {processor.py:836} INFO - DAG(s) dict_keys(['example_trigger_controller_dag']) retrieved from /home/shubham/.local/lib/python3.10/site-packages/airflow/example_dags/example_trigger_controller_dag.py
[2023-06-18T14:42:15.510+0530] {logging_mixin.py:149} INFO - [2023-06-18T14:42:15.510+0530] {dag.py:2726} INFO - Sync 1 DAGs
[2023-06-18T14:42:15.522+0530] {logging_mixin.py:149} INFO - [2023-06-18T14:42:15.522+0530] {dag.py:3486} INFO - Setting next_dagrun for example_trigger_controller_dag to 2021-01-01T00:00:00+00:00, run_after=2021-01-01T00:00:00+00:00
[2023-06-18T14:42:15.538+0530] {processor.py:179} INFO - Processing /home/shubham/.local/lib/python3.10/site-packages/airflow/example_dags/example_trigger_controller_dag.py took 0.049 seconds
[2023-06-18T14:43:02.133+0530] {processor.py:157} INFO - Started process (PID=3789) to work on /home/shubham/.local/lib/python3.10/site-packages/airflow/example_dags/example_trigger_controller_dag.py
[2023-06-18T14:43:02.134+0530] {processor.py:826} INFO - Processing file /home/shubham/.local/lib/python3.10/site-packages/airflow/example_dags/example_trigger_controller_dag.py for tasks to queue
[2023-06-18T14:43:02.135+0530] {logging_mixin.py:149} INFO - [2023-06-18T14:43:02.135+0530] {dagbag.py:541} INFO - Filling up the DagBag from /home/shubham/.local/lib/python3.10/site-packages/airflow/example_dags/example_trigger_controller_dag.py
[2023-06-18T14:43:02.138+0530] {processor.py:836} INFO - DAG(s) dict_keys(['example_trigger_controller_dag']) retrieved from /home/shubham/.local/lib/python3.10/site-packages/airflow/example_dags/example_trigger_controller_dag.py
[2023-06-18T14:43:02.151+0530] {logging_mixin.py:149} INFO - [2023-06-18T14:43:02.151+0530] {dag.py:2726} INFO - Sync 1 DAGs
[2023-06-18T14:43:02.163+0530] {logging_mixin.py:149} INFO - [2023-06-18T14:43:02.163+0530] {dag.py:3486} INFO - Setting next_dagrun for example_trigger_controller_dag to 2021-01-01T00:00:00+00:00, run_after=2021-01-01T00:00:00+00:00
[2023-06-18T14:43:02.179+0530] {processor.py:179} INFO - Processing /home/shubham/.local/lib/python3.10/site-packages/airflow/example_dags/example_trigger_controller_dag.py took 0.048 seconds
[2023-06-18T14:43:51.806+0530] {processor.py:157} INFO - Started process (PID=3838) to work on /home/shubham/.local/lib/python3.10/site-packages/airflow/example_dags/example_trigger_controller_dag.py
[2023-06-18T14:43:51.807+0530] {processor.py:826} INFO - Processing file /home/shubham/.local/lib/python3.10/site-packages/airflow/example_dags/example_trigger_controller_dag.py for tasks to queue
[2023-06-18T14:43:51.808+0530] {logging_mixin.py:149} INFO - [2023-06-18T14:43:51.808+0530] {dagbag.py:541} INFO - Filling up the DagBag from /home/shubham/.local/lib/python3.10/site-packages/airflow/example_dags/example_trigger_controller_dag.py
[2023-06-18T14:43:51.811+0530] {processor.py:836} INFO - DAG(s) dict_keys(['example_trigger_controller_dag']) retrieved from /home/shubham/.local/lib/python3.10/site-packages/airflow/example_dags/example_trigger_controller_dag.py
[2023-06-18T14:43:51.828+0530] {logging_mixin.py:149} INFO - [2023-06-18T14:43:51.827+0530] {dag.py:2726} INFO - Sync 1 DAGs
[2023-06-18T14:43:51.840+0530] {logging_mixin.py:149} INFO - [2023-06-18T14:43:51.840+0530] {dag.py:3486} INFO - Setting next_dagrun for example_trigger_controller_dag to 2021-01-01T00:00:00+00:00, run_after=2021-01-01T00:00:00+00:00
[2023-06-18T14:43:51.857+0530] {processor.py:179} INFO - Processing /home/shubham/.local/lib/python3.10/site-packages/airflow/example_dags/example_trigger_controller_dag.py took 0.053 seconds
[2023-06-18T14:44:37.000+0530] {processor.py:157} INFO - Started process (PID=3885) to work on /home/shubham/.local/lib/python3.10/site-packages/airflow/example_dags/example_trigger_controller_dag.py
[2023-06-18T14:44:37.001+0530] {processor.py:826} INFO - Processing file /home/shubham/.local/lib/python3.10/site-packages/airflow/example_dags/example_trigger_controller_dag.py for tasks to queue
[2023-06-18T14:44:37.001+0530] {logging_mixin.py:149} INFO - [2023-06-18T14:44:37.001+0530] {dagbag.py:541} INFO - Filling up the DagBag from /home/shubham/.local/lib/python3.10/site-packages/airflow/example_dags/example_trigger_controller_dag.py
[2023-06-18T14:44:37.004+0530] {processor.py:836} INFO - DAG(s) dict_keys(['example_trigger_controller_dag']) retrieved from /home/shubham/.local/lib/python3.10/site-packages/airflow/example_dags/example_trigger_controller_dag.py
[2023-06-18T14:44:37.019+0530] {logging_mixin.py:149} INFO - [2023-06-18T14:44:37.019+0530] {dag.py:2726} INFO - Sync 1 DAGs
[2023-06-18T14:44:37.032+0530] {logging_mixin.py:149} INFO - [2023-06-18T14:44:37.031+0530] {dag.py:3486} INFO - Setting next_dagrun for example_trigger_controller_dag to 2021-01-01T00:00:00+00:00, run_after=2021-01-01T00:00:00+00:00
[2023-06-18T14:44:37.047+0530] {processor.py:179} INFO - Processing /home/shubham/.local/lib/python3.10/site-packages/airflow/example_dags/example_trigger_controller_dag.py took 0.050 seconds
[2023-06-18T14:45:20.761+0530] {processor.py:157} INFO - Started process (PID=3931) to work on /home/shubham/.local/lib/python3.10/site-packages/airflow/example_dags/example_trigger_controller_dag.py
[2023-06-18T14:45:20.762+0530] {processor.py:826} INFO - Processing file /home/shubham/.local/lib/python3.10/site-packages/airflow/example_dags/example_trigger_controller_dag.py for tasks to queue
[2023-06-18T14:45:20.763+0530] {logging_mixin.py:149} INFO - [2023-06-18T14:45:20.762+0530] {dagbag.py:541} INFO - Filling up the DagBag from /home/shubham/.local/lib/python3.10/site-packages/airflow/example_dags/example_trigger_controller_dag.py
[2023-06-18T14:45:20.766+0530] {processor.py:836} INFO - DAG(s) dict_keys(['example_trigger_controller_dag']) retrieved from /home/shubham/.local/lib/python3.10/site-packages/airflow/example_dags/example_trigger_controller_dag.py
[2023-06-18T14:45:20.779+0530] {logging_mixin.py:149} INFO - [2023-06-18T14:45:20.779+0530] {dag.py:2726} INFO - Sync 1 DAGs
[2023-06-18T14:45:20.791+0530] {logging_mixin.py:149} INFO - [2023-06-18T14:45:20.791+0530] {dag.py:3486} INFO - Setting next_dagrun for example_trigger_controller_dag to 2021-01-01T00:00:00+00:00, run_after=2021-01-01T00:00:00+00:00
[2023-06-18T14:45:20.807+0530] {processor.py:179} INFO - Processing /home/shubham/.local/lib/python3.10/site-packages/airflow/example_dags/example_trigger_controller_dag.py took 0.049 seconds
[2023-06-18T14:46:05.795+0530] {processor.py:157} INFO - Started process (PID=3977) to work on /home/shubham/.local/lib/python3.10/site-packages/airflow/example_dags/example_trigger_controller_dag.py
[2023-06-18T14:46:05.797+0530] {processor.py:826} INFO - Processing file /home/shubham/.local/lib/python3.10/site-packages/airflow/example_dags/example_trigger_controller_dag.py for tasks to queue
[2023-06-18T14:46:05.797+0530] {logging_mixin.py:149} INFO - [2023-06-18T14:46:05.797+0530] {dagbag.py:541} INFO - Filling up the DagBag from /home/shubham/.local/lib/python3.10/site-packages/airflow/example_dags/example_trigger_controller_dag.py
[2023-06-18T14:46:05.800+0530] {processor.py:836} INFO - DAG(s) dict_keys(['example_trigger_controller_dag']) retrieved from /home/shubham/.local/lib/python3.10/site-packages/airflow/example_dags/example_trigger_controller_dag.py
[2023-06-18T14:46:05.813+0530] {logging_mixin.py:149} INFO - [2023-06-18T14:46:05.813+0530] {dag.py:2726} INFO - Sync 1 DAGs
[2023-06-18T14:46:05.825+0530] {logging_mixin.py:149} INFO - [2023-06-18T14:46:05.825+0530] {dag.py:3486} INFO - Setting next_dagrun for example_trigger_controller_dag to 2021-01-01T00:00:00+00:00, run_after=2021-01-01T00:00:00+00:00
[2023-06-18T14:46:05.842+0530] {processor.py:179} INFO - Processing /home/shubham/.local/lib/python3.10/site-packages/airflow/example_dags/example_trigger_controller_dag.py took 0.049 seconds
[2023-06-18T14:46:52.027+0530] {processor.py:157} INFO - Started process (PID=4025) to work on /home/shubham/.local/lib/python3.10/site-packages/airflow/example_dags/example_trigger_controller_dag.py
[2023-06-18T14:46:52.029+0530] {processor.py:826} INFO - Processing file /home/shubham/.local/lib/python3.10/site-packages/airflow/example_dags/example_trigger_controller_dag.py for tasks to queue
[2023-06-18T14:46:52.029+0530] {logging_mixin.py:149} INFO - [2023-06-18T14:46:52.029+0530] {dagbag.py:541} INFO - Filling up the DagBag from /home/shubham/.local/lib/python3.10/site-packages/airflow/example_dags/example_trigger_controller_dag.py
[2023-06-18T14:46:52.032+0530] {processor.py:836} INFO - DAG(s) dict_keys(['example_trigger_controller_dag']) retrieved from /home/shubham/.local/lib/python3.10/site-packages/airflow/example_dags/example_trigger_controller_dag.py
[2023-06-18T14:46:52.046+0530] {logging_mixin.py:149} INFO - [2023-06-18T14:46:52.046+0530] {dag.py:2726} INFO - Sync 1 DAGs
[2023-06-18T14:46:52.058+0530] {logging_mixin.py:149} INFO - [2023-06-18T14:46:52.058+0530] {dag.py:3486} INFO - Setting next_dagrun for example_trigger_controller_dag to 2021-01-01T00:00:00+00:00, run_after=2021-01-01T00:00:00+00:00
[2023-06-18T14:46:52.075+0530] {processor.py:179} INFO - Processing /home/shubham/.local/lib/python3.10/site-packages/airflow/example_dags/example_trigger_controller_dag.py took 0.050 seconds
[2023-06-18T14:47:37.186+0530] {processor.py:157} INFO - Started process (PID=4073) to work on /home/shubham/.local/lib/python3.10/site-packages/airflow/example_dags/example_trigger_controller_dag.py
[2023-06-18T14:47:37.188+0530] {processor.py:826} INFO - Processing file /home/shubham/.local/lib/python3.10/site-packages/airflow/example_dags/example_trigger_controller_dag.py for tasks to queue
[2023-06-18T14:47:37.188+0530] {logging_mixin.py:149} INFO - [2023-06-18T14:47:37.188+0530] {dagbag.py:541} INFO - Filling up the DagBag from /home/shubham/.local/lib/python3.10/site-packages/airflow/example_dags/example_trigger_controller_dag.py
[2023-06-18T14:47:37.191+0530] {processor.py:836} INFO - DAG(s) dict_keys(['example_trigger_controller_dag']) retrieved from /home/shubham/.local/lib/python3.10/site-packages/airflow/example_dags/example_trigger_controller_dag.py
[2023-06-18T14:47:37.205+0530] {logging_mixin.py:149} INFO - [2023-06-18T14:47:37.205+0530] {dag.py:2726} INFO - Sync 1 DAGs
[2023-06-18T14:47:37.217+0530] {logging_mixin.py:149} INFO - [2023-06-18T14:47:37.217+0530] {dag.py:3486} INFO - Setting next_dagrun for example_trigger_controller_dag to 2021-01-01T00:00:00+00:00, run_after=2021-01-01T00:00:00+00:00
[2023-06-18T14:47:37.235+0530] {processor.py:179} INFO - Processing /home/shubham/.local/lib/python3.10/site-packages/airflow/example_dags/example_trigger_controller_dag.py took 0.051 seconds
[2023-06-18T14:48:19.916+0530] {processor.py:157} INFO - Started process (PID=4117) to work on /home/shubham/.local/lib/python3.10/site-packages/airflow/example_dags/example_trigger_controller_dag.py
[2023-06-18T14:48:19.917+0530] {processor.py:826} INFO - Processing file /home/shubham/.local/lib/python3.10/site-packages/airflow/example_dags/example_trigger_controller_dag.py for tasks to queue
[2023-06-18T14:48:19.918+0530] {logging_mixin.py:149} INFO - [2023-06-18T14:48:19.918+0530] {dagbag.py:541} INFO - Filling up the DagBag from /home/shubham/.local/lib/python3.10/site-packages/airflow/example_dags/example_trigger_controller_dag.py
[2023-06-18T14:48:19.921+0530] {processor.py:836} INFO - DAG(s) dict_keys(['example_trigger_controller_dag']) retrieved from /home/shubham/.local/lib/python3.10/site-packages/airflow/example_dags/example_trigger_controller_dag.py
[2023-06-18T14:48:19.934+0530] {logging_mixin.py:149} INFO - [2023-06-18T14:48:19.934+0530] {dag.py:2726} INFO - Sync 1 DAGs
[2023-06-18T14:48:19.946+0530] {logging_mixin.py:149} INFO - [2023-06-18T14:48:19.946+0530] {dag.py:3486} INFO - Setting next_dagrun for example_trigger_controller_dag to 2021-01-01T00:00:00+00:00, run_after=2021-01-01T00:00:00+00:00
[2023-06-18T14:48:19.962+0530] {processor.py:179} INFO - Processing /home/shubham/.local/lib/python3.10/site-packages/airflow/example_dags/example_trigger_controller_dag.py took 0.049 seconds
[2023-06-18T14:49:03.982+0530] {processor.py:157} INFO - Started process (PID=4163) to work on /home/shubham/.local/lib/python3.10/site-packages/airflow/example_dags/example_trigger_controller_dag.py
[2023-06-18T14:49:03.983+0530] {processor.py:826} INFO - Processing file /home/shubham/.local/lib/python3.10/site-packages/airflow/example_dags/example_trigger_controller_dag.py for tasks to queue
[2023-06-18T14:49:03.984+0530] {logging_mixin.py:149} INFO - [2023-06-18T14:49:03.984+0530] {dagbag.py:541} INFO - Filling up the DagBag from /home/shubham/.local/lib/python3.10/site-packages/airflow/example_dags/example_trigger_controller_dag.py
[2023-06-18T14:49:03.987+0530] {processor.py:836} INFO - DAG(s) dict_keys(['example_trigger_controller_dag']) retrieved from /home/shubham/.local/lib/python3.10/site-packages/airflow/example_dags/example_trigger_controller_dag.py
[2023-06-18T14:49:04.000+0530] {logging_mixin.py:149} INFO - [2023-06-18T14:49:04.000+0530] {dag.py:2726} INFO - Sync 1 DAGs
[2023-06-18T14:49:04.012+0530] {logging_mixin.py:149} INFO - [2023-06-18T14:49:04.012+0530] {dag.py:3486} INFO - Setting next_dagrun for example_trigger_controller_dag to 2021-01-01T00:00:00+00:00, run_after=2021-01-01T00:00:00+00:00
[2023-06-18T14:49:04.030+0530] {processor.py:179} INFO - Processing /home/shubham/.local/lib/python3.10/site-packages/airflow/example_dags/example_trigger_controller_dag.py took 0.050 seconds
[2023-06-18T14:49:46.153+0530] {processor.py:157} INFO - Started process (PID=4208) to work on /home/shubham/.local/lib/python3.10/site-packages/airflow/example_dags/example_trigger_controller_dag.py
[2023-06-18T14:49:46.154+0530] {processor.py:826} INFO - Processing file /home/shubham/.local/lib/python3.10/site-packages/airflow/example_dags/example_trigger_controller_dag.py for tasks to queue
[2023-06-18T14:49:46.155+0530] {logging_mixin.py:149} INFO - [2023-06-18T14:49:46.155+0530] {dagbag.py:541} INFO - Filling up the DagBag from /home/shubham/.local/lib/python3.10/site-packages/airflow/example_dags/example_trigger_controller_dag.py
[2023-06-18T14:49:46.158+0530] {processor.py:836} INFO - DAG(s) dict_keys(['example_trigger_controller_dag']) retrieved from /home/shubham/.local/lib/python3.10/site-packages/airflow/example_dags/example_trigger_controller_dag.py
[2023-06-18T14:49:46.171+0530] {logging_mixin.py:149} INFO - [2023-06-18T14:49:46.171+0530] {dag.py:2726} INFO - Sync 1 DAGs
[2023-06-18T14:49:46.184+0530] {logging_mixin.py:149} INFO - [2023-06-18T14:49:46.184+0530] {dag.py:3486} INFO - Setting next_dagrun for example_trigger_controller_dag to 2021-01-01T00:00:00+00:00, run_after=2021-01-01T00:00:00+00:00
[2023-06-18T14:49:46.200+0530] {processor.py:179} INFO - Processing /home/shubham/.local/lib/python3.10/site-packages/airflow/example_dags/example_trigger_controller_dag.py took 0.050 seconds
[2023-06-18T14:50:28.961+0530] {processor.py:157} INFO - Started process (PID=4253) to work on /home/shubham/.local/lib/python3.10/site-packages/airflow/example_dags/example_trigger_controller_dag.py
[2023-06-18T14:50:28.962+0530] {processor.py:826} INFO - Processing file /home/shubham/.local/lib/python3.10/site-packages/airflow/example_dags/example_trigger_controller_dag.py for tasks to queue
[2023-06-18T14:50:28.963+0530] {logging_mixin.py:149} INFO - [2023-06-18T14:50:28.963+0530] {dagbag.py:541} INFO - Filling up the DagBag from /home/shubham/.local/lib/python3.10/site-packages/airflow/example_dags/example_trigger_controller_dag.py
[2023-06-18T14:50:28.966+0530] {processor.py:836} INFO - DAG(s) dict_keys(['example_trigger_controller_dag']) retrieved from /home/shubham/.local/lib/python3.10/site-packages/airflow/example_dags/example_trigger_controller_dag.py
[2023-06-18T14:50:28.979+0530] {logging_mixin.py:149} INFO - [2023-06-18T14:50:28.979+0530] {dag.py:2726} INFO - Sync 1 DAGs
[2023-06-18T14:50:28.991+0530] {logging_mixin.py:149} INFO - [2023-06-18T14:50:28.991+0530] {dag.py:3486} INFO - Setting next_dagrun for example_trigger_controller_dag to 2021-01-01T00:00:00+00:00, run_after=2021-01-01T00:00:00+00:00
[2023-06-18T14:50:29.006+0530] {processor.py:179} INFO - Processing /home/shubham/.local/lib/python3.10/site-packages/airflow/example_dags/example_trigger_controller_dag.py took 0.048 seconds
[2023-06-18T14:51:12.764+0530] {processor.py:157} INFO - Started process (PID=4299) to work on /home/shubham/.local/lib/python3.10/site-packages/airflow/example_dags/example_trigger_controller_dag.py
[2023-06-18T14:51:12.766+0530] {processor.py:826} INFO - Processing file /home/shubham/.local/lib/python3.10/site-packages/airflow/example_dags/example_trigger_controller_dag.py for tasks to queue
[2023-06-18T14:51:12.766+0530] {logging_mixin.py:149} INFO - [2023-06-18T14:51:12.766+0530] {dagbag.py:541} INFO - Filling up the DagBag from /home/shubham/.local/lib/python3.10/site-packages/airflow/example_dags/example_trigger_controller_dag.py
[2023-06-18T14:51:12.769+0530] {processor.py:836} INFO - DAG(s) dict_keys(['example_trigger_controller_dag']) retrieved from /home/shubham/.local/lib/python3.10/site-packages/airflow/example_dags/example_trigger_controller_dag.py
[2023-06-18T14:51:12.782+0530] {logging_mixin.py:149} INFO - [2023-06-18T14:51:12.782+0530] {dag.py:2726} INFO - Sync 1 DAGs
[2023-06-18T14:51:12.794+0530] {logging_mixin.py:149} INFO - [2023-06-18T14:51:12.794+0530] {dag.py:3486} INFO - Setting next_dagrun for example_trigger_controller_dag to 2021-01-01T00:00:00+00:00, run_after=2021-01-01T00:00:00+00:00
[2023-06-18T14:51:12.810+0530] {processor.py:179} INFO - Processing /home/shubham/.local/lib/python3.10/site-packages/airflow/example_dags/example_trigger_controller_dag.py took 0.048 seconds
[2023-06-18T14:51:55.897+0530] {processor.py:157} INFO - Started process (PID=4343) to work on /home/shubham/.local/lib/python3.10/site-packages/airflow/example_dags/example_trigger_controller_dag.py
[2023-06-18T14:51:55.899+0530] {processor.py:826} INFO - Processing file /home/shubham/.local/lib/python3.10/site-packages/airflow/example_dags/example_trigger_controller_dag.py for tasks to queue
[2023-06-18T14:51:55.899+0530] {logging_mixin.py:149} INFO - [2023-06-18T14:51:55.899+0530] {dagbag.py:541} INFO - Filling up the DagBag from /home/shubham/.local/lib/python3.10/site-packages/airflow/example_dags/example_trigger_controller_dag.py
[2023-06-18T14:51:55.902+0530] {processor.py:836} INFO - DAG(s) dict_keys(['example_trigger_controller_dag']) retrieved from /home/shubham/.local/lib/python3.10/site-packages/airflow/example_dags/example_trigger_controller_dag.py
[2023-06-18T14:51:55.915+0530] {logging_mixin.py:149} INFO - [2023-06-18T14:51:55.915+0530] {dag.py:2726} INFO - Sync 1 DAGs
[2023-06-18T14:51:55.928+0530] {logging_mixin.py:149} INFO - [2023-06-18T14:51:55.928+0530] {dag.py:3486} INFO - Setting next_dagrun for example_trigger_controller_dag to 2021-01-01T00:00:00+00:00, run_after=2021-01-01T00:00:00+00:00
[2023-06-18T14:51:55.944+0530] {processor.py:179} INFO - Processing /home/shubham/.local/lib/python3.10/site-packages/airflow/example_dags/example_trigger_controller_dag.py took 0.050 seconds
[2023-06-18T14:52:38.224+0530] {processor.py:157} INFO - Started process (PID=4389) to work on /home/shubham/.local/lib/python3.10/site-packages/airflow/example_dags/example_trigger_controller_dag.py
[2023-06-18T14:52:38.225+0530] {processor.py:826} INFO - Processing file /home/shubham/.local/lib/python3.10/site-packages/airflow/example_dags/example_trigger_controller_dag.py for tasks to queue
[2023-06-18T14:52:38.226+0530] {logging_mixin.py:149} INFO - [2023-06-18T14:52:38.226+0530] {dagbag.py:541} INFO - Filling up the DagBag from /home/shubham/.local/lib/python3.10/site-packages/airflow/example_dags/example_trigger_controller_dag.py
[2023-06-18T14:52:38.229+0530] {processor.py:836} INFO - DAG(s) dict_keys(['example_trigger_controller_dag']) retrieved from /home/shubham/.local/lib/python3.10/site-packages/airflow/example_dags/example_trigger_controller_dag.py
[2023-06-18T14:52:38.243+0530] {logging_mixin.py:149} INFO - [2023-06-18T14:52:38.243+0530] {dag.py:2726} INFO - Sync 1 DAGs
[2023-06-18T14:52:38.255+0530] {logging_mixin.py:149} INFO - [2023-06-18T14:52:38.255+0530] {dag.py:3486} INFO - Setting next_dagrun for example_trigger_controller_dag to 2021-01-01T00:00:00+00:00, run_after=2021-01-01T00:00:00+00:00
[2023-06-18T14:52:38.270+0530] {processor.py:179} INFO - Processing /home/shubham/.local/lib/python3.10/site-packages/airflow/example_dags/example_trigger_controller_dag.py took 0.049 seconds
[2023-06-18T14:53:22.391+0530] {processor.py:157} INFO - Started process (PID=4435) to work on /home/shubham/.local/lib/python3.10/site-packages/airflow/example_dags/example_trigger_controller_dag.py
[2023-06-18T14:53:22.392+0530] {processor.py:826} INFO - Processing file /home/shubham/.local/lib/python3.10/site-packages/airflow/example_dags/example_trigger_controller_dag.py for tasks to queue
[2023-06-18T14:53:22.392+0530] {logging_mixin.py:149} INFO - [2023-06-18T14:53:22.392+0530] {dagbag.py:541} INFO - Filling up the DagBag from /home/shubham/.local/lib/python3.10/site-packages/airflow/example_dags/example_trigger_controller_dag.py
[2023-06-18T14:53:22.396+0530] {processor.py:836} INFO - DAG(s) dict_keys(['example_trigger_controller_dag']) retrieved from /home/shubham/.local/lib/python3.10/site-packages/airflow/example_dags/example_trigger_controller_dag.py
[2023-06-18T14:53:22.410+0530] {logging_mixin.py:149} INFO - [2023-06-18T14:53:22.409+0530] {dag.py:2726} INFO - Sync 1 DAGs
[2023-06-18T14:53:22.422+0530] {logging_mixin.py:149} INFO - [2023-06-18T14:53:22.422+0530] {dag.py:3486} INFO - Setting next_dagrun for example_trigger_controller_dag to 2021-01-01T00:00:00+00:00, run_after=2021-01-01T00:00:00+00:00
[2023-06-18T14:53:22.439+0530] {processor.py:179} INFO - Processing /home/shubham/.local/lib/python3.10/site-packages/airflow/example_dags/example_trigger_controller_dag.py took 0.050 seconds
[2023-06-18T14:54:10.501+0530] {processor.py:157} INFO - Started process (PID=4483) to work on /home/shubham/.local/lib/python3.10/site-packages/airflow/example_dags/example_trigger_controller_dag.py
[2023-06-18T14:54:10.502+0530] {processor.py:826} INFO - Processing file /home/shubham/.local/lib/python3.10/site-packages/airflow/example_dags/example_trigger_controller_dag.py for tasks to queue
[2023-06-18T14:54:10.503+0530] {logging_mixin.py:149} INFO - [2023-06-18T14:54:10.503+0530] {dagbag.py:541} INFO - Filling up the DagBag from /home/shubham/.local/lib/python3.10/site-packages/airflow/example_dags/example_trigger_controller_dag.py
[2023-06-18T14:54:10.506+0530] {processor.py:836} INFO - DAG(s) dict_keys(['example_trigger_controller_dag']) retrieved from /home/shubham/.local/lib/python3.10/site-packages/airflow/example_dags/example_trigger_controller_dag.py
[2023-06-18T14:54:10.522+0530] {logging_mixin.py:149} INFO - [2023-06-18T14:54:10.522+0530] {dag.py:2726} INFO - Sync 1 DAGs
[2023-06-18T14:54:10.538+0530] {logging_mixin.py:149} INFO - [2023-06-18T14:54:10.538+0530] {dag.py:3486} INFO - Setting next_dagrun for example_trigger_controller_dag to 2021-01-01T00:00:00+00:00, run_after=2021-01-01T00:00:00+00:00
[2023-06-18T14:54:10.555+0530] {processor.py:179} INFO - Processing /home/shubham/.local/lib/python3.10/site-packages/airflow/example_dags/example_trigger_controller_dag.py took 0.056 seconds
[2023-06-18T14:54:55.867+0530] {processor.py:157} INFO - Started process (PID=4530) to work on /home/shubham/.local/lib/python3.10/site-packages/airflow/example_dags/example_trigger_controller_dag.py
[2023-06-18T14:54:55.868+0530] {processor.py:826} INFO - Processing file /home/shubham/.local/lib/python3.10/site-packages/airflow/example_dags/example_trigger_controller_dag.py for tasks to queue
[2023-06-18T14:54:55.868+0530] {logging_mixin.py:149} INFO - [2023-06-18T14:54:55.868+0530] {dagbag.py:541} INFO - Filling up the DagBag from /home/shubham/.local/lib/python3.10/site-packages/airflow/example_dags/example_trigger_controller_dag.py
[2023-06-18T14:54:55.872+0530] {processor.py:836} INFO - DAG(s) dict_keys(['example_trigger_controller_dag']) retrieved from /home/shubham/.local/lib/python3.10/site-packages/airflow/example_dags/example_trigger_controller_dag.py
[2023-06-18T14:54:55.885+0530] {logging_mixin.py:149} INFO - [2023-06-18T14:54:55.885+0530] {dag.py:2726} INFO - Sync 1 DAGs
[2023-06-18T14:54:55.897+0530] {logging_mixin.py:149} INFO - [2023-06-18T14:54:55.897+0530] {dag.py:3486} INFO - Setting next_dagrun for example_trigger_controller_dag to 2021-01-01T00:00:00+00:00, run_after=2021-01-01T00:00:00+00:00
[2023-06-18T14:54:55.914+0530] {processor.py:179} INFO - Processing /home/shubham/.local/lib/python3.10/site-packages/airflow/example_dags/example_trigger_controller_dag.py took 0.049 seconds
[2023-06-18T14:55:39.915+0530] {processor.py:157} INFO - Started process (PID=4576) to work on /home/shubham/.local/lib/python3.10/site-packages/airflow/example_dags/example_trigger_controller_dag.py
[2023-06-18T14:55:39.917+0530] {processor.py:826} INFO - Processing file /home/shubham/.local/lib/python3.10/site-packages/airflow/example_dags/example_trigger_controller_dag.py for tasks to queue
[2023-06-18T14:55:39.917+0530] {logging_mixin.py:149} INFO - [2023-06-18T14:55:39.917+0530] {dagbag.py:541} INFO - Filling up the DagBag from /home/shubham/.local/lib/python3.10/site-packages/airflow/example_dags/example_trigger_controller_dag.py
[2023-06-18T14:55:39.920+0530] {processor.py:836} INFO - DAG(s) dict_keys(['example_trigger_controller_dag']) retrieved from /home/shubham/.local/lib/python3.10/site-packages/airflow/example_dags/example_trigger_controller_dag.py
[2023-06-18T14:55:39.934+0530] {logging_mixin.py:149} INFO - [2023-06-18T14:55:39.934+0530] {dag.py:2726} INFO - Sync 1 DAGs
[2023-06-18T14:55:39.946+0530] {logging_mixin.py:149} INFO - [2023-06-18T14:55:39.946+0530] {dag.py:3486} INFO - Setting next_dagrun for example_trigger_controller_dag to 2021-01-01T00:00:00+00:00, run_after=2021-01-01T00:00:00+00:00
[2023-06-18T14:55:39.962+0530] {processor.py:179} INFO - Processing /home/shubham/.local/lib/python3.10/site-packages/airflow/example_dags/example_trigger_controller_dag.py took 0.049 seconds
[2023-06-18T14:56:25.449+0530] {processor.py:157} INFO - Started process (PID=4623) to work on /home/shubham/.local/lib/python3.10/site-packages/airflow/example_dags/example_trigger_controller_dag.py
[2023-06-18T14:56:25.451+0530] {processor.py:826} INFO - Processing file /home/shubham/.local/lib/python3.10/site-packages/airflow/example_dags/example_trigger_controller_dag.py for tasks to queue
[2023-06-18T14:56:25.451+0530] {logging_mixin.py:149} INFO - [2023-06-18T14:56:25.451+0530] {dagbag.py:541} INFO - Filling up the DagBag from /home/shubham/.local/lib/python3.10/site-packages/airflow/example_dags/example_trigger_controller_dag.py
[2023-06-18T14:56:25.454+0530] {processor.py:836} INFO - DAG(s) dict_keys(['example_trigger_controller_dag']) retrieved from /home/shubham/.local/lib/python3.10/site-packages/airflow/example_dags/example_trigger_controller_dag.py
[2023-06-18T14:56:25.468+0530] {logging_mixin.py:149} INFO - [2023-06-18T14:56:25.468+0530] {dag.py:2726} INFO - Sync 1 DAGs
[2023-06-18T14:56:25.480+0530] {logging_mixin.py:149} INFO - [2023-06-18T14:56:25.480+0530] {dag.py:3486} INFO - Setting next_dagrun for example_trigger_controller_dag to 2021-01-01T00:00:00+00:00, run_after=2021-01-01T00:00:00+00:00
[2023-06-18T14:56:25.496+0530] {processor.py:179} INFO - Processing /home/shubham/.local/lib/python3.10/site-packages/airflow/example_dags/example_trigger_controller_dag.py took 0.049 seconds
[2023-06-18T14:57:08.287+0530] {processor.py:157} INFO - Started process (PID=4673) to work on /home/shubham/.local/lib/python3.10/site-packages/airflow/example_dags/example_trigger_controller_dag.py
[2023-06-18T14:57:08.289+0530] {processor.py:826} INFO - Processing file /home/shubham/.local/lib/python3.10/site-packages/airflow/example_dags/example_trigger_controller_dag.py for tasks to queue
[2023-06-18T14:57:08.289+0530] {logging_mixin.py:149} INFO - [2023-06-18T14:57:08.289+0530] {dagbag.py:541} INFO - Filling up the DagBag from /home/shubham/.local/lib/python3.10/site-packages/airflow/example_dags/example_trigger_controller_dag.py
[2023-06-18T14:57:08.292+0530] {processor.py:836} INFO - DAG(s) dict_keys(['example_trigger_controller_dag']) retrieved from /home/shubham/.local/lib/python3.10/site-packages/airflow/example_dags/example_trigger_controller_dag.py
[2023-06-18T14:57:08.307+0530] {logging_mixin.py:149} INFO - [2023-06-18T14:57:08.307+0530] {dag.py:2726} INFO - Sync 1 DAGs
[2023-06-18T14:57:08.319+0530] {logging_mixin.py:149} INFO - [2023-06-18T14:57:08.319+0530] {dag.py:3486} INFO - Setting next_dagrun for example_trigger_controller_dag to 2021-01-01T00:00:00+00:00, run_after=2021-01-01T00:00:00+00:00
[2023-06-18T14:57:08.336+0530] {processor.py:179} INFO - Processing /home/shubham/.local/lib/python3.10/site-packages/airflow/example_dags/example_trigger_controller_dag.py took 0.051 seconds
[2023-06-18T14:58:04.833+0530] {processor.py:157} INFO - Started process (PID=4732) to work on /home/shubham/.local/lib/python3.10/site-packages/airflow/example_dags/example_trigger_controller_dag.py
[2023-06-18T14:58:04.835+0530] {processor.py:826} INFO - Processing file /home/shubham/.local/lib/python3.10/site-packages/airflow/example_dags/example_trigger_controller_dag.py for tasks to queue
[2023-06-18T14:58:04.835+0530] {logging_mixin.py:149} INFO - [2023-06-18T14:58:04.835+0530] {dagbag.py:541} INFO - Filling up the DagBag from /home/shubham/.local/lib/python3.10/site-packages/airflow/example_dags/example_trigger_controller_dag.py
[2023-06-18T14:58:04.838+0530] {processor.py:836} INFO - DAG(s) dict_keys(['example_trigger_controller_dag']) retrieved from /home/shubham/.local/lib/python3.10/site-packages/airflow/example_dags/example_trigger_controller_dag.py
[2023-06-18T14:58:04.852+0530] {logging_mixin.py:149} INFO - [2023-06-18T14:58:04.852+0530] {dag.py:2726} INFO - Sync 1 DAGs
[2023-06-18T14:58:04.864+0530] {logging_mixin.py:149} INFO - [2023-06-18T14:58:04.864+0530] {dag.py:3486} INFO - Setting next_dagrun for example_trigger_controller_dag to 2021-01-01T00:00:00+00:00, run_after=2021-01-01T00:00:00+00:00
[2023-06-18T14:58:04.881+0530] {processor.py:179} INFO - Processing /home/shubham/.local/lib/python3.10/site-packages/airflow/example_dags/example_trigger_controller_dag.py took 0.050 seconds
[2023-06-18T14:58:57.287+0530] {processor.py:157} INFO - Started process (PID=4787) to work on /home/shubham/.local/lib/python3.10/site-packages/airflow/example_dags/example_trigger_controller_dag.py
[2023-06-18T14:58:57.288+0530] {processor.py:826} INFO - Processing file /home/shubham/.local/lib/python3.10/site-packages/airflow/example_dags/example_trigger_controller_dag.py for tasks to queue
[2023-06-18T14:58:57.289+0530] {logging_mixin.py:149} INFO - [2023-06-18T14:58:57.289+0530] {dagbag.py:541} INFO - Filling up the DagBag from /home/shubham/.local/lib/python3.10/site-packages/airflow/example_dags/example_trigger_controller_dag.py
[2023-06-18T14:58:57.292+0530] {processor.py:836} INFO - DAG(s) dict_keys(['example_trigger_controller_dag']) retrieved from /home/shubham/.local/lib/python3.10/site-packages/airflow/example_dags/example_trigger_controller_dag.py
[2023-06-18T14:58:57.305+0530] {logging_mixin.py:149} INFO - [2023-06-18T14:58:57.305+0530] {dag.py:2726} INFO - Sync 1 DAGs
[2023-06-18T14:58:57.318+0530] {logging_mixin.py:149} INFO - [2023-06-18T14:58:57.317+0530] {dag.py:3486} INFO - Setting next_dagrun for example_trigger_controller_dag to 2021-01-01T00:00:00+00:00, run_after=2021-01-01T00:00:00+00:00
[2023-06-18T14:58:57.334+0530] {processor.py:179} INFO - Processing /home/shubham/.local/lib/python3.10/site-packages/airflow/example_dags/example_trigger_controller_dag.py took 0.049 seconds
[2023-06-18T14:59:40.464+0530] {processor.py:157} INFO - Started process (PID=4833) to work on /home/shubham/.local/lib/python3.10/site-packages/airflow/example_dags/example_trigger_controller_dag.py
[2023-06-18T14:59:40.465+0530] {processor.py:826} INFO - Processing file /home/shubham/.local/lib/python3.10/site-packages/airflow/example_dags/example_trigger_controller_dag.py for tasks to queue
[2023-06-18T14:59:40.466+0530] {logging_mixin.py:149} INFO - [2023-06-18T14:59:40.466+0530] {dagbag.py:541} INFO - Filling up the DagBag from /home/shubham/.local/lib/python3.10/site-packages/airflow/example_dags/example_trigger_controller_dag.py
[2023-06-18T14:59:40.469+0530] {processor.py:836} INFO - DAG(s) dict_keys(['example_trigger_controller_dag']) retrieved from /home/shubham/.local/lib/python3.10/site-packages/airflow/example_dags/example_trigger_controller_dag.py
[2023-06-18T14:59:40.482+0530] {logging_mixin.py:149} INFO - [2023-06-18T14:59:40.482+0530] {dag.py:2726} INFO - Sync 1 DAGs
[2023-06-18T14:59:40.494+0530] {logging_mixin.py:149} INFO - [2023-06-18T14:59:40.494+0530] {dag.py:3486} INFO - Setting next_dagrun for example_trigger_controller_dag to 2021-01-01T00:00:00+00:00, run_after=2021-01-01T00:00:00+00:00
[2023-06-18T14:59:40.510+0530] {processor.py:179} INFO - Processing /home/shubham/.local/lib/python3.10/site-packages/airflow/example_dags/example_trigger_controller_dag.py took 0.049 seconds
[2023-06-18T15:00:22.165+0530] {processor.py:157} INFO - Started process (PID=4876) to work on /home/shubham/.local/lib/python3.10/site-packages/airflow/example_dags/example_trigger_controller_dag.py
[2023-06-18T15:00:22.167+0530] {processor.py:826} INFO - Processing file /home/shubham/.local/lib/python3.10/site-packages/airflow/example_dags/example_trigger_controller_dag.py for tasks to queue
[2023-06-18T15:00:22.167+0530] {logging_mixin.py:149} INFO - [2023-06-18T15:00:22.167+0530] {dagbag.py:541} INFO - Filling up the DagBag from /home/shubham/.local/lib/python3.10/site-packages/airflow/example_dags/example_trigger_controller_dag.py
[2023-06-18T15:00:22.170+0530] {processor.py:836} INFO - DAG(s) dict_keys(['example_trigger_controller_dag']) retrieved from /home/shubham/.local/lib/python3.10/site-packages/airflow/example_dags/example_trigger_controller_dag.py
[2023-06-18T15:00:22.185+0530] {logging_mixin.py:149} INFO - [2023-06-18T15:00:22.185+0530] {dag.py:2726} INFO - Sync 1 DAGs
[2023-06-18T15:00:22.198+0530] {logging_mixin.py:149} INFO - [2023-06-18T15:00:22.198+0530] {dag.py:3486} INFO - Setting next_dagrun for example_trigger_controller_dag to 2021-01-01T00:00:00+00:00, run_after=2021-01-01T00:00:00+00:00
[2023-06-18T15:00:22.213+0530] {processor.py:179} INFO - Processing /home/shubham/.local/lib/python3.10/site-packages/airflow/example_dags/example_trigger_controller_dag.py took 0.050 seconds
[2023-06-18T15:01:10.552+0530] {processor.py:157} INFO - Started process (PID=4926) to work on /home/shubham/.local/lib/python3.10/site-packages/airflow/example_dags/example_trigger_controller_dag.py
[2023-06-18T15:01:10.553+0530] {processor.py:826} INFO - Processing file /home/shubham/.local/lib/python3.10/site-packages/airflow/example_dags/example_trigger_controller_dag.py for tasks to queue
[2023-06-18T15:01:10.554+0530] {logging_mixin.py:149} INFO - [2023-06-18T15:01:10.554+0530] {dagbag.py:541} INFO - Filling up the DagBag from /home/shubham/.local/lib/python3.10/site-packages/airflow/example_dags/example_trigger_controller_dag.py
[2023-06-18T15:01:10.557+0530] {processor.py:836} INFO - DAG(s) dict_keys(['example_trigger_controller_dag']) retrieved from /home/shubham/.local/lib/python3.10/site-packages/airflow/example_dags/example_trigger_controller_dag.py
[2023-06-18T15:01:10.571+0530] {logging_mixin.py:149} INFO - [2023-06-18T15:01:10.570+0530] {dag.py:2726} INFO - Sync 1 DAGs
[2023-06-18T15:01:10.582+0530] {logging_mixin.py:149} INFO - [2023-06-18T15:01:10.582+0530] {dag.py:3486} INFO - Setting next_dagrun for example_trigger_controller_dag to 2021-01-01T00:00:00+00:00, run_after=2021-01-01T00:00:00+00:00
[2023-06-18T15:01:10.599+0530] {processor.py:179} INFO - Processing /home/shubham/.local/lib/python3.10/site-packages/airflow/example_dags/example_trigger_controller_dag.py took 0.050 seconds
[2023-06-18T15:01:55.193+0530] {processor.py:157} INFO - Started process (PID=4972) to work on /home/shubham/.local/lib/python3.10/site-packages/airflow/example_dags/example_trigger_controller_dag.py
[2023-06-18T15:01:55.194+0530] {processor.py:826} INFO - Processing file /home/shubham/.local/lib/python3.10/site-packages/airflow/example_dags/example_trigger_controller_dag.py for tasks to queue
[2023-06-18T15:01:55.194+0530] {logging_mixin.py:149} INFO - [2023-06-18T15:01:55.194+0530] {dagbag.py:541} INFO - Filling up the DagBag from /home/shubham/.local/lib/python3.10/site-packages/airflow/example_dags/example_trigger_controller_dag.py
[2023-06-18T15:01:55.198+0530] {processor.py:836} INFO - DAG(s) dict_keys(['example_trigger_controller_dag']) retrieved from /home/shubham/.local/lib/python3.10/site-packages/airflow/example_dags/example_trigger_controller_dag.py
[2023-06-18T15:01:55.211+0530] {logging_mixin.py:149} INFO - [2023-06-18T15:01:55.211+0530] {dag.py:2726} INFO - Sync 1 DAGs
[2023-06-18T15:01:55.223+0530] {logging_mixin.py:149} INFO - [2023-06-18T15:01:55.223+0530] {dag.py:3486} INFO - Setting next_dagrun for example_trigger_controller_dag to 2021-01-01T00:00:00+00:00, run_after=2021-01-01T00:00:00+00:00
[2023-06-18T15:01:55.241+0530] {processor.py:179} INFO - Processing /home/shubham/.local/lib/python3.10/site-packages/airflow/example_dags/example_trigger_controller_dag.py took 0.051 seconds
[2023-06-18T15:02:37.961+0530] {processor.py:157} INFO - Started process (PID=5018) to work on /home/shubham/.local/lib/python3.10/site-packages/airflow/example_dags/example_trigger_controller_dag.py
[2023-06-18T15:02:37.963+0530] {processor.py:826} INFO - Processing file /home/shubham/.local/lib/python3.10/site-packages/airflow/example_dags/example_trigger_controller_dag.py for tasks to queue
[2023-06-18T15:02:37.963+0530] {logging_mixin.py:149} INFO - [2023-06-18T15:02:37.963+0530] {dagbag.py:541} INFO - Filling up the DagBag from /home/shubham/.local/lib/python3.10/site-packages/airflow/example_dags/example_trigger_controller_dag.py
[2023-06-18T15:02:37.966+0530] {processor.py:836} INFO - DAG(s) dict_keys(['example_trigger_controller_dag']) retrieved from /home/shubham/.local/lib/python3.10/site-packages/airflow/example_dags/example_trigger_controller_dag.py
[2023-06-18T15:02:37.980+0530] {logging_mixin.py:149} INFO - [2023-06-18T15:02:37.980+0530] {dag.py:2726} INFO - Sync 1 DAGs
[2023-06-18T15:02:37.993+0530] {logging_mixin.py:149} INFO - [2023-06-18T15:02:37.993+0530] {dag.py:3486} INFO - Setting next_dagrun for example_trigger_controller_dag to 2021-01-01T00:00:00+00:00, run_after=2021-01-01T00:00:00+00:00
[2023-06-18T15:02:38.009+0530] {processor.py:179} INFO - Processing /home/shubham/.local/lib/python3.10/site-packages/airflow/example_dags/example_trigger_controller_dag.py took 0.051 seconds
[2023-06-18T15:03:19.281+0530] {processor.py:157} INFO - Started process (PID=5061) to work on /home/shubham/.local/lib/python3.10/site-packages/airflow/example_dags/example_trigger_controller_dag.py
[2023-06-18T15:03:19.282+0530] {processor.py:826} INFO - Processing file /home/shubham/.local/lib/python3.10/site-packages/airflow/example_dags/example_trigger_controller_dag.py for tasks to queue
[2023-06-18T15:03:19.283+0530] {logging_mixin.py:149} INFO - [2023-06-18T15:03:19.283+0530] {dagbag.py:541} INFO - Filling up the DagBag from /home/shubham/.local/lib/python3.10/site-packages/airflow/example_dags/example_trigger_controller_dag.py
[2023-06-18T15:03:19.286+0530] {processor.py:836} INFO - DAG(s) dict_keys(['example_trigger_controller_dag']) retrieved from /home/shubham/.local/lib/python3.10/site-packages/airflow/example_dags/example_trigger_controller_dag.py
[2023-06-18T15:03:19.300+0530] {logging_mixin.py:149} INFO - [2023-06-18T15:03:19.299+0530] {dag.py:2726} INFO - Sync 1 DAGs
[2023-06-18T15:03:19.311+0530] {logging_mixin.py:149} INFO - [2023-06-18T15:03:19.311+0530] {dag.py:3486} INFO - Setting next_dagrun for example_trigger_controller_dag to 2021-01-01T00:00:00+00:00, run_after=2021-01-01T00:00:00+00:00
[2023-06-18T15:03:19.327+0530] {processor.py:179} INFO - Processing /home/shubham/.local/lib/python3.10/site-packages/airflow/example_dags/example_trigger_controller_dag.py took 0.049 seconds
[2023-06-18T15:04:05.056+0530] {processor.py:157} INFO - Started process (PID=5107) to work on /home/shubham/.local/lib/python3.10/site-packages/airflow/example_dags/example_trigger_controller_dag.py
[2023-06-18T15:04:05.058+0530] {processor.py:826} INFO - Processing file /home/shubham/.local/lib/python3.10/site-packages/airflow/example_dags/example_trigger_controller_dag.py for tasks to queue
[2023-06-18T15:04:05.059+0530] {logging_mixin.py:149} INFO - [2023-06-18T15:04:05.058+0530] {dagbag.py:541} INFO - Filling up the DagBag from /home/shubham/.local/lib/python3.10/site-packages/airflow/example_dags/example_trigger_controller_dag.py
[2023-06-18T15:04:05.062+0530] {processor.py:836} INFO - DAG(s) dict_keys(['example_trigger_controller_dag']) retrieved from /home/shubham/.local/lib/python3.10/site-packages/airflow/example_dags/example_trigger_controller_dag.py
[2023-06-18T15:04:05.075+0530] {logging_mixin.py:149} INFO - [2023-06-18T15:04:05.075+0530] {dag.py:2726} INFO - Sync 1 DAGs
[2023-06-18T15:04:05.087+0530] {logging_mixin.py:149} INFO - [2023-06-18T15:04:05.087+0530] {dag.py:3486} INFO - Setting next_dagrun for example_trigger_controller_dag to 2021-01-01T00:00:00+00:00, run_after=2021-01-01T00:00:00+00:00
[2023-06-18T15:04:05.103+0530] {processor.py:179} INFO - Processing /home/shubham/.local/lib/python3.10/site-packages/airflow/example_dags/example_trigger_controller_dag.py took 0.049 seconds
[2023-06-18T15:04:48.295+0530] {processor.py:157} INFO - Started process (PID=5153) to work on /home/shubham/.local/lib/python3.10/site-packages/airflow/example_dags/example_trigger_controller_dag.py
[2023-06-18T15:04:48.297+0530] {processor.py:826} INFO - Processing file /home/shubham/.local/lib/python3.10/site-packages/airflow/example_dags/example_trigger_controller_dag.py for tasks to queue
[2023-06-18T15:04:48.297+0530] {logging_mixin.py:149} INFO - [2023-06-18T15:04:48.297+0530] {dagbag.py:541} INFO - Filling up the DagBag from /home/shubham/.local/lib/python3.10/site-packages/airflow/example_dags/example_trigger_controller_dag.py
[2023-06-18T15:04:48.300+0530] {processor.py:836} INFO - DAG(s) dict_keys(['example_trigger_controller_dag']) retrieved from /home/shubham/.local/lib/python3.10/site-packages/airflow/example_dags/example_trigger_controller_dag.py
[2023-06-18T15:04:48.314+0530] {logging_mixin.py:149} INFO - [2023-06-18T15:04:48.314+0530] {dag.py:2726} INFO - Sync 1 DAGs
[2023-06-18T15:04:48.327+0530] {logging_mixin.py:149} INFO - [2023-06-18T15:04:48.327+0530] {dag.py:3486} INFO - Setting next_dagrun for example_trigger_controller_dag to 2021-01-01T00:00:00+00:00, run_after=2021-01-01T00:00:00+00:00
[2023-06-18T15:04:48.343+0530] {processor.py:179} INFO - Processing /home/shubham/.local/lib/python3.10/site-packages/airflow/example_dags/example_trigger_controller_dag.py took 0.050 seconds
[2023-06-18T15:05:34.850+0530] {processor.py:157} INFO - Started process (PID=5201) to work on /home/shubham/.local/lib/python3.10/site-packages/airflow/example_dags/example_trigger_controller_dag.py
[2023-06-18T15:05:34.852+0530] {processor.py:826} INFO - Processing file /home/shubham/.local/lib/python3.10/site-packages/airflow/example_dags/example_trigger_controller_dag.py for tasks to queue
[2023-06-18T15:05:34.852+0530] {logging_mixin.py:149} INFO - [2023-06-18T15:05:34.852+0530] {dagbag.py:541} INFO - Filling up the DagBag from /home/shubham/.local/lib/python3.10/site-packages/airflow/example_dags/example_trigger_controller_dag.py
[2023-06-18T15:05:34.855+0530] {processor.py:836} INFO - DAG(s) dict_keys(['example_trigger_controller_dag']) retrieved from /home/shubham/.local/lib/python3.10/site-packages/airflow/example_dags/example_trigger_controller_dag.py
[2023-06-18T15:05:34.868+0530] {logging_mixin.py:149} INFO - [2023-06-18T15:05:34.868+0530] {dag.py:2726} INFO - Sync 1 DAGs
[2023-06-18T15:05:34.880+0530] {logging_mixin.py:149} INFO - [2023-06-18T15:05:34.880+0530] {dag.py:3486} INFO - Setting next_dagrun for example_trigger_controller_dag to 2021-01-01T00:00:00+00:00, run_after=2021-01-01T00:00:00+00:00
[2023-06-18T15:05:34.896+0530] {processor.py:179} INFO - Processing /home/shubham/.local/lib/python3.10/site-packages/airflow/example_dags/example_trigger_controller_dag.py took 0.048 seconds
[2023-06-18T15:06:16.371+0530] {processor.py:157} INFO - Started process (PID=5244) to work on /home/shubham/.local/lib/python3.10/site-packages/airflow/example_dags/example_trigger_controller_dag.py
[2023-06-18T15:06:16.372+0530] {processor.py:826} INFO - Processing file /home/shubham/.local/lib/python3.10/site-packages/airflow/example_dags/example_trigger_controller_dag.py for tasks to queue
[2023-06-18T15:06:16.373+0530] {logging_mixin.py:149} INFO - [2023-06-18T15:06:16.373+0530] {dagbag.py:541} INFO - Filling up the DagBag from /home/shubham/.local/lib/python3.10/site-packages/airflow/example_dags/example_trigger_controller_dag.py
[2023-06-18T15:06:16.376+0530] {processor.py:836} INFO - DAG(s) dict_keys(['example_trigger_controller_dag']) retrieved from /home/shubham/.local/lib/python3.10/site-packages/airflow/example_dags/example_trigger_controller_dag.py
[2023-06-18T15:06:16.390+0530] {logging_mixin.py:149} INFO - [2023-06-18T15:06:16.389+0530] {dag.py:2726} INFO - Sync 1 DAGs
[2023-06-18T15:06:16.403+0530] {logging_mixin.py:149} INFO - [2023-06-18T15:06:16.403+0530] {dag.py:3486} INFO - Setting next_dagrun for example_trigger_controller_dag to 2021-01-01T00:00:00+00:00, run_after=2021-01-01T00:00:00+00:00
[2023-06-18T15:06:16.419+0530] {processor.py:179} INFO - Processing /home/shubham/.local/lib/python3.10/site-packages/airflow/example_dags/example_trigger_controller_dag.py took 0.051 seconds
[2023-06-18T15:07:05.297+0530] {processor.py:157} INFO - Started process (PID=5293) to work on /home/shubham/.local/lib/python3.10/site-packages/airflow/example_dags/example_trigger_controller_dag.py
[2023-06-18T15:07:05.299+0530] {processor.py:826} INFO - Processing file /home/shubham/.local/lib/python3.10/site-packages/airflow/example_dags/example_trigger_controller_dag.py for tasks to queue
[2023-06-18T15:07:05.300+0530] {logging_mixin.py:149} INFO - [2023-06-18T15:07:05.300+0530] {dagbag.py:541} INFO - Filling up the DagBag from /home/shubham/.local/lib/python3.10/site-packages/airflow/example_dags/example_trigger_controller_dag.py
[2023-06-18T15:07:05.304+0530] {processor.py:836} INFO - DAG(s) dict_keys(['example_trigger_controller_dag']) retrieved from /home/shubham/.local/lib/python3.10/site-packages/airflow/example_dags/example_trigger_controller_dag.py
[2023-06-18T15:07:05.323+0530] {logging_mixin.py:149} INFO - [2023-06-18T15:07:05.323+0530] {dag.py:2726} INFO - Sync 1 DAGs
[2023-06-18T15:07:05.341+0530] {logging_mixin.py:149} INFO - [2023-06-18T15:07:05.340+0530] {dag.py:3486} INFO - Setting next_dagrun for example_trigger_controller_dag to 2021-01-01T00:00:00+00:00, run_after=2021-01-01T00:00:00+00:00
[2023-06-18T15:07:05.366+0530] {processor.py:179} INFO - Processing /home/shubham/.local/lib/python3.10/site-packages/airflow/example_dags/example_trigger_controller_dag.py took 0.072 seconds
[2023-06-18T15:07:52.165+0530] {processor.py:157} INFO - Started process (PID=5341) to work on /home/shubham/.local/lib/python3.10/site-packages/airflow/example_dags/example_trigger_controller_dag.py
[2023-06-18T15:07:52.168+0530] {processor.py:826} INFO - Processing file /home/shubham/.local/lib/python3.10/site-packages/airflow/example_dags/example_trigger_controller_dag.py for tasks to queue
[2023-06-18T15:07:52.168+0530] {logging_mixin.py:149} INFO - [2023-06-18T15:07:52.168+0530] {dagbag.py:541} INFO - Filling up the DagBag from /home/shubham/.local/lib/python3.10/site-packages/airflow/example_dags/example_trigger_controller_dag.py
[2023-06-18T15:07:52.172+0530] {processor.py:836} INFO - DAG(s) dict_keys(['example_trigger_controller_dag']) retrieved from /home/shubham/.local/lib/python3.10/site-packages/airflow/example_dags/example_trigger_controller_dag.py
[2023-06-18T15:07:52.194+0530] {logging_mixin.py:149} INFO - [2023-06-18T15:07:52.194+0530] {dag.py:2726} INFO - Sync 1 DAGs
[2023-06-18T15:07:52.212+0530] {logging_mixin.py:149} INFO - [2023-06-18T15:07:52.212+0530] {dag.py:3486} INFO - Setting next_dagrun for example_trigger_controller_dag to 2021-01-01T00:00:00+00:00, run_after=2021-01-01T00:00:00+00:00
[2023-06-18T15:07:52.238+0530] {processor.py:179} INFO - Processing /home/shubham/.local/lib/python3.10/site-packages/airflow/example_dags/example_trigger_controller_dag.py took 0.075 seconds
[2023-06-18T15:08:35.548+0530] {processor.py:157} INFO - Started process (PID=5387) to work on /home/shubham/.local/lib/python3.10/site-packages/airflow/example_dags/example_trigger_controller_dag.py
[2023-06-18T15:08:35.551+0530] {processor.py:826} INFO - Processing file /home/shubham/.local/lib/python3.10/site-packages/airflow/example_dags/example_trigger_controller_dag.py for tasks to queue
[2023-06-18T15:08:35.551+0530] {logging_mixin.py:149} INFO - [2023-06-18T15:08:35.551+0530] {dagbag.py:541} INFO - Filling up the DagBag from /home/shubham/.local/lib/python3.10/site-packages/airflow/example_dags/example_trigger_controller_dag.py
[2023-06-18T15:08:35.555+0530] {processor.py:836} INFO - DAG(s) dict_keys(['example_trigger_controller_dag']) retrieved from /home/shubham/.local/lib/python3.10/site-packages/airflow/example_dags/example_trigger_controller_dag.py
[2023-06-18T15:08:35.575+0530] {logging_mixin.py:149} INFO - [2023-06-18T15:08:35.574+0530] {dag.py:2726} INFO - Sync 1 DAGs
[2023-06-18T15:08:35.592+0530] {logging_mixin.py:149} INFO - [2023-06-18T15:08:35.592+0530] {dag.py:3486} INFO - Setting next_dagrun for example_trigger_controller_dag to 2021-01-01T00:00:00+00:00, run_after=2021-01-01T00:00:00+00:00
[2023-06-18T15:08:35.617+0530] {processor.py:179} INFO - Processing /home/shubham/.local/lib/python3.10/site-packages/airflow/example_dags/example_trigger_controller_dag.py took 0.072 seconds
[2023-06-18T15:09:19.775+0530] {processor.py:157} INFO - Started process (PID=5432) to work on /home/shubham/.local/lib/python3.10/site-packages/airflow/example_dags/example_trigger_controller_dag.py
[2023-06-18T15:09:19.777+0530] {processor.py:826} INFO - Processing file /home/shubham/.local/lib/python3.10/site-packages/airflow/example_dags/example_trigger_controller_dag.py for tasks to queue
[2023-06-18T15:09:19.778+0530] {logging_mixin.py:149} INFO - [2023-06-18T15:09:19.778+0530] {dagbag.py:541} INFO - Filling up the DagBag from /home/shubham/.local/lib/python3.10/site-packages/airflow/example_dags/example_trigger_controller_dag.py
[2023-06-18T15:09:19.781+0530] {processor.py:836} INFO - DAG(s) dict_keys(['example_trigger_controller_dag']) retrieved from /home/shubham/.local/lib/python3.10/site-packages/airflow/example_dags/example_trigger_controller_dag.py
[2023-06-18T15:09:19.800+0530] {logging_mixin.py:149} INFO - [2023-06-18T15:09:19.800+0530] {dag.py:2726} INFO - Sync 1 DAGs
[2023-06-18T15:09:19.815+0530] {logging_mixin.py:149} INFO - [2023-06-18T15:09:19.815+0530] {dag.py:3486} INFO - Setting next_dagrun for example_trigger_controller_dag to 2021-01-01T00:00:00+00:00, run_after=2021-01-01T00:00:00+00:00
[2023-06-18T15:09:19.840+0530] {processor.py:179} INFO - Processing /home/shubham/.local/lib/python3.10/site-packages/airflow/example_dags/example_trigger_controller_dag.py took 0.068 seconds
[2023-06-18T15:10:03.156+0530] {processor.py:157} INFO - Started process (PID=5477) to work on /home/shubham/.local/lib/python3.10/site-packages/airflow/example_dags/example_trigger_controller_dag.py
[2023-06-18T15:10:03.158+0530] {processor.py:826} INFO - Processing file /home/shubham/.local/lib/python3.10/site-packages/airflow/example_dags/example_trigger_controller_dag.py for tasks to queue
[2023-06-18T15:10:03.158+0530] {logging_mixin.py:149} INFO - [2023-06-18T15:10:03.158+0530] {dagbag.py:541} INFO - Filling up the DagBag from /home/shubham/.local/lib/python3.10/site-packages/airflow/example_dags/example_trigger_controller_dag.py
[2023-06-18T15:10:03.162+0530] {processor.py:836} INFO - DAG(s) dict_keys(['example_trigger_controller_dag']) retrieved from /home/shubham/.local/lib/python3.10/site-packages/airflow/example_dags/example_trigger_controller_dag.py
[2023-06-18T15:10:03.181+0530] {logging_mixin.py:149} INFO - [2023-06-18T15:10:03.181+0530] {dag.py:2726} INFO - Sync 1 DAGs
[2023-06-18T15:10:03.200+0530] {logging_mixin.py:149} INFO - [2023-06-18T15:10:03.200+0530] {dag.py:3486} INFO - Setting next_dagrun for example_trigger_controller_dag to 2021-01-01T00:00:00+00:00, run_after=2021-01-01T00:00:00+00:00
[2023-06-18T15:10:03.229+0530] {processor.py:179} INFO - Processing /home/shubham/.local/lib/python3.10/site-packages/airflow/example_dags/example_trigger_controller_dag.py took 0.075 seconds
[2023-06-18T15:10:47.640+0530] {processor.py:157} INFO - Started process (PID=5523) to work on /home/shubham/.local/lib/python3.10/site-packages/airflow/example_dags/example_trigger_controller_dag.py
[2023-06-18T15:10:47.642+0530] {processor.py:826} INFO - Processing file /home/shubham/.local/lib/python3.10/site-packages/airflow/example_dags/example_trigger_controller_dag.py for tasks to queue
[2023-06-18T15:10:47.643+0530] {logging_mixin.py:149} INFO - [2023-06-18T15:10:47.643+0530] {dagbag.py:541} INFO - Filling up the DagBag from /home/shubham/.local/lib/python3.10/site-packages/airflow/example_dags/example_trigger_controller_dag.py
[2023-06-18T15:10:47.648+0530] {processor.py:836} INFO - DAG(s) dict_keys(['example_trigger_controller_dag']) retrieved from /home/shubham/.local/lib/python3.10/site-packages/airflow/example_dags/example_trigger_controller_dag.py
[2023-06-18T15:10:47.671+0530] {logging_mixin.py:149} INFO - [2023-06-18T15:10:47.671+0530] {dag.py:2726} INFO - Sync 1 DAGs
[2023-06-18T15:10:47.691+0530] {logging_mixin.py:149} INFO - [2023-06-18T15:10:47.690+0530] {dag.py:3486} INFO - Setting next_dagrun for example_trigger_controller_dag to 2021-01-01T00:00:00+00:00, run_after=2021-01-01T00:00:00+00:00
[2023-06-18T15:10:47.720+0530] {processor.py:179} INFO - Processing /home/shubham/.local/lib/python3.10/site-packages/airflow/example_dags/example_trigger_controller_dag.py took 0.084 seconds
[2023-06-18T15:11:29.185+0530] {processor.py:157} INFO - Started process (PID=5568) to work on /home/shubham/.local/lib/python3.10/site-packages/airflow/example_dags/example_trigger_controller_dag.py
[2023-06-18T15:11:29.188+0530] {processor.py:826} INFO - Processing file /home/shubham/.local/lib/python3.10/site-packages/airflow/example_dags/example_trigger_controller_dag.py for tasks to queue
[2023-06-18T15:11:29.188+0530] {logging_mixin.py:149} INFO - [2023-06-18T15:11:29.188+0530] {dagbag.py:541} INFO - Filling up the DagBag from /home/shubham/.local/lib/python3.10/site-packages/airflow/example_dags/example_trigger_controller_dag.py
[2023-06-18T15:11:29.193+0530] {processor.py:836} INFO - DAG(s) dict_keys(['example_trigger_controller_dag']) retrieved from /home/shubham/.local/lib/python3.10/site-packages/airflow/example_dags/example_trigger_controller_dag.py
[2023-06-18T15:11:29.216+0530] {logging_mixin.py:149} INFO - [2023-06-18T15:11:29.216+0530] {dag.py:2726} INFO - Sync 1 DAGs
[2023-06-18T15:11:29.239+0530] {logging_mixin.py:149} INFO - [2023-06-18T15:11:29.239+0530] {dag.py:3486} INFO - Setting next_dagrun for example_trigger_controller_dag to 2021-01-01T00:00:00+00:00, run_after=2021-01-01T00:00:00+00:00
[2023-06-18T15:11:29.267+0530] {processor.py:179} INFO - Processing /home/shubham/.local/lib/python3.10/site-packages/airflow/example_dags/example_trigger_controller_dag.py took 0.085 seconds
[2023-06-18T15:12:11.700+0530] {processor.py:157} INFO - Started process (PID=5611) to work on /home/shubham/.local/lib/python3.10/site-packages/airflow/example_dags/example_trigger_controller_dag.py
[2023-06-18T15:12:11.702+0530] {processor.py:826} INFO - Processing file /home/shubham/.local/lib/python3.10/site-packages/airflow/example_dags/example_trigger_controller_dag.py for tasks to queue
[2023-06-18T15:12:11.703+0530] {logging_mixin.py:149} INFO - [2023-06-18T15:12:11.703+0530] {dagbag.py:541} INFO - Filling up the DagBag from /home/shubham/.local/lib/python3.10/site-packages/airflow/example_dags/example_trigger_controller_dag.py
[2023-06-18T15:12:11.707+0530] {processor.py:836} INFO - DAG(s) dict_keys(['example_trigger_controller_dag']) retrieved from /home/shubham/.local/lib/python3.10/site-packages/airflow/example_dags/example_trigger_controller_dag.py
[2023-06-18T15:12:11.725+0530] {logging_mixin.py:149} INFO - [2023-06-18T15:12:11.724+0530] {dag.py:2726} INFO - Sync 1 DAGs
[2023-06-18T15:12:11.740+0530] {logging_mixin.py:149} INFO - [2023-06-18T15:12:11.740+0530] {dag.py:3486} INFO - Setting next_dagrun for example_trigger_controller_dag to 2021-01-01T00:00:00+00:00, run_after=2021-01-01T00:00:00+00:00
[2023-06-18T15:12:11.762+0530] {processor.py:179} INFO - Processing /home/shubham/.local/lib/python3.10/site-packages/airflow/example_dags/example_trigger_controller_dag.py took 0.066 seconds
[2023-06-18T15:12:54.191+0530] {processor.py:157} INFO - Started process (PID=5657) to work on /home/shubham/.local/lib/python3.10/site-packages/airflow/example_dags/example_trigger_controller_dag.py
[2023-06-18T15:12:54.193+0530] {processor.py:826} INFO - Processing file /home/shubham/.local/lib/python3.10/site-packages/airflow/example_dags/example_trigger_controller_dag.py for tasks to queue
[2023-06-18T15:12:54.194+0530] {logging_mixin.py:149} INFO - [2023-06-18T15:12:54.194+0530] {dagbag.py:541} INFO - Filling up the DagBag from /home/shubham/.local/lib/python3.10/site-packages/airflow/example_dags/example_trigger_controller_dag.py
[2023-06-18T15:12:54.198+0530] {processor.py:836} INFO - DAG(s) dict_keys(['example_trigger_controller_dag']) retrieved from /home/shubham/.local/lib/python3.10/site-packages/airflow/example_dags/example_trigger_controller_dag.py
[2023-06-18T15:12:54.218+0530] {logging_mixin.py:149} INFO - [2023-06-18T15:12:54.218+0530] {dag.py:2726} INFO - Sync 1 DAGs
[2023-06-18T15:12:54.236+0530] {logging_mixin.py:149} INFO - [2023-06-18T15:12:54.236+0530] {dag.py:3486} INFO - Setting next_dagrun for example_trigger_controller_dag to 2021-01-01T00:00:00+00:00, run_after=2021-01-01T00:00:00+00:00
[2023-06-18T15:12:54.259+0530] {processor.py:179} INFO - Processing /home/shubham/.local/lib/python3.10/site-packages/airflow/example_dags/example_trigger_controller_dag.py took 0.071 seconds
[2023-06-18T15:13:35.041+0530] {processor.py:157} INFO - Started process (PID=5701) to work on /home/shubham/.local/lib/python3.10/site-packages/airflow/example_dags/example_trigger_controller_dag.py
[2023-06-18T15:13:35.043+0530] {processor.py:826} INFO - Processing file /home/shubham/.local/lib/python3.10/site-packages/airflow/example_dags/example_trigger_controller_dag.py for tasks to queue
[2023-06-18T15:13:35.043+0530] {logging_mixin.py:149} INFO - [2023-06-18T15:13:35.043+0530] {dagbag.py:541} INFO - Filling up the DagBag from /home/shubham/.local/lib/python3.10/site-packages/airflow/example_dags/example_trigger_controller_dag.py
[2023-06-18T15:13:35.047+0530] {processor.py:836} INFO - DAG(s) dict_keys(['example_trigger_controller_dag']) retrieved from /home/shubham/.local/lib/python3.10/site-packages/airflow/example_dags/example_trigger_controller_dag.py
[2023-06-18T15:13:35.064+0530] {logging_mixin.py:149} INFO - [2023-06-18T15:13:35.064+0530] {dag.py:2726} INFO - Sync 1 DAGs
[2023-06-18T15:13:35.079+0530] {logging_mixin.py:149} INFO - [2023-06-18T15:13:35.079+0530] {dag.py:3486} INFO - Setting next_dagrun for example_trigger_controller_dag to 2021-01-01T00:00:00+00:00, run_after=2021-01-01T00:00:00+00:00
[2023-06-18T15:13:35.101+0530] {processor.py:179} INFO - Processing /home/shubham/.local/lib/python3.10/site-packages/airflow/example_dags/example_trigger_controller_dag.py took 0.063 seconds
[2023-06-18T15:14:18.783+0530] {processor.py:157} INFO - Started process (PID=5744) to work on /home/shubham/.local/lib/python3.10/site-packages/airflow/example_dags/example_trigger_controller_dag.py
[2023-06-18T15:14:18.785+0530] {processor.py:826} INFO - Processing file /home/shubham/.local/lib/python3.10/site-packages/airflow/example_dags/example_trigger_controller_dag.py for tasks to queue
[2023-06-18T15:14:18.785+0530] {logging_mixin.py:149} INFO - [2023-06-18T15:14:18.785+0530] {dagbag.py:541} INFO - Filling up the DagBag from /home/shubham/.local/lib/python3.10/site-packages/airflow/example_dags/example_trigger_controller_dag.py
[2023-06-18T15:14:18.789+0530] {processor.py:836} INFO - DAG(s) dict_keys(['example_trigger_controller_dag']) retrieved from /home/shubham/.local/lib/python3.10/site-packages/airflow/example_dags/example_trigger_controller_dag.py
[2023-06-18T15:14:18.806+0530] {logging_mixin.py:149} INFO - [2023-06-18T15:14:18.806+0530] {dag.py:2726} INFO - Sync 1 DAGs
[2023-06-18T15:14:18.822+0530] {logging_mixin.py:149} INFO - [2023-06-18T15:14:18.821+0530] {dag.py:3486} INFO - Setting next_dagrun for example_trigger_controller_dag to 2021-01-01T00:00:00+00:00, run_after=2021-01-01T00:00:00+00:00
[2023-06-18T15:14:18.845+0530] {processor.py:179} INFO - Processing /home/shubham/.local/lib/python3.10/site-packages/airflow/example_dags/example_trigger_controller_dag.py took 0.065 seconds
[2023-06-18T15:15:02.483+0530] {processor.py:157} INFO - Started process (PID=5790) to work on /home/shubham/.local/lib/python3.10/site-packages/airflow/example_dags/example_trigger_controller_dag.py
[2023-06-18T15:15:02.485+0530] {processor.py:826} INFO - Processing file /home/shubham/.local/lib/python3.10/site-packages/airflow/example_dags/example_trigger_controller_dag.py for tasks to queue
[2023-06-18T15:15:02.486+0530] {logging_mixin.py:149} INFO - [2023-06-18T15:15:02.485+0530] {dagbag.py:541} INFO - Filling up the DagBag from /home/shubham/.local/lib/python3.10/site-packages/airflow/example_dags/example_trigger_controller_dag.py
[2023-06-18T15:15:02.490+0530] {processor.py:836} INFO - DAG(s) dict_keys(['example_trigger_controller_dag']) retrieved from /home/shubham/.local/lib/python3.10/site-packages/airflow/example_dags/example_trigger_controller_dag.py
[2023-06-18T15:15:02.509+0530] {logging_mixin.py:149} INFO - [2023-06-18T15:15:02.509+0530] {dag.py:2726} INFO - Sync 1 DAGs
[2023-06-18T15:15:02.527+0530] {logging_mixin.py:149} INFO - [2023-06-18T15:15:02.527+0530] {dag.py:3486} INFO - Setting next_dagrun for example_trigger_controller_dag to 2021-01-01T00:00:00+00:00, run_after=2021-01-01T00:00:00+00:00
[2023-06-18T15:15:02.552+0530] {processor.py:179} INFO - Processing /home/shubham/.local/lib/python3.10/site-packages/airflow/example_dags/example_trigger_controller_dag.py took 0.072 seconds
[2023-06-18T15:15:48.748+0530] {processor.py:157} INFO - Started process (PID=5837) to work on /home/shubham/.local/lib/python3.10/site-packages/airflow/example_dags/example_trigger_controller_dag.py
[2023-06-18T15:15:48.751+0530] {processor.py:826} INFO - Processing file /home/shubham/.local/lib/python3.10/site-packages/airflow/example_dags/example_trigger_controller_dag.py for tasks to queue
[2023-06-18T15:15:48.751+0530] {logging_mixin.py:149} INFO - [2023-06-18T15:15:48.751+0530] {dagbag.py:541} INFO - Filling up the DagBag from /home/shubham/.local/lib/python3.10/site-packages/airflow/example_dags/example_trigger_controller_dag.py
[2023-06-18T15:15:48.756+0530] {processor.py:836} INFO - DAG(s) dict_keys(['example_trigger_controller_dag']) retrieved from /home/shubham/.local/lib/python3.10/site-packages/airflow/example_dags/example_trigger_controller_dag.py
[2023-06-18T15:15:48.774+0530] {logging_mixin.py:149} INFO - [2023-06-18T15:15:48.773+0530] {dag.py:2726} INFO - Sync 1 DAGs
[2023-06-18T15:15:48.789+0530] {logging_mixin.py:149} INFO - [2023-06-18T15:15:48.789+0530] {dag.py:3486} INFO - Setting next_dagrun for example_trigger_controller_dag to 2021-01-01T00:00:00+00:00, run_after=2021-01-01T00:00:00+00:00
[2023-06-18T15:15:48.810+0530] {processor.py:179} INFO - Processing /home/shubham/.local/lib/python3.10/site-packages/airflow/example_dags/example_trigger_controller_dag.py took 0.064 seconds
[2023-06-18T15:16:34.811+0530] {processor.py:157} INFO - Started process (PID=5884) to work on /home/shubham/.local/lib/python3.10/site-packages/airflow/example_dags/example_trigger_controller_dag.py
[2023-06-18T15:16:34.813+0530] {processor.py:826} INFO - Processing file /home/shubham/.local/lib/python3.10/site-packages/airflow/example_dags/example_trigger_controller_dag.py for tasks to queue
[2023-06-18T15:16:34.814+0530] {logging_mixin.py:149} INFO - [2023-06-18T15:16:34.813+0530] {dagbag.py:541} INFO - Filling up the DagBag from /home/shubham/.local/lib/python3.10/site-packages/airflow/example_dags/example_trigger_controller_dag.py
[2023-06-18T15:16:34.817+0530] {processor.py:836} INFO - DAG(s) dict_keys(['example_trigger_controller_dag']) retrieved from /home/shubham/.local/lib/python3.10/site-packages/airflow/example_dags/example_trigger_controller_dag.py
[2023-06-18T15:16:34.835+0530] {logging_mixin.py:149} INFO - [2023-06-18T15:16:34.835+0530] {dag.py:2726} INFO - Sync 1 DAGs
[2023-06-18T15:16:34.851+0530] {logging_mixin.py:149} INFO - [2023-06-18T15:16:34.851+0530] {dag.py:3486} INFO - Setting next_dagrun for example_trigger_controller_dag to 2021-01-01T00:00:00+00:00, run_after=2021-01-01T00:00:00+00:00
[2023-06-18T15:16:34.874+0530] {processor.py:179} INFO - Processing /home/shubham/.local/lib/python3.10/site-packages/airflow/example_dags/example_trigger_controller_dag.py took 0.066 seconds
[2023-06-18T15:17:16.390+0530] {processor.py:157} INFO - Started process (PID=5929) to work on /home/shubham/.local/lib/python3.10/site-packages/airflow/example_dags/example_trigger_controller_dag.py
[2023-06-18T15:17:16.393+0530] {processor.py:826} INFO - Processing file /home/shubham/.local/lib/python3.10/site-packages/airflow/example_dags/example_trigger_controller_dag.py for tasks to queue
[2023-06-18T15:17:16.393+0530] {logging_mixin.py:149} INFO - [2023-06-18T15:17:16.393+0530] {dagbag.py:541} INFO - Filling up the DagBag from /home/shubham/.local/lib/python3.10/site-packages/airflow/example_dags/example_trigger_controller_dag.py
[2023-06-18T15:17:16.397+0530] {processor.py:836} INFO - DAG(s) dict_keys(['example_trigger_controller_dag']) retrieved from /home/shubham/.local/lib/python3.10/site-packages/airflow/example_dags/example_trigger_controller_dag.py
[2023-06-18T15:17:16.417+0530] {logging_mixin.py:149} INFO - [2023-06-18T15:17:16.417+0530] {dag.py:2726} INFO - Sync 1 DAGs
[2023-06-18T15:17:16.435+0530] {logging_mixin.py:149} INFO - [2023-06-18T15:17:16.435+0530] {dag.py:3486} INFO - Setting next_dagrun for example_trigger_controller_dag to 2021-01-01T00:00:00+00:00, run_after=2021-01-01T00:00:00+00:00
[2023-06-18T15:17:16.459+0530] {processor.py:179} INFO - Processing /home/shubham/.local/lib/python3.10/site-packages/airflow/example_dags/example_trigger_controller_dag.py took 0.072 seconds
[2023-06-18T15:18:00.289+0530] {processor.py:157} INFO - Started process (PID=5975) to work on /home/shubham/.local/lib/python3.10/site-packages/airflow/example_dags/example_trigger_controller_dag.py
[2023-06-18T15:18:00.291+0530] {processor.py:826} INFO - Processing file /home/shubham/.local/lib/python3.10/site-packages/airflow/example_dags/example_trigger_controller_dag.py for tasks to queue
[2023-06-18T15:18:00.292+0530] {logging_mixin.py:149} INFO - [2023-06-18T15:18:00.292+0530] {dagbag.py:541} INFO - Filling up the DagBag from /home/shubham/.local/lib/python3.10/site-packages/airflow/example_dags/example_trigger_controller_dag.py
[2023-06-18T15:18:00.295+0530] {processor.py:836} INFO - DAG(s) dict_keys(['example_trigger_controller_dag']) retrieved from /home/shubham/.local/lib/python3.10/site-packages/airflow/example_dags/example_trigger_controller_dag.py
[2023-06-18T15:18:00.316+0530] {logging_mixin.py:149} INFO - [2023-06-18T15:18:00.315+0530] {dag.py:2726} INFO - Sync 1 DAGs
[2023-06-18T15:18:00.334+0530] {logging_mixin.py:149} INFO - [2023-06-18T15:18:00.334+0530] {dag.py:3486} INFO - Setting next_dagrun for example_trigger_controller_dag to 2021-01-01T00:00:00+00:00, run_after=2021-01-01T00:00:00+00:00
[2023-06-18T15:18:00.359+0530] {processor.py:179} INFO - Processing /home/shubham/.local/lib/python3.10/site-packages/airflow/example_dags/example_trigger_controller_dag.py took 0.073 seconds
[2023-06-18T15:18:42.326+0530] {processor.py:157} INFO - Started process (PID=6019) to work on /home/shubham/.local/lib/python3.10/site-packages/airflow/example_dags/example_trigger_controller_dag.py
[2023-06-18T15:18:42.328+0530] {processor.py:826} INFO - Processing file /home/shubham/.local/lib/python3.10/site-packages/airflow/example_dags/example_trigger_controller_dag.py for tasks to queue
[2023-06-18T15:18:42.329+0530] {logging_mixin.py:149} INFO - [2023-06-18T15:18:42.329+0530] {dagbag.py:541} INFO - Filling up the DagBag from /home/shubham/.local/lib/python3.10/site-packages/airflow/example_dags/example_trigger_controller_dag.py
[2023-06-18T15:18:42.333+0530] {processor.py:836} INFO - DAG(s) dict_keys(['example_trigger_controller_dag']) retrieved from /home/shubham/.local/lib/python3.10/site-packages/airflow/example_dags/example_trigger_controller_dag.py
[2023-06-18T15:18:42.352+0530] {logging_mixin.py:149} INFO - [2023-06-18T15:18:42.352+0530] {dag.py:2726} INFO - Sync 1 DAGs
[2023-06-18T15:18:42.371+0530] {logging_mixin.py:149} INFO - [2023-06-18T15:18:42.371+0530] {dag.py:3486} INFO - Setting next_dagrun for example_trigger_controller_dag to 2021-01-01T00:00:00+00:00, run_after=2021-01-01T00:00:00+00:00
[2023-06-18T15:18:42.395+0530] {processor.py:179} INFO - Processing /home/shubham/.local/lib/python3.10/site-packages/airflow/example_dags/example_trigger_controller_dag.py took 0.072 seconds
[2023-06-18T15:19:27.714+0530] {processor.py:157} INFO - Started process (PID=6067) to work on /home/shubham/.local/lib/python3.10/site-packages/airflow/example_dags/example_trigger_controller_dag.py
[2023-06-18T15:19:27.717+0530] {processor.py:826} INFO - Processing file /home/shubham/.local/lib/python3.10/site-packages/airflow/example_dags/example_trigger_controller_dag.py for tasks to queue
[2023-06-18T15:19:27.717+0530] {logging_mixin.py:149} INFO - [2023-06-18T15:19:27.717+0530] {dagbag.py:541} INFO - Filling up the DagBag from /home/shubham/.local/lib/python3.10/site-packages/airflow/example_dags/example_trigger_controller_dag.py
[2023-06-18T15:19:27.721+0530] {processor.py:836} INFO - DAG(s) dict_keys(['example_trigger_controller_dag']) retrieved from /home/shubham/.local/lib/python3.10/site-packages/airflow/example_dags/example_trigger_controller_dag.py
[2023-06-18T15:19:27.738+0530] {logging_mixin.py:149} INFO - [2023-06-18T15:19:27.738+0530] {dag.py:2726} INFO - Sync 1 DAGs
[2023-06-18T15:19:27.754+0530] {logging_mixin.py:149} INFO - [2023-06-18T15:19:27.754+0530] {dag.py:3486} INFO - Setting next_dagrun for example_trigger_controller_dag to 2021-01-01T00:00:00+00:00, run_after=2021-01-01T00:00:00+00:00
[2023-06-18T15:19:27.779+0530] {processor.py:179} INFO - Processing /home/shubham/.local/lib/python3.10/site-packages/airflow/example_dags/example_trigger_controller_dag.py took 0.067 seconds
[2023-06-18T15:20:11.172+0530] {processor.py:157} INFO - Started process (PID=6112) to work on /home/shubham/.local/lib/python3.10/site-packages/airflow/example_dags/example_trigger_controller_dag.py
[2023-06-18T15:20:11.174+0530] {processor.py:826} INFO - Processing file /home/shubham/.local/lib/python3.10/site-packages/airflow/example_dags/example_trigger_controller_dag.py for tasks to queue
[2023-06-18T15:20:11.174+0530] {logging_mixin.py:149} INFO - [2023-06-18T15:20:11.174+0530] {dagbag.py:541} INFO - Filling up the DagBag from /home/shubham/.local/lib/python3.10/site-packages/airflow/example_dags/example_trigger_controller_dag.py
[2023-06-18T15:20:11.179+0530] {processor.py:836} INFO - DAG(s) dict_keys(['example_trigger_controller_dag']) retrieved from /home/shubham/.local/lib/python3.10/site-packages/airflow/example_dags/example_trigger_controller_dag.py
[2023-06-18T15:20:11.201+0530] {logging_mixin.py:149} INFO - [2023-06-18T15:20:11.201+0530] {dag.py:2726} INFO - Sync 1 DAGs
[2023-06-18T15:20:11.219+0530] {logging_mixin.py:149} INFO - [2023-06-18T15:20:11.219+0530] {dag.py:3486} INFO - Setting next_dagrun for example_trigger_controller_dag to 2021-01-01T00:00:00+00:00, run_after=2021-01-01T00:00:00+00:00
[2023-06-18T15:20:11.246+0530] {processor.py:179} INFO - Processing /home/shubham/.local/lib/python3.10/site-packages/airflow/example_dags/example_trigger_controller_dag.py took 0.077 seconds
[2023-06-18T15:21:07.503+0530] {processor.py:157} INFO - Started process (PID=6165) to work on /home/shubham/.local/lib/python3.10/site-packages/airflow/example_dags/example_trigger_controller_dag.py
[2023-06-18T15:21:07.505+0530] {processor.py:826} INFO - Processing file /home/shubham/.local/lib/python3.10/site-packages/airflow/example_dags/example_trigger_controller_dag.py for tasks to queue
[2023-06-18T15:21:07.506+0530] {logging_mixin.py:149} INFO - [2023-06-18T15:21:07.506+0530] {dagbag.py:541} INFO - Filling up the DagBag from /home/shubham/.local/lib/python3.10/site-packages/airflow/example_dags/example_trigger_controller_dag.py
[2023-06-18T15:21:07.511+0530] {processor.py:836} INFO - DAG(s) dict_keys(['example_trigger_controller_dag']) retrieved from /home/shubham/.local/lib/python3.10/site-packages/airflow/example_dags/example_trigger_controller_dag.py
[2023-06-18T15:21:07.531+0530] {logging_mixin.py:149} INFO - [2023-06-18T15:21:07.531+0530] {dag.py:2726} INFO - Sync 1 DAGs
[2023-06-18T15:21:07.549+0530] {logging_mixin.py:149} INFO - [2023-06-18T15:21:07.549+0530] {dag.py:3486} INFO - Setting next_dagrun for example_trigger_controller_dag to 2021-01-01T00:00:00+00:00, run_after=2021-01-01T00:00:00+00:00
[2023-06-18T15:21:07.582+0530] {processor.py:179} INFO - Processing /home/shubham/.local/lib/python3.10/site-packages/airflow/example_dags/example_trigger_controller_dag.py took 0.082 seconds
[2023-06-18T15:47:23.339+0530] {processor.py:157} INFO - Started process (PID=6358) to work on /home/shubham/.local/lib/python3.10/site-packages/airflow/example_dags/example_trigger_controller_dag.py
[2023-06-18T15:47:23.341+0530] {processor.py:826} INFO - Processing file /home/shubham/.local/lib/python3.10/site-packages/airflow/example_dags/example_trigger_controller_dag.py for tasks to queue
[2023-06-18T15:47:23.342+0530] {logging_mixin.py:149} INFO - [2023-06-18T15:47:23.342+0530] {dagbag.py:541} INFO - Filling up the DagBag from /home/shubham/.local/lib/python3.10/site-packages/airflow/example_dags/example_trigger_controller_dag.py
[2023-06-18T15:47:23.348+0530] {processor.py:836} INFO - DAG(s) dict_keys(['example_trigger_controller_dag']) retrieved from /home/shubham/.local/lib/python3.10/site-packages/airflow/example_dags/example_trigger_controller_dag.py
[2023-06-18T15:47:23.367+0530] {logging_mixin.py:149} INFO - [2023-06-18T15:47:23.367+0530] {dag.py:2726} INFO - Sync 1 DAGs
[2023-06-18T15:47:23.382+0530] {logging_mixin.py:149} INFO - [2023-06-18T15:47:23.382+0530] {dag.py:3486} INFO - Setting next_dagrun for example_trigger_controller_dag to 2021-01-01T00:00:00+00:00, run_after=2021-01-01T00:00:00+00:00
[2023-06-18T15:47:23.403+0530] {processor.py:179} INFO - Processing /home/shubham/.local/lib/python3.10/site-packages/airflow/example_dags/example_trigger_controller_dag.py took 0.067 seconds
[2023-06-18T15:48:09.994+0530] {processor.py:157} INFO - Started process (PID=6415) to work on /home/shubham/.local/lib/python3.10/site-packages/airflow/example_dags/example_trigger_controller_dag.py
[2023-06-18T15:48:09.996+0530] {processor.py:826} INFO - Processing file /home/shubham/.local/lib/python3.10/site-packages/airflow/example_dags/example_trigger_controller_dag.py for tasks to queue
[2023-06-18T15:48:09.997+0530] {logging_mixin.py:149} INFO - [2023-06-18T15:48:09.997+0530] {dagbag.py:541} INFO - Filling up the DagBag from /home/shubham/.local/lib/python3.10/site-packages/airflow/example_dags/example_trigger_controller_dag.py
[2023-06-18T15:48:10.001+0530] {processor.py:836} INFO - DAG(s) dict_keys(['example_trigger_controller_dag']) retrieved from /home/shubham/.local/lib/python3.10/site-packages/airflow/example_dags/example_trigger_controller_dag.py
[2023-06-18T15:48:10.018+0530] {logging_mixin.py:149} INFO - [2023-06-18T15:48:10.018+0530] {dag.py:2726} INFO - Sync 1 DAGs
[2023-06-18T15:48:10.032+0530] {logging_mixin.py:149} INFO - [2023-06-18T15:48:10.032+0530] {dag.py:3486} INFO - Setting next_dagrun for example_trigger_controller_dag to 2021-01-01T00:00:00+00:00, run_after=2021-01-01T00:00:00+00:00
[2023-06-18T15:48:10.058+0530] {processor.py:179} INFO - Processing /home/shubham/.local/lib/python3.10/site-packages/airflow/example_dags/example_trigger_controller_dag.py took 0.066 seconds
