[2023-06-18T13:45:18.950+0530] {processor.py:157} INFO - Started process (PID=141) to work on /home/shubham/.local/lib/python3.10/site-packages/airflow/example_dags/example_task_group_decorator.py
[2023-06-18T13:45:18.951+0530] {processor.py:826} INFO - Processing file /home/shubham/.local/lib/python3.10/site-packages/airflow/example_dags/example_task_group_decorator.py for tasks to queue
[2023-06-18T13:45:18.951+0530] {logging_mixin.py:149} INFO - [2023-06-18T13:45:18.951+0530] {dagbag.py:541} INFO - Filling up the DagBag from /home/shubham/.local/lib/python3.10/site-packages/airflow/example_dags/example_task_group_decorator.py
[2023-06-18T13:45:18.960+0530] {processor.py:836} INFO - DAG(s) dict_keys(['example_task_group_decorator']) retrieved from /home/shubham/.local/lib/python3.10/site-packages/airflow/example_dags/example_task_group_decorator.py
[2023-06-18T13:45:18.976+0530] {logging_mixin.py:149} INFO - [2023-06-18T13:45:18.976+0530] {dag.py:2726} INFO - Sync 1 DAGs
[2023-06-18T13:45:18.988+0530] {logging_mixin.py:149} INFO - [2023-06-18T13:45:18.987+0530] {dag.py:3486} INFO - Setting next_dagrun for example_task_group_decorator to 2023-06-17T08:15:18.987803+00:00, run_after=2023-06-18T08:15:18.987803+00:00
[2023-06-18T13:45:19.005+0530] {processor.py:179} INFO - Processing /home/shubham/.local/lib/python3.10/site-packages/airflow/example_dags/example_task_group_decorator.py took 0.057 seconds
[2023-06-18T13:46:01.049+0530] {processor.py:157} INFO - Started process (PID=187) to work on /home/shubham/.local/lib/python3.10/site-packages/airflow/example_dags/example_task_group_decorator.py
[2023-06-18T13:46:01.051+0530] {processor.py:826} INFO - Processing file /home/shubham/.local/lib/python3.10/site-packages/airflow/example_dags/example_task_group_decorator.py for tasks to queue
[2023-06-18T13:46:01.051+0530] {logging_mixin.py:149} INFO - [2023-06-18T13:46:01.051+0530] {dagbag.py:541} INFO - Filling up the DagBag from /home/shubham/.local/lib/python3.10/site-packages/airflow/example_dags/example_task_group_decorator.py
[2023-06-18T13:46:01.059+0530] {processor.py:836} INFO - DAG(s) dict_keys(['example_task_group_decorator']) retrieved from /home/shubham/.local/lib/python3.10/site-packages/airflow/example_dags/example_task_group_decorator.py
[2023-06-18T13:46:01.073+0530] {logging_mixin.py:149} INFO - [2023-06-18T13:46:01.073+0530] {dag.py:2726} INFO - Sync 1 DAGs
[2023-06-18T13:46:01.083+0530] {logging_mixin.py:149} INFO - [2023-06-18T13:46:01.083+0530] {dag.py:3486} INFO - Setting next_dagrun for example_task_group_decorator to 2023-06-17T08:16:01.083705+00:00, run_after=2023-06-18T08:16:01.083705+00:00
[2023-06-18T13:46:01.100+0530] {processor.py:179} INFO - Processing /home/shubham/.local/lib/python3.10/site-packages/airflow/example_dags/example_task_group_decorator.py took 0.052 seconds
[2023-06-18T13:46:48.054+0530] {processor.py:157} INFO - Started process (PID=235) to work on /home/shubham/.local/lib/python3.10/site-packages/airflow/example_dags/example_task_group_decorator.py
[2023-06-18T13:46:48.055+0530] {processor.py:826} INFO - Processing file /home/shubham/.local/lib/python3.10/site-packages/airflow/example_dags/example_task_group_decorator.py for tasks to queue
[2023-06-18T13:46:48.055+0530] {logging_mixin.py:149} INFO - [2023-06-18T13:46:48.055+0530] {dagbag.py:541} INFO - Filling up the DagBag from /home/shubham/.local/lib/python3.10/site-packages/airflow/example_dags/example_task_group_decorator.py
[2023-06-18T13:46:48.064+0530] {processor.py:836} INFO - DAG(s) dict_keys(['example_task_group_decorator']) retrieved from /home/shubham/.local/lib/python3.10/site-packages/airflow/example_dags/example_task_group_decorator.py
[2023-06-18T13:46:48.079+0530] {logging_mixin.py:149} INFO - [2023-06-18T13:46:48.078+0530] {dag.py:2726} INFO - Sync 1 DAGs
[2023-06-18T13:46:48.091+0530] {logging_mixin.py:149} INFO - [2023-06-18T13:46:48.090+0530] {dag.py:3486} INFO - Setting next_dagrun for example_task_group_decorator to 2023-06-17T08:16:48.090680+00:00, run_after=2023-06-18T08:16:48.090680+00:00
[2023-06-18T13:46:48.107+0530] {processor.py:179} INFO - Processing /home/shubham/.local/lib/python3.10/site-packages/airflow/example_dags/example_task_group_decorator.py took 0.055 seconds
[2023-06-18T13:47:35.973+0530] {processor.py:157} INFO - Started process (PID=283) to work on /home/shubham/.local/lib/python3.10/site-packages/airflow/example_dags/example_task_group_decorator.py
[2023-06-18T13:47:35.974+0530] {processor.py:826} INFO - Processing file /home/shubham/.local/lib/python3.10/site-packages/airflow/example_dags/example_task_group_decorator.py for tasks to queue
[2023-06-18T13:47:35.975+0530] {logging_mixin.py:149} INFO - [2023-06-18T13:47:35.975+0530] {dagbag.py:541} INFO - Filling up the DagBag from /home/shubham/.local/lib/python3.10/site-packages/airflow/example_dags/example_task_group_decorator.py
[2023-06-18T13:47:35.983+0530] {processor.py:836} INFO - DAG(s) dict_keys(['example_task_group_decorator']) retrieved from /home/shubham/.local/lib/python3.10/site-packages/airflow/example_dags/example_task_group_decorator.py
[2023-06-18T13:47:35.996+0530] {logging_mixin.py:149} INFO - [2023-06-18T13:47:35.996+0530] {dag.py:2726} INFO - Sync 1 DAGs
[2023-06-18T13:47:36.008+0530] {logging_mixin.py:149} INFO - [2023-06-18T13:47:36.008+0530] {dag.py:3486} INFO - Setting next_dagrun for example_task_group_decorator to 2023-06-17T08:17:36.008504+00:00, run_after=2023-06-18T08:17:36.008504+00:00
[2023-06-18T13:47:36.025+0530] {processor.py:179} INFO - Processing /home/shubham/.local/lib/python3.10/site-packages/airflow/example_dags/example_task_group_decorator.py took 0.054 seconds
[2023-06-18T13:52:22.210+0530] {processor.py:157} INFO - Started process (PID=470) to work on /home/shubham/.local/lib/python3.10/site-packages/airflow/example_dags/example_task_group_decorator.py
[2023-06-18T13:52:22.212+0530] {processor.py:826} INFO - Processing file /home/shubham/.local/lib/python3.10/site-packages/airflow/example_dags/example_task_group_decorator.py for tasks to queue
[2023-06-18T13:52:22.212+0530] {logging_mixin.py:149} INFO - [2023-06-18T13:52:22.212+0530] {dagbag.py:541} INFO - Filling up the DagBag from /home/shubham/.local/lib/python3.10/site-packages/airflow/example_dags/example_task_group_decorator.py
[2023-06-18T13:52:22.227+0530] {processor.py:836} INFO - DAG(s) dict_keys(['example_task_group_decorator']) retrieved from /home/shubham/.local/lib/python3.10/site-packages/airflow/example_dags/example_task_group_decorator.py
[2023-06-18T13:52:22.246+0530] {logging_mixin.py:149} INFO - [2023-06-18T13:52:22.245+0530] {dag.py:2726} INFO - Sync 1 DAGs
[2023-06-18T13:52:22.260+0530] {logging_mixin.py:149} INFO - [2023-06-18T13:52:22.260+0530] {dag.py:3486} INFO - Setting next_dagrun for example_task_group_decorator to 2023-06-17T08:22:22.259884+00:00, run_after=2023-06-18T08:22:22.259884+00:00
[2023-06-18T13:52:22.279+0530] {processor.py:179} INFO - Processing /home/shubham/.local/lib/python3.10/site-packages/airflow/example_dags/example_task_group_decorator.py took 0.073 seconds
[2023-06-18T13:53:06.100+0530] {processor.py:157} INFO - Started process (PID=516) to work on /home/shubham/.local/lib/python3.10/site-packages/airflow/example_dags/example_task_group_decorator.py
[2023-06-18T13:53:06.101+0530] {processor.py:826} INFO - Processing file /home/shubham/.local/lib/python3.10/site-packages/airflow/example_dags/example_task_group_decorator.py for tasks to queue
[2023-06-18T13:53:06.102+0530] {logging_mixin.py:149} INFO - [2023-06-18T13:53:06.102+0530] {dagbag.py:541} INFO - Filling up the DagBag from /home/shubham/.local/lib/python3.10/site-packages/airflow/example_dags/example_task_group_decorator.py
[2023-06-18T13:53:06.110+0530] {processor.py:836} INFO - DAG(s) dict_keys(['example_task_group_decorator']) retrieved from /home/shubham/.local/lib/python3.10/site-packages/airflow/example_dags/example_task_group_decorator.py
[2023-06-18T13:53:06.124+0530] {logging_mixin.py:149} INFO - [2023-06-18T13:53:06.124+0530] {dag.py:2726} INFO - Sync 1 DAGs
[2023-06-18T13:53:06.137+0530] {logging_mixin.py:149} INFO - [2023-06-18T13:53:06.136+0530] {dag.py:3486} INFO - Setting next_dagrun for example_task_group_decorator to 2023-06-17T08:23:06.136768+00:00, run_after=2023-06-18T08:23:06.136768+00:00
[2023-06-18T13:53:06.154+0530] {processor.py:179} INFO - Processing /home/shubham/.local/lib/python3.10/site-packages/airflow/example_dags/example_task_group_decorator.py took 0.056 seconds
[2023-06-18T14:39:56.136+0530] {processor.py:157} INFO - Started process (PID=3228) to work on /home/shubham/.local/lib/python3.10/site-packages/airflow/example_dags/example_task_group_decorator.py
[2023-06-18T14:39:56.138+0530] {processor.py:826} INFO - Processing file /home/shubham/.local/lib/python3.10/site-packages/airflow/example_dags/example_task_group_decorator.py for tasks to queue
[2023-06-18T14:39:56.138+0530] {logging_mixin.py:149} INFO - [2023-06-18T14:39:56.138+0530] {dagbag.py:541} INFO - Filling up the DagBag from /home/shubham/.local/lib/python3.10/site-packages/airflow/example_dags/example_task_group_decorator.py
[2023-06-18T14:39:56.149+0530] {processor.py:836} INFO - DAG(s) dict_keys(['example_task_group_decorator']) retrieved from /home/shubham/.local/lib/python3.10/site-packages/airflow/example_dags/example_task_group_decorator.py
[2023-06-18T14:39:56.166+0530] {logging_mixin.py:149} INFO - [2023-06-18T14:39:56.166+0530] {dag.py:2726} INFO - Sync 1 DAGs
[2023-06-18T14:39:56.179+0530] {logging_mixin.py:149} INFO - [2023-06-18T14:39:56.179+0530] {dag.py:3486} INFO - Setting next_dagrun for example_task_group_decorator to 2023-06-17T09:09:56.179461+00:00, run_after=2023-06-18T09:09:56.179461+00:00
[2023-06-18T14:39:56.199+0530] {processor.py:179} INFO - Processing /home/shubham/.local/lib/python3.10/site-packages/airflow/example_dags/example_task_group_decorator.py took 0.065 seconds
[2023-06-18T14:40:41.350+0530] {processor.py:157} INFO - Started process (PID=3288) to work on /home/shubham/.local/lib/python3.10/site-packages/airflow/example_dags/example_task_group_decorator.py
[2023-06-18T14:40:41.351+0530] {processor.py:826} INFO - Processing file /home/shubham/.local/lib/python3.10/site-packages/airflow/example_dags/example_task_group_decorator.py for tasks to queue
[2023-06-18T14:40:41.351+0530] {logging_mixin.py:149} INFO - [2023-06-18T14:40:41.351+0530] {dagbag.py:541} INFO - Filling up the DagBag from /home/shubham/.local/lib/python3.10/site-packages/airflow/example_dags/example_task_group_decorator.py
[2023-06-18T14:40:41.360+0530] {processor.py:836} INFO - DAG(s) dict_keys(['example_task_group_decorator']) retrieved from /home/shubham/.local/lib/python3.10/site-packages/airflow/example_dags/example_task_group_decorator.py
[2023-06-18T14:40:41.373+0530] {logging_mixin.py:149} INFO - [2023-06-18T14:40:41.373+0530] {dag.py:2726} INFO - Sync 1 DAGs
[2023-06-18T14:40:41.385+0530] {logging_mixin.py:149} INFO - [2023-06-18T14:40:41.385+0530] {dag.py:3486} INFO - Setting next_dagrun for example_task_group_decorator to 2023-06-17T09:10:41.385338+00:00, run_after=2023-06-18T09:10:41.385338+00:00
[2023-06-18T14:40:41.403+0530] {processor.py:179} INFO - Processing /home/shubham/.local/lib/python3.10/site-packages/airflow/example_dags/example_task_group_decorator.py took 0.055 seconds
[2023-06-18T14:41:24.861+0530] {processor.py:157} INFO - Started process (PID=3602) to work on /home/shubham/.local/lib/python3.10/site-packages/airflow/example_dags/example_task_group_decorator.py
[2023-06-18T14:41:24.862+0530] {processor.py:826} INFO - Processing file /home/shubham/.local/lib/python3.10/site-packages/airflow/example_dags/example_task_group_decorator.py for tasks to queue
[2023-06-18T14:41:24.863+0530] {logging_mixin.py:149} INFO - [2023-06-18T14:41:24.863+0530] {dagbag.py:541} INFO - Filling up the DagBag from /home/shubham/.local/lib/python3.10/site-packages/airflow/example_dags/example_task_group_decorator.py
[2023-06-18T14:41:24.871+0530] {processor.py:836} INFO - DAG(s) dict_keys(['example_task_group_decorator']) retrieved from /home/shubham/.local/lib/python3.10/site-packages/airflow/example_dags/example_task_group_decorator.py
[2023-06-18T14:41:24.888+0530] {logging_mixin.py:149} INFO - [2023-06-18T14:41:24.888+0530] {dag.py:2726} INFO - Sync 1 DAGs
[2023-06-18T14:41:24.903+0530] {logging_mixin.py:149} INFO - [2023-06-18T14:41:24.902+0530] {dag.py:3486} INFO - Setting next_dagrun for example_task_group_decorator to 2023-06-17T09:11:24.902791+00:00, run_after=2023-06-18T09:11:24.902791+00:00
[2023-06-18T14:41:24.921+0530] {processor.py:179} INFO - Processing /home/shubham/.local/lib/python3.10/site-packages/airflow/example_dags/example_task_group_decorator.py took 0.063 seconds
[2023-06-18T14:42:12.384+0530] {processor.py:157} INFO - Started process (PID=3688) to work on /home/shubham/.local/lib/python3.10/site-packages/airflow/example_dags/example_task_group_decorator.py
[2023-06-18T14:42:12.386+0530] {processor.py:826} INFO - Processing file /home/shubham/.local/lib/python3.10/site-packages/airflow/example_dags/example_task_group_decorator.py for tasks to queue
[2023-06-18T14:42:12.386+0530] {logging_mixin.py:149} INFO - [2023-06-18T14:42:12.386+0530] {dagbag.py:541} INFO - Filling up the DagBag from /home/shubham/.local/lib/python3.10/site-packages/airflow/example_dags/example_task_group_decorator.py
[2023-06-18T14:42:12.395+0530] {processor.py:836} INFO - DAG(s) dict_keys(['example_task_group_decorator']) retrieved from /home/shubham/.local/lib/python3.10/site-packages/airflow/example_dags/example_task_group_decorator.py
[2023-06-18T14:42:12.409+0530] {logging_mixin.py:149} INFO - [2023-06-18T14:42:12.409+0530] {dag.py:2726} INFO - Sync 1 DAGs
[2023-06-18T14:42:12.421+0530] {logging_mixin.py:149} INFO - [2023-06-18T14:42:12.421+0530] {dag.py:3486} INFO - Setting next_dagrun for example_task_group_decorator to 2023-06-17T09:12:12.421238+00:00, run_after=2023-06-18T09:12:12.421238+00:00
[2023-06-18T14:42:12.438+0530] {processor.py:179} INFO - Processing /home/shubham/.local/lib/python3.10/site-packages/airflow/example_dags/example_task_group_decorator.py took 0.056 seconds
[2023-06-18T14:42:59.310+0530] {processor.py:157} INFO - Started process (PID=3786) to work on /home/shubham/.local/lib/python3.10/site-packages/airflow/example_dags/example_task_group_decorator.py
[2023-06-18T14:42:59.311+0530] {processor.py:826} INFO - Processing file /home/shubham/.local/lib/python3.10/site-packages/airflow/example_dags/example_task_group_decorator.py for tasks to queue
[2023-06-18T14:42:59.312+0530] {logging_mixin.py:149} INFO - [2023-06-18T14:42:59.311+0530] {dagbag.py:541} INFO - Filling up the DagBag from /home/shubham/.local/lib/python3.10/site-packages/airflow/example_dags/example_task_group_decorator.py
[2023-06-18T14:42:59.322+0530] {processor.py:836} INFO - DAG(s) dict_keys(['example_task_group_decorator']) retrieved from /home/shubham/.local/lib/python3.10/site-packages/airflow/example_dags/example_task_group_decorator.py
[2023-06-18T14:42:59.341+0530] {logging_mixin.py:149} INFO - [2023-06-18T14:42:59.340+0530] {dag.py:2726} INFO - Sync 1 DAGs
[2023-06-18T14:42:59.361+0530] {logging_mixin.py:149} INFO - [2023-06-18T14:42:59.361+0530] {dag.py:3486} INFO - Setting next_dagrun for example_task_group_decorator to 2023-06-17T09:12:59.360788+00:00, run_after=2023-06-18T09:12:59.360788+00:00
[2023-06-18T14:42:59.386+0530] {processor.py:179} INFO - Processing /home/shubham/.local/lib/python3.10/site-packages/airflow/example_dags/example_task_group_decorator.py took 0.079 seconds
[2023-06-18T14:43:49.282+0530] {processor.py:157} INFO - Started process (PID=3835) to work on /home/shubham/.local/lib/python3.10/site-packages/airflow/example_dags/example_task_group_decorator.py
[2023-06-18T14:43:49.286+0530] {processor.py:826} INFO - Processing file /home/shubham/.local/lib/python3.10/site-packages/airflow/example_dags/example_task_group_decorator.py for tasks to queue
[2023-06-18T14:43:49.287+0530] {logging_mixin.py:149} INFO - [2023-06-18T14:43:49.287+0530] {dagbag.py:541} INFO - Filling up the DagBag from /home/shubham/.local/lib/python3.10/site-packages/airflow/example_dags/example_task_group_decorator.py
[2023-06-18T14:43:49.313+0530] {processor.py:836} INFO - DAG(s) dict_keys(['example_task_group_decorator']) retrieved from /home/shubham/.local/lib/python3.10/site-packages/airflow/example_dags/example_task_group_decorator.py
[2023-06-18T14:43:49.344+0530] {logging_mixin.py:149} INFO - [2023-06-18T14:43:49.344+0530] {dag.py:2726} INFO - Sync 1 DAGs
[2023-06-18T14:43:49.370+0530] {logging_mixin.py:149} INFO - [2023-06-18T14:43:49.370+0530] {dag.py:3486} INFO - Setting next_dagrun for example_task_group_decorator to 2023-06-17T09:13:49.369695+00:00, run_after=2023-06-18T09:13:49.369695+00:00
[2023-06-18T14:43:49.403+0530] {processor.py:179} INFO - Processing /home/shubham/.local/lib/python3.10/site-packages/airflow/example_dags/example_task_group_decorator.py took 0.127 seconds
[2023-06-18T14:44:33.388+0530] {processor.py:157} INFO - Started process (PID=3882) to work on /home/shubham/.local/lib/python3.10/site-packages/airflow/example_dags/example_task_group_decorator.py
[2023-06-18T14:44:33.389+0530] {processor.py:826} INFO - Processing file /home/shubham/.local/lib/python3.10/site-packages/airflow/example_dags/example_task_group_decorator.py for tasks to queue
[2023-06-18T14:44:33.390+0530] {logging_mixin.py:149} INFO - [2023-06-18T14:44:33.390+0530] {dagbag.py:541} INFO - Filling up the DagBag from /home/shubham/.local/lib/python3.10/site-packages/airflow/example_dags/example_task_group_decorator.py
[2023-06-18T14:44:33.398+0530] {processor.py:836} INFO - DAG(s) dict_keys(['example_task_group_decorator']) retrieved from /home/shubham/.local/lib/python3.10/site-packages/airflow/example_dags/example_task_group_decorator.py
[2023-06-18T14:44:33.413+0530] {logging_mixin.py:149} INFO - [2023-06-18T14:44:33.413+0530] {dag.py:2726} INFO - Sync 1 DAGs
[2023-06-18T14:44:33.425+0530] {logging_mixin.py:149} INFO - [2023-06-18T14:44:33.425+0530] {dag.py:3486} INFO - Setting next_dagrun for example_task_group_decorator to 2023-06-17T09:14:33.425597+00:00, run_after=2023-06-18T09:14:33.425597+00:00
[2023-06-18T14:44:33.442+0530] {processor.py:179} INFO - Processing /home/shubham/.local/lib/python3.10/site-packages/airflow/example_dags/example_task_group_decorator.py took 0.056 seconds
[2023-06-18T14:45:18.159+0530] {processor.py:157} INFO - Started process (PID=3928) to work on /home/shubham/.local/lib/python3.10/site-packages/airflow/example_dags/example_task_group_decorator.py
[2023-06-18T14:45:18.161+0530] {processor.py:826} INFO - Processing file /home/shubham/.local/lib/python3.10/site-packages/airflow/example_dags/example_task_group_decorator.py for tasks to queue
[2023-06-18T14:45:18.161+0530] {logging_mixin.py:149} INFO - [2023-06-18T14:45:18.161+0530] {dagbag.py:541} INFO - Filling up the DagBag from /home/shubham/.local/lib/python3.10/site-packages/airflow/example_dags/example_task_group_decorator.py
[2023-06-18T14:45:18.170+0530] {processor.py:836} INFO - DAG(s) dict_keys(['example_task_group_decorator']) retrieved from /home/shubham/.local/lib/python3.10/site-packages/airflow/example_dags/example_task_group_decorator.py
[2023-06-18T14:45:18.185+0530] {logging_mixin.py:149} INFO - [2023-06-18T14:45:18.185+0530] {dag.py:2726} INFO - Sync 1 DAGs
[2023-06-18T14:45:18.198+0530] {logging_mixin.py:149} INFO - [2023-06-18T14:45:18.198+0530] {dag.py:3486} INFO - Setting next_dagrun for example_task_group_decorator to 2023-06-17T09:15:18.198337+00:00, run_after=2023-06-18T09:15:18.198337+00:00
[2023-06-18T14:45:18.215+0530] {processor.py:179} INFO - Processing /home/shubham/.local/lib/python3.10/site-packages/airflow/example_dags/example_task_group_decorator.py took 0.058 seconds
[2023-06-18T14:46:02.960+0530] {processor.py:157} INFO - Started process (PID=3974) to work on /home/shubham/.local/lib/python3.10/site-packages/airflow/example_dags/example_task_group_decorator.py
[2023-06-18T14:46:02.962+0530] {processor.py:826} INFO - Processing file /home/shubham/.local/lib/python3.10/site-packages/airflow/example_dags/example_task_group_decorator.py for tasks to queue
[2023-06-18T14:46:02.963+0530] {logging_mixin.py:149} INFO - [2023-06-18T14:46:02.962+0530] {dagbag.py:541} INFO - Filling up the DagBag from /home/shubham/.local/lib/python3.10/site-packages/airflow/example_dags/example_task_group_decorator.py
[2023-06-18T14:46:02.971+0530] {processor.py:836} INFO - DAG(s) dict_keys(['example_task_group_decorator']) retrieved from /home/shubham/.local/lib/python3.10/site-packages/airflow/example_dags/example_task_group_decorator.py
[2023-06-18T14:46:02.985+0530] {logging_mixin.py:149} INFO - [2023-06-18T14:46:02.985+0530] {dag.py:2726} INFO - Sync 1 DAGs
[2023-06-18T14:46:02.998+0530] {logging_mixin.py:149} INFO - [2023-06-18T14:46:02.998+0530] {dag.py:3486} INFO - Setting next_dagrun for example_task_group_decorator to 2023-06-17T09:16:02.998389+00:00, run_after=2023-06-18T09:16:02.998389+00:00
[2023-06-18T14:46:03.015+0530] {processor.py:179} INFO - Processing /home/shubham/.local/lib/python3.10/site-packages/airflow/example_dags/example_task_group_decorator.py took 0.057 seconds
[2023-06-18T14:46:49.136+0530] {processor.py:157} INFO - Started process (PID=4022) to work on /home/shubham/.local/lib/python3.10/site-packages/airflow/example_dags/example_task_group_decorator.py
[2023-06-18T14:46:49.137+0530] {processor.py:826} INFO - Processing file /home/shubham/.local/lib/python3.10/site-packages/airflow/example_dags/example_task_group_decorator.py for tasks to queue
[2023-06-18T14:46:49.138+0530] {logging_mixin.py:149} INFO - [2023-06-18T14:46:49.138+0530] {dagbag.py:541} INFO - Filling up the DagBag from /home/shubham/.local/lib/python3.10/site-packages/airflow/example_dags/example_task_group_decorator.py
[2023-06-18T14:46:49.146+0530] {processor.py:836} INFO - DAG(s) dict_keys(['example_task_group_decorator']) retrieved from /home/shubham/.local/lib/python3.10/site-packages/airflow/example_dags/example_task_group_decorator.py
[2023-06-18T14:46:49.161+0530] {logging_mixin.py:149} INFO - [2023-06-18T14:46:49.161+0530] {dag.py:2726} INFO - Sync 1 DAGs
[2023-06-18T14:46:49.173+0530] {logging_mixin.py:149} INFO - [2023-06-18T14:46:49.173+0530] {dag.py:3486} INFO - Setting next_dagrun for example_task_group_decorator to 2023-06-17T09:16:49.172976+00:00, run_after=2023-06-18T09:16:49.172976+00:00
[2023-06-18T14:46:49.189+0530] {processor.py:179} INFO - Processing /home/shubham/.local/lib/python3.10/site-packages/airflow/example_dags/example_task_group_decorator.py took 0.055 seconds
[2023-06-18T14:47:34.499+0530] {processor.py:157} INFO - Started process (PID=4070) to work on /home/shubham/.local/lib/python3.10/site-packages/airflow/example_dags/example_task_group_decorator.py
[2023-06-18T14:47:34.500+0530] {processor.py:826} INFO - Processing file /home/shubham/.local/lib/python3.10/site-packages/airflow/example_dags/example_task_group_decorator.py for tasks to queue
[2023-06-18T14:47:34.501+0530] {logging_mixin.py:149} INFO - [2023-06-18T14:47:34.501+0530] {dagbag.py:541} INFO - Filling up the DagBag from /home/shubham/.local/lib/python3.10/site-packages/airflow/example_dags/example_task_group_decorator.py
[2023-06-18T14:47:34.509+0530] {processor.py:836} INFO - DAG(s) dict_keys(['example_task_group_decorator']) retrieved from /home/shubham/.local/lib/python3.10/site-packages/airflow/example_dags/example_task_group_decorator.py
[2023-06-18T14:47:34.523+0530] {logging_mixin.py:149} INFO - [2023-06-18T14:47:34.523+0530] {dag.py:2726} INFO - Sync 1 DAGs
[2023-06-18T14:47:34.536+0530] {logging_mixin.py:149} INFO - [2023-06-18T14:47:34.536+0530] {dag.py:3486} INFO - Setting next_dagrun for example_task_group_decorator to 2023-06-17T09:17:34.536194+00:00, run_after=2023-06-18T09:17:34.536194+00:00
[2023-06-18T14:47:34.552+0530] {processor.py:179} INFO - Processing /home/shubham/.local/lib/python3.10/site-packages/airflow/example_dags/example_task_group_decorator.py took 0.055 seconds
[2023-06-18T14:48:17.329+0530] {processor.py:157} INFO - Started process (PID=4114) to work on /home/shubham/.local/lib/python3.10/site-packages/airflow/example_dags/example_task_group_decorator.py
[2023-06-18T14:48:17.330+0530] {processor.py:826} INFO - Processing file /home/shubham/.local/lib/python3.10/site-packages/airflow/example_dags/example_task_group_decorator.py for tasks to queue
[2023-06-18T14:48:17.331+0530] {logging_mixin.py:149} INFO - [2023-06-18T14:48:17.331+0530] {dagbag.py:541} INFO - Filling up the DagBag from /home/shubham/.local/lib/python3.10/site-packages/airflow/example_dags/example_task_group_decorator.py
[2023-06-18T14:48:17.340+0530] {processor.py:836} INFO - DAG(s) dict_keys(['example_task_group_decorator']) retrieved from /home/shubham/.local/lib/python3.10/site-packages/airflow/example_dags/example_task_group_decorator.py
[2023-06-18T14:48:17.354+0530] {logging_mixin.py:149} INFO - [2023-06-18T14:48:17.354+0530] {dag.py:2726} INFO - Sync 1 DAGs
[2023-06-18T14:48:17.366+0530] {logging_mixin.py:149} INFO - [2023-06-18T14:48:17.366+0530] {dag.py:3486} INFO - Setting next_dagrun for example_task_group_decorator to 2023-06-17T09:18:17.366147+00:00, run_after=2023-06-18T09:18:17.366147+00:00
[2023-06-18T14:48:17.384+0530] {processor.py:179} INFO - Processing /home/shubham/.local/lib/python3.10/site-packages/airflow/example_dags/example_task_group_decorator.py took 0.057 seconds
[2023-06-18T14:49:00.500+0530] {processor.py:157} INFO - Started process (PID=4160) to work on /home/shubham/.local/lib/python3.10/site-packages/airflow/example_dags/example_task_group_decorator.py
[2023-06-18T14:49:00.501+0530] {processor.py:826} INFO - Processing file /home/shubham/.local/lib/python3.10/site-packages/airflow/example_dags/example_task_group_decorator.py for tasks to queue
[2023-06-18T14:49:00.502+0530] {logging_mixin.py:149} INFO - [2023-06-18T14:49:00.502+0530] {dagbag.py:541} INFO - Filling up the DagBag from /home/shubham/.local/lib/python3.10/site-packages/airflow/example_dags/example_task_group_decorator.py
[2023-06-18T14:49:00.511+0530] {processor.py:836} INFO - DAG(s) dict_keys(['example_task_group_decorator']) retrieved from /home/shubham/.local/lib/python3.10/site-packages/airflow/example_dags/example_task_group_decorator.py
[2023-06-18T14:49:00.525+0530] {logging_mixin.py:149} INFO - [2023-06-18T14:49:00.525+0530] {dag.py:2726} INFO - Sync 1 DAGs
[2023-06-18T14:49:00.538+0530] {logging_mixin.py:149} INFO - [2023-06-18T14:49:00.538+0530] {dag.py:3486} INFO - Setting next_dagrun for example_task_group_decorator to 2023-06-17T09:19:00.538513+00:00, run_after=2023-06-18T09:19:00.538513+00:00
[2023-06-18T14:49:00.556+0530] {processor.py:179} INFO - Processing /home/shubham/.local/lib/python3.10/site-packages/airflow/example_dags/example_task_group_decorator.py took 0.058 seconds
[2023-06-18T14:49:43.848+0530] {processor.py:157} INFO - Started process (PID=4205) to work on /home/shubham/.local/lib/python3.10/site-packages/airflow/example_dags/example_task_group_decorator.py
[2023-06-18T14:49:43.850+0530] {processor.py:826} INFO - Processing file /home/shubham/.local/lib/python3.10/site-packages/airflow/example_dags/example_task_group_decorator.py for tasks to queue
[2023-06-18T14:49:43.850+0530] {logging_mixin.py:149} INFO - [2023-06-18T14:49:43.850+0530] {dagbag.py:541} INFO - Filling up the DagBag from /home/shubham/.local/lib/python3.10/site-packages/airflow/example_dags/example_task_group_decorator.py
[2023-06-18T14:49:43.859+0530] {processor.py:836} INFO - DAG(s) dict_keys(['example_task_group_decorator']) retrieved from /home/shubham/.local/lib/python3.10/site-packages/airflow/example_dags/example_task_group_decorator.py
[2023-06-18T14:49:43.873+0530] {logging_mixin.py:149} INFO - [2023-06-18T14:49:43.873+0530] {dag.py:2726} INFO - Sync 1 DAGs
[2023-06-18T14:49:43.885+0530] {logging_mixin.py:149} INFO - [2023-06-18T14:49:43.885+0530] {dag.py:3486} INFO - Setting next_dagrun for example_task_group_decorator to 2023-06-17T09:19:43.885236+00:00, run_after=2023-06-18T09:19:43.885236+00:00
[2023-06-18T14:49:43.902+0530] {processor.py:179} INFO - Processing /home/shubham/.local/lib/python3.10/site-packages/airflow/example_dags/example_task_group_decorator.py took 0.056 seconds
[2023-06-18T14:50:26.053+0530] {processor.py:157} INFO - Started process (PID=4250) to work on /home/shubham/.local/lib/python3.10/site-packages/airflow/example_dags/example_task_group_decorator.py
[2023-06-18T14:50:26.054+0530] {processor.py:826} INFO - Processing file /home/shubham/.local/lib/python3.10/site-packages/airflow/example_dags/example_task_group_decorator.py for tasks to queue
[2023-06-18T14:50:26.055+0530] {logging_mixin.py:149} INFO - [2023-06-18T14:50:26.054+0530] {dagbag.py:541} INFO - Filling up the DagBag from /home/shubham/.local/lib/python3.10/site-packages/airflow/example_dags/example_task_group_decorator.py
[2023-06-18T14:50:26.064+0530] {processor.py:836} INFO - DAG(s) dict_keys(['example_task_group_decorator']) retrieved from /home/shubham/.local/lib/python3.10/site-packages/airflow/example_dags/example_task_group_decorator.py
[2023-06-18T14:50:26.079+0530] {logging_mixin.py:149} INFO - [2023-06-18T14:50:26.079+0530] {dag.py:2726} INFO - Sync 1 DAGs
[2023-06-18T14:50:26.092+0530] {logging_mixin.py:149} INFO - [2023-06-18T14:50:26.092+0530] {dag.py:3486} INFO - Setting next_dagrun for example_task_group_decorator to 2023-06-17T09:20:26.092096+00:00, run_after=2023-06-18T09:20:26.092096+00:00
[2023-06-18T14:50:26.109+0530] {processor.py:179} INFO - Processing /home/shubham/.local/lib/python3.10/site-packages/airflow/example_dags/example_task_group_decorator.py took 0.058 seconds
[2023-06-18T14:51:09.281+0530] {processor.py:157} INFO - Started process (PID=4296) to work on /home/shubham/.local/lib/python3.10/site-packages/airflow/example_dags/example_task_group_decorator.py
[2023-06-18T14:51:09.282+0530] {processor.py:826} INFO - Processing file /home/shubham/.local/lib/python3.10/site-packages/airflow/example_dags/example_task_group_decorator.py for tasks to queue
[2023-06-18T14:51:09.283+0530] {logging_mixin.py:149} INFO - [2023-06-18T14:51:09.283+0530] {dagbag.py:541} INFO - Filling up the DagBag from /home/shubham/.local/lib/python3.10/site-packages/airflow/example_dags/example_task_group_decorator.py
[2023-06-18T14:51:09.292+0530] {processor.py:836} INFO - DAG(s) dict_keys(['example_task_group_decorator']) retrieved from /home/shubham/.local/lib/python3.10/site-packages/airflow/example_dags/example_task_group_decorator.py
[2023-06-18T14:51:09.306+0530] {logging_mixin.py:149} INFO - [2023-06-18T14:51:09.306+0530] {dag.py:2726} INFO - Sync 1 DAGs
[2023-06-18T14:51:09.318+0530] {logging_mixin.py:149} INFO - [2023-06-18T14:51:09.318+0530] {dag.py:3486} INFO - Setting next_dagrun for example_task_group_decorator to 2023-06-17T09:21:09.318282+00:00, run_after=2023-06-18T09:21:09.318282+00:00
[2023-06-18T14:51:09.334+0530] {processor.py:179} INFO - Processing /home/shubham/.local/lib/python3.10/site-packages/airflow/example_dags/example_task_group_decorator.py took 0.056 seconds
[2023-06-18T14:51:53.229+0530] {processor.py:157} INFO - Started process (PID=4340) to work on /home/shubham/.local/lib/python3.10/site-packages/airflow/example_dags/example_task_group_decorator.py
[2023-06-18T14:51:53.230+0530] {processor.py:826} INFO - Processing file /home/shubham/.local/lib/python3.10/site-packages/airflow/example_dags/example_task_group_decorator.py for tasks to queue
[2023-06-18T14:51:53.231+0530] {logging_mixin.py:149} INFO - [2023-06-18T14:51:53.231+0530] {dagbag.py:541} INFO - Filling up the DagBag from /home/shubham/.local/lib/python3.10/site-packages/airflow/example_dags/example_task_group_decorator.py
[2023-06-18T14:51:53.239+0530] {processor.py:836} INFO - DAG(s) dict_keys(['example_task_group_decorator']) retrieved from /home/shubham/.local/lib/python3.10/site-packages/airflow/example_dags/example_task_group_decorator.py
[2023-06-18T14:51:53.254+0530] {logging_mixin.py:149} INFO - [2023-06-18T14:51:53.254+0530] {dag.py:2726} INFO - Sync 1 DAGs
[2023-06-18T14:51:53.267+0530] {logging_mixin.py:149} INFO - [2023-06-18T14:51:53.267+0530] {dag.py:3486} INFO - Setting next_dagrun for example_task_group_decorator to 2023-06-17T09:21:53.266874+00:00, run_after=2023-06-18T09:21:53.266874+00:00
[2023-06-18T14:51:53.283+0530] {processor.py:179} INFO - Processing /home/shubham/.local/lib/python3.10/site-packages/airflow/example_dags/example_task_group_decorator.py took 0.057 seconds
[2023-06-18T14:52:34.937+0530] {processor.py:157} INFO - Started process (PID=4386) to work on /home/shubham/.local/lib/python3.10/site-packages/airflow/example_dags/example_task_group_decorator.py
[2023-06-18T14:52:34.938+0530] {processor.py:826} INFO - Processing file /home/shubham/.local/lib/python3.10/site-packages/airflow/example_dags/example_task_group_decorator.py for tasks to queue
[2023-06-18T14:52:34.939+0530] {logging_mixin.py:149} INFO - [2023-06-18T14:52:34.939+0530] {dagbag.py:541} INFO - Filling up the DagBag from /home/shubham/.local/lib/python3.10/site-packages/airflow/example_dags/example_task_group_decorator.py
[2023-06-18T14:52:34.947+0530] {processor.py:836} INFO - DAG(s) dict_keys(['example_task_group_decorator']) retrieved from /home/shubham/.local/lib/python3.10/site-packages/airflow/example_dags/example_task_group_decorator.py
[2023-06-18T14:52:34.961+0530] {logging_mixin.py:149} INFO - [2023-06-18T14:52:34.961+0530] {dag.py:2726} INFO - Sync 1 DAGs
[2023-06-18T14:52:34.973+0530] {logging_mixin.py:149} INFO - [2023-06-18T14:52:34.973+0530] {dag.py:3486} INFO - Setting next_dagrun for example_task_group_decorator to 2023-06-17T09:22:34.973586+00:00, run_after=2023-06-18T09:22:34.973586+00:00
[2023-06-18T14:52:34.990+0530] {processor.py:179} INFO - Processing /home/shubham/.local/lib/python3.10/site-packages/airflow/example_dags/example_task_group_decorator.py took 0.056 seconds
[2023-06-18T14:53:19.430+0530] {processor.py:157} INFO - Started process (PID=4432) to work on /home/shubham/.local/lib/python3.10/site-packages/airflow/example_dags/example_task_group_decorator.py
[2023-06-18T14:53:19.431+0530] {processor.py:826} INFO - Processing file /home/shubham/.local/lib/python3.10/site-packages/airflow/example_dags/example_task_group_decorator.py for tasks to queue
[2023-06-18T14:53:19.432+0530] {logging_mixin.py:149} INFO - [2023-06-18T14:53:19.431+0530] {dagbag.py:541} INFO - Filling up the DagBag from /home/shubham/.local/lib/python3.10/site-packages/airflow/example_dags/example_task_group_decorator.py
[2023-06-18T14:53:19.440+0530] {processor.py:836} INFO - DAG(s) dict_keys(['example_task_group_decorator']) retrieved from /home/shubham/.local/lib/python3.10/site-packages/airflow/example_dags/example_task_group_decorator.py
[2023-06-18T14:53:19.455+0530] {logging_mixin.py:149} INFO - [2023-06-18T14:53:19.455+0530] {dag.py:2726} INFO - Sync 1 DAGs
[2023-06-18T14:53:19.468+0530] {logging_mixin.py:149} INFO - [2023-06-18T14:53:19.468+0530] {dag.py:3486} INFO - Setting next_dagrun for example_task_group_decorator to 2023-06-17T09:23:19.467807+00:00, run_after=2023-06-18T09:23:19.467807+00:00
[2023-06-18T14:53:19.484+0530] {processor.py:179} INFO - Processing /home/shubham/.local/lib/python3.10/site-packages/airflow/example_dags/example_task_group_decorator.py took 0.056 seconds
[2023-06-18T14:54:07.403+0530] {processor.py:157} INFO - Started process (PID=4480) to work on /home/shubham/.local/lib/python3.10/site-packages/airflow/example_dags/example_task_group_decorator.py
[2023-06-18T14:54:07.405+0530] {processor.py:826} INFO - Processing file /home/shubham/.local/lib/python3.10/site-packages/airflow/example_dags/example_task_group_decorator.py for tasks to queue
[2023-06-18T14:54:07.405+0530] {logging_mixin.py:149} INFO - [2023-06-18T14:54:07.405+0530] {dagbag.py:541} INFO - Filling up the DagBag from /home/shubham/.local/lib/python3.10/site-packages/airflow/example_dags/example_task_group_decorator.py
[2023-06-18T14:54:07.414+0530] {processor.py:836} INFO - DAG(s) dict_keys(['example_task_group_decorator']) retrieved from /home/shubham/.local/lib/python3.10/site-packages/airflow/example_dags/example_task_group_decorator.py
[2023-06-18T14:54:07.428+0530] {logging_mixin.py:149} INFO - [2023-06-18T14:54:07.428+0530] {dag.py:2726} INFO - Sync 1 DAGs
[2023-06-18T14:54:07.441+0530] {logging_mixin.py:149} INFO - [2023-06-18T14:54:07.440+0530] {dag.py:3486} INFO - Setting next_dagrun for example_task_group_decorator to 2023-06-17T09:24:07.440773+00:00, run_after=2023-06-18T09:24:07.440773+00:00
[2023-06-18T14:54:07.457+0530] {processor.py:179} INFO - Processing /home/shubham/.local/lib/python3.10/site-packages/airflow/example_dags/example_task_group_decorator.py took 0.056 seconds
[2023-06-18T14:54:53.214+0530] {processor.py:157} INFO - Started process (PID=4527) to work on /home/shubham/.local/lib/python3.10/site-packages/airflow/example_dags/example_task_group_decorator.py
[2023-06-18T14:54:53.216+0530] {processor.py:826} INFO - Processing file /home/shubham/.local/lib/python3.10/site-packages/airflow/example_dags/example_task_group_decorator.py for tasks to queue
[2023-06-18T14:54:53.216+0530] {logging_mixin.py:149} INFO - [2023-06-18T14:54:53.216+0530] {dagbag.py:541} INFO - Filling up the DagBag from /home/shubham/.local/lib/python3.10/site-packages/airflow/example_dags/example_task_group_decorator.py
[2023-06-18T14:54:53.225+0530] {processor.py:836} INFO - DAG(s) dict_keys(['example_task_group_decorator']) retrieved from /home/shubham/.local/lib/python3.10/site-packages/airflow/example_dags/example_task_group_decorator.py
[2023-06-18T14:54:53.240+0530] {logging_mixin.py:149} INFO - [2023-06-18T14:54:53.240+0530] {dag.py:2726} INFO - Sync 1 DAGs
[2023-06-18T14:54:53.252+0530] {logging_mixin.py:149} INFO - [2023-06-18T14:54:53.252+0530] {dag.py:3486} INFO - Setting next_dagrun for example_task_group_decorator to 2023-06-17T09:24:53.252286+00:00, run_after=2023-06-18T09:24:53.252286+00:00
[2023-06-18T14:54:53.268+0530] {processor.py:179} INFO - Processing /home/shubham/.local/lib/python3.10/site-packages/airflow/example_dags/example_task_group_decorator.py took 0.056 seconds
[2023-06-18T14:55:37.044+0530] {processor.py:157} INFO - Started process (PID=4573) to work on /home/shubham/.local/lib/python3.10/site-packages/airflow/example_dags/example_task_group_decorator.py
[2023-06-18T14:55:37.045+0530] {processor.py:826} INFO - Processing file /home/shubham/.local/lib/python3.10/site-packages/airflow/example_dags/example_task_group_decorator.py for tasks to queue
[2023-06-18T14:55:37.046+0530] {logging_mixin.py:149} INFO - [2023-06-18T14:55:37.046+0530] {dagbag.py:541} INFO - Filling up the DagBag from /home/shubham/.local/lib/python3.10/site-packages/airflow/example_dags/example_task_group_decorator.py
[2023-06-18T14:55:37.054+0530] {processor.py:836} INFO - DAG(s) dict_keys(['example_task_group_decorator']) retrieved from /home/shubham/.local/lib/python3.10/site-packages/airflow/example_dags/example_task_group_decorator.py
[2023-06-18T14:55:37.068+0530] {logging_mixin.py:149} INFO - [2023-06-18T14:55:37.068+0530] {dag.py:2726} INFO - Sync 1 DAGs
[2023-06-18T14:55:37.080+0530] {logging_mixin.py:149} INFO - [2023-06-18T14:55:37.080+0530] {dag.py:3486} INFO - Setting next_dagrun for example_task_group_decorator to 2023-06-17T09:25:37.080663+00:00, run_after=2023-06-18T09:25:37.080663+00:00
[2023-06-18T14:55:37.097+0530] {processor.py:179} INFO - Processing /home/shubham/.local/lib/python3.10/site-packages/airflow/example_dags/example_task_group_decorator.py took 0.055 seconds
[2023-06-18T14:56:21.966+0530] {processor.py:157} INFO - Started process (PID=4620) to work on /home/shubham/.local/lib/python3.10/site-packages/airflow/example_dags/example_task_group_decorator.py
[2023-06-18T14:56:21.968+0530] {processor.py:826} INFO - Processing file /home/shubham/.local/lib/python3.10/site-packages/airflow/example_dags/example_task_group_decorator.py for tasks to queue
[2023-06-18T14:56:21.968+0530] {logging_mixin.py:149} INFO - [2023-06-18T14:56:21.968+0530] {dagbag.py:541} INFO - Filling up the DagBag from /home/shubham/.local/lib/python3.10/site-packages/airflow/example_dags/example_task_group_decorator.py
[2023-06-18T14:56:21.977+0530] {processor.py:836} INFO - DAG(s) dict_keys(['example_task_group_decorator']) retrieved from /home/shubham/.local/lib/python3.10/site-packages/airflow/example_dags/example_task_group_decorator.py
[2023-06-18T14:56:21.992+0530] {logging_mixin.py:149} INFO - [2023-06-18T14:56:21.991+0530] {dag.py:2726} INFO - Sync 1 DAGs
[2023-06-18T14:56:22.003+0530] {logging_mixin.py:149} INFO - [2023-06-18T14:56:22.003+0530] {dag.py:3486} INFO - Setting next_dagrun for example_task_group_decorator to 2023-06-17T09:26:22.003550+00:00, run_after=2023-06-18T09:26:22.003550+00:00
[2023-06-18T14:56:22.020+0530] {processor.py:179} INFO - Processing /home/shubham/.local/lib/python3.10/site-packages/airflow/example_dags/example_task_group_decorator.py took 0.056 seconds
[2023-06-18T14:57:05.311+0530] {processor.py:157} INFO - Started process (PID=4670) to work on /home/shubham/.local/lib/python3.10/site-packages/airflow/example_dags/example_task_group_decorator.py
[2023-06-18T14:57:05.312+0530] {processor.py:826} INFO - Processing file /home/shubham/.local/lib/python3.10/site-packages/airflow/example_dags/example_task_group_decorator.py for tasks to queue
[2023-06-18T14:57:05.313+0530] {logging_mixin.py:149} INFO - [2023-06-18T14:57:05.313+0530] {dagbag.py:541} INFO - Filling up the DagBag from /home/shubham/.local/lib/python3.10/site-packages/airflow/example_dags/example_task_group_decorator.py
[2023-06-18T14:57:05.322+0530] {processor.py:836} INFO - DAG(s) dict_keys(['example_task_group_decorator']) retrieved from /home/shubham/.local/lib/python3.10/site-packages/airflow/example_dags/example_task_group_decorator.py
[2023-06-18T14:57:05.336+0530] {logging_mixin.py:149} INFO - [2023-06-18T14:57:05.336+0530] {dag.py:2726} INFO - Sync 1 DAGs
[2023-06-18T14:57:05.349+0530] {logging_mixin.py:149} INFO - [2023-06-18T14:57:05.349+0530] {dag.py:3486} INFO - Setting next_dagrun for example_task_group_decorator to 2023-06-17T09:27:05.348898+00:00, run_after=2023-06-18T09:27:05.348898+00:00
[2023-06-18T14:57:05.366+0530] {processor.py:179} INFO - Processing /home/shubham/.local/lib/python3.10/site-packages/airflow/example_dags/example_task_group_decorator.py took 0.057 seconds
[2023-06-18T14:57:47.622+0530] {processor.py:157} INFO - Started process (PID=4714) to work on /home/shubham/.local/lib/python3.10/site-packages/airflow/example_dags/example_task_group_decorator.py
[2023-06-18T14:57:47.623+0530] {processor.py:826} INFO - Processing file /home/shubham/.local/lib/python3.10/site-packages/airflow/example_dags/example_task_group_decorator.py for tasks to queue
[2023-06-18T14:57:47.624+0530] {logging_mixin.py:149} INFO - [2023-06-18T14:57:47.624+0530] {dagbag.py:541} INFO - Filling up the DagBag from /home/shubham/.local/lib/python3.10/site-packages/airflow/example_dags/example_task_group_decorator.py
[2023-06-18T14:57:47.632+0530] {processor.py:836} INFO - DAG(s) dict_keys(['example_task_group_decorator']) retrieved from /home/shubham/.local/lib/python3.10/site-packages/airflow/example_dags/example_task_group_decorator.py
[2023-06-18T14:57:47.651+0530] {logging_mixin.py:149} INFO - [2023-06-18T14:57:47.651+0530] {dag.py:2726} INFO - Sync 1 DAGs
[2023-06-18T14:57:47.664+0530] {logging_mixin.py:149} INFO - [2023-06-18T14:57:47.664+0530] {dag.py:3486} INFO - Setting next_dagrun for example_task_group_decorator to 2023-06-17T09:27:47.664279+00:00, run_after=2023-06-18T09:27:47.664279+00:00
[2023-06-18T14:57:47.681+0530] {processor.py:179} INFO - Processing /home/shubham/.local/lib/python3.10/site-packages/airflow/example_dags/example_task_group_decorator.py took 0.061 seconds
[2023-06-18T14:58:29.345+0530] {processor.py:157} INFO - Started process (PID=4759) to work on /home/shubham/.local/lib/python3.10/site-packages/airflow/example_dags/example_task_group_decorator.py
[2023-06-18T14:58:29.347+0530] {processor.py:826} INFO - Processing file /home/shubham/.local/lib/python3.10/site-packages/airflow/example_dags/example_task_group_decorator.py for tasks to queue
[2023-06-18T14:58:29.347+0530] {logging_mixin.py:149} INFO - [2023-06-18T14:58:29.347+0530] {dagbag.py:541} INFO - Filling up the DagBag from /home/shubham/.local/lib/python3.10/site-packages/airflow/example_dags/example_task_group_decorator.py
[2023-06-18T14:58:29.356+0530] {processor.py:836} INFO - DAG(s) dict_keys(['example_task_group_decorator']) retrieved from /home/shubham/.local/lib/python3.10/site-packages/airflow/example_dags/example_task_group_decorator.py
[2023-06-18T14:58:29.370+0530] {logging_mixin.py:149} INFO - [2023-06-18T14:58:29.370+0530] {dag.py:2726} INFO - Sync 1 DAGs
[2023-06-18T14:58:29.383+0530] {logging_mixin.py:149} INFO - [2023-06-18T14:58:29.383+0530] {dag.py:3486} INFO - Setting next_dagrun for example_task_group_decorator to 2023-06-17T09:28:29.383223+00:00, run_after=2023-06-18T09:28:29.383223+00:00
[2023-06-18T14:58:29.399+0530] {processor.py:179} INFO - Processing /home/shubham/.local/lib/python3.10/site-packages/airflow/example_dags/example_task_group_decorator.py took 0.056 seconds
[2023-06-18T14:59:12.655+0530] {processor.py:157} INFO - Started process (PID=4802) to work on /home/shubham/.local/lib/python3.10/site-packages/airflow/example_dags/example_task_group_decorator.py
[2023-06-18T14:59:12.657+0530] {processor.py:826} INFO - Processing file /home/shubham/.local/lib/python3.10/site-packages/airflow/example_dags/example_task_group_decorator.py for tasks to queue
[2023-06-18T14:59:12.657+0530] {logging_mixin.py:149} INFO - [2023-06-18T14:59:12.657+0530] {dagbag.py:541} INFO - Filling up the DagBag from /home/shubham/.local/lib/python3.10/site-packages/airflow/example_dags/example_task_group_decorator.py
[2023-06-18T14:59:12.666+0530] {processor.py:836} INFO - DAG(s) dict_keys(['example_task_group_decorator']) retrieved from /home/shubham/.local/lib/python3.10/site-packages/airflow/example_dags/example_task_group_decorator.py
[2023-06-18T14:59:12.681+0530] {logging_mixin.py:149} INFO - [2023-06-18T14:59:12.680+0530] {dag.py:2726} INFO - Sync 1 DAGs
[2023-06-18T14:59:12.692+0530] {logging_mixin.py:149} INFO - [2023-06-18T14:59:12.692+0530] {dag.py:3486} INFO - Setting next_dagrun for example_task_group_decorator to 2023-06-17T09:29:12.692651+00:00, run_after=2023-06-18T09:29:12.692651+00:00
[2023-06-18T14:59:12.708+0530] {processor.py:179} INFO - Processing /home/shubham/.local/lib/python3.10/site-packages/airflow/example_dags/example_task_group_decorator.py took 0.056 seconds
[2023-06-18T14:59:53.615+0530] {processor.py:157} INFO - Started process (PID=4848) to work on /home/shubham/.local/lib/python3.10/site-packages/airflow/example_dags/example_task_group_decorator.py
[2023-06-18T14:59:53.617+0530] {processor.py:826} INFO - Processing file /home/shubham/.local/lib/python3.10/site-packages/airflow/example_dags/example_task_group_decorator.py for tasks to queue
[2023-06-18T14:59:53.618+0530] {logging_mixin.py:149} INFO - [2023-06-18T14:59:53.618+0530] {dagbag.py:541} INFO - Filling up the DagBag from /home/shubham/.local/lib/python3.10/site-packages/airflow/example_dags/example_task_group_decorator.py
[2023-06-18T14:59:53.627+0530] {processor.py:836} INFO - DAG(s) dict_keys(['example_task_group_decorator']) retrieved from /home/shubham/.local/lib/python3.10/site-packages/airflow/example_dags/example_task_group_decorator.py
[2023-06-18T14:59:53.643+0530] {logging_mixin.py:149} INFO - [2023-06-18T14:59:53.642+0530] {dag.py:2726} INFO - Sync 1 DAGs
[2023-06-18T14:59:53.659+0530] {logging_mixin.py:149} INFO - [2023-06-18T14:59:53.659+0530] {dag.py:3486} INFO - Setting next_dagrun for example_task_group_decorator to 2023-06-17T09:29:53.659676+00:00, run_after=2023-06-18T09:29:53.659676+00:00
[2023-06-18T14:59:53.676+0530] {processor.py:179} INFO - Processing /home/shubham/.local/lib/python3.10/site-packages/airflow/example_dags/example_task_group_decorator.py took 0.063 seconds
[2023-06-18T15:00:38.658+0530] {processor.py:157} INFO - Started process (PID=4892) to work on /home/shubham/.local/lib/python3.10/site-packages/airflow/example_dags/example_task_group_decorator.py
[2023-06-18T15:00:38.660+0530] {processor.py:826} INFO - Processing file /home/shubham/.local/lib/python3.10/site-packages/airflow/example_dags/example_task_group_decorator.py for tasks to queue
[2023-06-18T15:00:38.660+0530] {logging_mixin.py:149} INFO - [2023-06-18T15:00:38.660+0530] {dagbag.py:541} INFO - Filling up the DagBag from /home/shubham/.local/lib/python3.10/site-packages/airflow/example_dags/example_task_group_decorator.py
[2023-06-18T15:00:38.669+0530] {processor.py:836} INFO - DAG(s) dict_keys(['example_task_group_decorator']) retrieved from /home/shubham/.local/lib/python3.10/site-packages/airflow/example_dags/example_task_group_decorator.py
[2023-06-18T15:00:38.684+0530] {logging_mixin.py:149} INFO - [2023-06-18T15:00:38.684+0530] {dag.py:2726} INFO - Sync 1 DAGs
[2023-06-18T15:00:38.696+0530] {logging_mixin.py:149} INFO - [2023-06-18T15:00:38.696+0530] {dag.py:3486} INFO - Setting next_dagrun for example_task_group_decorator to 2023-06-17T09:30:38.696240+00:00, run_after=2023-06-18T09:30:38.696240+00:00
[2023-06-18T15:00:38.712+0530] {processor.py:179} INFO - Processing /home/shubham/.local/lib/python3.10/site-packages/airflow/example_dags/example_task_group_decorator.py took 0.056 seconds
[2023-06-18T15:01:23.668+0530] {processor.py:157} INFO - Started process (PID=4940) to work on /home/shubham/.local/lib/python3.10/site-packages/airflow/example_dags/example_task_group_decorator.py
[2023-06-18T15:01:23.670+0530] {processor.py:826} INFO - Processing file /home/shubham/.local/lib/python3.10/site-packages/airflow/example_dags/example_task_group_decorator.py for tasks to queue
[2023-06-18T15:01:23.670+0530] {logging_mixin.py:149} INFO - [2023-06-18T15:01:23.670+0530] {dagbag.py:541} INFO - Filling up the DagBag from /home/shubham/.local/lib/python3.10/site-packages/airflow/example_dags/example_task_group_decorator.py
[2023-06-18T15:01:23.679+0530] {processor.py:836} INFO - DAG(s) dict_keys(['example_task_group_decorator']) retrieved from /home/shubham/.local/lib/python3.10/site-packages/airflow/example_dags/example_task_group_decorator.py
[2023-06-18T15:01:23.694+0530] {logging_mixin.py:149} INFO - [2023-06-18T15:01:23.694+0530] {dag.py:2726} INFO - Sync 1 DAGs
[2023-06-18T15:01:23.706+0530] {logging_mixin.py:149} INFO - [2023-06-18T15:01:23.706+0530] {dag.py:3486} INFO - Setting next_dagrun for example_task_group_decorator to 2023-06-17T09:31:23.706008+00:00, run_after=2023-06-18T09:31:23.706008+00:00
[2023-06-18T15:01:23.723+0530] {processor.py:179} INFO - Processing /home/shubham/.local/lib/python3.10/site-packages/airflow/example_dags/example_task_group_decorator.py took 0.057 seconds
[2023-06-18T15:02:12.095+0530] {processor.py:157} INFO - Started process (PID=4988) to work on /home/shubham/.local/lib/python3.10/site-packages/airflow/example_dags/example_task_group_decorator.py
[2023-06-18T15:02:12.097+0530] {processor.py:826} INFO - Processing file /home/shubham/.local/lib/python3.10/site-packages/airflow/example_dags/example_task_group_decorator.py for tasks to queue
[2023-06-18T15:02:12.097+0530] {logging_mixin.py:149} INFO - [2023-06-18T15:02:12.097+0530] {dagbag.py:541} INFO - Filling up the DagBag from /home/shubham/.local/lib/python3.10/site-packages/airflow/example_dags/example_task_group_decorator.py
[2023-06-18T15:02:12.106+0530] {processor.py:836} INFO - DAG(s) dict_keys(['example_task_group_decorator']) retrieved from /home/shubham/.local/lib/python3.10/site-packages/airflow/example_dags/example_task_group_decorator.py
[2023-06-18T15:02:12.120+0530] {logging_mixin.py:149} INFO - [2023-06-18T15:02:12.120+0530] {dag.py:2726} INFO - Sync 1 DAGs
[2023-06-18T15:02:12.132+0530] {logging_mixin.py:149} INFO - [2023-06-18T15:02:12.132+0530] {dag.py:3486} INFO - Setting next_dagrun for example_task_group_decorator to 2023-06-17T09:32:12.131955+00:00, run_after=2023-06-18T09:32:12.131955+00:00
[2023-06-18T15:02:12.149+0530] {processor.py:179} INFO - Processing /home/shubham/.local/lib/python3.10/site-packages/airflow/example_dags/example_task_group_decorator.py took 0.056 seconds
[2023-06-18T15:02:54.304+0530] {processor.py:157} INFO - Started process (PID=5034) to work on /home/shubham/.local/lib/python3.10/site-packages/airflow/example_dags/example_task_group_decorator.py
[2023-06-18T15:02:54.305+0530] {processor.py:826} INFO - Processing file /home/shubham/.local/lib/python3.10/site-packages/airflow/example_dags/example_task_group_decorator.py for tasks to queue
[2023-06-18T15:02:54.306+0530] {logging_mixin.py:149} INFO - [2023-06-18T15:02:54.306+0530] {dagbag.py:541} INFO - Filling up the DagBag from /home/shubham/.local/lib/python3.10/site-packages/airflow/example_dags/example_task_group_decorator.py
[2023-06-18T15:02:54.315+0530] {processor.py:836} INFO - DAG(s) dict_keys(['example_task_group_decorator']) retrieved from /home/shubham/.local/lib/python3.10/site-packages/airflow/example_dags/example_task_group_decorator.py
[2023-06-18T15:02:54.330+0530] {logging_mixin.py:149} INFO - [2023-06-18T15:02:54.329+0530] {dag.py:2726} INFO - Sync 1 DAGs
[2023-06-18T15:02:54.342+0530] {logging_mixin.py:149} INFO - [2023-06-18T15:02:54.342+0530] {dag.py:3486} INFO - Setting next_dagrun for example_task_group_decorator to 2023-06-17T09:32:54.341935+00:00, run_after=2023-06-18T09:32:54.341935+00:00
[2023-06-18T15:02:54.359+0530] {processor.py:179} INFO - Processing /home/shubham/.local/lib/python3.10/site-packages/airflow/example_dags/example_task_group_decorator.py took 0.057 seconds
[2023-06-18T15:03:38.244+0530] {processor.py:157} INFO - Started process (PID=5081) to work on /home/shubham/.local/lib/python3.10/site-packages/airflow/example_dags/example_task_group_decorator.py
[2023-06-18T15:03:38.246+0530] {processor.py:826} INFO - Processing file /home/shubham/.local/lib/python3.10/site-packages/airflow/example_dags/example_task_group_decorator.py for tasks to queue
[2023-06-18T15:03:38.246+0530] {logging_mixin.py:149} INFO - [2023-06-18T15:03:38.246+0530] {dagbag.py:541} INFO - Filling up the DagBag from /home/shubham/.local/lib/python3.10/site-packages/airflow/example_dags/example_task_group_decorator.py
[2023-06-18T15:03:38.255+0530] {processor.py:836} INFO - DAG(s) dict_keys(['example_task_group_decorator']) retrieved from /home/shubham/.local/lib/python3.10/site-packages/airflow/example_dags/example_task_group_decorator.py
[2023-06-18T15:03:38.269+0530] {logging_mixin.py:149} INFO - [2023-06-18T15:03:38.269+0530] {dag.py:2726} INFO - Sync 1 DAGs
[2023-06-18T15:03:38.282+0530] {logging_mixin.py:149} INFO - [2023-06-18T15:03:38.281+0530] {dag.py:3486} INFO - Setting next_dagrun for example_task_group_decorator to 2023-06-17T09:33:38.281750+00:00, run_after=2023-06-18T09:33:38.281750+00:00
[2023-06-18T15:03:38.299+0530] {processor.py:179} INFO - Processing /home/shubham/.local/lib/python3.10/site-packages/airflow/example_dags/example_task_group_decorator.py took 0.057 seconds
[2023-06-18T15:04:23.270+0530] {processor.py:157} INFO - Started process (PID=5127) to work on /home/shubham/.local/lib/python3.10/site-packages/airflow/example_dags/example_task_group_decorator.py
[2023-06-18T15:04:23.272+0530] {processor.py:826} INFO - Processing file /home/shubham/.local/lib/python3.10/site-packages/airflow/example_dags/example_task_group_decorator.py for tasks to queue
[2023-06-18T15:04:23.272+0530] {logging_mixin.py:149} INFO - [2023-06-18T15:04:23.272+0530] {dagbag.py:541} INFO - Filling up the DagBag from /home/shubham/.local/lib/python3.10/site-packages/airflow/example_dags/example_task_group_decorator.py
[2023-06-18T15:04:23.282+0530] {processor.py:836} INFO - DAG(s) dict_keys(['example_task_group_decorator']) retrieved from /home/shubham/.local/lib/python3.10/site-packages/airflow/example_dags/example_task_group_decorator.py
[2023-06-18T15:04:23.297+0530] {logging_mixin.py:149} INFO - [2023-06-18T15:04:23.296+0530] {dag.py:2726} INFO - Sync 1 DAGs
[2023-06-18T15:04:23.309+0530] {logging_mixin.py:149} INFO - [2023-06-18T15:04:23.309+0530] {dag.py:3486} INFO - Setting next_dagrun for example_task_group_decorator to 2023-06-17T09:34:23.309439+00:00, run_after=2023-06-18T09:34:23.309439+00:00
[2023-06-18T15:04:23.326+0530] {processor.py:179} INFO - Processing /home/shubham/.local/lib/python3.10/site-packages/airflow/example_dags/example_task_group_decorator.py took 0.058 seconds
[2023-06-18T15:05:07.524+0530] {processor.py:157} INFO - Started process (PID=5172) to work on /home/shubham/.local/lib/python3.10/site-packages/airflow/example_dags/example_task_group_decorator.py
[2023-06-18T15:05:07.525+0530] {processor.py:826} INFO - Processing file /home/shubham/.local/lib/python3.10/site-packages/airflow/example_dags/example_task_group_decorator.py for tasks to queue
[2023-06-18T15:05:07.526+0530] {logging_mixin.py:149} INFO - [2023-06-18T15:05:07.526+0530] {dagbag.py:541} INFO - Filling up the DagBag from /home/shubham/.local/lib/python3.10/site-packages/airflow/example_dags/example_task_group_decorator.py
[2023-06-18T15:05:07.534+0530] {processor.py:836} INFO - DAG(s) dict_keys(['example_task_group_decorator']) retrieved from /home/shubham/.local/lib/python3.10/site-packages/airflow/example_dags/example_task_group_decorator.py
[2023-06-18T15:05:07.549+0530] {logging_mixin.py:149} INFO - [2023-06-18T15:05:07.549+0530] {dag.py:2726} INFO - Sync 1 DAGs
[2023-06-18T15:05:07.566+0530] {logging_mixin.py:149} INFO - [2023-06-18T15:05:07.566+0530] {dag.py:3486} INFO - Setting next_dagrun for example_task_group_decorator to 2023-06-17T09:35:07.566207+00:00, run_after=2023-06-18T09:35:07.566207+00:00
[2023-06-18T15:05:07.581+0530] {processor.py:179} INFO - Processing /home/shubham/.local/lib/python3.10/site-packages/airflow/example_dags/example_task_group_decorator.py took 0.059 seconds
[2023-06-18T15:05:50.310+0530] {processor.py:157} INFO - Started process (PID=5218) to work on /home/shubham/.local/lib/python3.10/site-packages/airflow/example_dags/example_task_group_decorator.py
[2023-06-18T15:05:50.311+0530] {processor.py:826} INFO - Processing file /home/shubham/.local/lib/python3.10/site-packages/airflow/example_dags/example_task_group_decorator.py for tasks to queue
[2023-06-18T15:05:50.312+0530] {logging_mixin.py:149} INFO - [2023-06-18T15:05:50.312+0530] {dagbag.py:541} INFO - Filling up the DagBag from /home/shubham/.local/lib/python3.10/site-packages/airflow/example_dags/example_task_group_decorator.py
[2023-06-18T15:05:50.320+0530] {processor.py:836} INFO - DAG(s) dict_keys(['example_task_group_decorator']) retrieved from /home/shubham/.local/lib/python3.10/site-packages/airflow/example_dags/example_task_group_decorator.py
[2023-06-18T15:05:50.335+0530] {logging_mixin.py:149} INFO - [2023-06-18T15:05:50.335+0530] {dag.py:2726} INFO - Sync 1 DAGs
[2023-06-18T15:05:50.347+0530] {logging_mixin.py:149} INFO - [2023-06-18T15:05:50.347+0530] {dag.py:3486} INFO - Setting next_dagrun for example_task_group_decorator to 2023-06-17T09:35:50.347035+00:00, run_after=2023-06-18T09:35:50.347035+00:00
[2023-06-18T15:05:50.362+0530] {processor.py:179} INFO - Processing /home/shubham/.local/lib/python3.10/site-packages/airflow/example_dags/example_task_group_decorator.py took 0.055 seconds
[2023-06-18T15:06:31.863+0530] {processor.py:157} INFO - Started process (PID=5261) to work on /home/shubham/.local/lib/python3.10/site-packages/airflow/example_dags/example_task_group_decorator.py
[2023-06-18T15:06:31.865+0530] {processor.py:826} INFO - Processing file /home/shubham/.local/lib/python3.10/site-packages/airflow/example_dags/example_task_group_decorator.py for tasks to queue
[2023-06-18T15:06:31.865+0530] {logging_mixin.py:149} INFO - [2023-06-18T15:06:31.865+0530] {dagbag.py:541} INFO - Filling up the DagBag from /home/shubham/.local/lib/python3.10/site-packages/airflow/example_dags/example_task_group_decorator.py
[2023-06-18T15:06:31.874+0530] {processor.py:836} INFO - DAG(s) dict_keys(['example_task_group_decorator']) retrieved from /home/shubham/.local/lib/python3.10/site-packages/airflow/example_dags/example_task_group_decorator.py
[2023-06-18T15:06:31.888+0530] {logging_mixin.py:149} INFO - [2023-06-18T15:06:31.888+0530] {dag.py:2726} INFO - Sync 1 DAGs
[2023-06-18T15:06:31.899+0530] {logging_mixin.py:149} INFO - [2023-06-18T15:06:31.899+0530] {dag.py:3486} INFO - Setting next_dagrun for example_task_group_decorator to 2023-06-17T09:36:31.899479+00:00, run_after=2023-06-18T09:36:31.899479+00:00
[2023-06-18T15:06:31.916+0530] {processor.py:179} INFO - Processing /home/shubham/.local/lib/python3.10/site-packages/airflow/example_dags/example_task_group_decorator.py took 0.055 seconds
[2023-06-18T15:07:22.292+0530] {processor.py:157} INFO - Started process (PID=5311) to work on /home/shubham/.local/lib/python3.10/site-packages/airflow/example_dags/example_task_group_decorator.py
[2023-06-18T15:07:22.294+0530] {processor.py:826} INFO - Processing file /home/shubham/.local/lib/python3.10/site-packages/airflow/example_dags/example_task_group_decorator.py for tasks to queue
[2023-06-18T15:07:22.295+0530] {logging_mixin.py:149} INFO - [2023-06-18T15:07:22.295+0530] {dagbag.py:541} INFO - Filling up the DagBag from /home/shubham/.local/lib/python3.10/site-packages/airflow/example_dags/example_task_group_decorator.py
[2023-06-18T15:07:22.307+0530] {processor.py:836} INFO - DAG(s) dict_keys(['example_task_group_decorator']) retrieved from /home/shubham/.local/lib/python3.10/site-packages/airflow/example_dags/example_task_group_decorator.py
[2023-06-18T15:07:22.328+0530] {logging_mixin.py:149} INFO - [2023-06-18T15:07:22.328+0530] {dag.py:2726} INFO - Sync 1 DAGs
[2023-06-18T15:07:22.346+0530] {logging_mixin.py:149} INFO - [2023-06-18T15:07:22.345+0530] {dag.py:3486} INFO - Setting next_dagrun for example_task_group_decorator to 2023-06-17T09:37:22.345660+00:00, run_after=2023-06-18T09:37:22.345660+00:00
[2023-06-18T15:07:22.373+0530] {processor.py:179} INFO - Processing /home/shubham/.local/lib/python3.10/site-packages/airflow/example_dags/example_task_group_decorator.py took 0.084 seconds
[2023-06-18T15:08:09.149+0530] {processor.py:157} INFO - Started process (PID=5358) to work on /home/shubham/.local/lib/python3.10/site-packages/airflow/example_dags/example_task_group_decorator.py
[2023-06-18T15:08:09.152+0530] {processor.py:826} INFO - Processing file /home/shubham/.local/lib/python3.10/site-packages/airflow/example_dags/example_task_group_decorator.py for tasks to queue
[2023-06-18T15:08:09.152+0530] {logging_mixin.py:149} INFO - [2023-06-18T15:08:09.152+0530] {dagbag.py:541} INFO - Filling up the DagBag from /home/shubham/.local/lib/python3.10/site-packages/airflow/example_dags/example_task_group_decorator.py
[2023-06-18T15:08:09.164+0530] {processor.py:836} INFO - DAG(s) dict_keys(['example_task_group_decorator']) retrieved from /home/shubham/.local/lib/python3.10/site-packages/airflow/example_dags/example_task_group_decorator.py
[2023-06-18T15:08:09.185+0530] {logging_mixin.py:149} INFO - [2023-06-18T15:08:09.185+0530] {dag.py:2726} INFO - Sync 1 DAGs
[2023-06-18T15:08:09.205+0530] {logging_mixin.py:149} INFO - [2023-06-18T15:08:09.204+0530] {dag.py:3486} INFO - Setting next_dagrun for example_task_group_decorator to 2023-06-17T09:38:09.204549+00:00, run_after=2023-06-18T09:38:09.204549+00:00
[2023-06-18T15:08:09.230+0530] {processor.py:179} INFO - Processing /home/shubham/.local/lib/python3.10/site-packages/airflow/example_dags/example_task_group_decorator.py took 0.083 seconds
[2023-06-18T15:08:52.089+0530] {processor.py:157} INFO - Started process (PID=5404) to work on /home/shubham/.local/lib/python3.10/site-packages/airflow/example_dags/example_task_group_decorator.py
[2023-06-18T15:08:52.092+0530] {processor.py:826} INFO - Processing file /home/shubham/.local/lib/python3.10/site-packages/airflow/example_dags/example_task_group_decorator.py for tasks to queue
[2023-06-18T15:08:52.093+0530] {logging_mixin.py:149} INFO - [2023-06-18T15:08:52.092+0530] {dagbag.py:541} INFO - Filling up the DagBag from /home/shubham/.local/lib/python3.10/site-packages/airflow/example_dags/example_task_group_decorator.py
[2023-06-18T15:08:52.104+0530] {processor.py:836} INFO - DAG(s) dict_keys(['example_task_group_decorator']) retrieved from /home/shubham/.local/lib/python3.10/site-packages/airflow/example_dags/example_task_group_decorator.py
[2023-06-18T15:08:52.123+0530] {logging_mixin.py:149} INFO - [2023-06-18T15:08:52.123+0530] {dag.py:2726} INFO - Sync 1 DAGs
[2023-06-18T15:08:52.139+0530] {logging_mixin.py:149} INFO - [2023-06-18T15:08:52.138+0530] {dag.py:3486} INFO - Setting next_dagrun for example_task_group_decorator to 2023-06-17T09:38:52.138731+00:00, run_after=2023-06-18T09:38:52.138731+00:00
[2023-06-18T15:08:52.162+0530] {processor.py:179} INFO - Processing /home/shubham/.local/lib/python3.10/site-packages/airflow/example_dags/example_task_group_decorator.py took 0.075 seconds
[2023-06-18T15:09:36.679+0530] {processor.py:157} INFO - Started process (PID=5450) to work on /home/shubham/.local/lib/python3.10/site-packages/airflow/example_dags/example_task_group_decorator.py
[2023-06-18T15:09:36.681+0530] {processor.py:826} INFO - Processing file /home/shubham/.local/lib/python3.10/site-packages/airflow/example_dags/example_task_group_decorator.py for tasks to queue
[2023-06-18T15:09:36.682+0530] {logging_mixin.py:149} INFO - [2023-06-18T15:09:36.682+0530] {dagbag.py:541} INFO - Filling up the DagBag from /home/shubham/.local/lib/python3.10/site-packages/airflow/example_dags/example_task_group_decorator.py
[2023-06-18T15:09:36.696+0530] {processor.py:836} INFO - DAG(s) dict_keys(['example_task_group_decorator']) retrieved from /home/shubham/.local/lib/python3.10/site-packages/airflow/example_dags/example_task_group_decorator.py
[2023-06-18T15:09:36.719+0530] {logging_mixin.py:149} INFO - [2023-06-18T15:09:36.719+0530] {dag.py:2726} INFO - Sync 1 DAGs
[2023-06-18T15:09:36.735+0530] {logging_mixin.py:149} INFO - [2023-06-18T15:09:36.734+0530] {dag.py:3486} INFO - Setting next_dagrun for example_task_group_decorator to 2023-06-17T09:39:36.734794+00:00, run_after=2023-06-18T09:39:36.734794+00:00
[2023-06-18T15:09:36.760+0530] {processor.py:179} INFO - Processing /home/shubham/.local/lib/python3.10/site-packages/airflow/example_dags/example_task_group_decorator.py took 0.084 seconds
[2023-06-18T15:10:21.043+0530] {processor.py:157} INFO - Started process (PID=5496) to work on /home/shubham/.local/lib/python3.10/site-packages/airflow/example_dags/example_task_group_decorator.py
[2023-06-18T15:10:21.046+0530] {processor.py:826} INFO - Processing file /home/shubham/.local/lib/python3.10/site-packages/airflow/example_dags/example_task_group_decorator.py for tasks to queue
[2023-06-18T15:10:21.046+0530] {logging_mixin.py:149} INFO - [2023-06-18T15:10:21.046+0530] {dagbag.py:541} INFO - Filling up the DagBag from /home/shubham/.local/lib/python3.10/site-packages/airflow/example_dags/example_task_group_decorator.py
[2023-06-18T15:10:21.057+0530] {processor.py:836} INFO - DAG(s) dict_keys(['example_task_group_decorator']) retrieved from /home/shubham/.local/lib/python3.10/site-packages/airflow/example_dags/example_task_group_decorator.py
[2023-06-18T15:10:21.075+0530] {logging_mixin.py:149} INFO - [2023-06-18T15:10:21.075+0530] {dag.py:2726} INFO - Sync 1 DAGs
[2023-06-18T15:10:21.092+0530] {logging_mixin.py:149} INFO - [2023-06-18T15:10:21.092+0530] {dag.py:3486} INFO - Setting next_dagrun for example_task_group_decorator to 2023-06-17T09:40:21.091906+00:00, run_after=2023-06-18T09:40:21.091906+00:00
[2023-06-18T15:10:21.114+0530] {processor.py:179} INFO - Processing /home/shubham/.local/lib/python3.10/site-packages/airflow/example_dags/example_task_group_decorator.py took 0.073 seconds
[2023-06-18T15:11:03.935+0530] {processor.py:157} INFO - Started process (PID=5540) to work on /home/shubham/.local/lib/python3.10/site-packages/airflow/example_dags/example_task_group_decorator.py
[2023-06-18T15:11:03.938+0530] {processor.py:826} INFO - Processing file /home/shubham/.local/lib/python3.10/site-packages/airflow/example_dags/example_task_group_decorator.py for tasks to queue
[2023-06-18T15:11:03.938+0530] {logging_mixin.py:149} INFO - [2023-06-18T15:11:03.938+0530] {dagbag.py:541} INFO - Filling up the DagBag from /home/shubham/.local/lib/python3.10/site-packages/airflow/example_dags/example_task_group_decorator.py
[2023-06-18T15:11:03.951+0530] {processor.py:836} INFO - DAG(s) dict_keys(['example_task_group_decorator']) retrieved from /home/shubham/.local/lib/python3.10/site-packages/airflow/example_dags/example_task_group_decorator.py
[2023-06-18T15:11:03.974+0530] {logging_mixin.py:149} INFO - [2023-06-18T15:11:03.974+0530] {dag.py:2726} INFO - Sync 1 DAGs
[2023-06-18T15:11:03.993+0530] {logging_mixin.py:149} INFO - [2023-06-18T15:11:03.992+0530] {dag.py:3486} INFO - Setting next_dagrun for example_task_group_decorator to 2023-06-17T09:41:03.992695+00:00, run_after=2023-06-18T09:41:03.992695+00:00
[2023-06-18T15:11:04.018+0530] {processor.py:179} INFO - Processing /home/shubham/.local/lib/python3.10/site-packages/airflow/example_dags/example_task_group_decorator.py took 0.087 seconds
[2023-06-18T15:11:45.512+0530] {processor.py:157} INFO - Started process (PID=5585) to work on /home/shubham/.local/lib/python3.10/site-packages/airflow/example_dags/example_task_group_decorator.py
[2023-06-18T15:11:45.514+0530] {processor.py:826} INFO - Processing file /home/shubham/.local/lib/python3.10/site-packages/airflow/example_dags/example_task_group_decorator.py for tasks to queue
[2023-06-18T15:11:45.515+0530] {logging_mixin.py:149} INFO - [2023-06-18T15:11:45.514+0530] {dagbag.py:541} INFO - Filling up the DagBag from /home/shubham/.local/lib/python3.10/site-packages/airflow/example_dags/example_task_group_decorator.py
[2023-06-18T15:11:45.527+0530] {processor.py:836} INFO - DAG(s) dict_keys(['example_task_group_decorator']) retrieved from /home/shubham/.local/lib/python3.10/site-packages/airflow/example_dags/example_task_group_decorator.py
[2023-06-18T15:11:45.551+0530] {logging_mixin.py:149} INFO - [2023-06-18T15:11:45.551+0530] {dag.py:2726} INFO - Sync 1 DAGs
[2023-06-18T15:11:45.569+0530] {logging_mixin.py:149} INFO - [2023-06-18T15:11:45.569+0530] {dag.py:3486} INFO - Setting next_dagrun for example_task_group_decorator to 2023-06-17T09:41:45.569023+00:00, run_after=2023-06-18T09:41:45.569023+00:00
[2023-06-18T15:11:45.594+0530] {processor.py:179} INFO - Processing /home/shubham/.local/lib/python3.10/site-packages/airflow/example_dags/example_task_group_decorator.py took 0.085 seconds
[2023-06-18T15:12:27.183+0530] {processor.py:157} INFO - Started process (PID=5629) to work on /home/shubham/.local/lib/python3.10/site-packages/airflow/example_dags/example_task_group_decorator.py
[2023-06-18T15:12:27.186+0530] {processor.py:826} INFO - Processing file /home/shubham/.local/lib/python3.10/site-packages/airflow/example_dags/example_task_group_decorator.py for tasks to queue
[2023-06-18T15:12:27.187+0530] {logging_mixin.py:149} INFO - [2023-06-18T15:12:27.186+0530] {dagbag.py:541} INFO - Filling up the DagBag from /home/shubham/.local/lib/python3.10/site-packages/airflow/example_dags/example_task_group_decorator.py
[2023-06-18T15:12:27.199+0530] {processor.py:836} INFO - DAG(s) dict_keys(['example_task_group_decorator']) retrieved from /home/shubham/.local/lib/python3.10/site-packages/airflow/example_dags/example_task_group_decorator.py
[2023-06-18T15:12:27.222+0530] {logging_mixin.py:149} INFO - [2023-06-18T15:12:27.222+0530] {dag.py:2726} INFO - Sync 1 DAGs
[2023-06-18T15:12:27.240+0530] {logging_mixin.py:149} INFO - [2023-06-18T15:12:27.240+0530] {dag.py:3486} INFO - Setting next_dagrun for example_task_group_decorator to 2023-06-17T09:42:27.240001+00:00, run_after=2023-06-18T09:42:27.240001+00:00
[2023-06-18T15:12:27.270+0530] {processor.py:179} INFO - Processing /home/shubham/.local/lib/python3.10/site-packages/airflow/example_dags/example_task_group_decorator.py took 0.091 seconds
[2023-06-18T15:13:20.598+0530] {processor.py:157} INFO - Started process (PID=5685) to work on /home/shubham/.local/lib/python3.10/site-packages/airflow/example_dags/example_task_group_decorator.py
[2023-06-18T15:13:20.600+0530] {processor.py:826} INFO - Processing file /home/shubham/.local/lib/python3.10/site-packages/airflow/example_dags/example_task_group_decorator.py for tasks to queue
[2023-06-18T15:13:20.601+0530] {logging_mixin.py:149} INFO - [2023-06-18T15:13:20.601+0530] {dagbag.py:541} INFO - Filling up the DagBag from /home/shubham/.local/lib/python3.10/site-packages/airflow/example_dags/example_task_group_decorator.py
[2023-06-18T15:13:20.613+0530] {processor.py:836} INFO - DAG(s) dict_keys(['example_task_group_decorator']) retrieved from /home/shubham/.local/lib/python3.10/site-packages/airflow/example_dags/example_task_group_decorator.py
[2023-06-18T15:13:20.634+0530] {logging_mixin.py:149} INFO - [2023-06-18T15:13:20.634+0530] {dag.py:2726} INFO - Sync 1 DAGs
[2023-06-18T15:13:20.651+0530] {logging_mixin.py:149} INFO - [2023-06-18T15:13:20.651+0530] {dag.py:3486} INFO - Setting next_dagrun for example_task_group_decorator to 2023-06-17T09:43:20.651388+00:00, run_after=2023-06-18T09:43:20.651388+00:00
[2023-06-18T15:13:20.677+0530] {processor.py:179} INFO - Processing /home/shubham/.local/lib/python3.10/site-packages/airflow/example_dags/example_task_group_decorator.py took 0.082 seconds
[2023-06-18T15:14:02.038+0530] {processor.py:157} INFO - Started process (PID=5728) to work on /home/shubham/.local/lib/python3.10/site-packages/airflow/example_dags/example_task_group_decorator.py
[2023-06-18T15:14:02.040+0530] {processor.py:826} INFO - Processing file /home/shubham/.local/lib/python3.10/site-packages/airflow/example_dags/example_task_group_decorator.py for tasks to queue
[2023-06-18T15:14:02.040+0530] {logging_mixin.py:149} INFO - [2023-06-18T15:14:02.040+0530] {dagbag.py:541} INFO - Filling up the DagBag from /home/shubham/.local/lib/python3.10/site-packages/airflow/example_dags/example_task_group_decorator.py
[2023-06-18T15:14:02.051+0530] {processor.py:836} INFO - DAG(s) dict_keys(['example_task_group_decorator']) retrieved from /home/shubham/.local/lib/python3.10/site-packages/airflow/example_dags/example_task_group_decorator.py
[2023-06-18T15:14:02.070+0530] {logging_mixin.py:149} INFO - [2023-06-18T15:14:02.070+0530] {dag.py:2726} INFO - Sync 1 DAGs
[2023-06-18T15:14:02.086+0530] {logging_mixin.py:149} INFO - [2023-06-18T15:14:02.086+0530] {dag.py:3486} INFO - Setting next_dagrun for example_task_group_decorator to 2023-06-17T09:44:02.086141+00:00, run_after=2023-06-18T09:44:02.086141+00:00
[2023-06-18T15:14:02.109+0530] {processor.py:179} INFO - Processing /home/shubham/.local/lib/python3.10/site-packages/airflow/example_dags/example_task_group_decorator.py took 0.074 seconds
[2023-06-18T15:14:48.188+0530] {processor.py:157} INFO - Started process (PID=5776) to work on /home/shubham/.local/lib/python3.10/site-packages/airflow/example_dags/example_task_group_decorator.py
[2023-06-18T15:14:48.191+0530] {processor.py:826} INFO - Processing file /home/shubham/.local/lib/python3.10/site-packages/airflow/example_dags/example_task_group_decorator.py for tasks to queue
[2023-06-18T15:14:48.191+0530] {logging_mixin.py:149} INFO - [2023-06-18T15:14:48.191+0530] {dagbag.py:541} INFO - Filling up the DagBag from /home/shubham/.local/lib/python3.10/site-packages/airflow/example_dags/example_task_group_decorator.py
[2023-06-18T15:14:48.204+0530] {processor.py:836} INFO - DAG(s) dict_keys(['example_task_group_decorator']) retrieved from /home/shubham/.local/lib/python3.10/site-packages/airflow/example_dags/example_task_group_decorator.py
[2023-06-18T15:14:48.225+0530] {logging_mixin.py:149} INFO - [2023-06-18T15:14:48.224+0530] {dag.py:2726} INFO - Sync 1 DAGs
[2023-06-18T15:14:48.243+0530] {logging_mixin.py:149} INFO - [2023-06-18T15:14:48.242+0530] {dag.py:3486} INFO - Setting next_dagrun for example_task_group_decorator to 2023-06-17T09:44:48.242669+00:00, run_after=2023-06-18T09:44:48.242669+00:00
[2023-06-18T15:14:48.269+0530] {processor.py:179} INFO - Processing /home/shubham/.local/lib/python3.10/site-packages/airflow/example_dags/example_task_group_decorator.py took 0.084 seconds
[2023-06-18T15:15:35.744+0530] {processor.py:157} INFO - Started process (PID=5823) to work on /home/shubham/.local/lib/python3.10/site-packages/airflow/example_dags/example_task_group_decorator.py
[2023-06-18T15:15:35.746+0530] {processor.py:826} INFO - Processing file /home/shubham/.local/lib/python3.10/site-packages/airflow/example_dags/example_task_group_decorator.py for tasks to queue
[2023-06-18T15:15:35.747+0530] {logging_mixin.py:149} INFO - [2023-06-18T15:15:35.746+0530] {dagbag.py:541} INFO - Filling up the DagBag from /home/shubham/.local/lib/python3.10/site-packages/airflow/example_dags/example_task_group_decorator.py
[2023-06-18T15:15:35.757+0530] {processor.py:836} INFO - DAG(s) dict_keys(['example_task_group_decorator']) retrieved from /home/shubham/.local/lib/python3.10/site-packages/airflow/example_dags/example_task_group_decorator.py
[2023-06-18T15:15:35.776+0530] {logging_mixin.py:149} INFO - [2023-06-18T15:15:35.775+0530] {dag.py:2726} INFO - Sync 1 DAGs
[2023-06-18T15:15:35.791+0530] {logging_mixin.py:149} INFO - [2023-06-18T15:15:35.791+0530] {dag.py:3486} INFO - Setting next_dagrun for example_task_group_decorator to 2023-06-17T09:45:35.791486+00:00, run_after=2023-06-18T09:45:35.791486+00:00
[2023-06-18T15:15:35.814+0530] {processor.py:179} INFO - Processing /home/shubham/.local/lib/python3.10/site-packages/airflow/example_dags/example_task_group_decorator.py took 0.072 seconds
[2023-06-18T15:16:20.917+0530] {processor.py:157} INFO - Started process (PID=5869) to work on /home/shubham/.local/lib/python3.10/site-packages/airflow/example_dags/example_task_group_decorator.py
[2023-06-18T15:16:20.919+0530] {processor.py:826} INFO - Processing file /home/shubham/.local/lib/python3.10/site-packages/airflow/example_dags/example_task_group_decorator.py for tasks to queue
[2023-06-18T15:16:20.920+0530] {logging_mixin.py:149} INFO - [2023-06-18T15:16:20.920+0530] {dagbag.py:541} INFO - Filling up the DagBag from /home/shubham/.local/lib/python3.10/site-packages/airflow/example_dags/example_task_group_decorator.py
[2023-06-18T15:16:20.931+0530] {processor.py:836} INFO - DAG(s) dict_keys(['example_task_group_decorator']) retrieved from /home/shubham/.local/lib/python3.10/site-packages/airflow/example_dags/example_task_group_decorator.py
[2023-06-18T15:16:20.950+0530] {logging_mixin.py:149} INFO - [2023-06-18T15:16:20.950+0530] {dag.py:2726} INFO - Sync 1 DAGs
[2023-06-18T15:16:20.966+0530] {logging_mixin.py:149} INFO - [2023-06-18T15:16:20.966+0530] {dag.py:3486} INFO - Setting next_dagrun for example_task_group_decorator to 2023-06-17T09:46:20.966188+00:00, run_after=2023-06-18T09:46:20.966188+00:00
[2023-06-18T15:16:20.990+0530] {processor.py:179} INFO - Processing /home/shubham/.local/lib/python3.10/site-packages/airflow/example_dags/example_task_group_decorator.py took 0.076 seconds
[2023-06-18T15:17:03.228+0530] {processor.py:157} INFO - Started process (PID=5915) to work on /home/shubham/.local/lib/python3.10/site-packages/airflow/example_dags/example_task_group_decorator.py
[2023-06-18T15:17:03.230+0530] {processor.py:826} INFO - Processing file /home/shubham/.local/lib/python3.10/site-packages/airflow/example_dags/example_task_group_decorator.py for tasks to queue
[2023-06-18T15:17:03.231+0530] {logging_mixin.py:149} INFO - [2023-06-18T15:17:03.231+0530] {dagbag.py:541} INFO - Filling up the DagBag from /home/shubham/.local/lib/python3.10/site-packages/airflow/example_dags/example_task_group_decorator.py
[2023-06-18T15:17:03.244+0530] {processor.py:836} INFO - DAG(s) dict_keys(['example_task_group_decorator']) retrieved from /home/shubham/.local/lib/python3.10/site-packages/airflow/example_dags/example_task_group_decorator.py
[2023-06-18T15:17:03.265+0530] {logging_mixin.py:149} INFO - [2023-06-18T15:17:03.265+0530] {dag.py:2726} INFO - Sync 1 DAGs
[2023-06-18T15:17:03.283+0530] {logging_mixin.py:149} INFO - [2023-06-18T15:17:03.282+0530] {dag.py:3486} INFO - Setting next_dagrun for example_task_group_decorator to 2023-06-17T09:47:03.282692+00:00, run_after=2023-06-18T09:47:03.282692+00:00
[2023-06-18T15:17:03.308+0530] {processor.py:179} INFO - Processing /home/shubham/.local/lib/python3.10/site-packages/airflow/example_dags/example_task_group_decorator.py took 0.083 seconds
[2023-06-18T15:17:45.659+0530] {processor.py:157} INFO - Started process (PID=5959) to work on /home/shubham/.local/lib/python3.10/site-packages/airflow/example_dags/example_task_group_decorator.py
[2023-06-18T15:17:45.661+0530] {processor.py:826} INFO - Processing file /home/shubham/.local/lib/python3.10/site-packages/airflow/example_dags/example_task_group_decorator.py for tasks to queue
[2023-06-18T15:17:45.662+0530] {logging_mixin.py:149} INFO - [2023-06-18T15:17:45.662+0530] {dagbag.py:541} INFO - Filling up the DagBag from /home/shubham/.local/lib/python3.10/site-packages/airflow/example_dags/example_task_group_decorator.py
[2023-06-18T15:17:45.676+0530] {processor.py:836} INFO - DAG(s) dict_keys(['example_task_group_decorator']) retrieved from /home/shubham/.local/lib/python3.10/site-packages/airflow/example_dags/example_task_group_decorator.py
[2023-06-18T15:17:45.698+0530] {logging_mixin.py:149} INFO - [2023-06-18T15:17:45.698+0530] {dag.py:2726} INFO - Sync 1 DAGs
[2023-06-18T15:17:45.719+0530] {logging_mixin.py:149} INFO - [2023-06-18T15:17:45.719+0530] {dag.py:3486} INFO - Setting next_dagrun for example_task_group_decorator to 2023-06-17T09:47:45.719040+00:00, run_after=2023-06-18T09:47:45.719040+00:00
[2023-06-18T15:17:45.742+0530] {processor.py:179} INFO - Processing /home/shubham/.local/lib/python3.10/site-packages/airflow/example_dags/example_task_group_decorator.py took 0.087 seconds
[2023-06-18T15:18:28.163+0530] {processor.py:157} INFO - Started process (PID=6004) to work on /home/shubham/.local/lib/python3.10/site-packages/airflow/example_dags/example_task_group_decorator.py
[2023-06-18T15:18:28.165+0530] {processor.py:826} INFO - Processing file /home/shubham/.local/lib/python3.10/site-packages/airflow/example_dags/example_task_group_decorator.py for tasks to queue
[2023-06-18T15:18:28.166+0530] {logging_mixin.py:149} INFO - [2023-06-18T15:18:28.165+0530] {dagbag.py:541} INFO - Filling up the DagBag from /home/shubham/.local/lib/python3.10/site-packages/airflow/example_dags/example_task_group_decorator.py
[2023-06-18T15:18:28.179+0530] {processor.py:836} INFO - DAG(s) dict_keys(['example_task_group_decorator']) retrieved from /home/shubham/.local/lib/python3.10/site-packages/airflow/example_dags/example_task_group_decorator.py
[2023-06-18T15:18:28.202+0530] {logging_mixin.py:149} INFO - [2023-06-18T15:18:28.202+0530] {dag.py:2726} INFO - Sync 1 DAGs
[2023-06-18T15:18:28.220+0530] {logging_mixin.py:149} INFO - [2023-06-18T15:18:28.220+0530] {dag.py:3486} INFO - Setting next_dagrun for example_task_group_decorator to 2023-06-17T09:48:28.220366+00:00, run_after=2023-06-18T09:48:28.220366+00:00
[2023-06-18T15:18:28.246+0530] {processor.py:179} INFO - Processing /home/shubham/.local/lib/python3.10/site-packages/airflow/example_dags/example_task_group_decorator.py took 0.086 seconds
[2023-06-18T15:19:14.440+0530] {processor.py:157} INFO - Started process (PID=6052) to work on /home/shubham/.local/lib/python3.10/site-packages/airflow/example_dags/example_task_group_decorator.py
[2023-06-18T15:19:14.442+0530] {processor.py:826} INFO - Processing file /home/shubham/.local/lib/python3.10/site-packages/airflow/example_dags/example_task_group_decorator.py for tasks to queue
[2023-06-18T15:19:14.443+0530] {logging_mixin.py:149} INFO - [2023-06-18T15:19:14.443+0530] {dagbag.py:541} INFO - Filling up the DagBag from /home/shubham/.local/lib/python3.10/site-packages/airflow/example_dags/example_task_group_decorator.py
[2023-06-18T15:19:14.456+0530] {processor.py:836} INFO - DAG(s) dict_keys(['example_task_group_decorator']) retrieved from /home/shubham/.local/lib/python3.10/site-packages/airflow/example_dags/example_task_group_decorator.py
[2023-06-18T15:19:14.477+0530] {logging_mixin.py:149} INFO - [2023-06-18T15:19:14.477+0530] {dag.py:2726} INFO - Sync 1 DAGs
[2023-06-18T15:19:14.496+0530] {logging_mixin.py:149} INFO - [2023-06-18T15:19:14.496+0530] {dag.py:3486} INFO - Setting next_dagrun for example_task_group_decorator to 2023-06-17T09:49:14.496162+00:00, run_after=2023-06-18T09:49:14.496162+00:00
[2023-06-18T15:19:14.520+0530] {processor.py:179} INFO - Processing /home/shubham/.local/lib/python3.10/site-packages/airflow/example_dags/example_task_group_decorator.py took 0.083 seconds
[2023-06-18T15:19:58.385+0530] {processor.py:157} INFO - Started process (PID=6098) to work on /home/shubham/.local/lib/python3.10/site-packages/airflow/example_dags/example_task_group_decorator.py
[2023-06-18T15:19:58.387+0530] {processor.py:826} INFO - Processing file /home/shubham/.local/lib/python3.10/site-packages/airflow/example_dags/example_task_group_decorator.py for tasks to queue
[2023-06-18T15:19:58.388+0530] {logging_mixin.py:149} INFO - [2023-06-18T15:19:58.388+0530] {dagbag.py:541} INFO - Filling up the DagBag from /home/shubham/.local/lib/python3.10/site-packages/airflow/example_dags/example_task_group_decorator.py
[2023-06-18T15:19:58.400+0530] {processor.py:836} INFO - DAG(s) dict_keys(['example_task_group_decorator']) retrieved from /home/shubham/.local/lib/python3.10/site-packages/airflow/example_dags/example_task_group_decorator.py
[2023-06-18T15:19:58.421+0530] {logging_mixin.py:149} INFO - [2023-06-18T15:19:58.421+0530] {dag.py:2726} INFO - Sync 1 DAGs
[2023-06-18T15:19:58.439+0530] {logging_mixin.py:149} INFO - [2023-06-18T15:19:58.439+0530] {dag.py:3486} INFO - Setting next_dagrun for example_task_group_decorator to 2023-06-17T09:49:58.439199+00:00, run_after=2023-06-18T09:49:58.439199+00:00
[2023-06-18T15:19:58.465+0530] {processor.py:179} INFO - Processing /home/shubham/.local/lib/python3.10/site-packages/airflow/example_dags/example_task_group_decorator.py took 0.083 seconds
[2023-06-18T15:20:45.175+0530] {processor.py:157} INFO - Started process (PID=6144) to work on /home/shubham/.local/lib/python3.10/site-packages/airflow/example_dags/example_task_group_decorator.py
[2023-06-18T15:20:45.178+0530] {processor.py:826} INFO - Processing file /home/shubham/.local/lib/python3.10/site-packages/airflow/example_dags/example_task_group_decorator.py for tasks to queue
[2023-06-18T15:20:45.179+0530] {logging_mixin.py:149} INFO - [2023-06-18T15:20:45.179+0530] {dagbag.py:541} INFO - Filling up the DagBag from /home/shubham/.local/lib/python3.10/site-packages/airflow/example_dags/example_task_group_decorator.py
[2023-06-18T15:20:45.200+0530] {processor.py:836} INFO - DAG(s) dict_keys(['example_task_group_decorator']) retrieved from /home/shubham/.local/lib/python3.10/site-packages/airflow/example_dags/example_task_group_decorator.py
[2023-06-18T15:20:45.240+0530] {logging_mixin.py:149} INFO - [2023-06-18T15:20:45.239+0530] {dag.py:2726} INFO - Sync 1 DAGs
[2023-06-18T15:20:45.271+0530] {logging_mixin.py:149} INFO - [2023-06-18T15:20:45.271+0530] {dag.py:3486} INFO - Setting next_dagrun for example_task_group_decorator to 2023-06-17T09:50:45.271301+00:00, run_after=2023-06-18T09:50:45.271301+00:00
[2023-06-18T15:20:45.301+0530] {processor.py:179} INFO - Processing /home/shubham/.local/lib/python3.10/site-packages/airflow/example_dags/example_task_group_decorator.py took 0.132 seconds
[2023-06-18T15:47:20.467+0530] {processor.py:157} INFO - Started process (PID=6355) to work on /home/shubham/.local/lib/python3.10/site-packages/airflow/example_dags/example_task_group_decorator.py
[2023-06-18T15:47:20.469+0530] {processor.py:826} INFO - Processing file /home/shubham/.local/lib/python3.10/site-packages/airflow/example_dags/example_task_group_decorator.py for tasks to queue
[2023-06-18T15:47:20.469+0530] {logging_mixin.py:149} INFO - [2023-06-18T15:47:20.469+0530] {dagbag.py:541} INFO - Filling up the DagBag from /home/shubham/.local/lib/python3.10/site-packages/airflow/example_dags/example_task_group_decorator.py
[2023-06-18T15:47:20.481+0530] {processor.py:836} INFO - DAG(s) dict_keys(['example_task_group_decorator']) retrieved from /home/shubham/.local/lib/python3.10/site-packages/airflow/example_dags/example_task_group_decorator.py
[2023-06-18T15:47:20.501+0530] {logging_mixin.py:149} INFO - [2023-06-18T15:47:20.501+0530] {dag.py:2726} INFO - Sync 1 DAGs
[2023-06-18T15:47:20.514+0530] {logging_mixin.py:149} INFO - [2023-06-18T15:47:20.514+0530] {dag.py:3486} INFO - Setting next_dagrun for example_task_group_decorator to 2023-06-17T10:17:20.514383+00:00, run_after=2023-06-18T10:17:20.514383+00:00
[2023-06-18T15:47:20.536+0530] {processor.py:179} INFO - Processing /home/shubham/.local/lib/python3.10/site-packages/airflow/example_dags/example_task_group_decorator.py took 0.072 seconds
[2023-06-18T15:48:07.125+0530] {processor.py:157} INFO - Started process (PID=6412) to work on /home/shubham/.local/lib/python3.10/site-packages/airflow/example_dags/example_task_group_decorator.py
[2023-06-18T15:48:07.126+0530] {processor.py:826} INFO - Processing file /home/shubham/.local/lib/python3.10/site-packages/airflow/example_dags/example_task_group_decorator.py for tasks to queue
[2023-06-18T15:48:07.127+0530] {logging_mixin.py:149} INFO - [2023-06-18T15:48:07.127+0530] {dagbag.py:541} INFO - Filling up the DagBag from /home/shubham/.local/lib/python3.10/site-packages/airflow/example_dags/example_task_group_decorator.py
[2023-06-18T15:48:07.139+0530] {processor.py:836} INFO - DAG(s) dict_keys(['example_task_group_decorator']) retrieved from /home/shubham/.local/lib/python3.10/site-packages/airflow/example_dags/example_task_group_decorator.py
[2023-06-18T15:48:07.163+0530] {logging_mixin.py:149} INFO - [2023-06-18T15:48:07.163+0530] {dag.py:2726} INFO - Sync 1 DAGs
[2023-06-18T15:48:07.201+0530] {logging_mixin.py:149} INFO - [2023-06-18T15:48:07.201+0530] {dag.py:3486} INFO - Setting next_dagrun for example_task_group_decorator to 2023-06-17T10:18:07.201080+00:00, run_after=2023-06-18T10:18:07.201080+00:00
[2023-06-18T15:48:07.230+0530] {processor.py:179} INFO - Processing /home/shubham/.local/lib/python3.10/site-packages/airflow/example_dags/example_task_group_decorator.py took 0.108 seconds
