[2023-06-18T13:45:07.549+0530] {processor.py:157} INFO - Started process (PID=130) to work on /home/shubham/.local/lib/python3.10/site-packages/airflow/example_dags/example_short_circuit_decorator.py
[2023-06-18T13:45:07.549+0530] {processor.py:826} INFO - Processing file /home/shubham/.local/lib/python3.10/site-packages/airflow/example_dags/example_short_circuit_decorator.py for tasks to queue
[2023-06-18T13:45:07.550+0530] {logging_mixin.py:149} INFO - [2023-06-18T13:45:07.550+0530] {dagbag.py:541} INFO - Filling up the DagBag from /home/shubham/.local/lib/python3.10/site-packages/airflow/example_dags/example_short_circuit_decorator.py
[2023-06-18T13:45:07.560+0530] {processor.py:836} INFO - DAG(s) dict_keys(['example_short_circuit_decorator']) retrieved from /home/shubham/.local/lib/python3.10/site-packages/airflow/example_dags/example_short_circuit_decorator.py
[2023-06-18T13:45:07.568+0530] {logging_mixin.py:149} INFO - [2023-06-18T13:45:07.568+0530] {dag.py:2726} INFO - Sync 1 DAGs
[2023-06-18T13:45:07.583+0530] {logging_mixin.py:149} INFO - [2023-06-18T13:45:07.583+0530] {dag.py:3486} INFO - Setting next_dagrun for example_short_circuit_decorator to 2023-06-17T08:15:07.583243+00:00, run_after=2023-06-18T08:15:07.583243+00:00
[2023-06-18T13:45:07.600+0530] {processor.py:179} INFO - Processing /home/shubham/.local/lib/python3.10/site-packages/airflow/example_dags/example_short_circuit_decorator.py took 0.053 seconds
[2023-06-18T13:45:50.131+0530] {processor.py:157} INFO - Started process (PID=176) to work on /home/shubham/.local/lib/python3.10/site-packages/airflow/example_dags/example_short_circuit_decorator.py
[2023-06-18T13:45:50.133+0530] {processor.py:826} INFO - Processing file /home/shubham/.local/lib/python3.10/site-packages/airflow/example_dags/example_short_circuit_decorator.py for tasks to queue
[2023-06-18T13:45:50.133+0530] {logging_mixin.py:149} INFO - [2023-06-18T13:45:50.133+0530] {dagbag.py:541} INFO - Filling up the DagBag from /home/shubham/.local/lib/python3.10/site-packages/airflow/example_dags/example_short_circuit_decorator.py
[2023-06-18T13:45:50.139+0530] {processor.py:836} INFO - DAG(s) dict_keys(['example_short_circuit_decorator']) retrieved from /home/shubham/.local/lib/python3.10/site-packages/airflow/example_dags/example_short_circuit_decorator.py
[2023-06-18T13:45:50.152+0530] {logging_mixin.py:149} INFO - [2023-06-18T13:45:50.151+0530] {dag.py:2726} INFO - Sync 1 DAGs
[2023-06-18T13:45:50.162+0530] {logging_mixin.py:149} INFO - [2023-06-18T13:45:50.162+0530] {dag.py:3486} INFO - Setting next_dagrun for example_short_circuit_decorator to 2023-06-17T08:15:50.162698+00:00, run_after=2023-06-18T08:15:50.162698+00:00
[2023-06-18T13:45:50.178+0530] {processor.py:179} INFO - Processing /home/shubham/.local/lib/python3.10/site-packages/airflow/example_dags/example_short_circuit_decorator.py took 0.048 seconds
[2023-06-18T13:46:35.666+0530] {processor.py:157} INFO - Started process (PID=222) to work on /home/shubham/.local/lib/python3.10/site-packages/airflow/example_dags/example_short_circuit_decorator.py
[2023-06-18T13:46:35.667+0530] {processor.py:826} INFO - Processing file /home/shubham/.local/lib/python3.10/site-packages/airflow/example_dags/example_short_circuit_decorator.py for tasks to queue
[2023-06-18T13:46:35.667+0530] {logging_mixin.py:149} INFO - [2023-06-18T13:46:35.667+0530] {dagbag.py:541} INFO - Filling up the DagBag from /home/shubham/.local/lib/python3.10/site-packages/airflow/example_dags/example_short_circuit_decorator.py
[2023-06-18T13:46:35.674+0530] {processor.py:836} INFO - DAG(s) dict_keys(['example_short_circuit_decorator']) retrieved from /home/shubham/.local/lib/python3.10/site-packages/airflow/example_dags/example_short_circuit_decorator.py
[2023-06-18T13:46:35.688+0530] {logging_mixin.py:149} INFO - [2023-06-18T13:46:35.688+0530] {dag.py:2726} INFO - Sync 1 DAGs
[2023-06-18T13:46:35.701+0530] {logging_mixin.py:149} INFO - [2023-06-18T13:46:35.701+0530] {dag.py:3486} INFO - Setting next_dagrun for example_short_circuit_decorator to 2023-06-17T08:16:35.701244+00:00, run_after=2023-06-18T08:16:35.701244+00:00
[2023-06-18T13:46:35.718+0530] {processor.py:179} INFO - Processing /home/shubham/.local/lib/python3.10/site-packages/airflow/example_dags/example_short_circuit_decorator.py took 0.055 seconds
[2023-06-18T13:47:22.715+0530] {processor.py:157} INFO - Started process (PID=270) to work on /home/shubham/.local/lib/python3.10/site-packages/airflow/example_dags/example_short_circuit_decorator.py
[2023-06-18T13:47:22.717+0530] {processor.py:826} INFO - Processing file /home/shubham/.local/lib/python3.10/site-packages/airflow/example_dags/example_short_circuit_decorator.py for tasks to queue
[2023-06-18T13:47:22.718+0530] {logging_mixin.py:149} INFO - [2023-06-18T13:47:22.718+0530] {dagbag.py:541} INFO - Filling up the DagBag from /home/shubham/.local/lib/python3.10/site-packages/airflow/example_dags/example_short_circuit_decorator.py
[2023-06-18T13:47:22.724+0530] {processor.py:836} INFO - DAG(s) dict_keys(['example_short_circuit_decorator']) retrieved from /home/shubham/.local/lib/python3.10/site-packages/airflow/example_dags/example_short_circuit_decorator.py
[2023-06-18T13:47:22.737+0530] {logging_mixin.py:149} INFO - [2023-06-18T13:47:22.737+0530] {dag.py:2726} INFO - Sync 1 DAGs
[2023-06-18T13:47:22.750+0530] {logging_mixin.py:149} INFO - [2023-06-18T13:47:22.750+0530] {dag.py:3486} INFO - Setting next_dagrun for example_short_circuit_decorator to 2023-06-17T08:17:22.749929+00:00, run_after=2023-06-18T08:17:22.749929+00:00
[2023-06-18T13:47:22.767+0530] {processor.py:179} INFO - Processing /home/shubham/.local/lib/python3.10/site-packages/airflow/example_dags/example_short_circuit_decorator.py took 0.053 seconds
[2023-06-18T13:52:11.934+0530] {processor.py:157} INFO - Started process (PID=459) to work on /home/shubham/.local/lib/python3.10/site-packages/airflow/example_dags/example_short_circuit_decorator.py
[2023-06-18T13:52:11.935+0530] {processor.py:826} INFO - Processing file /home/shubham/.local/lib/python3.10/site-packages/airflow/example_dags/example_short_circuit_decorator.py for tasks to queue
[2023-06-18T13:52:11.936+0530] {logging_mixin.py:149} INFO - [2023-06-18T13:52:11.935+0530] {dagbag.py:541} INFO - Filling up the DagBag from /home/shubham/.local/lib/python3.10/site-packages/airflow/example_dags/example_short_circuit_decorator.py
[2023-06-18T13:52:11.945+0530] {processor.py:836} INFO - DAG(s) dict_keys(['example_short_circuit_decorator']) retrieved from /home/shubham/.local/lib/python3.10/site-packages/airflow/example_dags/example_short_circuit_decorator.py
[2023-06-18T13:52:11.951+0530] {logging_mixin.py:149} INFO - [2023-06-18T13:52:11.951+0530] {dag.py:2726} INFO - Sync 1 DAGs
[2023-06-18T13:52:11.965+0530] {logging_mixin.py:149} INFO - [2023-06-18T13:52:11.965+0530] {dag.py:3486} INFO - Setting next_dagrun for example_short_circuit_decorator to 2023-06-17T08:22:11.965374+00:00, run_after=2023-06-18T08:22:11.965374+00:00
[2023-06-18T13:52:11.981+0530] {processor.py:179} INFO - Processing /home/shubham/.local/lib/python3.10/site-packages/airflow/example_dags/example_short_circuit_decorator.py took 0.050 seconds
[2023-06-18T13:52:55.829+0530] {processor.py:157} INFO - Started process (PID=505) to work on /home/shubham/.local/lib/python3.10/site-packages/airflow/example_dags/example_short_circuit_decorator.py
[2023-06-18T13:52:55.830+0530] {processor.py:826} INFO - Processing file /home/shubham/.local/lib/python3.10/site-packages/airflow/example_dags/example_short_circuit_decorator.py for tasks to queue
[2023-06-18T13:52:55.831+0530] {logging_mixin.py:149} INFO - [2023-06-18T13:52:55.831+0530] {dagbag.py:541} INFO - Filling up the DagBag from /home/shubham/.local/lib/python3.10/site-packages/airflow/example_dags/example_short_circuit_decorator.py
[2023-06-18T13:52:55.837+0530] {processor.py:836} INFO - DAG(s) dict_keys(['example_short_circuit_decorator']) retrieved from /home/shubham/.local/lib/python3.10/site-packages/airflow/example_dags/example_short_circuit_decorator.py
[2023-06-18T13:52:55.849+0530] {logging_mixin.py:149} INFO - [2023-06-18T13:52:55.849+0530] {dag.py:2726} INFO - Sync 1 DAGs
[2023-06-18T13:52:55.860+0530] {logging_mixin.py:149} INFO - [2023-06-18T13:52:55.860+0530] {dag.py:3486} INFO - Setting next_dagrun for example_short_circuit_decorator to 2023-06-17T08:22:55.860530+00:00, run_after=2023-06-18T08:22:55.860530+00:00
[2023-06-18T13:52:55.875+0530] {processor.py:179} INFO - Processing /home/shubham/.local/lib/python3.10/site-packages/airflow/example_dags/example_short_circuit_decorator.py took 0.048 seconds
[2023-06-18T14:39:44.628+0530] {processor.py:157} INFO - Started process (PID=3210) to work on /home/shubham/.local/lib/python3.10/site-packages/airflow/example_dags/example_short_circuit_decorator.py
[2023-06-18T14:39:44.630+0530] {processor.py:826} INFO - Processing file /home/shubham/.local/lib/python3.10/site-packages/airflow/example_dags/example_short_circuit_decorator.py for tasks to queue
[2023-06-18T14:39:44.631+0530] {logging_mixin.py:149} INFO - [2023-06-18T14:39:44.631+0530] {dagbag.py:541} INFO - Filling up the DagBag from /home/shubham/.local/lib/python3.10/site-packages/airflow/example_dags/example_short_circuit_decorator.py
[2023-06-18T14:39:44.652+0530] {processor.py:836} INFO - DAG(s) dict_keys(['example_short_circuit_decorator']) retrieved from /home/shubham/.local/lib/python3.10/site-packages/airflow/example_dags/example_short_circuit_decorator.py
[2023-06-18T14:39:44.678+0530] {logging_mixin.py:149} INFO - [2023-06-18T14:39:44.677+0530] {dag.py:2726} INFO - Sync 1 DAGs
[2023-06-18T14:39:44.712+0530] {logging_mixin.py:149} INFO - [2023-06-18T14:39:44.712+0530] {dag.py:3486} INFO - Setting next_dagrun for example_short_circuit_decorator to 2023-06-17T09:09:44.711949+00:00, run_after=2023-06-18T09:09:44.711949+00:00
[2023-06-18T14:39:44.744+0530] {processor.py:179} INFO - Processing /home/shubham/.local/lib/python3.10/site-packages/airflow/example_dags/example_short_circuit_decorator.py took 0.123 seconds
[2023-06-18T14:40:31.077+0530] {processor.py:157} INFO - Started process (PID=3274) to work on /home/shubham/.local/lib/python3.10/site-packages/airflow/example_dags/example_short_circuit_decorator.py
[2023-06-18T14:40:31.078+0530] {processor.py:826} INFO - Processing file /home/shubham/.local/lib/python3.10/site-packages/airflow/example_dags/example_short_circuit_decorator.py for tasks to queue
[2023-06-18T14:40:31.078+0530] {logging_mixin.py:149} INFO - [2023-06-18T14:40:31.078+0530] {dagbag.py:541} INFO - Filling up the DagBag from /home/shubham/.local/lib/python3.10/site-packages/airflow/example_dags/example_short_circuit_decorator.py
[2023-06-18T14:40:31.085+0530] {processor.py:836} INFO - DAG(s) dict_keys(['example_short_circuit_decorator']) retrieved from /home/shubham/.local/lib/python3.10/site-packages/airflow/example_dags/example_short_circuit_decorator.py
[2023-06-18T14:40:31.100+0530] {logging_mixin.py:149} INFO - [2023-06-18T14:40:31.099+0530] {dag.py:2726} INFO - Sync 1 DAGs
[2023-06-18T14:40:31.112+0530] {logging_mixin.py:149} INFO - [2023-06-18T14:40:31.112+0530] {dag.py:3486} INFO - Setting next_dagrun for example_short_circuit_decorator to 2023-06-17T09:10:31.112569+00:00, run_after=2023-06-18T09:10:31.112569+00:00
[2023-06-18T14:40:31.132+0530] {processor.py:179} INFO - Processing /home/shubham/.local/lib/python3.10/site-packages/airflow/example_dags/example_short_circuit_decorator.py took 0.057 seconds
[2023-06-18T14:41:16.310+0530] {processor.py:157} INFO - Started process (PID=3586) to work on /home/shubham/.local/lib/python3.10/site-packages/airflow/example_dags/example_short_circuit_decorator.py
[2023-06-18T14:41:16.311+0530] {processor.py:826} INFO - Processing file /home/shubham/.local/lib/python3.10/site-packages/airflow/example_dags/example_short_circuit_decorator.py for tasks to queue
[2023-06-18T14:41:16.311+0530] {logging_mixin.py:149} INFO - [2023-06-18T14:41:16.311+0530] {dagbag.py:541} INFO - Filling up the DagBag from /home/shubham/.local/lib/python3.10/site-packages/airflow/example_dags/example_short_circuit_decorator.py
[2023-06-18T14:41:16.318+0530] {processor.py:836} INFO - DAG(s) dict_keys(['example_short_circuit_decorator']) retrieved from /home/shubham/.local/lib/python3.10/site-packages/airflow/example_dags/example_short_circuit_decorator.py
[2023-06-18T14:41:16.335+0530] {logging_mixin.py:149} INFO - [2023-06-18T14:41:16.334+0530] {dag.py:2726} INFO - Sync 1 DAGs
[2023-06-18T14:41:16.349+0530] {logging_mixin.py:149} INFO - [2023-06-18T14:41:16.349+0530] {dag.py:3486} INFO - Setting next_dagrun for example_short_circuit_decorator to 2023-06-17T09:11:16.349189+00:00, run_after=2023-06-18T09:11:16.349189+00:00
[2023-06-18T14:41:16.369+0530] {processor.py:179} INFO - Processing /home/shubham/.local/lib/python3.10/site-packages/airflow/example_dags/example_short_circuit_decorator.py took 0.061 seconds
[2023-06-18T14:41:58.867+0530] {processor.py:157} INFO - Started process (PID=3648) to work on /home/shubham/.local/lib/python3.10/site-packages/airflow/example_dags/example_short_circuit_decorator.py
[2023-06-18T14:41:58.868+0530] {processor.py:826} INFO - Processing file /home/shubham/.local/lib/python3.10/site-packages/airflow/example_dags/example_short_circuit_decorator.py for tasks to queue
[2023-06-18T14:41:58.869+0530] {logging_mixin.py:149} INFO - [2023-06-18T14:41:58.869+0530] {dagbag.py:541} INFO - Filling up the DagBag from /home/shubham/.local/lib/python3.10/site-packages/airflow/example_dags/example_short_circuit_decorator.py
[2023-06-18T14:41:58.875+0530] {processor.py:836} INFO - DAG(s) dict_keys(['example_short_circuit_decorator']) retrieved from /home/shubham/.local/lib/python3.10/site-packages/airflow/example_dags/example_short_circuit_decorator.py
[2023-06-18T14:41:58.889+0530] {logging_mixin.py:149} INFO - [2023-06-18T14:41:58.889+0530] {dag.py:2726} INFO - Sync 1 DAGs
[2023-06-18T14:41:58.902+0530] {logging_mixin.py:149} INFO - [2023-06-18T14:41:58.902+0530] {dag.py:3486} INFO - Setting next_dagrun for example_short_circuit_decorator to 2023-06-17T09:11:58.901934+00:00, run_after=2023-06-18T09:11:58.901934+00:00
[2023-06-18T14:41:58.918+0530] {processor.py:179} INFO - Processing /home/shubham/.local/lib/python3.10/site-packages/airflow/example_dags/example_short_circuit_decorator.py took 0.053 seconds
[2023-06-18T14:42:45.047+0530] {processor.py:157} INFO - Started process (PID=3772) to work on /home/shubham/.local/lib/python3.10/site-packages/airflow/example_dags/example_short_circuit_decorator.py
[2023-06-18T14:42:45.048+0530] {processor.py:826} INFO - Processing file /home/shubham/.local/lib/python3.10/site-packages/airflow/example_dags/example_short_circuit_decorator.py for tasks to queue
[2023-06-18T14:42:45.048+0530] {logging_mixin.py:149} INFO - [2023-06-18T14:42:45.048+0530] {dagbag.py:541} INFO - Filling up the DagBag from /home/shubham/.local/lib/python3.10/site-packages/airflow/example_dags/example_short_circuit_decorator.py
[2023-06-18T14:42:45.055+0530] {processor.py:836} INFO - DAG(s) dict_keys(['example_short_circuit_decorator']) retrieved from /home/shubham/.local/lib/python3.10/site-packages/airflow/example_dags/example_short_circuit_decorator.py
[2023-06-18T14:42:45.069+0530] {logging_mixin.py:149} INFO - [2023-06-18T14:42:45.068+0530] {dag.py:2726} INFO - Sync 1 DAGs
[2023-06-18T14:42:45.091+0530] {logging_mixin.py:149} INFO - [2023-06-18T14:42:45.091+0530] {dag.py:3486} INFO - Setting next_dagrun for example_short_circuit_decorator to 2023-06-17T09:12:45.090825+00:00, run_after=2023-06-18T09:12:45.090825+00:00
[2023-06-18T14:42:45.107+0530] {processor.py:179} INFO - Processing /home/shubham/.local/lib/python3.10/site-packages/airflow/example_dags/example_short_circuit_decorator.py took 0.062 seconds
[2023-06-18T14:43:33.662+0530] {processor.py:157} INFO - Started process (PID=3821) to work on /home/shubham/.local/lib/python3.10/site-packages/airflow/example_dags/example_short_circuit_decorator.py
[2023-06-18T14:43:33.663+0530] {processor.py:826} INFO - Processing file /home/shubham/.local/lib/python3.10/site-packages/airflow/example_dags/example_short_circuit_decorator.py for tasks to queue
[2023-06-18T14:43:33.664+0530] {logging_mixin.py:149} INFO - [2023-06-18T14:43:33.663+0530] {dagbag.py:541} INFO - Filling up the DagBag from /home/shubham/.local/lib/python3.10/site-packages/airflow/example_dags/example_short_circuit_decorator.py
[2023-06-18T14:43:33.670+0530] {processor.py:836} INFO - DAG(s) dict_keys(['example_short_circuit_decorator']) retrieved from /home/shubham/.local/lib/python3.10/site-packages/airflow/example_dags/example_short_circuit_decorator.py
[2023-06-18T14:43:33.684+0530] {logging_mixin.py:149} INFO - [2023-06-18T14:43:33.684+0530] {dag.py:2726} INFO - Sync 1 DAGs
[2023-06-18T14:43:33.702+0530] {logging_mixin.py:149} INFO - [2023-06-18T14:43:33.701+0530] {dag.py:3486} INFO - Setting next_dagrun for example_short_circuit_decorator to 2023-06-17T09:13:33.701652+00:00, run_after=2023-06-18T09:13:33.701652+00:00
[2023-06-18T14:43:33.719+0530] {processor.py:179} INFO - Processing /home/shubham/.local/lib/python3.10/site-packages/airflow/example_dags/example_short_circuit_decorator.py took 0.059 seconds
[2023-06-18T14:44:21.977+0530] {processor.py:157} INFO - Started process (PID=3870) to work on /home/shubham/.local/lib/python3.10/site-packages/airflow/example_dags/example_short_circuit_decorator.py
[2023-06-18T14:44:21.979+0530] {processor.py:826} INFO - Processing file /home/shubham/.local/lib/python3.10/site-packages/airflow/example_dags/example_short_circuit_decorator.py for tasks to queue
[2023-06-18T14:44:21.979+0530] {logging_mixin.py:149} INFO - [2023-06-18T14:44:21.979+0530] {dagbag.py:541} INFO - Filling up the DagBag from /home/shubham/.local/lib/python3.10/site-packages/airflow/example_dags/example_short_circuit_decorator.py
[2023-06-18T14:44:21.986+0530] {processor.py:836} INFO - DAG(s) dict_keys(['example_short_circuit_decorator']) retrieved from /home/shubham/.local/lib/python3.10/site-packages/airflow/example_dags/example_short_circuit_decorator.py
[2023-06-18T14:44:21.999+0530] {logging_mixin.py:149} INFO - [2023-06-18T14:44:21.999+0530] {dag.py:2726} INFO - Sync 1 DAGs
[2023-06-18T14:44:22.012+0530] {logging_mixin.py:149} INFO - [2023-06-18T14:44:22.011+0530] {dag.py:3486} INFO - Setting next_dagrun for example_short_circuit_decorator to 2023-06-17T09:14:22.011730+00:00, run_after=2023-06-18T09:14:22.011730+00:00
[2023-06-18T14:44:22.028+0530] {processor.py:179} INFO - Processing /home/shubham/.local/lib/python3.10/site-packages/airflow/example_dags/example_short_circuit_decorator.py took 0.053 seconds
[2023-06-18T14:45:04.206+0530] {processor.py:157} INFO - Started process (PID=3914) to work on /home/shubham/.local/lib/python3.10/site-packages/airflow/example_dags/example_short_circuit_decorator.py
[2023-06-18T14:45:04.207+0530] {processor.py:826} INFO - Processing file /home/shubham/.local/lib/python3.10/site-packages/airflow/example_dags/example_short_circuit_decorator.py for tasks to queue
[2023-06-18T14:45:04.207+0530] {logging_mixin.py:149} INFO - [2023-06-18T14:45:04.207+0530] {dagbag.py:541} INFO - Filling up the DagBag from /home/shubham/.local/lib/python3.10/site-packages/airflow/example_dags/example_short_circuit_decorator.py
[2023-06-18T14:45:04.214+0530] {processor.py:836} INFO - DAG(s) dict_keys(['example_short_circuit_decorator']) retrieved from /home/shubham/.local/lib/python3.10/site-packages/airflow/example_dags/example_short_circuit_decorator.py
[2023-06-18T14:45:04.227+0530] {logging_mixin.py:149} INFO - [2023-06-18T14:45:04.227+0530] {dag.py:2726} INFO - Sync 1 DAGs
[2023-06-18T14:45:04.240+0530] {logging_mixin.py:149} INFO - [2023-06-18T14:45:04.240+0530] {dag.py:3486} INFO - Setting next_dagrun for example_short_circuit_decorator to 2023-06-17T09:15:04.240489+00:00, run_after=2023-06-18T09:15:04.240489+00:00
[2023-06-18T14:45:04.257+0530] {processor.py:179} INFO - Processing /home/shubham/.local/lib/python3.10/site-packages/airflow/example_dags/example_short_circuit_decorator.py took 0.054 seconds
[2023-06-18T14:45:48.697+0530] {processor.py:157} INFO - Started process (PID=3960) to work on /home/shubham/.local/lib/python3.10/site-packages/airflow/example_dags/example_short_circuit_decorator.py
[2023-06-18T14:45:48.698+0530] {processor.py:826} INFO - Processing file /home/shubham/.local/lib/python3.10/site-packages/airflow/example_dags/example_short_circuit_decorator.py for tasks to queue
[2023-06-18T14:45:48.698+0530] {logging_mixin.py:149} INFO - [2023-06-18T14:45:48.698+0530] {dagbag.py:541} INFO - Filling up the DagBag from /home/shubham/.local/lib/python3.10/site-packages/airflow/example_dags/example_short_circuit_decorator.py
[2023-06-18T14:45:48.705+0530] {processor.py:836} INFO - DAG(s) dict_keys(['example_short_circuit_decorator']) retrieved from /home/shubham/.local/lib/python3.10/site-packages/airflow/example_dags/example_short_circuit_decorator.py
[2023-06-18T14:45:48.719+0530] {logging_mixin.py:149} INFO - [2023-06-18T14:45:48.719+0530] {dag.py:2726} INFO - Sync 1 DAGs
[2023-06-18T14:45:48.731+0530] {logging_mixin.py:149} INFO - [2023-06-18T14:45:48.731+0530] {dag.py:3486} INFO - Setting next_dagrun for example_short_circuit_decorator to 2023-06-17T09:15:48.731130+00:00, run_after=2023-06-18T09:15:48.731130+00:00
[2023-06-18T14:45:48.748+0530] {processor.py:179} INFO - Processing /home/shubham/.local/lib/python3.10/site-packages/airflow/example_dags/example_short_circuit_decorator.py took 0.053 seconds
[2023-06-18T14:46:34.858+0530] {processor.py:157} INFO - Started process (PID=4007) to work on /home/shubham/.local/lib/python3.10/site-packages/airflow/example_dags/example_short_circuit_decorator.py
[2023-06-18T14:46:34.860+0530] {processor.py:826} INFO - Processing file /home/shubham/.local/lib/python3.10/site-packages/airflow/example_dags/example_short_circuit_decorator.py for tasks to queue
[2023-06-18T14:46:34.860+0530] {logging_mixin.py:149} INFO - [2023-06-18T14:46:34.860+0530] {dagbag.py:541} INFO - Filling up the DagBag from /home/shubham/.local/lib/python3.10/site-packages/airflow/example_dags/example_short_circuit_decorator.py
[2023-06-18T14:46:34.867+0530] {processor.py:836} INFO - DAG(s) dict_keys(['example_short_circuit_decorator']) retrieved from /home/shubham/.local/lib/python3.10/site-packages/airflow/example_dags/example_short_circuit_decorator.py
[2023-06-18T14:46:34.880+0530] {logging_mixin.py:149} INFO - [2023-06-18T14:46:34.880+0530] {dag.py:2726} INFO - Sync 1 DAGs
[2023-06-18T14:46:34.893+0530] {logging_mixin.py:149} INFO - [2023-06-18T14:46:34.892+0530] {dag.py:3486} INFO - Setting next_dagrun for example_short_circuit_decorator to 2023-06-17T09:16:34.892754+00:00, run_after=2023-06-18T09:16:34.892754+00:00
[2023-06-18T14:46:34.908+0530] {processor.py:179} INFO - Processing /home/shubham/.local/lib/python3.10/site-packages/airflow/example_dags/example_short_circuit_decorator.py took 0.052 seconds
[2023-06-18T14:47:20.813+0530] {processor.py:157} INFO - Started process (PID=4055) to work on /home/shubham/.local/lib/python3.10/site-packages/airflow/example_dags/example_short_circuit_decorator.py
[2023-06-18T14:47:20.815+0530] {processor.py:826} INFO - Processing file /home/shubham/.local/lib/python3.10/site-packages/airflow/example_dags/example_short_circuit_decorator.py for tasks to queue
[2023-06-18T14:47:20.815+0530] {logging_mixin.py:149} INFO - [2023-06-18T14:47:20.815+0530] {dagbag.py:541} INFO - Filling up the DagBag from /home/shubham/.local/lib/python3.10/site-packages/airflow/example_dags/example_short_circuit_decorator.py
[2023-06-18T14:47:20.821+0530] {processor.py:836} INFO - DAG(s) dict_keys(['example_short_circuit_decorator']) retrieved from /home/shubham/.local/lib/python3.10/site-packages/airflow/example_dags/example_short_circuit_decorator.py
[2023-06-18T14:47:20.835+0530] {logging_mixin.py:149} INFO - [2023-06-18T14:47:20.835+0530] {dag.py:2726} INFO - Sync 1 DAGs
[2023-06-18T14:47:20.847+0530] {logging_mixin.py:149} INFO - [2023-06-18T14:47:20.847+0530] {dag.py:3486} INFO - Setting next_dagrun for example_short_circuit_decorator to 2023-06-17T09:17:20.847691+00:00, run_after=2023-06-18T09:17:20.847691+00:00
[2023-06-18T14:47:20.864+0530] {processor.py:179} INFO - Processing /home/shubham/.local/lib/python3.10/site-packages/airflow/example_dags/example_short_circuit_decorator.py took 0.053 seconds
[2023-06-18T14:48:04.000+0530] {processor.py:157} INFO - Started process (PID=4100) to work on /home/shubham/.local/lib/python3.10/site-packages/airflow/example_dags/example_short_circuit_decorator.py
[2023-06-18T14:48:04.000+0530] {processor.py:826} INFO - Processing file /home/shubham/.local/lib/python3.10/site-packages/airflow/example_dags/example_short_circuit_decorator.py for tasks to queue
[2023-06-18T14:48:04.001+0530] {logging_mixin.py:149} INFO - [2023-06-18T14:48:04.001+0530] {dagbag.py:541} INFO - Filling up the DagBag from /home/shubham/.local/lib/python3.10/site-packages/airflow/example_dags/example_short_circuit_decorator.py
[2023-06-18T14:48:04.007+0530] {processor.py:836} INFO - DAG(s) dict_keys(['example_short_circuit_decorator']) retrieved from /home/shubham/.local/lib/python3.10/site-packages/airflow/example_dags/example_short_circuit_decorator.py
[2023-06-18T14:48:04.020+0530] {logging_mixin.py:149} INFO - [2023-06-18T14:48:04.020+0530] {dag.py:2726} INFO - Sync 1 DAGs
[2023-06-18T14:48:04.033+0530] {logging_mixin.py:149} INFO - [2023-06-18T14:48:04.033+0530] {dag.py:3486} INFO - Setting next_dagrun for example_short_circuit_decorator to 2023-06-17T09:18:04.033241+00:00, run_after=2023-06-18T09:18:04.033241+00:00
[2023-06-18T14:48:04.049+0530] {processor.py:179} INFO - Processing /home/shubham/.local/lib/python3.10/site-packages/airflow/example_dags/example_short_circuit_decorator.py took 0.052 seconds
[2023-06-18T14:48:49.091+0530] {processor.py:157} INFO - Started process (PID=4148) to work on /home/shubham/.local/lib/python3.10/site-packages/airflow/example_dags/example_short_circuit_decorator.py
[2023-06-18T14:48:49.092+0530] {processor.py:826} INFO - Processing file /home/shubham/.local/lib/python3.10/site-packages/airflow/example_dags/example_short_circuit_decorator.py for tasks to queue
[2023-06-18T14:48:49.093+0530] {logging_mixin.py:149} INFO - [2023-06-18T14:48:49.093+0530] {dagbag.py:541} INFO - Filling up the DagBag from /home/shubham/.local/lib/python3.10/site-packages/airflow/example_dags/example_short_circuit_decorator.py
[2023-06-18T14:48:49.099+0530] {processor.py:836} INFO - DAG(s) dict_keys(['example_short_circuit_decorator']) retrieved from /home/shubham/.local/lib/python3.10/site-packages/airflow/example_dags/example_short_circuit_decorator.py
[2023-06-18T14:48:49.112+0530] {logging_mixin.py:149} INFO - [2023-06-18T14:48:49.112+0530] {dag.py:2726} INFO - Sync 1 DAGs
[2023-06-18T14:48:49.124+0530] {logging_mixin.py:149} INFO - [2023-06-18T14:48:49.124+0530] {dag.py:3486} INFO - Setting next_dagrun for example_short_circuit_decorator to 2023-06-17T09:18:49.124371+00:00, run_after=2023-06-18T09:18:49.124371+00:00
[2023-06-18T14:48:49.140+0530] {processor.py:179} INFO - Processing /home/shubham/.local/lib/python3.10/site-packages/airflow/example_dags/example_short_circuit_decorator.py took 0.052 seconds
[2023-06-18T14:49:32.449+0530] {processor.py:157} INFO - Started process (PID=4193) to work on /home/shubham/.local/lib/python3.10/site-packages/airflow/example_dags/example_short_circuit_decorator.py
[2023-06-18T14:49:32.450+0530] {processor.py:826} INFO - Processing file /home/shubham/.local/lib/python3.10/site-packages/airflow/example_dags/example_short_circuit_decorator.py for tasks to queue
[2023-06-18T14:49:32.451+0530] {logging_mixin.py:149} INFO - [2023-06-18T14:49:32.451+0530] {dagbag.py:541} INFO - Filling up the DagBag from /home/shubham/.local/lib/python3.10/site-packages/airflow/example_dags/example_short_circuit_decorator.py
[2023-06-18T14:49:32.457+0530] {processor.py:836} INFO - DAG(s) dict_keys(['example_short_circuit_decorator']) retrieved from /home/shubham/.local/lib/python3.10/site-packages/airflow/example_dags/example_short_circuit_decorator.py
[2023-06-18T14:49:32.471+0530] {logging_mixin.py:149} INFO - [2023-06-18T14:49:32.470+0530] {dag.py:2726} INFO - Sync 1 DAGs
[2023-06-18T14:49:32.483+0530] {logging_mixin.py:149} INFO - [2023-06-18T14:49:32.483+0530] {dag.py:3486} INFO - Setting next_dagrun for example_short_circuit_decorator to 2023-06-17T09:19:32.483338+00:00, run_after=2023-06-18T09:19:32.483338+00:00
[2023-06-18T14:49:32.500+0530] {processor.py:179} INFO - Processing /home/shubham/.local/lib/python3.10/site-packages/airflow/example_dags/example_short_circuit_decorator.py took 0.054 seconds
[2023-06-18T14:50:15.842+0530] {processor.py:157} INFO - Started process (PID=4239) to work on /home/shubham/.local/lib/python3.10/site-packages/airflow/example_dags/example_short_circuit_decorator.py
[2023-06-18T14:50:15.844+0530] {processor.py:826} INFO - Processing file /home/shubham/.local/lib/python3.10/site-packages/airflow/example_dags/example_short_circuit_decorator.py for tasks to queue
[2023-06-18T14:50:15.844+0530] {logging_mixin.py:149} INFO - [2023-06-18T14:50:15.844+0530] {dagbag.py:541} INFO - Filling up the DagBag from /home/shubham/.local/lib/python3.10/site-packages/airflow/example_dags/example_short_circuit_decorator.py
[2023-06-18T14:50:15.850+0530] {processor.py:836} INFO - DAG(s) dict_keys(['example_short_circuit_decorator']) retrieved from /home/shubham/.local/lib/python3.10/site-packages/airflow/example_dags/example_short_circuit_decorator.py
[2023-06-18T14:50:15.864+0530] {logging_mixin.py:149} INFO - [2023-06-18T14:50:15.864+0530] {dag.py:2726} INFO - Sync 1 DAGs
[2023-06-18T14:50:15.876+0530] {logging_mixin.py:149} INFO - [2023-06-18T14:50:15.876+0530] {dag.py:3486} INFO - Setting next_dagrun for example_short_circuit_decorator to 2023-06-17T09:20:15.875835+00:00, run_after=2023-06-18T09:20:15.875835+00:00
[2023-06-18T14:50:15.895+0530] {processor.py:179} INFO - Processing /home/shubham/.local/lib/python3.10/site-packages/airflow/example_dags/example_short_circuit_decorator.py took 0.055 seconds
[2023-06-18T14:50:56.409+0530] {processor.py:157} INFO - Started process (PID=4282) to work on /home/shubham/.local/lib/python3.10/site-packages/airflow/example_dags/example_short_circuit_decorator.py
[2023-06-18T14:50:56.410+0530] {processor.py:826} INFO - Processing file /home/shubham/.local/lib/python3.10/site-packages/airflow/example_dags/example_short_circuit_decorator.py for tasks to queue
[2023-06-18T14:50:56.411+0530] {logging_mixin.py:149} INFO - [2023-06-18T14:50:56.411+0530] {dagbag.py:541} INFO - Filling up the DagBag from /home/shubham/.local/lib/python3.10/site-packages/airflow/example_dags/example_short_circuit_decorator.py
[2023-06-18T14:50:56.417+0530] {processor.py:836} INFO - DAG(s) dict_keys(['example_short_circuit_decorator']) retrieved from /home/shubham/.local/lib/python3.10/site-packages/airflow/example_dags/example_short_circuit_decorator.py
[2023-06-18T14:50:56.431+0530] {logging_mixin.py:149} INFO - [2023-06-18T14:50:56.431+0530] {dag.py:2726} INFO - Sync 1 DAGs
[2023-06-18T14:50:56.443+0530] {logging_mixin.py:149} INFO - [2023-06-18T14:50:56.443+0530] {dag.py:3486} INFO - Setting next_dagrun for example_short_circuit_decorator to 2023-06-17T09:20:56.443616+00:00, run_after=2023-06-18T09:20:56.443616+00:00
[2023-06-18T14:50:56.460+0530] {processor.py:179} INFO - Processing /home/shubham/.local/lib/python3.10/site-packages/airflow/example_dags/example_short_circuit_decorator.py took 0.053 seconds
[2023-06-18T14:51:37.453+0530] {processor.py:157} INFO - Started process (PID=4325) to work on /home/shubham/.local/lib/python3.10/site-packages/airflow/example_dags/example_short_circuit_decorator.py
[2023-06-18T14:51:37.454+0530] {processor.py:826} INFO - Processing file /home/shubham/.local/lib/python3.10/site-packages/airflow/example_dags/example_short_circuit_decorator.py for tasks to queue
[2023-06-18T14:51:37.455+0530] {logging_mixin.py:149} INFO - [2023-06-18T14:51:37.455+0530] {dagbag.py:541} INFO - Filling up the DagBag from /home/shubham/.local/lib/python3.10/site-packages/airflow/example_dags/example_short_circuit_decorator.py
[2023-06-18T14:51:37.461+0530] {processor.py:836} INFO - DAG(s) dict_keys(['example_short_circuit_decorator']) retrieved from /home/shubham/.local/lib/python3.10/site-packages/airflow/example_dags/example_short_circuit_decorator.py
[2023-06-18T14:51:37.475+0530] {logging_mixin.py:149} INFO - [2023-06-18T14:51:37.475+0530] {dag.py:2726} INFO - Sync 1 DAGs
[2023-06-18T14:51:37.488+0530] {logging_mixin.py:149} INFO - [2023-06-18T14:51:37.488+0530] {dag.py:3486} INFO - Setting next_dagrun for example_short_circuit_decorator to 2023-06-17T09:21:37.487918+00:00, run_after=2023-06-18T09:21:37.487918+00:00
[2023-06-18T14:51:37.505+0530] {processor.py:179} INFO - Processing /home/shubham/.local/lib/python3.10/site-packages/airflow/example_dags/example_short_circuit_decorator.py took 0.055 seconds
[2023-06-18T14:52:20.663+0530] {processor.py:157} INFO - Started process (PID=4371) to work on /home/shubham/.local/lib/python3.10/site-packages/airflow/example_dags/example_short_circuit_decorator.py
[2023-06-18T14:52:20.665+0530] {processor.py:826} INFO - Processing file /home/shubham/.local/lib/python3.10/site-packages/airflow/example_dags/example_short_circuit_decorator.py for tasks to queue
[2023-06-18T14:52:20.665+0530] {logging_mixin.py:149} INFO - [2023-06-18T14:52:20.665+0530] {dagbag.py:541} INFO - Filling up the DagBag from /home/shubham/.local/lib/python3.10/site-packages/airflow/example_dags/example_short_circuit_decorator.py
[2023-06-18T14:52:20.671+0530] {processor.py:836} INFO - DAG(s) dict_keys(['example_short_circuit_decorator']) retrieved from /home/shubham/.local/lib/python3.10/site-packages/airflow/example_dags/example_short_circuit_decorator.py
[2023-06-18T14:52:20.686+0530] {logging_mixin.py:149} INFO - [2023-06-18T14:52:20.686+0530] {dag.py:2726} INFO - Sync 1 DAGs
[2023-06-18T14:52:20.700+0530] {logging_mixin.py:149} INFO - [2023-06-18T14:52:20.699+0530] {dag.py:3486} INFO - Setting next_dagrun for example_short_circuit_decorator to 2023-06-17T09:22:20.699762+00:00, run_after=2023-06-18T09:22:20.699762+00:00
[2023-06-18T14:52:20.718+0530] {processor.py:179} INFO - Processing /home/shubham/.local/lib/python3.10/site-packages/airflow/example_dags/example_short_circuit_decorator.py took 0.057 seconds
[2023-06-18T14:53:02.878+0530] {processor.py:157} INFO - Started process (PID=4414) to work on /home/shubham/.local/lib/python3.10/site-packages/airflow/example_dags/example_short_circuit_decorator.py
[2023-06-18T14:53:02.879+0530] {processor.py:826} INFO - Processing file /home/shubham/.local/lib/python3.10/site-packages/airflow/example_dags/example_short_circuit_decorator.py for tasks to queue
[2023-06-18T14:53:02.880+0530] {logging_mixin.py:149} INFO - [2023-06-18T14:53:02.880+0530] {dagbag.py:541} INFO - Filling up the DagBag from /home/shubham/.local/lib/python3.10/site-packages/airflow/example_dags/example_short_circuit_decorator.py
[2023-06-18T14:53:02.886+0530] {processor.py:836} INFO - DAG(s) dict_keys(['example_short_circuit_decorator']) retrieved from /home/shubham/.local/lib/python3.10/site-packages/airflow/example_dags/example_short_circuit_decorator.py
[2023-06-18T14:53:02.900+0530] {logging_mixin.py:149} INFO - [2023-06-18T14:53:02.900+0530] {dag.py:2726} INFO - Sync 1 DAGs
[2023-06-18T14:53:02.912+0530] {logging_mixin.py:149} INFO - [2023-06-18T14:53:02.912+0530] {dag.py:3486} INFO - Setting next_dagrun for example_short_circuit_decorator to 2023-06-17T09:23:02.912002+00:00, run_after=2023-06-18T09:23:02.912002+00:00
[2023-06-18T14:53:02.930+0530] {processor.py:179} INFO - Processing /home/shubham/.local/lib/python3.10/site-packages/airflow/example_dags/example_short_circuit_decorator.py took 0.054 seconds
[2023-06-18T14:53:47.996+0530] {processor.py:157} INFO - Started process (PID=4460) to work on /home/shubham/.local/lib/python3.10/site-packages/airflow/example_dags/example_short_circuit_decorator.py
[2023-06-18T14:53:47.997+0530] {processor.py:826} INFO - Processing file /home/shubham/.local/lib/python3.10/site-packages/airflow/example_dags/example_short_circuit_decorator.py for tasks to queue
[2023-06-18T14:53:47.998+0530] {logging_mixin.py:149} INFO - [2023-06-18T14:53:47.998+0530] {dagbag.py:541} INFO - Filling up the DagBag from /home/shubham/.local/lib/python3.10/site-packages/airflow/example_dags/example_short_circuit_decorator.py
[2023-06-18T14:53:48.004+0530] {processor.py:836} INFO - DAG(s) dict_keys(['example_short_circuit_decorator']) retrieved from /home/shubham/.local/lib/python3.10/site-packages/airflow/example_dags/example_short_circuit_decorator.py
[2023-06-18T14:53:48.018+0530] {logging_mixin.py:149} INFO - [2023-06-18T14:53:48.018+0530] {dag.py:2726} INFO - Sync 1 DAGs
[2023-06-18T14:53:48.030+0530] {logging_mixin.py:149} INFO - [2023-06-18T14:53:48.030+0530] {dag.py:3486} INFO - Setting next_dagrun for example_short_circuit_decorator to 2023-06-17T09:23:48.030324+00:00, run_after=2023-06-18T09:23:48.030324+00:00
[2023-06-18T14:53:48.046+0530] {processor.py:179} INFO - Processing /home/shubham/.local/lib/python3.10/site-packages/airflow/example_dags/example_short_circuit_decorator.py took 0.053 seconds
[2023-06-18T14:54:35.221+0530] {processor.py:157} INFO - Started process (PID=4508) to work on /home/shubham/.local/lib/python3.10/site-packages/airflow/example_dags/example_short_circuit_decorator.py
[2023-06-18T14:54:35.222+0530] {processor.py:826} INFO - Processing file /home/shubham/.local/lib/python3.10/site-packages/airflow/example_dags/example_short_circuit_decorator.py for tasks to queue
[2023-06-18T14:54:35.223+0530] {logging_mixin.py:149} INFO - [2023-06-18T14:54:35.223+0530] {dagbag.py:541} INFO - Filling up the DagBag from /home/shubham/.local/lib/python3.10/site-packages/airflow/example_dags/example_short_circuit_decorator.py
[2023-06-18T14:54:35.229+0530] {processor.py:836} INFO - DAG(s) dict_keys(['example_short_circuit_decorator']) retrieved from /home/shubham/.local/lib/python3.10/site-packages/airflow/example_dags/example_short_circuit_decorator.py
[2023-06-18T14:54:35.243+0530] {logging_mixin.py:149} INFO - [2023-06-18T14:54:35.243+0530] {dag.py:2726} INFO - Sync 1 DAGs
[2023-06-18T14:54:35.255+0530] {logging_mixin.py:149} INFO - [2023-06-18T14:54:35.255+0530] {dag.py:3486} INFO - Setting next_dagrun for example_short_circuit_decorator to 2023-06-17T09:24:35.255373+00:00, run_after=2023-06-18T09:24:35.255373+00:00
[2023-06-18T14:54:35.272+0530] {processor.py:179} INFO - Processing /home/shubham/.local/lib/python3.10/site-packages/airflow/example_dags/example_short_circuit_decorator.py took 0.053 seconds
[2023-06-18T14:55:18.768+0530] {processor.py:157} INFO - Started process (PID=4554) to work on /home/shubham/.local/lib/python3.10/site-packages/airflow/example_dags/example_short_circuit_decorator.py
[2023-06-18T14:55:18.770+0530] {processor.py:826} INFO - Processing file /home/shubham/.local/lib/python3.10/site-packages/airflow/example_dags/example_short_circuit_decorator.py for tasks to queue
[2023-06-18T14:55:18.770+0530] {logging_mixin.py:149} INFO - [2023-06-18T14:55:18.770+0530] {dagbag.py:541} INFO - Filling up the DagBag from /home/shubham/.local/lib/python3.10/site-packages/airflow/example_dags/example_short_circuit_decorator.py
[2023-06-18T14:55:18.777+0530] {processor.py:836} INFO - DAG(s) dict_keys(['example_short_circuit_decorator']) retrieved from /home/shubham/.local/lib/python3.10/site-packages/airflow/example_dags/example_short_circuit_decorator.py
[2023-06-18T14:55:18.790+0530] {logging_mixin.py:149} INFO - [2023-06-18T14:55:18.790+0530] {dag.py:2726} INFO - Sync 1 DAGs
[2023-06-18T14:55:18.803+0530] {logging_mixin.py:149} INFO - [2023-06-18T14:55:18.803+0530] {dag.py:3486} INFO - Setting next_dagrun for example_short_circuit_decorator to 2023-06-17T09:25:18.802884+00:00, run_after=2023-06-18T09:25:18.802884+00:00
[2023-06-18T14:55:18.819+0530] {processor.py:179} INFO - Processing /home/shubham/.local/lib/python3.10/site-packages/airflow/example_dags/example_short_circuit_decorator.py took 0.053 seconds
[2023-06-18T14:56:02.910+0530] {processor.py:157} INFO - Started process (PID=4601) to work on /home/shubham/.local/lib/python3.10/site-packages/airflow/example_dags/example_short_circuit_decorator.py
[2023-06-18T14:56:02.912+0530] {processor.py:826} INFO - Processing file /home/shubham/.local/lib/python3.10/site-packages/airflow/example_dags/example_short_circuit_decorator.py for tasks to queue
[2023-06-18T14:56:02.912+0530] {logging_mixin.py:149} INFO - [2023-06-18T14:56:02.912+0530] {dagbag.py:541} INFO - Filling up the DagBag from /home/shubham/.local/lib/python3.10/site-packages/airflow/example_dags/example_short_circuit_decorator.py
[2023-06-18T14:56:02.919+0530] {processor.py:836} INFO - DAG(s) dict_keys(['example_short_circuit_decorator']) retrieved from /home/shubham/.local/lib/python3.10/site-packages/airflow/example_dags/example_short_circuit_decorator.py
[2023-06-18T14:56:02.932+0530] {logging_mixin.py:149} INFO - [2023-06-18T14:56:02.932+0530] {dag.py:2726} INFO - Sync 1 DAGs
[2023-06-18T14:56:02.944+0530] {logging_mixin.py:149} INFO - [2023-06-18T14:56:02.944+0530] {dag.py:3486} INFO - Setting next_dagrun for example_short_circuit_decorator to 2023-06-17T09:26:02.944519+00:00, run_after=2023-06-18T09:26:02.944519+00:00
[2023-06-18T14:56:02.960+0530] {processor.py:179} INFO - Processing /home/shubham/.local/lib/python3.10/site-packages/airflow/example_dags/example_short_circuit_decorator.py took 0.052 seconds
[2023-06-18T14:56:47.653+0530] {processor.py:157} INFO - Started process (PID=4647) to work on /home/shubham/.local/lib/python3.10/site-packages/airflow/example_dags/example_short_circuit_decorator.py
[2023-06-18T14:56:47.654+0530] {processor.py:826} INFO - Processing file /home/shubham/.local/lib/python3.10/site-packages/airflow/example_dags/example_short_circuit_decorator.py for tasks to queue
[2023-06-18T14:56:47.655+0530] {logging_mixin.py:149} INFO - [2023-06-18T14:56:47.655+0530] {dagbag.py:541} INFO - Filling up the DagBag from /home/shubham/.local/lib/python3.10/site-packages/airflow/example_dags/example_short_circuit_decorator.py
[2023-06-18T14:56:47.661+0530] {processor.py:836} INFO - DAG(s) dict_keys(['example_short_circuit_decorator']) retrieved from /home/shubham/.local/lib/python3.10/site-packages/airflow/example_dags/example_short_circuit_decorator.py
[2023-06-18T14:56:47.675+0530] {logging_mixin.py:149} INFO - [2023-06-18T14:56:47.675+0530] {dag.py:2726} INFO - Sync 1 DAGs
[2023-06-18T14:56:47.687+0530] {logging_mixin.py:149} INFO - [2023-06-18T14:56:47.687+0530] {dag.py:3486} INFO - Setting next_dagrun for example_short_circuit_decorator to 2023-06-17T09:26:47.686928+00:00, run_after=2023-06-18T09:26:47.686928+00:00
[2023-06-18T14:56:47.703+0530] {processor.py:179} INFO - Processing /home/shubham/.local/lib/python3.10/site-packages/airflow/example_dags/example_short_circuit_decorator.py took 0.053 seconds
[2023-06-18T14:57:28.830+0530] {processor.py:157} INFO - Started process (PID=4695) to work on /home/shubham/.local/lib/python3.10/site-packages/airflow/example_dags/example_short_circuit_decorator.py
[2023-06-18T14:57:28.832+0530] {processor.py:826} INFO - Processing file /home/shubham/.local/lib/python3.10/site-packages/airflow/example_dags/example_short_circuit_decorator.py for tasks to queue
[2023-06-18T14:57:28.832+0530] {logging_mixin.py:149} INFO - [2023-06-18T14:57:28.832+0530] {dagbag.py:541} INFO - Filling up the DagBag from /home/shubham/.local/lib/python3.10/site-packages/airflow/example_dags/example_short_circuit_decorator.py
[2023-06-18T14:57:28.839+0530] {processor.py:836} INFO - DAG(s) dict_keys(['example_short_circuit_decorator']) retrieved from /home/shubham/.local/lib/python3.10/site-packages/airflow/example_dags/example_short_circuit_decorator.py
[2023-06-18T14:57:28.853+0530] {logging_mixin.py:149} INFO - [2023-06-18T14:57:28.853+0530] {dag.py:2726} INFO - Sync 1 DAGs
[2023-06-18T14:57:28.866+0530] {logging_mixin.py:149} INFO - [2023-06-18T14:57:28.865+0530] {dag.py:3486} INFO - Setting next_dagrun for example_short_circuit_decorator to 2023-06-17T09:27:28.865828+00:00, run_after=2023-06-18T09:27:28.865828+00:00
[2023-06-18T14:57:28.882+0530] {processor.py:179} INFO - Processing /home/shubham/.local/lib/python3.10/site-packages/airflow/example_dags/example_short_circuit_decorator.py took 0.054 seconds
[2023-06-18T14:58:12.353+0530] {processor.py:157} INFO - Started process (PID=4740) to work on /home/shubham/.local/lib/python3.10/site-packages/airflow/example_dags/example_short_circuit_decorator.py
[2023-06-18T14:58:12.354+0530] {processor.py:826} INFO - Processing file /home/shubham/.local/lib/python3.10/site-packages/airflow/example_dags/example_short_circuit_decorator.py for tasks to queue
[2023-06-18T14:58:12.355+0530] {logging_mixin.py:149} INFO - [2023-06-18T14:58:12.355+0530] {dagbag.py:541} INFO - Filling up the DagBag from /home/shubham/.local/lib/python3.10/site-packages/airflow/example_dags/example_short_circuit_decorator.py
[2023-06-18T14:58:12.361+0530] {processor.py:836} INFO - DAG(s) dict_keys(['example_short_circuit_decorator']) retrieved from /home/shubham/.local/lib/python3.10/site-packages/airflow/example_dags/example_short_circuit_decorator.py
[2023-06-18T14:58:12.375+0530] {logging_mixin.py:149} INFO - [2023-06-18T14:58:12.375+0530] {dag.py:2726} INFO - Sync 1 DAGs
[2023-06-18T14:58:12.387+0530] {logging_mixin.py:149} INFO - [2023-06-18T14:58:12.387+0530] {dag.py:3486} INFO - Setting next_dagrun for example_short_circuit_decorator to 2023-06-17T09:28:12.387337+00:00, run_after=2023-06-18T09:28:12.387337+00:00
[2023-06-18T14:58:12.405+0530] {processor.py:179} INFO - Processing /home/shubham/.local/lib/python3.10/site-packages/airflow/example_dags/example_short_circuit_decorator.py took 0.054 seconds
[2023-06-18T14:58:53.996+0530] {processor.py:157} INFO - Started process (PID=4784) to work on /home/shubham/.local/lib/python3.10/site-packages/airflow/example_dags/example_short_circuit_decorator.py
[2023-06-18T14:58:53.997+0530] {processor.py:826} INFO - Processing file /home/shubham/.local/lib/python3.10/site-packages/airflow/example_dags/example_short_circuit_decorator.py for tasks to queue
[2023-06-18T14:58:53.997+0530] {logging_mixin.py:149} INFO - [2023-06-18T14:58:53.997+0530] {dagbag.py:541} INFO - Filling up the DagBag from /home/shubham/.local/lib/python3.10/site-packages/airflow/example_dags/example_short_circuit_decorator.py
[2023-06-18T14:58:54.004+0530] {processor.py:836} INFO - DAG(s) dict_keys(['example_short_circuit_decorator']) retrieved from /home/shubham/.local/lib/python3.10/site-packages/airflow/example_dags/example_short_circuit_decorator.py
[2023-06-18T14:58:54.018+0530] {logging_mixin.py:149} INFO - [2023-06-18T14:58:54.017+0530] {dag.py:2726} INFO - Sync 1 DAGs
[2023-06-18T14:58:54.030+0530] {logging_mixin.py:149} INFO - [2023-06-18T14:58:54.030+0530] {dag.py:3486} INFO - Setting next_dagrun for example_short_circuit_decorator to 2023-06-17T09:28:54.030610+00:00, run_after=2023-06-18T09:28:54.030610+00:00
[2023-06-18T14:58:54.047+0530] {processor.py:179} INFO - Processing /home/shubham/.local/lib/python3.10/site-packages/airflow/example_dags/example_short_circuit_decorator.py took 0.054 seconds
[2023-06-18T14:59:37.082+0530] {processor.py:157} INFO - Started process (PID=4830) to work on /home/shubham/.local/lib/python3.10/site-packages/airflow/example_dags/example_short_circuit_decorator.py
[2023-06-18T14:59:37.084+0530] {processor.py:826} INFO - Processing file /home/shubham/.local/lib/python3.10/site-packages/airflow/example_dags/example_short_circuit_decorator.py for tasks to queue
[2023-06-18T14:59:37.084+0530] {logging_mixin.py:149} INFO - [2023-06-18T14:59:37.084+0530] {dagbag.py:541} INFO - Filling up the DagBag from /home/shubham/.local/lib/python3.10/site-packages/airflow/example_dags/example_short_circuit_decorator.py
[2023-06-18T14:59:37.091+0530] {processor.py:836} INFO - DAG(s) dict_keys(['example_short_circuit_decorator']) retrieved from /home/shubham/.local/lib/python3.10/site-packages/airflow/example_dags/example_short_circuit_decorator.py
[2023-06-18T14:59:37.104+0530] {logging_mixin.py:149} INFO - [2023-06-18T14:59:37.104+0530] {dag.py:2726} INFO - Sync 1 DAGs
[2023-06-18T14:59:37.116+0530] {logging_mixin.py:149} INFO - [2023-06-18T14:59:37.116+0530] {dag.py:3486} INFO - Setting next_dagrun for example_short_circuit_decorator to 2023-06-17T09:29:37.116067+00:00, run_after=2023-06-18T09:29:37.116067+00:00
[2023-06-18T14:59:37.132+0530] {processor.py:179} INFO - Processing /home/shubham/.local/lib/python3.10/site-packages/airflow/example_dags/example_short_circuit_decorator.py took 0.052 seconds
[2023-06-18T15:00:19.293+0530] {processor.py:157} INFO - Started process (PID=4873) to work on /home/shubham/.local/lib/python3.10/site-packages/airflow/example_dags/example_short_circuit_decorator.py
[2023-06-18T15:00:19.295+0530] {processor.py:826} INFO - Processing file /home/shubham/.local/lib/python3.10/site-packages/airflow/example_dags/example_short_circuit_decorator.py for tasks to queue
[2023-06-18T15:00:19.295+0530] {logging_mixin.py:149} INFO - [2023-06-18T15:00:19.295+0530] {dagbag.py:541} INFO - Filling up the DagBag from /home/shubham/.local/lib/python3.10/site-packages/airflow/example_dags/example_short_circuit_decorator.py
[2023-06-18T15:00:19.302+0530] {processor.py:836} INFO - DAG(s) dict_keys(['example_short_circuit_decorator']) retrieved from /home/shubham/.local/lib/python3.10/site-packages/airflow/example_dags/example_short_circuit_decorator.py
[2023-06-18T15:00:19.316+0530] {logging_mixin.py:149} INFO - [2023-06-18T15:00:19.316+0530] {dag.py:2726} INFO - Sync 1 DAGs
[2023-06-18T15:00:19.328+0530] {logging_mixin.py:149} INFO - [2023-06-18T15:00:19.328+0530] {dag.py:3486} INFO - Setting next_dagrun for example_short_circuit_decorator to 2023-06-17T09:30:19.328045+00:00, run_after=2023-06-18T09:30:19.328045+00:00
[2023-06-18T15:00:19.348+0530] {processor.py:179} INFO - Processing /home/shubham/.local/lib/python3.10/site-packages/airflow/example_dags/example_short_circuit_decorator.py took 0.057 seconds
[2023-06-18T15:01:06.876+0530] {processor.py:157} INFO - Started process (PID=4922) to work on /home/shubham/.local/lib/python3.10/site-packages/airflow/example_dags/example_short_circuit_decorator.py
[2023-06-18T15:01:06.877+0530] {processor.py:826} INFO - Processing file /home/shubham/.local/lib/python3.10/site-packages/airflow/example_dags/example_short_circuit_decorator.py for tasks to queue
[2023-06-18T15:01:06.878+0530] {logging_mixin.py:149} INFO - [2023-06-18T15:01:06.878+0530] {dagbag.py:541} INFO - Filling up the DagBag from /home/shubham/.local/lib/python3.10/site-packages/airflow/example_dags/example_short_circuit_decorator.py
[2023-06-18T15:01:06.884+0530] {processor.py:836} INFO - DAG(s) dict_keys(['example_short_circuit_decorator']) retrieved from /home/shubham/.local/lib/python3.10/site-packages/airflow/example_dags/example_short_circuit_decorator.py
[2023-06-18T15:01:06.898+0530] {logging_mixin.py:149} INFO - [2023-06-18T15:01:06.898+0530] {dag.py:2726} INFO - Sync 1 DAGs
[2023-06-18T15:01:06.910+0530] {logging_mixin.py:149} INFO - [2023-06-18T15:01:06.910+0530] {dag.py:3486} INFO - Setting next_dagrun for example_short_circuit_decorator to 2023-06-17T09:31:06.910662+00:00, run_after=2023-06-18T09:31:06.910662+00:00
[2023-06-18T15:01:06.928+0530] {processor.py:179} INFO - Processing /home/shubham/.local/lib/python3.10/site-packages/airflow/example_dags/example_short_circuit_decorator.py took 0.054 seconds
[2023-06-18T15:01:51.701+0530] {processor.py:157} INFO - Started process (PID=4968) to work on /home/shubham/.local/lib/python3.10/site-packages/airflow/example_dags/example_short_circuit_decorator.py
[2023-06-18T15:01:51.703+0530] {processor.py:826} INFO - Processing file /home/shubham/.local/lib/python3.10/site-packages/airflow/example_dags/example_short_circuit_decorator.py for tasks to queue
[2023-06-18T15:01:51.703+0530] {logging_mixin.py:149} INFO - [2023-06-18T15:01:51.703+0530] {dagbag.py:541} INFO - Filling up the DagBag from /home/shubham/.local/lib/python3.10/site-packages/airflow/example_dags/example_short_circuit_decorator.py
[2023-06-18T15:01:51.710+0530] {processor.py:836} INFO - DAG(s) dict_keys(['example_short_circuit_decorator']) retrieved from /home/shubham/.local/lib/python3.10/site-packages/airflow/example_dags/example_short_circuit_decorator.py
[2023-06-18T15:01:51.723+0530] {logging_mixin.py:149} INFO - [2023-06-18T15:01:51.723+0530] {dag.py:2726} INFO - Sync 1 DAGs
[2023-06-18T15:01:51.736+0530] {logging_mixin.py:149} INFO - [2023-06-18T15:01:51.736+0530] {dag.py:3486} INFO - Setting next_dagrun for example_short_circuit_decorator to 2023-06-17T09:31:51.736160+00:00, run_after=2023-06-18T09:31:51.736160+00:00
[2023-06-18T15:01:51.752+0530] {processor.py:179} INFO - Processing /home/shubham/.local/lib/python3.10/site-packages/airflow/example_dags/example_short_circuit_decorator.py took 0.053 seconds
[2023-06-18T15:02:34.889+0530] {processor.py:157} INFO - Started process (PID=5014) to work on /home/shubham/.local/lib/python3.10/site-packages/airflow/example_dags/example_short_circuit_decorator.py
[2023-06-18T15:02:34.891+0530] {processor.py:826} INFO - Processing file /home/shubham/.local/lib/python3.10/site-packages/airflow/example_dags/example_short_circuit_decorator.py for tasks to queue
[2023-06-18T15:02:34.891+0530] {logging_mixin.py:149} INFO - [2023-06-18T15:02:34.891+0530] {dagbag.py:541} INFO - Filling up the DagBag from /home/shubham/.local/lib/python3.10/site-packages/airflow/example_dags/example_short_circuit_decorator.py
[2023-06-18T15:02:34.897+0530] {processor.py:836} INFO - DAG(s) dict_keys(['example_short_circuit_decorator']) retrieved from /home/shubham/.local/lib/python3.10/site-packages/airflow/example_dags/example_short_circuit_decorator.py
[2023-06-18T15:02:34.911+0530] {logging_mixin.py:149} INFO - [2023-06-18T15:02:34.911+0530] {dag.py:2726} INFO - Sync 1 DAGs
[2023-06-18T15:02:34.924+0530] {logging_mixin.py:149} INFO - [2023-06-18T15:02:34.924+0530] {dag.py:3486} INFO - Setting next_dagrun for example_short_circuit_decorator to 2023-06-17T09:32:34.923999+00:00, run_after=2023-06-18T09:32:34.923999+00:00
[2023-06-18T15:02:34.940+0530] {processor.py:179} INFO - Processing /home/shubham/.local/lib/python3.10/site-packages/airflow/example_dags/example_short_circuit_decorator.py took 0.053 seconds
[2023-06-18T15:03:16.178+0530] {processor.py:157} INFO - Started process (PID=5057) to work on /home/shubham/.local/lib/python3.10/site-packages/airflow/example_dags/example_short_circuit_decorator.py
[2023-06-18T15:03:16.179+0530] {processor.py:826} INFO - Processing file /home/shubham/.local/lib/python3.10/site-packages/airflow/example_dags/example_short_circuit_decorator.py for tasks to queue
[2023-06-18T15:03:16.180+0530] {logging_mixin.py:149} INFO - [2023-06-18T15:03:16.180+0530] {dagbag.py:541} INFO - Filling up the DagBag from /home/shubham/.local/lib/python3.10/site-packages/airflow/example_dags/example_short_circuit_decorator.py
[2023-06-18T15:03:16.187+0530] {processor.py:836} INFO - DAG(s) dict_keys(['example_short_circuit_decorator']) retrieved from /home/shubham/.local/lib/python3.10/site-packages/airflow/example_dags/example_short_circuit_decorator.py
[2023-06-18T15:03:16.201+0530] {logging_mixin.py:149} INFO - [2023-06-18T15:03:16.201+0530] {dag.py:2726} INFO - Sync 1 DAGs
[2023-06-18T15:03:16.213+0530] {logging_mixin.py:149} INFO - [2023-06-18T15:03:16.213+0530] {dag.py:3486} INFO - Setting next_dagrun for example_short_circuit_decorator to 2023-06-17T09:33:16.213666+00:00, run_after=2023-06-18T09:33:16.213666+00:00
[2023-06-18T15:03:16.230+0530] {processor.py:179} INFO - Processing /home/shubham/.local/lib/python3.10/site-packages/airflow/example_dags/example_short_circuit_decorator.py took 0.054 seconds
[2023-06-18T15:04:00.810+0530] {processor.py:157} INFO - Started process (PID=5103) to work on /home/shubham/.local/lib/python3.10/site-packages/airflow/example_dags/example_short_circuit_decorator.py
[2023-06-18T15:04:00.811+0530] {processor.py:826} INFO - Processing file /home/shubham/.local/lib/python3.10/site-packages/airflow/example_dags/example_short_circuit_decorator.py for tasks to queue
[2023-06-18T15:04:00.812+0530] {logging_mixin.py:149} INFO - [2023-06-18T15:04:00.812+0530] {dagbag.py:541} INFO - Filling up the DagBag from /home/shubham/.local/lib/python3.10/site-packages/airflow/example_dags/example_short_circuit_decorator.py
[2023-06-18T15:04:00.818+0530] {processor.py:836} INFO - DAG(s) dict_keys(['example_short_circuit_decorator']) retrieved from /home/shubham/.local/lib/python3.10/site-packages/airflow/example_dags/example_short_circuit_decorator.py
[2023-06-18T15:04:00.832+0530] {logging_mixin.py:149} INFO - [2023-06-18T15:04:00.832+0530] {dag.py:2726} INFO - Sync 1 DAGs
[2023-06-18T15:04:00.846+0530] {logging_mixin.py:149} INFO - [2023-06-18T15:04:00.846+0530] {dag.py:3486} INFO - Setting next_dagrun for example_short_circuit_decorator to 2023-06-17T09:34:00.846163+00:00, run_after=2023-06-18T09:34:00.846163+00:00
[2023-06-18T15:04:00.863+0530] {processor.py:179} INFO - Processing /home/shubham/.local/lib/python3.10/site-packages/airflow/example_dags/example_short_circuit_decorator.py took 0.055 seconds
[2023-06-18T15:04:43.818+0530] {processor.py:157} INFO - Started process (PID=5149) to work on /home/shubham/.local/lib/python3.10/site-packages/airflow/example_dags/example_short_circuit_decorator.py
[2023-06-18T15:04:43.819+0530] {processor.py:826} INFO - Processing file /home/shubham/.local/lib/python3.10/site-packages/airflow/example_dags/example_short_circuit_decorator.py for tasks to queue
[2023-06-18T15:04:43.820+0530] {logging_mixin.py:149} INFO - [2023-06-18T15:04:43.820+0530] {dagbag.py:541} INFO - Filling up the DagBag from /home/shubham/.local/lib/python3.10/site-packages/airflow/example_dags/example_short_circuit_decorator.py
[2023-06-18T15:04:43.826+0530] {processor.py:836} INFO - DAG(s) dict_keys(['example_short_circuit_decorator']) retrieved from /home/shubham/.local/lib/python3.10/site-packages/airflow/example_dags/example_short_circuit_decorator.py
[2023-06-18T15:04:43.839+0530] {logging_mixin.py:149} INFO - [2023-06-18T15:04:43.839+0530] {dag.py:2726} INFO - Sync 1 DAGs
[2023-06-18T15:04:43.851+0530] {logging_mixin.py:149} INFO - [2023-06-18T15:04:43.851+0530] {dag.py:3486} INFO - Setting next_dagrun for example_short_circuit_decorator to 2023-06-17T09:34:43.851254+00:00, run_after=2023-06-18T09:34:43.851254+00:00
[2023-06-18T15:04:43.867+0530] {processor.py:179} INFO - Processing /home/shubham/.local/lib/python3.10/site-packages/airflow/example_dags/example_short_circuit_decorator.py took 0.051 seconds
[2023-06-18T15:05:31.186+0530] {processor.py:157} INFO - Started process (PID=5197) to work on /home/shubham/.local/lib/python3.10/site-packages/airflow/example_dags/example_short_circuit_decorator.py
[2023-06-18T15:05:31.187+0530] {processor.py:826} INFO - Processing file /home/shubham/.local/lib/python3.10/site-packages/airflow/example_dags/example_short_circuit_decorator.py for tasks to queue
[2023-06-18T15:05:31.188+0530] {logging_mixin.py:149} INFO - [2023-06-18T15:05:31.188+0530] {dagbag.py:541} INFO - Filling up the DagBag from /home/shubham/.local/lib/python3.10/site-packages/airflow/example_dags/example_short_circuit_decorator.py
[2023-06-18T15:05:31.195+0530] {processor.py:836} INFO - DAG(s) dict_keys(['example_short_circuit_decorator']) retrieved from /home/shubham/.local/lib/python3.10/site-packages/airflow/example_dags/example_short_circuit_decorator.py
[2023-06-18T15:05:31.209+0530] {logging_mixin.py:149} INFO - [2023-06-18T15:05:31.209+0530] {dag.py:2726} INFO - Sync 1 DAGs
[2023-06-18T15:05:31.221+0530] {logging_mixin.py:149} INFO - [2023-06-18T15:05:31.221+0530] {dag.py:3486} INFO - Setting next_dagrun for example_short_circuit_decorator to 2023-06-17T09:35:31.221482+00:00, run_after=2023-06-18T09:35:31.221482+00:00
[2023-06-18T15:05:31.237+0530] {processor.py:179} INFO - Processing /home/shubham/.local/lib/python3.10/site-packages/airflow/example_dags/example_short_circuit_decorator.py took 0.053 seconds
[2023-06-18T15:06:12.371+0530] {processor.py:157} INFO - Started process (PID=5240) to work on /home/shubham/.local/lib/python3.10/site-packages/airflow/example_dags/example_short_circuit_decorator.py
[2023-06-18T15:06:12.373+0530] {processor.py:826} INFO - Processing file /home/shubham/.local/lib/python3.10/site-packages/airflow/example_dags/example_short_circuit_decorator.py for tasks to queue
[2023-06-18T15:06:12.374+0530] {logging_mixin.py:149} INFO - [2023-06-18T15:06:12.374+0530] {dagbag.py:541} INFO - Filling up the DagBag from /home/shubham/.local/lib/python3.10/site-packages/airflow/example_dags/example_short_circuit_decorator.py
[2023-06-18T15:06:12.380+0530] {processor.py:836} INFO - DAG(s) dict_keys(['example_short_circuit_decorator']) retrieved from /home/shubham/.local/lib/python3.10/site-packages/airflow/example_dags/example_short_circuit_decorator.py
[2023-06-18T15:06:12.394+0530] {logging_mixin.py:149} INFO - [2023-06-18T15:06:12.394+0530] {dag.py:2726} INFO - Sync 1 DAGs
[2023-06-18T15:06:12.406+0530] {logging_mixin.py:149} INFO - [2023-06-18T15:06:12.406+0530] {dag.py:3486} INFO - Setting next_dagrun for example_short_circuit_decorator to 2023-06-17T09:36:12.406649+00:00, run_after=2023-06-18T09:36:12.406649+00:00
[2023-06-18T15:06:12.422+0530] {processor.py:179} INFO - Processing /home/shubham/.local/lib/python3.10/site-packages/airflow/example_dags/example_short_circuit_decorator.py took 0.053 seconds
[2023-06-18T15:07:01.287+0530] {processor.py:157} INFO - Started process (PID=5289) to work on /home/shubham/.local/lib/python3.10/site-packages/airflow/example_dags/example_short_circuit_decorator.py
[2023-06-18T15:07:01.290+0530] {processor.py:826} INFO - Processing file /home/shubham/.local/lib/python3.10/site-packages/airflow/example_dags/example_short_circuit_decorator.py for tasks to queue
[2023-06-18T15:07:01.290+0530] {logging_mixin.py:149} INFO - [2023-06-18T15:07:01.290+0530] {dagbag.py:541} INFO - Filling up the DagBag from /home/shubham/.local/lib/python3.10/site-packages/airflow/example_dags/example_short_circuit_decorator.py
[2023-06-18T15:07:01.300+0530] {processor.py:836} INFO - DAG(s) dict_keys(['example_short_circuit_decorator']) retrieved from /home/shubham/.local/lib/python3.10/site-packages/airflow/example_dags/example_short_circuit_decorator.py
[2023-06-18T15:07:01.319+0530] {logging_mixin.py:149} INFO - [2023-06-18T15:07:01.319+0530] {dag.py:2726} INFO - Sync 1 DAGs
[2023-06-18T15:07:01.338+0530] {logging_mixin.py:149} INFO - [2023-06-18T15:07:01.338+0530] {dag.py:3486} INFO - Setting next_dagrun for example_short_circuit_decorator to 2023-06-17T09:37:01.338241+00:00, run_after=2023-06-18T09:37:01.338241+00:00
[2023-06-18T15:07:01.365+0530] {processor.py:179} INFO - Processing /home/shubham/.local/lib/python3.10/site-packages/airflow/example_dags/example_short_circuit_decorator.py took 0.081 seconds
[2023-06-18T15:07:48.572+0530] {processor.py:157} INFO - Started process (PID=5337) to work on /home/shubham/.local/lib/python3.10/site-packages/airflow/example_dags/example_short_circuit_decorator.py
[2023-06-18T15:07:48.574+0530] {processor.py:826} INFO - Processing file /home/shubham/.local/lib/python3.10/site-packages/airflow/example_dags/example_short_circuit_decorator.py for tasks to queue
[2023-06-18T15:07:48.575+0530] {logging_mixin.py:149} INFO - [2023-06-18T15:07:48.575+0530] {dagbag.py:541} INFO - Filling up the DagBag from /home/shubham/.local/lib/python3.10/site-packages/airflow/example_dags/example_short_circuit_decorator.py
[2023-06-18T15:07:48.584+0530] {processor.py:836} INFO - DAG(s) dict_keys(['example_short_circuit_decorator']) retrieved from /home/shubham/.local/lib/python3.10/site-packages/airflow/example_dags/example_short_circuit_decorator.py
[2023-06-18T15:07:48.604+0530] {logging_mixin.py:149} INFO - [2023-06-18T15:07:48.604+0530] {dag.py:2726} INFO - Sync 1 DAGs
[2023-06-18T15:07:48.622+0530] {logging_mixin.py:149} INFO - [2023-06-18T15:07:48.622+0530] {dag.py:3486} INFO - Setting next_dagrun for example_short_circuit_decorator to 2023-06-17T09:37:48.622092+00:00, run_after=2023-06-18T09:37:48.622092+00:00
[2023-06-18T15:07:48.650+0530] {processor.py:179} INFO - Processing /home/shubham/.local/lib/python3.10/site-packages/airflow/example_dags/example_short_circuit_decorator.py took 0.082 seconds
[2023-06-18T15:08:32.686+0530] {processor.py:157} INFO - Started process (PID=5383) to work on /home/shubham/.local/lib/python3.10/site-packages/airflow/example_dags/example_short_circuit_decorator.py
[2023-06-18T15:08:32.688+0530] {processor.py:826} INFO - Processing file /home/shubham/.local/lib/python3.10/site-packages/airflow/example_dags/example_short_circuit_decorator.py for tasks to queue
[2023-06-18T15:08:32.688+0530] {logging_mixin.py:149} INFO - [2023-06-18T15:08:32.688+0530] {dagbag.py:541} INFO - Filling up the DagBag from /home/shubham/.local/lib/python3.10/site-packages/airflow/example_dags/example_short_circuit_decorator.py
[2023-06-18T15:08:32.697+0530] {processor.py:836} INFO - DAG(s) dict_keys(['example_short_circuit_decorator']) retrieved from /home/shubham/.local/lib/python3.10/site-packages/airflow/example_dags/example_short_circuit_decorator.py
[2023-06-18T15:08:32.721+0530] {logging_mixin.py:149} INFO - [2023-06-18T15:08:32.721+0530] {dag.py:2726} INFO - Sync 1 DAGs
[2023-06-18T15:08:32.737+0530] {logging_mixin.py:149} INFO - [2023-06-18T15:08:32.737+0530] {dag.py:3486} INFO - Setting next_dagrun for example_short_circuit_decorator to 2023-06-17T09:38:32.737468+00:00, run_after=2023-06-18T09:38:32.737468+00:00
[2023-06-18T15:08:32.761+0530] {processor.py:179} INFO - Processing /home/shubham/.local/lib/python3.10/site-packages/airflow/example_dags/example_short_circuit_decorator.py took 0.079 seconds
[2023-06-18T15:09:16.683+0530] {processor.py:157} INFO - Started process (PID=5428) to work on /home/shubham/.local/lib/python3.10/site-packages/airflow/example_dags/example_short_circuit_decorator.py
[2023-06-18T15:09:16.685+0530] {processor.py:826} INFO - Processing file /home/shubham/.local/lib/python3.10/site-packages/airflow/example_dags/example_short_circuit_decorator.py for tasks to queue
[2023-06-18T15:09:16.686+0530] {logging_mixin.py:149} INFO - [2023-06-18T15:09:16.686+0530] {dagbag.py:541} INFO - Filling up the DagBag from /home/shubham/.local/lib/python3.10/site-packages/airflow/example_dags/example_short_circuit_decorator.py
[2023-06-18T15:09:16.695+0530] {processor.py:836} INFO - DAG(s) dict_keys(['example_short_circuit_decorator']) retrieved from /home/shubham/.local/lib/python3.10/site-packages/airflow/example_dags/example_short_circuit_decorator.py
[2023-06-18T15:09:16.719+0530] {logging_mixin.py:149} INFO - [2023-06-18T15:09:16.719+0530] {dag.py:2726} INFO - Sync 1 DAGs
[2023-06-18T15:09:16.735+0530] {logging_mixin.py:149} INFO - [2023-06-18T15:09:16.735+0530] {dag.py:3486} INFO - Setting next_dagrun for example_short_circuit_decorator to 2023-06-17T09:39:16.735061+00:00, run_after=2023-06-18T09:39:16.735061+00:00
[2023-06-18T15:09:16.758+0530] {processor.py:179} INFO - Processing /home/shubham/.local/lib/python3.10/site-packages/airflow/example_dags/example_short_circuit_decorator.py took 0.078 seconds
[2023-06-18T15:10:00.293+0530] {processor.py:157} INFO - Started process (PID=5473) to work on /home/shubham/.local/lib/python3.10/site-packages/airflow/example_dags/example_short_circuit_decorator.py
[2023-06-18T15:10:00.295+0530] {processor.py:826} INFO - Processing file /home/shubham/.local/lib/python3.10/site-packages/airflow/example_dags/example_short_circuit_decorator.py for tasks to queue
[2023-06-18T15:10:00.296+0530] {logging_mixin.py:149} INFO - [2023-06-18T15:10:00.295+0530] {dagbag.py:541} INFO - Filling up the DagBag from /home/shubham/.local/lib/python3.10/site-packages/airflow/example_dags/example_short_circuit_decorator.py
[2023-06-18T15:10:00.305+0530] {processor.py:836} INFO - DAG(s) dict_keys(['example_short_circuit_decorator']) retrieved from /home/shubham/.local/lib/python3.10/site-packages/airflow/example_dags/example_short_circuit_decorator.py
[2023-06-18T15:10:00.328+0530] {logging_mixin.py:149} INFO - [2023-06-18T15:10:00.328+0530] {dag.py:2726} INFO - Sync 1 DAGs
[2023-06-18T15:10:00.348+0530] {logging_mixin.py:149} INFO - [2023-06-18T15:10:00.348+0530] {dag.py:3486} INFO - Setting next_dagrun for example_short_circuit_decorator to 2023-06-17T09:40:00.347800+00:00, run_after=2023-06-18T09:40:00.347800+00:00
[2023-06-18T15:10:00.375+0530] {processor.py:179} INFO - Processing /home/shubham/.local/lib/python3.10/site-packages/airflow/example_dags/example_short_circuit_decorator.py took 0.085 seconds
[2023-06-18T15:10:43.658+0530] {processor.py:157} INFO - Started process (PID=5519) to work on /home/shubham/.local/lib/python3.10/site-packages/airflow/example_dags/example_short_circuit_decorator.py
[2023-06-18T15:10:43.660+0530] {processor.py:826} INFO - Processing file /home/shubham/.local/lib/python3.10/site-packages/airflow/example_dags/example_short_circuit_decorator.py for tasks to queue
[2023-06-18T15:10:43.661+0530] {logging_mixin.py:149} INFO - [2023-06-18T15:10:43.661+0530] {dagbag.py:541} INFO - Filling up the DagBag from /home/shubham/.local/lib/python3.10/site-packages/airflow/example_dags/example_short_circuit_decorator.py
[2023-06-18T15:10:43.672+0530] {processor.py:836} INFO - DAG(s) dict_keys(['example_short_circuit_decorator']) retrieved from /home/shubham/.local/lib/python3.10/site-packages/airflow/example_dags/example_short_circuit_decorator.py
[2023-06-18T15:10:43.694+0530] {logging_mixin.py:149} INFO - [2023-06-18T15:10:43.694+0530] {dag.py:2726} INFO - Sync 1 DAGs
[2023-06-18T15:10:43.715+0530] {logging_mixin.py:149} INFO - [2023-06-18T15:10:43.715+0530] {dag.py:3486} INFO - Setting next_dagrun for example_short_circuit_decorator to 2023-06-17T09:40:43.715287+00:00, run_after=2023-06-18T09:40:43.715287+00:00
[2023-06-18T15:10:43.752+0530] {processor.py:179} INFO - Processing /home/shubham/.local/lib/python3.10/site-packages/airflow/example_dags/example_short_circuit_decorator.py took 0.097 seconds
[2023-06-18T15:11:25.356+0530] {processor.py:157} INFO - Started process (PID=5564) to work on /home/shubham/.local/lib/python3.10/site-packages/airflow/example_dags/example_short_circuit_decorator.py
[2023-06-18T15:11:25.357+0530] {processor.py:826} INFO - Processing file /home/shubham/.local/lib/python3.10/site-packages/airflow/example_dags/example_short_circuit_decorator.py for tasks to queue
[2023-06-18T15:11:25.358+0530] {logging_mixin.py:149} INFO - [2023-06-18T15:11:25.358+0530] {dagbag.py:541} INFO - Filling up the DagBag from /home/shubham/.local/lib/python3.10/site-packages/airflow/example_dags/example_short_circuit_decorator.py
[2023-06-18T15:11:25.368+0530] {processor.py:836} INFO - DAG(s) dict_keys(['example_short_circuit_decorator']) retrieved from /home/shubham/.local/lib/python3.10/site-packages/airflow/example_dags/example_short_circuit_decorator.py
[2023-06-18T15:11:25.393+0530] {logging_mixin.py:149} INFO - [2023-06-18T15:11:25.393+0530] {dag.py:2726} INFO - Sync 1 DAGs
[2023-06-18T15:11:25.415+0530] {logging_mixin.py:149} INFO - [2023-06-18T15:11:25.415+0530] {dag.py:3486} INFO - Setting next_dagrun for example_short_circuit_decorator to 2023-06-17T09:41:25.415183+00:00, run_after=2023-06-18T09:41:25.415183+00:00
[2023-06-18T15:11:25.444+0530] {processor.py:179} INFO - Processing /home/shubham/.local/lib/python3.10/site-packages/airflow/example_dags/example_short_circuit_decorator.py took 0.092 seconds
[2023-06-18T15:12:06.085+0530] {processor.py:157} INFO - Started process (PID=5606) to work on /home/shubham/.local/lib/python3.10/site-packages/airflow/example_dags/example_short_circuit_decorator.py
[2023-06-18T15:12:06.087+0530] {processor.py:826} INFO - Processing file /home/shubham/.local/lib/python3.10/site-packages/airflow/example_dags/example_short_circuit_decorator.py for tasks to queue
[2023-06-18T15:12:06.088+0530] {logging_mixin.py:149} INFO - [2023-06-18T15:12:06.088+0530] {dagbag.py:541} INFO - Filling up the DagBag from /home/shubham/.local/lib/python3.10/site-packages/airflow/example_dags/example_short_circuit_decorator.py
[2023-06-18T15:12:06.097+0530] {processor.py:836} INFO - DAG(s) dict_keys(['example_short_circuit_decorator']) retrieved from /home/shubham/.local/lib/python3.10/site-packages/airflow/example_dags/example_short_circuit_decorator.py
[2023-06-18T15:12:06.115+0530] {logging_mixin.py:149} INFO - [2023-06-18T15:12:06.115+0530] {dag.py:2726} INFO - Sync 1 DAGs
[2023-06-18T15:12:06.131+0530] {logging_mixin.py:149} INFO - [2023-06-18T15:12:06.131+0530] {dag.py:3486} INFO - Setting next_dagrun for example_short_circuit_decorator to 2023-06-17T09:42:06.131300+00:00, run_after=2023-06-18T09:42:06.131300+00:00
[2023-06-18T15:12:06.153+0530] {processor.py:179} INFO - Processing /home/shubham/.local/lib/python3.10/site-packages/airflow/example_dags/example_short_circuit_decorator.py took 0.071 seconds
[2023-06-18T15:12:49.675+0530] {processor.py:157} INFO - Started process (PID=5652) to work on /home/shubham/.local/lib/python3.10/site-packages/airflow/example_dags/example_short_circuit_decorator.py
[2023-06-18T15:12:49.677+0530] {processor.py:826} INFO - Processing file /home/shubham/.local/lib/python3.10/site-packages/airflow/example_dags/example_short_circuit_decorator.py for tasks to queue
[2023-06-18T15:12:49.678+0530] {logging_mixin.py:149} INFO - [2023-06-18T15:12:49.678+0530] {dagbag.py:541} INFO - Filling up the DagBag from /home/shubham/.local/lib/python3.10/site-packages/airflow/example_dags/example_short_circuit_decorator.py
[2023-06-18T15:12:49.688+0530] {processor.py:836} INFO - DAG(s) dict_keys(['example_short_circuit_decorator']) retrieved from /home/shubham/.local/lib/python3.10/site-packages/airflow/example_dags/example_short_circuit_decorator.py
[2023-06-18T15:12:49.709+0530] {logging_mixin.py:149} INFO - [2023-06-18T15:12:49.708+0530] {dag.py:2726} INFO - Sync 1 DAGs
[2023-06-18T15:12:49.730+0530] {logging_mixin.py:149} INFO - [2023-06-18T15:12:49.730+0530] {dag.py:3486} INFO - Setting next_dagrun for example_short_circuit_decorator to 2023-06-17T09:42:49.730399+00:00, run_after=2023-06-18T09:42:49.730399+00:00
[2023-06-18T15:12:49.753+0530] {processor.py:179} INFO - Processing /home/shubham/.local/lib/python3.10/site-packages/airflow/example_dags/example_short_circuit_decorator.py took 0.082 seconds
[2023-06-18T15:13:29.897+0530] {processor.py:157} INFO - Started process (PID=5696) to work on /home/shubham/.local/lib/python3.10/site-packages/airflow/example_dags/example_short_circuit_decorator.py
[2023-06-18T15:13:29.899+0530] {processor.py:826} INFO - Processing file /home/shubham/.local/lib/python3.10/site-packages/airflow/example_dags/example_short_circuit_decorator.py for tasks to queue
[2023-06-18T15:13:29.900+0530] {logging_mixin.py:149} INFO - [2023-06-18T15:13:29.899+0530] {dagbag.py:541} INFO - Filling up the DagBag from /home/shubham/.local/lib/python3.10/site-packages/airflow/example_dags/example_short_circuit_decorator.py
[2023-06-18T15:13:29.908+0530] {processor.py:836} INFO - DAG(s) dict_keys(['example_short_circuit_decorator']) retrieved from /home/shubham/.local/lib/python3.10/site-packages/airflow/example_dags/example_short_circuit_decorator.py
[2023-06-18T15:13:29.926+0530] {logging_mixin.py:149} INFO - [2023-06-18T15:13:29.926+0530] {dag.py:2726} INFO - Sync 1 DAGs
[2023-06-18T15:13:29.944+0530] {logging_mixin.py:149} INFO - [2023-06-18T15:13:29.944+0530] {dag.py:3486} INFO - Setting next_dagrun for example_short_circuit_decorator to 2023-06-17T09:43:29.944158+00:00, run_after=2023-06-18T09:43:29.944158+00:00
[2023-06-18T15:13:29.966+0530] {processor.py:179} INFO - Processing /home/shubham/.local/lib/python3.10/site-packages/airflow/example_dags/example_short_circuit_decorator.py took 0.072 seconds
[2023-06-18T15:14:13.435+0530] {processor.py:157} INFO - Started process (PID=5739) to work on /home/shubham/.local/lib/python3.10/site-packages/airflow/example_dags/example_short_circuit_decorator.py
[2023-06-18T15:14:13.437+0530] {processor.py:826} INFO - Processing file /home/shubham/.local/lib/python3.10/site-packages/airflow/example_dags/example_short_circuit_decorator.py for tasks to queue
[2023-06-18T15:14:13.438+0530] {logging_mixin.py:149} INFO - [2023-06-18T15:14:13.438+0530] {dagbag.py:541} INFO - Filling up the DagBag from /home/shubham/.local/lib/python3.10/site-packages/airflow/example_dags/example_short_circuit_decorator.py
[2023-06-18T15:14:13.447+0530] {processor.py:836} INFO - DAG(s) dict_keys(['example_short_circuit_decorator']) retrieved from /home/shubham/.local/lib/python3.10/site-packages/airflow/example_dags/example_short_circuit_decorator.py
[2023-06-18T15:14:13.466+0530] {logging_mixin.py:149} INFO - [2023-06-18T15:14:13.466+0530] {dag.py:2726} INFO - Sync 1 DAGs
[2023-06-18T15:14:13.485+0530] {logging_mixin.py:149} INFO - [2023-06-18T15:14:13.484+0530] {dag.py:3486} INFO - Setting next_dagrun for example_short_circuit_decorator to 2023-06-17T09:44:13.484613+00:00, run_after=2023-06-18T09:44:13.484613+00:00
[2023-06-18T15:14:13.511+0530] {processor.py:179} INFO - Processing /home/shubham/.local/lib/python3.10/site-packages/airflow/example_dags/example_short_circuit_decorator.py took 0.079 seconds
[2023-06-18T15:14:57.334+0530] {processor.py:157} INFO - Started process (PID=5785) to work on /home/shubham/.local/lib/python3.10/site-packages/airflow/example_dags/example_short_circuit_decorator.py
[2023-06-18T15:14:57.336+0530] {processor.py:826} INFO - Processing file /home/shubham/.local/lib/python3.10/site-packages/airflow/example_dags/example_short_circuit_decorator.py for tasks to queue
[2023-06-18T15:14:57.337+0530] {logging_mixin.py:149} INFO - [2023-06-18T15:14:57.337+0530] {dagbag.py:541} INFO - Filling up the DagBag from /home/shubham/.local/lib/python3.10/site-packages/airflow/example_dags/example_short_circuit_decorator.py
[2023-06-18T15:14:57.346+0530] {processor.py:836} INFO - DAG(s) dict_keys(['example_short_circuit_decorator']) retrieved from /home/shubham/.local/lib/python3.10/site-packages/airflow/example_dags/example_short_circuit_decorator.py
[2023-06-18T15:14:57.366+0530] {logging_mixin.py:149} INFO - [2023-06-18T15:14:57.366+0530] {dag.py:2726} INFO - Sync 1 DAGs
[2023-06-18T15:14:57.384+0530] {logging_mixin.py:149} INFO - [2023-06-18T15:14:57.384+0530] {dag.py:3486} INFO - Setting next_dagrun for example_short_circuit_decorator to 2023-06-17T09:44:57.384292+00:00, run_after=2023-06-18T09:44:57.384292+00:00
[2023-06-18T15:14:57.410+0530] {processor.py:179} INFO - Processing /home/shubham/.local/lib/python3.10/site-packages/airflow/example_dags/example_short_circuit_decorator.py took 0.079 seconds
[2023-06-18T15:15:43.753+0530] {processor.py:157} INFO - Started process (PID=5832) to work on /home/shubham/.local/lib/python3.10/site-packages/airflow/example_dags/example_short_circuit_decorator.py
[2023-06-18T15:15:43.756+0530] {processor.py:826} INFO - Processing file /home/shubham/.local/lib/python3.10/site-packages/airflow/example_dags/example_short_circuit_decorator.py for tasks to queue
[2023-06-18T15:15:43.756+0530] {logging_mixin.py:149} INFO - [2023-06-18T15:15:43.756+0530] {dagbag.py:541} INFO - Filling up the DagBag from /home/shubham/.local/lib/python3.10/site-packages/airflow/example_dags/example_short_circuit_decorator.py
[2023-06-18T15:15:43.765+0530] {processor.py:836} INFO - DAG(s) dict_keys(['example_short_circuit_decorator']) retrieved from /home/shubham/.local/lib/python3.10/site-packages/airflow/example_dags/example_short_circuit_decorator.py
[2023-06-18T15:15:43.783+0530] {logging_mixin.py:149} INFO - [2023-06-18T15:15:43.783+0530] {dag.py:2726} INFO - Sync 1 DAGs
[2023-06-18T15:15:43.799+0530] {logging_mixin.py:149} INFO - [2023-06-18T15:15:43.799+0530] {dag.py:3486} INFO - Setting next_dagrun for example_short_circuit_decorator to 2023-06-17T09:45:43.798832+00:00, run_after=2023-06-18T09:45:43.798832+00:00
[2023-06-18T15:15:43.821+0530] {processor.py:179} INFO - Processing /home/shubham/.local/lib/python3.10/site-packages/airflow/example_dags/example_short_circuit_decorator.py took 0.070 seconds
[2023-06-18T15:16:29.000+0530] {processor.py:157} INFO - Started process (PID=5879) to work on /home/shubham/.local/lib/python3.10/site-packages/airflow/example_dags/example_short_circuit_decorator.py
[2023-06-18T15:16:29.002+0530] {processor.py:826} INFO - Processing file /home/shubham/.local/lib/python3.10/site-packages/airflow/example_dags/example_short_circuit_decorator.py for tasks to queue
[2023-06-18T15:16:29.003+0530] {logging_mixin.py:149} INFO - [2023-06-18T15:16:29.003+0530] {dagbag.py:541} INFO - Filling up the DagBag from /home/shubham/.local/lib/python3.10/site-packages/airflow/example_dags/example_short_circuit_decorator.py
[2023-06-18T15:16:29.011+0530] {processor.py:836} INFO - DAG(s) dict_keys(['example_short_circuit_decorator']) retrieved from /home/shubham/.local/lib/python3.10/site-packages/airflow/example_dags/example_short_circuit_decorator.py
[2023-06-18T15:16:29.029+0530] {logging_mixin.py:149} INFO - [2023-06-18T15:16:29.029+0530] {dag.py:2726} INFO - Sync 1 DAGs
[2023-06-18T15:16:29.045+0530] {logging_mixin.py:149} INFO - [2023-06-18T15:16:29.045+0530] {dag.py:3486} INFO - Setting next_dagrun for example_short_circuit_decorator to 2023-06-17T09:46:29.045010+00:00, run_after=2023-06-18T09:46:29.045010+00:00
[2023-06-18T15:16:29.068+0530] {processor.py:179} INFO - Processing /home/shubham/.local/lib/python3.10/site-packages/airflow/example_dags/example_short_circuit_decorator.py took 0.071 seconds
[2023-06-18T15:17:11.240+0530] {processor.py:157} INFO - Started process (PID=5924) to work on /home/shubham/.local/lib/python3.10/site-packages/airflow/example_dags/example_short_circuit_decorator.py
[2023-06-18T15:17:11.242+0530] {processor.py:826} INFO - Processing file /home/shubham/.local/lib/python3.10/site-packages/airflow/example_dags/example_short_circuit_decorator.py for tasks to queue
[2023-06-18T15:17:11.243+0530] {logging_mixin.py:149} INFO - [2023-06-18T15:17:11.242+0530] {dagbag.py:541} INFO - Filling up the DagBag from /home/shubham/.local/lib/python3.10/site-packages/airflow/example_dags/example_short_circuit_decorator.py
[2023-06-18T15:17:11.252+0530] {processor.py:836} INFO - DAG(s) dict_keys(['example_short_circuit_decorator']) retrieved from /home/shubham/.local/lib/python3.10/site-packages/airflow/example_dags/example_short_circuit_decorator.py
[2023-06-18T15:17:11.271+0530] {logging_mixin.py:149} INFO - [2023-06-18T15:17:11.271+0530] {dag.py:2726} INFO - Sync 1 DAGs
[2023-06-18T15:17:11.291+0530] {logging_mixin.py:149} INFO - [2023-06-18T15:17:11.290+0530] {dag.py:3486} INFO - Setting next_dagrun for example_short_circuit_decorator to 2023-06-17T09:47:11.290511+00:00, run_after=2023-06-18T09:47:11.290511+00:00
[2023-06-18T15:17:11.315+0530] {processor.py:179} INFO - Processing /home/shubham/.local/lib/python3.10/site-packages/airflow/example_dags/example_short_circuit_decorator.py took 0.078 seconds
[2023-06-18T15:17:55.314+0530] {processor.py:157} INFO - Started process (PID=5970) to work on /home/shubham/.local/lib/python3.10/site-packages/airflow/example_dags/example_short_circuit_decorator.py
[2023-06-18T15:17:55.316+0530] {processor.py:826} INFO - Processing file /home/shubham/.local/lib/python3.10/site-packages/airflow/example_dags/example_short_circuit_decorator.py for tasks to queue
[2023-06-18T15:17:55.317+0530] {logging_mixin.py:149} INFO - [2023-06-18T15:17:55.317+0530] {dagbag.py:541} INFO - Filling up the DagBag from /home/shubham/.local/lib/python3.10/site-packages/airflow/example_dags/example_short_circuit_decorator.py
[2023-06-18T15:17:55.326+0530] {processor.py:836} INFO - DAG(s) dict_keys(['example_short_circuit_decorator']) retrieved from /home/shubham/.local/lib/python3.10/site-packages/airflow/example_dags/example_short_circuit_decorator.py
[2023-06-18T15:17:55.346+0530] {logging_mixin.py:149} INFO - [2023-06-18T15:17:55.346+0530] {dag.py:2726} INFO - Sync 1 DAGs
[2023-06-18T15:17:55.365+0530] {logging_mixin.py:149} INFO - [2023-06-18T15:17:55.365+0530] {dag.py:3486} INFO - Setting next_dagrun for example_short_circuit_decorator to 2023-06-17T09:47:55.364870+00:00, run_after=2023-06-18T09:47:55.364870+00:00
[2023-06-18T15:17:55.390+0530] {processor.py:179} INFO - Processing /home/shubham/.local/lib/python3.10/site-packages/airflow/example_dags/example_short_circuit_decorator.py took 0.079 seconds
[2023-06-18T15:18:38.216+0530] {processor.py:157} INFO - Started process (PID=6014) to work on /home/shubham/.local/lib/python3.10/site-packages/airflow/example_dags/example_short_circuit_decorator.py
[2023-06-18T15:18:38.218+0530] {processor.py:826} INFO - Processing file /home/shubham/.local/lib/python3.10/site-packages/airflow/example_dags/example_short_circuit_decorator.py for tasks to queue
[2023-06-18T15:18:38.219+0530] {logging_mixin.py:149} INFO - [2023-06-18T15:18:38.219+0530] {dagbag.py:541} INFO - Filling up the DagBag from /home/shubham/.local/lib/python3.10/site-packages/airflow/example_dags/example_short_circuit_decorator.py
[2023-06-18T15:18:38.228+0530] {processor.py:836} INFO - DAG(s) dict_keys(['example_short_circuit_decorator']) retrieved from /home/shubham/.local/lib/python3.10/site-packages/airflow/example_dags/example_short_circuit_decorator.py
[2023-06-18T15:18:38.248+0530] {logging_mixin.py:149} INFO - [2023-06-18T15:18:38.248+0530] {dag.py:2726} INFO - Sync 1 DAGs
[2023-06-18T15:18:38.268+0530] {logging_mixin.py:149} INFO - [2023-06-18T15:18:38.268+0530] {dag.py:3486} INFO - Setting next_dagrun for example_short_circuit_decorator to 2023-06-17T09:48:38.268173+00:00, run_after=2023-06-18T09:48:38.268173+00:00
[2023-06-18T15:18:38.294+0530] {processor.py:179} INFO - Processing /home/shubham/.local/lib/python3.10/site-packages/airflow/example_dags/example_short_circuit_decorator.py took 0.081 seconds
[2023-06-18T15:19:22.878+0530] {processor.py:157} INFO - Started process (PID=6062) to work on /home/shubham/.local/lib/python3.10/site-packages/airflow/example_dags/example_short_circuit_decorator.py
[2023-06-18T15:19:22.881+0530] {processor.py:826} INFO - Processing file /home/shubham/.local/lib/python3.10/site-packages/airflow/example_dags/example_short_circuit_decorator.py for tasks to queue
[2023-06-18T15:19:22.881+0530] {logging_mixin.py:149} INFO - [2023-06-18T15:19:22.881+0530] {dagbag.py:541} INFO - Filling up the DagBag from /home/shubham/.local/lib/python3.10/site-packages/airflow/example_dags/example_short_circuit_decorator.py
[2023-06-18T15:19:22.889+0530] {processor.py:836} INFO - DAG(s) dict_keys(['example_short_circuit_decorator']) retrieved from /home/shubham/.local/lib/python3.10/site-packages/airflow/example_dags/example_short_circuit_decorator.py
[2023-06-18T15:19:22.906+0530] {logging_mixin.py:149} INFO - [2023-06-18T15:19:22.906+0530] {dag.py:2726} INFO - Sync 1 DAGs
[2023-06-18T15:19:22.923+0530] {logging_mixin.py:149} INFO - [2023-06-18T15:19:22.923+0530] {dag.py:3486} INFO - Setting next_dagrun for example_short_circuit_decorator to 2023-06-17T09:49:22.923144+00:00, run_after=2023-06-18T09:49:22.923144+00:00
[2023-06-18T15:19:22.946+0530] {processor.py:179} INFO - Processing /home/shubham/.local/lib/python3.10/site-packages/airflow/example_dags/example_short_circuit_decorator.py took 0.070 seconds
[2023-06-18T15:20:06.501+0530] {processor.py:157} INFO - Started process (PID=6107) to work on /home/shubham/.local/lib/python3.10/site-packages/airflow/example_dags/example_short_circuit_decorator.py
[2023-06-18T15:20:06.503+0530] {processor.py:826} INFO - Processing file /home/shubham/.local/lib/python3.10/site-packages/airflow/example_dags/example_short_circuit_decorator.py for tasks to queue
[2023-06-18T15:20:06.504+0530] {logging_mixin.py:149} INFO - [2023-06-18T15:20:06.504+0530] {dagbag.py:541} INFO - Filling up the DagBag from /home/shubham/.local/lib/python3.10/site-packages/airflow/example_dags/example_short_circuit_decorator.py
[2023-06-18T15:20:06.513+0530] {processor.py:836} INFO - DAG(s) dict_keys(['example_short_circuit_decorator']) retrieved from /home/shubham/.local/lib/python3.10/site-packages/airflow/example_dags/example_short_circuit_decorator.py
[2023-06-18T15:20:06.533+0530] {logging_mixin.py:149} INFO - [2023-06-18T15:20:06.533+0530] {dag.py:2726} INFO - Sync 1 DAGs
[2023-06-18T15:20:06.551+0530] {logging_mixin.py:149} INFO - [2023-06-18T15:20:06.551+0530] {dag.py:3486} INFO - Setting next_dagrun for example_short_circuit_decorator to 2023-06-17T09:50:06.551217+00:00, run_after=2023-06-18T09:50:06.551217+00:00
[2023-06-18T15:20:06.578+0530] {processor.py:179} INFO - Processing /home/shubham/.local/lib/python3.10/site-packages/airflow/example_dags/example_short_circuit_decorator.py took 0.080 seconds
[2023-06-18T15:21:01.887+0530] {processor.py:157} INFO - Started process (PID=6160) to work on /home/shubham/.local/lib/python3.10/site-packages/airflow/example_dags/example_short_circuit_decorator.py
[2023-06-18T15:21:01.888+0530] {processor.py:826} INFO - Processing file /home/shubham/.local/lib/python3.10/site-packages/airflow/example_dags/example_short_circuit_decorator.py for tasks to queue
[2023-06-18T15:21:01.889+0530] {logging_mixin.py:149} INFO - [2023-06-18T15:21:01.889+0530] {dagbag.py:541} INFO - Filling up the DagBag from /home/shubham/.local/lib/python3.10/site-packages/airflow/example_dags/example_short_circuit_decorator.py
[2023-06-18T15:21:01.901+0530] {processor.py:836} INFO - DAG(s) dict_keys(['example_short_circuit_decorator']) retrieved from /home/shubham/.local/lib/python3.10/site-packages/airflow/example_dags/example_short_circuit_decorator.py
[2023-06-18T15:21:01.970+0530] {logging_mixin.py:149} INFO - [2023-06-18T15:21:01.970+0530] {dag.py:2726} INFO - Sync 1 DAGs
[2023-06-18T15:21:01.995+0530] {logging_mixin.py:149} INFO - [2023-06-18T15:21:01.995+0530] {dag.py:3486} INFO - Setting next_dagrun for example_short_circuit_decorator to 2023-06-17T09:51:01.994863+00:00, run_after=2023-06-18T09:51:01.994863+00:00
[2023-06-18T15:21:02.043+0530] {processor.py:179} INFO - Processing /home/shubham/.local/lib/python3.10/site-packages/airflow/example_dags/example_short_circuit_decorator.py took 0.160 seconds
[2023-06-18T15:21:43.435+0530] {processor.py:157} INFO - Started process (PID=6201) to work on /home/shubham/.local/lib/python3.10/site-packages/airflow/example_dags/example_short_circuit_decorator.py
[2023-06-18T15:21:43.437+0530] {processor.py:826} INFO - Processing file /home/shubham/.local/lib/python3.10/site-packages/airflow/example_dags/example_short_circuit_decorator.py for tasks to queue
[2023-06-18T15:21:43.438+0530] {logging_mixin.py:149} INFO - [2023-06-18T15:21:43.438+0530] {dagbag.py:541} INFO - Filling up the DagBag from /home/shubham/.local/lib/python3.10/site-packages/airflow/example_dags/example_short_circuit_decorator.py
[2023-06-18T15:21:43.450+0530] {processor.py:836} INFO - DAG(s) dict_keys(['example_short_circuit_decorator']) retrieved from /home/shubham/.local/lib/python3.10/site-packages/airflow/example_dags/example_short_circuit_decorator.py
[2023-06-18T15:21:43.477+0530] {logging_mixin.py:149} INFO - [2023-06-18T15:21:43.477+0530] {dag.py:2726} INFO - Sync 1 DAGs
[2023-06-18T15:21:43.502+0530] {logging_mixin.py:149} INFO - [2023-06-18T15:21:43.502+0530] {dag.py:3486} INFO - Setting next_dagrun for example_short_circuit_decorator to 2023-06-17T09:51:43.502207+00:00, run_after=2023-06-18T09:51:43.502207+00:00
[2023-06-18T15:21:43.533+0530] {processor.py:179} INFO - Processing /home/shubham/.local/lib/python3.10/site-packages/airflow/example_dags/example_short_circuit_decorator.py took 0.103 seconds
[2023-06-18T15:47:10.068+0530] {processor.py:157} INFO - Started process (PID=6344) to work on /home/shubham/.local/lib/python3.10/site-packages/airflow/example_dags/example_short_circuit_decorator.py
[2023-06-18T15:47:10.070+0530] {processor.py:826} INFO - Processing file /home/shubham/.local/lib/python3.10/site-packages/airflow/example_dags/example_short_circuit_decorator.py for tasks to queue
[2023-06-18T15:47:10.071+0530] {logging_mixin.py:149} INFO - [2023-06-18T15:47:10.070+0530] {dagbag.py:541} INFO - Filling up the DagBag from /home/shubham/.local/lib/python3.10/site-packages/airflow/example_dags/example_short_circuit_decorator.py
[2023-06-18T15:47:10.081+0530] {processor.py:836} INFO - DAG(s) dict_keys(['example_short_circuit_decorator']) retrieved from /home/shubham/.local/lib/python3.10/site-packages/airflow/example_dags/example_short_circuit_decorator.py
[2023-06-18T15:47:10.102+0530] {logging_mixin.py:149} INFO - [2023-06-18T15:47:10.102+0530] {dag.py:2726} INFO - Sync 1 DAGs
[2023-06-18T15:47:10.116+0530] {logging_mixin.py:149} INFO - [2023-06-18T15:47:10.116+0530] {dag.py:3486} INFO - Setting next_dagrun for example_short_circuit_decorator to 2023-06-17T10:17:10.116067+00:00, run_after=2023-06-18T10:17:10.116067+00:00
[2023-06-18T15:47:10.140+0530] {processor.py:179} INFO - Processing /home/shubham/.local/lib/python3.10/site-packages/airflow/example_dags/example_short_circuit_decorator.py took 0.075 seconds
[2023-06-18T15:47:55.702+0530] {processor.py:157} INFO - Started process (PID=6399) to work on /home/shubham/.local/lib/python3.10/site-packages/airflow/example_dags/example_short_circuit_decorator.py
[2023-06-18T15:47:55.705+0530] {processor.py:826} INFO - Processing file /home/shubham/.local/lib/python3.10/site-packages/airflow/example_dags/example_short_circuit_decorator.py for tasks to queue
[2023-06-18T15:47:55.705+0530] {logging_mixin.py:149} INFO - [2023-06-18T15:47:55.705+0530] {dagbag.py:541} INFO - Filling up the DagBag from /home/shubham/.local/lib/python3.10/site-packages/airflow/example_dags/example_short_circuit_decorator.py
[2023-06-18T15:47:55.713+0530] {processor.py:836} INFO - DAG(s) dict_keys(['example_short_circuit_decorator']) retrieved from /home/shubham/.local/lib/python3.10/site-packages/airflow/example_dags/example_short_circuit_decorator.py
[2023-06-18T15:47:55.731+0530] {logging_mixin.py:149} INFO - [2023-06-18T15:47:55.731+0530] {dag.py:2726} INFO - Sync 1 DAGs
[2023-06-18T15:47:55.746+0530] {logging_mixin.py:149} INFO - [2023-06-18T15:47:55.746+0530] {dag.py:3486} INFO - Setting next_dagrun for example_short_circuit_decorator to 2023-06-17T10:17:55.746086+00:00, run_after=2023-06-18T10:17:55.746086+00:00
[2023-06-18T15:47:55.769+0530] {processor.py:179} INFO - Processing /home/shubham/.local/lib/python3.10/site-packages/airflow/example_dags/example_short_circuit_decorator.py took 0.070 seconds
