[2023-06-18T13:45:10.419+0530] {processor.py:157} INFO - Started process (PID=133) to work on /home/shubham/.local/lib/python3.10/site-packages/airflow/example_dags/example_latest_only.py
[2023-06-18T13:45:10.420+0530] {processor.py:826} INFO - Processing file /home/shubham/.local/lib/python3.10/site-packages/airflow/example_dags/example_latest_only.py for tasks to queue
[2023-06-18T13:45:10.420+0530] {logging_mixin.py:149} INFO - [2023-06-18T13:45:10.420+0530] {dagbag.py:541} INFO - Filling up the DagBag from /home/shubham/.local/lib/python3.10/site-packages/airflow/example_dags/example_latest_only.py
[2023-06-18T13:45:10.426+0530] {processor.py:836} INFO - DAG(s) dict_keys(['latest_only']) retrieved from /home/shubham/.local/lib/python3.10/site-packages/airflow/example_dags/example_latest_only.py
[2023-06-18T13:45:10.431+0530] {logging_mixin.py:149} INFO - [2023-06-18T13:45:10.431+0530] {dag.py:2726} INFO - Sync 1 DAGs
[2023-06-18T13:45:10.443+0530] {logging_mixin.py:149} INFO - [2023-06-18T13:45:10.443+0530] {dag.py:3486} INFO - Setting next_dagrun for latest_only to 2023-06-18T04:15:10.443259+00:00, run_after=2023-06-18T08:15:10.443259+00:00
[2023-06-18T13:45:10.460+0530] {processor.py:179} INFO - Processing /home/shubham/.local/lib/python3.10/site-packages/airflow/example_dags/example_latest_only.py took 0.043 seconds
[2023-06-18T13:45:53.013+0530] {processor.py:157} INFO - Started process (PID=179) to work on /home/shubham/.local/lib/python3.10/site-packages/airflow/example_dags/example_latest_only.py
[2023-06-18T13:45:53.014+0530] {processor.py:826} INFO - Processing file /home/shubham/.local/lib/python3.10/site-packages/airflow/example_dags/example_latest_only.py for tasks to queue
[2023-06-18T13:45:53.015+0530] {logging_mixin.py:149} INFO - [2023-06-18T13:45:53.015+0530] {dagbag.py:541} INFO - Filling up the DagBag from /home/shubham/.local/lib/python3.10/site-packages/airflow/example_dags/example_latest_only.py
[2023-06-18T13:45:53.019+0530] {processor.py:836} INFO - DAG(s) dict_keys(['latest_only']) retrieved from /home/shubham/.local/lib/python3.10/site-packages/airflow/example_dags/example_latest_only.py
[2023-06-18T13:45:53.030+0530] {logging_mixin.py:149} INFO - [2023-06-18T13:45:53.030+0530] {dag.py:2726} INFO - Sync 1 DAGs
[2023-06-18T13:45:53.041+0530] {logging_mixin.py:149} INFO - [2023-06-18T13:45:53.041+0530] {dag.py:3486} INFO - Setting next_dagrun for latest_only to 2023-06-18T04:15:53.041418+00:00, run_after=2023-06-18T08:15:53.041418+00:00
[2023-06-18T13:45:53.057+0530] {processor.py:179} INFO - Processing /home/shubham/.local/lib/python3.10/site-packages/airflow/example_dags/example_latest_only.py took 0.046 seconds
[2023-06-18T13:46:38.202+0530] {processor.py:157} INFO - Started process (PID=225) to work on /home/shubham/.local/lib/python3.10/site-packages/airflow/example_dags/example_latest_only.py
[2023-06-18T13:46:38.203+0530] {processor.py:826} INFO - Processing file /home/shubham/.local/lib/python3.10/site-packages/airflow/example_dags/example_latest_only.py for tasks to queue
[2023-06-18T13:46:38.203+0530] {logging_mixin.py:149} INFO - [2023-06-18T13:46:38.203+0530] {dagbag.py:541} INFO - Filling up the DagBag from /home/shubham/.local/lib/python3.10/site-packages/airflow/example_dags/example_latest_only.py
[2023-06-18T13:46:38.208+0530] {processor.py:836} INFO - DAG(s) dict_keys(['latest_only']) retrieved from /home/shubham/.local/lib/python3.10/site-packages/airflow/example_dags/example_latest_only.py
[2023-06-18T13:46:38.222+0530] {logging_mixin.py:149} INFO - [2023-06-18T13:46:38.221+0530] {dag.py:2726} INFO - Sync 1 DAGs
[2023-06-18T13:46:38.237+0530] {logging_mixin.py:149} INFO - [2023-06-18T13:46:38.237+0530] {dag.py:3486} INFO - Setting next_dagrun for latest_only to 2023-06-18T04:16:38.236977+00:00, run_after=2023-06-18T08:16:38.236977+00:00
[2023-06-18T13:46:38.256+0530] {processor.py:179} INFO - Processing /home/shubham/.local/lib/python3.10/site-packages/airflow/example_dags/example_latest_only.py took 0.057 seconds
[2023-06-18T13:47:25.588+0530] {processor.py:157} INFO - Started process (PID=273) to work on /home/shubham/.local/lib/python3.10/site-packages/airflow/example_dags/example_latest_only.py
[2023-06-18T13:47:25.590+0530] {processor.py:826} INFO - Processing file /home/shubham/.local/lib/python3.10/site-packages/airflow/example_dags/example_latest_only.py for tasks to queue
[2023-06-18T13:47:25.590+0530] {logging_mixin.py:149} INFO - [2023-06-18T13:47:25.590+0530] {dagbag.py:541} INFO - Filling up the DagBag from /home/shubham/.local/lib/python3.10/site-packages/airflow/example_dags/example_latest_only.py
[2023-06-18T13:47:25.594+0530] {processor.py:836} INFO - DAG(s) dict_keys(['latest_only']) retrieved from /home/shubham/.local/lib/python3.10/site-packages/airflow/example_dags/example_latest_only.py
[2023-06-18T13:47:25.607+0530] {logging_mixin.py:149} INFO - [2023-06-18T13:47:25.607+0530] {dag.py:2726} INFO - Sync 1 DAGs
[2023-06-18T13:47:25.618+0530] {logging_mixin.py:149} INFO - [2023-06-18T13:47:25.618+0530] {dag.py:3486} INFO - Setting next_dagrun for latest_only to 2023-06-18T04:17:25.618443+00:00, run_after=2023-06-18T08:17:25.618443+00:00
[2023-06-18T13:47:25.635+0530] {processor.py:179} INFO - Processing /home/shubham/.local/lib/python3.10/site-packages/airflow/example_dags/example_latest_only.py took 0.049 seconds
[2023-06-18T13:52:14.797+0530] {processor.py:157} INFO - Started process (PID=462) to work on /home/shubham/.local/lib/python3.10/site-packages/airflow/example_dags/example_latest_only.py
[2023-06-18T13:52:14.799+0530] {processor.py:826} INFO - Processing file /home/shubham/.local/lib/python3.10/site-packages/airflow/example_dags/example_latest_only.py for tasks to queue
[2023-06-18T13:52:14.799+0530] {logging_mixin.py:149} INFO - [2023-06-18T13:52:14.799+0530] {dagbag.py:541} INFO - Filling up the DagBag from /home/shubham/.local/lib/python3.10/site-packages/airflow/example_dags/example_latest_only.py
[2023-06-18T13:52:14.804+0530] {processor.py:836} INFO - DAG(s) dict_keys(['latest_only']) retrieved from /home/shubham/.local/lib/python3.10/site-packages/airflow/example_dags/example_latest_only.py
[2023-06-18T13:52:14.810+0530] {logging_mixin.py:149} INFO - [2023-06-18T13:52:14.810+0530] {dag.py:2726} INFO - Sync 1 DAGs
[2023-06-18T13:52:14.822+0530] {logging_mixin.py:149} INFO - [2023-06-18T13:52:14.821+0530] {dag.py:3486} INFO - Setting next_dagrun for latest_only to 2023-06-18T04:22:14.821731+00:00, run_after=2023-06-18T08:22:14.821731+00:00
[2023-06-18T13:52:14.838+0530] {processor.py:179} INFO - Processing /home/shubham/.local/lib/python3.10/site-packages/airflow/example_dags/example_latest_only.py took 0.043 seconds
[2023-06-18T13:52:59.223+0530] {processor.py:157} INFO - Started process (PID=508) to work on /home/shubham/.local/lib/python3.10/site-packages/airflow/example_dags/example_latest_only.py
[2023-06-18T13:52:59.224+0530] {processor.py:826} INFO - Processing file /home/shubham/.local/lib/python3.10/site-packages/airflow/example_dags/example_latest_only.py for tasks to queue
[2023-06-18T13:52:59.225+0530] {logging_mixin.py:149} INFO - [2023-06-18T13:52:59.225+0530] {dagbag.py:541} INFO - Filling up the DagBag from /home/shubham/.local/lib/python3.10/site-packages/airflow/example_dags/example_latest_only.py
[2023-06-18T13:52:59.229+0530] {processor.py:836} INFO - DAG(s) dict_keys(['latest_only']) retrieved from /home/shubham/.local/lib/python3.10/site-packages/airflow/example_dags/example_latest_only.py
[2023-06-18T13:52:59.240+0530] {logging_mixin.py:149} INFO - [2023-06-18T13:52:59.240+0530] {dag.py:2726} INFO - Sync 1 DAGs
[2023-06-18T13:52:59.251+0530] {logging_mixin.py:149} INFO - [2023-06-18T13:52:59.251+0530] {dag.py:3486} INFO - Setting next_dagrun for latest_only to 2023-06-18T04:22:59.251158+00:00, run_after=2023-06-18T08:22:59.251158+00:00
[2023-06-18T13:52:59.266+0530] {processor.py:179} INFO - Processing /home/shubham/.local/lib/python3.10/site-packages/airflow/example_dags/example_latest_only.py took 0.046 seconds
[2023-06-18T14:39:48.251+0530] {processor.py:157} INFO - Started process (PID=3213) to work on /home/shubham/.local/lib/python3.10/site-packages/airflow/example_dags/example_latest_only.py
[2023-06-18T14:39:48.252+0530] {processor.py:826} INFO - Processing file /home/shubham/.local/lib/python3.10/site-packages/airflow/example_dags/example_latest_only.py for tasks to queue
[2023-06-18T14:39:48.253+0530] {logging_mixin.py:149} INFO - [2023-06-18T14:39:48.252+0530] {dagbag.py:541} INFO - Filling up the DagBag from /home/shubham/.local/lib/python3.10/site-packages/airflow/example_dags/example_latest_only.py
[2023-06-18T14:39:48.263+0530] {processor.py:836} INFO - DAG(s) dict_keys(['latest_only']) retrieved from /home/shubham/.local/lib/python3.10/site-packages/airflow/example_dags/example_latest_only.py
[2023-06-18T14:39:48.295+0530] {logging_mixin.py:149} INFO - [2023-06-18T14:39:48.295+0530] {dag.py:2726} INFO - Sync 1 DAGs
[2023-06-18T14:39:48.317+0530] {logging_mixin.py:149} INFO - [2023-06-18T14:39:48.317+0530] {dag.py:3486} INFO - Setting next_dagrun for latest_only to 2023-06-18T05:09:48.317193+00:00, run_after=2023-06-18T09:09:48.317193+00:00
[2023-06-18T14:39:48.350+0530] {processor.py:179} INFO - Processing /home/shubham/.local/lib/python3.10/site-packages/airflow/example_dags/example_latest_only.py took 0.102 seconds
[2023-06-18T14:40:33.748+0530] {processor.py:157} INFO - Started process (PID=3277) to work on /home/shubham/.local/lib/python3.10/site-packages/airflow/example_dags/example_latest_only.py
[2023-06-18T14:40:33.749+0530] {processor.py:826} INFO - Processing file /home/shubham/.local/lib/python3.10/site-packages/airflow/example_dags/example_latest_only.py for tasks to queue
[2023-06-18T14:40:33.749+0530] {logging_mixin.py:149} INFO - [2023-06-18T14:40:33.749+0530] {dagbag.py:541} INFO - Filling up the DagBag from /home/shubham/.local/lib/python3.10/site-packages/airflow/example_dags/example_latest_only.py
[2023-06-18T14:40:33.754+0530] {processor.py:836} INFO - DAG(s) dict_keys(['latest_only']) retrieved from /home/shubham/.local/lib/python3.10/site-packages/airflow/example_dags/example_latest_only.py
[2023-06-18T14:40:33.768+0530] {logging_mixin.py:149} INFO - [2023-06-18T14:40:33.767+0530] {dag.py:2726} INFO - Sync 1 DAGs
[2023-06-18T14:40:33.782+0530] {logging_mixin.py:149} INFO - [2023-06-18T14:40:33.782+0530] {dag.py:3486} INFO - Setting next_dagrun for latest_only to 2023-06-18T05:10:33.782031+00:00, run_after=2023-06-18T09:10:33.782031+00:00
[2023-06-18T14:40:33.799+0530] {processor.py:179} INFO - Processing /home/shubham/.local/lib/python3.10/site-packages/airflow/example_dags/example_latest_only.py took 0.054 seconds
[2023-06-18T14:41:17.932+0530] {processor.py:157} INFO - Started process (PID=3594) to work on /home/shubham/.local/lib/python3.10/site-packages/airflow/example_dags/example_latest_only.py
[2023-06-18T14:41:17.933+0530] {processor.py:826} INFO - Processing file /home/shubham/.local/lib/python3.10/site-packages/airflow/example_dags/example_latest_only.py for tasks to queue
[2023-06-18T14:41:17.934+0530] {logging_mixin.py:149} INFO - [2023-06-18T14:41:17.934+0530] {dagbag.py:541} INFO - Filling up the DagBag from /home/shubham/.local/lib/python3.10/site-packages/airflow/example_dags/example_latest_only.py
[2023-06-18T14:41:17.938+0530] {processor.py:836} INFO - DAG(s) dict_keys(['latest_only']) retrieved from /home/shubham/.local/lib/python3.10/site-packages/airflow/example_dags/example_latest_only.py
[2023-06-18T14:41:17.951+0530] {logging_mixin.py:149} INFO - [2023-06-18T14:41:17.951+0530] {dag.py:2726} INFO - Sync 1 DAGs
[2023-06-18T14:41:17.964+0530] {logging_mixin.py:149} INFO - [2023-06-18T14:41:17.964+0530] {dag.py:3486} INFO - Setting next_dagrun for latest_only to 2023-06-18T05:11:17.964525+00:00, run_after=2023-06-18T09:11:17.964525+00:00
[2023-06-18T14:41:17.981+0530] {processor.py:179} INFO - Processing /home/shubham/.local/lib/python3.10/site-packages/airflow/example_dags/example_latest_only.py took 0.051 seconds
[2023-06-18T14:42:02.254+0530] {processor.py:157} INFO - Started process (PID=3662) to work on /home/shubham/.local/lib/python3.10/site-packages/airflow/example_dags/example_latest_only.py
[2023-06-18T14:42:02.256+0530] {processor.py:826} INFO - Processing file /home/shubham/.local/lib/python3.10/site-packages/airflow/example_dags/example_latest_only.py for tasks to queue
[2023-06-18T14:42:02.256+0530] {logging_mixin.py:149} INFO - [2023-06-18T14:42:02.256+0530] {dagbag.py:541} INFO - Filling up the DagBag from /home/shubham/.local/lib/python3.10/site-packages/airflow/example_dags/example_latest_only.py
[2023-06-18T14:42:02.261+0530] {processor.py:836} INFO - DAG(s) dict_keys(['latest_only']) retrieved from /home/shubham/.local/lib/python3.10/site-packages/airflow/example_dags/example_latest_only.py
[2023-06-18T14:42:02.273+0530] {logging_mixin.py:149} INFO - [2023-06-18T14:42:02.273+0530] {dag.py:2726} INFO - Sync 1 DAGs
[2023-06-18T14:42:02.285+0530] {logging_mixin.py:149} INFO - [2023-06-18T14:42:02.285+0530] {dag.py:3486} INFO - Setting next_dagrun for latest_only to 2023-06-18T05:12:02.285399+00:00, run_after=2023-06-18T09:12:02.285399+00:00
[2023-06-18T14:42:02.301+0530] {processor.py:179} INFO - Processing /home/shubham/.local/lib/python3.10/site-packages/airflow/example_dags/example_latest_only.py took 0.050 seconds
[2023-06-18T14:42:48.430+0530] {processor.py:157} INFO - Started process (PID=3775) to work on /home/shubham/.local/lib/python3.10/site-packages/airflow/example_dags/example_latest_only.py
[2023-06-18T14:42:48.431+0530] {processor.py:826} INFO - Processing file /home/shubham/.local/lib/python3.10/site-packages/airflow/example_dags/example_latest_only.py for tasks to queue
[2023-06-18T14:42:48.432+0530] {logging_mixin.py:149} INFO - [2023-06-18T14:42:48.432+0530] {dagbag.py:541} INFO - Filling up the DagBag from /home/shubham/.local/lib/python3.10/site-packages/airflow/example_dags/example_latest_only.py
[2023-06-18T14:42:48.436+0530] {processor.py:836} INFO - DAG(s) dict_keys(['latest_only']) retrieved from /home/shubham/.local/lib/python3.10/site-packages/airflow/example_dags/example_latest_only.py
[2023-06-18T14:42:48.448+0530] {logging_mixin.py:149} INFO - [2023-06-18T14:42:48.448+0530] {dag.py:2726} INFO - Sync 1 DAGs
[2023-06-18T14:42:48.462+0530] {logging_mixin.py:149} INFO - [2023-06-18T14:42:48.461+0530] {dag.py:3486} INFO - Setting next_dagrun for latest_only to 2023-06-18T05:12:48.461574+00:00, run_after=2023-06-18T09:12:48.461574+00:00
[2023-06-18T14:42:48.480+0530] {processor.py:179} INFO - Processing /home/shubham/.local/lib/python3.10/site-packages/airflow/example_dags/example_latest_only.py took 0.052 seconds
[2023-06-18T14:43:35.333+0530] {processor.py:157} INFO - Started process (PID=3824) to work on /home/shubham/.local/lib/python3.10/site-packages/airflow/example_dags/example_latest_only.py
[2023-06-18T14:43:35.334+0530] {processor.py:826} INFO - Processing file /home/shubham/.local/lib/python3.10/site-packages/airflow/example_dags/example_latest_only.py for tasks to queue
[2023-06-18T14:43:35.335+0530] {logging_mixin.py:149} INFO - [2023-06-18T14:43:35.335+0530] {dagbag.py:541} INFO - Filling up the DagBag from /home/shubham/.local/lib/python3.10/site-packages/airflow/example_dags/example_latest_only.py
[2023-06-18T14:43:35.339+0530] {processor.py:836} INFO - DAG(s) dict_keys(['latest_only']) retrieved from /home/shubham/.local/lib/python3.10/site-packages/airflow/example_dags/example_latest_only.py
[2023-06-18T14:43:35.352+0530] {logging_mixin.py:149} INFO - [2023-06-18T14:43:35.351+0530] {dag.py:2726} INFO - Sync 1 DAGs
[2023-06-18T14:43:35.365+0530] {logging_mixin.py:149} INFO - [2023-06-18T14:43:35.364+0530] {dag.py:3486} INFO - Setting next_dagrun for latest_only to 2023-06-18T05:13:35.364741+00:00, run_after=2023-06-18T09:13:35.364741+00:00
[2023-06-18T14:43:35.383+0530] {processor.py:179} INFO - Processing /home/shubham/.local/lib/python3.10/site-packages/airflow/example_dags/example_latest_only.py took 0.052 seconds
[2023-06-18T14:44:24.452+0530] {processor.py:157} INFO - Started process (PID=3873) to work on /home/shubham/.local/lib/python3.10/site-packages/airflow/example_dags/example_latest_only.py
[2023-06-18T14:44:24.454+0530] {processor.py:826} INFO - Processing file /home/shubham/.local/lib/python3.10/site-packages/airflow/example_dags/example_latest_only.py for tasks to queue
[2023-06-18T14:44:24.454+0530] {logging_mixin.py:149} INFO - [2023-06-18T14:44:24.454+0530] {dagbag.py:541} INFO - Filling up the DagBag from /home/shubham/.local/lib/python3.10/site-packages/airflow/example_dags/example_latest_only.py
[2023-06-18T14:44:24.458+0530] {processor.py:836} INFO - DAG(s) dict_keys(['latest_only']) retrieved from /home/shubham/.local/lib/python3.10/site-packages/airflow/example_dags/example_latest_only.py
[2023-06-18T14:44:24.471+0530] {logging_mixin.py:149} INFO - [2023-06-18T14:44:24.470+0530] {dag.py:2726} INFO - Sync 1 DAGs
[2023-06-18T14:44:24.483+0530] {logging_mixin.py:149} INFO - [2023-06-18T14:44:24.482+0530] {dag.py:3486} INFO - Setting next_dagrun for latest_only to 2023-06-18T05:14:24.482652+00:00, run_after=2023-06-18T09:14:24.482652+00:00
[2023-06-18T14:44:24.499+0530] {processor.py:179} INFO - Processing /home/shubham/.local/lib/python3.10/site-packages/airflow/example_dags/example_latest_only.py took 0.049 seconds
[2023-06-18T14:45:07.257+0530] {processor.py:157} INFO - Started process (PID=3917) to work on /home/shubham/.local/lib/python3.10/site-packages/airflow/example_dags/example_latest_only.py
[2023-06-18T14:45:07.259+0530] {processor.py:826} INFO - Processing file /home/shubham/.local/lib/python3.10/site-packages/airflow/example_dags/example_latest_only.py for tasks to queue
[2023-06-18T14:45:07.259+0530] {logging_mixin.py:149} INFO - [2023-06-18T14:45:07.259+0530] {dagbag.py:541} INFO - Filling up the DagBag from /home/shubham/.local/lib/python3.10/site-packages/airflow/example_dags/example_latest_only.py
[2023-06-18T14:45:07.263+0530] {processor.py:836} INFO - DAG(s) dict_keys(['latest_only']) retrieved from /home/shubham/.local/lib/python3.10/site-packages/airflow/example_dags/example_latest_only.py
[2023-06-18T14:45:07.276+0530] {logging_mixin.py:149} INFO - [2023-06-18T14:45:07.276+0530] {dag.py:2726} INFO - Sync 1 DAGs
[2023-06-18T14:45:07.289+0530] {logging_mixin.py:149} INFO - [2023-06-18T14:45:07.289+0530] {dag.py:3486} INFO - Setting next_dagrun for latest_only to 2023-06-18T05:15:07.289058+00:00, run_after=2023-06-18T09:15:07.289058+00:00
[2023-06-18T14:45:07.306+0530] {processor.py:179} INFO - Processing /home/shubham/.local/lib/python3.10/site-packages/airflow/example_dags/example_latest_only.py took 0.051 seconds
[2023-06-18T14:45:51.513+0530] {processor.py:157} INFO - Started process (PID=3963) to work on /home/shubham/.local/lib/python3.10/site-packages/airflow/example_dags/example_latest_only.py
[2023-06-18T14:45:51.515+0530] {processor.py:826} INFO - Processing file /home/shubham/.local/lib/python3.10/site-packages/airflow/example_dags/example_latest_only.py for tasks to queue
[2023-06-18T14:45:51.515+0530] {logging_mixin.py:149} INFO - [2023-06-18T14:45:51.515+0530] {dagbag.py:541} INFO - Filling up the DagBag from /home/shubham/.local/lib/python3.10/site-packages/airflow/example_dags/example_latest_only.py
[2023-06-18T14:45:51.519+0530] {processor.py:836} INFO - DAG(s) dict_keys(['latest_only']) retrieved from /home/shubham/.local/lib/python3.10/site-packages/airflow/example_dags/example_latest_only.py
[2023-06-18T14:45:51.532+0530] {logging_mixin.py:149} INFO - [2023-06-18T14:45:51.532+0530] {dag.py:2726} INFO - Sync 1 DAGs
[2023-06-18T14:45:51.544+0530] {logging_mixin.py:149} INFO - [2023-06-18T14:45:51.544+0530] {dag.py:3486} INFO - Setting next_dagrun for latest_only to 2023-06-18T05:15:51.544066+00:00, run_after=2023-06-18T09:15:51.544066+00:00
[2023-06-18T14:45:51.561+0530] {processor.py:179} INFO - Processing /home/shubham/.local/lib/python3.10/site-packages/airflow/example_dags/example_latest_only.py took 0.050 seconds
[2023-06-18T14:46:36.899+0530] {processor.py:157} INFO - Started process (PID=4010) to work on /home/shubham/.local/lib/python3.10/site-packages/airflow/example_dags/example_latest_only.py
[2023-06-18T14:46:36.900+0530] {processor.py:826} INFO - Processing file /home/shubham/.local/lib/python3.10/site-packages/airflow/example_dags/example_latest_only.py for tasks to queue
[2023-06-18T14:46:36.900+0530] {logging_mixin.py:149} INFO - [2023-06-18T14:46:36.900+0530] {dagbag.py:541} INFO - Filling up the DagBag from /home/shubham/.local/lib/python3.10/site-packages/airflow/example_dags/example_latest_only.py
[2023-06-18T14:46:36.905+0530] {processor.py:836} INFO - DAG(s) dict_keys(['latest_only']) retrieved from /home/shubham/.local/lib/python3.10/site-packages/airflow/example_dags/example_latest_only.py
[2023-06-18T14:46:36.917+0530] {logging_mixin.py:149} INFO - [2023-06-18T14:46:36.917+0530] {dag.py:2726} INFO - Sync 1 DAGs
[2023-06-18T14:46:36.930+0530] {logging_mixin.py:149} INFO - [2023-06-18T14:46:36.930+0530] {dag.py:3486} INFO - Setting next_dagrun for latest_only to 2023-06-18T05:16:36.929839+00:00, run_after=2023-06-18T09:16:36.929839+00:00
[2023-06-18T14:46:36.946+0530] {processor.py:179} INFO - Processing /home/shubham/.local/lib/python3.10/site-packages/airflow/example_dags/example_latest_only.py took 0.049 seconds
[2023-06-18T14:47:23.514+0530] {processor.py:157} INFO - Started process (PID=4058) to work on /home/shubham/.local/lib/python3.10/site-packages/airflow/example_dags/example_latest_only.py
[2023-06-18T14:47:23.515+0530] {processor.py:826} INFO - Processing file /home/shubham/.local/lib/python3.10/site-packages/airflow/example_dags/example_latest_only.py for tasks to queue
[2023-06-18T14:47:23.516+0530] {logging_mixin.py:149} INFO - [2023-06-18T14:47:23.516+0530] {dagbag.py:541} INFO - Filling up the DagBag from /home/shubham/.local/lib/python3.10/site-packages/airflow/example_dags/example_latest_only.py
[2023-06-18T14:47:23.520+0530] {processor.py:836} INFO - DAG(s) dict_keys(['latest_only']) retrieved from /home/shubham/.local/lib/python3.10/site-packages/airflow/example_dags/example_latest_only.py
[2023-06-18T14:47:23.533+0530] {logging_mixin.py:149} INFO - [2023-06-18T14:47:23.533+0530] {dag.py:2726} INFO - Sync 1 DAGs
[2023-06-18T14:47:23.545+0530] {logging_mixin.py:149} INFO - [2023-06-18T14:47:23.545+0530] {dag.py:3486} INFO - Setting next_dagrun for latest_only to 2023-06-18T05:17:23.545490+00:00, run_after=2023-06-18T09:17:23.545490+00:00
[2023-06-18T14:47:23.563+0530] {processor.py:179} INFO - Processing /home/shubham/.local/lib/python3.10/site-packages/airflow/example_dags/example_latest_only.py took 0.051 seconds
[2023-06-18T14:48:07.198+0530] {processor.py:157} INFO - Started process (PID=4103) to work on /home/shubham/.local/lib/python3.10/site-packages/airflow/example_dags/example_latest_only.py
[2023-06-18T14:48:07.200+0530] {processor.py:826} INFO - Processing file /home/shubham/.local/lib/python3.10/site-packages/airflow/example_dags/example_latest_only.py for tasks to queue
[2023-06-18T14:48:07.201+0530] {logging_mixin.py:149} INFO - [2023-06-18T14:48:07.200+0530] {dagbag.py:541} INFO - Filling up the DagBag from /home/shubham/.local/lib/python3.10/site-packages/airflow/example_dags/example_latest_only.py
[2023-06-18T14:48:07.206+0530] {processor.py:836} INFO - DAG(s) dict_keys(['latest_only']) retrieved from /home/shubham/.local/lib/python3.10/site-packages/airflow/example_dags/example_latest_only.py
[2023-06-18T14:48:07.220+0530] {logging_mixin.py:149} INFO - [2023-06-18T14:48:07.219+0530] {dag.py:2726} INFO - Sync 1 DAGs
[2023-06-18T14:48:07.233+0530] {logging_mixin.py:149} INFO - [2023-06-18T14:48:07.233+0530] {dag.py:3486} INFO - Setting next_dagrun for latest_only to 2023-06-18T05:18:07.232939+00:00, run_after=2023-06-18T09:18:07.232939+00:00
[2023-06-18T14:48:07.250+0530] {processor.py:179} INFO - Processing /home/shubham/.local/lib/python3.10/site-packages/airflow/example_dags/example_latest_only.py took 0.054 seconds
[2023-06-18T14:48:52.492+0530] {processor.py:157} INFO - Started process (PID=4151) to work on /home/shubham/.local/lib/python3.10/site-packages/airflow/example_dags/example_latest_only.py
[2023-06-18T14:48:52.493+0530] {processor.py:826} INFO - Processing file /home/shubham/.local/lib/python3.10/site-packages/airflow/example_dags/example_latest_only.py for tasks to queue
[2023-06-18T14:48:52.494+0530] {logging_mixin.py:149} INFO - [2023-06-18T14:48:52.494+0530] {dagbag.py:541} INFO - Filling up the DagBag from /home/shubham/.local/lib/python3.10/site-packages/airflow/example_dags/example_latest_only.py
[2023-06-18T14:48:52.498+0530] {processor.py:836} INFO - DAG(s) dict_keys(['latest_only']) retrieved from /home/shubham/.local/lib/python3.10/site-packages/airflow/example_dags/example_latest_only.py
[2023-06-18T14:48:52.511+0530] {logging_mixin.py:149} INFO - [2023-06-18T14:48:52.511+0530] {dag.py:2726} INFO - Sync 1 DAGs
[2023-06-18T14:48:52.523+0530] {logging_mixin.py:149} INFO - [2023-06-18T14:48:52.523+0530] {dag.py:3486} INFO - Setting next_dagrun for latest_only to 2023-06-18T05:18:52.523553+00:00, run_after=2023-06-18T09:18:52.523553+00:00
[2023-06-18T14:48:52.540+0530] {processor.py:179} INFO - Processing /home/shubham/.local/lib/python3.10/site-packages/airflow/example_dags/example_latest_only.py took 0.051 seconds
[2023-06-18T14:49:35.319+0530] {processor.py:157} INFO - Started process (PID=4196) to work on /home/shubham/.local/lib/python3.10/site-packages/airflow/example_dags/example_latest_only.py
[2023-06-18T14:49:35.321+0530] {processor.py:826} INFO - Processing file /home/shubham/.local/lib/python3.10/site-packages/airflow/example_dags/example_latest_only.py for tasks to queue
[2023-06-18T14:49:35.321+0530] {logging_mixin.py:149} INFO - [2023-06-18T14:49:35.321+0530] {dagbag.py:541} INFO - Filling up the DagBag from /home/shubham/.local/lib/python3.10/site-packages/airflow/example_dags/example_latest_only.py
[2023-06-18T14:49:35.326+0530] {processor.py:836} INFO - DAG(s) dict_keys(['latest_only']) retrieved from /home/shubham/.local/lib/python3.10/site-packages/airflow/example_dags/example_latest_only.py
[2023-06-18T14:49:35.338+0530] {logging_mixin.py:149} INFO - [2023-06-18T14:49:35.338+0530] {dag.py:2726} INFO - Sync 1 DAGs
[2023-06-18T14:49:35.351+0530] {logging_mixin.py:149} INFO - [2023-06-18T14:49:35.350+0530] {dag.py:3486} INFO - Setting next_dagrun for latest_only to 2023-06-18T05:19:35.350805+00:00, run_after=2023-06-18T09:19:35.350805+00:00
[2023-06-18T14:49:35.367+0530] {processor.py:179} INFO - Processing /home/shubham/.local/lib/python3.10/site-packages/airflow/example_dags/example_latest_only.py took 0.050 seconds
[2023-06-18T14:50:18.724+0530] {processor.py:157} INFO - Started process (PID=4242) to work on /home/shubham/.local/lib/python3.10/site-packages/airflow/example_dags/example_latest_only.py
[2023-06-18T14:50:18.726+0530] {processor.py:826} INFO - Processing file /home/shubham/.local/lib/python3.10/site-packages/airflow/example_dags/example_latest_only.py for tasks to queue
[2023-06-18T14:50:18.726+0530] {logging_mixin.py:149} INFO - [2023-06-18T14:50:18.726+0530] {dagbag.py:541} INFO - Filling up the DagBag from /home/shubham/.local/lib/python3.10/site-packages/airflow/example_dags/example_latest_only.py
[2023-06-18T14:50:18.730+0530] {processor.py:836} INFO - DAG(s) dict_keys(['latest_only']) retrieved from /home/shubham/.local/lib/python3.10/site-packages/airflow/example_dags/example_latest_only.py
[2023-06-18T14:50:18.743+0530] {logging_mixin.py:149} INFO - [2023-06-18T14:50:18.743+0530] {dag.py:2726} INFO - Sync 1 DAGs
[2023-06-18T14:50:18.757+0530] {logging_mixin.py:149} INFO - [2023-06-18T14:50:18.756+0530] {dag.py:3486} INFO - Setting next_dagrun for latest_only to 2023-06-18T05:20:18.756688+00:00, run_after=2023-06-18T09:20:18.756688+00:00
[2023-06-18T14:50:18.774+0530] {processor.py:179} INFO - Processing /home/shubham/.local/lib/python3.10/site-packages/airflow/example_dags/example_latest_only.py took 0.053 seconds
[2023-06-18T14:51:01.934+0530] {processor.py:157} INFO - Started process (PID=4288) to work on /home/shubham/.local/lib/python3.10/site-packages/airflow/example_dags/example_latest_only.py
[2023-06-18T14:51:01.935+0530] {processor.py:826} INFO - Processing file /home/shubham/.local/lib/python3.10/site-packages/airflow/example_dags/example_latest_only.py for tasks to queue
[2023-06-18T14:51:01.936+0530] {logging_mixin.py:149} INFO - [2023-06-18T14:51:01.936+0530] {dagbag.py:541} INFO - Filling up the DagBag from /home/shubham/.local/lib/python3.10/site-packages/airflow/example_dags/example_latest_only.py
[2023-06-18T14:51:01.940+0530] {processor.py:836} INFO - DAG(s) dict_keys(['latest_only']) retrieved from /home/shubham/.local/lib/python3.10/site-packages/airflow/example_dags/example_latest_only.py
[2023-06-18T14:51:01.953+0530] {logging_mixin.py:149} INFO - [2023-06-18T14:51:01.953+0530] {dag.py:2726} INFO - Sync 1 DAGs
[2023-06-18T14:51:01.965+0530] {logging_mixin.py:149} INFO - [2023-06-18T14:51:01.965+0530] {dag.py:3486} INFO - Setting next_dagrun for latest_only to 2023-06-18T05:21:01.965320+00:00, run_after=2023-06-18T09:21:01.965320+00:00
[2023-06-18T14:51:01.981+0530] {processor.py:179} INFO - Processing /home/shubham/.local/lib/python3.10/site-packages/airflow/example_dags/example_latest_only.py took 0.050 seconds
[2023-06-18T14:51:44.717+0530] {processor.py:157} INFO - Started process (PID=4332) to work on /home/shubham/.local/lib/python3.10/site-packages/airflow/example_dags/example_latest_only.py
[2023-06-18T14:51:44.718+0530] {processor.py:826} INFO - Processing file /home/shubham/.local/lib/python3.10/site-packages/airflow/example_dags/example_latest_only.py for tasks to queue
[2023-06-18T14:51:44.718+0530] {logging_mixin.py:149} INFO - [2023-06-18T14:51:44.718+0530] {dagbag.py:541} INFO - Filling up the DagBag from /home/shubham/.local/lib/python3.10/site-packages/airflow/example_dags/example_latest_only.py
[2023-06-18T14:51:44.722+0530] {processor.py:836} INFO - DAG(s) dict_keys(['latest_only']) retrieved from /home/shubham/.local/lib/python3.10/site-packages/airflow/example_dags/example_latest_only.py
[2023-06-18T14:51:44.735+0530] {logging_mixin.py:149} INFO - [2023-06-18T14:51:44.735+0530] {dag.py:2726} INFO - Sync 1 DAGs
[2023-06-18T14:51:44.748+0530] {logging_mixin.py:149} INFO - [2023-06-18T14:51:44.748+0530] {dag.py:3486} INFO - Setting next_dagrun for latest_only to 2023-06-18T05:21:44.748076+00:00, run_after=2023-06-18T09:21:44.748076+00:00
[2023-06-18T14:51:44.765+0530] {processor.py:179} INFO - Processing /home/shubham/.local/lib/python3.10/site-packages/airflow/example_dags/example_latest_only.py took 0.050 seconds
[2023-06-18T14:52:27.282+0530] {processor.py:157} INFO - Started process (PID=4378) to work on /home/shubham/.local/lib/python3.10/site-packages/airflow/example_dags/example_latest_only.py
[2023-06-18T14:52:27.284+0530] {processor.py:826} INFO - Processing file /home/shubham/.local/lib/python3.10/site-packages/airflow/example_dags/example_latest_only.py for tasks to queue
[2023-06-18T14:52:27.284+0530] {logging_mixin.py:149} INFO - [2023-06-18T14:52:27.284+0530] {dagbag.py:541} INFO - Filling up the DagBag from /home/shubham/.local/lib/python3.10/site-packages/airflow/example_dags/example_latest_only.py
[2023-06-18T14:52:27.288+0530] {processor.py:836} INFO - DAG(s) dict_keys(['latest_only']) retrieved from /home/shubham/.local/lib/python3.10/site-packages/airflow/example_dags/example_latest_only.py
[2023-06-18T14:52:27.301+0530] {logging_mixin.py:149} INFO - [2023-06-18T14:52:27.301+0530] {dag.py:2726} INFO - Sync 1 DAGs
[2023-06-18T14:52:27.313+0530] {logging_mixin.py:149} INFO - [2023-06-18T14:52:27.313+0530] {dag.py:3486} INFO - Setting next_dagrun for latest_only to 2023-06-18T05:22:27.313226+00:00, run_after=2023-06-18T09:22:27.313226+00:00
[2023-06-18T14:52:27.329+0530] {processor.py:179} INFO - Processing /home/shubham/.local/lib/python3.10/site-packages/airflow/example_dags/example_latest_only.py took 0.049 seconds
[2023-06-18T14:53:12.020+0530] {processor.py:157} INFO - Started process (PID=4424) to work on /home/shubham/.local/lib/python3.10/site-packages/airflow/example_dags/example_latest_only.py
[2023-06-18T14:53:12.022+0530] {processor.py:826} INFO - Processing file /home/shubham/.local/lib/python3.10/site-packages/airflow/example_dags/example_latest_only.py for tasks to queue
[2023-06-18T14:53:12.022+0530] {logging_mixin.py:149} INFO - [2023-06-18T14:53:12.022+0530] {dagbag.py:541} INFO - Filling up the DagBag from /home/shubham/.local/lib/python3.10/site-packages/airflow/example_dags/example_latest_only.py
[2023-06-18T14:53:12.026+0530] {processor.py:836} INFO - DAG(s) dict_keys(['latest_only']) retrieved from /home/shubham/.local/lib/python3.10/site-packages/airflow/example_dags/example_latest_only.py
[2023-06-18T14:53:12.039+0530] {logging_mixin.py:149} INFO - [2023-06-18T14:53:12.039+0530] {dag.py:2726} INFO - Sync 1 DAGs
[2023-06-18T14:53:12.052+0530] {logging_mixin.py:149} INFO - [2023-06-18T14:53:12.052+0530] {dag.py:3486} INFO - Setting next_dagrun for latest_only to 2023-06-18T05:23:12.051968+00:00, run_after=2023-06-18T09:23:12.051968+00:00
[2023-06-18T14:53:12.068+0530] {processor.py:179} INFO - Processing /home/shubham/.local/lib/python3.10/site-packages/airflow/example_dags/example_latest_only.py took 0.050 seconds
[2023-06-18T14:53:59.141+0530] {processor.py:157} INFO - Started process (PID=4472) to work on /home/shubham/.local/lib/python3.10/site-packages/airflow/example_dags/example_latest_only.py
[2023-06-18T14:53:59.143+0530] {processor.py:826} INFO - Processing file /home/shubham/.local/lib/python3.10/site-packages/airflow/example_dags/example_latest_only.py for tasks to queue
[2023-06-18T14:53:59.143+0530] {logging_mixin.py:149} INFO - [2023-06-18T14:53:59.143+0530] {dagbag.py:541} INFO - Filling up the DagBag from /home/shubham/.local/lib/python3.10/site-packages/airflow/example_dags/example_latest_only.py
[2023-06-18T14:53:59.147+0530] {processor.py:836} INFO - DAG(s) dict_keys(['latest_only']) retrieved from /home/shubham/.local/lib/python3.10/site-packages/airflow/example_dags/example_latest_only.py
[2023-06-18T14:53:59.160+0530] {logging_mixin.py:149} INFO - [2023-06-18T14:53:59.160+0530] {dag.py:2726} INFO - Sync 1 DAGs
[2023-06-18T14:53:59.172+0530] {logging_mixin.py:149} INFO - [2023-06-18T14:53:59.172+0530] {dag.py:3486} INFO - Setting next_dagrun for latest_only to 2023-06-18T05:23:59.172554+00:00, run_after=2023-06-18T09:23:59.172554+00:00
[2023-06-18T14:53:59.189+0530] {processor.py:179} INFO - Processing /home/shubham/.local/lib/python3.10/site-packages/airflow/example_dags/example_latest_only.py took 0.049 seconds
[2023-06-18T14:54:45.496+0530] {processor.py:157} INFO - Started process (PID=4519) to work on /home/shubham/.local/lib/python3.10/site-packages/airflow/example_dags/example_latest_only.py
[2023-06-18T14:54:45.497+0530] {processor.py:826} INFO - Processing file /home/shubham/.local/lib/python3.10/site-packages/airflow/example_dags/example_latest_only.py for tasks to queue
[2023-06-18T14:54:45.498+0530] {logging_mixin.py:149} INFO - [2023-06-18T14:54:45.498+0530] {dagbag.py:541} INFO - Filling up the DagBag from /home/shubham/.local/lib/python3.10/site-packages/airflow/example_dags/example_latest_only.py
[2023-06-18T14:54:45.502+0530] {processor.py:836} INFO - DAG(s) dict_keys(['latest_only']) retrieved from /home/shubham/.local/lib/python3.10/site-packages/airflow/example_dags/example_latest_only.py
[2023-06-18T14:54:45.515+0530] {logging_mixin.py:149} INFO - [2023-06-18T14:54:45.515+0530] {dag.py:2726} INFO - Sync 1 DAGs
[2023-06-18T14:54:45.528+0530] {logging_mixin.py:149} INFO - [2023-06-18T14:54:45.528+0530] {dag.py:3486} INFO - Setting next_dagrun for latest_only to 2023-06-18T05:24:45.527879+00:00, run_after=2023-06-18T09:24:45.527879+00:00
[2023-06-18T14:54:45.545+0530] {processor.py:179} INFO - Processing /home/shubham/.local/lib/python3.10/site-packages/airflow/example_dags/example_latest_only.py took 0.051 seconds
[2023-06-18T14:55:28.753+0530] {processor.py:157} INFO - Started process (PID=4565) to work on /home/shubham/.local/lib/python3.10/site-packages/airflow/example_dags/example_latest_only.py
[2023-06-18T14:55:28.755+0530] {processor.py:826} INFO - Processing file /home/shubham/.local/lib/python3.10/site-packages/airflow/example_dags/example_latest_only.py for tasks to queue
[2023-06-18T14:55:28.755+0530] {logging_mixin.py:149} INFO - [2023-06-18T14:55:28.755+0530] {dagbag.py:541} INFO - Filling up the DagBag from /home/shubham/.local/lib/python3.10/site-packages/airflow/example_dags/example_latest_only.py
[2023-06-18T14:55:28.760+0530] {processor.py:836} INFO - DAG(s) dict_keys(['latest_only']) retrieved from /home/shubham/.local/lib/python3.10/site-packages/airflow/example_dags/example_latest_only.py
[2023-06-18T14:55:28.772+0530] {logging_mixin.py:149} INFO - [2023-06-18T14:55:28.772+0530] {dag.py:2726} INFO - Sync 1 DAGs
[2023-06-18T14:55:28.784+0530] {logging_mixin.py:149} INFO - [2023-06-18T14:55:28.784+0530] {dag.py:3486} INFO - Setting next_dagrun for latest_only to 2023-06-18T05:25:28.784419+00:00, run_after=2023-06-18T09:25:28.784419+00:00
[2023-06-18T14:55:28.801+0530] {processor.py:179} INFO - Processing /home/shubham/.local/lib/python3.10/site-packages/airflow/example_dags/example_latest_only.py took 0.049 seconds
[2023-06-18T14:56:14.044+0530] {processor.py:157} INFO - Started process (PID=4612) to work on /home/shubham/.local/lib/python3.10/site-packages/airflow/example_dags/example_latest_only.py
[2023-06-18T14:56:14.045+0530] {processor.py:826} INFO - Processing file /home/shubham/.local/lib/python3.10/site-packages/airflow/example_dags/example_latest_only.py for tasks to queue
[2023-06-18T14:56:14.046+0530] {logging_mixin.py:149} INFO - [2023-06-18T14:56:14.046+0530] {dagbag.py:541} INFO - Filling up the DagBag from /home/shubham/.local/lib/python3.10/site-packages/airflow/example_dags/example_latest_only.py
[2023-06-18T14:56:14.050+0530] {processor.py:836} INFO - DAG(s) dict_keys(['latest_only']) retrieved from /home/shubham/.local/lib/python3.10/site-packages/airflow/example_dags/example_latest_only.py
[2023-06-18T14:56:14.063+0530] {logging_mixin.py:149} INFO - [2023-06-18T14:56:14.063+0530] {dag.py:2726} INFO - Sync 1 DAGs
[2023-06-18T14:56:14.076+0530] {logging_mixin.py:149} INFO - [2023-06-18T14:56:14.075+0530] {dag.py:3486} INFO - Setting next_dagrun for latest_only to 2023-06-18T05:26:14.075711+00:00, run_after=2023-06-18T09:26:14.075711+00:00
[2023-06-18T14:56:14.092+0530] {processor.py:179} INFO - Processing /home/shubham/.local/lib/python3.10/site-packages/airflow/example_dags/example_latest_only.py took 0.050 seconds
[2023-06-18T14:56:57.174+0530] {processor.py:157} INFO - Started process (PID=4658) to work on /home/shubham/.local/lib/python3.10/site-packages/airflow/example_dags/example_latest_only.py
[2023-06-18T14:56:57.175+0530] {processor.py:826} INFO - Processing file /home/shubham/.local/lib/python3.10/site-packages/airflow/example_dags/example_latest_only.py for tasks to queue
[2023-06-18T14:56:57.176+0530] {logging_mixin.py:149} INFO - [2023-06-18T14:56:57.176+0530] {dagbag.py:541} INFO - Filling up the DagBag from /home/shubham/.local/lib/python3.10/site-packages/airflow/example_dags/example_latest_only.py
[2023-06-18T14:56:57.181+0530] {processor.py:836} INFO - DAG(s) dict_keys(['latest_only']) retrieved from /home/shubham/.local/lib/python3.10/site-packages/airflow/example_dags/example_latest_only.py
[2023-06-18T14:56:57.195+0530] {logging_mixin.py:149} INFO - [2023-06-18T14:56:57.195+0530] {dag.py:2726} INFO - Sync 1 DAGs
[2023-06-18T14:56:57.208+0530] {logging_mixin.py:149} INFO - [2023-06-18T14:56:57.208+0530] {dag.py:3486} INFO - Setting next_dagrun for latest_only to 2023-06-18T05:26:57.208323+00:00, run_after=2023-06-18T09:26:57.208323+00:00
[2023-06-18T14:56:57.225+0530] {processor.py:179} INFO - Processing /home/shubham/.local/lib/python3.10/site-packages/airflow/example_dags/example_latest_only.py took 0.053 seconds
[2023-06-18T14:57:40.229+0530] {processor.py:157} INFO - Started process (PID=4706) to work on /home/shubham/.local/lib/python3.10/site-packages/airflow/example_dags/example_latest_only.py
[2023-06-18T14:57:40.231+0530] {processor.py:826} INFO - Processing file /home/shubham/.local/lib/python3.10/site-packages/airflow/example_dags/example_latest_only.py for tasks to queue
[2023-06-18T14:57:40.231+0530] {logging_mixin.py:149} INFO - [2023-06-18T14:57:40.231+0530] {dagbag.py:541} INFO - Filling up the DagBag from /home/shubham/.local/lib/python3.10/site-packages/airflow/example_dags/example_latest_only.py
[2023-06-18T14:57:40.235+0530] {processor.py:836} INFO - DAG(s) dict_keys(['latest_only']) retrieved from /home/shubham/.local/lib/python3.10/site-packages/airflow/example_dags/example_latest_only.py
[2023-06-18T14:57:40.248+0530] {logging_mixin.py:149} INFO - [2023-06-18T14:57:40.248+0530] {dag.py:2726} INFO - Sync 1 DAGs
[2023-06-18T14:57:40.261+0530] {logging_mixin.py:149} INFO - [2023-06-18T14:57:40.261+0530] {dag.py:3486} INFO - Setting next_dagrun for latest_only to 2023-06-18T05:27:40.260834+00:00, run_after=2023-06-18T09:27:40.260834+00:00
[2023-06-18T14:57:40.276+0530] {processor.py:179} INFO - Processing /home/shubham/.local/lib/python3.10/site-packages/airflow/example_dags/example_latest_only.py took 0.049 seconds
[2023-06-18T14:58:22.480+0530] {processor.py:157} INFO - Started process (PID=4751) to work on /home/shubham/.local/lib/python3.10/site-packages/airflow/example_dags/example_latest_only.py
[2023-06-18T14:58:22.482+0530] {processor.py:826} INFO - Processing file /home/shubham/.local/lib/python3.10/site-packages/airflow/example_dags/example_latest_only.py for tasks to queue
[2023-06-18T14:58:22.482+0530] {logging_mixin.py:149} INFO - [2023-06-18T14:58:22.482+0530] {dagbag.py:541} INFO - Filling up the DagBag from /home/shubham/.local/lib/python3.10/site-packages/airflow/example_dags/example_latest_only.py
[2023-06-18T14:58:22.486+0530] {processor.py:836} INFO - DAG(s) dict_keys(['latest_only']) retrieved from /home/shubham/.local/lib/python3.10/site-packages/airflow/example_dags/example_latest_only.py
[2023-06-18T14:58:22.499+0530] {logging_mixin.py:149} INFO - [2023-06-18T14:58:22.499+0530] {dag.py:2726} INFO - Sync 1 DAGs
[2023-06-18T14:58:22.511+0530] {logging_mixin.py:149} INFO - [2023-06-18T14:58:22.511+0530] {dag.py:3486} INFO - Setting next_dagrun for latest_only to 2023-06-18T05:28:22.511351+00:00, run_after=2023-06-18T09:28:22.511351+00:00
[2023-06-18T14:58:22.527+0530] {processor.py:179} INFO - Processing /home/shubham/.local/lib/python3.10/site-packages/airflow/example_dags/example_latest_only.py took 0.049 seconds
[2023-06-18T14:59:04.125+0530] {processor.py:157} INFO - Started process (PID=4794) to work on /home/shubham/.local/lib/python3.10/site-packages/airflow/example_dags/example_latest_only.py
[2023-06-18T14:59:04.126+0530] {processor.py:826} INFO - Processing file /home/shubham/.local/lib/python3.10/site-packages/airflow/example_dags/example_latest_only.py for tasks to queue
[2023-06-18T14:59:04.127+0530] {logging_mixin.py:149} INFO - [2023-06-18T14:59:04.127+0530] {dagbag.py:541} INFO - Filling up the DagBag from /home/shubham/.local/lib/python3.10/site-packages/airflow/example_dags/example_latest_only.py
[2023-06-18T14:59:04.131+0530] {processor.py:836} INFO - DAG(s) dict_keys(['latest_only']) retrieved from /home/shubham/.local/lib/python3.10/site-packages/airflow/example_dags/example_latest_only.py
[2023-06-18T14:59:04.143+0530] {logging_mixin.py:149} INFO - [2023-06-18T14:59:04.143+0530] {dag.py:2726} INFO - Sync 1 DAGs
[2023-06-18T14:59:04.156+0530] {logging_mixin.py:149} INFO - [2023-06-18T14:59:04.156+0530] {dag.py:3486} INFO - Setting next_dagrun for latest_only to 2023-06-18T05:29:04.156124+00:00, run_after=2023-06-18T09:29:04.156124+00:00
[2023-06-18T14:59:04.172+0530] {processor.py:179} INFO - Processing /home/shubham/.local/lib/python3.10/site-packages/airflow/example_dags/example_latest_only.py took 0.050 seconds
[2023-06-18T14:59:45.937+0530] {processor.py:157} INFO - Started process (PID=4840) to work on /home/shubham/.local/lib/python3.10/site-packages/airflow/example_dags/example_latest_only.py
[2023-06-18T14:59:45.938+0530] {processor.py:826} INFO - Processing file /home/shubham/.local/lib/python3.10/site-packages/airflow/example_dags/example_latest_only.py for tasks to queue
[2023-06-18T14:59:45.939+0530] {logging_mixin.py:149} INFO - [2023-06-18T14:59:45.939+0530] {dagbag.py:541} INFO - Filling up the DagBag from /home/shubham/.local/lib/python3.10/site-packages/airflow/example_dags/example_latest_only.py
[2023-06-18T14:59:45.943+0530] {processor.py:836} INFO - DAG(s) dict_keys(['latest_only']) retrieved from /home/shubham/.local/lib/python3.10/site-packages/airflow/example_dags/example_latest_only.py
[2023-06-18T14:59:45.956+0530] {logging_mixin.py:149} INFO - [2023-06-18T14:59:45.956+0530] {dag.py:2726} INFO - Sync 1 DAGs
[2023-06-18T14:59:45.968+0530] {logging_mixin.py:149} INFO - [2023-06-18T14:59:45.968+0530] {dag.py:3486} INFO - Setting next_dagrun for latest_only to 2023-06-18T05:29:45.968173+00:00, run_after=2023-06-18T09:29:45.968173+00:00
[2023-06-18T14:59:45.985+0530] {processor.py:179} INFO - Processing /home/shubham/.local/lib/python3.10/site-packages/airflow/example_dags/example_latest_only.py took 0.050 seconds
[2023-06-18T15:00:30.133+0530] {processor.py:157} INFO - Started process (PID=4884) to work on /home/shubham/.local/lib/python3.10/site-packages/airflow/example_dags/example_latest_only.py
[2023-06-18T15:00:30.134+0530] {processor.py:826} INFO - Processing file /home/shubham/.local/lib/python3.10/site-packages/airflow/example_dags/example_latest_only.py for tasks to queue
[2023-06-18T15:00:30.135+0530] {logging_mixin.py:149} INFO - [2023-06-18T15:00:30.134+0530] {dagbag.py:541} INFO - Filling up the DagBag from /home/shubham/.local/lib/python3.10/site-packages/airflow/example_dags/example_latest_only.py
[2023-06-18T15:00:30.139+0530] {processor.py:836} INFO - DAG(s) dict_keys(['latest_only']) retrieved from /home/shubham/.local/lib/python3.10/site-packages/airflow/example_dags/example_latest_only.py
[2023-06-18T15:00:30.151+0530] {logging_mixin.py:149} INFO - [2023-06-18T15:00:30.151+0530] {dag.py:2726} INFO - Sync 1 DAGs
[2023-06-18T15:00:30.163+0530] {logging_mixin.py:149} INFO - [2023-06-18T15:00:30.163+0530] {dag.py:3486} INFO - Setting next_dagrun for latest_only to 2023-06-18T05:30:30.163559+00:00, run_after=2023-06-18T09:30:30.163559+00:00
[2023-06-18T15:00:30.180+0530] {processor.py:179} INFO - Processing /home/shubham/.local/lib/python3.10/site-packages/airflow/example_dags/example_latest_only.py took 0.050 seconds
[2023-06-18T15:01:09.425+0530] {processor.py:157} INFO - Started process (PID=4925) to work on /home/shubham/.local/lib/python3.10/site-packages/airflow/example_dags/example_latest_only.py
[2023-06-18T15:01:09.426+0530] {processor.py:826} INFO - Processing file /home/shubham/.local/lib/python3.10/site-packages/airflow/example_dags/example_latest_only.py for tasks to queue
[2023-06-18T15:01:09.426+0530] {logging_mixin.py:149} INFO - [2023-06-18T15:01:09.426+0530] {dagbag.py:541} INFO - Filling up the DagBag from /home/shubham/.local/lib/python3.10/site-packages/airflow/example_dags/example_latest_only.py
[2023-06-18T15:01:09.431+0530] {processor.py:836} INFO - DAG(s) dict_keys(['latest_only']) retrieved from /home/shubham/.local/lib/python3.10/site-packages/airflow/example_dags/example_latest_only.py
[2023-06-18T15:01:09.443+0530] {logging_mixin.py:149} INFO - [2023-06-18T15:01:09.443+0530] {dag.py:2726} INFO - Sync 1 DAGs
[2023-06-18T15:01:09.457+0530] {logging_mixin.py:149} INFO - [2023-06-18T15:01:09.457+0530] {dag.py:3486} INFO - Setting next_dagrun for latest_only to 2023-06-18T05:31:09.456966+00:00, run_after=2023-06-18T09:31:09.456966+00:00
[2023-06-18T15:01:09.474+0530] {processor.py:179} INFO - Processing /home/shubham/.local/lib/python3.10/site-packages/airflow/example_dags/example_latest_only.py took 0.051 seconds
[2023-06-18T15:01:54.574+0530] {processor.py:157} INFO - Started process (PID=4971) to work on /home/shubham/.local/lib/python3.10/site-packages/airflow/example_dags/example_latest_only.py
[2023-06-18T15:01:54.575+0530] {processor.py:826} INFO - Processing file /home/shubham/.local/lib/python3.10/site-packages/airflow/example_dags/example_latest_only.py for tasks to queue
[2023-06-18T15:01:54.576+0530] {logging_mixin.py:149} INFO - [2023-06-18T15:01:54.576+0530] {dagbag.py:541} INFO - Filling up the DagBag from /home/shubham/.local/lib/python3.10/site-packages/airflow/example_dags/example_latest_only.py
[2023-06-18T15:01:54.580+0530] {processor.py:836} INFO - DAG(s) dict_keys(['latest_only']) retrieved from /home/shubham/.local/lib/python3.10/site-packages/airflow/example_dags/example_latest_only.py
[2023-06-18T15:01:54.593+0530] {logging_mixin.py:149} INFO - [2023-06-18T15:01:54.593+0530] {dag.py:2726} INFO - Sync 1 DAGs
[2023-06-18T15:01:54.605+0530] {logging_mixin.py:149} INFO - [2023-06-18T15:01:54.605+0530] {dag.py:3486} INFO - Setting next_dagrun for latest_only to 2023-06-18T05:31:54.605568+00:00, run_after=2023-06-18T09:31:54.605568+00:00
[2023-06-18T15:01:54.623+0530] {processor.py:179} INFO - Processing /home/shubham/.local/lib/python3.10/site-packages/airflow/example_dags/example_latest_only.py took 0.052 seconds
[2023-06-18T15:02:36.834+0530] {processor.py:157} INFO - Started process (PID=5017) to work on /home/shubham/.local/lib/python3.10/site-packages/airflow/example_dags/example_latest_only.py
[2023-06-18T15:02:36.835+0530] {processor.py:826} INFO - Processing file /home/shubham/.local/lib/python3.10/site-packages/airflow/example_dags/example_latest_only.py for tasks to queue
[2023-06-18T15:02:36.836+0530] {logging_mixin.py:149} INFO - [2023-06-18T15:02:36.835+0530] {dagbag.py:541} INFO - Filling up the DagBag from /home/shubham/.local/lib/python3.10/site-packages/airflow/example_dags/example_latest_only.py
[2023-06-18T15:02:36.840+0530] {processor.py:836} INFO - DAG(s) dict_keys(['latest_only']) retrieved from /home/shubham/.local/lib/python3.10/site-packages/airflow/example_dags/example_latest_only.py
[2023-06-18T15:02:36.852+0530] {logging_mixin.py:149} INFO - [2023-06-18T15:02:36.852+0530] {dag.py:2726} INFO - Sync 1 DAGs
[2023-06-18T15:02:36.865+0530] {logging_mixin.py:149} INFO - [2023-06-18T15:02:36.865+0530] {dag.py:3486} INFO - Setting next_dagrun for latest_only to 2023-06-18T05:32:36.865054+00:00, run_after=2023-06-18T09:32:36.865054+00:00
[2023-06-18T15:02:36.881+0530] {processor.py:179} INFO - Processing /home/shubham/.local/lib/python3.10/site-packages/airflow/example_dags/example_latest_only.py took 0.050 seconds
[2023-06-18T15:03:18.826+0530] {processor.py:157} INFO - Started process (PID=5060) to work on /home/shubham/.local/lib/python3.10/site-packages/airflow/example_dags/example_latest_only.py
[2023-06-18T15:03:18.828+0530] {processor.py:826} INFO - Processing file /home/shubham/.local/lib/python3.10/site-packages/airflow/example_dags/example_latest_only.py for tasks to queue
[2023-06-18T15:03:18.828+0530] {logging_mixin.py:149} INFO - [2023-06-18T15:03:18.828+0530] {dagbag.py:541} INFO - Filling up the DagBag from /home/shubham/.local/lib/python3.10/site-packages/airflow/example_dags/example_latest_only.py
[2023-06-18T15:03:18.833+0530] {processor.py:836} INFO - DAG(s) dict_keys(['latest_only']) retrieved from /home/shubham/.local/lib/python3.10/site-packages/airflow/example_dags/example_latest_only.py
[2023-06-18T15:03:18.845+0530] {logging_mixin.py:149} INFO - [2023-06-18T15:03:18.845+0530] {dag.py:2726} INFO - Sync 1 DAGs
[2023-06-18T15:03:18.857+0530] {logging_mixin.py:149} INFO - [2023-06-18T15:03:18.857+0530] {dag.py:3486} INFO - Setting next_dagrun for latest_only to 2023-06-18T05:33:18.857055+00:00, run_after=2023-06-18T09:33:18.857055+00:00
[2023-06-18T15:03:18.874+0530] {processor.py:179} INFO - Processing /home/shubham/.local/lib/python3.10/site-packages/airflow/example_dags/example_latest_only.py took 0.050 seconds
[2023-06-18T15:04:03.929+0530] {processor.py:157} INFO - Started process (PID=5106) to work on /home/shubham/.local/lib/python3.10/site-packages/airflow/example_dags/example_latest_only.py
[2023-06-18T15:04:03.931+0530] {processor.py:826} INFO - Processing file /home/shubham/.local/lib/python3.10/site-packages/airflow/example_dags/example_latest_only.py for tasks to queue
[2023-06-18T15:04:03.931+0530] {logging_mixin.py:149} INFO - [2023-06-18T15:04:03.931+0530] {dagbag.py:541} INFO - Filling up the DagBag from /home/shubham/.local/lib/python3.10/site-packages/airflow/example_dags/example_latest_only.py
[2023-06-18T15:04:03.936+0530] {processor.py:836} INFO - DAG(s) dict_keys(['latest_only']) retrieved from /home/shubham/.local/lib/python3.10/site-packages/airflow/example_dags/example_latest_only.py
[2023-06-18T15:04:03.949+0530] {logging_mixin.py:149} INFO - [2023-06-18T15:04:03.949+0530] {dag.py:2726} INFO - Sync 1 DAGs
[2023-06-18T15:04:03.961+0530] {logging_mixin.py:149} INFO - [2023-06-18T15:04:03.961+0530] {dag.py:3486} INFO - Setting next_dagrun for latest_only to 2023-06-18T05:34:03.961413+00:00, run_after=2023-06-18T09:34:03.961413+00:00
[2023-06-18T15:04:03.979+0530] {processor.py:179} INFO - Processing /home/shubham/.local/lib/python3.10/site-packages/airflow/example_dags/example_latest_only.py took 0.052 seconds
[2023-06-18T15:04:47.166+0530] {processor.py:157} INFO - Started process (PID=5152) to work on /home/shubham/.local/lib/python3.10/site-packages/airflow/example_dags/example_latest_only.py
[2023-06-18T15:04:47.168+0530] {processor.py:826} INFO - Processing file /home/shubham/.local/lib/python3.10/site-packages/airflow/example_dags/example_latest_only.py for tasks to queue
[2023-06-18T15:04:47.168+0530] {logging_mixin.py:149} INFO - [2023-06-18T15:04:47.168+0530] {dagbag.py:541} INFO - Filling up the DagBag from /home/shubham/.local/lib/python3.10/site-packages/airflow/example_dags/example_latest_only.py
[2023-06-18T15:04:47.173+0530] {processor.py:836} INFO - DAG(s) dict_keys(['latest_only']) retrieved from /home/shubham/.local/lib/python3.10/site-packages/airflow/example_dags/example_latest_only.py
[2023-06-18T15:04:47.186+0530] {logging_mixin.py:149} INFO - [2023-06-18T15:04:47.186+0530] {dag.py:2726} INFO - Sync 1 DAGs
[2023-06-18T15:04:47.199+0530] {logging_mixin.py:149} INFO - [2023-06-18T15:04:47.199+0530] {dag.py:3486} INFO - Setting next_dagrun for latest_only to 2023-06-18T05:34:47.199134+00:00, run_after=2023-06-18T09:34:47.199134+00:00
[2023-06-18T15:04:47.214+0530] {processor.py:179} INFO - Processing /home/shubham/.local/lib/python3.10/site-packages/airflow/example_dags/example_latest_only.py took 0.050 seconds
[2023-06-18T15:05:33.723+0530] {processor.py:157} INFO - Started process (PID=5200) to work on /home/shubham/.local/lib/python3.10/site-packages/airflow/example_dags/example_latest_only.py
[2023-06-18T15:05:33.724+0530] {processor.py:826} INFO - Processing file /home/shubham/.local/lib/python3.10/site-packages/airflow/example_dags/example_latest_only.py for tasks to queue
[2023-06-18T15:05:33.725+0530] {logging_mixin.py:149} INFO - [2023-06-18T15:05:33.725+0530] {dagbag.py:541} INFO - Filling up the DagBag from /home/shubham/.local/lib/python3.10/site-packages/airflow/example_dags/example_latest_only.py
[2023-06-18T15:05:33.729+0530] {processor.py:836} INFO - DAG(s) dict_keys(['latest_only']) retrieved from /home/shubham/.local/lib/python3.10/site-packages/airflow/example_dags/example_latest_only.py
[2023-06-18T15:05:33.742+0530] {logging_mixin.py:149} INFO - [2023-06-18T15:05:33.741+0530] {dag.py:2726} INFO - Sync 1 DAGs
[2023-06-18T15:05:33.753+0530] {logging_mixin.py:149} INFO - [2023-06-18T15:05:33.753+0530] {dag.py:3486} INFO - Setting next_dagrun for latest_only to 2023-06-18T05:35:33.753685+00:00, run_after=2023-06-18T09:35:33.753685+00:00
[2023-06-18T15:05:33.770+0530] {processor.py:179} INFO - Processing /home/shubham/.local/lib/python3.10/site-packages/airflow/example_dags/example_latest_only.py took 0.049 seconds
[2023-06-18T15:06:15.753+0530] {processor.py:157} INFO - Started process (PID=5243) to work on /home/shubham/.local/lib/python3.10/site-packages/airflow/example_dags/example_latest_only.py
[2023-06-18T15:06:15.754+0530] {processor.py:826} INFO - Processing file /home/shubham/.local/lib/python3.10/site-packages/airflow/example_dags/example_latest_only.py for tasks to queue
[2023-06-18T15:06:15.755+0530] {logging_mixin.py:149} INFO - [2023-06-18T15:06:15.755+0530] {dagbag.py:541} INFO - Filling up the DagBag from /home/shubham/.local/lib/python3.10/site-packages/airflow/example_dags/example_latest_only.py
[2023-06-18T15:06:15.759+0530] {processor.py:836} INFO - DAG(s) dict_keys(['latest_only']) retrieved from /home/shubham/.local/lib/python3.10/site-packages/airflow/example_dags/example_latest_only.py
[2023-06-18T15:06:15.772+0530] {logging_mixin.py:149} INFO - [2023-06-18T15:06:15.771+0530] {dag.py:2726} INFO - Sync 1 DAGs
[2023-06-18T15:06:15.784+0530] {logging_mixin.py:149} INFO - [2023-06-18T15:06:15.784+0530] {dag.py:3486} INFO - Setting next_dagrun for latest_only to 2023-06-18T05:36:15.783756+00:00, run_after=2023-06-18T09:36:15.783756+00:00
[2023-06-18T15:06:15.799+0530] {processor.py:179} INFO - Processing /home/shubham/.local/lib/python3.10/site-packages/airflow/example_dags/example_latest_only.py took 0.048 seconds
[2023-06-18T15:07:04.163+0530] {processor.py:157} INFO - Started process (PID=5292) to work on /home/shubham/.local/lib/python3.10/site-packages/airflow/example_dags/example_latest_only.py
[2023-06-18T15:07:04.165+0530] {processor.py:826} INFO - Processing file /home/shubham/.local/lib/python3.10/site-packages/airflow/example_dags/example_latest_only.py for tasks to queue
[2023-06-18T15:07:04.165+0530] {logging_mixin.py:149} INFO - [2023-06-18T15:07:04.165+0530] {dagbag.py:541} INFO - Filling up the DagBag from /home/shubham/.local/lib/python3.10/site-packages/airflow/example_dags/example_latest_only.py
[2023-06-18T15:07:04.171+0530] {processor.py:836} INFO - DAG(s) dict_keys(['latest_only']) retrieved from /home/shubham/.local/lib/python3.10/site-packages/airflow/example_dags/example_latest_only.py
[2023-06-18T15:07:04.190+0530] {logging_mixin.py:149} INFO - [2023-06-18T15:07:04.190+0530] {dag.py:2726} INFO - Sync 1 DAGs
[2023-06-18T15:07:04.209+0530] {logging_mixin.py:149} INFO - [2023-06-18T15:07:04.209+0530] {dag.py:3486} INFO - Setting next_dagrun for latest_only to 2023-06-18T05:37:04.208914+00:00, run_after=2023-06-18T09:37:04.208914+00:00
[2023-06-18T15:07:04.233+0530] {processor.py:179} INFO - Processing /home/shubham/.local/lib/python3.10/site-packages/airflow/example_dags/example_latest_only.py took 0.074 seconds
[2023-06-18T15:07:51.035+0530] {processor.py:157} INFO - Started process (PID=5340) to work on /home/shubham/.local/lib/python3.10/site-packages/airflow/example_dags/example_latest_only.py
[2023-06-18T15:07:51.037+0530] {processor.py:826} INFO - Processing file /home/shubham/.local/lib/python3.10/site-packages/airflow/example_dags/example_latest_only.py for tasks to queue
[2023-06-18T15:07:51.037+0530] {logging_mixin.py:149} INFO - [2023-06-18T15:07:51.037+0530] {dagbag.py:541} INFO - Filling up the DagBag from /home/shubham/.local/lib/python3.10/site-packages/airflow/example_dags/example_latest_only.py
[2023-06-18T15:07:51.043+0530] {processor.py:836} INFO - DAG(s) dict_keys(['latest_only']) retrieved from /home/shubham/.local/lib/python3.10/site-packages/airflow/example_dags/example_latest_only.py
[2023-06-18T15:07:51.058+0530] {logging_mixin.py:149} INFO - [2023-06-18T15:07:51.058+0530] {dag.py:2726} INFO - Sync 1 DAGs
[2023-06-18T15:07:51.073+0530] {logging_mixin.py:149} INFO - [2023-06-18T15:07:51.073+0530] {dag.py:3486} INFO - Setting next_dagrun for latest_only to 2023-06-18T05:37:51.073423+00:00, run_after=2023-06-18T09:37:51.073423+00:00
[2023-06-18T15:07:51.096+0530] {processor.py:179} INFO - Processing /home/shubham/.local/lib/python3.10/site-packages/airflow/example_dags/example_latest_only.py took 0.064 seconds
[2023-06-18T15:08:35.104+0530] {processor.py:157} INFO - Started process (PID=5386) to work on /home/shubham/.local/lib/python3.10/site-packages/airflow/example_dags/example_latest_only.py
[2023-06-18T15:08:35.105+0530] {processor.py:826} INFO - Processing file /home/shubham/.local/lib/python3.10/site-packages/airflow/example_dags/example_latest_only.py for tasks to queue
[2023-06-18T15:08:35.106+0530] {logging_mixin.py:149} INFO - [2023-06-18T15:08:35.106+0530] {dagbag.py:541} INFO - Filling up the DagBag from /home/shubham/.local/lib/python3.10/site-packages/airflow/example_dags/example_latest_only.py
[2023-06-18T15:08:35.112+0530] {processor.py:836} INFO - DAG(s) dict_keys(['latest_only']) retrieved from /home/shubham/.local/lib/python3.10/site-packages/airflow/example_dags/example_latest_only.py
[2023-06-18T15:08:35.127+0530] {logging_mixin.py:149} INFO - [2023-06-18T15:08:35.126+0530] {dag.py:2726} INFO - Sync 1 DAGs
[2023-06-18T15:08:35.143+0530] {logging_mixin.py:149} INFO - [2023-06-18T15:08:35.142+0530] {dag.py:3486} INFO - Setting next_dagrun for latest_only to 2023-06-18T05:38:35.142659+00:00, run_after=2023-06-18T09:38:35.142659+00:00
[2023-06-18T15:08:35.165+0530] {processor.py:179} INFO - Processing /home/shubham/.local/lib/python3.10/site-packages/airflow/example_dags/example_latest_only.py took 0.063 seconds
[2023-06-18T15:09:18.849+0530] {processor.py:157} INFO - Started process (PID=5431) to work on /home/shubham/.local/lib/python3.10/site-packages/airflow/example_dags/example_latest_only.py
[2023-06-18T15:09:18.852+0530] {processor.py:826} INFO - Processing file /home/shubham/.local/lib/python3.10/site-packages/airflow/example_dags/example_latest_only.py for tasks to queue
[2023-06-18T15:09:18.853+0530] {logging_mixin.py:149} INFO - [2023-06-18T15:09:18.853+0530] {dagbag.py:541} INFO - Filling up the DagBag from /home/shubham/.local/lib/python3.10/site-packages/airflow/example_dags/example_latest_only.py
[2023-06-18T15:09:18.857+0530] {processor.py:836} INFO - DAG(s) dict_keys(['latest_only']) retrieved from /home/shubham/.local/lib/python3.10/site-packages/airflow/example_dags/example_latest_only.py
[2023-06-18T15:09:18.875+0530] {logging_mixin.py:149} INFO - [2023-06-18T15:09:18.874+0530] {dag.py:2726} INFO - Sync 1 DAGs
[2023-06-18T15:09:18.889+0530] {logging_mixin.py:149} INFO - [2023-06-18T15:09:18.889+0530] {dag.py:3486} INFO - Setting next_dagrun for latest_only to 2023-06-18T05:39:18.889440+00:00, run_after=2023-06-18T09:39:18.889440+00:00
[2023-06-18T15:09:18.912+0530] {processor.py:179} INFO - Processing /home/shubham/.local/lib/python3.10/site-packages/airflow/example_dags/example_latest_only.py took 0.067 seconds
[2023-06-18T15:10:03.001+0530] {processor.py:157} INFO - Started process (PID=5476) to work on /home/shubham/.local/lib/python3.10/site-packages/airflow/example_dags/example_latest_only.py
[2023-06-18T15:10:03.003+0530] {processor.py:826} INFO - Processing file /home/shubham/.local/lib/python3.10/site-packages/airflow/example_dags/example_latest_only.py for tasks to queue
[2023-06-18T15:10:03.004+0530] {logging_mixin.py:149} INFO - [2023-06-18T15:10:03.004+0530] {dagbag.py:541} INFO - Filling up the DagBag from /home/shubham/.local/lib/python3.10/site-packages/airflow/example_dags/example_latest_only.py
[2023-06-18T15:10:03.009+0530] {processor.py:836} INFO - DAG(s) dict_keys(['latest_only']) retrieved from /home/shubham/.local/lib/python3.10/site-packages/airflow/example_dags/example_latest_only.py
[2023-06-18T15:10:03.026+0530] {logging_mixin.py:149} INFO - [2023-06-18T15:10:03.026+0530] {dag.py:2726} INFO - Sync 1 DAGs
[2023-06-18T15:10:03.043+0530] {logging_mixin.py:149} INFO - [2023-06-18T15:10:03.043+0530] {dag.py:3486} INFO - Setting next_dagrun for latest_only to 2023-06-18T05:40:03.043018+00:00, run_after=2023-06-18T09:40:03.043018+00:00
[2023-06-18T15:10:03.065+0530] {processor.py:179} INFO - Processing /home/shubham/.local/lib/python3.10/site-packages/airflow/example_dags/example_latest_only.py took 0.067 seconds
[2023-06-18T15:10:46.503+0530] {processor.py:157} INFO - Started process (PID=5522) to work on /home/shubham/.local/lib/python3.10/site-packages/airflow/example_dags/example_latest_only.py
[2023-06-18T15:10:46.505+0530] {processor.py:826} INFO - Processing file /home/shubham/.local/lib/python3.10/site-packages/airflow/example_dags/example_latest_only.py for tasks to queue
[2023-06-18T15:10:46.506+0530] {logging_mixin.py:149} INFO - [2023-06-18T15:10:46.505+0530] {dagbag.py:541} INFO - Filling up the DagBag from /home/shubham/.local/lib/python3.10/site-packages/airflow/example_dags/example_latest_only.py
[2023-06-18T15:10:46.512+0530] {processor.py:836} INFO - DAG(s) dict_keys(['latest_only']) retrieved from /home/shubham/.local/lib/python3.10/site-packages/airflow/example_dags/example_latest_only.py
[2023-06-18T15:10:46.534+0530] {logging_mixin.py:149} INFO - [2023-06-18T15:10:46.534+0530] {dag.py:2726} INFO - Sync 1 DAGs
[2023-06-18T15:10:46.555+0530] {logging_mixin.py:149} INFO - [2023-06-18T15:10:46.555+0530] {dag.py:3486} INFO - Setting next_dagrun for latest_only to 2023-06-18T05:40:46.555434+00:00, run_after=2023-06-18T09:40:46.555434+00:00
[2023-06-18T15:10:46.584+0530] {processor.py:179} INFO - Processing /home/shubham/.local/lib/python3.10/site-packages/airflow/example_dags/example_latest_only.py took 0.085 seconds
[2023-06-18T15:11:28.049+0530] {processor.py:157} INFO - Started process (PID=5567) to work on /home/shubham/.local/lib/python3.10/site-packages/airflow/example_dags/example_latest_only.py
[2023-06-18T15:11:28.051+0530] {processor.py:826} INFO - Processing file /home/shubham/.local/lib/python3.10/site-packages/airflow/example_dags/example_latest_only.py for tasks to queue
[2023-06-18T15:11:28.052+0530] {logging_mixin.py:149} INFO - [2023-06-18T15:11:28.052+0530] {dagbag.py:541} INFO - Filling up the DagBag from /home/shubham/.local/lib/python3.10/site-packages/airflow/example_dags/example_latest_only.py
[2023-06-18T15:11:28.060+0530] {processor.py:836} INFO - DAG(s) dict_keys(['latest_only']) retrieved from /home/shubham/.local/lib/python3.10/site-packages/airflow/example_dags/example_latest_only.py
[2023-06-18T15:11:28.079+0530] {logging_mixin.py:149} INFO - [2023-06-18T15:11:28.079+0530] {dag.py:2726} INFO - Sync 1 DAGs
[2023-06-18T15:11:28.098+0530] {logging_mixin.py:149} INFO - [2023-06-18T15:11:28.098+0530] {dag.py:3486} INFO - Setting next_dagrun for latest_only to 2023-06-18T05:41:28.098295+00:00, run_after=2023-06-18T09:41:28.098295+00:00
[2023-06-18T15:11:28.130+0530] {processor.py:179} INFO - Processing /home/shubham/.local/lib/python3.10/site-packages/airflow/example_dags/example_latest_only.py took 0.084 seconds
[2023-06-18T15:12:09.324+0530] {processor.py:157} INFO - Started process (PID=5609) to work on /home/shubham/.local/lib/python3.10/site-packages/airflow/example_dags/example_latest_only.py
[2023-06-18T15:12:09.326+0530] {processor.py:826} INFO - Processing file /home/shubham/.local/lib/python3.10/site-packages/airflow/example_dags/example_latest_only.py for tasks to queue
[2023-06-18T15:12:09.327+0530] {logging_mixin.py:149} INFO - [2023-06-18T15:12:09.327+0530] {dagbag.py:541} INFO - Filling up the DagBag from /home/shubham/.local/lib/python3.10/site-packages/airflow/example_dags/example_latest_only.py
[2023-06-18T15:12:09.333+0530] {processor.py:836} INFO - DAG(s) dict_keys(['latest_only']) retrieved from /home/shubham/.local/lib/python3.10/site-packages/airflow/example_dags/example_latest_only.py
[2023-06-18T15:12:09.351+0530] {logging_mixin.py:149} INFO - [2023-06-18T15:12:09.351+0530] {dag.py:2726} INFO - Sync 1 DAGs
[2023-06-18T15:12:09.370+0530] {logging_mixin.py:149} INFO - [2023-06-18T15:12:09.370+0530] {dag.py:3486} INFO - Setting next_dagrun for latest_only to 2023-06-18T05:42:09.370245+00:00, run_after=2023-06-18T09:42:09.370245+00:00
[2023-06-18T15:12:09.405+0530] {processor.py:179} INFO - Processing /home/shubham/.local/lib/python3.10/site-packages/airflow/example_dags/example_latest_only.py took 0.084 seconds
[2023-06-18T15:12:52.731+0530] {processor.py:157} INFO - Started process (PID=5655) to work on /home/shubham/.local/lib/python3.10/site-packages/airflow/example_dags/example_latest_only.py
[2023-06-18T15:12:52.734+0530] {processor.py:826} INFO - Processing file /home/shubham/.local/lib/python3.10/site-packages/airflow/example_dags/example_latest_only.py for tasks to queue
[2023-06-18T15:12:52.734+0530] {logging_mixin.py:149} INFO - [2023-06-18T15:12:52.734+0530] {dagbag.py:541} INFO - Filling up the DagBag from /home/shubham/.local/lib/python3.10/site-packages/airflow/example_dags/example_latest_only.py
[2023-06-18T15:12:52.740+0530] {processor.py:836} INFO - DAG(s) dict_keys(['latest_only']) retrieved from /home/shubham/.local/lib/python3.10/site-packages/airflow/example_dags/example_latest_only.py
[2023-06-18T15:12:52.756+0530] {logging_mixin.py:149} INFO - [2023-06-18T15:12:52.756+0530] {dag.py:2726} INFO - Sync 1 DAGs
[2023-06-18T15:12:52.773+0530] {logging_mixin.py:149} INFO - [2023-06-18T15:12:52.773+0530] {dag.py:3486} INFO - Setting next_dagrun for latest_only to 2023-06-18T05:42:52.772834+00:00, run_after=2023-06-18T09:42:52.772834+00:00
[2023-06-18T15:12:52.796+0530] {processor.py:179} INFO - Processing /home/shubham/.local/lib/python3.10/site-packages/airflow/example_dags/example_latest_only.py took 0.067 seconds
[2023-06-18T15:13:33.308+0530] {processor.py:157} INFO - Started process (PID=5699) to work on /home/shubham/.local/lib/python3.10/site-packages/airflow/example_dags/example_latest_only.py
[2023-06-18T15:13:33.310+0530] {processor.py:826} INFO - Processing file /home/shubham/.local/lib/python3.10/site-packages/airflow/example_dags/example_latest_only.py for tasks to queue
[2023-06-18T15:13:33.311+0530] {logging_mixin.py:149} INFO - [2023-06-18T15:13:33.311+0530] {dagbag.py:541} INFO - Filling up the DagBag from /home/shubham/.local/lib/python3.10/site-packages/airflow/example_dags/example_latest_only.py
[2023-06-18T15:13:33.316+0530] {processor.py:836} INFO - DAG(s) dict_keys(['latest_only']) retrieved from /home/shubham/.local/lib/python3.10/site-packages/airflow/example_dags/example_latest_only.py
[2023-06-18T15:13:33.335+0530] {logging_mixin.py:149} INFO - [2023-06-18T15:13:33.335+0530] {dag.py:2726} INFO - Sync 1 DAGs
[2023-06-18T15:13:33.354+0530] {logging_mixin.py:149} INFO - [2023-06-18T15:13:33.353+0530] {dag.py:3486} INFO - Setting next_dagrun for latest_only to 2023-06-18T05:43:33.353701+00:00, run_after=2023-06-18T09:43:33.353701+00:00
[2023-06-18T15:13:33.380+0530] {processor.py:179} INFO - Processing /home/shubham/.local/lib/python3.10/site-packages/airflow/example_dags/example_latest_only.py took 0.075 seconds
[2023-06-18T15:14:16.301+0530] {processor.py:157} INFO - Started process (PID=5742) to work on /home/shubham/.local/lib/python3.10/site-packages/airflow/example_dags/example_latest_only.py
[2023-06-18T15:14:16.303+0530] {processor.py:826} INFO - Processing file /home/shubham/.local/lib/python3.10/site-packages/airflow/example_dags/example_latest_only.py for tasks to queue
[2023-06-18T15:14:16.304+0530] {logging_mixin.py:149} INFO - [2023-06-18T15:14:16.304+0530] {dagbag.py:541} INFO - Filling up the DagBag from /home/shubham/.local/lib/python3.10/site-packages/airflow/example_dags/example_latest_only.py
[2023-06-18T15:14:16.310+0530] {processor.py:836} INFO - DAG(s) dict_keys(['latest_only']) retrieved from /home/shubham/.local/lib/python3.10/site-packages/airflow/example_dags/example_latest_only.py
[2023-06-18T15:14:16.328+0530] {logging_mixin.py:149} INFO - [2023-06-18T15:14:16.328+0530] {dag.py:2726} INFO - Sync 1 DAGs
[2023-06-18T15:14:16.347+0530] {logging_mixin.py:149} INFO - [2023-06-18T15:14:16.347+0530] {dag.py:3486} INFO - Setting next_dagrun for latest_only to 2023-06-18T05:44:16.346733+00:00, run_after=2023-06-18T09:44:16.346733+00:00
[2023-06-18T15:14:16.371+0530] {processor.py:179} INFO - Processing /home/shubham/.local/lib/python3.10/site-packages/airflow/example_dags/example_latest_only.py took 0.073 seconds
[2023-06-18T15:15:00.751+0530] {processor.py:157} INFO - Started process (PID=5788) to work on /home/shubham/.local/lib/python3.10/site-packages/airflow/example_dags/example_latest_only.py
[2023-06-18T15:15:00.753+0530] {processor.py:826} INFO - Processing file /home/shubham/.local/lib/python3.10/site-packages/airflow/example_dags/example_latest_only.py for tasks to queue
[2023-06-18T15:15:00.753+0530] {logging_mixin.py:149} INFO - [2023-06-18T15:15:00.753+0530] {dagbag.py:541} INFO - Filling up the DagBag from /home/shubham/.local/lib/python3.10/site-packages/airflow/example_dags/example_latest_only.py
[2023-06-18T15:15:00.759+0530] {processor.py:836} INFO - DAG(s) dict_keys(['latest_only']) retrieved from /home/shubham/.local/lib/python3.10/site-packages/airflow/example_dags/example_latest_only.py
[2023-06-18T15:15:00.775+0530] {logging_mixin.py:149} INFO - [2023-06-18T15:15:00.775+0530] {dag.py:2726} INFO - Sync 1 DAGs
[2023-06-18T15:15:00.792+0530] {logging_mixin.py:149} INFO - [2023-06-18T15:15:00.792+0530] {dag.py:3486} INFO - Setting next_dagrun for latest_only to 2023-06-18T05:45:00.791955+00:00, run_after=2023-06-18T09:45:00.791955+00:00
[2023-06-18T15:15:00.817+0530] {processor.py:179} INFO - Processing /home/shubham/.local/lib/python3.10/site-packages/airflow/example_dags/example_latest_only.py took 0.069 seconds
[2023-06-18T15:15:46.274+0530] {processor.py:157} INFO - Started process (PID=5835) to work on /home/shubham/.local/lib/python3.10/site-packages/airflow/example_dags/example_latest_only.py
[2023-06-18T15:15:46.276+0530] {processor.py:826} INFO - Processing file /home/shubham/.local/lib/python3.10/site-packages/airflow/example_dags/example_latest_only.py for tasks to queue
[2023-06-18T15:15:46.277+0530] {logging_mixin.py:149} INFO - [2023-06-18T15:15:46.277+0530] {dagbag.py:541} INFO - Filling up the DagBag from /home/shubham/.local/lib/python3.10/site-packages/airflow/example_dags/example_latest_only.py
[2023-06-18T15:15:46.283+0530] {processor.py:836} INFO - DAG(s) dict_keys(['latest_only']) retrieved from /home/shubham/.local/lib/python3.10/site-packages/airflow/example_dags/example_latest_only.py
[2023-06-18T15:15:46.302+0530] {logging_mixin.py:149} INFO - [2023-06-18T15:15:46.302+0530] {dag.py:2726} INFO - Sync 1 DAGs
[2023-06-18T15:15:46.320+0530] {logging_mixin.py:149} INFO - [2023-06-18T15:15:46.320+0530] {dag.py:3486} INFO - Setting next_dagrun for latest_only to 2023-06-18T05:45:46.320158+00:00, run_after=2023-06-18T09:45:46.320158+00:00
[2023-06-18T15:15:46.344+0530] {processor.py:179} INFO - Processing /home/shubham/.local/lib/python3.10/site-packages/airflow/example_dags/example_latest_only.py took 0.073 seconds
[2023-06-18T15:16:32.343+0530] {processor.py:157} INFO - Started process (PID=5882) to work on /home/shubham/.local/lib/python3.10/site-packages/airflow/example_dags/example_latest_only.py
[2023-06-18T15:16:32.345+0530] {processor.py:826} INFO - Processing file /home/shubham/.local/lib/python3.10/site-packages/airflow/example_dags/example_latest_only.py for tasks to queue
[2023-06-18T15:16:32.346+0530] {logging_mixin.py:149} INFO - [2023-06-18T15:16:32.345+0530] {dagbag.py:541} INFO - Filling up the DagBag from /home/shubham/.local/lib/python3.10/site-packages/airflow/example_dags/example_latest_only.py
[2023-06-18T15:16:32.352+0530] {processor.py:836} INFO - DAG(s) dict_keys(['latest_only']) retrieved from /home/shubham/.local/lib/python3.10/site-packages/airflow/example_dags/example_latest_only.py
[2023-06-18T15:16:32.370+0530] {logging_mixin.py:149} INFO - [2023-06-18T15:16:32.370+0530] {dag.py:2726} INFO - Sync 1 DAGs
[2023-06-18T15:16:32.389+0530] {logging_mixin.py:149} INFO - [2023-06-18T15:16:32.389+0530] {dag.py:3486} INFO - Setting next_dagrun for latest_only to 2023-06-18T05:46:32.388762+00:00, run_after=2023-06-18T09:46:32.388762+00:00
[2023-06-18T15:16:32.413+0530] {processor.py:179} INFO - Processing /home/shubham/.local/lib/python3.10/site-packages/airflow/example_dags/example_latest_only.py took 0.074 seconds
[2023-06-18T15:17:14.660+0530] {processor.py:157} INFO - Started process (PID=5927) to work on /home/shubham/.local/lib/python3.10/site-packages/airflow/example_dags/example_latest_only.py
[2023-06-18T15:17:14.662+0530] {processor.py:826} INFO - Processing file /home/shubham/.local/lib/python3.10/site-packages/airflow/example_dags/example_latest_only.py for tasks to queue
[2023-06-18T15:17:14.663+0530] {logging_mixin.py:149} INFO - [2023-06-18T15:17:14.663+0530] {dagbag.py:541} INFO - Filling up the DagBag from /home/shubham/.local/lib/python3.10/site-packages/airflow/example_dags/example_latest_only.py
[2023-06-18T15:17:14.669+0530] {processor.py:836} INFO - DAG(s) dict_keys(['latest_only']) retrieved from /home/shubham/.local/lib/python3.10/site-packages/airflow/example_dags/example_latest_only.py
[2023-06-18T15:17:14.689+0530] {logging_mixin.py:149} INFO - [2023-06-18T15:17:14.688+0530] {dag.py:2726} INFO - Sync 1 DAGs
[2023-06-18T15:17:14.711+0530] {logging_mixin.py:149} INFO - [2023-06-18T15:17:14.710+0530] {dag.py:3486} INFO - Setting next_dagrun for latest_only to 2023-06-18T05:47:14.710546+00:00, run_after=2023-06-18T09:47:14.710546+00:00
[2023-06-18T15:17:14.738+0530] {processor.py:179} INFO - Processing /home/shubham/.local/lib/python3.10/site-packages/airflow/example_dags/example_latest_only.py took 0.081 seconds
[2023-06-18T15:17:57.919+0530] {processor.py:157} INFO - Started process (PID=5973) to work on /home/shubham/.local/lib/python3.10/site-packages/airflow/example_dags/example_latest_only.py
[2023-06-18T15:17:57.921+0530] {processor.py:826} INFO - Processing file /home/shubham/.local/lib/python3.10/site-packages/airflow/example_dags/example_latest_only.py for tasks to queue
[2023-06-18T15:17:57.922+0530] {logging_mixin.py:149} INFO - [2023-06-18T15:17:57.922+0530] {dagbag.py:541} INFO - Filling up the DagBag from /home/shubham/.local/lib/python3.10/site-packages/airflow/example_dags/example_latest_only.py
[2023-06-18T15:17:57.927+0530] {processor.py:836} INFO - DAG(s) dict_keys(['latest_only']) retrieved from /home/shubham/.local/lib/python3.10/site-packages/airflow/example_dags/example_latest_only.py
[2023-06-18T15:17:57.945+0530] {logging_mixin.py:149} INFO - [2023-06-18T15:17:57.945+0530] {dag.py:2726} INFO - Sync 1 DAGs
[2023-06-18T15:17:57.962+0530] {logging_mixin.py:149} INFO - [2023-06-18T15:17:57.962+0530] {dag.py:3486} INFO - Setting next_dagrun for latest_only to 2023-06-18T05:47:57.962490+00:00, run_after=2023-06-18T09:47:57.962490+00:00
[2023-06-18T15:17:57.986+0530] {processor.py:179} INFO - Processing /home/shubham/.local/lib/python3.10/site-packages/airflow/example_dags/example_latest_only.py took 0.070 seconds
[2023-06-18T15:18:39.960+0530] {processor.py:157} INFO - Started process (PID=6017) to work on /home/shubham/.local/lib/python3.10/site-packages/airflow/example_dags/example_latest_only.py
[2023-06-18T15:18:39.962+0530] {processor.py:826} INFO - Processing file /home/shubham/.local/lib/python3.10/site-packages/airflow/example_dags/example_latest_only.py for tasks to queue
[2023-06-18T15:18:39.962+0530] {logging_mixin.py:149} INFO - [2023-06-18T15:18:39.962+0530] {dagbag.py:541} INFO - Filling up the DagBag from /home/shubham/.local/lib/python3.10/site-packages/airflow/example_dags/example_latest_only.py
[2023-06-18T15:18:39.967+0530] {processor.py:836} INFO - DAG(s) dict_keys(['latest_only']) retrieved from /home/shubham/.local/lib/python3.10/site-packages/airflow/example_dags/example_latest_only.py
[2023-06-18T15:18:39.984+0530] {logging_mixin.py:149} INFO - [2023-06-18T15:18:39.984+0530] {dag.py:2726} INFO - Sync 1 DAGs
[2023-06-18T15:18:40.000+0530] {logging_mixin.py:149} INFO - [2023-06-18T15:18:40.000+0530] {dag.py:3486} INFO - Setting next_dagrun for latest_only to 2023-06-18T05:48:39.999860+00:00, run_after=2023-06-18T09:48:39.999860+00:00
[2023-06-18T15:18:40.025+0530] {processor.py:179} INFO - Processing /home/shubham/.local/lib/python3.10/site-packages/airflow/example_dags/example_latest_only.py took 0.069 seconds
[2023-06-18T15:19:25.230+0530] {processor.py:157} INFO - Started process (PID=6065) to work on /home/shubham/.local/lib/python3.10/site-packages/airflow/example_dags/example_latest_only.py
[2023-06-18T15:19:25.233+0530] {processor.py:826} INFO - Processing file /home/shubham/.local/lib/python3.10/site-packages/airflow/example_dags/example_latest_only.py for tasks to queue
[2023-06-18T15:19:25.233+0530] {logging_mixin.py:149} INFO - [2023-06-18T15:19:25.233+0530] {dagbag.py:541} INFO - Filling up the DagBag from /home/shubham/.local/lib/python3.10/site-packages/airflow/example_dags/example_latest_only.py
[2023-06-18T15:19:25.239+0530] {processor.py:836} INFO - DAG(s) dict_keys(['latest_only']) retrieved from /home/shubham/.local/lib/python3.10/site-packages/airflow/example_dags/example_latest_only.py
[2023-06-18T15:19:25.256+0530] {logging_mixin.py:149} INFO - [2023-06-18T15:19:25.256+0530] {dag.py:2726} INFO - Sync 1 DAGs
[2023-06-18T15:19:25.274+0530] {logging_mixin.py:149} INFO - [2023-06-18T15:19:25.274+0530] {dag.py:3486} INFO - Setting next_dagrun for latest_only to 2023-06-18T05:49:25.274197+00:00, run_after=2023-06-18T09:49:25.274197+00:00
[2023-06-18T15:19:25.298+0530] {processor.py:179} INFO - Processing /home/shubham/.local/lib/python3.10/site-packages/airflow/example_dags/example_latest_only.py took 0.071 seconds
[2023-06-18T15:20:09.127+0530] {processor.py:157} INFO - Started process (PID=6110) to work on /home/shubham/.local/lib/python3.10/site-packages/airflow/example_dags/example_latest_only.py
[2023-06-18T15:20:09.129+0530] {processor.py:826} INFO - Processing file /home/shubham/.local/lib/python3.10/site-packages/airflow/example_dags/example_latest_only.py for tasks to queue
[2023-06-18T15:20:09.130+0530] {logging_mixin.py:149} INFO - [2023-06-18T15:20:09.130+0530] {dagbag.py:541} INFO - Filling up the DagBag from /home/shubham/.local/lib/python3.10/site-packages/airflow/example_dags/example_latest_only.py
[2023-06-18T15:20:09.136+0530] {processor.py:836} INFO - DAG(s) dict_keys(['latest_only']) retrieved from /home/shubham/.local/lib/python3.10/site-packages/airflow/example_dags/example_latest_only.py
[2023-06-18T15:20:09.151+0530] {logging_mixin.py:149} INFO - [2023-06-18T15:20:09.151+0530] {dag.py:2726} INFO - Sync 1 DAGs
[2023-06-18T15:20:09.168+0530] {logging_mixin.py:149} INFO - [2023-06-18T15:20:09.168+0530] {dag.py:3486} INFO - Setting next_dagrun for latest_only to 2023-06-18T05:50:09.167813+00:00, run_after=2023-06-18T09:50:09.167813+00:00
[2023-06-18T15:20:09.193+0530] {processor.py:179} INFO - Processing /home/shubham/.local/lib/python3.10/site-packages/airflow/example_dags/example_latest_only.py took 0.069 seconds
[2023-06-18T15:21:04.723+0530] {processor.py:157} INFO - Started process (PID=6163) to work on /home/shubham/.local/lib/python3.10/site-packages/airflow/example_dags/example_latest_only.py
[2023-06-18T15:21:04.725+0530] {processor.py:826} INFO - Processing file /home/shubham/.local/lib/python3.10/site-packages/airflow/example_dags/example_latest_only.py for tasks to queue
[2023-06-18T15:21:04.726+0530] {logging_mixin.py:149} INFO - [2023-06-18T15:21:04.726+0530] {dagbag.py:541} INFO - Filling up the DagBag from /home/shubham/.local/lib/python3.10/site-packages/airflow/example_dags/example_latest_only.py
[2023-06-18T15:21:04.743+0530] {processor.py:836} INFO - DAG(s) dict_keys(['latest_only']) retrieved from /home/shubham/.local/lib/python3.10/site-packages/airflow/example_dags/example_latest_only.py
[2023-06-18T15:21:04.783+0530] {logging_mixin.py:149} INFO - [2023-06-18T15:21:04.782+0530] {dag.py:2726} INFO - Sync 1 DAGs
[2023-06-18T15:21:04.812+0530] {logging_mixin.py:149} INFO - [2023-06-18T15:21:04.811+0530] {dag.py:3486} INFO - Setting next_dagrun for latest_only to 2023-06-18T05:51:04.811565+00:00, run_after=2023-06-18T09:51:04.811565+00:00
[2023-06-18T15:21:04.862+0530] {processor.py:179} INFO - Processing /home/shubham/.local/lib/python3.10/site-packages/airflow/example_dags/example_latest_only.py took 0.144 seconds
[2023-06-18T15:47:12.934+0530] {processor.py:157} INFO - Started process (PID=6347) to work on /home/shubham/.local/lib/python3.10/site-packages/airflow/example_dags/example_latest_only.py
[2023-06-18T15:47:12.936+0530] {processor.py:826} INFO - Processing file /home/shubham/.local/lib/python3.10/site-packages/airflow/example_dags/example_latest_only.py for tasks to queue
[2023-06-18T15:47:12.937+0530] {logging_mixin.py:149} INFO - [2023-06-18T15:47:12.937+0530] {dagbag.py:541} INFO - Filling up the DagBag from /home/shubham/.local/lib/python3.10/site-packages/airflow/example_dags/example_latest_only.py
[2023-06-18T15:47:12.944+0530] {processor.py:836} INFO - DAG(s) dict_keys(['latest_only']) retrieved from /home/shubham/.local/lib/python3.10/site-packages/airflow/example_dags/example_latest_only.py
[2023-06-18T15:47:12.963+0530] {logging_mixin.py:149} INFO - [2023-06-18T15:47:12.963+0530] {dag.py:2726} INFO - Sync 1 DAGs
[2023-06-18T15:47:12.981+0530] {logging_mixin.py:149} INFO - [2023-06-18T15:47:12.980+0530] {dag.py:3486} INFO - Setting next_dagrun for latest_only to 2023-06-18T06:17:12.980495+00:00, run_after=2023-06-18T10:17:12.980495+00:00
[2023-06-18T15:47:13.007+0530] {processor.py:179} INFO - Processing /home/shubham/.local/lib/python3.10/site-packages/airflow/example_dags/example_latest_only.py took 0.075 seconds
[2023-06-18T15:47:58.297+0530] {processor.py:157} INFO - Started process (PID=6402) to work on /home/shubham/.local/lib/python3.10/site-packages/airflow/example_dags/example_latest_only.py
[2023-06-18T15:47:58.299+0530] {processor.py:826} INFO - Processing file /home/shubham/.local/lib/python3.10/site-packages/airflow/example_dags/example_latest_only.py for tasks to queue
[2023-06-18T15:47:58.299+0530] {logging_mixin.py:149} INFO - [2023-06-18T15:47:58.299+0530] {dagbag.py:541} INFO - Filling up the DagBag from /home/shubham/.local/lib/python3.10/site-packages/airflow/example_dags/example_latest_only.py
[2023-06-18T15:47:58.305+0530] {processor.py:836} INFO - DAG(s) dict_keys(['latest_only']) retrieved from /home/shubham/.local/lib/python3.10/site-packages/airflow/example_dags/example_latest_only.py
[2023-06-18T15:47:58.321+0530] {logging_mixin.py:149} INFO - [2023-06-18T15:47:58.321+0530] {dag.py:2726} INFO - Sync 1 DAGs
[2023-06-18T15:47:58.338+0530] {logging_mixin.py:149} INFO - [2023-06-18T15:47:58.338+0530] {dag.py:3486} INFO - Setting next_dagrun for latest_only to 2023-06-18T06:17:58.338100+00:00, run_after=2023-06-18T10:17:58.338100+00:00
[2023-06-18T15:47:58.362+0530] {processor.py:179} INFO - Processing /home/shubham/.local/lib/python3.10/site-packages/airflow/example_dags/example_latest_only.py took 0.068 seconds
