[2023-06-18T13:45:03.536+0530] {processor.py:157} INFO - Started process (PID=126) to work on /home/shubham/.local/lib/python3.10/site-packages/airflow/example_dags/example_sensor_decorator.py
[2023-06-18T13:45:03.537+0530] {processor.py:826} INFO - Processing file /home/shubham/.local/lib/python3.10/site-packages/airflow/example_dags/example_sensor_decorator.py for tasks to queue
[2023-06-18T13:45:03.537+0530] {logging_mixin.py:149} INFO - [2023-06-18T13:45:03.537+0530] {dagbag.py:541} INFO - Filling up the DagBag from /home/shubham/.local/lib/python3.10/site-packages/airflow/example_dags/example_sensor_decorator.py
[2023-06-18T13:45:03.542+0530] {processor.py:836} INFO - DAG(s) dict_keys(['example_sensor_decorator']) retrieved from /home/shubham/.local/lib/python3.10/site-packages/airflow/example_dags/example_sensor_decorator.py
[2023-06-18T13:45:03.548+0530] {logging_mixin.py:149} INFO - [2023-06-18T13:45:03.548+0530] {dag.py:2726} INFO - Sync 1 DAGs
[2023-06-18T13:45:03.560+0530] {logging_mixin.py:149} INFO - [2023-06-18T13:45:03.560+0530] {dag.py:3486} INFO - Setting next_dagrun for example_sensor_decorator to None, run_after=None
[2023-06-18T13:45:03.576+0530] {processor.py:179} INFO - Processing /home/shubham/.local/lib/python3.10/site-packages/airflow/example_dags/example_sensor_decorator.py took 0.042 seconds
[2023-06-18T13:45:46.148+0530] {processor.py:157} INFO - Started process (PID=172) to work on /home/shubham/.local/lib/python3.10/site-packages/airflow/example_dags/example_sensor_decorator.py
[2023-06-18T13:45:46.149+0530] {processor.py:826} INFO - Processing file /home/shubham/.local/lib/python3.10/site-packages/airflow/example_dags/example_sensor_decorator.py for tasks to queue
[2023-06-18T13:45:46.149+0530] {logging_mixin.py:149} INFO - [2023-06-18T13:45:46.149+0530] {dagbag.py:541} INFO - Filling up the DagBag from /home/shubham/.local/lib/python3.10/site-packages/airflow/example_dags/example_sensor_decorator.py
[2023-06-18T13:45:46.153+0530] {processor.py:836} INFO - DAG(s) dict_keys(['example_sensor_decorator']) retrieved from /home/shubham/.local/lib/python3.10/site-packages/airflow/example_dags/example_sensor_decorator.py
[2023-06-18T13:45:46.165+0530] {logging_mixin.py:149} INFO - [2023-06-18T13:45:46.165+0530] {dag.py:2726} INFO - Sync 1 DAGs
[2023-06-18T13:45:46.176+0530] {logging_mixin.py:149} INFO - [2023-06-18T13:45:46.176+0530] {dag.py:3486} INFO - Setting next_dagrun for example_sensor_decorator to None, run_after=None
[2023-06-18T13:45:46.192+0530] {processor.py:179} INFO - Processing /home/shubham/.local/lib/python3.10/site-packages/airflow/example_dags/example_sensor_decorator.py took 0.046 seconds
[2023-06-18T13:46:32.474+0530] {processor.py:157} INFO - Started process (PID=218) to work on /home/shubham/.local/lib/python3.10/site-packages/airflow/example_dags/example_sensor_decorator.py
[2023-06-18T13:46:32.475+0530] {processor.py:826} INFO - Processing file /home/shubham/.local/lib/python3.10/site-packages/airflow/example_dags/example_sensor_decorator.py for tasks to queue
[2023-06-18T13:46:32.476+0530] {logging_mixin.py:149} INFO - [2023-06-18T13:46:32.476+0530] {dagbag.py:541} INFO - Filling up the DagBag from /home/shubham/.local/lib/python3.10/site-packages/airflow/example_dags/example_sensor_decorator.py
[2023-06-18T13:46:32.483+0530] {processor.py:836} INFO - DAG(s) dict_keys(['example_sensor_decorator']) retrieved from /home/shubham/.local/lib/python3.10/site-packages/airflow/example_dags/example_sensor_decorator.py
[2023-06-18T13:46:32.502+0530] {logging_mixin.py:149} INFO - [2023-06-18T13:46:32.501+0530] {dag.py:2726} INFO - Sync 1 DAGs
[2023-06-18T13:46:32.517+0530] {logging_mixin.py:149} INFO - [2023-06-18T13:46:32.517+0530] {dag.py:3486} INFO - Setting next_dagrun for example_sensor_decorator to None, run_after=None
[2023-06-18T13:46:32.535+0530] {processor.py:179} INFO - Processing /home/shubham/.local/lib/python3.10/site-packages/airflow/example_dags/example_sensor_decorator.py took 0.064 seconds
[2023-06-18T13:47:18.507+0530] {processor.py:157} INFO - Started process (PID=266) to work on /home/shubham/.local/lib/python3.10/site-packages/airflow/example_dags/example_sensor_decorator.py
[2023-06-18T13:47:18.509+0530] {processor.py:826} INFO - Processing file /home/shubham/.local/lib/python3.10/site-packages/airflow/example_dags/example_sensor_decorator.py for tasks to queue
[2023-06-18T13:47:18.509+0530] {logging_mixin.py:149} INFO - [2023-06-18T13:47:18.509+0530] {dagbag.py:541} INFO - Filling up the DagBag from /home/shubham/.local/lib/python3.10/site-packages/airflow/example_dags/example_sensor_decorator.py
[2023-06-18T13:47:18.516+0530] {processor.py:836} INFO - DAG(s) dict_keys(['example_sensor_decorator']) retrieved from /home/shubham/.local/lib/python3.10/site-packages/airflow/example_dags/example_sensor_decorator.py
[2023-06-18T13:47:18.535+0530] {logging_mixin.py:149} INFO - [2023-06-18T13:47:18.535+0530] {dag.py:2726} INFO - Sync 1 DAGs
[2023-06-18T13:47:18.552+0530] {logging_mixin.py:149} INFO - [2023-06-18T13:47:18.551+0530] {dag.py:3486} INFO - Setting next_dagrun for example_sensor_decorator to None, run_after=None
[2023-06-18T13:47:18.574+0530] {processor.py:179} INFO - Processing /home/shubham/.local/lib/python3.10/site-packages/airflow/example_dags/example_sensor_decorator.py took 0.070 seconds
[2023-06-18T13:52:07.714+0530] {processor.py:157} INFO - Started process (PID=455) to work on /home/shubham/.local/lib/python3.10/site-packages/airflow/example_dags/example_sensor_decorator.py
[2023-06-18T13:52:07.716+0530] {processor.py:826} INFO - Processing file /home/shubham/.local/lib/python3.10/site-packages/airflow/example_dags/example_sensor_decorator.py for tasks to queue
[2023-06-18T13:52:07.716+0530] {logging_mixin.py:149} INFO - [2023-06-18T13:52:07.716+0530] {dagbag.py:541} INFO - Filling up the DagBag from /home/shubham/.local/lib/python3.10/site-packages/airflow/example_dags/example_sensor_decorator.py
[2023-06-18T13:52:07.722+0530] {processor.py:836} INFO - DAG(s) dict_keys(['example_sensor_decorator']) retrieved from /home/shubham/.local/lib/python3.10/site-packages/airflow/example_dags/example_sensor_decorator.py
[2023-06-18T13:52:07.731+0530] {logging_mixin.py:149} INFO - [2023-06-18T13:52:07.731+0530] {dag.py:2726} INFO - Sync 1 DAGs
[2023-06-18T13:52:07.747+0530] {logging_mixin.py:149} INFO - [2023-06-18T13:52:07.747+0530] {dag.py:3486} INFO - Setting next_dagrun for example_sensor_decorator to None, run_after=None
[2023-06-18T13:52:07.762+0530] {processor.py:179} INFO - Processing /home/shubham/.local/lib/python3.10/site-packages/airflow/example_dags/example_sensor_decorator.py took 0.050 seconds
[2023-06-18T13:52:51.829+0530] {processor.py:157} INFO - Started process (PID=501) to work on /home/shubham/.local/lib/python3.10/site-packages/airflow/example_dags/example_sensor_decorator.py
[2023-06-18T13:52:51.830+0530] {processor.py:826} INFO - Processing file /home/shubham/.local/lib/python3.10/site-packages/airflow/example_dags/example_sensor_decorator.py for tasks to queue
[2023-06-18T13:52:51.831+0530] {logging_mixin.py:149} INFO - [2023-06-18T13:52:51.831+0530] {dagbag.py:541} INFO - Filling up the DagBag from /home/shubham/.local/lib/python3.10/site-packages/airflow/example_dags/example_sensor_decorator.py
[2023-06-18T13:52:51.835+0530] {processor.py:836} INFO - DAG(s) dict_keys(['example_sensor_decorator']) retrieved from /home/shubham/.local/lib/python3.10/site-packages/airflow/example_dags/example_sensor_decorator.py
[2023-06-18T13:52:51.847+0530] {logging_mixin.py:149} INFO - [2023-06-18T13:52:51.846+0530] {dag.py:2726} INFO - Sync 1 DAGs
[2023-06-18T13:52:51.857+0530] {logging_mixin.py:149} INFO - [2023-06-18T13:52:51.857+0530] {dag.py:3486} INFO - Setting next_dagrun for example_sensor_decorator to None, run_after=None
[2023-06-18T13:52:51.874+0530] {processor.py:179} INFO - Processing /home/shubham/.local/lib/python3.10/site-packages/airflow/example_dags/example_sensor_decorator.py took 0.047 seconds
[2023-06-18T14:39:40.603+0530] {processor.py:157} INFO - Started process (PID=3205) to work on /home/shubham/.local/lib/python3.10/site-packages/airflow/example_dags/example_sensor_decorator.py
[2023-06-18T14:39:40.605+0530] {processor.py:826} INFO - Processing file /home/shubham/.local/lib/python3.10/site-packages/airflow/example_dags/example_sensor_decorator.py for tasks to queue
[2023-06-18T14:39:40.606+0530] {logging_mixin.py:149} INFO - [2023-06-18T14:39:40.605+0530] {dagbag.py:541} INFO - Filling up the DagBag from /home/shubham/.local/lib/python3.10/site-packages/airflow/example_dags/example_sensor_decorator.py
[2023-06-18T14:39:40.613+0530] {processor.py:836} INFO - DAG(s) dict_keys(['example_sensor_decorator']) retrieved from /home/shubham/.local/lib/python3.10/site-packages/airflow/example_dags/example_sensor_decorator.py
[2023-06-18T14:39:40.622+0530] {logging_mixin.py:149} INFO - [2023-06-18T14:39:40.622+0530] {dag.py:2726} INFO - Sync 1 DAGs
[2023-06-18T14:39:40.640+0530] {logging_mixin.py:149} INFO - [2023-06-18T14:39:40.640+0530] {dag.py:3486} INFO - Setting next_dagrun for example_sensor_decorator to None, run_after=None
[2023-06-18T14:39:40.662+0530] {processor.py:179} INFO - Processing /home/shubham/.local/lib/python3.10/site-packages/airflow/example_dags/example_sensor_decorator.py took 0.064 seconds
[2023-06-18T14:40:27.076+0530] {processor.py:157} INFO - Started process (PID=3270) to work on /home/shubham/.local/lib/python3.10/site-packages/airflow/example_dags/example_sensor_decorator.py
[2023-06-18T14:40:27.078+0530] {processor.py:826} INFO - Processing file /home/shubham/.local/lib/python3.10/site-packages/airflow/example_dags/example_sensor_decorator.py for tasks to queue
[2023-06-18T14:40:27.079+0530] {logging_mixin.py:149} INFO - [2023-06-18T14:40:27.079+0530] {dagbag.py:541} INFO - Filling up the DagBag from /home/shubham/.local/lib/python3.10/site-packages/airflow/example_dags/example_sensor_decorator.py
[2023-06-18T14:40:27.088+0530] {processor.py:836} INFO - DAG(s) dict_keys(['example_sensor_decorator']) retrieved from /home/shubham/.local/lib/python3.10/site-packages/airflow/example_dags/example_sensor_decorator.py
[2023-06-18T14:40:27.108+0530] {logging_mixin.py:149} INFO - [2023-06-18T14:40:27.108+0530] {dag.py:2726} INFO - Sync 1 DAGs
[2023-06-18T14:40:27.125+0530] {logging_mixin.py:149} INFO - [2023-06-18T14:40:27.125+0530] {dag.py:3486} INFO - Setting next_dagrun for example_sensor_decorator to None, run_after=None
[2023-06-18T14:40:27.143+0530] {processor.py:179} INFO - Processing /home/shubham/.local/lib/python3.10/site-packages/airflow/example_dags/example_sensor_decorator.py took 0.070 seconds
[2023-06-18T14:41:12.312+0530] {processor.py:157} INFO - Started process (PID=3562) to work on /home/shubham/.local/lib/python3.10/site-packages/airflow/example_dags/example_sensor_decorator.py
[2023-06-18T14:41:12.313+0530] {processor.py:826} INFO - Processing file /home/shubham/.local/lib/python3.10/site-packages/airflow/example_dags/example_sensor_decorator.py for tasks to queue
[2023-06-18T14:41:12.313+0530] {logging_mixin.py:149} INFO - [2023-06-18T14:41:12.313+0530] {dagbag.py:541} INFO - Filling up the DagBag from /home/shubham/.local/lib/python3.10/site-packages/airflow/example_dags/example_sensor_decorator.py
[2023-06-18T14:41:12.318+0530] {processor.py:836} INFO - DAG(s) dict_keys(['example_sensor_decorator']) retrieved from /home/shubham/.local/lib/python3.10/site-packages/airflow/example_dags/example_sensor_decorator.py
[2023-06-18T14:41:12.337+0530] {logging_mixin.py:149} INFO - [2023-06-18T14:41:12.337+0530] {dag.py:2726} INFO - Sync 1 DAGs
[2023-06-18T14:41:12.351+0530] {logging_mixin.py:149} INFO - [2023-06-18T14:41:12.350+0530] {dag.py:3486} INFO - Setting next_dagrun for example_sensor_decorator to None, run_after=None
[2023-06-18T14:41:12.371+0530] {processor.py:179} INFO - Processing /home/shubham/.local/lib/python3.10/site-packages/airflow/example_dags/example_sensor_decorator.py took 0.062 seconds
[2023-06-18T14:41:54.857+0530] {processor.py:157} INFO - Started process (PID=3639) to work on /home/shubham/.local/lib/python3.10/site-packages/airflow/example_dags/example_sensor_decorator.py
[2023-06-18T14:41:54.858+0530] {processor.py:826} INFO - Processing file /home/shubham/.local/lib/python3.10/site-packages/airflow/example_dags/example_sensor_decorator.py for tasks to queue
[2023-06-18T14:41:54.859+0530] {logging_mixin.py:149} INFO - [2023-06-18T14:41:54.859+0530] {dagbag.py:541} INFO - Filling up the DagBag from /home/shubham/.local/lib/python3.10/site-packages/airflow/example_dags/example_sensor_decorator.py
[2023-06-18T14:41:54.863+0530] {processor.py:836} INFO - DAG(s) dict_keys(['example_sensor_decorator']) retrieved from /home/shubham/.local/lib/python3.10/site-packages/airflow/example_dags/example_sensor_decorator.py
[2023-06-18T14:41:54.876+0530] {logging_mixin.py:149} INFO - [2023-06-18T14:41:54.875+0530] {dag.py:2726} INFO - Sync 1 DAGs
[2023-06-18T14:41:54.888+0530] {logging_mixin.py:149} INFO - [2023-06-18T14:41:54.888+0530] {dag.py:3486} INFO - Setting next_dagrun for example_sensor_decorator to None, run_after=None
[2023-06-18T14:41:54.906+0530] {processor.py:179} INFO - Processing /home/shubham/.local/lib/python3.10/site-packages/airflow/example_dags/example_sensor_decorator.py took 0.051 seconds
[2023-06-18T14:42:40.533+0530] {processor.py:157} INFO - Started process (PID=3768) to work on /home/shubham/.local/lib/python3.10/site-packages/airflow/example_dags/example_sensor_decorator.py
[2023-06-18T14:42:40.534+0530] {processor.py:826} INFO - Processing file /home/shubham/.local/lib/python3.10/site-packages/airflow/example_dags/example_sensor_decorator.py for tasks to queue
[2023-06-18T14:42:40.535+0530] {logging_mixin.py:149} INFO - [2023-06-18T14:42:40.535+0530] {dagbag.py:541} INFO - Filling up the DagBag from /home/shubham/.local/lib/python3.10/site-packages/airflow/example_dags/example_sensor_decorator.py
[2023-06-18T14:42:40.540+0530] {processor.py:836} INFO - DAG(s) dict_keys(['example_sensor_decorator']) retrieved from /home/shubham/.local/lib/python3.10/site-packages/airflow/example_dags/example_sensor_decorator.py
[2023-06-18T14:42:40.566+0530] {logging_mixin.py:149} INFO - [2023-06-18T14:42:40.566+0530] {dag.py:2726} INFO - Sync 1 DAGs
[2023-06-18T14:42:40.579+0530] {logging_mixin.py:149} INFO - [2023-06-18T14:42:40.579+0530] {dag.py:3486} INFO - Setting next_dagrun for example_sensor_decorator to None, run_after=None
[2023-06-18T14:42:40.594+0530] {processor.py:179} INFO - Processing /home/shubham/.local/lib/python3.10/site-packages/airflow/example_dags/example_sensor_decorator.py took 0.067 seconds
[2023-06-18T14:43:24.906+0530] {processor.py:157} INFO - Started process (PID=3812) to work on /home/shubham/.local/lib/python3.10/site-packages/airflow/example_dags/example_sensor_decorator.py
[2023-06-18T14:43:24.907+0530] {processor.py:826} INFO - Processing file /home/shubham/.local/lib/python3.10/site-packages/airflow/example_dags/example_sensor_decorator.py for tasks to queue
[2023-06-18T14:43:24.908+0530] {logging_mixin.py:149} INFO - [2023-06-18T14:43:24.908+0530] {dagbag.py:541} INFO - Filling up the DagBag from /home/shubham/.local/lib/python3.10/site-packages/airflow/example_dags/example_sensor_decorator.py
[2023-06-18T14:43:24.913+0530] {processor.py:836} INFO - DAG(s) dict_keys(['example_sensor_decorator']) retrieved from /home/shubham/.local/lib/python3.10/site-packages/airflow/example_dags/example_sensor_decorator.py
[2023-06-18T14:43:24.932+0530] {logging_mixin.py:149} INFO - [2023-06-18T14:43:24.931+0530] {dag.py:2726} INFO - Sync 1 DAGs
[2023-06-18T14:43:24.944+0530] {logging_mixin.py:149} INFO - [2023-06-18T14:43:24.944+0530] {dag.py:3486} INFO - Setting next_dagrun for example_sensor_decorator to None, run_after=None
[2023-06-18T14:43:24.961+0530] {processor.py:179} INFO - Processing /home/shubham/.local/lib/python3.10/site-packages/airflow/example_dags/example_sensor_decorator.py took 0.057 seconds
[2023-06-18T14:44:14.327+0530] {processor.py:157} INFO - Started process (PID=3861) to work on /home/shubham/.local/lib/python3.10/site-packages/airflow/example_dags/example_sensor_decorator.py
[2023-06-18T14:44:14.330+0530] {processor.py:826} INFO - Processing file /home/shubham/.local/lib/python3.10/site-packages/airflow/example_dags/example_sensor_decorator.py for tasks to queue
[2023-06-18T14:44:14.330+0530] {logging_mixin.py:149} INFO - [2023-06-18T14:44:14.330+0530] {dagbag.py:541} INFO - Filling up the DagBag from /home/shubham/.local/lib/python3.10/site-packages/airflow/example_dags/example_sensor_decorator.py
[2023-06-18T14:44:14.335+0530] {processor.py:836} INFO - DAG(s) dict_keys(['example_sensor_decorator']) retrieved from /home/shubham/.local/lib/python3.10/site-packages/airflow/example_dags/example_sensor_decorator.py
[2023-06-18T14:44:14.347+0530] {logging_mixin.py:149} INFO - [2023-06-18T14:44:14.347+0530] {dag.py:2726} INFO - Sync 1 DAGs
[2023-06-18T14:44:14.360+0530] {logging_mixin.py:149} INFO - [2023-06-18T14:44:14.359+0530] {dag.py:3486} INFO - Setting next_dagrun for example_sensor_decorator to None, run_after=None
[2023-06-18T14:44:14.376+0530] {processor.py:179} INFO - Processing /home/shubham/.local/lib/python3.10/site-packages/airflow/example_dags/example_sensor_decorator.py took 0.054 seconds
[2023-06-18T14:44:57.318+0530] {processor.py:157} INFO - Started process (PID=3907) to work on /home/shubham/.local/lib/python3.10/site-packages/airflow/example_dags/example_sensor_decorator.py
[2023-06-18T14:44:57.319+0530] {processor.py:826} INFO - Processing file /home/shubham/.local/lib/python3.10/site-packages/airflow/example_dags/example_sensor_decorator.py for tasks to queue
[2023-06-18T14:44:57.319+0530] {logging_mixin.py:149} INFO - [2023-06-18T14:44:57.319+0530] {dagbag.py:541} INFO - Filling up the DagBag from /home/shubham/.local/lib/python3.10/site-packages/airflow/example_dags/example_sensor_decorator.py
[2023-06-18T14:44:57.324+0530] {processor.py:836} INFO - DAG(s) dict_keys(['example_sensor_decorator']) retrieved from /home/shubham/.local/lib/python3.10/site-packages/airflow/example_dags/example_sensor_decorator.py
[2023-06-18T14:44:57.337+0530] {logging_mixin.py:149} INFO - [2023-06-18T14:44:57.336+0530] {dag.py:2726} INFO - Sync 1 DAGs
[2023-06-18T14:44:57.348+0530] {logging_mixin.py:149} INFO - [2023-06-18T14:44:57.348+0530] {dag.py:3486} INFO - Setting next_dagrun for example_sensor_decorator to None, run_after=None
[2023-06-18T14:44:57.367+0530] {processor.py:179} INFO - Processing /home/shubham/.local/lib/python3.10/site-packages/airflow/example_dags/example_sensor_decorator.py took 0.051 seconds
[2023-06-18T14:45:41.306+0530] {processor.py:157} INFO - Started process (PID=3953) to work on /home/shubham/.local/lib/python3.10/site-packages/airflow/example_dags/example_sensor_decorator.py
[2023-06-18T14:45:41.307+0530] {processor.py:826} INFO - Processing file /home/shubham/.local/lib/python3.10/site-packages/airflow/example_dags/example_sensor_decorator.py for tasks to queue
[2023-06-18T14:45:41.308+0530] {logging_mixin.py:149} INFO - [2023-06-18T14:45:41.308+0530] {dagbag.py:541} INFO - Filling up the DagBag from /home/shubham/.local/lib/python3.10/site-packages/airflow/example_dags/example_sensor_decorator.py
[2023-06-18T14:45:41.312+0530] {processor.py:836} INFO - DAG(s) dict_keys(['example_sensor_decorator']) retrieved from /home/shubham/.local/lib/python3.10/site-packages/airflow/example_dags/example_sensor_decorator.py
[2023-06-18T14:45:41.325+0530] {logging_mixin.py:149} INFO - [2023-06-18T14:45:41.325+0530] {dag.py:2726} INFO - Sync 1 DAGs
[2023-06-18T14:45:41.337+0530] {logging_mixin.py:149} INFO - [2023-06-18T14:45:41.337+0530] {dag.py:3486} INFO - Setting next_dagrun for example_sensor_decorator to None, run_after=None
[2023-06-18T14:45:41.353+0530] {processor.py:179} INFO - Processing /home/shubham/.local/lib/python3.10/site-packages/airflow/example_dags/example_sensor_decorator.py took 0.049 seconds
[2023-06-18T14:46:27.467+0530] {processor.py:157} INFO - Started process (PID=4000) to work on /home/shubham/.local/lib/python3.10/site-packages/airflow/example_dags/example_sensor_decorator.py
[2023-06-18T14:46:27.468+0530] {processor.py:826} INFO - Processing file /home/shubham/.local/lib/python3.10/site-packages/airflow/example_dags/example_sensor_decorator.py for tasks to queue
[2023-06-18T14:46:27.469+0530] {logging_mixin.py:149} INFO - [2023-06-18T14:46:27.469+0530] {dagbag.py:541} INFO - Filling up the DagBag from /home/shubham/.local/lib/python3.10/site-packages/airflow/example_dags/example_sensor_decorator.py
[2023-06-18T14:46:27.473+0530] {processor.py:836} INFO - DAG(s) dict_keys(['example_sensor_decorator']) retrieved from /home/shubham/.local/lib/python3.10/site-packages/airflow/example_dags/example_sensor_decorator.py
[2023-06-18T14:46:27.486+0530] {logging_mixin.py:149} INFO - [2023-06-18T14:46:27.486+0530] {dag.py:2726} INFO - Sync 1 DAGs
[2023-06-18T14:46:27.498+0530] {logging_mixin.py:149} INFO - [2023-06-18T14:46:27.498+0530] {dag.py:3486} INFO - Setting next_dagrun for example_sensor_decorator to None, run_after=None
[2023-06-18T14:46:27.515+0530] {processor.py:179} INFO - Processing /home/shubham/.local/lib/python3.10/site-packages/airflow/example_dags/example_sensor_decorator.py took 0.050 seconds
[2023-06-18T14:47:15.371+0530] {processor.py:157} INFO - Started process (PID=4048) to work on /home/shubham/.local/lib/python3.10/site-packages/airflow/example_dags/example_sensor_decorator.py
[2023-06-18T14:47:15.373+0530] {processor.py:826} INFO - Processing file /home/shubham/.local/lib/python3.10/site-packages/airflow/example_dags/example_sensor_decorator.py for tasks to queue
[2023-06-18T14:47:15.373+0530] {logging_mixin.py:149} INFO - [2023-06-18T14:47:15.373+0530] {dagbag.py:541} INFO - Filling up the DagBag from /home/shubham/.local/lib/python3.10/site-packages/airflow/example_dags/example_sensor_decorator.py
[2023-06-18T14:47:15.377+0530] {processor.py:836} INFO - DAG(s) dict_keys(['example_sensor_decorator']) retrieved from /home/shubham/.local/lib/python3.10/site-packages/airflow/example_dags/example_sensor_decorator.py
[2023-06-18T14:47:15.391+0530] {logging_mixin.py:149} INFO - [2023-06-18T14:47:15.390+0530] {dag.py:2726} INFO - Sync 1 DAGs
[2023-06-18T14:47:15.403+0530] {logging_mixin.py:149} INFO - [2023-06-18T14:47:15.403+0530] {dag.py:3486} INFO - Setting next_dagrun for example_sensor_decorator to None, run_after=None
[2023-06-18T14:47:15.419+0530] {processor.py:179} INFO - Processing /home/shubham/.local/lib/python3.10/site-packages/airflow/example_dags/example_sensor_decorator.py took 0.050 seconds
[2023-06-18T14:47:59.991+0530] {processor.py:157} INFO - Started process (PID=4096) to work on /home/shubham/.local/lib/python3.10/site-packages/airflow/example_dags/example_sensor_decorator.py
[2023-06-18T14:47:59.992+0530] {processor.py:826} INFO - Processing file /home/shubham/.local/lib/python3.10/site-packages/airflow/example_dags/example_sensor_decorator.py for tasks to queue
[2023-06-18T14:47:59.993+0530] {logging_mixin.py:149} INFO - [2023-06-18T14:47:59.992+0530] {dagbag.py:541} INFO - Filling up the DagBag from /home/shubham/.local/lib/python3.10/site-packages/airflow/example_dags/example_sensor_decorator.py
[2023-06-18T14:47:59.997+0530] {processor.py:836} INFO - DAG(s) dict_keys(['example_sensor_decorator']) retrieved from /home/shubham/.local/lib/python3.10/site-packages/airflow/example_dags/example_sensor_decorator.py
[2023-06-18T14:48:00.010+0530] {logging_mixin.py:149} INFO - [2023-06-18T14:48:00.010+0530] {dag.py:2726} INFO - Sync 1 DAGs
[2023-06-18T14:48:00.026+0530] {logging_mixin.py:149} INFO - [2023-06-18T14:48:00.026+0530] {dag.py:3486} INFO - Setting next_dagrun for example_sensor_decorator to None, run_after=None
[2023-06-18T14:48:00.042+0530] {processor.py:179} INFO - Processing /home/shubham/.local/lib/python3.10/site-packages/airflow/example_dags/example_sensor_decorator.py took 0.054 seconds
[2023-06-18T14:48:45.457+0530] {processor.py:157} INFO - Started process (PID=4144) to work on /home/shubham/.local/lib/python3.10/site-packages/airflow/example_dags/example_sensor_decorator.py
[2023-06-18T14:48:45.458+0530] {processor.py:826} INFO - Processing file /home/shubham/.local/lib/python3.10/site-packages/airflow/example_dags/example_sensor_decorator.py for tasks to queue
[2023-06-18T14:48:45.458+0530] {logging_mixin.py:149} INFO - [2023-06-18T14:48:45.458+0530] {dagbag.py:541} INFO - Filling up the DagBag from /home/shubham/.local/lib/python3.10/site-packages/airflow/example_dags/example_sensor_decorator.py
[2023-06-18T14:48:45.462+0530] {processor.py:836} INFO - DAG(s) dict_keys(['example_sensor_decorator']) retrieved from /home/shubham/.local/lib/python3.10/site-packages/airflow/example_dags/example_sensor_decorator.py
[2023-06-18T14:48:45.475+0530] {logging_mixin.py:149} INFO - [2023-06-18T14:48:45.475+0530] {dag.py:2726} INFO - Sync 1 DAGs
[2023-06-18T14:48:45.487+0530] {logging_mixin.py:149} INFO - [2023-06-18T14:48:45.487+0530] {dag.py:3486} INFO - Setting next_dagrun for example_sensor_decorator to None, run_after=None
[2023-06-18T14:48:45.504+0530] {processor.py:179} INFO - Processing /home/shubham/.local/lib/python3.10/site-packages/airflow/example_dags/example_sensor_decorator.py took 0.049 seconds
[2023-06-18T14:49:28.152+0530] {processor.py:157} INFO - Started process (PID=4189) to work on /home/shubham/.local/lib/python3.10/site-packages/airflow/example_dags/example_sensor_decorator.py
[2023-06-18T14:49:28.154+0530] {processor.py:826} INFO - Processing file /home/shubham/.local/lib/python3.10/site-packages/airflow/example_dags/example_sensor_decorator.py for tasks to queue
[2023-06-18T14:49:28.154+0530] {logging_mixin.py:149} INFO - [2023-06-18T14:49:28.154+0530] {dagbag.py:541} INFO - Filling up the DagBag from /home/shubham/.local/lib/python3.10/site-packages/airflow/example_dags/example_sensor_decorator.py
[2023-06-18T14:49:28.159+0530] {processor.py:836} INFO - DAG(s) dict_keys(['example_sensor_decorator']) retrieved from /home/shubham/.local/lib/python3.10/site-packages/airflow/example_dags/example_sensor_decorator.py
[2023-06-18T14:49:28.173+0530] {logging_mixin.py:149} INFO - [2023-06-18T14:49:28.173+0530] {dag.py:2726} INFO - Sync 1 DAGs
[2023-06-18T14:49:28.186+0530] {logging_mixin.py:149} INFO - [2023-06-18T14:49:28.186+0530] {dag.py:3486} INFO - Setting next_dagrun for example_sensor_decorator to None, run_after=None
[2023-06-18T14:49:28.202+0530] {processor.py:179} INFO - Processing /home/shubham/.local/lib/python3.10/site-packages/airflow/example_dags/example_sensor_decorator.py took 0.052 seconds
[2023-06-18T14:50:11.324+0530] {processor.py:157} INFO - Started process (PID=4235) to work on /home/shubham/.local/lib/python3.10/site-packages/airflow/example_dags/example_sensor_decorator.py
[2023-06-18T14:50:11.325+0530] {processor.py:826} INFO - Processing file /home/shubham/.local/lib/python3.10/site-packages/airflow/example_dags/example_sensor_decorator.py for tasks to queue
[2023-06-18T14:50:11.326+0530] {logging_mixin.py:149} INFO - [2023-06-18T14:50:11.325+0530] {dagbag.py:541} INFO - Filling up the DagBag from /home/shubham/.local/lib/python3.10/site-packages/airflow/example_dags/example_sensor_decorator.py
[2023-06-18T14:50:11.330+0530] {processor.py:836} INFO - DAG(s) dict_keys(['example_sensor_decorator']) retrieved from /home/shubham/.local/lib/python3.10/site-packages/airflow/example_dags/example_sensor_decorator.py
[2023-06-18T14:50:11.343+0530] {logging_mixin.py:149} INFO - [2023-06-18T14:50:11.343+0530] {dag.py:2726} INFO - Sync 1 DAGs
[2023-06-18T14:50:11.355+0530] {logging_mixin.py:149} INFO - [2023-06-18T14:50:11.355+0530] {dag.py:3486} INFO - Setting next_dagrun for example_sensor_decorator to None, run_after=None
[2023-06-18T14:50:11.372+0530] {processor.py:179} INFO - Processing /home/shubham/.local/lib/python3.10/site-packages/airflow/example_dags/example_sensor_decorator.py took 0.051 seconds
[2023-06-18T14:50:52.273+0530] {processor.py:157} INFO - Started process (PID=4278) to work on /home/shubham/.local/lib/python3.10/site-packages/airflow/example_dags/example_sensor_decorator.py
[2023-06-18T14:50:52.274+0530] {processor.py:826} INFO - Processing file /home/shubham/.local/lib/python3.10/site-packages/airflow/example_dags/example_sensor_decorator.py for tasks to queue
[2023-06-18T14:50:52.275+0530] {logging_mixin.py:149} INFO - [2023-06-18T14:50:52.275+0530] {dagbag.py:541} INFO - Filling up the DagBag from /home/shubham/.local/lib/python3.10/site-packages/airflow/example_dags/example_sensor_decorator.py
[2023-06-18T14:50:52.279+0530] {processor.py:836} INFO - DAG(s) dict_keys(['example_sensor_decorator']) retrieved from /home/shubham/.local/lib/python3.10/site-packages/airflow/example_dags/example_sensor_decorator.py
[2023-06-18T14:50:52.292+0530] {logging_mixin.py:149} INFO - [2023-06-18T14:50:52.292+0530] {dag.py:2726} INFO - Sync 1 DAGs
[2023-06-18T14:50:52.306+0530] {logging_mixin.py:149} INFO - [2023-06-18T14:50:52.306+0530] {dag.py:3486} INFO - Setting next_dagrun for example_sensor_decorator to None, run_after=None
[2023-06-18T14:50:52.323+0530] {processor.py:179} INFO - Processing /home/shubham/.local/lib/python3.10/site-packages/airflow/example_dags/example_sensor_decorator.py took 0.052 seconds
[2023-06-18T14:51:33.309+0530] {processor.py:157} INFO - Started process (PID=4321) to work on /home/shubham/.local/lib/python3.10/site-packages/airflow/example_dags/example_sensor_decorator.py
[2023-06-18T14:51:33.310+0530] {processor.py:826} INFO - Processing file /home/shubham/.local/lib/python3.10/site-packages/airflow/example_dags/example_sensor_decorator.py for tasks to queue
[2023-06-18T14:51:33.311+0530] {logging_mixin.py:149} INFO - [2023-06-18T14:51:33.311+0530] {dagbag.py:541} INFO - Filling up the DagBag from /home/shubham/.local/lib/python3.10/site-packages/airflow/example_dags/example_sensor_decorator.py
[2023-06-18T14:51:33.315+0530] {processor.py:836} INFO - DAG(s) dict_keys(['example_sensor_decorator']) retrieved from /home/shubham/.local/lib/python3.10/site-packages/airflow/example_dags/example_sensor_decorator.py
[2023-06-18T14:51:33.328+0530] {logging_mixin.py:149} INFO - [2023-06-18T14:51:33.328+0530] {dag.py:2726} INFO - Sync 1 DAGs
[2023-06-18T14:51:33.340+0530] {logging_mixin.py:149} INFO - [2023-06-18T14:51:33.340+0530] {dag.py:3486} INFO - Setting next_dagrun for example_sensor_decorator to None, run_after=None
[2023-06-18T14:51:33.357+0530] {processor.py:179} INFO - Processing /home/shubham/.local/lib/python3.10/site-packages/airflow/example_dags/example_sensor_decorator.py took 0.050 seconds
[2023-06-18T14:52:17.967+0530] {processor.py:157} INFO - Started process (PID=4367) to work on /home/shubham/.local/lib/python3.10/site-packages/airflow/example_dags/example_sensor_decorator.py
[2023-06-18T14:52:17.968+0530] {processor.py:826} INFO - Processing file /home/shubham/.local/lib/python3.10/site-packages/airflow/example_dags/example_sensor_decorator.py for tasks to queue
[2023-06-18T14:52:17.969+0530] {logging_mixin.py:149} INFO - [2023-06-18T14:52:17.969+0530] {dagbag.py:541} INFO - Filling up the DagBag from /home/shubham/.local/lib/python3.10/site-packages/airflow/example_dags/example_sensor_decorator.py
[2023-06-18T14:52:17.973+0530] {processor.py:836} INFO - DAG(s) dict_keys(['example_sensor_decorator']) retrieved from /home/shubham/.local/lib/python3.10/site-packages/airflow/example_dags/example_sensor_decorator.py
[2023-06-18T14:52:17.986+0530] {logging_mixin.py:149} INFO - [2023-06-18T14:52:17.986+0530] {dag.py:2726} INFO - Sync 1 DAGs
[2023-06-18T14:52:17.998+0530] {logging_mixin.py:149} INFO - [2023-06-18T14:52:17.998+0530] {dag.py:3486} INFO - Setting next_dagrun for example_sensor_decorator to None, run_after=None
[2023-06-18T14:52:18.015+0530] {processor.py:179} INFO - Processing /home/shubham/.local/lib/python3.10/site-packages/airflow/example_dags/example_sensor_decorator.py took 0.051 seconds
[2023-06-18T14:52:58.481+0530] {processor.py:157} INFO - Started process (PID=4410) to work on /home/shubham/.local/lib/python3.10/site-packages/airflow/example_dags/example_sensor_decorator.py
[2023-06-18T14:52:58.483+0530] {processor.py:826} INFO - Processing file /home/shubham/.local/lib/python3.10/site-packages/airflow/example_dags/example_sensor_decorator.py for tasks to queue
[2023-06-18T14:52:58.483+0530] {logging_mixin.py:149} INFO - [2023-06-18T14:52:58.483+0530] {dagbag.py:541} INFO - Filling up the DagBag from /home/shubham/.local/lib/python3.10/site-packages/airflow/example_dags/example_sensor_decorator.py
[2023-06-18T14:52:58.487+0530] {processor.py:836} INFO - DAG(s) dict_keys(['example_sensor_decorator']) retrieved from /home/shubham/.local/lib/python3.10/site-packages/airflow/example_dags/example_sensor_decorator.py
[2023-06-18T14:52:58.501+0530] {logging_mixin.py:149} INFO - [2023-06-18T14:52:58.500+0530] {dag.py:2726} INFO - Sync 1 DAGs
[2023-06-18T14:52:58.512+0530] {logging_mixin.py:149} INFO - [2023-06-18T14:52:58.512+0530] {dag.py:3486} INFO - Setting next_dagrun for example_sensor_decorator to None, run_after=None
[2023-06-18T14:52:58.530+0530] {processor.py:179} INFO - Processing /home/shubham/.local/lib/python3.10/site-packages/airflow/example_dags/example_sensor_decorator.py took 0.051 seconds
[2023-06-18T14:53:43.987+0530] {processor.py:157} INFO - Started process (PID=4456) to work on /home/shubham/.local/lib/python3.10/site-packages/airflow/example_dags/example_sensor_decorator.py
[2023-06-18T14:53:43.989+0530] {processor.py:826} INFO - Processing file /home/shubham/.local/lib/python3.10/site-packages/airflow/example_dags/example_sensor_decorator.py for tasks to queue
[2023-06-18T14:53:43.989+0530] {logging_mixin.py:149} INFO - [2023-06-18T14:53:43.989+0530] {dagbag.py:541} INFO - Filling up the DagBag from /home/shubham/.local/lib/python3.10/site-packages/airflow/example_dags/example_sensor_decorator.py
[2023-06-18T14:53:43.994+0530] {processor.py:836} INFO - DAG(s) dict_keys(['example_sensor_decorator']) retrieved from /home/shubham/.local/lib/python3.10/site-packages/airflow/example_dags/example_sensor_decorator.py
[2023-06-18T14:53:44.007+0530] {logging_mixin.py:149} INFO - [2023-06-18T14:53:44.006+0530] {dag.py:2726} INFO - Sync 1 DAGs
[2023-06-18T14:53:44.018+0530] {logging_mixin.py:149} INFO - [2023-06-18T14:53:44.018+0530] {dag.py:3486} INFO - Setting next_dagrun for example_sensor_decorator to None, run_after=None
[2023-06-18T14:53:44.036+0530] {processor.py:179} INFO - Processing /home/shubham/.local/lib/python3.10/site-packages/airflow/example_dags/example_sensor_decorator.py took 0.051 seconds
[2023-06-18T14:54:30.702+0530] {processor.py:157} INFO - Started process (PID=4504) to work on /home/shubham/.local/lib/python3.10/site-packages/airflow/example_dags/example_sensor_decorator.py
[2023-06-18T14:54:30.704+0530] {processor.py:826} INFO - Processing file /home/shubham/.local/lib/python3.10/site-packages/airflow/example_dags/example_sensor_decorator.py for tasks to queue
[2023-06-18T14:54:30.704+0530] {logging_mixin.py:149} INFO - [2023-06-18T14:54:30.704+0530] {dagbag.py:541} INFO - Filling up the DagBag from /home/shubham/.local/lib/python3.10/site-packages/airflow/example_dags/example_sensor_decorator.py
[2023-06-18T14:54:30.708+0530] {processor.py:836} INFO - DAG(s) dict_keys(['example_sensor_decorator']) retrieved from /home/shubham/.local/lib/python3.10/site-packages/airflow/example_dags/example_sensor_decorator.py
[2023-06-18T14:54:30.722+0530] {logging_mixin.py:149} INFO - [2023-06-18T14:54:30.721+0530] {dag.py:2726} INFO - Sync 1 DAGs
[2023-06-18T14:54:30.734+0530] {logging_mixin.py:149} INFO - [2023-06-18T14:54:30.734+0530] {dag.py:3486} INFO - Setting next_dagrun for example_sensor_decorator to None, run_after=None
[2023-06-18T14:54:30.751+0530] {processor.py:179} INFO - Processing /home/shubham/.local/lib/python3.10/site-packages/airflow/example_dags/example_sensor_decorator.py took 0.050 seconds
[2023-06-18T14:55:14.249+0530] {processor.py:157} INFO - Started process (PID=4550) to work on /home/shubham/.local/lib/python3.10/site-packages/airflow/example_dags/example_sensor_decorator.py
[2023-06-18T14:55:14.250+0530] {processor.py:826} INFO - Processing file /home/shubham/.local/lib/python3.10/site-packages/airflow/example_dags/example_sensor_decorator.py for tasks to queue
[2023-06-18T14:55:14.251+0530] {logging_mixin.py:149} INFO - [2023-06-18T14:55:14.251+0530] {dagbag.py:541} INFO - Filling up the DagBag from /home/shubham/.local/lib/python3.10/site-packages/airflow/example_dags/example_sensor_decorator.py
[2023-06-18T14:55:14.255+0530] {processor.py:836} INFO - DAG(s) dict_keys(['example_sensor_decorator']) retrieved from /home/shubham/.local/lib/python3.10/site-packages/airflow/example_dags/example_sensor_decorator.py
[2023-06-18T14:55:14.268+0530] {logging_mixin.py:149} INFO - [2023-06-18T14:55:14.268+0530] {dag.py:2726} INFO - Sync 1 DAGs
[2023-06-18T14:55:14.280+0530] {logging_mixin.py:149} INFO - [2023-06-18T14:55:14.280+0530] {dag.py:3486} INFO - Setting next_dagrun for example_sensor_decorator to None, run_after=None
[2023-06-18T14:55:14.296+0530] {processor.py:179} INFO - Processing /home/shubham/.local/lib/python3.10/site-packages/airflow/example_dags/example_sensor_decorator.py took 0.049 seconds
[2023-06-18T14:56:00.041+0530] {processor.py:157} INFO - Started process (PID=4597) to work on /home/shubham/.local/lib/python3.10/site-packages/airflow/example_dags/example_sensor_decorator.py
[2023-06-18T14:56:00.042+0530] {processor.py:826} INFO - Processing file /home/shubham/.local/lib/python3.10/site-packages/airflow/example_dags/example_sensor_decorator.py for tasks to queue
[2023-06-18T14:56:00.042+0530] {logging_mixin.py:149} INFO - [2023-06-18T14:56:00.042+0530] {dagbag.py:541} INFO - Filling up the DagBag from /home/shubham/.local/lib/python3.10/site-packages/airflow/example_dags/example_sensor_decorator.py
[2023-06-18T14:56:00.047+0530] {processor.py:836} INFO - DAG(s) dict_keys(['example_sensor_decorator']) retrieved from /home/shubham/.local/lib/python3.10/site-packages/airflow/example_dags/example_sensor_decorator.py
[2023-06-18T14:56:00.060+0530] {logging_mixin.py:149} INFO - [2023-06-18T14:56:00.060+0530] {dag.py:2726} INFO - Sync 1 DAGs
[2023-06-18T14:56:00.072+0530] {logging_mixin.py:149} INFO - [2023-06-18T14:56:00.072+0530] {dag.py:3486} INFO - Setting next_dagrun for example_sensor_decorator to None, run_after=None
[2023-06-18T14:56:00.089+0530] {processor.py:179} INFO - Processing /home/shubham/.local/lib/python3.10/site-packages/airflow/example_dags/example_sensor_decorator.py took 0.051 seconds
[2023-06-18T14:56:43.174+0530] {processor.py:157} INFO - Started process (PID=4643) to work on /home/shubham/.local/lib/python3.10/site-packages/airflow/example_dags/example_sensor_decorator.py
[2023-06-18T14:56:43.176+0530] {processor.py:826} INFO - Processing file /home/shubham/.local/lib/python3.10/site-packages/airflow/example_dags/example_sensor_decorator.py for tasks to queue
[2023-06-18T14:56:43.176+0530] {logging_mixin.py:149} INFO - [2023-06-18T14:56:43.176+0530] {dagbag.py:541} INFO - Filling up the DagBag from /home/shubham/.local/lib/python3.10/site-packages/airflow/example_dags/example_sensor_decorator.py
[2023-06-18T14:56:43.181+0530] {processor.py:836} INFO - DAG(s) dict_keys(['example_sensor_decorator']) retrieved from /home/shubham/.local/lib/python3.10/site-packages/airflow/example_dags/example_sensor_decorator.py
[2023-06-18T14:56:43.194+0530] {logging_mixin.py:149} INFO - [2023-06-18T14:56:43.194+0530] {dag.py:2726} INFO - Sync 1 DAGs
[2023-06-18T14:56:43.207+0530] {logging_mixin.py:149} INFO - [2023-06-18T14:56:43.206+0530] {dag.py:3486} INFO - Setting next_dagrun for example_sensor_decorator to None, run_after=None
[2023-06-18T14:56:43.223+0530] {processor.py:179} INFO - Processing /home/shubham/.local/lib/python3.10/site-packages/airflow/example_dags/example_sensor_decorator.py took 0.051 seconds
[2023-06-18T14:57:25.949+0530] {processor.py:157} INFO - Started process (PID=4691) to work on /home/shubham/.local/lib/python3.10/site-packages/airflow/example_dags/example_sensor_decorator.py
[2023-06-18T14:57:25.951+0530] {processor.py:826} INFO - Processing file /home/shubham/.local/lib/python3.10/site-packages/airflow/example_dags/example_sensor_decorator.py for tasks to queue
[2023-06-18T14:57:25.951+0530] {logging_mixin.py:149} INFO - [2023-06-18T14:57:25.951+0530] {dagbag.py:541} INFO - Filling up the DagBag from /home/shubham/.local/lib/python3.10/site-packages/airflow/example_dags/example_sensor_decorator.py
[2023-06-18T14:57:25.956+0530] {processor.py:836} INFO - DAG(s) dict_keys(['example_sensor_decorator']) retrieved from /home/shubham/.local/lib/python3.10/site-packages/airflow/example_dags/example_sensor_decorator.py
[2023-06-18T14:57:25.968+0530] {logging_mixin.py:149} INFO - [2023-06-18T14:57:25.968+0530] {dag.py:2726} INFO - Sync 1 DAGs
[2023-06-18T14:57:25.980+0530] {logging_mixin.py:149} INFO - [2023-06-18T14:57:25.980+0530] {dag.py:3486} INFO - Setting next_dagrun for example_sensor_decorator to None, run_after=None
[2023-06-18T14:57:25.996+0530] {processor.py:179} INFO - Processing /home/shubham/.local/lib/python3.10/site-packages/airflow/example_dags/example_sensor_decorator.py took 0.049 seconds
[2023-06-18T14:58:08.833+0530] {processor.py:157} INFO - Started process (PID=4736) to work on /home/shubham/.local/lib/python3.10/site-packages/airflow/example_dags/example_sensor_decorator.py
[2023-06-18T14:58:08.835+0530] {processor.py:826} INFO - Processing file /home/shubham/.local/lib/python3.10/site-packages/airflow/example_dags/example_sensor_decorator.py for tasks to queue
[2023-06-18T14:58:08.835+0530] {logging_mixin.py:149} INFO - [2023-06-18T14:58:08.835+0530] {dagbag.py:541} INFO - Filling up the DagBag from /home/shubham/.local/lib/python3.10/site-packages/airflow/example_dags/example_sensor_decorator.py
[2023-06-18T14:58:08.839+0530] {processor.py:836} INFO - DAG(s) dict_keys(['example_sensor_decorator']) retrieved from /home/shubham/.local/lib/python3.10/site-packages/airflow/example_dags/example_sensor_decorator.py
[2023-06-18T14:58:08.853+0530] {logging_mixin.py:149} INFO - [2023-06-18T14:58:08.852+0530] {dag.py:2726} INFO - Sync 1 DAGs
[2023-06-18T14:58:08.865+0530] {logging_mixin.py:149} INFO - [2023-06-18T14:58:08.865+0530] {dag.py:3486} INFO - Setting next_dagrun for example_sensor_decorator to None, run_after=None
[2023-06-18T14:58:08.881+0530] {processor.py:179} INFO - Processing /home/shubham/.local/lib/python3.10/site-packages/airflow/example_dags/example_sensor_decorator.py took 0.050 seconds
[2023-06-18T14:58:49.889+0530] {processor.py:157} INFO - Started process (PID=4780) to work on /home/shubham/.local/lib/python3.10/site-packages/airflow/example_dags/example_sensor_decorator.py
[2023-06-18T14:58:49.890+0530] {processor.py:826} INFO - Processing file /home/shubham/.local/lib/python3.10/site-packages/airflow/example_dags/example_sensor_decorator.py for tasks to queue
[2023-06-18T14:58:49.891+0530] {logging_mixin.py:149} INFO - [2023-06-18T14:58:49.891+0530] {dagbag.py:541} INFO - Filling up the DagBag from /home/shubham/.local/lib/python3.10/site-packages/airflow/example_dags/example_sensor_decorator.py
[2023-06-18T14:58:49.895+0530] {processor.py:836} INFO - DAG(s) dict_keys(['example_sensor_decorator']) retrieved from /home/shubham/.local/lib/python3.10/site-packages/airflow/example_dags/example_sensor_decorator.py
[2023-06-18T14:58:49.908+0530] {logging_mixin.py:149} INFO - [2023-06-18T14:58:49.908+0530] {dag.py:2726} INFO - Sync 1 DAGs
[2023-06-18T14:58:49.920+0530] {logging_mixin.py:149} INFO - [2023-06-18T14:58:49.920+0530] {dag.py:3486} INFO - Setting next_dagrun for example_sensor_decorator to None, run_after=None
[2023-06-18T14:58:49.938+0530] {processor.py:179} INFO - Processing /home/shubham/.local/lib/python3.10/site-packages/airflow/example_dags/example_sensor_decorator.py took 0.051 seconds
[2023-06-18T14:59:33.381+0530] {processor.py:157} INFO - Started process (PID=4826) to work on /home/shubham/.local/lib/python3.10/site-packages/airflow/example_dags/example_sensor_decorator.py
[2023-06-18T14:59:33.382+0530] {processor.py:826} INFO - Processing file /home/shubham/.local/lib/python3.10/site-packages/airflow/example_dags/example_sensor_decorator.py for tasks to queue
[2023-06-18T14:59:33.382+0530] {logging_mixin.py:149} INFO - [2023-06-18T14:59:33.382+0530] {dagbag.py:541} INFO - Filling up the DagBag from /home/shubham/.local/lib/python3.10/site-packages/airflow/example_dags/example_sensor_decorator.py
[2023-06-18T14:59:33.386+0530] {processor.py:836} INFO - DAG(s) dict_keys(['example_sensor_decorator']) retrieved from /home/shubham/.local/lib/python3.10/site-packages/airflow/example_dags/example_sensor_decorator.py
[2023-06-18T14:59:33.399+0530] {logging_mixin.py:149} INFO - [2023-06-18T14:59:33.399+0530] {dag.py:2726} INFO - Sync 1 DAGs
[2023-06-18T14:59:33.411+0530] {logging_mixin.py:149} INFO - [2023-06-18T14:59:33.411+0530] {dag.py:3486} INFO - Setting next_dagrun for example_sensor_decorator to None, run_after=None
[2023-06-18T14:59:33.427+0530] {processor.py:179} INFO - Processing /home/shubham/.local/lib/python3.10/site-packages/airflow/example_dags/example_sensor_decorator.py took 0.049 seconds
[2023-06-18T15:00:15.005+0530] {processor.py:157} INFO - Started process (PID=4869) to work on /home/shubham/.local/lib/python3.10/site-packages/airflow/example_dags/example_sensor_decorator.py
[2023-06-18T15:00:15.006+0530] {processor.py:826} INFO - Processing file /home/shubham/.local/lib/python3.10/site-packages/airflow/example_dags/example_sensor_decorator.py for tasks to queue
[2023-06-18T15:00:15.007+0530] {logging_mixin.py:149} INFO - [2023-06-18T15:00:15.007+0530] {dagbag.py:541} INFO - Filling up the DagBag from /home/shubham/.local/lib/python3.10/site-packages/airflow/example_dags/example_sensor_decorator.py
[2023-06-18T15:00:15.011+0530] {processor.py:836} INFO - DAG(s) dict_keys(['example_sensor_decorator']) retrieved from /home/shubham/.local/lib/python3.10/site-packages/airflow/example_dags/example_sensor_decorator.py
[2023-06-18T15:00:15.026+0530] {logging_mixin.py:149} INFO - [2023-06-18T15:00:15.026+0530] {dag.py:2726} INFO - Sync 1 DAGs
[2023-06-18T15:00:15.039+0530] {logging_mixin.py:149} INFO - [2023-06-18T15:00:15.039+0530] {dag.py:3486} INFO - Setting next_dagrun for example_sensor_decorator to None, run_after=None
[2023-06-18T15:00:15.054+0530] {processor.py:179} INFO - Processing /home/shubham/.local/lib/python3.10/site-packages/airflow/example_dags/example_sensor_decorator.py took 0.052 seconds
[2023-06-18T15:01:03.153+0530] {processor.py:157} INFO - Started process (PID=4918) to work on /home/shubham/.local/lib/python3.10/site-packages/airflow/example_dags/example_sensor_decorator.py
[2023-06-18T15:01:03.154+0530] {processor.py:826} INFO - Processing file /home/shubham/.local/lib/python3.10/site-packages/airflow/example_dags/example_sensor_decorator.py for tasks to queue
[2023-06-18T15:01:03.155+0530] {logging_mixin.py:149} INFO - [2023-06-18T15:01:03.155+0530] {dagbag.py:541} INFO - Filling up the DagBag from /home/shubham/.local/lib/python3.10/site-packages/airflow/example_dags/example_sensor_decorator.py
[2023-06-18T15:01:03.159+0530] {processor.py:836} INFO - DAG(s) dict_keys(['example_sensor_decorator']) retrieved from /home/shubham/.local/lib/python3.10/site-packages/airflow/example_dags/example_sensor_decorator.py
[2023-06-18T15:01:03.172+0530] {logging_mixin.py:149} INFO - [2023-06-18T15:01:03.172+0530] {dag.py:2726} INFO - Sync 1 DAGs
[2023-06-18T15:01:03.186+0530] {logging_mixin.py:149} INFO - [2023-06-18T15:01:03.185+0530] {dag.py:3486} INFO - Setting next_dagrun for example_sensor_decorator to None, run_after=None
[2023-06-18T15:01:03.202+0530] {processor.py:179} INFO - Processing /home/shubham/.local/lib/python3.10/site-packages/airflow/example_dags/example_sensor_decorator.py took 0.051 seconds
[2023-06-18T15:01:47.321+0530] {processor.py:157} INFO - Started process (PID=4964) to work on /home/shubham/.local/lib/python3.10/site-packages/airflow/example_dags/example_sensor_decorator.py
[2023-06-18T15:01:47.323+0530] {processor.py:826} INFO - Processing file /home/shubham/.local/lib/python3.10/site-packages/airflow/example_dags/example_sensor_decorator.py for tasks to queue
[2023-06-18T15:01:47.323+0530] {logging_mixin.py:149} INFO - [2023-06-18T15:01:47.323+0530] {dagbag.py:541} INFO - Filling up the DagBag from /home/shubham/.local/lib/python3.10/site-packages/airflow/example_dags/example_sensor_decorator.py
[2023-06-18T15:01:47.328+0530] {processor.py:836} INFO - DAG(s) dict_keys(['example_sensor_decorator']) retrieved from /home/shubham/.local/lib/python3.10/site-packages/airflow/example_dags/example_sensor_decorator.py
[2023-06-18T15:01:47.341+0530] {logging_mixin.py:149} INFO - [2023-06-18T15:01:47.341+0530] {dag.py:2726} INFO - Sync 1 DAGs
[2023-06-18T15:01:47.353+0530] {logging_mixin.py:149} INFO - [2023-06-18T15:01:47.353+0530] {dag.py:3486} INFO - Setting next_dagrun for example_sensor_decorator to None, run_after=None
[2023-06-18T15:01:47.369+0530] {processor.py:179} INFO - Processing /home/shubham/.local/lib/python3.10/site-packages/airflow/example_dags/example_sensor_decorator.py took 0.051 seconds
[2023-06-18T15:02:30.372+0530] {processor.py:157} INFO - Started process (PID=5010) to work on /home/shubham/.local/lib/python3.10/site-packages/airflow/example_dags/example_sensor_decorator.py
[2023-06-18T15:02:30.374+0530] {processor.py:826} INFO - Processing file /home/shubham/.local/lib/python3.10/site-packages/airflow/example_dags/example_sensor_decorator.py for tasks to queue
[2023-06-18T15:02:30.374+0530] {logging_mixin.py:149} INFO - [2023-06-18T15:02:30.374+0530] {dagbag.py:541} INFO - Filling up the DagBag from /home/shubham/.local/lib/python3.10/site-packages/airflow/example_dags/example_sensor_decorator.py
[2023-06-18T15:02:30.378+0530] {processor.py:836} INFO - DAG(s) dict_keys(['example_sensor_decorator']) retrieved from /home/shubham/.local/lib/python3.10/site-packages/airflow/example_dags/example_sensor_decorator.py
[2023-06-18T15:02:30.391+0530] {logging_mixin.py:149} INFO - [2023-06-18T15:02:30.391+0530] {dag.py:2726} INFO - Sync 1 DAGs
[2023-06-18T15:02:30.404+0530] {logging_mixin.py:149} INFO - [2023-06-18T15:02:30.404+0530] {dag.py:3486} INFO - Setting next_dagrun for example_sensor_decorator to None, run_after=None
[2023-06-18T15:02:30.420+0530] {processor.py:179} INFO - Processing /home/shubham/.local/lib/python3.10/site-packages/airflow/example_dags/example_sensor_decorator.py took 0.050 seconds
[2023-06-18T15:03:12.560+0530] {processor.py:157} INFO - Started process (PID=5053) to work on /home/shubham/.local/lib/python3.10/site-packages/airflow/example_dags/example_sensor_decorator.py
[2023-06-18T15:03:12.561+0530] {processor.py:826} INFO - Processing file /home/shubham/.local/lib/python3.10/site-packages/airflow/example_dags/example_sensor_decorator.py for tasks to queue
[2023-06-18T15:03:12.562+0530] {logging_mixin.py:149} INFO - [2023-06-18T15:03:12.562+0530] {dagbag.py:541} INFO - Filling up the DagBag from /home/shubham/.local/lib/python3.10/site-packages/airflow/example_dags/example_sensor_decorator.py
[2023-06-18T15:03:12.566+0530] {processor.py:836} INFO - DAG(s) dict_keys(['example_sensor_decorator']) retrieved from /home/shubham/.local/lib/python3.10/site-packages/airflow/example_dags/example_sensor_decorator.py
[2023-06-18T15:03:12.580+0530] {logging_mixin.py:149} INFO - [2023-06-18T15:03:12.580+0530] {dag.py:2726} INFO - Sync 1 DAGs
[2023-06-18T15:03:12.592+0530] {logging_mixin.py:149} INFO - [2023-06-18T15:03:12.591+0530] {dag.py:3486} INFO - Setting next_dagrun for example_sensor_decorator to None, run_after=None
[2023-06-18T15:03:12.610+0530] {processor.py:179} INFO - Processing /home/shubham/.local/lib/python3.10/site-packages/airflow/example_dags/example_sensor_decorator.py took 0.053 seconds
[2023-06-18T15:03:56.607+0530] {processor.py:157} INFO - Started process (PID=5099) to work on /home/shubham/.local/lib/python3.10/site-packages/airflow/example_dags/example_sensor_decorator.py
[2023-06-18T15:03:56.608+0530] {processor.py:826} INFO - Processing file /home/shubham/.local/lib/python3.10/site-packages/airflow/example_dags/example_sensor_decorator.py for tasks to queue
[2023-06-18T15:03:56.608+0530] {logging_mixin.py:149} INFO - [2023-06-18T15:03:56.608+0530] {dagbag.py:541} INFO - Filling up the DagBag from /home/shubham/.local/lib/python3.10/site-packages/airflow/example_dags/example_sensor_decorator.py
[2023-06-18T15:03:56.613+0530] {processor.py:836} INFO - DAG(s) dict_keys(['example_sensor_decorator']) retrieved from /home/shubham/.local/lib/python3.10/site-packages/airflow/example_dags/example_sensor_decorator.py
[2023-06-18T15:03:56.627+0530] {logging_mixin.py:149} INFO - [2023-06-18T15:03:56.627+0530] {dag.py:2726} INFO - Sync 1 DAGs
[2023-06-18T15:03:56.641+0530] {logging_mixin.py:149} INFO - [2023-06-18T15:03:56.640+0530] {dag.py:3486} INFO - Setting next_dagrun for example_sensor_decorator to None, run_after=None
[2023-06-18T15:03:56.663+0530] {processor.py:179} INFO - Processing /home/shubham/.local/lib/python3.10/site-packages/airflow/example_dags/example_sensor_decorator.py took 0.058 seconds
[2023-06-18T15:04:39.818+0530] {processor.py:157} INFO - Started process (PID=5145) to work on /home/shubham/.local/lib/python3.10/site-packages/airflow/example_dags/example_sensor_decorator.py
[2023-06-18T15:04:39.820+0530] {processor.py:826} INFO - Processing file /home/shubham/.local/lib/python3.10/site-packages/airflow/example_dags/example_sensor_decorator.py for tasks to queue
[2023-06-18T15:04:39.820+0530] {logging_mixin.py:149} INFO - [2023-06-18T15:04:39.820+0530] {dagbag.py:541} INFO - Filling up the DagBag from /home/shubham/.local/lib/python3.10/site-packages/airflow/example_dags/example_sensor_decorator.py
[2023-06-18T15:04:39.824+0530] {processor.py:836} INFO - DAG(s) dict_keys(['example_sensor_decorator']) retrieved from /home/shubham/.local/lib/python3.10/site-packages/airflow/example_dags/example_sensor_decorator.py
[2023-06-18T15:04:39.837+0530] {logging_mixin.py:149} INFO - [2023-06-18T15:04:39.837+0530] {dag.py:2726} INFO - Sync 1 DAGs
[2023-06-18T15:04:39.848+0530] {logging_mixin.py:149} INFO - [2023-06-18T15:04:39.848+0530] {dag.py:3486} INFO - Setting next_dagrun for example_sensor_decorator to None, run_after=None
[2023-06-18T15:04:39.865+0530] {processor.py:179} INFO - Processing /home/shubham/.local/lib/python3.10/site-packages/airflow/example_dags/example_sensor_decorator.py took 0.048 seconds
[2023-06-18T15:05:27.172+0530] {processor.py:157} INFO - Started process (PID=5193) to work on /home/shubham/.local/lib/python3.10/site-packages/airflow/example_dags/example_sensor_decorator.py
[2023-06-18T15:05:27.174+0530] {processor.py:826} INFO - Processing file /home/shubham/.local/lib/python3.10/site-packages/airflow/example_dags/example_sensor_decorator.py for tasks to queue
[2023-06-18T15:05:27.174+0530] {logging_mixin.py:149} INFO - [2023-06-18T15:05:27.174+0530] {dagbag.py:541} INFO - Filling up the DagBag from /home/shubham/.local/lib/python3.10/site-packages/airflow/example_dags/example_sensor_decorator.py
[2023-06-18T15:05:27.178+0530] {processor.py:836} INFO - DAG(s) dict_keys(['example_sensor_decorator']) retrieved from /home/shubham/.local/lib/python3.10/site-packages/airflow/example_dags/example_sensor_decorator.py
[2023-06-18T15:05:27.193+0530] {logging_mixin.py:149} INFO - [2023-06-18T15:05:27.193+0530] {dag.py:2726} INFO - Sync 1 DAGs
[2023-06-18T15:05:27.205+0530] {logging_mixin.py:149} INFO - [2023-06-18T15:05:27.205+0530] {dag.py:3486} INFO - Setting next_dagrun for example_sensor_decorator to None, run_after=None
[2023-06-18T15:05:27.220+0530] {processor.py:179} INFO - Processing /home/shubham/.local/lib/python3.10/site-packages/airflow/example_dags/example_sensor_decorator.py took 0.050 seconds
[2023-06-18T15:06:08.220+0530] {processor.py:157} INFO - Started process (PID=5236) to work on /home/shubham/.local/lib/python3.10/site-packages/airflow/example_dags/example_sensor_decorator.py
[2023-06-18T15:06:08.222+0530] {processor.py:826} INFO - Processing file /home/shubham/.local/lib/python3.10/site-packages/airflow/example_dags/example_sensor_decorator.py for tasks to queue
[2023-06-18T15:06:08.222+0530] {logging_mixin.py:149} INFO - [2023-06-18T15:06:08.222+0530] {dagbag.py:541} INFO - Filling up the DagBag from /home/shubham/.local/lib/python3.10/site-packages/airflow/example_dags/example_sensor_decorator.py
[2023-06-18T15:06:08.226+0530] {processor.py:836} INFO - DAG(s) dict_keys(['example_sensor_decorator']) retrieved from /home/shubham/.local/lib/python3.10/site-packages/airflow/example_dags/example_sensor_decorator.py
[2023-06-18T15:06:08.239+0530] {logging_mixin.py:149} INFO - [2023-06-18T15:06:08.239+0530] {dag.py:2726} INFO - Sync 1 DAGs
[2023-06-18T15:06:08.252+0530] {logging_mixin.py:149} INFO - [2023-06-18T15:06:08.252+0530] {dag.py:3486} INFO - Setting next_dagrun for example_sensor_decorator to None, run_after=None
[2023-06-18T15:06:08.268+0530] {processor.py:179} INFO - Processing /home/shubham/.local/lib/python3.10/site-packages/airflow/example_dags/example_sensor_decorator.py took 0.050 seconds
[2023-06-18T15:06:57.474+0530] {processor.py:157} INFO - Started process (PID=5285) to work on /home/shubham/.local/lib/python3.10/site-packages/airflow/example_dags/example_sensor_decorator.py
[2023-06-18T15:06:57.476+0530] {processor.py:826} INFO - Processing file /home/shubham/.local/lib/python3.10/site-packages/airflow/example_dags/example_sensor_decorator.py for tasks to queue
[2023-06-18T15:06:57.477+0530] {logging_mixin.py:149} INFO - [2023-06-18T15:06:57.477+0530] {dagbag.py:541} INFO - Filling up the DagBag from /home/shubham/.local/lib/python3.10/site-packages/airflow/example_dags/example_sensor_decorator.py
[2023-06-18T15:06:57.483+0530] {processor.py:836} INFO - DAG(s) dict_keys(['example_sensor_decorator']) retrieved from /home/shubham/.local/lib/python3.10/site-packages/airflow/example_dags/example_sensor_decorator.py
[2023-06-18T15:06:57.501+0530] {logging_mixin.py:149} INFO - [2023-06-18T15:06:57.501+0530] {dag.py:2726} INFO - Sync 1 DAGs
[2023-06-18T15:06:57.518+0530] {logging_mixin.py:149} INFO - [2023-06-18T15:06:57.518+0530] {dag.py:3486} INFO - Setting next_dagrun for example_sensor_decorator to None, run_after=None
[2023-06-18T15:06:57.549+0530] {processor.py:179} INFO - Processing /home/shubham/.local/lib/python3.10/site-packages/airflow/example_dags/example_sensor_decorator.py took 0.078 seconds
[2023-06-18T15:07:44.019+0530] {processor.py:157} INFO - Started process (PID=5333) to work on /home/shubham/.local/lib/python3.10/site-packages/airflow/example_dags/example_sensor_decorator.py
[2023-06-18T15:07:44.021+0530] {processor.py:826} INFO - Processing file /home/shubham/.local/lib/python3.10/site-packages/airflow/example_dags/example_sensor_decorator.py for tasks to queue
[2023-06-18T15:07:44.022+0530] {logging_mixin.py:149} INFO - [2023-06-18T15:07:44.022+0530] {dagbag.py:541} INFO - Filling up the DagBag from /home/shubham/.local/lib/python3.10/site-packages/airflow/example_dags/example_sensor_decorator.py
[2023-06-18T15:07:44.027+0530] {processor.py:836} INFO - DAG(s) dict_keys(['example_sensor_decorator']) retrieved from /home/shubham/.local/lib/python3.10/site-packages/airflow/example_dags/example_sensor_decorator.py
[2023-06-18T15:07:44.044+0530] {logging_mixin.py:149} INFO - [2023-06-18T15:07:44.044+0530] {dag.py:2726} INFO - Sync 1 DAGs
[2023-06-18T15:07:44.059+0530] {logging_mixin.py:149} INFO - [2023-06-18T15:07:44.059+0530] {dag.py:3486} INFO - Setting next_dagrun for example_sensor_decorator to None, run_after=None
[2023-06-18T15:07:44.084+0530] {processor.py:179} INFO - Processing /home/shubham/.local/lib/python3.10/site-packages/airflow/example_dags/example_sensor_decorator.py took 0.068 seconds
[2023-06-18T15:08:28.812+0530] {processor.py:157} INFO - Started process (PID=5379) to work on /home/shubham/.local/lib/python3.10/site-packages/airflow/example_dags/example_sensor_decorator.py
[2023-06-18T15:08:28.815+0530] {processor.py:826} INFO - Processing file /home/shubham/.local/lib/python3.10/site-packages/airflow/example_dags/example_sensor_decorator.py for tasks to queue
[2023-06-18T15:08:28.815+0530] {logging_mixin.py:149} INFO - [2023-06-18T15:08:28.815+0530] {dagbag.py:541} INFO - Filling up the DagBag from /home/shubham/.local/lib/python3.10/site-packages/airflow/example_dags/example_sensor_decorator.py
[2023-06-18T15:08:28.821+0530] {processor.py:836} INFO - DAG(s) dict_keys(['example_sensor_decorator']) retrieved from /home/shubham/.local/lib/python3.10/site-packages/airflow/example_dags/example_sensor_decorator.py
[2023-06-18T15:08:28.836+0530] {logging_mixin.py:149} INFO - [2023-06-18T15:08:28.836+0530] {dag.py:2726} INFO - Sync 1 DAGs
[2023-06-18T15:08:28.851+0530] {logging_mixin.py:149} INFO - [2023-06-18T15:08:28.851+0530] {dag.py:3486} INFO - Setting next_dagrun for example_sensor_decorator to None, run_after=None
[2023-06-18T15:08:28.876+0530] {processor.py:179} INFO - Processing /home/shubham/.local/lib/python3.10/site-packages/airflow/example_dags/example_sensor_decorator.py took 0.067 seconds
[2023-06-18T15:09:12.682+0530] {processor.py:157} INFO - Started process (PID=5424) to work on /home/shubham/.local/lib/python3.10/site-packages/airflow/example_dags/example_sensor_decorator.py
[2023-06-18T15:09:12.684+0530] {processor.py:826} INFO - Processing file /home/shubham/.local/lib/python3.10/site-packages/airflow/example_dags/example_sensor_decorator.py for tasks to queue
[2023-06-18T15:09:12.685+0530] {logging_mixin.py:149} INFO - [2023-06-18T15:09:12.685+0530] {dagbag.py:541} INFO - Filling up the DagBag from /home/shubham/.local/lib/python3.10/site-packages/airflow/example_dags/example_sensor_decorator.py
[2023-06-18T15:09:12.690+0530] {processor.py:836} INFO - DAG(s) dict_keys(['example_sensor_decorator']) retrieved from /home/shubham/.local/lib/python3.10/site-packages/airflow/example_dags/example_sensor_decorator.py
[2023-06-18T15:09:12.715+0530] {logging_mixin.py:149} INFO - [2023-06-18T15:09:12.715+0530] {dag.py:2726} INFO - Sync 1 DAGs
[2023-06-18T15:09:12.731+0530] {logging_mixin.py:149} INFO - [2023-06-18T15:09:12.731+0530] {dag.py:3486} INFO - Setting next_dagrun for example_sensor_decorator to None, run_after=None
[2023-06-18T15:09:12.754+0530] {processor.py:179} INFO - Processing /home/shubham/.local/lib/python3.10/site-packages/airflow/example_dags/example_sensor_decorator.py took 0.075 seconds
[2023-06-18T15:09:56.383+0530] {processor.py:157} INFO - Started process (PID=5469) to work on /home/shubham/.local/lib/python3.10/site-packages/airflow/example_dags/example_sensor_decorator.py
[2023-06-18T15:09:56.385+0530] {processor.py:826} INFO - Processing file /home/shubham/.local/lib/python3.10/site-packages/airflow/example_dags/example_sensor_decorator.py for tasks to queue
[2023-06-18T15:09:56.386+0530] {logging_mixin.py:149} INFO - [2023-06-18T15:09:56.386+0530] {dagbag.py:541} INFO - Filling up the DagBag from /home/shubham/.local/lib/python3.10/site-packages/airflow/example_dags/example_sensor_decorator.py
[2023-06-18T15:09:56.392+0530] {processor.py:836} INFO - DAG(s) dict_keys(['example_sensor_decorator']) retrieved from /home/shubham/.local/lib/python3.10/site-packages/airflow/example_dags/example_sensor_decorator.py
[2023-06-18T15:09:56.411+0530] {logging_mixin.py:149} INFO - [2023-06-18T15:09:56.411+0530] {dag.py:2726} INFO - Sync 1 DAGs
[2023-06-18T15:09:56.428+0530] {logging_mixin.py:149} INFO - [2023-06-18T15:09:56.428+0530] {dag.py:3486} INFO - Setting next_dagrun for example_sensor_decorator to None, run_after=None
[2023-06-18T15:09:56.453+0530] {processor.py:179} INFO - Processing /home/shubham/.local/lib/python3.10/site-packages/airflow/example_dags/example_sensor_decorator.py took 0.074 seconds
[2023-06-18T15:10:39.068+0530] {processor.py:157} INFO - Started process (PID=5515) to work on /home/shubham/.local/lib/python3.10/site-packages/airflow/example_dags/example_sensor_decorator.py
[2023-06-18T15:10:39.070+0530] {processor.py:826} INFO - Processing file /home/shubham/.local/lib/python3.10/site-packages/airflow/example_dags/example_sensor_decorator.py for tasks to queue
[2023-06-18T15:10:39.071+0530] {logging_mixin.py:149} INFO - [2023-06-18T15:10:39.071+0530] {dagbag.py:541} INFO - Filling up the DagBag from /home/shubham/.local/lib/python3.10/site-packages/airflow/example_dags/example_sensor_decorator.py
[2023-06-18T15:10:39.077+0530] {processor.py:836} INFO - DAG(s) dict_keys(['example_sensor_decorator']) retrieved from /home/shubham/.local/lib/python3.10/site-packages/airflow/example_dags/example_sensor_decorator.py
[2023-06-18T15:10:39.097+0530] {logging_mixin.py:149} INFO - [2023-06-18T15:10:39.097+0530] {dag.py:2726} INFO - Sync 1 DAGs
[2023-06-18T15:10:39.116+0530] {logging_mixin.py:149} INFO - [2023-06-18T15:10:39.115+0530] {dag.py:3486} INFO - Setting next_dagrun for example_sensor_decorator to None, run_after=None
[2023-06-18T15:10:39.146+0530] {processor.py:179} INFO - Processing /home/shubham/.local/lib/python3.10/site-packages/airflow/example_dags/example_sensor_decorator.py took 0.080 seconds
[2023-06-18T15:11:21.793+0530] {processor.py:157} INFO - Started process (PID=5560) to work on /home/shubham/.local/lib/python3.10/site-packages/airflow/example_dags/example_sensor_decorator.py
[2023-06-18T15:11:21.795+0530] {processor.py:826} INFO - Processing file /home/shubham/.local/lib/python3.10/site-packages/airflow/example_dags/example_sensor_decorator.py for tasks to queue
[2023-06-18T15:11:21.796+0530] {logging_mixin.py:149} INFO - [2023-06-18T15:11:21.796+0530] {dagbag.py:541} INFO - Filling up the DagBag from /home/shubham/.local/lib/python3.10/site-packages/airflow/example_dags/example_sensor_decorator.py
[2023-06-18T15:11:21.802+0530] {processor.py:836} INFO - DAG(s) dict_keys(['example_sensor_decorator']) retrieved from /home/shubham/.local/lib/python3.10/site-packages/airflow/example_dags/example_sensor_decorator.py
[2023-06-18T15:11:21.821+0530] {logging_mixin.py:149} INFO - [2023-06-18T15:11:21.821+0530] {dag.py:2726} INFO - Sync 1 DAGs
[2023-06-18T15:11:21.840+0530] {logging_mixin.py:149} INFO - [2023-06-18T15:11:21.839+0530] {dag.py:3486} INFO - Setting next_dagrun for example_sensor_decorator to None, run_after=None
[2023-06-18T15:11:21.868+0530] {processor.py:179} INFO - Processing /home/shubham/.local/lib/python3.10/site-packages/airflow/example_dags/example_sensor_decorator.py took 0.077 seconds
[2023-06-18T15:12:03.044+0530] {processor.py:157} INFO - Started process (PID=5602) to work on /home/shubham/.local/lib/python3.10/site-packages/airflow/example_dags/example_sensor_decorator.py
[2023-06-18T15:12:03.046+0530] {processor.py:826} INFO - Processing file /home/shubham/.local/lib/python3.10/site-packages/airflow/example_dags/example_sensor_decorator.py for tasks to queue
[2023-06-18T15:12:03.047+0530] {logging_mixin.py:149} INFO - [2023-06-18T15:12:03.047+0530] {dagbag.py:541} INFO - Filling up the DagBag from /home/shubham/.local/lib/python3.10/site-packages/airflow/example_dags/example_sensor_decorator.py
[2023-06-18T15:12:03.052+0530] {processor.py:836} INFO - DAG(s) dict_keys(['example_sensor_decorator']) retrieved from /home/shubham/.local/lib/python3.10/site-packages/airflow/example_dags/example_sensor_decorator.py
[2023-06-18T15:12:03.069+0530] {logging_mixin.py:149} INFO - [2023-06-18T15:12:03.068+0530] {dag.py:2726} INFO - Sync 1 DAGs
[2023-06-18T15:12:03.084+0530] {logging_mixin.py:149} INFO - [2023-06-18T15:12:03.084+0530] {dag.py:3486} INFO - Setting next_dagrun for example_sensor_decorator to None, run_after=None
[2023-06-18T15:12:03.106+0530] {processor.py:179} INFO - Processing /home/shubham/.local/lib/python3.10/site-packages/airflow/example_dags/example_sensor_decorator.py took 0.066 seconds
[2023-06-18T15:12:45.192+0530] {processor.py:157} INFO - Started process (PID=5648) to work on /home/shubham/.local/lib/python3.10/site-packages/airflow/example_dags/example_sensor_decorator.py
[2023-06-18T15:12:45.194+0530] {processor.py:826} INFO - Processing file /home/shubham/.local/lib/python3.10/site-packages/airflow/example_dags/example_sensor_decorator.py for tasks to queue
[2023-06-18T15:12:45.195+0530] {logging_mixin.py:149} INFO - [2023-06-18T15:12:45.195+0530] {dagbag.py:541} INFO - Filling up the DagBag from /home/shubham/.local/lib/python3.10/site-packages/airflow/example_dags/example_sensor_decorator.py
[2023-06-18T15:12:45.201+0530] {processor.py:836} INFO - DAG(s) dict_keys(['example_sensor_decorator']) retrieved from /home/shubham/.local/lib/python3.10/site-packages/airflow/example_dags/example_sensor_decorator.py
[2023-06-18T15:12:45.220+0530] {logging_mixin.py:149} INFO - [2023-06-18T15:12:45.220+0530] {dag.py:2726} INFO - Sync 1 DAGs
[2023-06-18T15:12:45.238+0530] {logging_mixin.py:149} INFO - [2023-06-18T15:12:45.238+0530] {dag.py:3486} INFO - Setting next_dagrun for example_sensor_decorator to None, run_after=None
[2023-06-18T15:12:45.262+0530] {processor.py:179} INFO - Processing /home/shubham/.local/lib/python3.10/site-packages/airflow/example_dags/example_sensor_decorator.py took 0.073 seconds
[2023-06-18T15:13:25.898+0530] {processor.py:157} INFO - Started process (PID=5692) to work on /home/shubham/.local/lib/python3.10/site-packages/airflow/example_dags/example_sensor_decorator.py
[2023-06-18T15:13:25.900+0530] {processor.py:826} INFO - Processing file /home/shubham/.local/lib/python3.10/site-packages/airflow/example_dags/example_sensor_decorator.py for tasks to queue
[2023-06-18T15:13:25.900+0530] {logging_mixin.py:149} INFO - [2023-06-18T15:13:25.900+0530] {dagbag.py:541} INFO - Filling up the DagBag from /home/shubham/.local/lib/python3.10/site-packages/airflow/example_dags/example_sensor_decorator.py
[2023-06-18T15:13:25.905+0530] {processor.py:836} INFO - DAG(s) dict_keys(['example_sensor_decorator']) retrieved from /home/shubham/.local/lib/python3.10/site-packages/airflow/example_dags/example_sensor_decorator.py
[2023-06-18T15:13:25.922+0530] {logging_mixin.py:149} INFO - [2023-06-18T15:13:25.922+0530] {dag.py:2726} INFO - Sync 1 DAGs
[2023-06-18T15:13:25.939+0530] {logging_mixin.py:149} INFO - [2023-06-18T15:13:25.939+0530] {dag.py:3486} INFO - Setting next_dagrun for example_sensor_decorator to None, run_after=None
[2023-06-18T15:13:25.962+0530] {processor.py:179} INFO - Processing /home/shubham/.local/lib/python3.10/site-packages/airflow/example_dags/example_sensor_decorator.py took 0.067 seconds
[2023-06-18T15:14:09.524+0530] {processor.py:157} INFO - Started process (PID=5735) to work on /home/shubham/.local/lib/python3.10/site-packages/airflow/example_dags/example_sensor_decorator.py
[2023-06-18T15:14:09.526+0530] {processor.py:826} INFO - Processing file /home/shubham/.local/lib/python3.10/site-packages/airflow/example_dags/example_sensor_decorator.py for tasks to queue
[2023-06-18T15:14:09.526+0530] {logging_mixin.py:149} INFO - [2023-06-18T15:14:09.526+0530] {dagbag.py:541} INFO - Filling up the DagBag from /home/shubham/.local/lib/python3.10/site-packages/airflow/example_dags/example_sensor_decorator.py
[2023-06-18T15:14:09.532+0530] {processor.py:836} INFO - DAG(s) dict_keys(['example_sensor_decorator']) retrieved from /home/shubham/.local/lib/python3.10/site-packages/airflow/example_dags/example_sensor_decorator.py
[2023-06-18T15:14:09.551+0530] {logging_mixin.py:149} INFO - [2023-06-18T15:14:09.550+0530] {dag.py:2726} INFO - Sync 1 DAGs
[2023-06-18T15:14:09.568+0530] {logging_mixin.py:149} INFO - [2023-06-18T15:14:09.568+0530] {dag.py:3486} INFO - Setting next_dagrun for example_sensor_decorator to None, run_after=None
[2023-06-18T15:14:09.593+0530] {processor.py:179} INFO - Processing /home/shubham/.local/lib/python3.10/site-packages/airflow/example_dags/example_sensor_decorator.py took 0.072 seconds
[2023-06-18T15:14:53.334+0530] {processor.py:157} INFO - Started process (PID=5781) to work on /home/shubham/.local/lib/python3.10/site-packages/airflow/example_dags/example_sensor_decorator.py
[2023-06-18T15:14:53.337+0530] {processor.py:826} INFO - Processing file /home/shubham/.local/lib/python3.10/site-packages/airflow/example_dags/example_sensor_decorator.py for tasks to queue
[2023-06-18T15:14:53.338+0530] {logging_mixin.py:149} INFO - [2023-06-18T15:14:53.338+0530] {dagbag.py:541} INFO - Filling up the DagBag from /home/shubham/.local/lib/python3.10/site-packages/airflow/example_dags/example_sensor_decorator.py
[2023-06-18T15:14:53.344+0530] {processor.py:836} INFO - DAG(s) dict_keys(['example_sensor_decorator']) retrieved from /home/shubham/.local/lib/python3.10/site-packages/airflow/example_dags/example_sensor_decorator.py
[2023-06-18T15:14:53.363+0530] {logging_mixin.py:149} INFO - [2023-06-18T15:14:53.363+0530] {dag.py:2726} INFO - Sync 1 DAGs
[2023-06-18T15:14:53.380+0530] {logging_mixin.py:149} INFO - [2023-06-18T15:14:53.380+0530] {dag.py:3486} INFO - Setting next_dagrun for example_sensor_decorator to None, run_after=None
[2023-06-18T15:14:53.407+0530] {processor.py:179} INFO - Processing /home/shubham/.local/lib/python3.10/site-packages/airflow/example_dags/example_sensor_decorator.py took 0.075 seconds
[2023-06-18T15:15:34.610+0530] {processor.py:157} INFO - Started process (PID=5822) to work on /home/shubham/.local/lib/python3.10/site-packages/airflow/example_dags/example_sensor_decorator.py
[2023-06-18T15:15:34.612+0530] {processor.py:826} INFO - Processing file /home/shubham/.local/lib/python3.10/site-packages/airflow/example_dags/example_sensor_decorator.py for tasks to queue
[2023-06-18T15:15:34.613+0530] {logging_mixin.py:149} INFO - [2023-06-18T15:15:34.613+0530] {dagbag.py:541} INFO - Filling up the DagBag from /home/shubham/.local/lib/python3.10/site-packages/airflow/example_dags/example_sensor_decorator.py
[2023-06-18T15:15:34.619+0530] {processor.py:836} INFO - DAG(s) dict_keys(['example_sensor_decorator']) retrieved from /home/shubham/.local/lib/python3.10/site-packages/airflow/example_dags/example_sensor_decorator.py
[2023-06-18T15:15:34.638+0530] {logging_mixin.py:149} INFO - [2023-06-18T15:15:34.638+0530] {dag.py:2726} INFO - Sync 1 DAGs
[2023-06-18T15:15:34.656+0530] {logging_mixin.py:149} INFO - [2023-06-18T15:15:34.655+0530] {dag.py:3486} INFO - Setting next_dagrun for example_sensor_decorator to None, run_after=None
[2023-06-18T15:15:34.681+0530] {processor.py:179} INFO - Processing /home/shubham/.local/lib/python3.10/site-packages/airflow/example_dags/example_sensor_decorator.py took 0.073 seconds
[2023-06-18T15:16:19.768+0530] {processor.py:157} INFO - Started process (PID=5868) to work on /home/shubham/.local/lib/python3.10/site-packages/airflow/example_dags/example_sensor_decorator.py
[2023-06-18T15:16:19.770+0530] {processor.py:826} INFO - Processing file /home/shubham/.local/lib/python3.10/site-packages/airflow/example_dags/example_sensor_decorator.py for tasks to queue
[2023-06-18T15:16:19.771+0530] {logging_mixin.py:149} INFO - [2023-06-18T15:16:19.771+0530] {dagbag.py:541} INFO - Filling up the DagBag from /home/shubham/.local/lib/python3.10/site-packages/airflow/example_dags/example_sensor_decorator.py
[2023-06-18T15:16:19.776+0530] {processor.py:836} INFO - DAG(s) dict_keys(['example_sensor_decorator']) retrieved from /home/shubham/.local/lib/python3.10/site-packages/airflow/example_dags/example_sensor_decorator.py
[2023-06-18T15:16:19.793+0530] {logging_mixin.py:149} INFO - [2023-06-18T15:16:19.793+0530] {dag.py:2726} INFO - Sync 1 DAGs
[2023-06-18T15:16:19.809+0530] {logging_mixin.py:149} INFO - [2023-06-18T15:16:19.809+0530] {dag.py:3486} INFO - Setting next_dagrun for example_sensor_decorator to None, run_after=None
[2023-06-18T15:16:19.833+0530] {processor.py:179} INFO - Processing /home/shubham/.local/lib/python3.10/site-packages/airflow/example_dags/example_sensor_decorator.py took 0.067 seconds
[2023-06-18T15:17:02.092+0530] {processor.py:157} INFO - Started process (PID=5914) to work on /home/shubham/.local/lib/python3.10/site-packages/airflow/example_dags/example_sensor_decorator.py
[2023-06-18T15:17:02.094+0530] {processor.py:826} INFO - Processing file /home/shubham/.local/lib/python3.10/site-packages/airflow/example_dags/example_sensor_decorator.py for tasks to queue
[2023-06-18T15:17:02.095+0530] {logging_mixin.py:149} INFO - [2023-06-18T15:17:02.095+0530] {dagbag.py:541} INFO - Filling up the DagBag from /home/shubham/.local/lib/python3.10/site-packages/airflow/example_dags/example_sensor_decorator.py
[2023-06-18T15:17:02.100+0530] {processor.py:836} INFO - DAG(s) dict_keys(['example_sensor_decorator']) retrieved from /home/shubham/.local/lib/python3.10/site-packages/airflow/example_dags/example_sensor_decorator.py
[2023-06-18T15:17:02.118+0530] {logging_mixin.py:149} INFO - [2023-06-18T15:17:02.118+0530] {dag.py:2726} INFO - Sync 1 DAGs
[2023-06-18T15:17:02.133+0530] {logging_mixin.py:149} INFO - [2023-06-18T15:17:02.133+0530] {dag.py:3486} INFO - Setting next_dagrun for example_sensor_decorator to None, run_after=None
[2023-06-18T15:17:02.157+0530] {processor.py:179} INFO - Processing /home/shubham/.local/lib/python3.10/site-packages/airflow/example_dags/example_sensor_decorator.py took 0.068 seconds
[2023-06-18T15:17:44.524+0530] {processor.py:157} INFO - Started process (PID=5958) to work on /home/shubham/.local/lib/python3.10/site-packages/airflow/example_dags/example_sensor_decorator.py
[2023-06-18T15:17:44.526+0530] {processor.py:826} INFO - Processing file /home/shubham/.local/lib/python3.10/site-packages/airflow/example_dags/example_sensor_decorator.py for tasks to queue
[2023-06-18T15:17:44.527+0530] {logging_mixin.py:149} INFO - [2023-06-18T15:17:44.527+0530] {dagbag.py:541} INFO - Filling up the DagBag from /home/shubham/.local/lib/python3.10/site-packages/airflow/example_dags/example_sensor_decorator.py
[2023-06-18T15:17:44.533+0530] {processor.py:836} INFO - DAG(s) dict_keys(['example_sensor_decorator']) retrieved from /home/shubham/.local/lib/python3.10/site-packages/airflow/example_dags/example_sensor_decorator.py
[2023-06-18T15:17:44.551+0530] {logging_mixin.py:149} INFO - [2023-06-18T15:17:44.551+0530] {dag.py:2726} INFO - Sync 1 DAGs
[2023-06-18T15:17:44.569+0530] {logging_mixin.py:149} INFO - [2023-06-18T15:17:44.569+0530] {dag.py:3486} INFO - Setting next_dagrun for example_sensor_decorator to None, run_after=None
[2023-06-18T15:17:44.595+0530] {processor.py:179} INFO - Processing /home/shubham/.local/lib/python3.10/site-packages/airflow/example_dags/example_sensor_decorator.py took 0.074 seconds
[2023-06-18T15:18:27.031+0530] {processor.py:157} INFO - Started process (PID=6003) to work on /home/shubham/.local/lib/python3.10/site-packages/airflow/example_dags/example_sensor_decorator.py
[2023-06-18T15:18:27.033+0530] {processor.py:826} INFO - Processing file /home/shubham/.local/lib/python3.10/site-packages/airflow/example_dags/example_sensor_decorator.py for tasks to queue
[2023-06-18T15:18:27.034+0530] {logging_mixin.py:149} INFO - [2023-06-18T15:18:27.034+0530] {dagbag.py:541} INFO - Filling up the DagBag from /home/shubham/.local/lib/python3.10/site-packages/airflow/example_dags/example_sensor_decorator.py
[2023-06-18T15:18:27.039+0530] {processor.py:836} INFO - DAG(s) dict_keys(['example_sensor_decorator']) retrieved from /home/shubham/.local/lib/python3.10/site-packages/airflow/example_dags/example_sensor_decorator.py
[2023-06-18T15:18:27.056+0530] {logging_mixin.py:149} INFO - [2023-06-18T15:18:27.056+0530] {dag.py:2726} INFO - Sync 1 DAGs
[2023-06-18T15:18:27.072+0530] {logging_mixin.py:149} INFO - [2023-06-18T15:18:27.072+0530] {dag.py:3486} INFO - Setting next_dagrun for example_sensor_decorator to None, run_after=None
[2023-06-18T15:18:27.095+0530] {processor.py:179} INFO - Processing /home/shubham/.local/lib/python3.10/site-packages/airflow/example_dags/example_sensor_decorator.py took 0.067 seconds
[2023-06-18T15:19:13.306+0530] {processor.py:157} INFO - Started process (PID=6051) to work on /home/shubham/.local/lib/python3.10/site-packages/airflow/example_dags/example_sensor_decorator.py
[2023-06-18T15:19:13.309+0530] {processor.py:826} INFO - Processing file /home/shubham/.local/lib/python3.10/site-packages/airflow/example_dags/example_sensor_decorator.py for tasks to queue
[2023-06-18T15:19:13.309+0530] {logging_mixin.py:149} INFO - [2023-06-18T15:19:13.309+0530] {dagbag.py:541} INFO - Filling up the DagBag from /home/shubham/.local/lib/python3.10/site-packages/airflow/example_dags/example_sensor_decorator.py
[2023-06-18T15:19:13.315+0530] {processor.py:836} INFO - DAG(s) dict_keys(['example_sensor_decorator']) retrieved from /home/shubham/.local/lib/python3.10/site-packages/airflow/example_dags/example_sensor_decorator.py
[2023-06-18T15:19:13.333+0530] {logging_mixin.py:149} INFO - [2023-06-18T15:19:13.333+0530] {dag.py:2726} INFO - Sync 1 DAGs
[2023-06-18T15:19:13.352+0530] {logging_mixin.py:149} INFO - [2023-06-18T15:19:13.352+0530] {dag.py:3486} INFO - Setting next_dagrun for example_sensor_decorator to None, run_after=None
[2023-06-18T15:19:13.378+0530] {processor.py:179} INFO - Processing /home/shubham/.local/lib/python3.10/site-packages/airflow/example_dags/example_sensor_decorator.py took 0.075 seconds
[2023-06-18T15:19:57.251+0530] {processor.py:157} INFO - Started process (PID=6097) to work on /home/shubham/.local/lib/python3.10/site-packages/airflow/example_dags/example_sensor_decorator.py
[2023-06-18T15:19:57.254+0530] {processor.py:826} INFO - Processing file /home/shubham/.local/lib/python3.10/site-packages/airflow/example_dags/example_sensor_decorator.py for tasks to queue
[2023-06-18T15:19:57.254+0530] {logging_mixin.py:149} INFO - [2023-06-18T15:19:57.254+0530] {dagbag.py:541} INFO - Filling up the DagBag from /home/shubham/.local/lib/python3.10/site-packages/airflow/example_dags/example_sensor_decorator.py
[2023-06-18T15:19:57.260+0530] {processor.py:836} INFO - DAG(s) dict_keys(['example_sensor_decorator']) retrieved from /home/shubham/.local/lib/python3.10/site-packages/airflow/example_dags/example_sensor_decorator.py
[2023-06-18T15:19:57.278+0530] {logging_mixin.py:149} INFO - [2023-06-18T15:19:57.278+0530] {dag.py:2726} INFO - Sync 1 DAGs
[2023-06-18T15:19:57.296+0530] {logging_mixin.py:149} INFO - [2023-06-18T15:19:57.296+0530] {dag.py:3486} INFO - Setting next_dagrun for example_sensor_decorator to None, run_after=None
[2023-06-18T15:19:57.321+0530] {processor.py:179} INFO - Processing /home/shubham/.local/lib/python3.10/site-packages/airflow/example_dags/example_sensor_decorator.py took 0.073 seconds
[2023-06-18T15:20:43.928+0530] {processor.py:157} INFO - Started process (PID=6143) to work on /home/shubham/.local/lib/python3.10/site-packages/airflow/example_dags/example_sensor_decorator.py
[2023-06-18T15:20:43.930+0530] {processor.py:826} INFO - Processing file /home/shubham/.local/lib/python3.10/site-packages/airflow/example_dags/example_sensor_decorator.py for tasks to queue
[2023-06-18T15:20:43.931+0530] {logging_mixin.py:149} INFO - [2023-06-18T15:20:43.931+0530] {dagbag.py:541} INFO - Filling up the DagBag from /home/shubham/.local/lib/python3.10/site-packages/airflow/example_dags/example_sensor_decorator.py
[2023-06-18T15:20:43.941+0530] {processor.py:836} INFO - DAG(s) dict_keys(['example_sensor_decorator']) retrieved from /home/shubham/.local/lib/python3.10/site-packages/airflow/example_dags/example_sensor_decorator.py
[2023-06-18T15:20:43.984+0530] {logging_mixin.py:149} INFO - [2023-06-18T15:20:43.984+0530] {dag.py:2726} INFO - Sync 1 DAGs
[2023-06-18T15:20:44.014+0530] {logging_mixin.py:149} INFO - [2023-06-18T15:20:44.014+0530] {dag.py:3486} INFO - Setting next_dagrun for example_sensor_decorator to None, run_after=None
[2023-06-18T15:20:44.050+0530] {processor.py:179} INFO - Processing /home/shubham/.local/lib/python3.10/site-packages/airflow/example_dags/example_sensor_decorator.py took 0.128 seconds
[2023-06-18T15:21:39.892+0530] {processor.py:157} INFO - Started process (PID=6197) to work on /home/shubham/.local/lib/python3.10/site-packages/airflow/example_dags/example_sensor_decorator.py
[2023-06-18T15:21:39.894+0530] {processor.py:826} INFO - Processing file /home/shubham/.local/lib/python3.10/site-packages/airflow/example_dags/example_sensor_decorator.py for tasks to queue
[2023-06-18T15:21:39.895+0530] {logging_mixin.py:149} INFO - [2023-06-18T15:21:39.895+0530] {dagbag.py:541} INFO - Filling up the DagBag from /home/shubham/.local/lib/python3.10/site-packages/airflow/example_dags/example_sensor_decorator.py
[2023-06-18T15:21:39.901+0530] {processor.py:836} INFO - DAG(s) dict_keys(['example_sensor_decorator']) retrieved from /home/shubham/.local/lib/python3.10/site-packages/airflow/example_dags/example_sensor_decorator.py
[2023-06-18T15:21:39.923+0530] {logging_mixin.py:149} INFO - [2023-06-18T15:21:39.922+0530] {dag.py:2726} INFO - Sync 1 DAGs
[2023-06-18T15:21:39.945+0530] {logging_mixin.py:149} INFO - [2023-06-18T15:21:39.945+0530] {dag.py:3486} INFO - Setting next_dagrun for example_sensor_decorator to None, run_after=None
[2023-06-18T15:21:39.974+0530] {processor.py:179} INFO - Processing /home/shubham/.local/lib/python3.10/site-packages/airflow/example_dags/example_sensor_decorator.py took 0.085 seconds
[2023-06-18T15:47:06.382+0530] {processor.py:157} INFO - Started process (PID=6340) to work on /home/shubham/.local/lib/python3.10/site-packages/airflow/example_dags/example_sensor_decorator.py
[2023-06-18T15:47:06.384+0530] {processor.py:826} INFO - Processing file /home/shubham/.local/lib/python3.10/site-packages/airflow/example_dags/example_sensor_decorator.py for tasks to queue
[2023-06-18T15:47:06.384+0530] {logging_mixin.py:149} INFO - [2023-06-18T15:47:06.384+0530] {dagbag.py:541} INFO - Filling up the DagBag from /home/shubham/.local/lib/python3.10/site-packages/airflow/example_dags/example_sensor_decorator.py
[2023-06-18T15:47:06.391+0530] {processor.py:836} INFO - DAG(s) dict_keys(['example_sensor_decorator']) retrieved from /home/shubham/.local/lib/python3.10/site-packages/airflow/example_dags/example_sensor_decorator.py
[2023-06-18T15:47:06.410+0530] {logging_mixin.py:149} INFO - [2023-06-18T15:47:06.410+0530] {dag.py:2726} INFO - Sync 1 DAGs
[2023-06-18T15:47:06.423+0530] {logging_mixin.py:149} INFO - [2023-06-18T15:47:06.423+0530] {dag.py:3486} INFO - Setting next_dagrun for example_sensor_decorator to None, run_after=None
[2023-06-18T15:47:06.530+0530] {processor.py:179} INFO - Processing /home/shubham/.local/lib/python3.10/site-packages/airflow/example_dags/example_sensor_decorator.py took 0.150 seconds
[2023-06-18T15:47:51.689+0530] {processor.py:157} INFO - Started process (PID=6395) to work on /home/shubham/.local/lib/python3.10/site-packages/airflow/example_dags/example_sensor_decorator.py
[2023-06-18T15:47:51.691+0530] {processor.py:826} INFO - Processing file /home/shubham/.local/lib/python3.10/site-packages/airflow/example_dags/example_sensor_decorator.py for tasks to queue
[2023-06-18T15:47:51.691+0530] {logging_mixin.py:149} INFO - [2023-06-18T15:47:51.691+0530] {dagbag.py:541} INFO - Filling up the DagBag from /home/shubham/.local/lib/python3.10/site-packages/airflow/example_dags/example_sensor_decorator.py
[2023-06-18T15:47:51.696+0530] {processor.py:836} INFO - DAG(s) dict_keys(['example_sensor_decorator']) retrieved from /home/shubham/.local/lib/python3.10/site-packages/airflow/example_dags/example_sensor_decorator.py
[2023-06-18T15:47:51.711+0530] {logging_mixin.py:149} INFO - [2023-06-18T15:47:51.711+0530] {dag.py:2726} INFO - Sync 1 DAGs
[2023-06-18T15:47:51.727+0530] {logging_mixin.py:149} INFO - [2023-06-18T15:47:51.727+0530] {dag.py:3486} INFO - Setting next_dagrun for example_sensor_decorator to None, run_after=None
[2023-06-18T15:47:51.749+0530] {processor.py:179} INFO - Processing /home/shubham/.local/lib/python3.10/site-packages/airflow/example_dags/example_sensor_decorator.py took 0.063 seconds
[2023-06-18T15:48:37.194+0530] {processor.py:157} INFO - Started process (PID=6457) to work on /home/shubham/.local/lib/python3.10/site-packages/airflow/example_dags/example_sensor_decorator.py
[2023-06-18T15:48:37.197+0530] {processor.py:826} INFO - Processing file /home/shubham/.local/lib/python3.10/site-packages/airflow/example_dags/example_sensor_decorator.py for tasks to queue
[2023-06-18T15:48:37.198+0530] {logging_mixin.py:149} INFO - [2023-06-18T15:48:37.198+0530] {dagbag.py:541} INFO - Filling up the DagBag from /home/shubham/.local/lib/python3.10/site-packages/airflow/example_dags/example_sensor_decorator.py
[2023-06-18T15:48:37.208+0530] {processor.py:836} INFO - DAG(s) dict_keys(['example_sensor_decorator']) retrieved from /home/shubham/.local/lib/python3.10/site-packages/airflow/example_dags/example_sensor_decorator.py
[2023-06-18T15:48:37.233+0530] {logging_mixin.py:149} INFO - [2023-06-18T15:48:37.233+0530] {dag.py:2726} INFO - Sync 1 DAGs
[2023-06-18T15:48:37.255+0530] {logging_mixin.py:149} INFO - [2023-06-18T15:48:37.255+0530] {dag.py:3486} INFO - Setting next_dagrun for example_sensor_decorator to None, run_after=None
[2023-06-18T15:48:37.282+0530] {processor.py:179} INFO - Processing /home/shubham/.local/lib/python3.10/site-packages/airflow/example_dags/example_sensor_decorator.py took 0.092 seconds
