[2023-06-18T13:45:11.556+0530] {processor.py:157} INFO - Started process (PID=134) to work on /home/shubham/.local/lib/python3.10/site-packages/airflow/example_dags/example_python_operator.py
[2023-06-18T13:45:11.557+0530] {processor.py:826} INFO - Processing file /home/shubham/.local/lib/python3.10/site-packages/airflow/example_dags/example_python_operator.py for tasks to queue
[2023-06-18T13:45:11.557+0530] {logging_mixin.py:149} INFO - [2023-06-18T13:45:11.557+0530] {dagbag.py:541} INFO - Filling up the DagBag from /home/shubham/.local/lib/python3.10/site-packages/airflow/example_dags/example_python_operator.py
[2023-06-18T13:45:11.565+0530] {processor.py:836} INFO - DAG(s) dict_keys(['example_python_operator']) retrieved from /home/shubham/.local/lib/python3.10/site-packages/airflow/example_dags/example_python_operator.py
[2023-06-18T13:45:11.571+0530] {logging_mixin.py:149} INFO - [2023-06-18T13:45:11.570+0530] {dag.py:2726} INFO - Sync 1 DAGs
[2023-06-18T13:45:11.583+0530] {logging_mixin.py:149} INFO - [2023-06-18T13:45:11.583+0530] {dag.py:3486} INFO - Setting next_dagrun for example_python_operator to None, run_after=None
[2023-06-18T13:45:11.600+0530] {processor.py:179} INFO - Processing /home/shubham/.local/lib/python3.10/site-packages/airflow/example_dags/example_python_operator.py took 0.046 seconds
[2023-06-18T13:45:54.139+0530] {processor.py:157} INFO - Started process (PID=180) to work on /home/shubham/.local/lib/python3.10/site-packages/airflow/example_dags/example_python_operator.py
[2023-06-18T13:45:54.141+0530] {processor.py:826} INFO - Processing file /home/shubham/.local/lib/python3.10/site-packages/airflow/example_dags/example_python_operator.py for tasks to queue
[2023-06-18T13:45:54.141+0530] {logging_mixin.py:149} INFO - [2023-06-18T13:45:54.141+0530] {dagbag.py:541} INFO - Filling up the DagBag from /home/shubham/.local/lib/python3.10/site-packages/airflow/example_dags/example_python_operator.py
[2023-06-18T13:45:54.147+0530] {processor.py:836} INFO - DAG(s) dict_keys(['example_python_operator']) retrieved from /home/shubham/.local/lib/python3.10/site-packages/airflow/example_dags/example_python_operator.py
[2023-06-18T13:45:54.204+0530] {logging_mixin.py:149} INFO - [2023-06-18T13:45:54.204+0530] {dag.py:2726} INFO - Sync 1 DAGs
[2023-06-18T13:45:54.214+0530] {logging_mixin.py:149} INFO - [2023-06-18T13:45:54.214+0530] {dag.py:3486} INFO - Setting next_dagrun for example_python_operator to None, run_after=None
[2023-06-18T13:45:54.230+0530] {processor.py:179} INFO - Processing /home/shubham/.local/lib/python3.10/site-packages/airflow/example_dags/example_python_operator.py took 0.092 seconds
[2023-06-18T13:46:39.343+0530] {processor.py:157} INFO - Started process (PID=226) to work on /home/shubham/.local/lib/python3.10/site-packages/airflow/example_dags/example_python_operator.py
[2023-06-18T13:46:39.345+0530] {processor.py:826} INFO - Processing file /home/shubham/.local/lib/python3.10/site-packages/airflow/example_dags/example_python_operator.py for tasks to queue
[2023-06-18T13:46:39.346+0530] {logging_mixin.py:149} INFO - [2023-06-18T13:46:39.346+0530] {dagbag.py:541} INFO - Filling up the DagBag from /home/shubham/.local/lib/python3.10/site-packages/airflow/example_dags/example_python_operator.py
[2023-06-18T13:46:39.353+0530] {processor.py:836} INFO - DAG(s) dict_keys(['example_python_operator']) retrieved from /home/shubham/.local/lib/python3.10/site-packages/airflow/example_dags/example_python_operator.py
[2023-06-18T13:46:39.368+0530] {logging_mixin.py:149} INFO - [2023-06-18T13:46:39.368+0530] {dag.py:2726} INFO - Sync 1 DAGs
[2023-06-18T13:46:39.386+0530] {logging_mixin.py:149} INFO - [2023-06-18T13:46:39.386+0530] {dag.py:3486} INFO - Setting next_dagrun for example_python_operator to None, run_after=None
[2023-06-18T13:46:39.415+0530] {processor.py:179} INFO - Processing /home/shubham/.local/lib/python3.10/site-packages/airflow/example_dags/example_python_operator.py took 0.074 seconds
[2023-06-18T13:47:26.373+0530] {processor.py:157} INFO - Started process (PID=274) to work on /home/shubham/.local/lib/python3.10/site-packages/airflow/example_dags/example_python_operator.py
[2023-06-18T13:47:26.375+0530] {processor.py:826} INFO - Processing file /home/shubham/.local/lib/python3.10/site-packages/airflow/example_dags/example_python_operator.py for tasks to queue
[2023-06-18T13:47:26.375+0530] {logging_mixin.py:149} INFO - [2023-06-18T13:47:26.375+0530] {dagbag.py:541} INFO - Filling up the DagBag from /home/shubham/.local/lib/python3.10/site-packages/airflow/example_dags/example_python_operator.py
[2023-06-18T13:47:26.381+0530] {processor.py:836} INFO - DAG(s) dict_keys(['example_python_operator']) retrieved from /home/shubham/.local/lib/python3.10/site-packages/airflow/example_dags/example_python_operator.py
[2023-06-18T13:47:26.395+0530] {logging_mixin.py:149} INFO - [2023-06-18T13:47:26.395+0530] {dag.py:2726} INFO - Sync 1 DAGs
[2023-06-18T13:47:26.407+0530] {logging_mixin.py:149} INFO - [2023-06-18T13:47:26.407+0530] {dag.py:3486} INFO - Setting next_dagrun for example_python_operator to None, run_after=None
[2023-06-18T13:47:26.423+0530] {processor.py:179} INFO - Processing /home/shubham/.local/lib/python3.10/site-packages/airflow/example_dags/example_python_operator.py took 0.052 seconds
[2023-06-18T13:52:15.935+0530] {processor.py:157} INFO - Started process (PID=463) to work on /home/shubham/.local/lib/python3.10/site-packages/airflow/example_dags/example_python_operator.py
[2023-06-18T13:52:15.936+0530] {processor.py:826} INFO - Processing file /home/shubham/.local/lib/python3.10/site-packages/airflow/example_dags/example_python_operator.py for tasks to queue
[2023-06-18T13:52:15.937+0530] {logging_mixin.py:149} INFO - [2023-06-18T13:52:15.937+0530] {dagbag.py:541} INFO - Filling up the DagBag from /home/shubham/.local/lib/python3.10/site-packages/airflow/example_dags/example_python_operator.py
[2023-06-18T13:52:15.945+0530] {processor.py:836} INFO - DAG(s) dict_keys(['example_python_operator']) retrieved from /home/shubham/.local/lib/python3.10/site-packages/airflow/example_dags/example_python_operator.py
[2023-06-18T13:52:15.950+0530] {logging_mixin.py:149} INFO - [2023-06-18T13:52:15.950+0530] {dag.py:2726} INFO - Sync 1 DAGs
[2023-06-18T13:52:15.963+0530] {logging_mixin.py:149} INFO - [2023-06-18T13:52:15.963+0530] {dag.py:3486} INFO - Setting next_dagrun for example_python_operator to None, run_after=None
[2023-06-18T13:52:15.981+0530] {processor.py:179} INFO - Processing /home/shubham/.local/lib/python3.10/site-packages/airflow/example_dags/example_python_operator.py took 0.048 seconds
[2023-06-18T13:52:59.694+0530] {processor.py:157} INFO - Started process (PID=509) to work on /home/shubham/.local/lib/python3.10/site-packages/airflow/example_dags/example_python_operator.py
[2023-06-18T13:52:59.696+0530] {processor.py:826} INFO - Processing file /home/shubham/.local/lib/python3.10/site-packages/airflow/example_dags/example_python_operator.py for tasks to queue
[2023-06-18T13:52:59.696+0530] {logging_mixin.py:149} INFO - [2023-06-18T13:52:59.696+0530] {dagbag.py:541} INFO - Filling up the DagBag from /home/shubham/.local/lib/python3.10/site-packages/airflow/example_dags/example_python_operator.py
[2023-06-18T13:52:59.702+0530] {processor.py:836} INFO - DAG(s) dict_keys(['example_python_operator']) retrieved from /home/shubham/.local/lib/python3.10/site-packages/airflow/example_dags/example_python_operator.py
[2023-06-18T13:52:59.762+0530] {logging_mixin.py:149} INFO - [2023-06-18T13:52:59.762+0530] {dag.py:2726} INFO - Sync 1 DAGs
[2023-06-18T13:52:59.773+0530] {logging_mixin.py:149} INFO - [2023-06-18T13:52:59.773+0530] {dag.py:3486} INFO - Setting next_dagrun for example_python_operator to None, run_after=None
[2023-06-18T13:52:59.789+0530] {processor.py:179} INFO - Processing /home/shubham/.local/lib/python3.10/site-packages/airflow/example_dags/example_python_operator.py took 0.097 seconds
[2023-06-18T14:39:48.634+0530] {processor.py:157} INFO - Started process (PID=3214) to work on /home/shubham/.local/lib/python3.10/site-packages/airflow/example_dags/example_python_operator.py
[2023-06-18T14:39:48.635+0530] {processor.py:826} INFO - Processing file /home/shubham/.local/lib/python3.10/site-packages/airflow/example_dags/example_python_operator.py for tasks to queue
[2023-06-18T14:39:48.636+0530] {logging_mixin.py:149} INFO - [2023-06-18T14:39:48.636+0530] {dagbag.py:541} INFO - Filling up the DagBag from /home/shubham/.local/lib/python3.10/site-packages/airflow/example_dags/example_python_operator.py
[2023-06-18T14:39:48.656+0530] {processor.py:836} INFO - DAG(s) dict_keys(['example_python_operator']) retrieved from /home/shubham/.local/lib/python3.10/site-packages/airflow/example_dags/example_python_operator.py
[2023-06-18T14:39:48.757+0530] {logging_mixin.py:149} INFO - [2023-06-18T14:39:48.756+0530] {dag.py:2726} INFO - Sync 1 DAGs
[2023-06-18T14:39:48.775+0530] {logging_mixin.py:149} INFO - [2023-06-18T14:39:48.775+0530] {dag.py:3486} INFO - Setting next_dagrun for example_python_operator to None, run_after=None
[2023-06-18T14:39:48.801+0530] {processor.py:179} INFO - Processing /home/shubham/.local/lib/python3.10/site-packages/airflow/example_dags/example_python_operator.py took 0.174 seconds
[2023-06-18T14:40:34.879+0530] {processor.py:157} INFO - Started process (PID=3278) to work on /home/shubham/.local/lib/python3.10/site-packages/airflow/example_dags/example_python_operator.py
[2023-06-18T14:40:34.880+0530] {processor.py:826} INFO - Processing file /home/shubham/.local/lib/python3.10/site-packages/airflow/example_dags/example_python_operator.py for tasks to queue
[2023-06-18T14:40:34.880+0530] {logging_mixin.py:149} INFO - [2023-06-18T14:40:34.880+0530] {dagbag.py:541} INFO - Filling up the DagBag from /home/shubham/.local/lib/python3.10/site-packages/airflow/example_dags/example_python_operator.py
[2023-06-18T14:40:34.889+0530] {processor.py:836} INFO - DAG(s) dict_keys(['example_python_operator']) retrieved from /home/shubham/.local/lib/python3.10/site-packages/airflow/example_dags/example_python_operator.py
[2023-06-18T14:40:34.907+0530] {logging_mixin.py:149} INFO - [2023-06-18T14:40:34.907+0530] {dag.py:2726} INFO - Sync 1 DAGs
[2023-06-18T14:40:34.921+0530] {logging_mixin.py:149} INFO - [2023-06-18T14:40:34.921+0530] {dag.py:3486} INFO - Setting next_dagrun for example_python_operator to None, run_after=None
[2023-06-18T14:40:34.938+0530] {processor.py:179} INFO - Processing /home/shubham/.local/lib/python3.10/site-packages/airflow/example_dags/example_python_operator.py took 0.062 seconds
[2023-06-18T14:41:19.064+0530] {processor.py:157} INFO - Started process (PID=3595) to work on /home/shubham/.local/lib/python3.10/site-packages/airflow/example_dags/example_python_operator.py
[2023-06-18T14:41:19.065+0530] {processor.py:826} INFO - Processing file /home/shubham/.local/lib/python3.10/site-packages/airflow/example_dags/example_python_operator.py for tasks to queue
[2023-06-18T14:41:19.066+0530] {logging_mixin.py:149} INFO - [2023-06-18T14:41:19.066+0530] {dagbag.py:541} INFO - Filling up the DagBag from /home/shubham/.local/lib/python3.10/site-packages/airflow/example_dags/example_python_operator.py
[2023-06-18T14:41:19.073+0530] {processor.py:836} INFO - DAG(s) dict_keys(['example_python_operator']) retrieved from /home/shubham/.local/lib/python3.10/site-packages/airflow/example_dags/example_python_operator.py
[2023-06-18T14:41:19.089+0530] {logging_mixin.py:149} INFO - [2023-06-18T14:41:19.089+0530] {dag.py:2726} INFO - Sync 1 DAGs
[2023-06-18T14:41:19.106+0530] {logging_mixin.py:149} INFO - [2023-06-18T14:41:19.106+0530] {dag.py:3486} INFO - Setting next_dagrun for example_python_operator to None, run_after=None
[2023-06-18T14:41:19.123+0530] {processor.py:179} INFO - Processing /home/shubham/.local/lib/python3.10/site-packages/airflow/example_dags/example_python_operator.py took 0.061 seconds
[2023-06-18T14:42:02.873+0530] {processor.py:157} INFO - Started process (PID=3663) to work on /home/shubham/.local/lib/python3.10/site-packages/airflow/example_dags/example_python_operator.py
[2023-06-18T14:42:02.874+0530] {processor.py:826} INFO - Processing file /home/shubham/.local/lib/python3.10/site-packages/airflow/example_dags/example_python_operator.py for tasks to queue
[2023-06-18T14:42:02.875+0530] {logging_mixin.py:149} INFO - [2023-06-18T14:42:02.875+0530] {dagbag.py:541} INFO - Filling up the DagBag from /home/shubham/.local/lib/python3.10/site-packages/airflow/example_dags/example_python_operator.py
[2023-06-18T14:42:02.881+0530] {processor.py:836} INFO - DAG(s) dict_keys(['example_python_operator']) retrieved from /home/shubham/.local/lib/python3.10/site-packages/airflow/example_dags/example_python_operator.py
[2023-06-18T14:42:02.895+0530] {logging_mixin.py:149} INFO - [2023-06-18T14:42:02.895+0530] {dag.py:2726} INFO - Sync 1 DAGs
[2023-06-18T14:42:02.907+0530] {logging_mixin.py:149} INFO - [2023-06-18T14:42:02.907+0530] {dag.py:3486} INFO - Setting next_dagrun for example_python_operator to None, run_after=None
[2023-06-18T14:42:02.924+0530] {processor.py:179} INFO - Processing /home/shubham/.local/lib/python3.10/site-packages/airflow/example_dags/example_python_operator.py took 0.054 seconds
[2023-06-18T14:42:49.046+0530] {processor.py:157} INFO - Started process (PID=3776) to work on /home/shubham/.local/lib/python3.10/site-packages/airflow/example_dags/example_python_operator.py
[2023-06-18T14:42:49.047+0530] {processor.py:826} INFO - Processing file /home/shubham/.local/lib/python3.10/site-packages/airflow/example_dags/example_python_operator.py for tasks to queue
[2023-06-18T14:42:49.048+0530] {logging_mixin.py:149} INFO - [2023-06-18T14:42:49.048+0530] {dagbag.py:541} INFO - Filling up the DagBag from /home/shubham/.local/lib/python3.10/site-packages/airflow/example_dags/example_python_operator.py
[2023-06-18T14:42:49.055+0530] {processor.py:836} INFO - DAG(s) dict_keys(['example_python_operator']) retrieved from /home/shubham/.local/lib/python3.10/site-packages/airflow/example_dags/example_python_operator.py
[2023-06-18T14:42:49.069+0530] {logging_mixin.py:149} INFO - [2023-06-18T14:42:49.069+0530] {dag.py:2726} INFO - Sync 1 DAGs
[2023-06-18T14:42:49.081+0530] {logging_mixin.py:149} INFO - [2023-06-18T14:42:49.081+0530] {dag.py:3486} INFO - Setting next_dagrun for example_python_operator to None, run_after=None
[2023-06-18T14:42:49.097+0530] {processor.py:179} INFO - Processing /home/shubham/.local/lib/python3.10/site-packages/airflow/example_dags/example_python_operator.py took 0.053 seconds
[2023-06-18T14:43:36.463+0530] {processor.py:157} INFO - Started process (PID=3825) to work on /home/shubham/.local/lib/python3.10/site-packages/airflow/example_dags/example_python_operator.py
[2023-06-18T14:43:36.464+0530] {processor.py:826} INFO - Processing file /home/shubham/.local/lib/python3.10/site-packages/airflow/example_dags/example_python_operator.py for tasks to queue
[2023-06-18T14:43:36.464+0530] {logging_mixin.py:149} INFO - [2023-06-18T14:43:36.464+0530] {dagbag.py:541} INFO - Filling up the DagBag from /home/shubham/.local/lib/python3.10/site-packages/airflow/example_dags/example_python_operator.py
[2023-06-18T14:43:36.472+0530] {processor.py:836} INFO - DAG(s) dict_keys(['example_python_operator']) retrieved from /home/shubham/.local/lib/python3.10/site-packages/airflow/example_dags/example_python_operator.py
[2023-06-18T14:43:36.486+0530] {logging_mixin.py:149} INFO - [2023-06-18T14:43:36.486+0530] {dag.py:2726} INFO - Sync 1 DAGs
[2023-06-18T14:43:36.498+0530] {logging_mixin.py:149} INFO - [2023-06-18T14:43:36.498+0530] {dag.py:3486} INFO - Setting next_dagrun for example_python_operator to None, run_after=None
[2023-06-18T14:43:36.515+0530] {processor.py:179} INFO - Processing /home/shubham/.local/lib/python3.10/site-packages/airflow/example_dags/example_python_operator.py took 0.055 seconds
[2023-06-18T14:44:25.581+0530] {processor.py:157} INFO - Started process (PID=3874) to work on /home/shubham/.local/lib/python3.10/site-packages/airflow/example_dags/example_python_operator.py
[2023-06-18T14:44:25.582+0530] {processor.py:826} INFO - Processing file /home/shubham/.local/lib/python3.10/site-packages/airflow/example_dags/example_python_operator.py for tasks to queue
[2023-06-18T14:44:25.583+0530] {logging_mixin.py:149} INFO - [2023-06-18T14:44:25.583+0530] {dagbag.py:541} INFO - Filling up the DagBag from /home/shubham/.local/lib/python3.10/site-packages/airflow/example_dags/example_python_operator.py
[2023-06-18T14:44:25.590+0530] {processor.py:836} INFO - DAG(s) dict_keys(['example_python_operator']) retrieved from /home/shubham/.local/lib/python3.10/site-packages/airflow/example_dags/example_python_operator.py
[2023-06-18T14:44:25.604+0530] {logging_mixin.py:149} INFO - [2023-06-18T14:44:25.604+0530] {dag.py:2726} INFO - Sync 1 DAGs
[2023-06-18T14:44:25.616+0530] {logging_mixin.py:149} INFO - [2023-06-18T14:44:25.616+0530] {dag.py:3486} INFO - Setting next_dagrun for example_python_operator to None, run_after=None
[2023-06-18T14:44:25.633+0530] {processor.py:179} INFO - Processing /home/shubham/.local/lib/python3.10/site-packages/airflow/example_dags/example_python_operator.py took 0.055 seconds
[2023-06-18T14:45:08.203+0530] {processor.py:157} INFO - Started process (PID=3918) to work on /home/shubham/.local/lib/python3.10/site-packages/airflow/example_dags/example_python_operator.py
[2023-06-18T14:45:08.205+0530] {processor.py:826} INFO - Processing file /home/shubham/.local/lib/python3.10/site-packages/airflow/example_dags/example_python_operator.py for tasks to queue
[2023-06-18T14:45:08.205+0530] {logging_mixin.py:149} INFO - [2023-06-18T14:45:08.205+0530] {dagbag.py:541} INFO - Filling up the DagBag from /home/shubham/.local/lib/python3.10/site-packages/airflow/example_dags/example_python_operator.py
[2023-06-18T14:45:08.212+0530] {processor.py:836} INFO - DAG(s) dict_keys(['example_python_operator']) retrieved from /home/shubham/.local/lib/python3.10/site-packages/airflow/example_dags/example_python_operator.py
[2023-06-18T14:45:08.226+0530] {logging_mixin.py:149} INFO - [2023-06-18T14:45:08.226+0530] {dag.py:2726} INFO - Sync 1 DAGs
[2023-06-18T14:45:08.239+0530] {logging_mixin.py:149} INFO - [2023-06-18T14:45:08.239+0530] {dag.py:3486} INFO - Setting next_dagrun for example_python_operator to None, run_after=None
[2023-06-18T14:45:08.255+0530] {processor.py:179} INFO - Processing /home/shubham/.local/lib/python3.10/site-packages/airflow/example_dags/example_python_operator.py took 0.054 seconds
[2023-06-18T14:45:52.645+0530] {processor.py:157} INFO - Started process (PID=3964) to work on /home/shubham/.local/lib/python3.10/site-packages/airflow/example_dags/example_python_operator.py
[2023-06-18T14:45:52.648+0530] {processor.py:826} INFO - Processing file /home/shubham/.local/lib/python3.10/site-packages/airflow/example_dags/example_python_operator.py for tasks to queue
[2023-06-18T14:45:52.648+0530] {logging_mixin.py:149} INFO - [2023-06-18T14:45:52.648+0530] {dagbag.py:541} INFO - Filling up the DagBag from /home/shubham/.local/lib/python3.10/site-packages/airflow/example_dags/example_python_operator.py
[2023-06-18T14:45:52.657+0530] {processor.py:836} INFO - DAG(s) dict_keys(['example_python_operator']) retrieved from /home/shubham/.local/lib/python3.10/site-packages/airflow/example_dags/example_python_operator.py
[2023-06-18T14:45:52.672+0530] {logging_mixin.py:149} INFO - [2023-06-18T14:45:52.672+0530] {dag.py:2726} INFO - Sync 1 DAGs
[2023-06-18T14:45:52.684+0530] {logging_mixin.py:149} INFO - [2023-06-18T14:45:52.684+0530] {dag.py:3486} INFO - Setting next_dagrun for example_python_operator to None, run_after=None
[2023-06-18T14:45:52.699+0530] {processor.py:179} INFO - Processing /home/shubham/.local/lib/python3.10/site-packages/airflow/example_dags/example_python_operator.py took 0.057 seconds
[2023-06-18T14:46:38.028+0530] {processor.py:157} INFO - Started process (PID=4011) to work on /home/shubham/.local/lib/python3.10/site-packages/airflow/example_dags/example_python_operator.py
[2023-06-18T14:46:38.029+0530] {processor.py:826} INFO - Processing file /home/shubham/.local/lib/python3.10/site-packages/airflow/example_dags/example_python_operator.py for tasks to queue
[2023-06-18T14:46:38.030+0530] {logging_mixin.py:149} INFO - [2023-06-18T14:46:38.030+0530] {dagbag.py:541} INFO - Filling up the DagBag from /home/shubham/.local/lib/python3.10/site-packages/airflow/example_dags/example_python_operator.py
[2023-06-18T14:46:38.037+0530] {processor.py:836} INFO - DAG(s) dict_keys(['example_python_operator']) retrieved from /home/shubham/.local/lib/python3.10/site-packages/airflow/example_dags/example_python_operator.py
[2023-06-18T14:46:38.052+0530] {logging_mixin.py:149} INFO - [2023-06-18T14:46:38.051+0530] {dag.py:2726} INFO - Sync 1 DAGs
[2023-06-18T14:46:38.063+0530] {logging_mixin.py:149} INFO - [2023-06-18T14:46:38.063+0530] {dag.py:3486} INFO - Setting next_dagrun for example_python_operator to None, run_after=None
[2023-06-18T14:46:38.079+0530] {processor.py:179} INFO - Processing /home/shubham/.local/lib/python3.10/site-packages/airflow/example_dags/example_python_operator.py took 0.053 seconds
[2023-06-18T14:47:24.371+0530] {processor.py:157} INFO - Started process (PID=4059) to work on /home/shubham/.local/lib/python3.10/site-packages/airflow/example_dags/example_python_operator.py
[2023-06-18T14:47:24.373+0530] {processor.py:826} INFO - Processing file /home/shubham/.local/lib/python3.10/site-packages/airflow/example_dags/example_python_operator.py for tasks to queue
[2023-06-18T14:47:24.373+0530] {logging_mixin.py:149} INFO - [2023-06-18T14:47:24.373+0530] {dagbag.py:541} INFO - Filling up the DagBag from /home/shubham/.local/lib/python3.10/site-packages/airflow/example_dags/example_python_operator.py
[2023-06-18T14:47:24.380+0530] {processor.py:836} INFO - DAG(s) dict_keys(['example_python_operator']) retrieved from /home/shubham/.local/lib/python3.10/site-packages/airflow/example_dags/example_python_operator.py
[2023-06-18T14:47:24.395+0530] {logging_mixin.py:149} INFO - [2023-06-18T14:47:24.394+0530] {dag.py:2726} INFO - Sync 1 DAGs
[2023-06-18T14:47:24.406+0530] {logging_mixin.py:149} INFO - [2023-06-18T14:47:24.406+0530] {dag.py:3486} INFO - Setting next_dagrun for example_python_operator to None, run_after=None
[2023-06-18T14:47:24.423+0530] {processor.py:179} INFO - Processing /home/shubham/.local/lib/python3.10/site-packages/airflow/example_dags/example_python_operator.py took 0.054 seconds
[2023-06-18T14:48:07.729+0530] {processor.py:157} INFO - Started process (PID=4104) to work on /home/shubham/.local/lib/python3.10/site-packages/airflow/example_dags/example_python_operator.py
[2023-06-18T14:48:07.731+0530] {processor.py:826} INFO - Processing file /home/shubham/.local/lib/python3.10/site-packages/airflow/example_dags/example_python_operator.py for tasks to queue
[2023-06-18T14:48:07.731+0530] {logging_mixin.py:149} INFO - [2023-06-18T14:48:07.731+0530] {dagbag.py:541} INFO - Filling up the DagBag from /home/shubham/.local/lib/python3.10/site-packages/airflow/example_dags/example_python_operator.py
[2023-06-18T14:48:07.737+0530] {processor.py:836} INFO - DAG(s) dict_keys(['example_python_operator']) retrieved from /home/shubham/.local/lib/python3.10/site-packages/airflow/example_dags/example_python_operator.py
[2023-06-18T14:48:07.752+0530] {logging_mixin.py:149} INFO - [2023-06-18T14:48:07.752+0530] {dag.py:2726} INFO - Sync 1 DAGs
[2023-06-18T14:48:07.764+0530] {logging_mixin.py:149} INFO - [2023-06-18T14:48:07.764+0530] {dag.py:3486} INFO - Setting next_dagrun for example_python_operator to None, run_after=None
[2023-06-18T14:48:07.780+0530] {processor.py:179} INFO - Processing /home/shubham/.local/lib/python3.10/site-packages/airflow/example_dags/example_python_operator.py took 0.053 seconds
[2023-06-18T14:48:53.113+0530] {processor.py:157} INFO - Started process (PID=4152) to work on /home/shubham/.local/lib/python3.10/site-packages/airflow/example_dags/example_python_operator.py
[2023-06-18T14:48:53.115+0530] {processor.py:826} INFO - Processing file /home/shubham/.local/lib/python3.10/site-packages/airflow/example_dags/example_python_operator.py for tasks to queue
[2023-06-18T14:48:53.115+0530] {logging_mixin.py:149} INFO - [2023-06-18T14:48:53.115+0530] {dagbag.py:541} INFO - Filling up the DagBag from /home/shubham/.local/lib/python3.10/site-packages/airflow/example_dags/example_python_operator.py
[2023-06-18T14:48:53.122+0530] {processor.py:836} INFO - DAG(s) dict_keys(['example_python_operator']) retrieved from /home/shubham/.local/lib/python3.10/site-packages/airflow/example_dags/example_python_operator.py
[2023-06-18T14:48:53.136+0530] {logging_mixin.py:149} INFO - [2023-06-18T14:48:53.136+0530] {dag.py:2726} INFO - Sync 1 DAGs
[2023-06-18T14:48:53.148+0530] {logging_mixin.py:149} INFO - [2023-06-18T14:48:53.148+0530] {dag.py:3486} INFO - Setting next_dagrun for example_python_operator to None, run_after=None
[2023-06-18T14:48:53.166+0530] {processor.py:179} INFO - Processing /home/shubham/.local/lib/python3.10/site-packages/airflow/example_dags/example_python_operator.py took 0.055 seconds
[2023-06-18T14:49:36.025+0530] {processor.py:157} INFO - Started process (PID=4197) to work on /home/shubham/.local/lib/python3.10/site-packages/airflow/example_dags/example_python_operator.py
[2023-06-18T14:49:36.026+0530] {processor.py:826} INFO - Processing file /home/shubham/.local/lib/python3.10/site-packages/airflow/example_dags/example_python_operator.py for tasks to queue
[2023-06-18T14:49:36.027+0530] {logging_mixin.py:149} INFO - [2023-06-18T14:49:36.027+0530] {dagbag.py:541} INFO - Filling up the DagBag from /home/shubham/.local/lib/python3.10/site-packages/airflow/example_dags/example_python_operator.py
[2023-06-18T14:49:36.033+0530] {processor.py:836} INFO - DAG(s) dict_keys(['example_python_operator']) retrieved from /home/shubham/.local/lib/python3.10/site-packages/airflow/example_dags/example_python_operator.py
[2023-06-18T14:49:36.048+0530] {logging_mixin.py:149} INFO - [2023-06-18T14:49:36.048+0530] {dag.py:2726} INFO - Sync 1 DAGs
[2023-06-18T14:49:36.059+0530] {logging_mixin.py:149} INFO - [2023-06-18T14:49:36.059+0530] {dag.py:3486} INFO - Setting next_dagrun for example_python_operator to None, run_after=None
[2023-06-18T14:49:36.076+0530] {processor.py:179} INFO - Processing /home/shubham/.local/lib/python3.10/site-packages/airflow/example_dags/example_python_operator.py took 0.053 seconds
[2023-06-18T14:50:19.043+0530] {processor.py:157} INFO - Started process (PID=4243) to work on /home/shubham/.local/lib/python3.10/site-packages/airflow/example_dags/example_python_operator.py
[2023-06-18T14:50:19.044+0530] {processor.py:826} INFO - Processing file /home/shubham/.local/lib/python3.10/site-packages/airflow/example_dags/example_python_operator.py for tasks to queue
[2023-06-18T14:50:19.044+0530] {logging_mixin.py:149} INFO - [2023-06-18T14:50:19.044+0530] {dagbag.py:541} INFO - Filling up the DagBag from /home/shubham/.local/lib/python3.10/site-packages/airflow/example_dags/example_python_operator.py
[2023-06-18T14:50:19.051+0530] {processor.py:836} INFO - DAG(s) dict_keys(['example_python_operator']) retrieved from /home/shubham/.local/lib/python3.10/site-packages/airflow/example_dags/example_python_operator.py
[2023-06-18T14:50:19.066+0530] {logging_mixin.py:149} INFO - [2023-06-18T14:50:19.066+0530] {dag.py:2726} INFO - Sync 1 DAGs
[2023-06-18T14:50:19.078+0530] {logging_mixin.py:149} INFO - [2023-06-18T14:50:19.078+0530] {dag.py:3486} INFO - Setting next_dagrun for example_python_operator to None, run_after=None
[2023-06-18T14:50:19.098+0530] {processor.py:179} INFO - Processing /home/shubham/.local/lib/python3.10/site-packages/airflow/example_dags/example_python_operator.py took 0.058 seconds
[2023-06-18T14:51:02.544+0530] {processor.py:157} INFO - Started process (PID=4289) to work on /home/shubham/.local/lib/python3.10/site-packages/airflow/example_dags/example_python_operator.py
[2023-06-18T14:51:02.546+0530] {processor.py:826} INFO - Processing file /home/shubham/.local/lib/python3.10/site-packages/airflow/example_dags/example_python_operator.py for tasks to queue
[2023-06-18T14:51:02.546+0530] {logging_mixin.py:149} INFO - [2023-06-18T14:51:02.546+0530] {dagbag.py:541} INFO - Filling up the DagBag from /home/shubham/.local/lib/python3.10/site-packages/airflow/example_dags/example_python_operator.py
[2023-06-18T14:51:02.553+0530] {processor.py:836} INFO - DAG(s) dict_keys(['example_python_operator']) retrieved from /home/shubham/.local/lib/python3.10/site-packages/airflow/example_dags/example_python_operator.py
[2023-06-18T14:51:02.567+0530] {logging_mixin.py:149} INFO - [2023-06-18T14:51:02.567+0530] {dag.py:2726} INFO - Sync 1 DAGs
[2023-06-18T14:51:02.579+0530] {logging_mixin.py:149} INFO - [2023-06-18T14:51:02.579+0530] {dag.py:3486} INFO - Setting next_dagrun for example_python_operator to None, run_after=None
[2023-06-18T14:51:02.595+0530] {processor.py:179} INFO - Processing /home/shubham/.local/lib/python3.10/site-packages/airflow/example_dags/example_python_operator.py took 0.052 seconds
[2023-06-18T14:51:45.843+0530] {processor.py:157} INFO - Started process (PID=4333) to work on /home/shubham/.local/lib/python3.10/site-packages/airflow/example_dags/example_python_operator.py
[2023-06-18T14:51:45.844+0530] {processor.py:826} INFO - Processing file /home/shubham/.local/lib/python3.10/site-packages/airflow/example_dags/example_python_operator.py for tasks to queue
[2023-06-18T14:51:45.845+0530] {logging_mixin.py:149} INFO - [2023-06-18T14:51:45.845+0530] {dagbag.py:541} INFO - Filling up the DagBag from /home/shubham/.local/lib/python3.10/site-packages/airflow/example_dags/example_python_operator.py
[2023-06-18T14:51:45.851+0530] {processor.py:836} INFO - DAG(s) dict_keys(['example_python_operator']) retrieved from /home/shubham/.local/lib/python3.10/site-packages/airflow/example_dags/example_python_operator.py
[2023-06-18T14:51:45.866+0530] {logging_mixin.py:149} INFO - [2023-06-18T14:51:45.865+0530] {dag.py:2726} INFO - Sync 1 DAGs
[2023-06-18T14:51:45.878+0530] {logging_mixin.py:149} INFO - [2023-06-18T14:51:45.878+0530] {dag.py:3486} INFO - Setting next_dagrun for example_python_operator to None, run_after=None
[2023-06-18T14:51:45.894+0530] {processor.py:179} INFO - Processing /home/shubham/.local/lib/python3.10/site-packages/airflow/example_dags/example_python_operator.py took 0.053 seconds
[2023-06-18T14:52:28.095+0530] {processor.py:157} INFO - Started process (PID=4379) to work on /home/shubham/.local/lib/python3.10/site-packages/airflow/example_dags/example_python_operator.py
[2023-06-18T14:52:28.097+0530] {processor.py:826} INFO - Processing file /home/shubham/.local/lib/python3.10/site-packages/airflow/example_dags/example_python_operator.py for tasks to queue
[2023-06-18T14:52:28.098+0530] {logging_mixin.py:149} INFO - [2023-06-18T14:52:28.097+0530] {dagbag.py:541} INFO - Filling up the DagBag from /home/shubham/.local/lib/python3.10/site-packages/airflow/example_dags/example_python_operator.py
[2023-06-18T14:52:28.104+0530] {processor.py:836} INFO - DAG(s) dict_keys(['example_python_operator']) retrieved from /home/shubham/.local/lib/python3.10/site-packages/airflow/example_dags/example_python_operator.py
[2023-06-18T14:52:28.118+0530] {logging_mixin.py:149} INFO - [2023-06-18T14:52:28.118+0530] {dag.py:2726} INFO - Sync 1 DAGs
[2023-06-18T14:52:28.130+0530] {logging_mixin.py:149} INFO - [2023-06-18T14:52:28.130+0530] {dag.py:3486} INFO - Setting next_dagrun for example_python_operator to None, run_after=None
[2023-06-18T14:52:28.146+0530] {processor.py:179} INFO - Processing /home/shubham/.local/lib/python3.10/site-packages/airflow/example_dags/example_python_operator.py took 0.053 seconds
[2023-06-18T14:53:13.147+0530] {processor.py:157} INFO - Started process (PID=4425) to work on /home/shubham/.local/lib/python3.10/site-packages/airflow/example_dags/example_python_operator.py
[2023-06-18T14:53:13.148+0530] {processor.py:826} INFO - Processing file /home/shubham/.local/lib/python3.10/site-packages/airflow/example_dags/example_python_operator.py for tasks to queue
[2023-06-18T14:53:13.149+0530] {logging_mixin.py:149} INFO - [2023-06-18T14:53:13.149+0530] {dagbag.py:541} INFO - Filling up the DagBag from /home/shubham/.local/lib/python3.10/site-packages/airflow/example_dags/example_python_operator.py
[2023-06-18T14:53:13.155+0530] {processor.py:836} INFO - DAG(s) dict_keys(['example_python_operator']) retrieved from /home/shubham/.local/lib/python3.10/site-packages/airflow/example_dags/example_python_operator.py
[2023-06-18T14:53:13.169+0530] {logging_mixin.py:149} INFO - [2023-06-18T14:53:13.169+0530] {dag.py:2726} INFO - Sync 1 DAGs
[2023-06-18T14:53:13.183+0530] {logging_mixin.py:149} INFO - [2023-06-18T14:53:13.183+0530] {dag.py:3486} INFO - Setting next_dagrun for example_python_operator to None, run_after=None
[2023-06-18T14:53:13.199+0530] {processor.py:179} INFO - Processing /home/shubham/.local/lib/python3.10/site-packages/airflow/example_dags/example_python_operator.py took 0.054 seconds
[2023-06-18T14:54:00.272+0530] {processor.py:157} INFO - Started process (PID=4473) to work on /home/shubham/.local/lib/python3.10/site-packages/airflow/example_dags/example_python_operator.py
[2023-06-18T14:54:00.274+0530] {processor.py:826} INFO - Processing file /home/shubham/.local/lib/python3.10/site-packages/airflow/example_dags/example_python_operator.py for tasks to queue
[2023-06-18T14:54:00.274+0530] {logging_mixin.py:149} INFO - [2023-06-18T14:54:00.274+0530] {dagbag.py:541} INFO - Filling up the DagBag from /home/shubham/.local/lib/python3.10/site-packages/airflow/example_dags/example_python_operator.py
[2023-06-18T14:54:00.281+0530] {processor.py:836} INFO - DAG(s) dict_keys(['example_python_operator']) retrieved from /home/shubham/.local/lib/python3.10/site-packages/airflow/example_dags/example_python_operator.py
[2023-06-18T14:54:00.295+0530] {logging_mixin.py:149} INFO - [2023-06-18T14:54:00.295+0530] {dag.py:2726} INFO - Sync 1 DAGs
[2023-06-18T14:54:00.308+0530] {logging_mixin.py:149} INFO - [2023-06-18T14:54:00.308+0530] {dag.py:3486} INFO - Setting next_dagrun for example_python_operator to None, run_after=None
[2023-06-18T14:54:00.325+0530] {processor.py:179} INFO - Processing /home/shubham/.local/lib/python3.10/site-packages/airflow/example_dags/example_python_operator.py took 0.055 seconds
[2023-06-18T14:54:46.625+0530] {processor.py:157} INFO - Started process (PID=4520) to work on /home/shubham/.local/lib/python3.10/site-packages/airflow/example_dags/example_python_operator.py
[2023-06-18T14:54:46.627+0530] {processor.py:826} INFO - Processing file /home/shubham/.local/lib/python3.10/site-packages/airflow/example_dags/example_python_operator.py for tasks to queue
[2023-06-18T14:54:46.627+0530] {logging_mixin.py:149} INFO - [2023-06-18T14:54:46.627+0530] {dagbag.py:541} INFO - Filling up the DagBag from /home/shubham/.local/lib/python3.10/site-packages/airflow/example_dags/example_python_operator.py
[2023-06-18T14:54:46.635+0530] {processor.py:836} INFO - DAG(s) dict_keys(['example_python_operator']) retrieved from /home/shubham/.local/lib/python3.10/site-packages/airflow/example_dags/example_python_operator.py
[2023-06-18T14:54:46.656+0530] {logging_mixin.py:149} INFO - [2023-06-18T14:54:46.656+0530] {dag.py:2726} INFO - Sync 1 DAGs
[2023-06-18T14:54:46.669+0530] {logging_mixin.py:149} INFO - [2023-06-18T14:54:46.669+0530] {dag.py:3486} INFO - Setting next_dagrun for example_python_operator to None, run_after=None
[2023-06-18T14:54:46.686+0530] {processor.py:179} INFO - Processing /home/shubham/.local/lib/python3.10/site-packages/airflow/example_dags/example_python_operator.py took 0.063 seconds
[2023-06-18T14:55:29.661+0530] {processor.py:157} INFO - Started process (PID=4566) to work on /home/shubham/.local/lib/python3.10/site-packages/airflow/example_dags/example_python_operator.py
[2023-06-18T14:55:29.662+0530] {processor.py:826} INFO - Processing file /home/shubham/.local/lib/python3.10/site-packages/airflow/example_dags/example_python_operator.py for tasks to queue
[2023-06-18T14:55:29.663+0530] {logging_mixin.py:149} INFO - [2023-06-18T14:55:29.662+0530] {dagbag.py:541} INFO - Filling up the DagBag from /home/shubham/.local/lib/python3.10/site-packages/airflow/example_dags/example_python_operator.py
[2023-06-18T14:55:29.669+0530] {processor.py:836} INFO - DAG(s) dict_keys(['example_python_operator']) retrieved from /home/shubham/.local/lib/python3.10/site-packages/airflow/example_dags/example_python_operator.py
[2023-06-18T14:55:29.683+0530] {logging_mixin.py:149} INFO - [2023-06-18T14:55:29.683+0530] {dag.py:2726} INFO - Sync 1 DAGs
[2023-06-18T14:55:29.695+0530] {logging_mixin.py:149} INFO - [2023-06-18T14:55:29.695+0530] {dag.py:3486} INFO - Setting next_dagrun for example_python_operator to None, run_after=None
[2023-06-18T14:55:29.711+0530] {processor.py:179} INFO - Processing /home/shubham/.local/lib/python3.10/site-packages/airflow/example_dags/example_python_operator.py took 0.053 seconds
[2023-06-18T14:56:15.171+0530] {processor.py:157} INFO - Started process (PID=4613) to work on /home/shubham/.local/lib/python3.10/site-packages/airflow/example_dags/example_python_operator.py
[2023-06-18T14:56:15.172+0530] {processor.py:826} INFO - Processing file /home/shubham/.local/lib/python3.10/site-packages/airflow/example_dags/example_python_operator.py for tasks to queue
[2023-06-18T14:56:15.173+0530] {logging_mixin.py:149} INFO - [2023-06-18T14:56:15.173+0530] {dagbag.py:541} INFO - Filling up the DagBag from /home/shubham/.local/lib/python3.10/site-packages/airflow/example_dags/example_python_operator.py
[2023-06-18T14:56:15.180+0530] {processor.py:836} INFO - DAG(s) dict_keys(['example_python_operator']) retrieved from /home/shubham/.local/lib/python3.10/site-packages/airflow/example_dags/example_python_operator.py
[2023-06-18T14:56:15.196+0530] {logging_mixin.py:149} INFO - [2023-06-18T14:56:15.196+0530] {dag.py:2726} INFO - Sync 1 DAGs
[2023-06-18T14:56:15.208+0530] {logging_mixin.py:149} INFO - [2023-06-18T14:56:15.208+0530] {dag.py:3486} INFO - Setting next_dagrun for example_python_operator to None, run_after=None
[2023-06-18T14:56:15.225+0530] {processor.py:179} INFO - Processing /home/shubham/.local/lib/python3.10/site-packages/airflow/example_dags/example_python_operator.py took 0.056 seconds
[2023-06-18T14:56:58.303+0530] {processor.py:157} INFO - Started process (PID=4659) to work on /home/shubham/.local/lib/python3.10/site-packages/airflow/example_dags/example_python_operator.py
[2023-06-18T14:56:58.304+0530] {processor.py:826} INFO - Processing file /home/shubham/.local/lib/python3.10/site-packages/airflow/example_dags/example_python_operator.py for tasks to queue
[2023-06-18T14:56:58.305+0530] {logging_mixin.py:149} INFO - [2023-06-18T14:56:58.304+0530] {dagbag.py:541} INFO - Filling up the DagBag from /home/shubham/.local/lib/python3.10/site-packages/airflow/example_dags/example_python_operator.py
[2023-06-18T14:56:58.311+0530] {processor.py:836} INFO - DAG(s) dict_keys(['example_python_operator']) retrieved from /home/shubham/.local/lib/python3.10/site-packages/airflow/example_dags/example_python_operator.py
[2023-06-18T14:56:58.326+0530] {logging_mixin.py:149} INFO - [2023-06-18T14:56:58.326+0530] {dag.py:2726} INFO - Sync 1 DAGs
[2023-06-18T14:56:58.338+0530] {logging_mixin.py:149} INFO - [2023-06-18T14:56:58.338+0530] {dag.py:3486} INFO - Setting next_dagrun for example_python_operator to None, run_after=None
[2023-06-18T14:56:58.355+0530] {processor.py:179} INFO - Processing /home/shubham/.local/lib/python3.10/site-packages/airflow/example_dags/example_python_operator.py took 0.055 seconds
[2023-06-18T14:57:41.357+0530] {processor.py:157} INFO - Started process (PID=4707) to work on /home/shubham/.local/lib/python3.10/site-packages/airflow/example_dags/example_python_operator.py
[2023-06-18T14:57:41.358+0530] {processor.py:826} INFO - Processing file /home/shubham/.local/lib/python3.10/site-packages/airflow/example_dags/example_python_operator.py for tasks to queue
[2023-06-18T14:57:41.359+0530] {logging_mixin.py:149} INFO - [2023-06-18T14:57:41.359+0530] {dagbag.py:541} INFO - Filling up the DagBag from /home/shubham/.local/lib/python3.10/site-packages/airflow/example_dags/example_python_operator.py
[2023-06-18T14:57:41.365+0530] {processor.py:836} INFO - DAG(s) dict_keys(['example_python_operator']) retrieved from /home/shubham/.local/lib/python3.10/site-packages/airflow/example_dags/example_python_operator.py
[2023-06-18T14:57:41.380+0530] {logging_mixin.py:149} INFO - [2023-06-18T14:57:41.380+0530] {dag.py:2726} INFO - Sync 1 DAGs
[2023-06-18T14:57:41.392+0530] {logging_mixin.py:149} INFO - [2023-06-18T14:57:41.392+0530] {dag.py:3486} INFO - Setting next_dagrun for example_python_operator to None, run_after=None
[2023-06-18T14:57:41.409+0530] {processor.py:179} INFO - Processing /home/shubham/.local/lib/python3.10/site-packages/airflow/example_dags/example_python_operator.py took 0.054 seconds
[2023-06-18T14:58:23.611+0530] {processor.py:157} INFO - Started process (PID=4752) to work on /home/shubham/.local/lib/python3.10/site-packages/airflow/example_dags/example_python_operator.py
[2023-06-18T14:58:23.613+0530] {processor.py:826} INFO - Processing file /home/shubham/.local/lib/python3.10/site-packages/airflow/example_dags/example_python_operator.py for tasks to queue
[2023-06-18T14:58:23.614+0530] {logging_mixin.py:149} INFO - [2023-06-18T14:58:23.613+0530] {dagbag.py:541} INFO - Filling up the DagBag from /home/shubham/.local/lib/python3.10/site-packages/airflow/example_dags/example_python_operator.py
[2023-06-18T14:58:23.621+0530] {processor.py:836} INFO - DAG(s) dict_keys(['example_python_operator']) retrieved from /home/shubham/.local/lib/python3.10/site-packages/airflow/example_dags/example_python_operator.py
[2023-06-18T14:58:23.636+0530] {logging_mixin.py:149} INFO - [2023-06-18T14:58:23.636+0530] {dag.py:2726} INFO - Sync 1 DAGs
[2023-06-18T14:58:23.653+0530] {logging_mixin.py:149} INFO - [2023-06-18T14:58:23.653+0530] {dag.py:3486} INFO - Setting next_dagrun for example_python_operator to None, run_after=None
[2023-06-18T14:58:23.671+0530] {processor.py:179} INFO - Processing /home/shubham/.local/lib/python3.10/site-packages/airflow/example_dags/example_python_operator.py took 0.062 seconds
[2023-06-18T14:59:05.252+0530] {processor.py:157} INFO - Started process (PID=4795) to work on /home/shubham/.local/lib/python3.10/site-packages/airflow/example_dags/example_python_operator.py
[2023-06-18T14:59:05.254+0530] {processor.py:826} INFO - Processing file /home/shubham/.local/lib/python3.10/site-packages/airflow/example_dags/example_python_operator.py for tasks to queue
[2023-06-18T14:59:05.254+0530] {logging_mixin.py:149} INFO - [2023-06-18T14:59:05.254+0530] {dagbag.py:541} INFO - Filling up the DagBag from /home/shubham/.local/lib/python3.10/site-packages/airflow/example_dags/example_python_operator.py
[2023-06-18T14:59:05.260+0530] {processor.py:836} INFO - DAG(s) dict_keys(['example_python_operator']) retrieved from /home/shubham/.local/lib/python3.10/site-packages/airflow/example_dags/example_python_operator.py
[2023-06-18T14:59:05.276+0530] {logging_mixin.py:149} INFO - [2023-06-18T14:59:05.276+0530] {dag.py:2726} INFO - Sync 1 DAGs
[2023-06-18T14:59:05.288+0530] {logging_mixin.py:149} INFO - [2023-06-18T14:59:05.288+0530] {dag.py:3486} INFO - Setting next_dagrun for example_python_operator to None, run_after=None
[2023-06-18T14:59:05.304+0530] {processor.py:179} INFO - Processing /home/shubham/.local/lib/python3.10/site-packages/airflow/example_dags/example_python_operator.py took 0.054 seconds
[2023-06-18T14:59:46.217+0530] {processor.py:157} INFO - Started process (PID=4841) to work on /home/shubham/.local/lib/python3.10/site-packages/airflow/example_dags/example_python_operator.py
[2023-06-18T14:59:46.218+0530] {processor.py:826} INFO - Processing file /home/shubham/.local/lib/python3.10/site-packages/airflow/example_dags/example_python_operator.py for tasks to queue
[2023-06-18T14:59:46.219+0530] {logging_mixin.py:149} INFO - [2023-06-18T14:59:46.218+0530] {dagbag.py:541} INFO - Filling up the DagBag from /home/shubham/.local/lib/python3.10/site-packages/airflow/example_dags/example_python_operator.py
[2023-06-18T14:59:46.225+0530] {processor.py:836} INFO - DAG(s) dict_keys(['example_python_operator']) retrieved from /home/shubham/.local/lib/python3.10/site-packages/airflow/example_dags/example_python_operator.py
[2023-06-18T14:59:46.239+0530] {logging_mixin.py:149} INFO - [2023-06-18T14:59:46.239+0530] {dag.py:2726} INFO - Sync 1 DAGs
[2023-06-18T14:59:46.252+0530] {logging_mixin.py:149} INFO - [2023-06-18T14:59:46.252+0530] {dag.py:3486} INFO - Setting next_dagrun for example_python_operator to None, run_after=None
[2023-06-18T14:59:46.268+0530] {processor.py:179} INFO - Processing /home/shubham/.local/lib/python3.10/site-packages/airflow/example_dags/example_python_operator.py took 0.053 seconds
[2023-06-18T15:00:31.261+0530] {processor.py:157} INFO - Started process (PID=4885) to work on /home/shubham/.local/lib/python3.10/site-packages/airflow/example_dags/example_python_operator.py
[2023-06-18T15:00:31.262+0530] {processor.py:826} INFO - Processing file /home/shubham/.local/lib/python3.10/site-packages/airflow/example_dags/example_python_operator.py for tasks to queue
[2023-06-18T15:00:31.262+0530] {logging_mixin.py:149} INFO - [2023-06-18T15:00:31.262+0530] {dagbag.py:541} INFO - Filling up the DagBag from /home/shubham/.local/lib/python3.10/site-packages/airflow/example_dags/example_python_operator.py
[2023-06-18T15:00:31.269+0530] {processor.py:836} INFO - DAG(s) dict_keys(['example_python_operator']) retrieved from /home/shubham/.local/lib/python3.10/site-packages/airflow/example_dags/example_python_operator.py
[2023-06-18T15:00:31.284+0530] {logging_mixin.py:149} INFO - [2023-06-18T15:00:31.284+0530] {dag.py:2726} INFO - Sync 1 DAGs
[2023-06-18T15:00:31.296+0530] {logging_mixin.py:149} INFO - [2023-06-18T15:00:31.296+0530] {dag.py:3486} INFO - Setting next_dagrun for example_python_operator to None, run_after=None
[2023-06-18T15:00:31.312+0530] {processor.py:179} INFO - Processing /home/shubham/.local/lib/python3.10/site-packages/airflow/example_dags/example_python_operator.py took 0.054 seconds
[2023-06-18T15:01:17.106+0530] {processor.py:157} INFO - Started process (PID=4933) to work on /home/shubham/.local/lib/python3.10/site-packages/airflow/example_dags/example_python_operator.py
[2023-06-18T15:01:17.108+0530] {processor.py:826} INFO - Processing file /home/shubham/.local/lib/python3.10/site-packages/airflow/example_dags/example_python_operator.py for tasks to queue
[2023-06-18T15:01:17.108+0530] {logging_mixin.py:149} INFO - [2023-06-18T15:01:17.108+0530] {dagbag.py:541} INFO - Filling up the DagBag from /home/shubham/.local/lib/python3.10/site-packages/airflow/example_dags/example_python_operator.py
[2023-06-18T15:01:17.115+0530] {processor.py:836} INFO - DAG(s) dict_keys(['example_python_operator']) retrieved from /home/shubham/.local/lib/python3.10/site-packages/airflow/example_dags/example_python_operator.py
[2023-06-18T15:01:17.130+0530] {logging_mixin.py:149} INFO - [2023-06-18T15:01:17.129+0530] {dag.py:2726} INFO - Sync 1 DAGs
[2023-06-18T15:01:17.142+0530] {logging_mixin.py:149} INFO - [2023-06-18T15:01:17.142+0530] {dag.py:3486} INFO - Setting next_dagrun for example_python_operator to None, run_after=None
[2023-06-18T15:01:17.159+0530] {processor.py:179} INFO - Processing /home/shubham/.local/lib/python3.10/site-packages/airflow/example_dags/example_python_operator.py took 0.055 seconds
[2023-06-18T15:02:04.806+0530] {processor.py:157} INFO - Started process (PID=4981) to work on /home/shubham/.local/lib/python3.10/site-packages/airflow/example_dags/example_python_operator.py
[2023-06-18T15:02:04.808+0530] {processor.py:826} INFO - Processing file /home/shubham/.local/lib/python3.10/site-packages/airflow/example_dags/example_python_operator.py for tasks to queue
[2023-06-18T15:02:04.808+0530] {logging_mixin.py:149} INFO - [2023-06-18T15:02:04.808+0530] {dagbag.py:541} INFO - Filling up the DagBag from /home/shubham/.local/lib/python3.10/site-packages/airflow/example_dags/example_python_operator.py
[2023-06-18T15:02:04.815+0530] {processor.py:836} INFO - DAG(s) dict_keys(['example_python_operator']) retrieved from /home/shubham/.local/lib/python3.10/site-packages/airflow/example_dags/example_python_operator.py
[2023-06-18T15:02:04.829+0530] {logging_mixin.py:149} INFO - [2023-06-18T15:02:04.829+0530] {dag.py:2726} INFO - Sync 1 DAGs
[2023-06-18T15:02:04.841+0530] {logging_mixin.py:149} INFO - [2023-06-18T15:02:04.841+0530] {dag.py:3486} INFO - Setting next_dagrun for example_python_operator to None, run_after=None
[2023-06-18T15:02:04.856+0530] {processor.py:179} INFO - Processing /home/shubham/.local/lib/python3.10/site-packages/airflow/example_dags/example_python_operator.py took 0.052 seconds
[2023-06-18T15:02:46.916+0530] {processor.py:157} INFO - Started process (PID=5027) to work on /home/shubham/.local/lib/python3.10/site-packages/airflow/example_dags/example_python_operator.py
[2023-06-18T15:02:46.917+0530] {processor.py:826} INFO - Processing file /home/shubham/.local/lib/python3.10/site-packages/airflow/example_dags/example_python_operator.py for tasks to queue
[2023-06-18T15:02:46.918+0530] {logging_mixin.py:149} INFO - [2023-06-18T15:02:46.918+0530] {dagbag.py:541} INFO - Filling up the DagBag from /home/shubham/.local/lib/python3.10/site-packages/airflow/example_dags/example_python_operator.py
[2023-06-18T15:02:46.924+0530] {processor.py:836} INFO - DAG(s) dict_keys(['example_python_operator']) retrieved from /home/shubham/.local/lib/python3.10/site-packages/airflow/example_dags/example_python_operator.py
[2023-06-18T15:02:46.939+0530] {logging_mixin.py:149} INFO - [2023-06-18T15:02:46.939+0530] {dag.py:2726} INFO - Sync 1 DAGs
[2023-06-18T15:02:46.951+0530] {logging_mixin.py:149} INFO - [2023-06-18T15:02:46.951+0530] {dag.py:3486} INFO - Setting next_dagrun for example_python_operator to None, run_after=None
[2023-06-18T15:02:46.967+0530] {processor.py:179} INFO - Processing /home/shubham/.local/lib/python3.10/site-packages/airflow/example_dags/example_python_operator.py took 0.053 seconds
[2023-06-18T15:03:31.681+0530] {processor.py:157} INFO - Started process (PID=5074) to work on /home/shubham/.local/lib/python3.10/site-packages/airflow/example_dags/example_python_operator.py
[2023-06-18T15:03:31.682+0530] {processor.py:826} INFO - Processing file /home/shubham/.local/lib/python3.10/site-packages/airflow/example_dags/example_python_operator.py for tasks to queue
[2023-06-18T15:03:31.682+0530] {logging_mixin.py:149} INFO - [2023-06-18T15:03:31.682+0530] {dagbag.py:541} INFO - Filling up the DagBag from /home/shubham/.local/lib/python3.10/site-packages/airflow/example_dags/example_python_operator.py
[2023-06-18T15:03:31.689+0530] {processor.py:836} INFO - DAG(s) dict_keys(['example_python_operator']) retrieved from /home/shubham/.local/lib/python3.10/site-packages/airflow/example_dags/example_python_operator.py
[2023-06-18T15:03:31.704+0530] {logging_mixin.py:149} INFO - [2023-06-18T15:03:31.704+0530] {dag.py:2726} INFO - Sync 1 DAGs
[2023-06-18T15:03:31.717+0530] {logging_mixin.py:149} INFO - [2023-06-18T15:03:31.717+0530] {dag.py:3486} INFO - Setting next_dagrun for example_python_operator to None, run_after=None
[2023-06-18T15:03:31.733+0530] {processor.py:179} INFO - Processing /home/shubham/.local/lib/python3.10/site-packages/airflow/example_dags/example_python_operator.py took 0.054 seconds
[2023-06-18T15:04:17.993+0530] {processor.py:157} INFO - Started process (PID=5120) to work on /home/shubham/.local/lib/python3.10/site-packages/airflow/example_dags/example_python_operator.py
[2023-06-18T15:04:17.995+0530] {processor.py:826} INFO - Processing file /home/shubham/.local/lib/python3.10/site-packages/airflow/example_dags/example_python_operator.py for tasks to queue
[2023-06-18T15:04:17.995+0530] {logging_mixin.py:149} INFO - [2023-06-18T15:04:17.995+0530] {dagbag.py:541} INFO - Filling up the DagBag from /home/shubham/.local/lib/python3.10/site-packages/airflow/example_dags/example_python_operator.py
[2023-06-18T15:04:18.001+0530] {processor.py:836} INFO - DAG(s) dict_keys(['example_python_operator']) retrieved from /home/shubham/.local/lib/python3.10/site-packages/airflow/example_dags/example_python_operator.py
[2023-06-18T15:04:18.017+0530] {logging_mixin.py:149} INFO - [2023-06-18T15:04:18.017+0530] {dag.py:2726} INFO - Sync 1 DAGs
[2023-06-18T15:04:18.029+0530] {logging_mixin.py:149} INFO - [2023-06-18T15:04:18.028+0530] {dag.py:3486} INFO - Setting next_dagrun for example_python_operator to None, run_after=None
[2023-06-18T15:04:18.045+0530] {processor.py:179} INFO - Processing /home/shubham/.local/lib/python3.10/site-packages/airflow/example_dags/example_python_operator.py took 0.054 seconds
[2023-06-18T15:05:00.361+0530] {processor.py:157} INFO - Started process (PID=5165) to work on /home/shubham/.local/lib/python3.10/site-packages/airflow/example_dags/example_python_operator.py
[2023-06-18T15:05:00.362+0530] {processor.py:826} INFO - Processing file /home/shubham/.local/lib/python3.10/site-packages/airflow/example_dags/example_python_operator.py for tasks to queue
[2023-06-18T15:05:00.363+0530] {logging_mixin.py:149} INFO - [2023-06-18T15:05:00.363+0530] {dagbag.py:541} INFO - Filling up the DagBag from /home/shubham/.local/lib/python3.10/site-packages/airflow/example_dags/example_python_operator.py
[2023-06-18T15:05:00.369+0530] {processor.py:836} INFO - DAG(s) dict_keys(['example_python_operator']) retrieved from /home/shubham/.local/lib/python3.10/site-packages/airflow/example_dags/example_python_operator.py
[2023-06-18T15:05:00.385+0530] {logging_mixin.py:149} INFO - [2023-06-18T15:05:00.384+0530] {dag.py:2726} INFO - Sync 1 DAGs
[2023-06-18T15:05:00.398+0530] {logging_mixin.py:149} INFO - [2023-06-18T15:05:00.397+0530] {dag.py:3486} INFO - Setting next_dagrun for example_python_operator to None, run_after=None
[2023-06-18T15:05:00.413+0530] {processor.py:179} INFO - Processing /home/shubham/.local/lib/python3.10/site-packages/airflow/example_dags/example_python_operator.py took 0.055 seconds
[2023-06-18T15:05:43.812+0530] {processor.py:157} INFO - Started process (PID=5211) to work on /home/shubham/.local/lib/python3.10/site-packages/airflow/example_dags/example_python_operator.py
[2023-06-18T15:05:43.813+0530] {processor.py:826} INFO - Processing file /home/shubham/.local/lib/python3.10/site-packages/airflow/example_dags/example_python_operator.py for tasks to queue
[2023-06-18T15:05:43.814+0530] {logging_mixin.py:149} INFO - [2023-06-18T15:05:43.814+0530] {dagbag.py:541} INFO - Filling up the DagBag from /home/shubham/.local/lib/python3.10/site-packages/airflow/example_dags/example_python_operator.py
[2023-06-18T15:05:43.820+0530] {processor.py:836} INFO - DAG(s) dict_keys(['example_python_operator']) retrieved from /home/shubham/.local/lib/python3.10/site-packages/airflow/example_dags/example_python_operator.py
[2023-06-18T15:05:43.835+0530] {logging_mixin.py:149} INFO - [2023-06-18T15:05:43.835+0530] {dag.py:2726} INFO - Sync 1 DAGs
[2023-06-18T15:05:43.847+0530] {logging_mixin.py:149} INFO - [2023-06-18T15:05:43.847+0530] {dag.py:3486} INFO - Setting next_dagrun for example_python_operator to None, run_after=None
[2023-06-18T15:05:43.863+0530] {processor.py:179} INFO - Processing /home/shubham/.local/lib/python3.10/site-packages/airflow/example_dags/example_python_operator.py took 0.053 seconds
[2023-06-18T15:06:24.998+0530] {processor.py:157} INFO - Started process (PID=5254) to work on /home/shubham/.local/lib/python3.10/site-packages/airflow/example_dags/example_python_operator.py
[2023-06-18T15:06:24.999+0530] {processor.py:826} INFO - Processing file /home/shubham/.local/lib/python3.10/site-packages/airflow/example_dags/example_python_operator.py for tasks to queue
[2023-06-18T15:06:25.000+0530] {logging_mixin.py:149} INFO - [2023-06-18T15:06:25.000+0530] {dagbag.py:541} INFO - Filling up the DagBag from /home/shubham/.local/lib/python3.10/site-packages/airflow/example_dags/example_python_operator.py
[2023-06-18T15:06:25.006+0530] {processor.py:836} INFO - DAG(s) dict_keys(['example_python_operator']) retrieved from /home/shubham/.local/lib/python3.10/site-packages/airflow/example_dags/example_python_operator.py
[2023-06-18T15:06:25.021+0530] {logging_mixin.py:149} INFO - [2023-06-18T15:06:25.020+0530] {dag.py:2726} INFO - Sync 1 DAGs
[2023-06-18T15:06:25.032+0530] {logging_mixin.py:149} INFO - [2023-06-18T15:06:25.032+0530] {dag.py:3486} INFO - Setting next_dagrun for example_python_operator to None, run_after=None
[2023-06-18T15:06:25.048+0530] {processor.py:179} INFO - Processing /home/shubham/.local/lib/python3.10/site-packages/airflow/example_dags/example_python_operator.py took 0.052 seconds
[2023-06-18T15:07:16.828+0530] {processor.py:157} INFO - Started process (PID=5304) to work on /home/shubham/.local/lib/python3.10/site-packages/airflow/example_dags/example_python_operator.py
[2023-06-18T15:07:16.830+0530] {processor.py:826} INFO - Processing file /home/shubham/.local/lib/python3.10/site-packages/airflow/example_dags/example_python_operator.py for tasks to queue
[2023-06-18T15:07:16.831+0530] {logging_mixin.py:149} INFO - [2023-06-18T15:07:16.831+0530] {dagbag.py:541} INFO - Filling up the DagBag from /home/shubham/.local/lib/python3.10/site-packages/airflow/example_dags/example_python_operator.py
[2023-06-18T15:07:16.839+0530] {processor.py:836} INFO - DAG(s) dict_keys(['example_python_operator']) retrieved from /home/shubham/.local/lib/python3.10/site-packages/airflow/example_dags/example_python_operator.py
[2023-06-18T15:07:16.857+0530] {logging_mixin.py:149} INFO - [2023-06-18T15:07:16.857+0530] {dag.py:2726} INFO - Sync 1 DAGs
[2023-06-18T15:07:16.874+0530] {logging_mixin.py:149} INFO - [2023-06-18T15:07:16.873+0530] {dag.py:3486} INFO - Setting next_dagrun for example_python_operator to None, run_after=None
[2023-06-18T15:07:16.899+0530] {processor.py:179} INFO - Processing /home/shubham/.local/lib/python3.10/site-packages/airflow/example_dags/example_python_operator.py took 0.073 seconds
[2023-06-18T15:08:02.404+0530] {processor.py:157} INFO - Started process (PID=5351) to work on /home/shubham/.local/lib/python3.10/site-packages/airflow/example_dags/example_python_operator.py
[2023-06-18T15:08:02.406+0530] {processor.py:826} INFO - Processing file /home/shubham/.local/lib/python3.10/site-packages/airflow/example_dags/example_python_operator.py for tasks to queue
[2023-06-18T15:08:02.407+0530] {logging_mixin.py:149} INFO - [2023-06-18T15:08:02.406+0530] {dagbag.py:541} INFO - Filling up the DagBag from /home/shubham/.local/lib/python3.10/site-packages/airflow/example_dags/example_python_operator.py
[2023-06-18T15:08:02.416+0530] {processor.py:836} INFO - DAG(s) dict_keys(['example_python_operator']) retrieved from /home/shubham/.local/lib/python3.10/site-packages/airflow/example_dags/example_python_operator.py
[2023-06-18T15:08:02.436+0530] {logging_mixin.py:149} INFO - [2023-06-18T15:08:02.436+0530] {dag.py:2726} INFO - Sync 1 DAGs
[2023-06-18T15:08:02.454+0530] {logging_mixin.py:149} INFO - [2023-06-18T15:08:02.454+0530] {dag.py:3486} INFO - Setting next_dagrun for example_python_operator to None, run_after=None
[2023-06-18T15:08:02.479+0530] {processor.py:179} INFO - Processing /home/shubham/.local/lib/python3.10/site-packages/airflow/example_dags/example_python_operator.py took 0.079 seconds
[2023-06-18T15:08:45.798+0530] {processor.py:157} INFO - Started process (PID=5397) to work on /home/shubham/.local/lib/python3.10/site-packages/airflow/example_dags/example_python_operator.py
[2023-06-18T15:08:45.800+0530] {processor.py:826} INFO - Processing file /home/shubham/.local/lib/python3.10/site-packages/airflow/example_dags/example_python_operator.py for tasks to queue
[2023-06-18T15:08:45.801+0530] {logging_mixin.py:149} INFO - [2023-06-18T15:08:45.801+0530] {dagbag.py:541} INFO - Filling up the DagBag from /home/shubham/.local/lib/python3.10/site-packages/airflow/example_dags/example_python_operator.py
[2023-06-18T15:08:45.809+0530] {processor.py:836} INFO - DAG(s) dict_keys(['example_python_operator']) retrieved from /home/shubham/.local/lib/python3.10/site-packages/airflow/example_dags/example_python_operator.py
[2023-06-18T15:08:45.827+0530] {logging_mixin.py:149} INFO - [2023-06-18T15:08:45.827+0530] {dag.py:2726} INFO - Sync 1 DAGs
[2023-06-18T15:08:45.842+0530] {logging_mixin.py:149} INFO - [2023-06-18T15:08:45.842+0530] {dag.py:3486} INFO - Setting next_dagrun for example_python_operator to None, run_after=None
[2023-06-18T15:08:45.865+0530] {processor.py:179} INFO - Processing /home/shubham/.local/lib/python3.10/site-packages/airflow/example_dags/example_python_operator.py took 0.069 seconds
[2023-06-18T15:09:29.361+0530] {processor.py:157} INFO - Started process (PID=5443) to work on /home/shubham/.local/lib/python3.10/site-packages/airflow/example_dags/example_python_operator.py
[2023-06-18T15:09:29.364+0530] {processor.py:826} INFO - Processing file /home/shubham/.local/lib/python3.10/site-packages/airflow/example_dags/example_python_operator.py for tasks to queue
[2023-06-18T15:09:29.364+0530] {logging_mixin.py:149} INFO - [2023-06-18T15:09:29.364+0530] {dagbag.py:541} INFO - Filling up the DagBag from /home/shubham/.local/lib/python3.10/site-packages/airflow/example_dags/example_python_operator.py
[2023-06-18T15:09:29.374+0530] {processor.py:836} INFO - DAG(s) dict_keys(['example_python_operator']) retrieved from /home/shubham/.local/lib/python3.10/site-packages/airflow/example_dags/example_python_operator.py
[2023-06-18T15:09:29.394+0530] {logging_mixin.py:149} INFO - [2023-06-18T15:09:29.394+0530] {dag.py:2726} INFO - Sync 1 DAGs
[2023-06-18T15:09:29.411+0530] {logging_mixin.py:149} INFO - [2023-06-18T15:09:29.411+0530] {dag.py:3486} INFO - Setting next_dagrun for example_python_operator to None, run_after=None
[2023-06-18T15:09:29.437+0530] {processor.py:179} INFO - Processing /home/shubham/.local/lib/python3.10/site-packages/airflow/example_dags/example_python_operator.py took 0.079 seconds
[2023-06-18T15:10:14.573+0530] {processor.py:157} INFO - Started process (PID=5489) to work on /home/shubham/.local/lib/python3.10/site-packages/airflow/example_dags/example_python_operator.py
[2023-06-18T15:10:14.576+0530] {processor.py:826} INFO - Processing file /home/shubham/.local/lib/python3.10/site-packages/airflow/example_dags/example_python_operator.py for tasks to queue
[2023-06-18T15:10:14.576+0530] {logging_mixin.py:149} INFO - [2023-06-18T15:10:14.576+0530] {dagbag.py:541} INFO - Filling up the DagBag from /home/shubham/.local/lib/python3.10/site-packages/airflow/example_dags/example_python_operator.py
[2023-06-18T15:10:14.585+0530] {processor.py:836} INFO - DAG(s) dict_keys(['example_python_operator']) retrieved from /home/shubham/.local/lib/python3.10/site-packages/airflow/example_dags/example_python_operator.py
[2023-06-18T15:10:14.606+0530] {logging_mixin.py:149} INFO - [2023-06-18T15:10:14.606+0530] {dag.py:2726} INFO - Sync 1 DAGs
[2023-06-18T15:10:14.624+0530] {logging_mixin.py:149} INFO - [2023-06-18T15:10:14.624+0530] {dag.py:3486} INFO - Setting next_dagrun for example_python_operator to None, run_after=None
[2023-06-18T15:10:14.650+0530] {processor.py:179} INFO - Processing /home/shubham/.local/lib/python3.10/site-packages/airflow/example_dags/example_python_operator.py took 0.080 seconds
[2023-06-18T15:10:56.906+0530] {processor.py:157} INFO - Started process (PID=5533) to work on /home/shubham/.local/lib/python3.10/site-packages/airflow/example_dags/example_python_operator.py
[2023-06-18T15:10:56.908+0530] {processor.py:826} INFO - Processing file /home/shubham/.local/lib/python3.10/site-packages/airflow/example_dags/example_python_operator.py for tasks to queue
[2023-06-18T15:10:56.908+0530] {logging_mixin.py:149} INFO - [2023-06-18T15:10:56.908+0530] {dagbag.py:541} INFO - Filling up the DagBag from /home/shubham/.local/lib/python3.10/site-packages/airflow/example_dags/example_python_operator.py
[2023-06-18T15:10:56.918+0530] {processor.py:836} INFO - DAG(s) dict_keys(['example_python_operator']) retrieved from /home/shubham/.local/lib/python3.10/site-packages/airflow/example_dags/example_python_operator.py
[2023-06-18T15:10:56.940+0530] {logging_mixin.py:149} INFO - [2023-06-18T15:10:56.940+0530] {dag.py:2726} INFO - Sync 1 DAGs
[2023-06-18T15:10:56.959+0530] {logging_mixin.py:149} INFO - [2023-06-18T15:10:56.958+0530] {dag.py:3486} INFO - Setting next_dagrun for example_python_operator to None, run_after=None
[2023-06-18T15:10:56.986+0530] {processor.py:179} INFO - Processing /home/shubham/.local/lib/python3.10/site-packages/airflow/example_dags/example_python_operator.py took 0.083 seconds
[2023-06-18T15:11:38.345+0530] {processor.py:157} INFO - Started process (PID=5578) to work on /home/shubham/.local/lib/python3.10/site-packages/airflow/example_dags/example_python_operator.py
[2023-06-18T15:11:38.347+0530] {processor.py:826} INFO - Processing file /home/shubham/.local/lib/python3.10/site-packages/airflow/example_dags/example_python_operator.py for tasks to queue
[2023-06-18T15:11:38.348+0530] {logging_mixin.py:149} INFO - [2023-06-18T15:11:38.347+0530] {dagbag.py:541} INFO - Filling up the DagBag from /home/shubham/.local/lib/python3.10/site-packages/airflow/example_dags/example_python_operator.py
[2023-06-18T15:11:38.357+0530] {processor.py:836} INFO - DAG(s) dict_keys(['example_python_operator']) retrieved from /home/shubham/.local/lib/python3.10/site-packages/airflow/example_dags/example_python_operator.py
[2023-06-18T15:11:38.379+0530] {logging_mixin.py:149} INFO - [2023-06-18T15:11:38.379+0530] {dag.py:2726} INFO - Sync 1 DAGs
[2023-06-18T15:11:38.399+0530] {logging_mixin.py:149} INFO - [2023-06-18T15:11:38.399+0530] {dag.py:3486} INFO - Setting next_dagrun for example_python_operator to None, run_after=None
[2023-06-18T15:11:38.425+0530] {processor.py:179} INFO - Processing /home/shubham/.local/lib/python3.10/site-packages/airflow/example_dags/example_python_operator.py took 0.084 seconds
[2023-06-18T15:12:21.323+0530] {processor.py:157} INFO - Started process (PID=5622) to work on /home/shubham/.local/lib/python3.10/site-packages/airflow/example_dags/example_python_operator.py
[2023-06-18T15:12:21.325+0530] {processor.py:826} INFO - Processing file /home/shubham/.local/lib/python3.10/site-packages/airflow/example_dags/example_python_operator.py for tasks to queue
[2023-06-18T15:12:21.326+0530] {logging_mixin.py:149} INFO - [2023-06-18T15:12:21.326+0530] {dagbag.py:541} INFO - Filling up the DagBag from /home/shubham/.local/lib/python3.10/site-packages/airflow/example_dags/example_python_operator.py
[2023-06-18T15:12:21.335+0530] {processor.py:836} INFO - DAG(s) dict_keys(['example_python_operator']) retrieved from /home/shubham/.local/lib/python3.10/site-packages/airflow/example_dags/example_python_operator.py
[2023-06-18T15:12:21.357+0530] {logging_mixin.py:149} INFO - [2023-06-18T15:12:21.357+0530] {dag.py:2726} INFO - Sync 1 DAGs
[2023-06-18T15:12:21.375+0530] {logging_mixin.py:149} INFO - [2023-06-18T15:12:21.374+0530] {dag.py:3486} INFO - Setting next_dagrun for example_python_operator to None, run_after=None
[2023-06-18T15:12:21.399+0530] {processor.py:179} INFO - Processing /home/shubham/.local/lib/python3.10/site-packages/airflow/example_dags/example_python_operator.py took 0.080 seconds
[2023-06-18T15:13:01.300+0530] {processor.py:157} INFO - Started process (PID=5664) to work on /home/shubham/.local/lib/python3.10/site-packages/airflow/example_dags/example_python_operator.py
[2023-06-18T15:13:01.302+0530] {processor.py:826} INFO - Processing file /home/shubham/.local/lib/python3.10/site-packages/airflow/example_dags/example_python_operator.py for tasks to queue
[2023-06-18T15:13:01.302+0530] {logging_mixin.py:149} INFO - [2023-06-18T15:13:01.302+0530] {dagbag.py:541} INFO - Filling up the DagBag from /home/shubham/.local/lib/python3.10/site-packages/airflow/example_dags/example_python_operator.py
[2023-06-18T15:13:01.312+0530] {processor.py:836} INFO - DAG(s) dict_keys(['example_python_operator']) retrieved from /home/shubham/.local/lib/python3.10/site-packages/airflow/example_dags/example_python_operator.py
[2023-06-18T15:13:01.333+0530] {logging_mixin.py:149} INFO - [2023-06-18T15:13:01.332+0530] {dag.py:2726} INFO - Sync 1 DAGs
[2023-06-18T15:13:01.350+0530] {logging_mixin.py:149} INFO - [2023-06-18T15:13:01.350+0530] {dag.py:3486} INFO - Setting next_dagrun for example_python_operator to None, run_after=None
[2023-06-18T15:13:01.374+0530] {processor.py:179} INFO - Processing /home/shubham/.local/lib/python3.10/site-packages/airflow/example_dags/example_python_operator.py took 0.077 seconds
[2023-06-18T15:13:43.713+0530] {processor.py:157} INFO - Started process (PID=5709) to work on /home/shubham/.local/lib/python3.10/site-packages/airflow/example_dags/example_python_operator.py
[2023-06-18T15:13:43.715+0530] {processor.py:826} INFO - Processing file /home/shubham/.local/lib/python3.10/site-packages/airflow/example_dags/example_python_operator.py for tasks to queue
[2023-06-18T15:13:43.715+0530] {logging_mixin.py:149} INFO - [2023-06-18T15:13:43.715+0530] {dagbag.py:541} INFO - Filling up the DagBag from /home/shubham/.local/lib/python3.10/site-packages/airflow/example_dags/example_python_operator.py
[2023-06-18T15:13:43.724+0530] {processor.py:836} INFO - DAG(s) dict_keys(['example_python_operator']) retrieved from /home/shubham/.local/lib/python3.10/site-packages/airflow/example_dags/example_python_operator.py
[2023-06-18T15:13:43.745+0530] {logging_mixin.py:149} INFO - [2023-06-18T15:13:43.745+0530] {dag.py:2726} INFO - Sync 1 DAGs
[2023-06-18T15:13:43.761+0530] {logging_mixin.py:149} INFO - [2023-06-18T15:13:43.761+0530] {dag.py:3486} INFO - Setting next_dagrun for example_python_operator to None, run_after=None
[2023-06-18T15:13:43.783+0530] {processor.py:179} INFO - Processing /home/shubham/.local/lib/python3.10/site-packages/airflow/example_dags/example_python_operator.py took 0.074 seconds
[2023-06-18T15:14:31.106+0530] {processor.py:157} INFO - Started process (PID=5757) to work on /home/shubham/.local/lib/python3.10/site-packages/airflow/example_dags/example_python_operator.py
[2023-06-18T15:14:31.109+0530] {processor.py:826} INFO - Processing file /home/shubham/.local/lib/python3.10/site-packages/airflow/example_dags/example_python_operator.py for tasks to queue
[2023-06-18T15:14:31.109+0530] {logging_mixin.py:149} INFO - [2023-06-18T15:14:31.109+0530] {dagbag.py:541} INFO - Filling up the DagBag from /home/shubham/.local/lib/python3.10/site-packages/airflow/example_dags/example_python_operator.py
[2023-06-18T15:14:31.117+0530] {processor.py:836} INFO - DAG(s) dict_keys(['example_python_operator']) retrieved from /home/shubham/.local/lib/python3.10/site-packages/airflow/example_dags/example_python_operator.py
[2023-06-18T15:14:31.136+0530] {logging_mixin.py:149} INFO - [2023-06-18T15:14:31.136+0530] {dag.py:2726} INFO - Sync 1 DAGs
[2023-06-18T15:14:31.152+0530] {logging_mixin.py:149} INFO - [2023-06-18T15:14:31.152+0530] {dag.py:3486} INFO - Setting next_dagrun for example_python_operator to None, run_after=None
[2023-06-18T15:14:31.174+0530] {processor.py:179} INFO - Processing /home/shubham/.local/lib/python3.10/site-packages/airflow/example_dags/example_python_operator.py took 0.071 seconds
[2023-06-18T15:15:15.869+0530] {processor.py:157} INFO - Started process (PID=5803) to work on /home/shubham/.local/lib/python3.10/site-packages/airflow/example_dags/example_python_operator.py
[2023-06-18T15:15:15.871+0530] {processor.py:826} INFO - Processing file /home/shubham/.local/lib/python3.10/site-packages/airflow/example_dags/example_python_operator.py for tasks to queue
[2023-06-18T15:15:15.872+0530] {logging_mixin.py:149} INFO - [2023-06-18T15:15:15.872+0530] {dagbag.py:541} INFO - Filling up the DagBag from /home/shubham/.local/lib/python3.10/site-packages/airflow/example_dags/example_python_operator.py
[2023-06-18T15:15:15.880+0530] {processor.py:836} INFO - DAG(s) dict_keys(['example_python_operator']) retrieved from /home/shubham/.local/lib/python3.10/site-packages/airflow/example_dags/example_python_operator.py
[2023-06-18T15:15:15.899+0530] {logging_mixin.py:149} INFO - [2023-06-18T15:15:15.899+0530] {dag.py:2726} INFO - Sync 1 DAGs
[2023-06-18T15:15:15.915+0530] {logging_mixin.py:149} INFO - [2023-06-18T15:15:15.915+0530] {dag.py:3486} INFO - Setting next_dagrun for example_python_operator to None, run_after=None
[2023-06-18T15:15:15.939+0530] {processor.py:179} INFO - Processing /home/shubham/.local/lib/python3.10/site-packages/airflow/example_dags/example_python_operator.py took 0.072 seconds
[2023-06-18T15:16:00.435+0530] {processor.py:157} INFO - Started process (PID=5849) to work on /home/shubham/.local/lib/python3.10/site-packages/airflow/example_dags/example_python_operator.py
[2023-06-18T15:16:00.438+0530] {processor.py:826} INFO - Processing file /home/shubham/.local/lib/python3.10/site-packages/airflow/example_dags/example_python_operator.py for tasks to queue
[2023-06-18T15:16:00.438+0530] {logging_mixin.py:149} INFO - [2023-06-18T15:16:00.438+0530] {dagbag.py:541} INFO - Filling up the DagBag from /home/shubham/.local/lib/python3.10/site-packages/airflow/example_dags/example_python_operator.py
[2023-06-18T15:16:00.448+0530] {processor.py:836} INFO - DAG(s) dict_keys(['example_python_operator']) retrieved from /home/shubham/.local/lib/python3.10/site-packages/airflow/example_dags/example_python_operator.py
[2023-06-18T15:16:00.469+0530] {logging_mixin.py:149} INFO - [2023-06-18T15:16:00.468+0530] {dag.py:2726} INFO - Sync 1 DAGs
[2023-06-18T15:16:00.487+0530] {logging_mixin.py:149} INFO - [2023-06-18T15:16:00.487+0530] {dag.py:3486} INFO - Setting next_dagrun for example_python_operator to None, run_after=None
[2023-06-18T15:16:00.511+0530] {processor.py:179} INFO - Processing /home/shubham/.local/lib/python3.10/site-packages/airflow/example_dags/example_python_operator.py took 0.079 seconds
[2023-06-18T15:16:45.508+0530] {processor.py:157} INFO - Started process (PID=5896) to work on /home/shubham/.local/lib/python3.10/site-packages/airflow/example_dags/example_python_operator.py
[2023-06-18T15:16:45.510+0530] {processor.py:826} INFO - Processing file /home/shubham/.local/lib/python3.10/site-packages/airflow/example_dags/example_python_operator.py for tasks to queue
[2023-06-18T15:16:45.510+0530] {logging_mixin.py:149} INFO - [2023-06-18T15:16:45.510+0530] {dagbag.py:541} INFO - Filling up the DagBag from /home/shubham/.local/lib/python3.10/site-packages/airflow/example_dags/example_python_operator.py
[2023-06-18T15:16:45.520+0530] {processor.py:836} INFO - DAG(s) dict_keys(['example_python_operator']) retrieved from /home/shubham/.local/lib/python3.10/site-packages/airflow/example_dags/example_python_operator.py
[2023-06-18T15:16:45.541+0530] {logging_mixin.py:149} INFO - [2023-06-18T15:16:45.540+0530] {dag.py:2726} INFO - Sync 1 DAGs
[2023-06-18T15:16:45.559+0530] {logging_mixin.py:149} INFO - [2023-06-18T15:16:45.559+0530] {dag.py:3486} INFO - Setting next_dagrun for example_python_operator to None, run_after=None
[2023-06-18T15:16:45.584+0530] {processor.py:179} INFO - Processing /home/shubham/.local/lib/python3.10/site-packages/airflow/example_dags/example_python_operator.py took 0.080 seconds
[2023-06-18T15:17:26.708+0530] {processor.py:157} INFO - Started process (PID=5940) to work on /home/shubham/.local/lib/python3.10/site-packages/airflow/example_dags/example_python_operator.py
[2023-06-18T15:17:26.710+0530] {processor.py:826} INFO - Processing file /home/shubham/.local/lib/python3.10/site-packages/airflow/example_dags/example_python_operator.py for tasks to queue
[2023-06-18T15:17:26.711+0530] {logging_mixin.py:149} INFO - [2023-06-18T15:17:26.711+0530] {dagbag.py:541} INFO - Filling up the DagBag from /home/shubham/.local/lib/python3.10/site-packages/airflow/example_dags/example_python_operator.py
[2023-06-18T15:17:26.722+0530] {processor.py:836} INFO - DAG(s) dict_keys(['example_python_operator']) retrieved from /home/shubham/.local/lib/python3.10/site-packages/airflow/example_dags/example_python_operator.py
[2023-06-18T15:17:26.743+0530] {logging_mixin.py:149} INFO - [2023-06-18T15:17:26.743+0530] {dag.py:2726} INFO - Sync 1 DAGs
[2023-06-18T15:17:26.759+0530] {logging_mixin.py:149} INFO - [2023-06-18T15:17:26.758+0530] {dag.py:3486} INFO - Setting next_dagrun for example_python_operator to None, run_after=None
[2023-06-18T15:17:26.782+0530] {processor.py:179} INFO - Processing /home/shubham/.local/lib/python3.10/site-packages/airflow/example_dags/example_python_operator.py took 0.079 seconds
[2023-06-18T15:18:10.427+0530] {processor.py:157} INFO - Started process (PID=5986) to work on /home/shubham/.local/lib/python3.10/site-packages/airflow/example_dags/example_python_operator.py
[2023-06-18T15:18:10.429+0530] {processor.py:826} INFO - Processing file /home/shubham/.local/lib/python3.10/site-packages/airflow/example_dags/example_python_operator.py for tasks to queue
[2023-06-18T15:18:10.429+0530] {logging_mixin.py:149} INFO - [2023-06-18T15:18:10.429+0530] {dagbag.py:541} INFO - Filling up the DagBag from /home/shubham/.local/lib/python3.10/site-packages/airflow/example_dags/example_python_operator.py
[2023-06-18T15:18:10.439+0530] {processor.py:836} INFO - DAG(s) dict_keys(['example_python_operator']) retrieved from /home/shubham/.local/lib/python3.10/site-packages/airflow/example_dags/example_python_operator.py
[2023-06-18T15:18:10.459+0530] {logging_mixin.py:149} INFO - [2023-06-18T15:18:10.459+0530] {dag.py:2726} INFO - Sync 1 DAGs
[2023-06-18T15:18:10.477+0530] {logging_mixin.py:149} INFO - [2023-06-18T15:18:10.477+0530] {dag.py:3486} INFO - Setting next_dagrun for example_python_operator to None, run_after=None
[2023-06-18T15:18:10.502+0530] {processor.py:179} INFO - Processing /home/shubham/.local/lib/python3.10/site-packages/airflow/example_dags/example_python_operator.py took 0.079 seconds
[2023-06-18T15:18:54.357+0530] {processor.py:157} INFO - Started process (PID=6032) to work on /home/shubham/.local/lib/python3.10/site-packages/airflow/example_dags/example_python_operator.py
[2023-06-18T15:18:54.359+0530] {processor.py:826} INFO - Processing file /home/shubham/.local/lib/python3.10/site-packages/airflow/example_dags/example_python_operator.py for tasks to queue
[2023-06-18T15:18:54.360+0530] {logging_mixin.py:149} INFO - [2023-06-18T15:18:54.359+0530] {dagbag.py:541} INFO - Filling up the DagBag from /home/shubham/.local/lib/python3.10/site-packages/airflow/example_dags/example_python_operator.py
[2023-06-18T15:18:54.369+0530] {processor.py:836} INFO - DAG(s) dict_keys(['example_python_operator']) retrieved from /home/shubham/.local/lib/python3.10/site-packages/airflow/example_dags/example_python_operator.py
[2023-06-18T15:18:54.391+0530] {logging_mixin.py:149} INFO - [2023-06-18T15:18:54.391+0530] {dag.py:2726} INFO - Sync 1 DAGs
[2023-06-18T15:18:54.409+0530] {logging_mixin.py:149} INFO - [2023-06-18T15:18:54.408+0530] {dag.py:3486} INFO - Setting next_dagrun for example_python_operator to None, run_after=None
[2023-06-18T15:18:54.435+0530] {processor.py:179} INFO - Processing /home/shubham/.local/lib/python3.10/site-packages/airflow/example_dags/example_python_operator.py took 0.082 seconds
[2023-06-18T15:19:38.859+0530] {processor.py:157} INFO - Started process (PID=6078) to work on /home/shubham/.local/lib/python3.10/site-packages/airflow/example_dags/example_python_operator.py
[2023-06-18T15:19:38.862+0530] {processor.py:826} INFO - Processing file /home/shubham/.local/lib/python3.10/site-packages/airflow/example_dags/example_python_operator.py for tasks to queue
[2023-06-18T15:19:38.862+0530] {logging_mixin.py:149} INFO - [2023-06-18T15:19:38.862+0530] {dagbag.py:541} INFO - Filling up the DagBag from /home/shubham/.local/lib/python3.10/site-packages/airflow/example_dags/example_python_operator.py
[2023-06-18T15:19:38.872+0530] {processor.py:836} INFO - DAG(s) dict_keys(['example_python_operator']) retrieved from /home/shubham/.local/lib/python3.10/site-packages/airflow/example_dags/example_python_operator.py
[2023-06-18T15:19:38.890+0530] {logging_mixin.py:149} INFO - [2023-06-18T15:19:38.890+0530] {dag.py:2726} INFO - Sync 1 DAGs
[2023-06-18T15:19:38.906+0530] {logging_mixin.py:149} INFO - [2023-06-18T15:19:38.906+0530] {dag.py:3486} INFO - Setting next_dagrun for example_python_operator to None, run_after=None
[2023-06-18T15:19:38.927+0530] {processor.py:179} INFO - Processing /home/shubham/.local/lib/python3.10/site-packages/airflow/example_dags/example_python_operator.py took 0.071 seconds
[2023-06-18T15:20:21.411+0530] {processor.py:157} INFO - Started process (PID=6122) to work on /home/shubham/.local/lib/python3.10/site-packages/airflow/example_dags/example_python_operator.py
[2023-06-18T15:20:21.414+0530] {processor.py:826} INFO - Processing file /home/shubham/.local/lib/python3.10/site-packages/airflow/example_dags/example_python_operator.py for tasks to queue
[2023-06-18T15:20:21.414+0530] {logging_mixin.py:149} INFO - [2023-06-18T15:20:21.414+0530] {dagbag.py:541} INFO - Filling up the DagBag from /home/shubham/.local/lib/python3.10/site-packages/airflow/example_dags/example_python_operator.py
[2023-06-18T15:20:21.425+0530] {processor.py:836} INFO - DAG(s) dict_keys(['example_python_operator']) retrieved from /home/shubham/.local/lib/python3.10/site-packages/airflow/example_dags/example_python_operator.py
[2023-06-18T15:20:21.446+0530] {logging_mixin.py:149} INFO - [2023-06-18T15:20:21.446+0530] {dag.py:2726} INFO - Sync 1 DAGs
[2023-06-18T15:20:21.464+0530] {logging_mixin.py:149} INFO - [2023-06-18T15:20:21.464+0530] {dag.py:3486} INFO - Setting next_dagrun for example_python_operator to None, run_after=None
[2023-06-18T15:20:21.489+0530] {processor.py:179} INFO - Processing /home/shubham/.local/lib/python3.10/site-packages/airflow/example_dags/example_python_operator.py took 0.082 seconds
[2023-06-18T15:21:23.150+0530] {processor.py:157} INFO - Started process (PID=6181) to work on /home/shubham/.local/lib/python3.10/site-packages/airflow/example_dags/example_python_operator.py
[2023-06-18T15:21:23.153+0530] {processor.py:826} INFO - Processing file /home/shubham/.local/lib/python3.10/site-packages/airflow/example_dags/example_python_operator.py for tasks to queue
[2023-06-18T15:21:23.154+0530] {logging_mixin.py:149} INFO - [2023-06-18T15:21:23.153+0530] {dagbag.py:541} INFO - Filling up the DagBag from /home/shubham/.local/lib/python3.10/site-packages/airflow/example_dags/example_python_operator.py
[2023-06-18T15:21:23.165+0530] {processor.py:836} INFO - DAG(s) dict_keys(['example_python_operator']) retrieved from /home/shubham/.local/lib/python3.10/site-packages/airflow/example_dags/example_python_operator.py
[2023-06-18T15:21:23.191+0530] {logging_mixin.py:149} INFO - [2023-06-18T15:21:23.190+0530] {dag.py:2726} INFO - Sync 1 DAGs
[2023-06-18T15:21:23.212+0530] {logging_mixin.py:149} INFO - [2023-06-18T15:21:23.212+0530] {dag.py:3486} INFO - Setting next_dagrun for example_python_operator to None, run_after=None
[2023-06-18T15:21:23.242+0530] {processor.py:179} INFO - Processing /home/shubham/.local/lib/python3.10/site-packages/airflow/example_dags/example_python_operator.py took 0.096 seconds
[2023-06-18T15:47:14.082+0530] {processor.py:157} INFO - Started process (PID=6348) to work on /home/shubham/.local/lib/python3.10/site-packages/airflow/example_dags/example_python_operator.py
[2023-06-18T15:47:14.084+0530] {processor.py:826} INFO - Processing file /home/shubham/.local/lib/python3.10/site-packages/airflow/example_dags/example_python_operator.py for tasks to queue
[2023-06-18T15:47:14.084+0530] {logging_mixin.py:149} INFO - [2023-06-18T15:47:14.084+0530] {dagbag.py:541} INFO - Filling up the DagBag from /home/shubham/.local/lib/python3.10/site-packages/airflow/example_dags/example_python_operator.py
[2023-06-18T15:47:14.100+0530] {processor.py:836} INFO - DAG(s) dict_keys(['example_python_operator']) retrieved from /home/shubham/.local/lib/python3.10/site-packages/airflow/example_dags/example_python_operator.py
[2023-06-18T15:47:14.198+0530] {logging_mixin.py:149} INFO - [2023-06-18T15:47:14.198+0530] {dag.py:2726} INFO - Sync 1 DAGs
[2023-06-18T15:47:14.213+0530] {logging_mixin.py:149} INFO - [2023-06-18T15:47:14.213+0530] {dag.py:3486} INFO - Setting next_dagrun for example_python_operator to None, run_after=None
[2023-06-18T15:47:14.236+0530] {processor.py:179} INFO - Processing /home/shubham/.local/lib/python3.10/site-packages/airflow/example_dags/example_python_operator.py took 0.157 seconds
[2023-06-18T15:47:59.432+0530] {processor.py:157} INFO - Started process (PID=6403) to work on /home/shubham/.local/lib/python3.10/site-packages/airflow/example_dags/example_python_operator.py
[2023-06-18T15:47:59.434+0530] {processor.py:826} INFO - Processing file /home/shubham/.local/lib/python3.10/site-packages/airflow/example_dags/example_python_operator.py for tasks to queue
[2023-06-18T15:47:59.435+0530] {logging_mixin.py:149} INFO - [2023-06-18T15:47:59.434+0530] {dagbag.py:541} INFO - Filling up the DagBag from /home/shubham/.local/lib/python3.10/site-packages/airflow/example_dags/example_python_operator.py
[2023-06-18T15:47:59.448+0530] {processor.py:836} INFO - DAG(s) dict_keys(['example_python_operator']) retrieved from /home/shubham/.local/lib/python3.10/site-packages/airflow/example_dags/example_python_operator.py
[2023-06-18T15:47:59.468+0530] {logging_mixin.py:149} INFO - [2023-06-18T15:47:59.468+0530] {dag.py:2726} INFO - Sync 1 DAGs
[2023-06-18T15:47:59.485+0530] {logging_mixin.py:149} INFO - [2023-06-18T15:47:59.485+0530] {dag.py:3486} INFO - Setting next_dagrun for example_python_operator to None, run_after=None
[2023-06-18T15:47:59.509+0530] {processor.py:179} INFO - Processing /home/shubham/.local/lib/python3.10/site-packages/airflow/example_dags/example_python_operator.py took 0.080 seconds
