[2023-06-18T13:45:00.141+0530] {processor.py:157} INFO - Started process (PID=123) to work on /home/shubham/.local/lib/python3.10/site-packages/airflow/example_dags/example_sensors.py
[2023-06-18T13:45:00.142+0530] {processor.py:826} INFO - Processing file /home/shubham/.local/lib/python3.10/site-packages/airflow/example_dags/example_sensors.py for tasks to queue
[2023-06-18T13:45:00.143+0530] {logging_mixin.py:149} INFO - [2023-06-18T13:45:00.142+0530] {dagbag.py:541} INFO - Filling up the DagBag from /home/shubham/.local/lib/python3.10/site-packages/airflow/example_dags/example_sensors.py
[2023-06-18T13:45:00.151+0530] {processor.py:836} INFO - DAG(s) dict_keys(['example_sensors']) retrieved from /home/shubham/.local/lib/python3.10/site-packages/airflow/example_dags/example_sensors.py
[2023-06-18T13:45:00.157+0530] {logging_mixin.py:149} INFO - [2023-06-18T13:45:00.157+0530] {dag.py:2726} INFO - Sync 1 DAGs
[2023-06-18T13:45:00.169+0530] {logging_mixin.py:149} INFO - [2023-06-18T13:45:00.169+0530] {dag.py:3486} INFO - Setting next_dagrun for example_sensors to None, run_after=None
[2023-06-18T13:45:00.184+0530] {processor.py:179} INFO - Processing /home/shubham/.local/lib/python3.10/site-packages/airflow/example_dags/example_sensors.py took 0.046 seconds
[2023-06-18T13:45:44.185+0530] {processor.py:157} INFO - Started process (PID=169) to work on /home/shubham/.local/lib/python3.10/site-packages/airflow/example_dags/example_sensors.py
[2023-06-18T13:45:44.187+0530] {processor.py:826} INFO - Processing file /home/shubham/.local/lib/python3.10/site-packages/airflow/example_dags/example_sensors.py for tasks to queue
[2023-06-18T13:45:44.187+0530] {logging_mixin.py:149} INFO - [2023-06-18T13:45:44.187+0530] {dagbag.py:541} INFO - Filling up the DagBag from /home/shubham/.local/lib/python3.10/site-packages/airflow/example_dags/example_sensors.py
[2023-06-18T13:45:44.193+0530] {processor.py:836} INFO - DAG(s) dict_keys(['example_sensors']) retrieved from /home/shubham/.local/lib/python3.10/site-packages/airflow/example_dags/example_sensors.py
[2023-06-18T13:45:44.212+0530] {logging_mixin.py:149} INFO - [2023-06-18T13:45:44.212+0530] {dag.py:2726} INFO - Sync 1 DAGs
[2023-06-18T13:45:44.233+0530] {logging_mixin.py:149} INFO - [2023-06-18T13:45:44.232+0530] {dag.py:3486} INFO - Setting next_dagrun for example_sensors to None, run_after=None
[2023-06-18T13:45:44.254+0530] {processor.py:179} INFO - Processing /home/shubham/.local/lib/python3.10/site-packages/airflow/example_dags/example_sensors.py took 0.071 seconds
[2023-06-18T13:46:29.065+0530] {processor.py:157} INFO - Started process (PID=215) to work on /home/shubham/.local/lib/python3.10/site-packages/airflow/example_dags/example_sensors.py
[2023-06-18T13:46:29.067+0530] {processor.py:826} INFO - Processing file /home/shubham/.local/lib/python3.10/site-packages/airflow/example_dags/example_sensors.py for tasks to queue
[2023-06-18T13:46:29.068+0530] {logging_mixin.py:149} INFO - [2023-06-18T13:46:29.068+0530] {dagbag.py:541} INFO - Filling up the DagBag from /home/shubham/.local/lib/python3.10/site-packages/airflow/example_dags/example_sensors.py
[2023-06-18T13:46:29.086+0530] {processor.py:836} INFO - DAG(s) dict_keys(['example_sensors']) retrieved from /home/shubham/.local/lib/python3.10/site-packages/airflow/example_dags/example_sensors.py
[2023-06-18T13:46:29.105+0530] {logging_mixin.py:149} INFO - [2023-06-18T13:46:29.105+0530] {dag.py:2726} INFO - Sync 1 DAGs
[2023-06-18T13:46:29.121+0530] {logging_mixin.py:149} INFO - [2023-06-18T13:46:29.121+0530] {dag.py:3486} INFO - Setting next_dagrun for example_sensors to None, run_after=None
[2023-06-18T13:46:29.138+0530] {processor.py:179} INFO - Processing /home/shubham/.local/lib/python3.10/site-packages/airflow/example_dags/example_sensors.py took 0.076 seconds
[2023-06-18T13:47:15.597+0530] {processor.py:157} INFO - Started process (PID=263) to work on /home/shubham/.local/lib/python3.10/site-packages/airflow/example_dags/example_sensors.py
[2023-06-18T13:47:15.598+0530] {processor.py:826} INFO - Processing file /home/shubham/.local/lib/python3.10/site-packages/airflow/example_dags/example_sensors.py for tasks to queue
[2023-06-18T13:47:15.599+0530] {logging_mixin.py:149} INFO - [2023-06-18T13:47:15.598+0530] {dagbag.py:541} INFO - Filling up the DagBag from /home/shubham/.local/lib/python3.10/site-packages/airflow/example_dags/example_sensors.py
[2023-06-18T13:47:15.606+0530] {processor.py:836} INFO - DAG(s) dict_keys(['example_sensors']) retrieved from /home/shubham/.local/lib/python3.10/site-packages/airflow/example_dags/example_sensors.py
[2023-06-18T13:47:15.622+0530] {logging_mixin.py:149} INFO - [2023-06-18T13:47:15.622+0530] {dag.py:2726} INFO - Sync 1 DAGs
[2023-06-18T13:47:15.635+0530] {logging_mixin.py:149} INFO - [2023-06-18T13:47:15.635+0530] {dag.py:3486} INFO - Setting next_dagrun for example_sensors to None, run_after=None
[2023-06-18T13:47:15.652+0530] {processor.py:179} INFO - Processing /home/shubham/.local/lib/python3.10/site-packages/airflow/example_dags/example_sensors.py took 0.057 seconds
[2023-06-18T13:47:56.771+0530] {processor.py:157} INFO - Started process (PID=305) to work on /home/shubham/.local/lib/python3.10/site-packages/airflow/example_dags/example_sensors.py
[2023-06-18T13:47:56.773+0530] {processor.py:826} INFO - Processing file /home/shubham/.local/lib/python3.10/site-packages/airflow/example_dags/example_sensors.py for tasks to queue
[2023-06-18T13:47:56.773+0530] {logging_mixin.py:149} INFO - [2023-06-18T13:47:56.773+0530] {dagbag.py:541} INFO - Filling up the DagBag from /home/shubham/.local/lib/python3.10/site-packages/airflow/example_dags/example_sensors.py
[2023-06-18T13:47:56.781+0530] {processor.py:836} INFO - DAG(s) dict_keys(['example_sensors']) retrieved from /home/shubham/.local/lib/python3.10/site-packages/airflow/example_dags/example_sensors.py
[2023-06-18T13:47:56.795+0530] {logging_mixin.py:149} INFO - [2023-06-18T13:47:56.795+0530] {dag.py:2726} INFO - Sync 1 DAGs
[2023-06-18T13:47:56.807+0530] {logging_mixin.py:149} INFO - [2023-06-18T13:47:56.807+0530] {dag.py:3486} INFO - Setting next_dagrun for example_sensors to None, run_after=None
[2023-06-18T13:47:56.822+0530] {processor.py:179} INFO - Processing /home/shubham/.local/lib/python3.10/site-packages/airflow/example_dags/example_sensors.py took 0.053 seconds
[2023-06-18T13:52:04.304+0530] {processor.py:157} INFO - Started process (PID=452) to work on /home/shubham/.local/lib/python3.10/site-packages/airflow/example_dags/example_sensors.py
[2023-06-18T13:52:04.306+0530] {processor.py:826} INFO - Processing file /home/shubham/.local/lib/python3.10/site-packages/airflow/example_dags/example_sensors.py for tasks to queue
[2023-06-18T13:52:04.306+0530] {logging_mixin.py:149} INFO - [2023-06-18T13:52:04.306+0530] {dagbag.py:541} INFO - Filling up the DagBag from /home/shubham/.local/lib/python3.10/site-packages/airflow/example_dags/example_sensors.py
[2023-06-18T13:52:04.316+0530] {processor.py:836} INFO - DAG(s) dict_keys(['example_sensors']) retrieved from /home/shubham/.local/lib/python3.10/site-packages/airflow/example_dags/example_sensors.py
[2023-06-18T13:52:04.322+0530] {logging_mixin.py:149} INFO - [2023-06-18T13:52:04.322+0530] {dag.py:2726} INFO - Sync 1 DAGs
[2023-06-18T13:52:04.335+0530] {logging_mixin.py:149} INFO - [2023-06-18T13:52:04.335+0530] {dag.py:3486} INFO - Setting next_dagrun for example_sensors to None, run_after=None
[2023-06-18T13:52:04.349+0530] {processor.py:179} INFO - Processing /home/shubham/.local/lib/python3.10/site-packages/airflow/example_dags/example_sensors.py took 0.047 seconds
[2023-06-18T13:52:49.059+0530] {processor.py:157} INFO - Started process (PID=498) to work on /home/shubham/.local/lib/python3.10/site-packages/airflow/example_dags/example_sensors.py
[2023-06-18T13:52:49.061+0530] {processor.py:826} INFO - Processing file /home/shubham/.local/lib/python3.10/site-packages/airflow/example_dags/example_sensors.py for tasks to queue
[2023-06-18T13:52:49.062+0530] {logging_mixin.py:149} INFO - [2023-06-18T13:52:49.061+0530] {dagbag.py:541} INFO - Filling up the DagBag from /home/shubham/.local/lib/python3.10/site-packages/airflow/example_dags/example_sensors.py
[2023-06-18T13:52:49.076+0530] {processor.py:836} INFO - DAG(s) dict_keys(['example_sensors']) retrieved from /home/shubham/.local/lib/python3.10/site-packages/airflow/example_dags/example_sensors.py
[2023-06-18T13:52:49.104+0530] {logging_mixin.py:149} INFO - [2023-06-18T13:52:49.104+0530] {dag.py:2726} INFO - Sync 1 DAGs
[2023-06-18T13:52:49.118+0530] {logging_mixin.py:149} INFO - [2023-06-18T13:52:49.118+0530] {dag.py:3486} INFO - Setting next_dagrun for example_sensors to None, run_after=None
[2023-06-18T13:52:49.134+0530] {processor.py:179} INFO - Processing /home/shubham/.local/lib/python3.10/site-packages/airflow/example_dags/example_sensors.py took 0.081 seconds
[2023-06-18T13:53:33.018+0530] {processor.py:157} INFO - Started process (PID=544) to work on /home/shubham/.local/lib/python3.10/site-packages/airflow/example_dags/example_sensors.py
[2023-06-18T13:53:33.020+0530] {processor.py:826} INFO - Processing file /home/shubham/.local/lib/python3.10/site-packages/airflow/example_dags/example_sensors.py for tasks to queue
[2023-06-18T13:53:33.020+0530] {logging_mixin.py:149} INFO - [2023-06-18T13:53:33.020+0530] {dagbag.py:541} INFO - Filling up the DagBag from /home/shubham/.local/lib/python3.10/site-packages/airflow/example_dags/example_sensors.py
[2023-06-18T13:53:33.027+0530] {processor.py:836} INFO - DAG(s) dict_keys(['example_sensors']) retrieved from /home/shubham/.local/lib/python3.10/site-packages/airflow/example_dags/example_sensors.py
[2023-06-18T13:53:33.041+0530] {logging_mixin.py:149} INFO - [2023-06-18T13:53:33.041+0530] {dag.py:2726} INFO - Sync 1 DAGs
[2023-06-18T13:53:33.052+0530] {logging_mixin.py:149} INFO - [2023-06-18T13:53:33.052+0530] {dag.py:3486} INFO - Setting next_dagrun for example_sensors to None, run_after=None
[2023-06-18T13:53:33.068+0530] {processor.py:179} INFO - Processing /home/shubham/.local/lib/python3.10/site-packages/airflow/example_dags/example_sensors.py took 0.051 seconds
[2023-06-18T14:39:37.479+0530] {processor.py:157} INFO - Started process (PID=3201) to work on /home/shubham/.local/lib/python3.10/site-packages/airflow/example_dags/example_sensors.py
[2023-06-18T14:39:37.482+0530] {processor.py:826} INFO - Processing file /home/shubham/.local/lib/python3.10/site-packages/airflow/example_dags/example_sensors.py for tasks to queue
[2023-06-18T14:39:37.486+0530] {logging_mixin.py:149} INFO - [2023-06-18T14:39:37.485+0530] {dagbag.py:541} INFO - Filling up the DagBag from /home/shubham/.local/lib/python3.10/site-packages/airflow/example_dags/example_sensors.py
[2023-06-18T14:39:37.508+0530] {processor.py:836} INFO - DAG(s) dict_keys(['example_sensors']) retrieved from /home/shubham/.local/lib/python3.10/site-packages/airflow/example_dags/example_sensors.py
[2023-06-18T14:39:37.527+0530] {logging_mixin.py:149} INFO - [2023-06-18T14:39:37.527+0530] {dag.py:2726} INFO - Sync 1 DAGs
[2023-06-18T14:39:37.574+0530] {logging_mixin.py:149} INFO - [2023-06-18T14:39:37.573+0530] {dag.py:3486} INFO - Setting next_dagrun for example_sensors to None, run_after=None
[2023-06-18T14:39:37.628+0530] {processor.py:179} INFO - Processing /home/shubham/.local/lib/python3.10/site-packages/airflow/example_dags/example_sensors.py took 0.159 seconds
[2023-06-18T14:40:24.287+0530] {processor.py:157} INFO - Started process (PID=3267) to work on /home/shubham/.local/lib/python3.10/site-packages/airflow/example_dags/example_sensors.py
[2023-06-18T14:40:24.289+0530] {processor.py:826} INFO - Processing file /home/shubham/.local/lib/python3.10/site-packages/airflow/example_dags/example_sensors.py for tasks to queue
[2023-06-18T14:40:24.289+0530] {logging_mixin.py:149} INFO - [2023-06-18T14:40:24.289+0530] {dagbag.py:541} INFO - Filling up the DagBag from /home/shubham/.local/lib/python3.10/site-packages/airflow/example_dags/example_sensors.py
[2023-06-18T14:40:24.296+0530] {processor.py:836} INFO - DAG(s) dict_keys(['example_sensors']) retrieved from /home/shubham/.local/lib/python3.10/site-packages/airflow/example_dags/example_sensors.py
[2023-06-18T14:40:24.310+0530] {logging_mixin.py:149} INFO - [2023-06-18T14:40:24.310+0530] {dag.py:2726} INFO - Sync 1 DAGs
[2023-06-18T14:40:24.321+0530] {logging_mixin.py:149} INFO - [2023-06-18T14:40:24.321+0530] {dag.py:3486} INFO - Setting next_dagrun for example_sensors to None, run_after=None
[2023-06-18T14:40:24.337+0530] {processor.py:179} INFO - Processing /home/shubham/.local/lib/python3.10/site-packages/airflow/example_dags/example_sensors.py took 0.052 seconds
[2023-06-18T14:41:09.438+0530] {processor.py:157} INFO - Started process (PID=3549) to work on /home/shubham/.local/lib/python3.10/site-packages/airflow/example_dags/example_sensors.py
[2023-06-18T14:41:09.440+0530] {processor.py:826} INFO - Processing file /home/shubham/.local/lib/python3.10/site-packages/airflow/example_dags/example_sensors.py for tasks to queue
[2023-06-18T14:41:09.440+0530] {logging_mixin.py:149} INFO - [2023-06-18T14:41:09.440+0530] {dagbag.py:541} INFO - Filling up the DagBag from /home/shubham/.local/lib/python3.10/site-packages/airflow/example_dags/example_sensors.py
[2023-06-18T14:41:09.448+0530] {processor.py:836} INFO - DAG(s) dict_keys(['example_sensors']) retrieved from /home/shubham/.local/lib/python3.10/site-packages/airflow/example_dags/example_sensors.py
[2023-06-18T14:41:09.464+0530] {logging_mixin.py:149} INFO - [2023-06-18T14:41:09.464+0530] {dag.py:2726} INFO - Sync 1 DAGs
[2023-06-18T14:41:09.476+0530] {logging_mixin.py:149} INFO - [2023-06-18T14:41:09.476+0530] {dag.py:3486} INFO - Setting next_dagrun for example_sensors to None, run_after=None
[2023-06-18T14:41:09.492+0530] {processor.py:179} INFO - Processing /home/shubham/.local/lib/python3.10/site-packages/airflow/example_dags/example_sensors.py took 0.056 seconds
[2023-06-18T14:41:52.220+0530] {processor.py:157} INFO - Started process (PID=3636) to work on /home/shubham/.local/lib/python3.10/site-packages/airflow/example_dags/example_sensors.py
[2023-06-18T14:41:52.221+0530] {processor.py:826} INFO - Processing file /home/shubham/.local/lib/python3.10/site-packages/airflow/example_dags/example_sensors.py for tasks to queue
[2023-06-18T14:41:52.222+0530] {logging_mixin.py:149} INFO - [2023-06-18T14:41:52.222+0530] {dagbag.py:541} INFO - Filling up the DagBag from /home/shubham/.local/lib/python3.10/site-packages/airflow/example_dags/example_sensors.py
[2023-06-18T14:41:52.228+0530] {processor.py:836} INFO - DAG(s) dict_keys(['example_sensors']) retrieved from /home/shubham/.local/lib/python3.10/site-packages/airflow/example_dags/example_sensors.py
[2023-06-18T14:41:52.243+0530] {logging_mixin.py:149} INFO - [2023-06-18T14:41:52.243+0530] {dag.py:2726} INFO - Sync 1 DAGs
[2023-06-18T14:41:52.256+0530] {logging_mixin.py:149} INFO - [2023-06-18T14:41:52.255+0530] {dag.py:3486} INFO - Setting next_dagrun for example_sensors to None, run_after=None
[2023-06-18T14:41:52.273+0530] {processor.py:179} INFO - Processing /home/shubham/.local/lib/python3.10/site-packages/airflow/example_dags/example_sensors.py took 0.055 seconds
[2023-06-18T14:42:34.815+0530] {processor.py:157} INFO - Started process (PID=3762) to work on /home/shubham/.local/lib/python3.10/site-packages/airflow/example_dags/example_sensors.py
[2023-06-18T14:42:34.816+0530] {processor.py:826} INFO - Processing file /home/shubham/.local/lib/python3.10/site-packages/airflow/example_dags/example_sensors.py for tasks to queue
[2023-06-18T14:42:34.817+0530] {logging_mixin.py:149} INFO - [2023-06-18T14:42:34.817+0530] {dagbag.py:541} INFO - Filling up the DagBag from /home/shubham/.local/lib/python3.10/site-packages/airflow/example_dags/example_sensors.py
[2023-06-18T14:42:34.823+0530] {processor.py:836} INFO - DAG(s) dict_keys(['example_sensors']) retrieved from /home/shubham/.local/lib/python3.10/site-packages/airflow/example_dags/example_sensors.py
[2023-06-18T14:42:34.838+0530] {logging_mixin.py:149} INFO - [2023-06-18T14:42:34.838+0530] {dag.py:2726} INFO - Sync 1 DAGs
[2023-06-18T14:42:34.850+0530] {logging_mixin.py:149} INFO - [2023-06-18T14:42:34.850+0530] {dag.py:3486} INFO - Setting next_dagrun for example_sensors to None, run_after=None
[2023-06-18T14:42:34.865+0530] {processor.py:179} INFO - Processing /home/shubham/.local/lib/python3.10/site-packages/airflow/example_dags/example_sensors.py took 0.052 seconds
[2023-06-18T14:43:22.413+0530] {processor.py:157} INFO - Started process (PID=3809) to work on /home/shubham/.local/lib/python3.10/site-packages/airflow/example_dags/example_sensors.py
[2023-06-18T14:43:22.414+0530] {processor.py:826} INFO - Processing file /home/shubham/.local/lib/python3.10/site-packages/airflow/example_dags/example_sensors.py for tasks to queue
[2023-06-18T14:43:22.414+0530] {logging_mixin.py:149} INFO - [2023-06-18T14:43:22.414+0530] {dagbag.py:541} INFO - Filling up the DagBag from /home/shubham/.local/lib/python3.10/site-packages/airflow/example_dags/example_sensors.py
[2023-06-18T14:43:22.426+0530] {processor.py:836} INFO - DAG(s) dict_keys(['example_sensors']) retrieved from /home/shubham/.local/lib/python3.10/site-packages/airflow/example_dags/example_sensors.py
[2023-06-18T14:43:22.460+0530] {logging_mixin.py:149} INFO - [2023-06-18T14:43:22.460+0530] {dag.py:2726} INFO - Sync 1 DAGs
[2023-06-18T14:43:22.491+0530] {logging_mixin.py:149} INFO - [2023-06-18T14:43:22.490+0530] {dag.py:3486} INFO - Setting next_dagrun for example_sensors to None, run_after=None
[2023-06-18T14:43:22.520+0530] {processor.py:179} INFO - Processing /home/shubham/.local/lib/python3.10/site-packages/airflow/example_dags/example_sensors.py took 0.111 seconds
[2023-06-18T14:44:11.740+0530] {processor.py:157} INFO - Started process (PID=3858) to work on /home/shubham/.local/lib/python3.10/site-packages/airflow/example_dags/example_sensors.py
[2023-06-18T14:44:11.741+0530] {processor.py:826} INFO - Processing file /home/shubham/.local/lib/python3.10/site-packages/airflow/example_dags/example_sensors.py for tasks to queue
[2023-06-18T14:44:11.742+0530] {logging_mixin.py:149} INFO - [2023-06-18T14:44:11.742+0530] {dagbag.py:541} INFO - Filling up the DagBag from /home/shubham/.local/lib/python3.10/site-packages/airflow/example_dags/example_sensors.py
[2023-06-18T14:44:11.751+0530] {processor.py:836} INFO - DAG(s) dict_keys(['example_sensors']) retrieved from /home/shubham/.local/lib/python3.10/site-packages/airflow/example_dags/example_sensors.py
[2023-06-18T14:44:11.765+0530] {logging_mixin.py:149} INFO - [2023-06-18T14:44:11.765+0530] {dag.py:2726} INFO - Sync 1 DAGs
[2023-06-18T14:44:11.777+0530] {logging_mixin.py:149} INFO - [2023-06-18T14:44:11.777+0530] {dag.py:3486} INFO - Setting next_dagrun for example_sensors to None, run_after=None
[2023-06-18T14:44:11.793+0530] {processor.py:179} INFO - Processing /home/shubham/.local/lib/python3.10/site-packages/airflow/example_dags/example_sensors.py took 0.055 seconds
[2023-06-18T14:44:53.932+0530] {processor.py:157} INFO - Started process (PID=3904) to work on /home/shubham/.local/lib/python3.10/site-packages/airflow/example_dags/example_sensors.py
[2023-06-18T14:44:53.933+0530] {processor.py:826} INFO - Processing file /home/shubham/.local/lib/python3.10/site-packages/airflow/example_dags/example_sensors.py for tasks to queue
[2023-06-18T14:44:53.934+0530] {logging_mixin.py:149} INFO - [2023-06-18T14:44:53.934+0530] {dagbag.py:541} INFO - Filling up the DagBag from /home/shubham/.local/lib/python3.10/site-packages/airflow/example_dags/example_sensors.py
[2023-06-18T14:44:53.941+0530] {processor.py:836} INFO - DAG(s) dict_keys(['example_sensors']) retrieved from /home/shubham/.local/lib/python3.10/site-packages/airflow/example_dags/example_sensors.py
[2023-06-18T14:44:53.955+0530] {logging_mixin.py:149} INFO - [2023-06-18T14:44:53.955+0530] {dag.py:2726} INFO - Sync 1 DAGs
[2023-06-18T14:44:53.967+0530] {logging_mixin.py:149} INFO - [2023-06-18T14:44:53.967+0530] {dag.py:3486} INFO - Setting next_dagrun for example_sensors to None, run_after=None
[2023-06-18T14:44:53.983+0530] {processor.py:179} INFO - Processing /home/shubham/.local/lib/python3.10/site-packages/airflow/example_dags/example_sensors.py took 0.054 seconds
[2023-06-18T14:45:38.647+0530] {processor.py:157} INFO - Started process (PID=3950) to work on /home/shubham/.local/lib/python3.10/site-packages/airflow/example_dags/example_sensors.py
[2023-06-18T14:45:38.650+0530] {processor.py:826} INFO - Processing file /home/shubham/.local/lib/python3.10/site-packages/airflow/example_dags/example_sensors.py for tasks to queue
[2023-06-18T14:45:38.650+0530] {logging_mixin.py:149} INFO - [2023-06-18T14:45:38.650+0530] {dagbag.py:541} INFO - Filling up the DagBag from /home/shubham/.local/lib/python3.10/site-packages/airflow/example_dags/example_sensors.py
[2023-06-18T14:45:38.657+0530] {processor.py:836} INFO - DAG(s) dict_keys(['example_sensors']) retrieved from /home/shubham/.local/lib/python3.10/site-packages/airflow/example_dags/example_sensors.py
[2023-06-18T14:45:38.672+0530] {logging_mixin.py:149} INFO - [2023-06-18T14:45:38.672+0530] {dag.py:2726} INFO - Sync 1 DAGs
[2023-06-18T14:45:38.684+0530] {logging_mixin.py:149} INFO - [2023-06-18T14:45:38.684+0530] {dag.py:3486} INFO - Setting next_dagrun for example_sensors to None, run_after=None
[2023-06-18T14:45:38.700+0530] {processor.py:179} INFO - Processing /home/shubham/.local/lib/python3.10/site-packages/airflow/example_dags/example_sensors.py took 0.057 seconds
[2023-06-18T14:46:24.818+0530] {processor.py:157} INFO - Started process (PID=3997) to work on /home/shubham/.local/lib/python3.10/site-packages/airflow/example_dags/example_sensors.py
[2023-06-18T14:46:24.819+0530] {processor.py:826} INFO - Processing file /home/shubham/.local/lib/python3.10/site-packages/airflow/example_dags/example_sensors.py for tasks to queue
[2023-06-18T14:46:24.820+0530] {logging_mixin.py:149} INFO - [2023-06-18T14:46:24.820+0530] {dagbag.py:541} INFO - Filling up the DagBag from /home/shubham/.local/lib/python3.10/site-packages/airflow/example_dags/example_sensors.py
[2023-06-18T14:46:24.827+0530] {processor.py:836} INFO - DAG(s) dict_keys(['example_sensors']) retrieved from /home/shubham/.local/lib/python3.10/site-packages/airflow/example_dags/example_sensors.py
[2023-06-18T14:46:24.842+0530] {logging_mixin.py:149} INFO - [2023-06-18T14:46:24.842+0530] {dag.py:2726} INFO - Sync 1 DAGs
[2023-06-18T14:46:24.854+0530] {logging_mixin.py:149} INFO - [2023-06-18T14:46:24.854+0530] {dag.py:3486} INFO - Setting next_dagrun for example_sensors to None, run_after=None
[2023-06-18T14:46:24.869+0530] {processor.py:179} INFO - Processing /home/shubham/.local/lib/python3.10/site-packages/airflow/example_dags/example_sensors.py took 0.054 seconds
[2023-06-18T14:47:12.647+0530] {processor.py:157} INFO - Started process (PID=4045) to work on /home/shubham/.local/lib/python3.10/site-packages/airflow/example_dags/example_sensors.py
[2023-06-18T14:47:12.649+0530] {processor.py:826} INFO - Processing file /home/shubham/.local/lib/python3.10/site-packages/airflow/example_dags/example_sensors.py for tasks to queue
[2023-06-18T14:47:12.650+0530] {logging_mixin.py:149} INFO - [2023-06-18T14:47:12.650+0530] {dagbag.py:541} INFO - Filling up the DagBag from /home/shubham/.local/lib/python3.10/site-packages/airflow/example_dags/example_sensors.py
[2023-06-18T14:47:12.657+0530] {processor.py:836} INFO - DAG(s) dict_keys(['example_sensors']) retrieved from /home/shubham/.local/lib/python3.10/site-packages/airflow/example_dags/example_sensors.py
[2023-06-18T14:47:12.672+0530] {logging_mixin.py:149} INFO - [2023-06-18T14:47:12.672+0530] {dag.py:2726} INFO - Sync 1 DAGs
[2023-06-18T14:47:12.684+0530] {logging_mixin.py:149} INFO - [2023-06-18T14:47:12.684+0530] {dag.py:3486} INFO - Setting next_dagrun for example_sensors to None, run_after=None
[2023-06-18T14:47:12.701+0530] {processor.py:179} INFO - Processing /home/shubham/.local/lib/python3.10/site-packages/airflow/example_dags/example_sensors.py took 0.058 seconds
[2023-06-18T14:47:54.814+0530] {processor.py:157} INFO - Started process (PID=4091) to work on /home/shubham/.local/lib/python3.10/site-packages/airflow/example_dags/example_sensors.py
[2023-06-18T14:47:54.815+0530] {processor.py:826} INFO - Processing file /home/shubham/.local/lib/python3.10/site-packages/airflow/example_dags/example_sensors.py for tasks to queue
[2023-06-18T14:47:54.816+0530] {logging_mixin.py:149} INFO - [2023-06-18T14:47:54.816+0530] {dagbag.py:541} INFO - Filling up the DagBag from /home/shubham/.local/lib/python3.10/site-packages/airflow/example_dags/example_sensors.py
[2023-06-18T14:47:54.822+0530] {processor.py:836} INFO - DAG(s) dict_keys(['example_sensors']) retrieved from /home/shubham/.local/lib/python3.10/site-packages/airflow/example_dags/example_sensors.py
[2023-06-18T14:47:54.837+0530] {logging_mixin.py:149} INFO - [2023-06-18T14:47:54.837+0530] {dag.py:2726} INFO - Sync 1 DAGs
[2023-06-18T14:47:54.849+0530] {logging_mixin.py:149} INFO - [2023-06-18T14:47:54.849+0530] {dag.py:3486} INFO - Setting next_dagrun for example_sensors to None, run_after=None
[2023-06-18T14:47:54.865+0530] {processor.py:179} INFO - Processing /home/shubham/.local/lib/python3.10/site-packages/airflow/example_dags/example_sensors.py took 0.053 seconds
[2023-06-18T14:48:38.821+0530] {processor.py:157} INFO - Started process (PID=4137) to work on /home/shubham/.local/lib/python3.10/site-packages/airflow/example_dags/example_sensors.py
[2023-06-18T14:48:38.822+0530] {processor.py:826} INFO - Processing file /home/shubham/.local/lib/python3.10/site-packages/airflow/example_dags/example_sensors.py for tasks to queue
[2023-06-18T14:48:38.822+0530] {logging_mixin.py:149} INFO - [2023-06-18T14:48:38.822+0530] {dagbag.py:541} INFO - Filling up the DagBag from /home/shubham/.local/lib/python3.10/site-packages/airflow/example_dags/example_sensors.py
[2023-06-18T14:48:38.829+0530] {processor.py:836} INFO - DAG(s) dict_keys(['example_sensors']) retrieved from /home/shubham/.local/lib/python3.10/site-packages/airflow/example_dags/example_sensors.py
[2023-06-18T14:48:38.844+0530] {logging_mixin.py:149} INFO - [2023-06-18T14:48:38.844+0530] {dag.py:2726} INFO - Sync 1 DAGs
[2023-06-18T14:48:38.855+0530] {logging_mixin.py:149} INFO - [2023-06-18T14:48:38.855+0530] {dag.py:3486} INFO - Setting next_dagrun for example_sensors to None, run_after=None
[2023-06-18T14:48:38.872+0530] {processor.py:179} INFO - Processing /home/shubham/.local/lib/python3.10/site-packages/airflow/example_dags/example_sensors.py took 0.053 seconds
[2023-06-18T14:49:22.173+0530] {processor.py:157} INFO - Started process (PID=4183) to work on /home/shubham/.local/lib/python3.10/site-packages/airflow/example_dags/example_sensors.py
[2023-06-18T14:49:22.174+0530] {processor.py:826} INFO - Processing file /home/shubham/.local/lib/python3.10/site-packages/airflow/example_dags/example_sensors.py for tasks to queue
[2023-06-18T14:49:22.175+0530] {logging_mixin.py:149} INFO - [2023-06-18T14:49:22.175+0530] {dagbag.py:541} INFO - Filling up the DagBag from /home/shubham/.local/lib/python3.10/site-packages/airflow/example_dags/example_sensors.py
[2023-06-18T14:49:22.182+0530] {processor.py:836} INFO - DAG(s) dict_keys(['example_sensors']) retrieved from /home/shubham/.local/lib/python3.10/site-packages/airflow/example_dags/example_sensors.py
[2023-06-18T14:49:22.198+0530] {logging_mixin.py:149} INFO - [2023-06-18T14:49:22.198+0530] {dag.py:2726} INFO - Sync 1 DAGs
[2023-06-18T14:49:22.210+0530] {logging_mixin.py:149} INFO - [2023-06-18T14:49:22.210+0530] {dag.py:3486} INFO - Setting next_dagrun for example_sensors to None, run_after=None
[2023-06-18T14:49:22.227+0530] {processor.py:179} INFO - Processing /home/shubham/.local/lib/python3.10/site-packages/airflow/example_dags/example_sensors.py took 0.056 seconds
[2023-06-18T14:50:03.319+0530] {processor.py:157} INFO - Started process (PID=4226) to work on /home/shubham/.local/lib/python3.10/site-packages/airflow/example_dags/example_sensors.py
[2023-06-18T14:50:03.321+0530] {processor.py:826} INFO - Processing file /home/shubham/.local/lib/python3.10/site-packages/airflow/example_dags/example_sensors.py for tasks to queue
[2023-06-18T14:50:03.322+0530] {logging_mixin.py:149} INFO - [2023-06-18T14:50:03.322+0530] {dagbag.py:541} INFO - Filling up the DagBag from /home/shubham/.local/lib/python3.10/site-packages/airflow/example_dags/example_sensors.py
[2023-06-18T14:50:03.330+0530] {processor.py:836} INFO - DAG(s) dict_keys(['example_sensors']) retrieved from /home/shubham/.local/lib/python3.10/site-packages/airflow/example_dags/example_sensors.py
[2023-06-18T14:50:03.348+0530] {logging_mixin.py:149} INFO - [2023-06-18T14:50:03.347+0530] {dag.py:2726} INFO - Sync 1 DAGs
[2023-06-18T14:50:03.362+0530] {logging_mixin.py:149} INFO - [2023-06-18T14:50:03.362+0530] {dag.py:3486} INFO - Setting next_dagrun for example_sensors to None, run_after=None
[2023-06-18T14:50:03.378+0530] {processor.py:179} INFO - Processing /home/shubham/.local/lib/python3.10/site-packages/airflow/example_dags/example_sensors.py took 0.061 seconds
[2023-06-18T14:50:44.265+0530] {processor.py:157} INFO - Started process (PID=4269) to work on /home/shubham/.local/lib/python3.10/site-packages/airflow/example_dags/example_sensors.py
[2023-06-18T14:50:44.267+0530] {processor.py:826} INFO - Processing file /home/shubham/.local/lib/python3.10/site-packages/airflow/example_dags/example_sensors.py for tasks to queue
[2023-06-18T14:50:44.267+0530] {logging_mixin.py:149} INFO - [2023-06-18T14:50:44.267+0530] {dagbag.py:541} INFO - Filling up the DagBag from /home/shubham/.local/lib/python3.10/site-packages/airflow/example_dags/example_sensors.py
[2023-06-18T14:50:44.274+0530] {processor.py:836} INFO - DAG(s) dict_keys(['example_sensors']) retrieved from /home/shubham/.local/lib/python3.10/site-packages/airflow/example_dags/example_sensors.py
[2023-06-18T14:50:44.289+0530] {logging_mixin.py:149} INFO - [2023-06-18T14:50:44.289+0530] {dag.py:2726} INFO - Sync 1 DAGs
[2023-06-18T14:50:44.301+0530] {logging_mixin.py:149} INFO - [2023-06-18T14:50:44.301+0530] {dag.py:3486} INFO - Setting next_dagrun for example_sensors to None, run_after=None
[2023-06-18T14:50:44.316+0530] {processor.py:179} INFO - Processing /home/shubham/.local/lib/python3.10/site-packages/airflow/example_dags/example_sensors.py took 0.053 seconds
[2023-06-18T14:51:24.408+0530] {processor.py:157} INFO - Started process (PID=4312) to work on /home/shubham/.local/lib/python3.10/site-packages/airflow/example_dags/example_sensors.py
[2023-06-18T14:51:24.410+0530] {processor.py:826} INFO - Processing file /home/shubham/.local/lib/python3.10/site-packages/airflow/example_dags/example_sensors.py for tasks to queue
[2023-06-18T14:51:24.410+0530] {logging_mixin.py:149} INFO - [2023-06-18T14:51:24.410+0530] {dagbag.py:541} INFO - Filling up the DagBag from /home/shubham/.local/lib/python3.10/site-packages/airflow/example_dags/example_sensors.py
[2023-06-18T14:51:24.417+0530] {processor.py:836} INFO - DAG(s) dict_keys(['example_sensors']) retrieved from /home/shubham/.local/lib/python3.10/site-packages/airflow/example_dags/example_sensors.py
[2023-06-18T14:51:24.432+0530] {logging_mixin.py:149} INFO - [2023-06-18T14:51:24.432+0530] {dag.py:2726} INFO - Sync 1 DAGs
[2023-06-18T14:51:24.444+0530] {logging_mixin.py:149} INFO - [2023-06-18T14:51:24.443+0530] {dag.py:3486} INFO - Setting next_dagrun for example_sensors to None, run_after=None
[2023-06-18T14:51:24.460+0530] {processor.py:179} INFO - Processing /home/shubham/.local/lib/python3.10/site-packages/airflow/example_dags/example_sensors.py took 0.054 seconds
[2023-06-18T14:52:09.253+0530] {processor.py:157} INFO - Started process (PID=4358) to work on /home/shubham/.local/lib/python3.10/site-packages/airflow/example_dags/example_sensors.py
[2023-06-18T14:52:09.254+0530] {processor.py:826} INFO - Processing file /home/shubham/.local/lib/python3.10/site-packages/airflow/example_dags/example_sensors.py for tasks to queue
[2023-06-18T14:52:09.255+0530] {logging_mixin.py:149} INFO - [2023-06-18T14:52:09.255+0530] {dagbag.py:541} INFO - Filling up the DagBag from /home/shubham/.local/lib/python3.10/site-packages/airflow/example_dags/example_sensors.py
[2023-06-18T14:52:09.262+0530] {processor.py:836} INFO - DAG(s) dict_keys(['example_sensors']) retrieved from /home/shubham/.local/lib/python3.10/site-packages/airflow/example_dags/example_sensors.py
[2023-06-18T14:52:09.277+0530] {logging_mixin.py:149} INFO - [2023-06-18T14:52:09.277+0530] {dag.py:2726} INFO - Sync 1 DAGs
[2023-06-18T14:52:09.289+0530] {logging_mixin.py:149} INFO - [2023-06-18T14:52:09.288+0530] {dag.py:3486} INFO - Setting next_dagrun for example_sensors to None, run_after=None
[2023-06-18T14:52:09.305+0530] {processor.py:179} INFO - Processing /home/shubham/.local/lib/python3.10/site-packages/airflow/example_dags/example_sensors.py took 0.054 seconds
[2023-06-18T14:52:52.608+0530] {processor.py:157} INFO - Started process (PID=4403) to work on /home/shubham/.local/lib/python3.10/site-packages/airflow/example_dags/example_sensors.py
[2023-06-18T14:52:52.609+0530] {processor.py:826} INFO - Processing file /home/shubham/.local/lib/python3.10/site-packages/airflow/example_dags/example_sensors.py for tasks to queue
[2023-06-18T14:52:52.609+0530] {logging_mixin.py:149} INFO - [2023-06-18T14:52:52.609+0530] {dagbag.py:541} INFO - Filling up the DagBag from /home/shubham/.local/lib/python3.10/site-packages/airflow/example_dags/example_sensors.py
[2023-06-18T14:52:52.617+0530] {processor.py:836} INFO - DAG(s) dict_keys(['example_sensors']) retrieved from /home/shubham/.local/lib/python3.10/site-packages/airflow/example_dags/example_sensors.py
[2023-06-18T14:52:52.634+0530] {logging_mixin.py:149} INFO - [2023-06-18T14:52:52.633+0530] {dag.py:2726} INFO - Sync 1 DAGs
[2023-06-18T14:52:52.651+0530] {logging_mixin.py:149} INFO - [2023-06-18T14:52:52.651+0530] {dag.py:3486} INFO - Setting next_dagrun for example_sensors to None, run_after=None
[2023-06-18T14:52:52.669+0530] {processor.py:179} INFO - Processing /home/shubham/.local/lib/python3.10/site-packages/airflow/example_dags/example_sensors.py took 0.064 seconds
[2023-06-18T14:53:37.804+0530] {processor.py:157} INFO - Started process (PID=4450) to work on /home/shubham/.local/lib/python3.10/site-packages/airflow/example_dags/example_sensors.py
[2023-06-18T14:53:37.806+0530] {processor.py:826} INFO - Processing file /home/shubham/.local/lib/python3.10/site-packages/airflow/example_dags/example_sensors.py for tasks to queue
[2023-06-18T14:53:37.806+0530] {logging_mixin.py:149} INFO - [2023-06-18T14:53:37.806+0530] {dagbag.py:541} INFO - Filling up the DagBag from /home/shubham/.local/lib/python3.10/site-packages/airflow/example_dags/example_sensors.py
[2023-06-18T14:53:37.813+0530] {processor.py:836} INFO - DAG(s) dict_keys(['example_sensors']) retrieved from /home/shubham/.local/lib/python3.10/site-packages/airflow/example_dags/example_sensors.py
[2023-06-18T14:53:37.828+0530] {logging_mixin.py:149} INFO - [2023-06-18T14:53:37.827+0530] {dag.py:2726} INFO - Sync 1 DAGs
[2023-06-18T14:53:37.839+0530] {logging_mixin.py:149} INFO - [2023-06-18T14:53:37.839+0530] {dag.py:3486} INFO - Setting next_dagrun for example_sensors to None, run_after=None
[2023-06-18T14:53:37.855+0530] {processor.py:179} INFO - Processing /home/shubham/.local/lib/python3.10/site-packages/airflow/example_dags/example_sensors.py took 0.053 seconds
[2023-06-18T14:54:23.952+0530] {processor.py:157} INFO - Started process (PID=4497) to work on /home/shubham/.local/lib/python3.10/site-packages/airflow/example_dags/example_sensors.py
[2023-06-18T14:54:23.953+0530] {processor.py:826} INFO - Processing file /home/shubham/.local/lib/python3.10/site-packages/airflow/example_dags/example_sensors.py for tasks to queue
[2023-06-18T14:54:23.954+0530] {logging_mixin.py:149} INFO - [2023-06-18T14:54:23.954+0530] {dagbag.py:541} INFO - Filling up the DagBag from /home/shubham/.local/lib/python3.10/site-packages/airflow/example_dags/example_sensors.py
[2023-06-18T14:54:23.960+0530] {processor.py:836} INFO - DAG(s) dict_keys(['example_sensors']) retrieved from /home/shubham/.local/lib/python3.10/site-packages/airflow/example_dags/example_sensors.py
[2023-06-18T14:54:23.975+0530] {logging_mixin.py:149} INFO - [2023-06-18T14:54:23.975+0530] {dag.py:2726} INFO - Sync 1 DAGs
[2023-06-18T14:54:23.987+0530] {logging_mixin.py:149} INFO - [2023-06-18T14:54:23.987+0530] {dag.py:3486} INFO - Setting next_dagrun for example_sensors to None, run_after=None
[2023-06-18T14:54:24.003+0530] {processor.py:179} INFO - Processing /home/shubham/.local/lib/python3.10/site-packages/airflow/example_dags/example_sensors.py took 0.054 seconds
[2023-06-18T14:55:09.113+0530] {processor.py:157} INFO - Started process (PID=4544) to work on /home/shubham/.local/lib/python3.10/site-packages/airflow/example_dags/example_sensors.py
[2023-06-18T14:55:09.115+0530] {processor.py:826} INFO - Processing file /home/shubham/.local/lib/python3.10/site-packages/airflow/example_dags/example_sensors.py for tasks to queue
[2023-06-18T14:55:09.115+0530] {logging_mixin.py:149} INFO - [2023-06-18T14:55:09.115+0530] {dagbag.py:541} INFO - Filling up the DagBag from /home/shubham/.local/lib/python3.10/site-packages/airflow/example_dags/example_sensors.py
[2023-06-18T14:55:09.122+0530] {processor.py:836} INFO - DAG(s) dict_keys(['example_sensors']) retrieved from /home/shubham/.local/lib/python3.10/site-packages/airflow/example_dags/example_sensors.py
[2023-06-18T14:55:09.137+0530] {logging_mixin.py:149} INFO - [2023-06-18T14:55:09.137+0530] {dag.py:2726} INFO - Sync 1 DAGs
[2023-06-18T14:55:09.149+0530] {logging_mixin.py:149} INFO - [2023-06-18T14:55:09.149+0530] {dag.py:3486} INFO - Setting next_dagrun for example_sensors to None, run_after=None
[2023-06-18T14:55:09.165+0530] {processor.py:179} INFO - Processing /home/shubham/.local/lib/python3.10/site-packages/airflow/example_dags/example_sensors.py took 0.054 seconds
[2023-06-18T14:55:52.784+0530] {processor.py:157} INFO - Started process (PID=4589) to work on /home/shubham/.local/lib/python3.10/site-packages/airflow/example_dags/example_sensors.py
[2023-06-18T14:55:52.786+0530] {processor.py:826} INFO - Processing file /home/shubham/.local/lib/python3.10/site-packages/airflow/example_dags/example_sensors.py for tasks to queue
[2023-06-18T14:55:52.786+0530] {logging_mixin.py:149} INFO - [2023-06-18T14:55:52.786+0530] {dagbag.py:541} INFO - Filling up the DagBag from /home/shubham/.local/lib/python3.10/site-packages/airflow/example_dags/example_sensors.py
[2023-06-18T14:55:52.793+0530] {processor.py:836} INFO - DAG(s) dict_keys(['example_sensors']) retrieved from /home/shubham/.local/lib/python3.10/site-packages/airflow/example_dags/example_sensors.py
[2023-06-18T14:55:52.807+0530] {logging_mixin.py:149} INFO - [2023-06-18T14:55:52.807+0530] {dag.py:2726} INFO - Sync 1 DAGs
[2023-06-18T14:55:52.820+0530] {logging_mixin.py:149} INFO - [2023-06-18T14:55:52.819+0530] {dag.py:3486} INFO - Setting next_dagrun for example_sensors to None, run_after=None
[2023-06-18T14:55:52.835+0530] {processor.py:179} INFO - Processing /home/shubham/.local/lib/python3.10/site-packages/airflow/example_dags/example_sensors.py took 0.053 seconds
[2023-06-18T14:56:37.374+0530] {processor.py:157} INFO - Started process (PID=4636) to work on /home/shubham/.local/lib/python3.10/site-packages/airflow/example_dags/example_sensors.py
[2023-06-18T14:56:37.376+0530] {processor.py:826} INFO - Processing file /home/shubham/.local/lib/python3.10/site-packages/airflow/example_dags/example_sensors.py for tasks to queue
[2023-06-18T14:56:37.376+0530] {logging_mixin.py:149} INFO - [2023-06-18T14:56:37.376+0530] {dagbag.py:541} INFO - Filling up the DagBag from /home/shubham/.local/lib/python3.10/site-packages/airflow/example_dags/example_sensors.py
[2023-06-18T14:56:37.384+0530] {processor.py:836} INFO - DAG(s) dict_keys(['example_sensors']) retrieved from /home/shubham/.local/lib/python3.10/site-packages/airflow/example_dags/example_sensors.py
[2023-06-18T14:56:37.399+0530] {logging_mixin.py:149} INFO - [2023-06-18T14:56:37.399+0530] {dag.py:2726} INFO - Sync 1 DAGs
[2023-06-18T14:56:37.411+0530] {logging_mixin.py:149} INFO - [2023-06-18T14:56:37.411+0530] {dag.py:3486} INFO - Setting next_dagrun for example_sensors to None, run_after=None
[2023-06-18T14:56:37.427+0530] {processor.py:179} INFO - Processing /home/shubham/.local/lib/python3.10/site-packages/airflow/example_dags/example_sensors.py took 0.055 seconds
[2023-06-18T14:57:20.959+0530] {processor.py:157} INFO - Started process (PID=4686) to work on /home/shubham/.local/lib/python3.10/site-packages/airflow/example_dags/example_sensors.py
[2023-06-18T14:57:20.960+0530] {processor.py:826} INFO - Processing file /home/shubham/.local/lib/python3.10/site-packages/airflow/example_dags/example_sensors.py for tasks to queue
[2023-06-18T14:57:20.961+0530] {logging_mixin.py:149} INFO - [2023-06-18T14:57:20.960+0530] {dagbag.py:541} INFO - Filling up the DagBag from /home/shubham/.local/lib/python3.10/site-packages/airflow/example_dags/example_sensors.py
[2023-06-18T14:57:20.969+0530] {processor.py:836} INFO - DAG(s) dict_keys(['example_sensors']) retrieved from /home/shubham/.local/lib/python3.10/site-packages/airflow/example_dags/example_sensors.py
[2023-06-18T14:57:20.986+0530] {logging_mixin.py:149} INFO - [2023-06-18T14:57:20.986+0530] {dag.py:2726} INFO - Sync 1 DAGs
[2023-06-18T14:57:21.000+0530] {logging_mixin.py:149} INFO - [2023-06-18T14:57:21.000+0530] {dag.py:3486} INFO - Setting next_dagrun for example_sensors to None, run_after=None
[2023-06-18T14:57:21.016+0530] {processor.py:179} INFO - Processing /home/shubham/.local/lib/python3.10/site-packages/airflow/example_dags/example_sensors.py took 0.059 seconds
[2023-06-18T14:58:03.354+0530] {processor.py:157} INFO - Started process (PID=4730) to work on /home/shubham/.local/lib/python3.10/site-packages/airflow/example_dags/example_sensors.py
[2023-06-18T14:58:03.355+0530] {processor.py:826} INFO - Processing file /home/shubham/.local/lib/python3.10/site-packages/airflow/example_dags/example_sensors.py for tasks to queue
[2023-06-18T14:58:03.356+0530] {logging_mixin.py:149} INFO - [2023-06-18T14:58:03.356+0530] {dagbag.py:541} INFO - Filling up the DagBag from /home/shubham/.local/lib/python3.10/site-packages/airflow/example_dags/example_sensors.py
[2023-06-18T14:58:03.363+0530] {processor.py:836} INFO - DAG(s) dict_keys(['example_sensors']) retrieved from /home/shubham/.local/lib/python3.10/site-packages/airflow/example_dags/example_sensors.py
[2023-06-18T14:58:03.378+0530] {logging_mixin.py:149} INFO - [2023-06-18T14:58:03.378+0530] {dag.py:2726} INFO - Sync 1 DAGs
[2023-06-18T14:58:03.389+0530] {logging_mixin.py:149} INFO - [2023-06-18T14:58:03.389+0530] {dag.py:3486} INFO - Setting next_dagrun for example_sensors to None, run_after=None
[2023-06-18T14:58:03.407+0530] {processor.py:179} INFO - Processing /home/shubham/.local/lib/python3.10/site-packages/airflow/example_dags/example_sensors.py took 0.055 seconds
[2023-06-18T14:58:44.752+0530] {processor.py:157} INFO - Started process (PID=4775) to work on /home/shubham/.local/lib/python3.10/site-packages/airflow/example_dags/example_sensors.py
[2023-06-18T14:58:44.753+0530] {processor.py:826} INFO - Processing file /home/shubham/.local/lib/python3.10/site-packages/airflow/example_dags/example_sensors.py for tasks to queue
[2023-06-18T14:58:44.754+0530] {logging_mixin.py:149} INFO - [2023-06-18T14:58:44.754+0530] {dagbag.py:541} INFO - Filling up the DagBag from /home/shubham/.local/lib/python3.10/site-packages/airflow/example_dags/example_sensors.py
[2023-06-18T14:58:44.761+0530] {processor.py:836} INFO - DAG(s) dict_keys(['example_sensors']) retrieved from /home/shubham/.local/lib/python3.10/site-packages/airflow/example_dags/example_sensors.py
[2023-06-18T14:58:44.775+0530] {logging_mixin.py:149} INFO - [2023-06-18T14:58:44.775+0530] {dag.py:2726} INFO - Sync 1 DAGs
[2023-06-18T14:58:44.787+0530] {logging_mixin.py:149} INFO - [2023-06-18T14:58:44.787+0530] {dag.py:3486} INFO - Setting next_dagrun for example_sensors to None, run_after=None
[2023-06-18T14:58:44.805+0530] {processor.py:179} INFO - Processing /home/shubham/.local/lib/python3.10/site-packages/airflow/example_dags/example_sensors.py took 0.055 seconds
[2023-06-18T14:59:26.934+0530] {processor.py:157} INFO - Started process (PID=4819) to work on /home/shubham/.local/lib/python3.10/site-packages/airflow/example_dags/example_sensors.py
[2023-06-18T14:59:26.936+0530] {processor.py:826} INFO - Processing file /home/shubham/.local/lib/python3.10/site-packages/airflow/example_dags/example_sensors.py for tasks to queue
[2023-06-18T14:59:26.937+0530] {logging_mixin.py:149} INFO - [2023-06-18T14:59:26.937+0530] {dagbag.py:541} INFO - Filling up the DagBag from /home/shubham/.local/lib/python3.10/site-packages/airflow/example_dags/example_sensors.py
[2023-06-18T14:59:26.944+0530] {processor.py:836} INFO - DAG(s) dict_keys(['example_sensors']) retrieved from /home/shubham/.local/lib/python3.10/site-packages/airflow/example_dags/example_sensors.py
[2023-06-18T14:59:26.959+0530] {logging_mixin.py:149} INFO - [2023-06-18T14:59:26.959+0530] {dag.py:2726} INFO - Sync 1 DAGs
[2023-06-18T14:59:26.971+0530] {logging_mixin.py:149} INFO - [2023-06-18T14:59:26.971+0530] {dag.py:3486} INFO - Setting next_dagrun for example_sensors to None, run_after=None
[2023-06-18T14:59:26.987+0530] {processor.py:179} INFO - Processing /home/shubham/.local/lib/python3.10/site-packages/airflow/example_dags/example_sensors.py took 0.055 seconds
[2023-06-18T15:00:11.895+0530] {processor.py:157} INFO - Started process (PID=4866) to work on /home/shubham/.local/lib/python3.10/site-packages/airflow/example_dags/example_sensors.py
[2023-06-18T15:00:11.897+0530] {processor.py:826} INFO - Processing file /home/shubham/.local/lib/python3.10/site-packages/airflow/example_dags/example_sensors.py for tasks to queue
[2023-06-18T15:00:11.897+0530] {logging_mixin.py:149} INFO - [2023-06-18T15:00:11.897+0530] {dagbag.py:541} INFO - Filling up the DagBag from /home/shubham/.local/lib/python3.10/site-packages/airflow/example_dags/example_sensors.py
[2023-06-18T15:00:11.904+0530] {processor.py:836} INFO - DAG(s) dict_keys(['example_sensors']) retrieved from /home/shubham/.local/lib/python3.10/site-packages/airflow/example_dags/example_sensors.py
[2023-06-18T15:00:11.919+0530] {logging_mixin.py:149} INFO - [2023-06-18T15:00:11.919+0530] {dag.py:2726} INFO - Sync 1 DAGs
[2023-06-18T15:00:11.931+0530] {logging_mixin.py:149} INFO - [2023-06-18T15:00:11.931+0530] {dag.py:3486} INFO - Setting next_dagrun for example_sensors to None, run_after=None
[2023-06-18T15:00:11.947+0530] {processor.py:179} INFO - Processing /home/shubham/.local/lib/python3.10/site-packages/airflow/example_dags/example_sensors.py took 0.054 seconds
[2023-06-18T15:00:54.491+0530] {processor.py:157} INFO - Started process (PID=4909) to work on /home/shubham/.local/lib/python3.10/site-packages/airflow/example_dags/example_sensors.py
[2023-06-18T15:00:54.493+0530] {processor.py:826} INFO - Processing file /home/shubham/.local/lib/python3.10/site-packages/airflow/example_dags/example_sensors.py for tasks to queue
[2023-06-18T15:00:54.493+0530] {logging_mixin.py:149} INFO - [2023-06-18T15:00:54.493+0530] {dagbag.py:541} INFO - Filling up the DagBag from /home/shubham/.local/lib/python3.10/site-packages/airflow/example_dags/example_sensors.py
[2023-06-18T15:00:54.500+0530] {processor.py:836} INFO - DAG(s) dict_keys(['example_sensors']) retrieved from /home/shubham/.local/lib/python3.10/site-packages/airflow/example_dags/example_sensors.py
[2023-06-18T15:00:54.514+0530] {logging_mixin.py:149} INFO - [2023-06-18T15:00:54.514+0530] {dag.py:2726} INFO - Sync 1 DAGs
[2023-06-18T15:00:54.527+0530] {logging_mixin.py:149} INFO - [2023-06-18T15:00:54.526+0530] {dag.py:3486} INFO - Setting next_dagrun for example_sensors to None, run_after=None
[2023-06-18T15:00:54.543+0530] {processor.py:179} INFO - Processing /home/shubham/.local/lib/python3.10/site-packages/airflow/example_dags/example_sensors.py took 0.055 seconds
[2023-06-18T15:01:39.162+0530] {processor.py:157} INFO - Started process (PID=4955) to work on /home/shubham/.local/lib/python3.10/site-packages/airflow/example_dags/example_sensors.py
[2023-06-18T15:01:39.164+0530] {processor.py:826} INFO - Processing file /home/shubham/.local/lib/python3.10/site-packages/airflow/example_dags/example_sensors.py for tasks to queue
[2023-06-18T15:01:39.164+0530] {logging_mixin.py:149} INFO - [2023-06-18T15:01:39.164+0530] {dagbag.py:541} INFO - Filling up the DagBag from /home/shubham/.local/lib/python3.10/site-packages/airflow/example_dags/example_sensors.py
[2023-06-18T15:01:39.171+0530] {processor.py:836} INFO - DAG(s) dict_keys(['example_sensors']) retrieved from /home/shubham/.local/lib/python3.10/site-packages/airflow/example_dags/example_sensors.py
[2023-06-18T15:01:39.187+0530] {logging_mixin.py:149} INFO - [2023-06-18T15:01:39.187+0530] {dag.py:2726} INFO - Sync 1 DAGs
[2023-06-18T15:01:39.200+0530] {logging_mixin.py:149} INFO - [2023-06-18T15:01:39.200+0530] {dag.py:3486} INFO - Setting next_dagrun for example_sensors to None, run_after=None
[2023-06-18T15:01:39.216+0530] {processor.py:179} INFO - Processing /home/shubham/.local/lib/python3.10/site-packages/airflow/example_dags/example_sensors.py took 0.056 seconds
[2023-06-18T15:02:25.237+0530] {processor.py:157} INFO - Started process (PID=5004) to work on /home/shubham/.local/lib/python3.10/site-packages/airflow/example_dags/example_sensors.py
[2023-06-18T15:02:25.238+0530] {processor.py:826} INFO - Processing file /home/shubham/.local/lib/python3.10/site-packages/airflow/example_dags/example_sensors.py for tasks to queue
[2023-06-18T15:02:25.239+0530] {logging_mixin.py:149} INFO - [2023-06-18T15:02:25.239+0530] {dagbag.py:541} INFO - Filling up the DagBag from /home/shubham/.local/lib/python3.10/site-packages/airflow/example_dags/example_sensors.py
[2023-06-18T15:02:25.245+0530] {processor.py:836} INFO - DAG(s) dict_keys(['example_sensors']) retrieved from /home/shubham/.local/lib/python3.10/site-packages/airflow/example_dags/example_sensors.py
[2023-06-18T15:02:25.260+0530] {logging_mixin.py:149} INFO - [2023-06-18T15:02:25.260+0530] {dag.py:2726} INFO - Sync 1 DAGs
[2023-06-18T15:02:25.273+0530] {logging_mixin.py:149} INFO - [2023-06-18T15:02:25.272+0530] {dag.py:3486} INFO - Setting next_dagrun for example_sensors to None, run_after=None
[2023-06-18T15:02:25.288+0530] {processor.py:179} INFO - Processing /home/shubham/.local/lib/python3.10/site-packages/airflow/example_dags/example_sensors.py took 0.053 seconds
[2023-06-18T15:03:05.573+0530] {processor.py:157} INFO - Started process (PID=5045) to work on /home/shubham/.local/lib/python3.10/site-packages/airflow/example_dags/example_sensors.py
[2023-06-18T15:03:05.574+0530] {processor.py:826} INFO - Processing file /home/shubham/.local/lib/python3.10/site-packages/airflow/example_dags/example_sensors.py for tasks to queue
[2023-06-18T15:03:05.575+0530] {logging_mixin.py:149} INFO - [2023-06-18T15:03:05.575+0530] {dagbag.py:541} INFO - Filling up the DagBag from /home/shubham/.local/lib/python3.10/site-packages/airflow/example_dags/example_sensors.py
[2023-06-18T15:03:05.582+0530] {processor.py:836} INFO - DAG(s) dict_keys(['example_sensors']) retrieved from /home/shubham/.local/lib/python3.10/site-packages/airflow/example_dags/example_sensors.py
[2023-06-18T15:03:05.596+0530] {logging_mixin.py:149} INFO - [2023-06-18T15:03:05.596+0530] {dag.py:2726} INFO - Sync 1 DAGs
[2023-06-18T15:03:05.608+0530] {logging_mixin.py:149} INFO - [2023-06-18T15:03:05.608+0530] {dag.py:3486} INFO - Setting next_dagrun for example_sensors to None, run_after=None
[2023-06-18T15:03:05.625+0530] {processor.py:179} INFO - Processing /home/shubham/.local/lib/python3.10/site-packages/airflow/example_dags/example_sensors.py took 0.055 seconds
[2023-06-18T15:03:48.517+0530] {processor.py:157} INFO - Started process (PID=5091) to work on /home/shubham/.local/lib/python3.10/site-packages/airflow/example_dags/example_sensors.py
[2023-06-18T15:03:48.518+0530] {processor.py:826} INFO - Processing file /home/shubham/.local/lib/python3.10/site-packages/airflow/example_dags/example_sensors.py for tasks to queue
[2023-06-18T15:03:48.519+0530] {logging_mixin.py:149} INFO - [2023-06-18T15:03:48.518+0530] {dagbag.py:541} INFO - Filling up the DagBag from /home/shubham/.local/lib/python3.10/site-packages/airflow/example_dags/example_sensors.py
[2023-06-18T15:03:48.525+0530] {processor.py:836} INFO - DAG(s) dict_keys(['example_sensors']) retrieved from /home/shubham/.local/lib/python3.10/site-packages/airflow/example_dags/example_sensors.py
[2023-06-18T15:03:48.540+0530] {logging_mixin.py:149} INFO - [2023-06-18T15:03:48.540+0530] {dag.py:2726} INFO - Sync 1 DAGs
[2023-06-18T15:03:48.552+0530] {logging_mixin.py:149} INFO - [2023-06-18T15:03:48.552+0530] {dag.py:3486} INFO - Setting next_dagrun for example_sensors to None, run_after=None
[2023-06-18T15:03:48.570+0530] {processor.py:179} INFO - Processing /home/shubham/.local/lib/python3.10/site-packages/airflow/example_dags/example_sensors.py took 0.056 seconds
[2023-06-18T15:04:32.196+0530] {processor.py:157} INFO - Started process (PID=5137) to work on /home/shubham/.local/lib/python3.10/site-packages/airflow/example_dags/example_sensors.py
[2023-06-18T15:04:32.197+0530] {processor.py:826} INFO - Processing file /home/shubham/.local/lib/python3.10/site-packages/airflow/example_dags/example_sensors.py for tasks to queue
[2023-06-18T15:04:32.198+0530] {logging_mixin.py:149} INFO - [2023-06-18T15:04:32.198+0530] {dagbag.py:541} INFO - Filling up the DagBag from /home/shubham/.local/lib/python3.10/site-packages/airflow/example_dags/example_sensors.py
[2023-06-18T15:04:32.205+0530] {processor.py:836} INFO - DAG(s) dict_keys(['example_sensors']) retrieved from /home/shubham/.local/lib/python3.10/site-packages/airflow/example_dags/example_sensors.py
[2023-06-18T15:04:32.219+0530] {logging_mixin.py:149} INFO - [2023-06-18T15:04:32.219+0530] {dag.py:2726} INFO - Sync 1 DAGs
[2023-06-18T15:04:32.240+0530] {logging_mixin.py:149} INFO - [2023-06-18T15:04:32.240+0530] {dag.py:3486} INFO - Setting next_dagrun for example_sensors to None, run_after=None
[2023-06-18T15:04:32.256+0530] {processor.py:179} INFO - Processing /home/shubham/.local/lib/python3.10/site-packages/airflow/example_dags/example_sensors.py took 0.063 seconds
[2023-06-18T15:05:16.339+0530] {processor.py:157} INFO - Started process (PID=5181) to work on /home/shubham/.local/lib/python3.10/site-packages/airflow/example_dags/example_sensors.py
[2023-06-18T15:05:16.341+0530] {processor.py:826} INFO - Processing file /home/shubham/.local/lib/python3.10/site-packages/airflow/example_dags/example_sensors.py for tasks to queue
[2023-06-18T15:05:16.341+0530] {logging_mixin.py:149} INFO - [2023-06-18T15:05:16.341+0530] {dagbag.py:541} INFO - Filling up the DagBag from /home/shubham/.local/lib/python3.10/site-packages/airflow/example_dags/example_sensors.py
[2023-06-18T15:05:16.348+0530] {processor.py:836} INFO - DAG(s) dict_keys(['example_sensors']) retrieved from /home/shubham/.local/lib/python3.10/site-packages/airflow/example_dags/example_sensors.py
[2023-06-18T15:05:16.363+0530] {logging_mixin.py:149} INFO - [2023-06-18T15:05:16.363+0530] {dag.py:2726} INFO - Sync 1 DAGs
[2023-06-18T15:05:16.375+0530] {logging_mixin.py:149} INFO - [2023-06-18T15:05:16.374+0530] {dag.py:3486} INFO - Setting next_dagrun for example_sensors to None, run_after=None
[2023-06-18T15:05:16.391+0530] {processor.py:179} INFO - Processing /home/shubham/.local/lib/python3.10/site-packages/airflow/example_dags/example_sensors.py took 0.054 seconds
[2023-06-18T15:05:59.220+0530] {processor.py:157} INFO - Started process (PID=5227) to work on /home/shubham/.local/lib/python3.10/site-packages/airflow/example_dags/example_sensors.py
[2023-06-18T15:05:59.222+0530] {processor.py:826} INFO - Processing file /home/shubham/.local/lib/python3.10/site-packages/airflow/example_dags/example_sensors.py for tasks to queue
[2023-06-18T15:05:59.222+0530] {logging_mixin.py:149} INFO - [2023-06-18T15:05:59.222+0530] {dagbag.py:541} INFO - Filling up the DagBag from /home/shubham/.local/lib/python3.10/site-packages/airflow/example_dags/example_sensors.py
[2023-06-18T15:05:59.229+0530] {processor.py:836} INFO - DAG(s) dict_keys(['example_sensors']) retrieved from /home/shubham/.local/lib/python3.10/site-packages/airflow/example_dags/example_sensors.py
[2023-06-18T15:05:59.244+0530] {logging_mixin.py:149} INFO - [2023-06-18T15:05:59.244+0530] {dag.py:2726} INFO - Sync 1 DAGs
[2023-06-18T15:05:59.256+0530] {logging_mixin.py:149} INFO - [2023-06-18T15:05:59.256+0530] {dag.py:3486} INFO - Setting next_dagrun for example_sensors to None, run_after=None
[2023-06-18T15:05:59.273+0530] {processor.py:179} INFO - Processing /home/shubham/.local/lib/python3.10/site-packages/airflow/example_dags/example_sensors.py took 0.054 seconds
[2023-06-18T15:06:45.751+0530] {processor.py:157} INFO - Started process (PID=5273) to work on /home/shubham/.local/lib/python3.10/site-packages/airflow/example_dags/example_sensors.py
[2023-06-18T15:06:45.753+0530] {processor.py:826} INFO - Processing file /home/shubham/.local/lib/python3.10/site-packages/airflow/example_dags/example_sensors.py for tasks to queue
[2023-06-18T15:06:45.753+0530] {logging_mixin.py:149} INFO - [2023-06-18T15:06:45.753+0530] {dagbag.py:541} INFO - Filling up the DagBag from /home/shubham/.local/lib/python3.10/site-packages/airflow/example_dags/example_sensors.py
[2023-06-18T15:06:45.762+0530] {processor.py:836} INFO - DAG(s) dict_keys(['example_sensors']) retrieved from /home/shubham/.local/lib/python3.10/site-packages/airflow/example_dags/example_sensors.py
[2023-06-18T15:06:45.781+0530] {logging_mixin.py:149} INFO - [2023-06-18T15:06:45.781+0530] {dag.py:2726} INFO - Sync 1 DAGs
[2023-06-18T15:06:45.797+0530] {logging_mixin.py:149} INFO - [2023-06-18T15:06:45.797+0530] {dag.py:3486} INFO - Setting next_dagrun for example_sensors to None, run_after=None
[2023-06-18T15:06:45.820+0530] {processor.py:179} INFO - Processing /home/shubham/.local/lib/python3.10/site-packages/airflow/example_dags/example_sensors.py took 0.072 seconds
[2023-06-18T15:07:33.728+0530] {processor.py:157} INFO - Started process (PID=5323) to work on /home/shubham/.local/lib/python3.10/site-packages/airflow/example_dags/example_sensors.py
[2023-06-18T15:07:33.730+0530] {processor.py:826} INFO - Processing file /home/shubham/.local/lib/python3.10/site-packages/airflow/example_dags/example_sensors.py for tasks to queue
[2023-06-18T15:07:33.731+0530] {logging_mixin.py:149} INFO - [2023-06-18T15:07:33.731+0530] {dagbag.py:541} INFO - Filling up the DagBag from /home/shubham/.local/lib/python3.10/site-packages/airflow/example_dags/example_sensors.py
[2023-06-18T15:07:33.740+0530] {processor.py:836} INFO - DAG(s) dict_keys(['example_sensors']) retrieved from /home/shubham/.local/lib/python3.10/site-packages/airflow/example_dags/example_sensors.py
[2023-06-18T15:07:33.759+0530] {logging_mixin.py:149} INFO - [2023-06-18T15:07:33.759+0530] {dag.py:2726} INFO - Sync 1 DAGs
[2023-06-18T15:07:33.776+0530] {logging_mixin.py:149} INFO - [2023-06-18T15:07:33.775+0530] {dag.py:3486} INFO - Setting next_dagrun for example_sensors to None, run_after=None
[2023-06-18T15:07:33.798+0530] {processor.py:179} INFO - Processing /home/shubham/.local/lib/python3.10/site-packages/airflow/example_dags/example_sensors.py took 0.075 seconds
[2023-06-18T15:08:19.973+0530] {processor.py:157} INFO - Started process (PID=5370) to work on /home/shubham/.local/lib/python3.10/site-packages/airflow/example_dags/example_sensors.py
[2023-06-18T15:08:19.975+0530] {processor.py:826} INFO - Processing file /home/shubham/.local/lib/python3.10/site-packages/airflow/example_dags/example_sensors.py for tasks to queue
[2023-06-18T15:08:19.976+0530] {logging_mixin.py:149} INFO - [2023-06-18T15:08:19.975+0530] {dagbag.py:541} INFO - Filling up the DagBag from /home/shubham/.local/lib/python3.10/site-packages/airflow/example_dags/example_sensors.py
[2023-06-18T15:08:19.985+0530] {processor.py:836} INFO - DAG(s) dict_keys(['example_sensors']) retrieved from /home/shubham/.local/lib/python3.10/site-packages/airflow/example_dags/example_sensors.py
[2023-06-18T15:08:20.004+0530] {logging_mixin.py:149} INFO - [2023-06-18T15:08:20.004+0530] {dag.py:2726} INFO - Sync 1 DAGs
[2023-06-18T15:08:20.020+0530] {logging_mixin.py:149} INFO - [2023-06-18T15:08:20.019+0530] {dag.py:3486} INFO - Setting next_dagrun for example_sensors to None, run_after=None
[2023-06-18T15:08:20.043+0530] {processor.py:179} INFO - Processing /home/shubham/.local/lib/python3.10/site-packages/airflow/example_dags/example_sensors.py took 0.073 seconds
[2023-06-18T15:09:03.108+0530] {processor.py:157} INFO - Started process (PID=5415) to work on /home/shubham/.local/lib/python3.10/site-packages/airflow/example_dags/example_sensors.py
[2023-06-18T15:09:03.110+0530] {processor.py:826} INFO - Processing file /home/shubham/.local/lib/python3.10/site-packages/airflow/example_dags/example_sensors.py for tasks to queue
[2023-06-18T15:09:03.111+0530] {logging_mixin.py:149} INFO - [2023-06-18T15:09:03.111+0530] {dagbag.py:541} INFO - Filling up the DagBag from /home/shubham/.local/lib/python3.10/site-packages/airflow/example_dags/example_sensors.py
[2023-06-18T15:09:03.122+0530] {processor.py:836} INFO - DAG(s) dict_keys(['example_sensors']) retrieved from /home/shubham/.local/lib/python3.10/site-packages/airflow/example_dags/example_sensors.py
[2023-06-18T15:09:03.140+0530] {logging_mixin.py:149} INFO - [2023-06-18T15:09:03.140+0530] {dag.py:2726} INFO - Sync 1 DAGs
[2023-06-18T15:09:03.156+0530] {logging_mixin.py:149} INFO - [2023-06-18T15:09:03.156+0530] {dag.py:3486} INFO - Setting next_dagrun for example_sensors to None, run_after=None
[2023-06-18T15:09:03.181+0530] {processor.py:179} INFO - Processing /home/shubham/.local/lib/python3.10/site-packages/airflow/example_dags/example_sensors.py took 0.076 seconds
[2023-06-18T15:09:47.770+0530] {processor.py:157} INFO - Started process (PID=5461) to work on /home/shubham/.local/lib/python3.10/site-packages/airflow/example_dags/example_sensors.py
[2023-06-18T15:09:47.772+0530] {processor.py:826} INFO - Processing file /home/shubham/.local/lib/python3.10/site-packages/airflow/example_dags/example_sensors.py for tasks to queue
[2023-06-18T15:09:47.773+0530] {logging_mixin.py:149} INFO - [2023-06-18T15:09:47.773+0530] {dagbag.py:541} INFO - Filling up the DagBag from /home/shubham/.local/lib/python3.10/site-packages/airflow/example_dags/example_sensors.py
[2023-06-18T15:09:47.781+0530] {processor.py:836} INFO - DAG(s) dict_keys(['example_sensors']) retrieved from /home/shubham/.local/lib/python3.10/site-packages/airflow/example_dags/example_sensors.py
[2023-06-18T15:09:47.800+0530] {logging_mixin.py:149} INFO - [2023-06-18T15:09:47.800+0530] {dag.py:2726} INFO - Sync 1 DAGs
[2023-06-18T15:09:47.815+0530] {logging_mixin.py:149} INFO - [2023-06-18T15:09:47.815+0530] {dag.py:3486} INFO - Setting next_dagrun for example_sensors to None, run_after=None
[2023-06-18T15:09:47.838+0530] {processor.py:179} INFO - Processing /home/shubham/.local/lib/python3.10/site-packages/airflow/example_dags/example_sensors.py took 0.071 seconds
[2023-06-18T15:10:31.161+0530] {processor.py:157} INFO - Started process (PID=5507) to work on /home/shubham/.local/lib/python3.10/site-packages/airflow/example_dags/example_sensors.py
[2023-06-18T15:10:31.163+0530] {processor.py:826} INFO - Processing file /home/shubham/.local/lib/python3.10/site-packages/airflow/example_dags/example_sensors.py for tasks to queue
[2023-06-18T15:10:31.164+0530] {logging_mixin.py:149} INFO - [2023-06-18T15:10:31.164+0530] {dagbag.py:541} INFO - Filling up the DagBag from /home/shubham/.local/lib/python3.10/site-packages/airflow/example_dags/example_sensors.py
[2023-06-18T15:10:31.174+0530] {processor.py:836} INFO - DAG(s) dict_keys(['example_sensors']) retrieved from /home/shubham/.local/lib/python3.10/site-packages/airflow/example_dags/example_sensors.py
[2023-06-18T15:10:31.201+0530] {logging_mixin.py:149} INFO - [2023-06-18T15:10:31.201+0530] {dag.py:2726} INFO - Sync 1 DAGs
[2023-06-18T15:10:31.222+0530] {logging_mixin.py:149} INFO - [2023-06-18T15:10:31.222+0530] {dag.py:3486} INFO - Setting next_dagrun for example_sensors to None, run_after=None
[2023-06-18T15:10:31.252+0530] {processor.py:179} INFO - Processing /home/shubham/.local/lib/python3.10/site-packages/airflow/example_dags/example_sensors.py took 0.094 seconds
[2023-06-18T15:11:12.935+0530] {processor.py:157} INFO - Started process (PID=5550) to work on /home/shubham/.local/lib/python3.10/site-packages/airflow/example_dags/example_sensors.py
[2023-06-18T15:11:12.937+0530] {processor.py:826} INFO - Processing file /home/shubham/.local/lib/python3.10/site-packages/airflow/example_dags/example_sensors.py for tasks to queue
[2023-06-18T15:11:12.938+0530] {logging_mixin.py:149} INFO - [2023-06-18T15:11:12.938+0530] {dagbag.py:541} INFO - Filling up the DagBag from /home/shubham/.local/lib/python3.10/site-packages/airflow/example_dags/example_sensors.py
[2023-06-18T15:11:12.948+0530] {processor.py:836} INFO - DAG(s) dict_keys(['example_sensors']) retrieved from /home/shubham/.local/lib/python3.10/site-packages/airflow/example_dags/example_sensors.py
[2023-06-18T15:11:12.971+0530] {logging_mixin.py:149} INFO - [2023-06-18T15:11:12.971+0530] {dag.py:2726} INFO - Sync 1 DAGs
[2023-06-18T15:11:12.990+0530] {logging_mixin.py:149} INFO - [2023-06-18T15:11:12.990+0530] {dag.py:3486} INFO - Setting next_dagrun for example_sensors to None, run_after=None
[2023-06-18T15:11:13.016+0530] {processor.py:179} INFO - Processing /home/shubham/.local/lib/python3.10/site-packages/airflow/example_dags/example_sensors.py took 0.084 seconds
[2023-06-18T15:11:54.513+0530] {processor.py:157} INFO - Started process (PID=5594) to work on /home/shubham/.local/lib/python3.10/site-packages/airflow/example_dags/example_sensors.py
[2023-06-18T15:11:54.515+0530] {processor.py:826} INFO - Processing file /home/shubham/.local/lib/python3.10/site-packages/airflow/example_dags/example_sensors.py for tasks to queue
[2023-06-18T15:11:54.515+0530] {logging_mixin.py:149} INFO - [2023-06-18T15:11:54.515+0530] {dagbag.py:541} INFO - Filling up the DagBag from /home/shubham/.local/lib/python3.10/site-packages/airflow/example_dags/example_sensors.py
[2023-06-18T15:11:54.525+0530] {processor.py:836} INFO - DAG(s) dict_keys(['example_sensors']) retrieved from /home/shubham/.local/lib/python3.10/site-packages/airflow/example_dags/example_sensors.py
[2023-06-18T15:11:54.546+0530] {logging_mixin.py:149} INFO - [2023-06-18T15:11:54.546+0530] {dag.py:2726} INFO - Sync 1 DAGs
[2023-06-18T15:11:54.564+0530] {logging_mixin.py:149} INFO - [2023-06-18T15:11:54.563+0530] {dag.py:3486} INFO - Setting next_dagrun for example_sensors to None, run_after=None
[2023-06-18T15:11:54.588+0530] {processor.py:179} INFO - Processing /home/shubham/.local/lib/python3.10/site-packages/airflow/example_dags/example_sensors.py took 0.078 seconds
[2023-06-18T15:12:37.593+0530] {processor.py:157} INFO - Started process (PID=5640) to work on /home/shubham/.local/lib/python3.10/site-packages/airflow/example_dags/example_sensors.py
[2023-06-18T15:12:37.595+0530] {processor.py:826} INFO - Processing file /home/shubham/.local/lib/python3.10/site-packages/airflow/example_dags/example_sensors.py for tasks to queue
[2023-06-18T15:12:37.596+0530] {logging_mixin.py:149} INFO - [2023-06-18T15:12:37.596+0530] {dagbag.py:541} INFO - Filling up the DagBag from /home/shubham/.local/lib/python3.10/site-packages/airflow/example_dags/example_sensors.py
[2023-06-18T15:12:37.607+0530] {processor.py:836} INFO - DAG(s) dict_keys(['example_sensors']) retrieved from /home/shubham/.local/lib/python3.10/site-packages/airflow/example_dags/example_sensors.py
[2023-06-18T15:12:37.629+0530] {logging_mixin.py:149} INFO - [2023-06-18T15:12:37.629+0530] {dag.py:2726} INFO - Sync 1 DAGs
[2023-06-18T15:12:37.647+0530] {logging_mixin.py:149} INFO - [2023-06-18T15:12:37.647+0530] {dag.py:3486} INFO - Setting next_dagrun for example_sensors to None, run_after=None
[2023-06-18T15:12:37.674+0530] {processor.py:179} INFO - Processing /home/shubham/.local/lib/python3.10/site-packages/airflow/example_dags/example_sensors.py took 0.084 seconds
[2023-06-18T15:13:19.003+0530] {processor.py:157} INFO - Started process (PID=5682) to work on /home/shubham/.local/lib/python3.10/site-packages/airflow/example_dags/example_sensors.py
[2023-06-18T15:13:19.005+0530] {processor.py:826} INFO - Processing file /home/shubham/.local/lib/python3.10/site-packages/airflow/example_dags/example_sensors.py for tasks to queue
[2023-06-18T15:13:19.005+0530] {logging_mixin.py:149} INFO - [2023-06-18T15:13:19.005+0530] {dagbag.py:541} INFO - Filling up the DagBag from /home/shubham/.local/lib/python3.10/site-packages/airflow/example_dags/example_sensors.py
[2023-06-18T15:13:19.014+0530] {processor.py:836} INFO - DAG(s) dict_keys(['example_sensors']) retrieved from /home/shubham/.local/lib/python3.10/site-packages/airflow/example_dags/example_sensors.py
[2023-06-18T15:13:19.035+0530] {logging_mixin.py:149} INFO - [2023-06-18T15:13:19.035+0530] {dag.py:2726} INFO - Sync 1 DAGs
[2023-06-18T15:13:19.052+0530] {logging_mixin.py:149} INFO - [2023-06-18T15:13:19.051+0530] {dag.py:3486} INFO - Setting next_dagrun for example_sensors to None, run_after=None
[2023-06-18T15:13:19.073+0530] {processor.py:179} INFO - Processing /home/shubham/.local/lib/python3.10/site-packages/airflow/example_dags/example_sensors.py took 0.073 seconds
[2023-06-18T15:13:59.156+0530] {processor.py:157} INFO - Started process (PID=5725) to work on /home/shubham/.local/lib/python3.10/site-packages/airflow/example_dags/example_sensors.py
[2023-06-18T15:13:59.158+0530] {processor.py:826} INFO - Processing file /home/shubham/.local/lib/python3.10/site-packages/airflow/example_dags/example_sensors.py for tasks to queue
[2023-06-18T15:13:59.158+0530] {logging_mixin.py:149} INFO - [2023-06-18T15:13:59.158+0530] {dagbag.py:541} INFO - Filling up the DagBag from /home/shubham/.local/lib/python3.10/site-packages/airflow/example_dags/example_sensors.py
[2023-06-18T15:13:59.167+0530] {processor.py:836} INFO - DAG(s) dict_keys(['example_sensors']) retrieved from /home/shubham/.local/lib/python3.10/site-packages/airflow/example_dags/example_sensors.py
[2023-06-18T15:13:59.190+0530] {logging_mixin.py:149} INFO - [2023-06-18T15:13:59.190+0530] {dag.py:2726} INFO - Sync 1 DAGs
[2023-06-18T15:13:59.209+0530] {logging_mixin.py:149} INFO - [2023-06-18T15:13:59.209+0530] {dag.py:3486} INFO - Setting next_dagrun for example_sensors to None, run_after=None
[2023-06-18T15:13:59.242+0530] {processor.py:179} INFO - Processing /home/shubham/.local/lib/python3.10/site-packages/airflow/example_dags/example_sensors.py took 0.088 seconds
[2023-06-18T15:14:45.591+0530] {processor.py:157} INFO - Started process (PID=5773) to work on /home/shubham/.local/lib/python3.10/site-packages/airflow/example_dags/example_sensors.py
[2023-06-18T15:14:45.593+0530] {processor.py:826} INFO - Processing file /home/shubham/.local/lib/python3.10/site-packages/airflow/example_dags/example_sensors.py for tasks to queue
[2023-06-18T15:14:45.594+0530] {logging_mixin.py:149} INFO - [2023-06-18T15:14:45.594+0530] {dagbag.py:541} INFO - Filling up the DagBag from /home/shubham/.local/lib/python3.10/site-packages/airflow/example_dags/example_sensors.py
[2023-06-18T15:14:45.603+0530] {processor.py:836} INFO - DAG(s) dict_keys(['example_sensors']) retrieved from /home/shubham/.local/lib/python3.10/site-packages/airflow/example_dags/example_sensors.py
[2023-06-18T15:14:45.626+0530] {logging_mixin.py:149} INFO - [2023-06-18T15:14:45.626+0530] {dag.py:2726} INFO - Sync 1 DAGs
[2023-06-18T15:14:45.644+0530] {logging_mixin.py:149} INFO - [2023-06-18T15:14:45.644+0530] {dag.py:3486} INFO - Setting next_dagrun for example_sensors to None, run_after=None
[2023-06-18T15:14:45.669+0530] {processor.py:179} INFO - Processing /home/shubham/.local/lib/python3.10/site-packages/airflow/example_dags/example_sensors.py took 0.081 seconds
[2023-06-18T15:15:31.734+0530] {processor.py:157} INFO - Started process (PID=5819) to work on /home/shubham/.local/lib/python3.10/site-packages/airflow/example_dags/example_sensors.py
[2023-06-18T15:15:31.736+0530] {processor.py:826} INFO - Processing file /home/shubham/.local/lib/python3.10/site-packages/airflow/example_dags/example_sensors.py for tasks to queue
[2023-06-18T15:15:31.737+0530] {logging_mixin.py:149} INFO - [2023-06-18T15:15:31.737+0530] {dagbag.py:541} INFO - Filling up the DagBag from /home/shubham/.local/lib/python3.10/site-packages/airflow/example_dags/example_sensors.py
[2023-06-18T15:15:31.745+0530] {processor.py:836} INFO - DAG(s) dict_keys(['example_sensors']) retrieved from /home/shubham/.local/lib/python3.10/site-packages/airflow/example_dags/example_sensors.py
[2023-06-18T15:15:31.764+0530] {logging_mixin.py:149} INFO - [2023-06-18T15:15:31.764+0530] {dag.py:2726} INFO - Sync 1 DAGs
[2023-06-18T15:15:31.779+0530] {logging_mixin.py:149} INFO - [2023-06-18T15:15:31.779+0530] {dag.py:3486} INFO - Setting next_dagrun for example_sensors to None, run_after=None
[2023-06-18T15:15:31.802+0530] {processor.py:179} INFO - Processing /home/shubham/.local/lib/python3.10/site-packages/airflow/example_dags/example_sensors.py took 0.070 seconds
[2023-06-18T15:16:16.595+0530] {processor.py:157} INFO - Started process (PID=5865) to work on /home/shubham/.local/lib/python3.10/site-packages/airflow/example_dags/example_sensors.py
[2023-06-18T15:16:16.597+0530] {processor.py:826} INFO - Processing file /home/shubham/.local/lib/python3.10/site-packages/airflow/example_dags/example_sensors.py for tasks to queue
[2023-06-18T15:16:16.598+0530] {logging_mixin.py:149} INFO - [2023-06-18T15:16:16.598+0530] {dagbag.py:541} INFO - Filling up the DagBag from /home/shubham/.local/lib/python3.10/site-packages/airflow/example_dags/example_sensors.py
[2023-06-18T15:16:16.608+0530] {processor.py:836} INFO - DAG(s) dict_keys(['example_sensors']) retrieved from /home/shubham/.local/lib/python3.10/site-packages/airflow/example_dags/example_sensors.py
[2023-06-18T15:16:16.629+0530] {logging_mixin.py:149} INFO - [2023-06-18T15:16:16.629+0530] {dag.py:2726} INFO - Sync 1 DAGs
[2023-06-18T15:16:16.646+0530] {logging_mixin.py:149} INFO - [2023-06-18T15:16:16.646+0530] {dag.py:3486} INFO - Setting next_dagrun for example_sensors to None, run_after=None
[2023-06-18T15:16:16.672+0530] {processor.py:179} INFO - Processing /home/shubham/.local/lib/python3.10/site-packages/airflow/example_dags/example_sensors.py took 0.081 seconds
[2023-06-18T15:16:59.408+0530] {processor.py:157} INFO - Started process (PID=5911) to work on /home/shubham/.local/lib/python3.10/site-packages/airflow/example_dags/example_sensors.py
[2023-06-18T15:16:59.410+0530] {processor.py:826} INFO - Processing file /home/shubham/.local/lib/python3.10/site-packages/airflow/example_dags/example_sensors.py for tasks to queue
[2023-06-18T15:16:59.411+0530] {logging_mixin.py:149} INFO - [2023-06-18T15:16:59.410+0530] {dagbag.py:541} INFO - Filling up the DagBag from /home/shubham/.local/lib/python3.10/site-packages/airflow/example_dags/example_sensors.py
[2023-06-18T15:16:59.420+0530] {processor.py:836} INFO - DAG(s) dict_keys(['example_sensors']) retrieved from /home/shubham/.local/lib/python3.10/site-packages/airflow/example_dags/example_sensors.py
[2023-06-18T15:16:59.441+0530] {logging_mixin.py:149} INFO - [2023-06-18T15:16:59.441+0530] {dag.py:2726} INFO - Sync 1 DAGs
[2023-06-18T15:16:59.458+0530] {logging_mixin.py:149} INFO - [2023-06-18T15:16:59.458+0530] {dag.py:3486} INFO - Setting next_dagrun for example_sensors to None, run_after=None
[2023-06-18T15:16:59.484+0530] {processor.py:179} INFO - Processing /home/shubham/.local/lib/python3.10/site-packages/airflow/example_dags/example_sensors.py took 0.079 seconds
[2023-06-18T15:17:41.315+0530] {processor.py:157} INFO - Started process (PID=5955) to work on /home/shubham/.local/lib/python3.10/site-packages/airflow/example_dags/example_sensors.py
[2023-06-18T15:17:41.317+0530] {processor.py:826} INFO - Processing file /home/shubham/.local/lib/python3.10/site-packages/airflow/example_dags/example_sensors.py for tasks to queue
[2023-06-18T15:17:41.318+0530] {logging_mixin.py:149} INFO - [2023-06-18T15:17:41.318+0530] {dagbag.py:541} INFO - Filling up the DagBag from /home/shubham/.local/lib/python3.10/site-packages/airflow/example_dags/example_sensors.py
[2023-06-18T15:17:41.328+0530] {processor.py:836} INFO - DAG(s) dict_keys(['example_sensors']) retrieved from /home/shubham/.local/lib/python3.10/site-packages/airflow/example_dags/example_sensors.py
[2023-06-18T15:17:41.349+0530] {logging_mixin.py:149} INFO - [2023-06-18T15:17:41.349+0530] {dag.py:2726} INFO - Sync 1 DAGs
[2023-06-18T15:17:41.368+0530] {logging_mixin.py:149} INFO - [2023-06-18T15:17:41.368+0530] {dag.py:3486} INFO - Setting next_dagrun for example_sensors to None, run_after=None
[2023-06-18T15:17:41.393+0530] {processor.py:179} INFO - Processing /home/shubham/.local/lib/python3.10/site-packages/airflow/example_dags/example_sensors.py took 0.080 seconds
[2023-06-18T15:18:23.519+0530] {processor.py:157} INFO - Started process (PID=6000) to work on /home/shubham/.local/lib/python3.10/site-packages/airflow/example_dags/example_sensors.py
[2023-06-18T15:18:23.521+0530] {processor.py:826} INFO - Processing file /home/shubham/.local/lib/python3.10/site-packages/airflow/example_dags/example_sensors.py for tasks to queue
[2023-06-18T15:18:23.521+0530] {logging_mixin.py:149} INFO - [2023-06-18T15:18:23.521+0530] {dagbag.py:541} INFO - Filling up the DagBag from /home/shubham/.local/lib/python3.10/site-packages/airflow/example_dags/example_sensors.py
[2023-06-18T15:18:23.531+0530] {processor.py:836} INFO - DAG(s) dict_keys(['example_sensors']) retrieved from /home/shubham/.local/lib/python3.10/site-packages/airflow/example_dags/example_sensors.py
[2023-06-18T15:18:23.552+0530] {logging_mixin.py:149} INFO - [2023-06-18T15:18:23.552+0530] {dag.py:2726} INFO - Sync 1 DAGs
[2023-06-18T15:18:23.570+0530] {logging_mixin.py:149} INFO - [2023-06-18T15:18:23.569+0530] {dag.py:3486} INFO - Setting next_dagrun for example_sensors to None, run_after=None
[2023-06-18T15:18:23.595+0530] {processor.py:179} INFO - Processing /home/shubham/.local/lib/python3.10/site-packages/airflow/example_dags/example_sensors.py took 0.079 seconds
[2023-06-18T15:19:09.796+0530] {processor.py:157} INFO - Started process (PID=6048) to work on /home/shubham/.local/lib/python3.10/site-packages/airflow/example_dags/example_sensors.py
[2023-06-18T15:19:09.798+0530] {processor.py:826} INFO - Processing file /home/shubham/.local/lib/python3.10/site-packages/airflow/example_dags/example_sensors.py for tasks to queue
[2023-06-18T15:19:09.798+0530] {logging_mixin.py:149} INFO - [2023-06-18T15:19:09.798+0530] {dagbag.py:541} INFO - Filling up the DagBag from /home/shubham/.local/lib/python3.10/site-packages/airflow/example_dags/example_sensors.py
[2023-06-18T15:19:09.807+0530] {processor.py:836} INFO - DAG(s) dict_keys(['example_sensors']) retrieved from /home/shubham/.local/lib/python3.10/site-packages/airflow/example_dags/example_sensors.py
[2023-06-18T15:19:09.826+0530] {logging_mixin.py:149} INFO - [2023-06-18T15:19:09.826+0530] {dag.py:2726} INFO - Sync 1 DAGs
[2023-06-18T15:19:09.841+0530] {logging_mixin.py:149} INFO - [2023-06-18T15:19:09.841+0530] {dag.py:3486} INFO - Setting next_dagrun for example_sensors to None, run_after=None
[2023-06-18T15:19:09.865+0530] {processor.py:179} INFO - Processing /home/shubham/.local/lib/python3.10/site-packages/airflow/example_dags/example_sensors.py took 0.072 seconds
[2023-06-18T15:19:53.994+0530] {processor.py:157} INFO - Started process (PID=6094) to work on /home/shubham/.local/lib/python3.10/site-packages/airflow/example_dags/example_sensors.py
[2023-06-18T15:19:53.996+0530] {processor.py:826} INFO - Processing file /home/shubham/.local/lib/python3.10/site-packages/airflow/example_dags/example_sensors.py for tasks to queue
[2023-06-18T15:19:53.996+0530] {logging_mixin.py:149} INFO - [2023-06-18T15:19:53.996+0530] {dagbag.py:541} INFO - Filling up the DagBag from /home/shubham/.local/lib/python3.10/site-packages/airflow/example_dags/example_sensors.py
[2023-06-18T15:19:54.004+0530] {processor.py:836} INFO - DAG(s) dict_keys(['example_sensors']) retrieved from /home/shubham/.local/lib/python3.10/site-packages/airflow/example_dags/example_sensors.py
[2023-06-18T15:19:54.023+0530] {logging_mixin.py:149} INFO - [2023-06-18T15:19:54.023+0530] {dag.py:2726} INFO - Sync 1 DAGs
[2023-06-18T15:19:54.039+0530] {logging_mixin.py:149} INFO - [2023-06-18T15:19:54.039+0530] {dag.py:3486} INFO - Setting next_dagrun for example_sensors to None, run_after=None
[2023-06-18T15:19:54.063+0530] {processor.py:179} INFO - Processing /home/shubham/.local/lib/python3.10/site-packages/airflow/example_dags/example_sensors.py took 0.072 seconds
[2023-06-18T15:20:39.285+0530] {processor.py:157} INFO - Started process (PID=6140) to work on /home/shubham/.local/lib/python3.10/site-packages/airflow/example_dags/example_sensors.py
[2023-06-18T15:20:39.287+0530] {processor.py:826} INFO - Processing file /home/shubham/.local/lib/python3.10/site-packages/airflow/example_dags/example_sensors.py for tasks to queue
[2023-06-18T15:20:39.287+0530] {logging_mixin.py:149} INFO - [2023-06-18T15:20:39.287+0530] {dagbag.py:541} INFO - Filling up the DagBag from /home/shubham/.local/lib/python3.10/site-packages/airflow/example_dags/example_sensors.py
[2023-06-18T15:20:39.298+0530] {processor.py:836} INFO - DAG(s) dict_keys(['example_sensors']) retrieved from /home/shubham/.local/lib/python3.10/site-packages/airflow/example_dags/example_sensors.py
[2023-06-18T15:20:39.341+0530] {logging_mixin.py:149} INFO - [2023-06-18T15:20:39.340+0530] {dag.py:2726} INFO - Sync 1 DAGs
[2023-06-18T15:20:39.374+0530] {logging_mixin.py:149} INFO - [2023-06-18T15:20:39.374+0530] {dag.py:3486} INFO - Setting next_dagrun for example_sensors to None, run_after=None
[2023-06-18T15:20:39.402+0530] {processor.py:179} INFO - Processing /home/shubham/.local/lib/python3.10/site-packages/airflow/example_dags/example_sensors.py took 0.120 seconds
[2023-06-18T15:21:20.594+0530] {processor.py:157} INFO - Started process (PID=6178) to work on /home/shubham/.local/lib/python3.10/site-packages/airflow/example_dags/example_sensors.py
[2023-06-18T15:21:20.595+0530] {processor.py:826} INFO - Processing file /home/shubham/.local/lib/python3.10/site-packages/airflow/example_dags/example_sensors.py for tasks to queue
[2023-06-18T15:21:20.596+0530] {logging_mixin.py:149} INFO - [2023-06-18T15:21:20.596+0530] {dagbag.py:541} INFO - Filling up the DagBag from /home/shubham/.local/lib/python3.10/site-packages/airflow/example_dags/example_sensors.py
[2023-06-18T15:21:20.606+0530] {processor.py:836} INFO - DAG(s) dict_keys(['example_sensors']) retrieved from /home/shubham/.local/lib/python3.10/site-packages/airflow/example_dags/example_sensors.py
[2023-06-18T15:21:20.628+0530] {logging_mixin.py:149} INFO - [2023-06-18T15:21:20.628+0530] {dag.py:2726} INFO - Sync 1 DAGs
[2023-06-18T15:21:20.647+0530] {logging_mixin.py:149} INFO - [2023-06-18T15:21:20.647+0530] {dag.py:3486} INFO - Setting next_dagrun for example_sensors to None, run_after=None
[2023-06-18T15:21:20.676+0530] {processor.py:179} INFO - Processing /home/shubham/.local/lib/python3.10/site-packages/airflow/example_dags/example_sensors.py took 0.085 seconds
[2023-06-18T15:47:02.269+0530] {processor.py:157} INFO - Started process (PID=6337) to work on /home/shubham/.local/lib/python3.10/site-packages/airflow/example_dags/example_sensors.py
[2023-06-18T15:47:02.272+0530] {processor.py:826} INFO - Processing file /home/shubham/.local/lib/python3.10/site-packages/airflow/example_dags/example_sensors.py for tasks to queue
[2023-06-18T15:47:02.273+0530] {logging_mixin.py:149} INFO - [2023-06-18T15:47:02.273+0530] {dagbag.py:541} INFO - Filling up the DagBag from /home/shubham/.local/lib/python3.10/site-packages/airflow/example_dags/example_sensors.py
[2023-06-18T15:47:02.285+0530] {processor.py:836} INFO - DAG(s) dict_keys(['example_sensors']) retrieved from /home/shubham/.local/lib/python3.10/site-packages/airflow/example_dags/example_sensors.py
[2023-06-18T15:47:02.310+0530] {logging_mixin.py:149} INFO - [2023-06-18T15:47:02.310+0530] {dag.py:2726} INFO - Sync 1 DAGs
[2023-06-18T15:47:02.332+0530] {logging_mixin.py:149} INFO - [2023-06-18T15:47:02.332+0530] {dag.py:3486} INFO - Setting next_dagrun for example_sensors to None, run_after=None
[2023-06-18T15:47:02.598+0530] {processor.py:179} INFO - Processing /home/shubham/.local/lib/python3.10/site-packages/airflow/example_dags/example_sensors.py took 0.332 seconds
[2023-06-18T15:47:48.168+0530] {processor.py:157} INFO - Started process (PID=6392) to work on /home/shubham/.local/lib/python3.10/site-packages/airflow/example_dags/example_sensors.py
[2023-06-18T15:47:48.170+0530] {processor.py:826} INFO - Processing file /home/shubham/.local/lib/python3.10/site-packages/airflow/example_dags/example_sensors.py for tasks to queue
[2023-06-18T15:47:48.171+0530] {logging_mixin.py:149} INFO - [2023-06-18T15:47:48.171+0530] {dagbag.py:541} INFO - Filling up the DagBag from /home/shubham/.local/lib/python3.10/site-packages/airflow/example_dags/example_sensors.py
[2023-06-18T15:47:48.183+0530] {processor.py:836} INFO - DAG(s) dict_keys(['example_sensors']) retrieved from /home/shubham/.local/lib/python3.10/site-packages/airflow/example_dags/example_sensors.py
[2023-06-18T15:47:48.208+0530] {logging_mixin.py:149} INFO - [2023-06-18T15:47:48.208+0530] {dag.py:2726} INFO - Sync 1 DAGs
[2023-06-18T15:47:48.229+0530] {logging_mixin.py:149} INFO - [2023-06-18T15:47:48.229+0530] {dag.py:3486} INFO - Setting next_dagrun for example_sensors to None, run_after=None
[2023-06-18T15:47:48.253+0530] {processor.py:179} INFO - Processing /home/shubham/.local/lib/python3.10/site-packages/airflow/example_dags/example_sensors.py took 0.089 seconds
[2023-06-18T15:48:34.534+0530] {processor.py:157} INFO - Started process (PID=6446) to work on /home/shubham/.local/lib/python3.10/site-packages/airflow/example_dags/example_sensors.py
[2023-06-18T15:48:34.536+0530] {processor.py:826} INFO - Processing file /home/shubham/.local/lib/python3.10/site-packages/airflow/example_dags/example_sensors.py for tasks to queue
[2023-06-18T15:48:34.536+0530] {logging_mixin.py:149} INFO - [2023-06-18T15:48:34.536+0530] {dagbag.py:541} INFO - Filling up the DagBag from /home/shubham/.local/lib/python3.10/site-packages/airflow/example_dags/example_sensors.py
[2023-06-18T15:48:34.546+0530] {processor.py:836} INFO - DAG(s) dict_keys(['example_sensors']) retrieved from /home/shubham/.local/lib/python3.10/site-packages/airflow/example_dags/example_sensors.py
[2023-06-18T15:48:34.567+0530] {logging_mixin.py:149} INFO - [2023-06-18T15:48:34.566+0530] {dag.py:2726} INFO - Sync 1 DAGs
[2023-06-18T15:48:34.584+0530] {logging_mixin.py:149} INFO - [2023-06-18T15:48:34.584+0530] {dag.py:3486} INFO - Setting next_dagrun for example_sensors to None, run_after=None
[2023-06-18T15:48:34.610+0530] {processor.py:179} INFO - Processing /home/shubham/.local/lib/python3.10/site-packages/airflow/example_dags/example_sensors.py took 0.079 seconds
