[2023-06-18T13:45:08.676+0530] {processor.py:157} INFO - Started process (PID=131) to work on /home/shubham/.local/lib/python3.10/site-packages/airflow/example_dags/example_branch_day_of_week_operator.py
[2023-06-18T13:45:08.676+0530] {processor.py:826} INFO - Processing file /home/shubham/.local/lib/python3.10/site-packages/airflow/example_dags/example_branch_day_of_week_operator.py for tasks to queue
[2023-06-18T13:45:08.677+0530] {logging_mixin.py:149} INFO - [2023-06-18T13:45:08.677+0530] {dagbag.py:541} INFO - Filling up the DagBag from /home/shubham/.local/lib/python3.10/site-packages/airflow/example_dags/example_branch_day_of_week_operator.py
[2023-06-18T13:45:08.683+0530] {processor.py:836} INFO - DAG(s) dict_keys(['example_weekday_branch_operator']) retrieved from /home/shubham/.local/lib/python3.10/site-packages/airflow/example_dags/example_branch_day_of_week_operator.py
[2023-06-18T13:45:08.688+0530] {logging_mixin.py:149} INFO - [2023-06-18T13:45:08.688+0530] {dag.py:2726} INFO - Sync 1 DAGs
[2023-06-18T13:45:08.701+0530] {logging_mixin.py:149} INFO - [2023-06-18T13:45:08.701+0530] {dag.py:3486} INFO - Setting next_dagrun for example_weekday_branch_operator to 2023-06-17T00:00:00+00:00, run_after=2023-06-18T00:00:00+00:00
[2023-06-18T13:45:08.718+0530] {processor.py:179} INFO - Processing /home/shubham/.local/lib/python3.10/site-packages/airflow/example_dags/example_branch_day_of_week_operator.py took 0.044 seconds
[2023-06-18T13:45:51.259+0530] {processor.py:157} INFO - Started process (PID=177) to work on /home/shubham/.local/lib/python3.10/site-packages/airflow/example_dags/example_branch_day_of_week_operator.py
[2023-06-18T13:45:51.260+0530] {processor.py:826} INFO - Processing file /home/shubham/.local/lib/python3.10/site-packages/airflow/example_dags/example_branch_day_of_week_operator.py for tasks to queue
[2023-06-18T13:45:51.261+0530] {logging_mixin.py:149} INFO - [2023-06-18T13:45:51.260+0530] {dagbag.py:541} INFO - Filling up the DagBag from /home/shubham/.local/lib/python3.10/site-packages/airflow/example_dags/example_branch_day_of_week_operator.py
[2023-06-18T13:45:51.265+0530] {processor.py:836} INFO - DAG(s) dict_keys(['example_weekday_branch_operator']) retrieved from /home/shubham/.local/lib/python3.10/site-packages/airflow/example_dags/example_branch_day_of_week_operator.py
[2023-06-18T13:45:51.277+0530] {logging_mixin.py:149} INFO - [2023-06-18T13:45:51.277+0530] {dag.py:2726} INFO - Sync 1 DAGs
[2023-06-18T13:45:51.291+0530] {logging_mixin.py:149} INFO - [2023-06-18T13:45:51.291+0530] {dag.py:3486} INFO - Setting next_dagrun for example_weekday_branch_operator to 2023-06-17T00:00:00+00:00, run_after=2023-06-18T00:00:00+00:00
[2023-06-18T13:45:51.311+0530] {processor.py:179} INFO - Processing /home/shubham/.local/lib/python3.10/site-packages/airflow/example_dags/example_branch_day_of_week_operator.py took 0.054 seconds
[2023-06-18T13:46:36.798+0530] {processor.py:157} INFO - Started process (PID=223) to work on /home/shubham/.local/lib/python3.10/site-packages/airflow/example_dags/example_branch_day_of_week_operator.py
[2023-06-18T13:46:36.800+0530] {processor.py:826} INFO - Processing file /home/shubham/.local/lib/python3.10/site-packages/airflow/example_dags/example_branch_day_of_week_operator.py for tasks to queue
[2023-06-18T13:46:36.800+0530] {logging_mixin.py:149} INFO - [2023-06-18T13:46:36.800+0530] {dagbag.py:541} INFO - Filling up the DagBag from /home/shubham/.local/lib/python3.10/site-packages/airflow/example_dags/example_branch_day_of_week_operator.py
[2023-06-18T13:46:36.806+0530] {processor.py:836} INFO - DAG(s) dict_keys(['example_weekday_branch_operator']) retrieved from /home/shubham/.local/lib/python3.10/site-packages/airflow/example_dags/example_branch_day_of_week_operator.py
[2023-06-18T13:46:36.822+0530] {logging_mixin.py:149} INFO - [2023-06-18T13:46:36.822+0530] {dag.py:2726} INFO - Sync 1 DAGs
[2023-06-18T13:46:36.838+0530] {logging_mixin.py:149} INFO - [2023-06-18T13:46:36.838+0530] {dag.py:3486} INFO - Setting next_dagrun for example_weekday_branch_operator to 2023-06-17T00:00:00+00:00, run_after=2023-06-18T00:00:00+00:00
[2023-06-18T13:46:36.859+0530] {processor.py:179} INFO - Processing /home/shubham/.local/lib/python3.10/site-packages/airflow/example_dags/example_branch_day_of_week_operator.py took 0.063 seconds
[2023-06-18T13:47:23.848+0530] {processor.py:157} INFO - Started process (PID=271) to work on /home/shubham/.local/lib/python3.10/site-packages/airflow/example_dags/example_branch_day_of_week_operator.py
[2023-06-18T13:47:23.850+0530] {processor.py:826} INFO - Processing file /home/shubham/.local/lib/python3.10/site-packages/airflow/example_dags/example_branch_day_of_week_operator.py for tasks to queue
[2023-06-18T13:47:23.850+0530] {logging_mixin.py:149} INFO - [2023-06-18T13:47:23.850+0530] {dagbag.py:541} INFO - Filling up the DagBag from /home/shubham/.local/lib/python3.10/site-packages/airflow/example_dags/example_branch_day_of_week_operator.py
[2023-06-18T13:47:23.856+0530] {processor.py:836} INFO - DAG(s) dict_keys(['example_weekday_branch_operator']) retrieved from /home/shubham/.local/lib/python3.10/site-packages/airflow/example_dags/example_branch_day_of_week_operator.py
[2023-06-18T13:47:23.873+0530] {logging_mixin.py:149} INFO - [2023-06-18T13:47:23.872+0530] {dag.py:2726} INFO - Sync 1 DAGs
[2023-06-18T13:47:23.887+0530] {logging_mixin.py:149} INFO - [2023-06-18T13:47:23.887+0530] {dag.py:3486} INFO - Setting next_dagrun for example_weekday_branch_operator to 2023-06-17T00:00:00+00:00, run_after=2023-06-18T00:00:00+00:00
[2023-06-18T13:47:23.905+0530] {processor.py:179} INFO - Processing /home/shubham/.local/lib/python3.10/site-packages/airflow/example_dags/example_branch_day_of_week_operator.py took 0.061 seconds
[2023-06-18T13:52:13.062+0530] {processor.py:157} INFO - Started process (PID=460) to work on /home/shubham/.local/lib/python3.10/site-packages/airflow/example_dags/example_branch_day_of_week_operator.py
[2023-06-18T13:52:13.063+0530] {processor.py:826} INFO - Processing file /home/shubham/.local/lib/python3.10/site-packages/airflow/example_dags/example_branch_day_of_week_operator.py for tasks to queue
[2023-06-18T13:52:13.063+0530] {logging_mixin.py:149} INFO - [2023-06-18T13:52:13.063+0530] {dagbag.py:541} INFO - Filling up the DagBag from /home/shubham/.local/lib/python3.10/site-packages/airflow/example_dags/example_branch_day_of_week_operator.py
[2023-06-18T13:52:13.070+0530] {processor.py:836} INFO - DAG(s) dict_keys(['example_weekday_branch_operator']) retrieved from /home/shubham/.local/lib/python3.10/site-packages/airflow/example_dags/example_branch_day_of_week_operator.py
[2023-06-18T13:52:13.075+0530] {logging_mixin.py:149} INFO - [2023-06-18T13:52:13.075+0530] {dag.py:2726} INFO - Sync 1 DAGs
[2023-06-18T13:52:13.088+0530] {logging_mixin.py:149} INFO - [2023-06-18T13:52:13.088+0530] {dag.py:3486} INFO - Setting next_dagrun for example_weekday_branch_operator to 2023-06-17T00:00:00+00:00, run_after=2023-06-18T00:00:00+00:00
[2023-06-18T13:52:13.107+0530] {processor.py:179} INFO - Processing /home/shubham/.local/lib/python3.10/site-packages/airflow/example_dags/example_branch_day_of_week_operator.py took 0.048 seconds
[2023-06-18T13:52:56.965+0530] {processor.py:157} INFO - Started process (PID=506) to work on /home/shubham/.local/lib/python3.10/site-packages/airflow/example_dags/example_branch_day_of_week_operator.py
[2023-06-18T13:52:56.966+0530] {processor.py:826} INFO - Processing file /home/shubham/.local/lib/python3.10/site-packages/airflow/example_dags/example_branch_day_of_week_operator.py for tasks to queue
[2023-06-18T13:52:56.967+0530] {logging_mixin.py:149} INFO - [2023-06-18T13:52:56.966+0530] {dagbag.py:541} INFO - Filling up the DagBag from /home/shubham/.local/lib/python3.10/site-packages/airflow/example_dags/example_branch_day_of_week_operator.py
[2023-06-18T13:52:56.972+0530] {processor.py:836} INFO - DAG(s) dict_keys(['example_weekday_branch_operator']) retrieved from /home/shubham/.local/lib/python3.10/site-packages/airflow/example_dags/example_branch_day_of_week_operator.py
[2023-06-18T13:52:56.984+0530] {logging_mixin.py:149} INFO - [2023-06-18T13:52:56.984+0530] {dag.py:2726} INFO - Sync 1 DAGs
[2023-06-18T13:52:56.997+0530] {logging_mixin.py:149} INFO - [2023-06-18T13:52:56.997+0530] {dag.py:3486} INFO - Setting next_dagrun for example_weekday_branch_operator to 2023-06-17T00:00:00+00:00, run_after=2023-06-18T00:00:00+00:00
[2023-06-18T13:52:57.013+0530] {processor.py:179} INFO - Processing /home/shubham/.local/lib/python3.10/site-packages/airflow/example_dags/example_branch_day_of_week_operator.py took 0.050 seconds
[2023-06-18T14:39:45.879+0530] {processor.py:157} INFO - Started process (PID=3211) to work on /home/shubham/.local/lib/python3.10/site-packages/airflow/example_dags/example_branch_day_of_week_operator.py
[2023-06-18T14:39:45.880+0530] {processor.py:826} INFO - Processing file /home/shubham/.local/lib/python3.10/site-packages/airflow/example_dags/example_branch_day_of_week_operator.py for tasks to queue
[2023-06-18T14:39:45.880+0530] {logging_mixin.py:149} INFO - [2023-06-18T14:39:45.880+0530] {dagbag.py:541} INFO - Filling up the DagBag from /home/shubham/.local/lib/python3.10/site-packages/airflow/example_dags/example_branch_day_of_week_operator.py
[2023-06-18T14:39:45.891+0530] {processor.py:836} INFO - DAG(s) dict_keys(['example_weekday_branch_operator']) retrieved from /home/shubham/.local/lib/python3.10/site-packages/airflow/example_dags/example_branch_day_of_week_operator.py
[2023-06-18T14:39:45.919+0530] {logging_mixin.py:149} INFO - [2023-06-18T14:39:45.918+0530] {dag.py:2726} INFO - Sync 1 DAGs
[2023-06-18T14:39:45.939+0530] {logging_mixin.py:149} INFO - [2023-06-18T14:39:45.938+0530] {dag.py:3486} INFO - Setting next_dagrun for example_weekday_branch_operator to 2023-06-17T00:00:00+00:00, run_after=2023-06-18T00:00:00+00:00
[2023-06-18T14:39:45.965+0530] {processor.py:179} INFO - Processing /home/shubham/.local/lib/python3.10/site-packages/airflow/example_dags/example_branch_day_of_week_operator.py took 0.090 seconds
[2023-06-18T14:40:32.207+0530] {processor.py:157} INFO - Started process (PID=3275) to work on /home/shubham/.local/lib/python3.10/site-packages/airflow/example_dags/example_branch_day_of_week_operator.py
[2023-06-18T14:40:32.208+0530] {processor.py:826} INFO - Processing file /home/shubham/.local/lib/python3.10/site-packages/airflow/example_dags/example_branch_day_of_week_operator.py for tasks to queue
[2023-06-18T14:40:32.208+0530] {logging_mixin.py:149} INFO - [2023-06-18T14:40:32.208+0530] {dagbag.py:541} INFO - Filling up the DagBag from /home/shubham/.local/lib/python3.10/site-packages/airflow/example_dags/example_branch_day_of_week_operator.py
[2023-06-18T14:40:32.214+0530] {processor.py:836} INFO - DAG(s) dict_keys(['example_weekday_branch_operator']) retrieved from /home/shubham/.local/lib/python3.10/site-packages/airflow/example_dags/example_branch_day_of_week_operator.py
[2023-06-18T14:40:32.229+0530] {logging_mixin.py:149} INFO - [2023-06-18T14:40:32.228+0530] {dag.py:2726} INFO - Sync 1 DAGs
[2023-06-18T14:40:32.242+0530] {logging_mixin.py:149} INFO - [2023-06-18T14:40:32.242+0530] {dag.py:3486} INFO - Setting next_dagrun for example_weekday_branch_operator to 2023-06-17T00:00:00+00:00, run_after=2023-06-18T00:00:00+00:00
[2023-06-18T14:40:32.258+0530] {processor.py:179} INFO - Processing /home/shubham/.local/lib/python3.10/site-packages/airflow/example_dags/example_branch_day_of_week_operator.py took 0.054 seconds
[2023-06-18T14:41:17.470+0530] {processor.py:157} INFO - Started process (PID=3592) to work on /home/shubham/.local/lib/python3.10/site-packages/airflow/example_dags/example_branch_day_of_week_operator.py
[2023-06-18T14:41:17.471+0530] {processor.py:826} INFO - Processing file /home/shubham/.local/lib/python3.10/site-packages/airflow/example_dags/example_branch_day_of_week_operator.py for tasks to queue
[2023-06-18T14:41:17.471+0530] {logging_mixin.py:149} INFO - [2023-06-18T14:41:17.471+0530] {dagbag.py:541} INFO - Filling up the DagBag from /home/shubham/.local/lib/python3.10/site-packages/airflow/example_dags/example_branch_day_of_week_operator.py
[2023-06-18T14:41:17.477+0530] {processor.py:836} INFO - DAG(s) dict_keys(['example_weekday_branch_operator']) retrieved from /home/shubham/.local/lib/python3.10/site-packages/airflow/example_dags/example_branch_day_of_week_operator.py
[2023-06-18T14:41:17.489+0530] {logging_mixin.py:149} INFO - [2023-06-18T14:41:17.489+0530] {dag.py:2726} INFO - Sync 1 DAGs
[2023-06-18T14:41:17.503+0530] {logging_mixin.py:149} INFO - [2023-06-18T14:41:17.503+0530] {dag.py:3486} INFO - Setting next_dagrun for example_weekday_branch_operator to 2023-06-17T00:00:00+00:00, run_after=2023-06-18T00:00:00+00:00
[2023-06-18T14:41:17.523+0530] {processor.py:179} INFO - Processing /home/shubham/.local/lib/python3.10/site-packages/airflow/example_dags/example_branch_day_of_week_operator.py took 0.056 seconds
[2023-06-18T14:41:59.996+0530] {processor.py:157} INFO - Started process (PID=3654) to work on /home/shubham/.local/lib/python3.10/site-packages/airflow/example_dags/example_branch_day_of_week_operator.py
[2023-06-18T14:41:59.997+0530] {processor.py:826} INFO - Processing file /home/shubham/.local/lib/python3.10/site-packages/airflow/example_dags/example_branch_day_of_week_operator.py for tasks to queue
[2023-06-18T14:41:59.998+0530] {logging_mixin.py:149} INFO - [2023-06-18T14:41:59.998+0530] {dagbag.py:541} INFO - Filling up the DagBag from /home/shubham/.local/lib/python3.10/site-packages/airflow/example_dags/example_branch_day_of_week_operator.py
[2023-06-18T14:42:00.009+0530] {processor.py:836} INFO - DAG(s) dict_keys(['example_weekday_branch_operator']) retrieved from /home/shubham/.local/lib/python3.10/site-packages/airflow/example_dags/example_branch_day_of_week_operator.py
[2023-06-18T14:42:00.029+0530] {logging_mixin.py:149} INFO - [2023-06-18T14:42:00.029+0530] {dag.py:2726} INFO - Sync 1 DAGs
[2023-06-18T14:42:00.044+0530] {logging_mixin.py:149} INFO - [2023-06-18T14:42:00.044+0530] {dag.py:3486} INFO - Setting next_dagrun for example_weekday_branch_operator to 2023-06-17T00:00:00+00:00, run_after=2023-06-18T00:00:00+00:00
[2023-06-18T14:42:00.059+0530] {processor.py:179} INFO - Processing /home/shubham/.local/lib/python3.10/site-packages/airflow/example_dags/example_branch_day_of_week_operator.py took 0.066 seconds
[2023-06-18T14:42:46.175+0530] {processor.py:157} INFO - Started process (PID=3773) to work on /home/shubham/.local/lib/python3.10/site-packages/airflow/example_dags/example_branch_day_of_week_operator.py
[2023-06-18T14:42:46.176+0530] {processor.py:826} INFO - Processing file /home/shubham/.local/lib/python3.10/site-packages/airflow/example_dags/example_branch_day_of_week_operator.py for tasks to queue
[2023-06-18T14:42:46.176+0530] {logging_mixin.py:149} INFO - [2023-06-18T14:42:46.176+0530] {dagbag.py:541} INFO - Filling up the DagBag from /home/shubham/.local/lib/python3.10/site-packages/airflow/example_dags/example_branch_day_of_week_operator.py
[2023-06-18T14:42:46.182+0530] {processor.py:836} INFO - DAG(s) dict_keys(['example_weekday_branch_operator']) retrieved from /home/shubham/.local/lib/python3.10/site-packages/airflow/example_dags/example_branch_day_of_week_operator.py
[2023-06-18T14:42:46.195+0530] {logging_mixin.py:149} INFO - [2023-06-18T14:42:46.195+0530] {dag.py:2726} INFO - Sync 1 DAGs
[2023-06-18T14:42:46.209+0530] {logging_mixin.py:149} INFO - [2023-06-18T14:42:46.209+0530] {dag.py:3486} INFO - Setting next_dagrun for example_weekday_branch_operator to 2023-06-17T00:00:00+00:00, run_after=2023-06-18T00:00:00+00:00
[2023-06-18T14:42:46.225+0530] {processor.py:179} INFO - Processing /home/shubham/.local/lib/python3.10/site-packages/airflow/example_dags/example_branch_day_of_week_operator.py took 0.053 seconds
[2023-06-18T14:43:34.791+0530] {processor.py:157} INFO - Started process (PID=3822) to work on /home/shubham/.local/lib/python3.10/site-packages/airflow/example_dags/example_branch_day_of_week_operator.py
[2023-06-18T14:43:34.792+0530] {processor.py:826} INFO - Processing file /home/shubham/.local/lib/python3.10/site-packages/airflow/example_dags/example_branch_day_of_week_operator.py for tasks to queue
[2023-06-18T14:43:34.793+0530] {logging_mixin.py:149} INFO - [2023-06-18T14:43:34.793+0530] {dagbag.py:541} INFO - Filling up the DagBag from /home/shubham/.local/lib/python3.10/site-packages/airflow/example_dags/example_branch_day_of_week_operator.py
[2023-06-18T14:43:34.798+0530] {processor.py:836} INFO - DAG(s) dict_keys(['example_weekday_branch_operator']) retrieved from /home/shubham/.local/lib/python3.10/site-packages/airflow/example_dags/example_branch_day_of_week_operator.py
[2023-06-18T14:43:34.812+0530] {logging_mixin.py:149} INFO - [2023-06-18T14:43:34.812+0530] {dag.py:2726} INFO - Sync 1 DAGs
[2023-06-18T14:43:34.825+0530] {logging_mixin.py:149} INFO - [2023-06-18T14:43:34.824+0530] {dag.py:3486} INFO - Setting next_dagrun for example_weekday_branch_operator to 2023-06-17T00:00:00+00:00, run_after=2023-06-18T00:00:00+00:00
[2023-06-18T14:43:34.840+0530] {processor.py:179} INFO - Processing /home/shubham/.local/lib/python3.10/site-packages/airflow/example_dags/example_branch_day_of_week_operator.py took 0.052 seconds
[2023-06-18T14:44:22.194+0530] {processor.py:157} INFO - Started process (PID=3871) to work on /home/shubham/.local/lib/python3.10/site-packages/airflow/example_dags/example_branch_day_of_week_operator.py
[2023-06-18T14:44:22.195+0530] {processor.py:826} INFO - Processing file /home/shubham/.local/lib/python3.10/site-packages/airflow/example_dags/example_branch_day_of_week_operator.py for tasks to queue
[2023-06-18T14:44:22.195+0530] {logging_mixin.py:149} INFO - [2023-06-18T14:44:22.195+0530] {dagbag.py:541} INFO - Filling up the DagBag from /home/shubham/.local/lib/python3.10/site-packages/airflow/example_dags/example_branch_day_of_week_operator.py
[2023-06-18T14:44:22.200+0530] {processor.py:836} INFO - DAG(s) dict_keys(['example_weekday_branch_operator']) retrieved from /home/shubham/.local/lib/python3.10/site-packages/airflow/example_dags/example_branch_day_of_week_operator.py
[2023-06-18T14:44:22.215+0530] {logging_mixin.py:149} INFO - [2023-06-18T14:44:22.215+0530] {dag.py:2726} INFO - Sync 1 DAGs
[2023-06-18T14:44:22.228+0530] {logging_mixin.py:149} INFO - [2023-06-18T14:44:22.228+0530] {dag.py:3486} INFO - Setting next_dagrun for example_weekday_branch_operator to 2023-06-17T00:00:00+00:00, run_after=2023-06-18T00:00:00+00:00
[2023-06-18T14:44:22.244+0530] {processor.py:179} INFO - Processing /home/shubham/.local/lib/python3.10/site-packages/airflow/example_dags/example_branch_day_of_week_operator.py took 0.053 seconds
[2023-06-18T14:45:05.330+0530] {processor.py:157} INFO - Started process (PID=3915) to work on /home/shubham/.local/lib/python3.10/site-packages/airflow/example_dags/example_branch_day_of_week_operator.py
[2023-06-18T14:45:05.332+0530] {processor.py:826} INFO - Processing file /home/shubham/.local/lib/python3.10/site-packages/airflow/example_dags/example_branch_day_of_week_operator.py for tasks to queue
[2023-06-18T14:45:05.332+0530] {logging_mixin.py:149} INFO - [2023-06-18T14:45:05.332+0530] {dagbag.py:541} INFO - Filling up the DagBag from /home/shubham/.local/lib/python3.10/site-packages/airflow/example_dags/example_branch_day_of_week_operator.py
[2023-06-18T14:45:05.337+0530] {processor.py:836} INFO - DAG(s) dict_keys(['example_weekday_branch_operator']) retrieved from /home/shubham/.local/lib/python3.10/site-packages/airflow/example_dags/example_branch_day_of_week_operator.py
[2023-06-18T14:45:05.353+0530] {logging_mixin.py:149} INFO - [2023-06-18T14:45:05.353+0530] {dag.py:2726} INFO - Sync 1 DAGs
[2023-06-18T14:45:05.369+0530] {logging_mixin.py:149} INFO - [2023-06-18T14:45:05.369+0530] {dag.py:3486} INFO - Setting next_dagrun for example_weekday_branch_operator to 2023-06-17T00:00:00+00:00, run_after=2023-06-18T00:00:00+00:00
[2023-06-18T14:45:05.386+0530] {processor.py:179} INFO - Processing /home/shubham/.local/lib/python3.10/site-packages/airflow/example_dags/example_branch_day_of_week_operator.py took 0.058 seconds
[2023-06-18T14:45:49.315+0530] {processor.py:157} INFO - Started process (PID=3961) to work on /home/shubham/.local/lib/python3.10/site-packages/airflow/example_dags/example_branch_day_of_week_operator.py
[2023-06-18T14:45:49.317+0530] {processor.py:826} INFO - Processing file /home/shubham/.local/lib/python3.10/site-packages/airflow/example_dags/example_branch_day_of_week_operator.py for tasks to queue
[2023-06-18T14:45:49.317+0530] {logging_mixin.py:149} INFO - [2023-06-18T14:45:49.317+0530] {dagbag.py:541} INFO - Filling up the DagBag from /home/shubham/.local/lib/python3.10/site-packages/airflow/example_dags/example_branch_day_of_week_operator.py
[2023-06-18T14:45:49.322+0530] {processor.py:836} INFO - DAG(s) dict_keys(['example_weekday_branch_operator']) retrieved from /home/shubham/.local/lib/python3.10/site-packages/airflow/example_dags/example_branch_day_of_week_operator.py
[2023-06-18T14:45:49.337+0530] {logging_mixin.py:149} INFO - [2023-06-18T14:45:49.336+0530] {dag.py:2726} INFO - Sync 1 DAGs
[2023-06-18T14:45:49.350+0530] {logging_mixin.py:149} INFO - [2023-06-18T14:45:49.349+0530] {dag.py:3486} INFO - Setting next_dagrun for example_weekday_branch_operator to 2023-06-17T00:00:00+00:00, run_after=2023-06-18T00:00:00+00:00
[2023-06-18T14:45:49.365+0530] {processor.py:179} INFO - Processing /home/shubham/.local/lib/python3.10/site-packages/airflow/example_dags/example_branch_day_of_week_operator.py took 0.053 seconds
[2023-06-18T14:46:35.475+0530] {processor.py:157} INFO - Started process (PID=4008) to work on /home/shubham/.local/lib/python3.10/site-packages/airflow/example_dags/example_branch_day_of_week_operator.py
[2023-06-18T14:46:35.476+0530] {processor.py:826} INFO - Processing file /home/shubham/.local/lib/python3.10/site-packages/airflow/example_dags/example_branch_day_of_week_operator.py for tasks to queue
[2023-06-18T14:46:35.477+0530] {logging_mixin.py:149} INFO - [2023-06-18T14:46:35.477+0530] {dagbag.py:541} INFO - Filling up the DagBag from /home/shubham/.local/lib/python3.10/site-packages/airflow/example_dags/example_branch_day_of_week_operator.py
[2023-06-18T14:46:35.482+0530] {processor.py:836} INFO - DAG(s) dict_keys(['example_weekday_branch_operator']) retrieved from /home/shubham/.local/lib/python3.10/site-packages/airflow/example_dags/example_branch_day_of_week_operator.py
[2023-06-18T14:46:35.496+0530] {logging_mixin.py:149} INFO - [2023-06-18T14:46:35.496+0530] {dag.py:2726} INFO - Sync 1 DAGs
[2023-06-18T14:46:35.509+0530] {logging_mixin.py:149} INFO - [2023-06-18T14:46:35.509+0530] {dag.py:3486} INFO - Setting next_dagrun for example_weekday_branch_operator to 2023-06-17T00:00:00+00:00, run_after=2023-06-18T00:00:00+00:00
[2023-06-18T14:46:35.527+0530] {processor.py:179} INFO - Processing /home/shubham/.local/lib/python3.10/site-packages/airflow/example_dags/example_branch_day_of_week_operator.py took 0.055 seconds
[2023-06-18T14:47:21.781+0530] {processor.py:157} INFO - Started process (PID=4056) to work on /home/shubham/.local/lib/python3.10/site-packages/airflow/example_dags/example_branch_day_of_week_operator.py
[2023-06-18T14:47:21.782+0530] {processor.py:826} INFO - Processing file /home/shubham/.local/lib/python3.10/site-packages/airflow/example_dags/example_branch_day_of_week_operator.py for tasks to queue
[2023-06-18T14:47:21.782+0530] {logging_mixin.py:149} INFO - [2023-06-18T14:47:21.782+0530] {dagbag.py:541} INFO - Filling up the DagBag from /home/shubham/.local/lib/python3.10/site-packages/airflow/example_dags/example_branch_day_of_week_operator.py
[2023-06-18T14:47:21.788+0530] {processor.py:836} INFO - DAG(s) dict_keys(['example_weekday_branch_operator']) retrieved from /home/shubham/.local/lib/python3.10/site-packages/airflow/example_dags/example_branch_day_of_week_operator.py
[2023-06-18T14:47:21.801+0530] {logging_mixin.py:149} INFO - [2023-06-18T14:47:21.801+0530] {dag.py:2726} INFO - Sync 1 DAGs
[2023-06-18T14:47:21.814+0530] {logging_mixin.py:149} INFO - [2023-06-18T14:47:21.814+0530] {dag.py:3486} INFO - Setting next_dagrun for example_weekday_branch_operator to 2023-06-17T00:00:00+00:00, run_after=2023-06-18T00:00:00+00:00
[2023-06-18T14:47:21.830+0530] {processor.py:179} INFO - Processing /home/shubham/.local/lib/python3.10/site-packages/airflow/example_dags/example_branch_day_of_week_operator.py took 0.052 seconds
[2023-06-18T14:48:04.942+0530] {processor.py:157} INFO - Started process (PID=4101) to work on /home/shubham/.local/lib/python3.10/site-packages/airflow/example_dags/example_branch_day_of_week_operator.py
[2023-06-18T14:48:04.943+0530] {processor.py:826} INFO - Processing file /home/shubham/.local/lib/python3.10/site-packages/airflow/example_dags/example_branch_day_of_week_operator.py for tasks to queue
[2023-06-18T14:48:04.944+0530] {logging_mixin.py:149} INFO - [2023-06-18T14:48:04.944+0530] {dagbag.py:541} INFO - Filling up the DagBag from /home/shubham/.local/lib/python3.10/site-packages/airflow/example_dags/example_branch_day_of_week_operator.py
[2023-06-18T14:48:04.949+0530] {processor.py:836} INFO - DAG(s) dict_keys(['example_weekday_branch_operator']) retrieved from /home/shubham/.local/lib/python3.10/site-packages/airflow/example_dags/example_branch_day_of_week_operator.py
[2023-06-18T14:48:04.963+0530] {logging_mixin.py:149} INFO - [2023-06-18T14:48:04.963+0530] {dag.py:2726} INFO - Sync 1 DAGs
[2023-06-18T14:48:04.976+0530] {logging_mixin.py:149} INFO - [2023-06-18T14:48:04.976+0530] {dag.py:3486} INFO - Setting next_dagrun for example_weekday_branch_operator to 2023-06-17T00:00:00+00:00, run_after=2023-06-18T00:00:00+00:00
[2023-06-18T14:48:04.992+0530] {processor.py:179} INFO - Processing /home/shubham/.local/lib/python3.10/site-packages/airflow/example_dags/example_branch_day_of_week_operator.py took 0.052 seconds
[2023-06-18T14:48:50.230+0530] {processor.py:157} INFO - Started process (PID=4149) to work on /home/shubham/.local/lib/python3.10/site-packages/airflow/example_dags/example_branch_day_of_week_operator.py
[2023-06-18T14:48:50.231+0530] {processor.py:826} INFO - Processing file /home/shubham/.local/lib/python3.10/site-packages/airflow/example_dags/example_branch_day_of_week_operator.py for tasks to queue
[2023-06-18T14:48:50.232+0530] {logging_mixin.py:149} INFO - [2023-06-18T14:48:50.231+0530] {dagbag.py:541} INFO - Filling up the DagBag from /home/shubham/.local/lib/python3.10/site-packages/airflow/example_dags/example_branch_day_of_week_operator.py
[2023-06-18T14:48:50.238+0530] {processor.py:836} INFO - DAG(s) dict_keys(['example_weekday_branch_operator']) retrieved from /home/shubham/.local/lib/python3.10/site-packages/airflow/example_dags/example_branch_day_of_week_operator.py
[2023-06-18T14:48:50.256+0530] {logging_mixin.py:149} INFO - [2023-06-18T14:48:50.255+0530] {dag.py:2726} INFO - Sync 1 DAGs
[2023-06-18T14:48:50.273+0530] {logging_mixin.py:149} INFO - [2023-06-18T14:48:50.273+0530] {dag.py:3486} INFO - Setting next_dagrun for example_weekday_branch_operator to 2023-06-17T00:00:00+00:00, run_after=2023-06-18T00:00:00+00:00
[2023-06-18T14:48:50.295+0530] {processor.py:179} INFO - Processing /home/shubham/.local/lib/python3.10/site-packages/airflow/example_dags/example_branch_day_of_week_operator.py took 0.067 seconds
[2023-06-18T14:49:33.575+0530] {processor.py:157} INFO - Started process (PID=4194) to work on /home/shubham/.local/lib/python3.10/site-packages/airflow/example_dags/example_branch_day_of_week_operator.py
[2023-06-18T14:49:33.576+0530] {processor.py:826} INFO - Processing file /home/shubham/.local/lib/python3.10/site-packages/airflow/example_dags/example_branch_day_of_week_operator.py for tasks to queue
[2023-06-18T14:49:33.577+0530] {logging_mixin.py:149} INFO - [2023-06-18T14:49:33.577+0530] {dagbag.py:541} INFO - Filling up the DagBag from /home/shubham/.local/lib/python3.10/site-packages/airflow/example_dags/example_branch_day_of_week_operator.py
[2023-06-18T14:49:33.582+0530] {processor.py:836} INFO - DAG(s) dict_keys(['example_weekday_branch_operator']) retrieved from /home/shubham/.local/lib/python3.10/site-packages/airflow/example_dags/example_branch_day_of_week_operator.py
[2023-06-18T14:49:33.597+0530] {logging_mixin.py:149} INFO - [2023-06-18T14:49:33.596+0530] {dag.py:2726} INFO - Sync 1 DAGs
[2023-06-18T14:49:33.610+0530] {logging_mixin.py:149} INFO - [2023-06-18T14:49:33.609+0530] {dag.py:3486} INFO - Setting next_dagrun for example_weekday_branch_operator to 2023-06-17T00:00:00+00:00, run_after=2023-06-18T00:00:00+00:00
[2023-06-18T14:49:33.628+0530] {processor.py:179} INFO - Processing /home/shubham/.local/lib/python3.10/site-packages/airflow/example_dags/example_branch_day_of_week_operator.py took 0.055 seconds
[2023-06-18T14:50:16.459+0530] {processor.py:157} INFO - Started process (PID=4240) to work on /home/shubham/.local/lib/python3.10/site-packages/airflow/example_dags/example_branch_day_of_week_operator.py
[2023-06-18T14:50:16.460+0530] {processor.py:826} INFO - Processing file /home/shubham/.local/lib/python3.10/site-packages/airflow/example_dags/example_branch_day_of_week_operator.py for tasks to queue
[2023-06-18T14:50:16.461+0530] {logging_mixin.py:149} INFO - [2023-06-18T14:50:16.461+0530] {dagbag.py:541} INFO - Filling up the DagBag from /home/shubham/.local/lib/python3.10/site-packages/airflow/example_dags/example_branch_day_of_week_operator.py
[2023-06-18T14:50:16.466+0530] {processor.py:836} INFO - DAG(s) dict_keys(['example_weekday_branch_operator']) retrieved from /home/shubham/.local/lib/python3.10/site-packages/airflow/example_dags/example_branch_day_of_week_operator.py
[2023-06-18T14:50:16.479+0530] {logging_mixin.py:149} INFO - [2023-06-18T14:50:16.479+0530] {dag.py:2726} INFO - Sync 1 DAGs
[2023-06-18T14:50:16.492+0530] {logging_mixin.py:149} INFO - [2023-06-18T14:50:16.492+0530] {dag.py:3486} INFO - Setting next_dagrun for example_weekday_branch_operator to 2023-06-17T00:00:00+00:00, run_after=2023-06-18T00:00:00+00:00
[2023-06-18T14:50:16.509+0530] {processor.py:179} INFO - Processing /home/shubham/.local/lib/python3.10/site-packages/airflow/example_dags/example_branch_day_of_week_operator.py took 0.053 seconds
[2023-06-18T14:50:56.988+0530] {processor.py:157} INFO - Started process (PID=4283) to work on /home/shubham/.local/lib/python3.10/site-packages/airflow/example_dags/example_branch_day_of_week_operator.py
[2023-06-18T14:50:56.990+0530] {processor.py:826} INFO - Processing file /home/shubham/.local/lib/python3.10/site-packages/airflow/example_dags/example_branch_day_of_week_operator.py for tasks to queue
[2023-06-18T14:50:56.990+0530] {logging_mixin.py:149} INFO - [2023-06-18T14:50:56.990+0530] {dagbag.py:541} INFO - Filling up the DagBag from /home/shubham/.local/lib/python3.10/site-packages/airflow/example_dags/example_branch_day_of_week_operator.py
[2023-06-18T14:50:56.995+0530] {processor.py:836} INFO - DAG(s) dict_keys(['example_weekday_branch_operator']) retrieved from /home/shubham/.local/lib/python3.10/site-packages/airflow/example_dags/example_branch_day_of_week_operator.py
[2023-06-18T14:50:57.010+0530] {logging_mixin.py:149} INFO - [2023-06-18T14:50:57.009+0530] {dag.py:2726} INFO - Sync 1 DAGs
[2023-06-18T14:50:57.023+0530] {logging_mixin.py:149} INFO - [2023-06-18T14:50:57.023+0530] {dag.py:3486} INFO - Setting next_dagrun for example_weekday_branch_operator to 2023-06-17T00:00:00+00:00, run_after=2023-06-18T00:00:00+00:00
[2023-06-18T14:50:57.039+0530] {processor.py:179} INFO - Processing /home/shubham/.local/lib/python3.10/site-packages/airflow/example_dags/example_branch_day_of_week_operator.py took 0.052 seconds
[2023-06-18T14:51:38.445+0530] {processor.py:157} INFO - Started process (PID=4326) to work on /home/shubham/.local/lib/python3.10/site-packages/airflow/example_dags/example_branch_day_of_week_operator.py
[2023-06-18T14:51:38.447+0530] {processor.py:826} INFO - Processing file /home/shubham/.local/lib/python3.10/site-packages/airflow/example_dags/example_branch_day_of_week_operator.py for tasks to queue
[2023-06-18T14:51:38.447+0530] {logging_mixin.py:149} INFO - [2023-06-18T14:51:38.447+0530] {dagbag.py:541} INFO - Filling up the DagBag from /home/shubham/.local/lib/python3.10/site-packages/airflow/example_dags/example_branch_day_of_week_operator.py
[2023-06-18T14:51:38.453+0530] {processor.py:836} INFO - DAG(s) dict_keys(['example_weekday_branch_operator']) retrieved from /home/shubham/.local/lib/python3.10/site-packages/airflow/example_dags/example_branch_day_of_week_operator.py
[2023-06-18T14:51:38.466+0530] {logging_mixin.py:149} INFO - [2023-06-18T14:51:38.466+0530] {dag.py:2726} INFO - Sync 1 DAGs
[2023-06-18T14:51:38.479+0530] {logging_mixin.py:149} INFO - [2023-06-18T14:51:38.479+0530] {dag.py:3486} INFO - Setting next_dagrun for example_weekday_branch_operator to 2023-06-17T00:00:00+00:00, run_after=2023-06-18T00:00:00+00:00
[2023-06-18T14:51:38.495+0530] {processor.py:179} INFO - Processing /home/shubham/.local/lib/python3.10/site-packages/airflow/example_dags/example_branch_day_of_week_operator.py took 0.052 seconds
[2023-06-18T14:52:21.794+0530] {processor.py:157} INFO - Started process (PID=4372) to work on /home/shubham/.local/lib/python3.10/site-packages/airflow/example_dags/example_branch_day_of_week_operator.py
[2023-06-18T14:52:21.795+0530] {processor.py:826} INFO - Processing file /home/shubham/.local/lib/python3.10/site-packages/airflow/example_dags/example_branch_day_of_week_operator.py for tasks to queue
[2023-06-18T14:52:21.796+0530] {logging_mixin.py:149} INFO - [2023-06-18T14:52:21.796+0530] {dagbag.py:541} INFO - Filling up the DagBag from /home/shubham/.local/lib/python3.10/site-packages/airflow/example_dags/example_branch_day_of_week_operator.py
[2023-06-18T14:52:21.801+0530] {processor.py:836} INFO - DAG(s) dict_keys(['example_weekday_branch_operator']) retrieved from /home/shubham/.local/lib/python3.10/site-packages/airflow/example_dags/example_branch_day_of_week_operator.py
[2023-06-18T14:52:21.814+0530] {logging_mixin.py:149} INFO - [2023-06-18T14:52:21.814+0530] {dag.py:2726} INFO - Sync 1 DAGs
[2023-06-18T14:52:21.827+0530] {logging_mixin.py:149} INFO - [2023-06-18T14:52:21.827+0530] {dag.py:3486} INFO - Setting next_dagrun for example_weekday_branch_operator to 2023-06-17T00:00:00+00:00, run_after=2023-06-18T00:00:00+00:00
[2023-06-18T14:52:21.843+0530] {processor.py:179} INFO - Processing /home/shubham/.local/lib/python3.10/site-packages/airflow/example_dags/example_branch_day_of_week_operator.py took 0.051 seconds
[2023-06-18T14:53:04.005+0530] {processor.py:157} INFO - Started process (PID=4415) to work on /home/shubham/.local/lib/python3.10/site-packages/airflow/example_dags/example_branch_day_of_week_operator.py
[2023-06-18T14:53:04.007+0530] {processor.py:826} INFO - Processing file /home/shubham/.local/lib/python3.10/site-packages/airflow/example_dags/example_branch_day_of_week_operator.py for tasks to queue
[2023-06-18T14:53:04.007+0530] {logging_mixin.py:149} INFO - [2023-06-18T14:53:04.007+0530] {dagbag.py:541} INFO - Filling up the DagBag from /home/shubham/.local/lib/python3.10/site-packages/airflow/example_dags/example_branch_day_of_week_operator.py
[2023-06-18T14:53:04.013+0530] {processor.py:836} INFO - DAG(s) dict_keys(['example_weekday_branch_operator']) retrieved from /home/shubham/.local/lib/python3.10/site-packages/airflow/example_dags/example_branch_day_of_week_operator.py
[2023-06-18T14:53:04.026+0530] {logging_mixin.py:149} INFO - [2023-06-18T14:53:04.026+0530] {dag.py:2726} INFO - Sync 1 DAGs
[2023-06-18T14:53:04.039+0530] {logging_mixin.py:149} INFO - [2023-06-18T14:53:04.039+0530] {dag.py:3486} INFO - Setting next_dagrun for example_weekday_branch_operator to 2023-06-17T00:00:00+00:00, run_after=2023-06-18T00:00:00+00:00
[2023-06-18T14:53:04.056+0530] {processor.py:179} INFO - Processing /home/shubham/.local/lib/python3.10/site-packages/airflow/example_dags/example_branch_day_of_week_operator.py took 0.053 seconds
[2023-06-18T14:53:49.014+0530] {processor.py:157} INFO - Started process (PID=4461) to work on /home/shubham/.local/lib/python3.10/site-packages/airflow/example_dags/example_branch_day_of_week_operator.py
[2023-06-18T14:53:49.015+0530] {processor.py:826} INFO - Processing file /home/shubham/.local/lib/python3.10/site-packages/airflow/example_dags/example_branch_day_of_week_operator.py for tasks to queue
[2023-06-18T14:53:49.016+0530] {logging_mixin.py:149} INFO - [2023-06-18T14:53:49.016+0530] {dagbag.py:541} INFO - Filling up the DagBag from /home/shubham/.local/lib/python3.10/site-packages/airflow/example_dags/example_branch_day_of_week_operator.py
[2023-06-18T14:53:49.021+0530] {processor.py:836} INFO - DAG(s) dict_keys(['example_weekday_branch_operator']) retrieved from /home/shubham/.local/lib/python3.10/site-packages/airflow/example_dags/example_branch_day_of_week_operator.py
[2023-06-18T14:53:49.034+0530] {logging_mixin.py:149} INFO - [2023-06-18T14:53:49.034+0530] {dag.py:2726} INFO - Sync 1 DAGs
[2023-06-18T14:53:49.047+0530] {logging_mixin.py:149} INFO - [2023-06-18T14:53:49.047+0530] {dag.py:3486} INFO - Setting next_dagrun for example_weekday_branch_operator to 2023-06-17T00:00:00+00:00, run_after=2023-06-18T00:00:00+00:00
[2023-06-18T14:53:49.063+0530] {processor.py:179} INFO - Processing /home/shubham/.local/lib/python3.10/site-packages/airflow/example_dags/example_branch_day_of_week_operator.py took 0.051 seconds
[2023-06-18T14:54:36.349+0530] {processor.py:157} INFO - Started process (PID=4509) to work on /home/shubham/.local/lib/python3.10/site-packages/airflow/example_dags/example_branch_day_of_week_operator.py
[2023-06-18T14:54:36.350+0530] {processor.py:826} INFO - Processing file /home/shubham/.local/lib/python3.10/site-packages/airflow/example_dags/example_branch_day_of_week_operator.py for tasks to queue
[2023-06-18T14:54:36.350+0530] {logging_mixin.py:149} INFO - [2023-06-18T14:54:36.350+0530] {dagbag.py:541} INFO - Filling up the DagBag from /home/shubham/.local/lib/python3.10/site-packages/airflow/example_dags/example_branch_day_of_week_operator.py
[2023-06-18T14:54:36.356+0530] {processor.py:836} INFO - DAG(s) dict_keys(['example_weekday_branch_operator']) retrieved from /home/shubham/.local/lib/python3.10/site-packages/airflow/example_dags/example_branch_day_of_week_operator.py
[2023-06-18T14:54:36.369+0530] {logging_mixin.py:149} INFO - [2023-06-18T14:54:36.369+0530] {dag.py:2726} INFO - Sync 1 DAGs
[2023-06-18T14:54:36.383+0530] {logging_mixin.py:149} INFO - [2023-06-18T14:54:36.383+0530] {dag.py:3486} INFO - Setting next_dagrun for example_weekday_branch_operator to 2023-06-17T00:00:00+00:00, run_after=2023-06-18T00:00:00+00:00
[2023-06-18T14:54:36.399+0530] {processor.py:179} INFO - Processing /home/shubham/.local/lib/python3.10/site-packages/airflow/example_dags/example_branch_day_of_week_operator.py took 0.052 seconds
[2023-06-18T14:55:19.385+0530] {processor.py:157} INFO - Started process (PID=4555) to work on /home/shubham/.local/lib/python3.10/site-packages/airflow/example_dags/example_branch_day_of_week_operator.py
[2023-06-18T14:55:19.386+0530] {processor.py:826} INFO - Processing file /home/shubham/.local/lib/python3.10/site-packages/airflow/example_dags/example_branch_day_of_week_operator.py for tasks to queue
[2023-06-18T14:55:19.387+0530] {logging_mixin.py:149} INFO - [2023-06-18T14:55:19.386+0530] {dagbag.py:541} INFO - Filling up the DagBag from /home/shubham/.local/lib/python3.10/site-packages/airflow/example_dags/example_branch_day_of_week_operator.py
[2023-06-18T14:55:19.392+0530] {processor.py:836} INFO - DAG(s) dict_keys(['example_weekday_branch_operator']) retrieved from /home/shubham/.local/lib/python3.10/site-packages/airflow/example_dags/example_branch_day_of_week_operator.py
[2023-06-18T14:55:19.406+0530] {logging_mixin.py:149} INFO - [2023-06-18T14:55:19.405+0530] {dag.py:2726} INFO - Sync 1 DAGs
[2023-06-18T14:55:19.418+0530] {logging_mixin.py:149} INFO - [2023-06-18T14:55:19.418+0530] {dag.py:3486} INFO - Setting next_dagrun for example_weekday_branch_operator to 2023-06-17T00:00:00+00:00, run_after=2023-06-18T00:00:00+00:00
[2023-06-18T14:55:19.434+0530] {processor.py:179} INFO - Processing /home/shubham/.local/lib/python3.10/site-packages/airflow/example_dags/example_branch_day_of_week_operator.py took 0.052 seconds
[2023-06-18T14:56:04.037+0530] {processor.py:157} INFO - Started process (PID=4602) to work on /home/shubham/.local/lib/python3.10/site-packages/airflow/example_dags/example_branch_day_of_week_operator.py
[2023-06-18T14:56:04.038+0530] {processor.py:826} INFO - Processing file /home/shubham/.local/lib/python3.10/site-packages/airflow/example_dags/example_branch_day_of_week_operator.py for tasks to queue
[2023-06-18T14:56:04.039+0530] {logging_mixin.py:149} INFO - [2023-06-18T14:56:04.039+0530] {dagbag.py:541} INFO - Filling up the DagBag from /home/shubham/.local/lib/python3.10/site-packages/airflow/example_dags/example_branch_day_of_week_operator.py
[2023-06-18T14:56:04.044+0530] {processor.py:836} INFO - DAG(s) dict_keys(['example_weekday_branch_operator']) retrieved from /home/shubham/.local/lib/python3.10/site-packages/airflow/example_dags/example_branch_day_of_week_operator.py
[2023-06-18T14:56:04.058+0530] {logging_mixin.py:149} INFO - [2023-06-18T14:56:04.058+0530] {dag.py:2726} INFO - Sync 1 DAGs
[2023-06-18T14:56:04.071+0530] {logging_mixin.py:149} INFO - [2023-06-18T14:56:04.071+0530] {dag.py:3486} INFO - Setting next_dagrun for example_weekday_branch_operator to 2023-06-17T00:00:00+00:00, run_after=2023-06-18T00:00:00+00:00
[2023-06-18T14:56:04.087+0530] {processor.py:179} INFO - Processing /home/shubham/.local/lib/python3.10/site-packages/airflow/example_dags/example_branch_day_of_week_operator.py took 0.053 seconds
[2023-06-18T14:56:48.777+0530] {processor.py:157} INFO - Started process (PID=4648) to work on /home/shubham/.local/lib/python3.10/site-packages/airflow/example_dags/example_branch_day_of_week_operator.py
[2023-06-18T14:56:48.779+0530] {processor.py:826} INFO - Processing file /home/shubham/.local/lib/python3.10/site-packages/airflow/example_dags/example_branch_day_of_week_operator.py for tasks to queue
[2023-06-18T14:56:48.779+0530] {logging_mixin.py:149} INFO - [2023-06-18T14:56:48.779+0530] {dagbag.py:541} INFO - Filling up the DagBag from /home/shubham/.local/lib/python3.10/site-packages/airflow/example_dags/example_branch_day_of_week_operator.py
[2023-06-18T14:56:48.784+0530] {processor.py:836} INFO - DAG(s) dict_keys(['example_weekday_branch_operator']) retrieved from /home/shubham/.local/lib/python3.10/site-packages/airflow/example_dags/example_branch_day_of_week_operator.py
[2023-06-18T14:56:48.798+0530] {logging_mixin.py:149} INFO - [2023-06-18T14:56:48.797+0530] {dag.py:2726} INFO - Sync 1 DAGs
[2023-06-18T14:56:48.810+0530] {logging_mixin.py:149} INFO - [2023-06-18T14:56:48.810+0530] {dag.py:3486} INFO - Setting next_dagrun for example_weekday_branch_operator to 2023-06-17T00:00:00+00:00, run_after=2023-06-18T00:00:00+00:00
[2023-06-18T14:56:48.825+0530] {processor.py:179} INFO - Processing /home/shubham/.local/lib/python3.10/site-packages/airflow/example_dags/example_branch_day_of_week_operator.py took 0.050 seconds
[2023-06-18T14:57:29.958+0530] {processor.py:157} INFO - Started process (PID=4696) to work on /home/shubham/.local/lib/python3.10/site-packages/airflow/example_dags/example_branch_day_of_week_operator.py
[2023-06-18T14:57:29.960+0530] {processor.py:826} INFO - Processing file /home/shubham/.local/lib/python3.10/site-packages/airflow/example_dags/example_branch_day_of_week_operator.py for tasks to queue
[2023-06-18T14:57:29.960+0530] {logging_mixin.py:149} INFO - [2023-06-18T14:57:29.960+0530] {dagbag.py:541} INFO - Filling up the DagBag from /home/shubham/.local/lib/python3.10/site-packages/airflow/example_dags/example_branch_day_of_week_operator.py
[2023-06-18T14:57:29.965+0530] {processor.py:836} INFO - DAG(s) dict_keys(['example_weekday_branch_operator']) retrieved from /home/shubham/.local/lib/python3.10/site-packages/airflow/example_dags/example_branch_day_of_week_operator.py
[2023-06-18T14:57:29.979+0530] {logging_mixin.py:149} INFO - [2023-06-18T14:57:29.979+0530] {dag.py:2726} INFO - Sync 1 DAGs
[2023-06-18T14:57:29.992+0530] {logging_mixin.py:149} INFO - [2023-06-18T14:57:29.992+0530] {dag.py:3486} INFO - Setting next_dagrun for example_weekday_branch_operator to 2023-06-17T00:00:00+00:00, run_after=2023-06-18T00:00:00+00:00
[2023-06-18T14:57:30.009+0530] {processor.py:179} INFO - Processing /home/shubham/.local/lib/python3.10/site-packages/airflow/example_dags/example_branch_day_of_week_operator.py took 0.053 seconds
[2023-06-18T14:58:12.811+0530] {processor.py:157} INFO - Started process (PID=4741) to work on /home/shubham/.local/lib/python3.10/site-packages/airflow/example_dags/example_branch_day_of_week_operator.py
[2023-06-18T14:58:12.812+0530] {processor.py:826} INFO - Processing file /home/shubham/.local/lib/python3.10/site-packages/airflow/example_dags/example_branch_day_of_week_operator.py for tasks to queue
[2023-06-18T14:58:12.813+0530] {logging_mixin.py:149} INFO - [2023-06-18T14:58:12.813+0530] {dagbag.py:541} INFO - Filling up the DagBag from /home/shubham/.local/lib/python3.10/site-packages/airflow/example_dags/example_branch_day_of_week_operator.py
[2023-06-18T14:58:12.818+0530] {processor.py:836} INFO - DAG(s) dict_keys(['example_weekday_branch_operator']) retrieved from /home/shubham/.local/lib/python3.10/site-packages/airflow/example_dags/example_branch_day_of_week_operator.py
[2023-06-18T14:58:12.831+0530] {logging_mixin.py:149} INFO - [2023-06-18T14:58:12.831+0530] {dag.py:2726} INFO - Sync 1 DAGs
[2023-06-18T14:58:12.844+0530] {logging_mixin.py:149} INFO - [2023-06-18T14:58:12.844+0530] {dag.py:3486} INFO - Setting next_dagrun for example_weekday_branch_operator to 2023-06-17T00:00:00+00:00, run_after=2023-06-18T00:00:00+00:00
[2023-06-18T14:58:12.861+0530] {processor.py:179} INFO - Processing /home/shubham/.local/lib/python3.10/site-packages/airflow/example_dags/example_branch_day_of_week_operator.py took 0.053 seconds
[2023-06-18T14:58:55.024+0530] {processor.py:157} INFO - Started process (PID=4785) to work on /home/shubham/.local/lib/python3.10/site-packages/airflow/example_dags/example_branch_day_of_week_operator.py
[2023-06-18T14:58:55.026+0530] {processor.py:826} INFO - Processing file /home/shubham/.local/lib/python3.10/site-packages/airflow/example_dags/example_branch_day_of_week_operator.py for tasks to queue
[2023-06-18T14:58:55.026+0530] {logging_mixin.py:149} INFO - [2023-06-18T14:58:55.026+0530] {dagbag.py:541} INFO - Filling up the DagBag from /home/shubham/.local/lib/python3.10/site-packages/airflow/example_dags/example_branch_day_of_week_operator.py
[2023-06-18T14:58:55.031+0530] {processor.py:836} INFO - DAG(s) dict_keys(['example_weekday_branch_operator']) retrieved from /home/shubham/.local/lib/python3.10/site-packages/airflow/example_dags/example_branch_day_of_week_operator.py
[2023-06-18T14:58:55.045+0530] {logging_mixin.py:149} INFO - [2023-06-18T14:58:55.045+0530] {dag.py:2726} INFO - Sync 1 DAGs
[2023-06-18T14:58:55.058+0530] {logging_mixin.py:149} INFO - [2023-06-18T14:58:55.058+0530] {dag.py:3486} INFO - Setting next_dagrun for example_weekday_branch_operator to 2023-06-17T00:00:00+00:00, run_after=2023-06-18T00:00:00+00:00
[2023-06-18T14:58:55.074+0530] {processor.py:179} INFO - Processing /home/shubham/.local/lib/python3.10/site-packages/airflow/example_dags/example_branch_day_of_week_operator.py took 0.053 seconds
[2023-06-18T14:59:38.210+0530] {processor.py:157} INFO - Started process (PID=4831) to work on /home/shubham/.local/lib/python3.10/site-packages/airflow/example_dags/example_branch_day_of_week_operator.py
[2023-06-18T14:59:38.211+0530] {processor.py:826} INFO - Processing file /home/shubham/.local/lib/python3.10/site-packages/airflow/example_dags/example_branch_day_of_week_operator.py for tasks to queue
[2023-06-18T14:59:38.212+0530] {logging_mixin.py:149} INFO - [2023-06-18T14:59:38.212+0530] {dagbag.py:541} INFO - Filling up the DagBag from /home/shubham/.local/lib/python3.10/site-packages/airflow/example_dags/example_branch_day_of_week_operator.py
[2023-06-18T14:59:38.217+0530] {processor.py:836} INFO - DAG(s) dict_keys(['example_weekday_branch_operator']) retrieved from /home/shubham/.local/lib/python3.10/site-packages/airflow/example_dags/example_branch_day_of_week_operator.py
[2023-06-18T14:59:38.231+0530] {logging_mixin.py:149} INFO - [2023-06-18T14:59:38.230+0530] {dag.py:2726} INFO - Sync 1 DAGs
[2023-06-18T14:59:38.244+0530] {logging_mixin.py:149} INFO - [2023-06-18T14:59:38.243+0530] {dag.py:3486} INFO - Setting next_dagrun for example_weekday_branch_operator to 2023-06-17T00:00:00+00:00, run_after=2023-06-18T00:00:00+00:00
[2023-06-18T14:59:38.259+0530] {processor.py:179} INFO - Processing /home/shubham/.local/lib/python3.10/site-packages/airflow/example_dags/example_branch_day_of_week_operator.py took 0.052 seconds
[2023-06-18T15:00:20.216+0530] {processor.py:157} INFO - Started process (PID=4874) to work on /home/shubham/.local/lib/python3.10/site-packages/airflow/example_dags/example_branch_day_of_week_operator.py
[2023-06-18T15:00:20.217+0530] {processor.py:826} INFO - Processing file /home/shubham/.local/lib/python3.10/site-packages/airflow/example_dags/example_branch_day_of_week_operator.py for tasks to queue
[2023-06-18T15:00:20.218+0530] {logging_mixin.py:149} INFO - [2023-06-18T15:00:20.218+0530] {dagbag.py:541} INFO - Filling up the DagBag from /home/shubham/.local/lib/python3.10/site-packages/airflow/example_dags/example_branch_day_of_week_operator.py
[2023-06-18T15:00:20.223+0530] {processor.py:836} INFO - DAG(s) dict_keys(['example_weekday_branch_operator']) retrieved from /home/shubham/.local/lib/python3.10/site-packages/airflow/example_dags/example_branch_day_of_week_operator.py
[2023-06-18T15:00:20.237+0530] {logging_mixin.py:149} INFO - [2023-06-18T15:00:20.237+0530] {dag.py:2726} INFO - Sync 1 DAGs
[2023-06-18T15:00:20.251+0530] {logging_mixin.py:149} INFO - [2023-06-18T15:00:20.250+0530] {dag.py:3486} INFO - Setting next_dagrun for example_weekday_branch_operator to 2023-06-17T00:00:00+00:00, run_after=2023-06-18T00:00:00+00:00
[2023-06-18T15:00:20.268+0530] {processor.py:179} INFO - Processing /home/shubham/.local/lib/python3.10/site-packages/airflow/example_dags/example_branch_day_of_week_operator.py took 0.055 seconds
[2023-06-18T15:01:08.004+0530] {processor.py:157} INFO - Started process (PID=4923) to work on /home/shubham/.local/lib/python3.10/site-packages/airflow/example_dags/example_branch_day_of_week_operator.py
[2023-06-18T15:01:08.006+0530] {processor.py:826} INFO - Processing file /home/shubham/.local/lib/python3.10/site-packages/airflow/example_dags/example_branch_day_of_week_operator.py for tasks to queue
[2023-06-18T15:01:08.006+0530] {logging_mixin.py:149} INFO - [2023-06-18T15:01:08.006+0530] {dagbag.py:541} INFO - Filling up the DagBag from /home/shubham/.local/lib/python3.10/site-packages/airflow/example_dags/example_branch_day_of_week_operator.py
[2023-06-18T15:01:08.011+0530] {processor.py:836} INFO - DAG(s) dict_keys(['example_weekday_branch_operator']) retrieved from /home/shubham/.local/lib/python3.10/site-packages/airflow/example_dags/example_branch_day_of_week_operator.py
[2023-06-18T15:01:08.025+0530] {logging_mixin.py:149} INFO - [2023-06-18T15:01:08.025+0530] {dag.py:2726} INFO - Sync 1 DAGs
[2023-06-18T15:01:08.037+0530] {logging_mixin.py:149} INFO - [2023-06-18T15:01:08.037+0530] {dag.py:3486} INFO - Setting next_dagrun for example_weekday_branch_operator to 2023-06-17T00:00:00+00:00, run_after=2023-06-18T00:00:00+00:00
[2023-06-18T15:01:08.054+0530] {processor.py:179} INFO - Processing /home/shubham/.local/lib/python3.10/site-packages/airflow/example_dags/example_branch_day_of_week_operator.py took 0.053 seconds
[2023-06-18T15:01:52.829+0530] {processor.py:157} INFO - Started process (PID=4969) to work on /home/shubham/.local/lib/python3.10/site-packages/airflow/example_dags/example_branch_day_of_week_operator.py
[2023-06-18T15:01:52.830+0530] {processor.py:826} INFO - Processing file /home/shubham/.local/lib/python3.10/site-packages/airflow/example_dags/example_branch_day_of_week_operator.py for tasks to queue
[2023-06-18T15:01:52.830+0530] {logging_mixin.py:149} INFO - [2023-06-18T15:01:52.830+0530] {dagbag.py:541} INFO - Filling up the DagBag from /home/shubham/.local/lib/python3.10/site-packages/airflow/example_dags/example_branch_day_of_week_operator.py
[2023-06-18T15:01:52.836+0530] {processor.py:836} INFO - DAG(s) dict_keys(['example_weekday_branch_operator']) retrieved from /home/shubham/.local/lib/python3.10/site-packages/airflow/example_dags/example_branch_day_of_week_operator.py
[2023-06-18T15:01:52.849+0530] {logging_mixin.py:149} INFO - [2023-06-18T15:01:52.849+0530] {dag.py:2726} INFO - Sync 1 DAGs
[2023-06-18T15:01:52.862+0530] {logging_mixin.py:149} INFO - [2023-06-18T15:01:52.862+0530] {dag.py:3486} INFO - Setting next_dagrun for example_weekday_branch_operator to 2023-06-17T00:00:00+00:00, run_after=2023-06-18T00:00:00+00:00
[2023-06-18T15:01:52.878+0530] {processor.py:179} INFO - Processing /home/shubham/.local/lib/python3.10/site-packages/airflow/example_dags/example_branch_day_of_week_operator.py took 0.051 seconds
[2023-06-18T15:02:35.507+0530] {processor.py:157} INFO - Started process (PID=5015) to work on /home/shubham/.local/lib/python3.10/site-packages/airflow/example_dags/example_branch_day_of_week_operator.py
[2023-06-18T15:02:35.509+0530] {processor.py:826} INFO - Processing file /home/shubham/.local/lib/python3.10/site-packages/airflow/example_dags/example_branch_day_of_week_operator.py for tasks to queue
[2023-06-18T15:02:35.509+0530] {logging_mixin.py:149} INFO - [2023-06-18T15:02:35.509+0530] {dagbag.py:541} INFO - Filling up the DagBag from /home/shubham/.local/lib/python3.10/site-packages/airflow/example_dags/example_branch_day_of_week_operator.py
[2023-06-18T15:02:35.514+0530] {processor.py:836} INFO - DAG(s) dict_keys(['example_weekday_branch_operator']) retrieved from /home/shubham/.local/lib/python3.10/site-packages/airflow/example_dags/example_branch_day_of_week_operator.py
[2023-06-18T15:02:35.528+0530] {logging_mixin.py:149} INFO - [2023-06-18T15:02:35.528+0530] {dag.py:2726} INFO - Sync 1 DAGs
[2023-06-18T15:02:35.541+0530] {logging_mixin.py:149} INFO - [2023-06-18T15:02:35.541+0530] {dag.py:3486} INFO - Setting next_dagrun for example_weekday_branch_operator to 2023-06-17T00:00:00+00:00, run_after=2023-06-18T00:00:00+00:00
[2023-06-18T15:02:35.557+0530] {processor.py:179} INFO - Processing /home/shubham/.local/lib/python3.10/site-packages/airflow/example_dags/example_branch_day_of_week_operator.py took 0.052 seconds
[2023-06-18T15:03:16.561+0530] {processor.py:157} INFO - Started process (PID=5058) to work on /home/shubham/.local/lib/python3.10/site-packages/airflow/example_dags/example_branch_day_of_week_operator.py
[2023-06-18T15:03:16.562+0530] {processor.py:826} INFO - Processing file /home/shubham/.local/lib/python3.10/site-packages/airflow/example_dags/example_branch_day_of_week_operator.py for tasks to queue
[2023-06-18T15:03:16.563+0530] {logging_mixin.py:149} INFO - [2023-06-18T15:03:16.563+0530] {dagbag.py:541} INFO - Filling up the DagBag from /home/shubham/.local/lib/python3.10/site-packages/airflow/example_dags/example_branch_day_of_week_operator.py
[2023-06-18T15:03:16.568+0530] {processor.py:836} INFO - DAG(s) dict_keys(['example_weekday_branch_operator']) retrieved from /home/shubham/.local/lib/python3.10/site-packages/airflow/example_dags/example_branch_day_of_week_operator.py
[2023-06-18T15:03:16.582+0530] {logging_mixin.py:149} INFO - [2023-06-18T15:03:16.582+0530] {dag.py:2726} INFO - Sync 1 DAGs
[2023-06-18T15:03:16.595+0530] {logging_mixin.py:149} INFO - [2023-06-18T15:03:16.595+0530] {dag.py:3486} INFO - Setting next_dagrun for example_weekday_branch_operator to 2023-06-17T00:00:00+00:00, run_after=2023-06-18T00:00:00+00:00
[2023-06-18T15:03:16.611+0530] {processor.py:179} INFO - Processing /home/shubham/.local/lib/python3.10/site-packages/airflow/example_dags/example_branch_day_of_week_operator.py took 0.052 seconds
[2023-06-18T15:04:01.939+0530] {processor.py:157} INFO - Started process (PID=5104) to work on /home/shubham/.local/lib/python3.10/site-packages/airflow/example_dags/example_branch_day_of_week_operator.py
[2023-06-18T15:04:01.940+0530] {processor.py:826} INFO - Processing file /home/shubham/.local/lib/python3.10/site-packages/airflow/example_dags/example_branch_day_of_week_operator.py for tasks to queue
[2023-06-18T15:04:01.941+0530] {logging_mixin.py:149} INFO - [2023-06-18T15:04:01.941+0530] {dagbag.py:541} INFO - Filling up the DagBag from /home/shubham/.local/lib/python3.10/site-packages/airflow/example_dags/example_branch_day_of_week_operator.py
[2023-06-18T15:04:01.946+0530] {processor.py:836} INFO - DAG(s) dict_keys(['example_weekday_branch_operator']) retrieved from /home/shubham/.local/lib/python3.10/site-packages/airflow/example_dags/example_branch_day_of_week_operator.py
[2023-06-18T15:04:01.960+0530] {logging_mixin.py:149} INFO - [2023-06-18T15:04:01.959+0530] {dag.py:2726} INFO - Sync 1 DAGs
[2023-06-18T15:04:01.975+0530] {logging_mixin.py:149} INFO - [2023-06-18T15:04:01.975+0530] {dag.py:3486} INFO - Setting next_dagrun for example_weekday_branch_operator to 2023-06-17T00:00:00+00:00, run_after=2023-06-18T00:00:00+00:00
[2023-06-18T15:04:01.991+0530] {processor.py:179} INFO - Processing /home/shubham/.local/lib/python3.10/site-packages/airflow/example_dags/example_branch_day_of_week_operator.py took 0.054 seconds
[2023-06-18T15:04:44.954+0530] {processor.py:157} INFO - Started process (PID=5150) to work on /home/shubham/.local/lib/python3.10/site-packages/airflow/example_dags/example_branch_day_of_week_operator.py
[2023-06-18T15:04:44.956+0530] {processor.py:826} INFO - Processing file /home/shubham/.local/lib/python3.10/site-packages/airflow/example_dags/example_branch_day_of_week_operator.py for tasks to queue
[2023-06-18T15:04:44.956+0530] {logging_mixin.py:149} INFO - [2023-06-18T15:04:44.956+0530] {dagbag.py:541} INFO - Filling up the DagBag from /home/shubham/.local/lib/python3.10/site-packages/airflow/example_dags/example_branch_day_of_week_operator.py
[2023-06-18T15:04:44.961+0530] {processor.py:836} INFO - DAG(s) dict_keys(['example_weekday_branch_operator']) retrieved from /home/shubham/.local/lib/python3.10/site-packages/airflow/example_dags/example_branch_day_of_week_operator.py
[2023-06-18T15:04:44.975+0530] {logging_mixin.py:149} INFO - [2023-06-18T15:04:44.975+0530] {dag.py:2726} INFO - Sync 1 DAGs
[2023-06-18T15:04:44.987+0530] {logging_mixin.py:149} INFO - [2023-06-18T15:04:44.987+0530] {dag.py:3486} INFO - Setting next_dagrun for example_weekday_branch_operator to 2023-06-17T00:00:00+00:00, run_after=2023-06-18T00:00:00+00:00
[2023-06-18T15:04:45.003+0530] {processor.py:179} INFO - Processing /home/shubham/.local/lib/python3.10/site-packages/airflow/example_dags/example_branch_day_of_week_operator.py took 0.051 seconds
[2023-06-18T15:05:31.467+0530] {processor.py:157} INFO - Started process (PID=5198) to work on /home/shubham/.local/lib/python3.10/site-packages/airflow/example_dags/example_branch_day_of_week_operator.py
[2023-06-18T15:05:31.468+0530] {processor.py:826} INFO - Processing file /home/shubham/.local/lib/python3.10/site-packages/airflow/example_dags/example_branch_day_of_week_operator.py for tasks to queue
[2023-06-18T15:05:31.469+0530] {logging_mixin.py:149} INFO - [2023-06-18T15:05:31.469+0530] {dagbag.py:541} INFO - Filling up the DagBag from /home/shubham/.local/lib/python3.10/site-packages/airflow/example_dags/example_branch_day_of_week_operator.py
[2023-06-18T15:05:31.474+0530] {processor.py:836} INFO - DAG(s) dict_keys(['example_weekday_branch_operator']) retrieved from /home/shubham/.local/lib/python3.10/site-packages/airflow/example_dags/example_branch_day_of_week_operator.py
[2023-06-18T15:05:31.488+0530] {logging_mixin.py:149} INFO - [2023-06-18T15:05:31.488+0530] {dag.py:2726} INFO - Sync 1 DAGs
[2023-06-18T15:05:31.501+0530] {logging_mixin.py:149} INFO - [2023-06-18T15:05:31.501+0530] {dag.py:3486} INFO - Setting next_dagrun for example_weekday_branch_operator to 2023-06-17T00:00:00+00:00, run_after=2023-06-18T00:00:00+00:00
[2023-06-18T15:05:31.517+0530] {processor.py:179} INFO - Processing /home/shubham/.local/lib/python3.10/site-packages/airflow/example_dags/example_branch_day_of_week_operator.py took 0.052 seconds
[2023-06-18T15:06:13.499+0530] {processor.py:157} INFO - Started process (PID=5241) to work on /home/shubham/.local/lib/python3.10/site-packages/airflow/example_dags/example_branch_day_of_week_operator.py
[2023-06-18T15:06:13.500+0530] {processor.py:826} INFO - Processing file /home/shubham/.local/lib/python3.10/site-packages/airflow/example_dags/example_branch_day_of_week_operator.py for tasks to queue
[2023-06-18T15:06:13.501+0530] {logging_mixin.py:149} INFO - [2023-06-18T15:06:13.500+0530] {dagbag.py:541} INFO - Filling up the DagBag from /home/shubham/.local/lib/python3.10/site-packages/airflow/example_dags/example_branch_day_of_week_operator.py
[2023-06-18T15:06:13.506+0530] {processor.py:836} INFO - DAG(s) dict_keys(['example_weekday_branch_operator']) retrieved from /home/shubham/.local/lib/python3.10/site-packages/airflow/example_dags/example_branch_day_of_week_operator.py
[2023-06-18T15:06:13.520+0530] {logging_mixin.py:149} INFO - [2023-06-18T15:06:13.519+0530] {dag.py:2726} INFO - Sync 1 DAGs
[2023-06-18T15:06:13.532+0530] {logging_mixin.py:149} INFO - [2023-06-18T15:06:13.532+0530] {dag.py:3486} INFO - Setting next_dagrun for example_weekday_branch_operator to 2023-06-17T00:00:00+00:00, run_after=2023-06-18T00:00:00+00:00
[2023-06-18T15:06:13.549+0530] {processor.py:179} INFO - Processing /home/shubham/.local/lib/python3.10/site-packages/airflow/example_dags/example_branch_day_of_week_operator.py took 0.052 seconds
[2023-06-18T15:07:02.117+0530] {processor.py:157} INFO - Started process (PID=5290) to work on /home/shubham/.local/lib/python3.10/site-packages/airflow/example_dags/example_branch_day_of_week_operator.py
[2023-06-18T15:07:02.119+0530] {processor.py:826} INFO - Processing file /home/shubham/.local/lib/python3.10/site-packages/airflow/example_dags/example_branch_day_of_week_operator.py for tasks to queue
[2023-06-18T15:07:02.120+0530] {logging_mixin.py:149} INFO - [2023-06-18T15:07:02.120+0530] {dagbag.py:541} INFO - Filling up the DagBag from /home/shubham/.local/lib/python3.10/site-packages/airflow/example_dags/example_branch_day_of_week_operator.py
[2023-06-18T15:07:02.127+0530] {processor.py:836} INFO - DAG(s) dict_keys(['example_weekday_branch_operator']) retrieved from /home/shubham/.local/lib/python3.10/site-packages/airflow/example_dags/example_branch_day_of_week_operator.py
[2023-06-18T15:07:02.144+0530] {logging_mixin.py:149} INFO - [2023-06-18T15:07:02.144+0530] {dag.py:2726} INFO - Sync 1 DAGs
[2023-06-18T15:07:02.160+0530] {logging_mixin.py:149} INFO - [2023-06-18T15:07:02.160+0530] {dag.py:3486} INFO - Setting next_dagrun for example_weekday_branch_operator to 2023-06-17T00:00:00+00:00, run_after=2023-06-18T00:00:00+00:00
[2023-06-18T15:07:02.188+0530] {processor.py:179} INFO - Processing /home/shubham/.local/lib/python3.10/site-packages/airflow/example_dags/example_branch_day_of_week_operator.py took 0.073 seconds
[2023-06-18T15:07:49.164+0530] {processor.py:157} INFO - Started process (PID=5338) to work on /home/shubham/.local/lib/python3.10/site-packages/airflow/example_dags/example_branch_day_of_week_operator.py
[2023-06-18T15:07:49.166+0530] {processor.py:826} INFO - Processing file /home/shubham/.local/lib/python3.10/site-packages/airflow/example_dags/example_branch_day_of_week_operator.py for tasks to queue
[2023-06-18T15:07:49.167+0530] {logging_mixin.py:149} INFO - [2023-06-18T15:07:49.167+0530] {dagbag.py:541} INFO - Filling up the DagBag from /home/shubham/.local/lib/python3.10/site-packages/airflow/example_dags/example_branch_day_of_week_operator.py
[2023-06-18T15:07:49.174+0530] {processor.py:836} INFO - DAG(s) dict_keys(['example_weekday_branch_operator']) retrieved from /home/shubham/.local/lib/python3.10/site-packages/airflow/example_dags/example_branch_day_of_week_operator.py
[2023-06-18T15:07:49.195+0530] {logging_mixin.py:149} INFO - [2023-06-18T15:07:49.195+0530] {dag.py:2726} INFO - Sync 1 DAGs
[2023-06-18T15:07:49.215+0530] {logging_mixin.py:149} INFO - [2023-06-18T15:07:49.215+0530] {dag.py:3486} INFO - Setting next_dagrun for example_weekday_branch_operator to 2023-06-17T00:00:00+00:00, run_after=2023-06-18T00:00:00+00:00
[2023-06-18T15:07:49.240+0530] {processor.py:179} INFO - Processing /home/shubham/.local/lib/python3.10/site-packages/airflow/example_dags/example_branch_day_of_week_operator.py took 0.080 seconds
[2023-06-18T15:08:32.839+0530] {processor.py:157} INFO - Started process (PID=5384) to work on /home/shubham/.local/lib/python3.10/site-packages/airflow/example_dags/example_branch_day_of_week_operator.py
[2023-06-18T15:08:32.841+0530] {processor.py:826} INFO - Processing file /home/shubham/.local/lib/python3.10/site-packages/airflow/example_dags/example_branch_day_of_week_operator.py for tasks to queue
[2023-06-18T15:08:32.841+0530] {logging_mixin.py:149} INFO - [2023-06-18T15:08:32.841+0530] {dagbag.py:541} INFO - Filling up the DagBag from /home/shubham/.local/lib/python3.10/site-packages/airflow/example_dags/example_branch_day_of_week_operator.py
[2023-06-18T15:08:32.848+0530] {processor.py:836} INFO - DAG(s) dict_keys(['example_weekday_branch_operator']) retrieved from /home/shubham/.local/lib/python3.10/site-packages/airflow/example_dags/example_branch_day_of_week_operator.py
[2023-06-18T15:08:32.865+0530] {logging_mixin.py:149} INFO - [2023-06-18T15:08:32.865+0530] {dag.py:2726} INFO - Sync 1 DAGs
[2023-06-18T15:08:32.880+0530] {logging_mixin.py:149} INFO - [2023-06-18T15:08:32.880+0530] {dag.py:3486} INFO - Setting next_dagrun for example_weekday_branch_operator to 2023-06-17T00:00:00+00:00, run_after=2023-06-18T00:00:00+00:00
[2023-06-18T15:08:32.903+0530] {processor.py:179} INFO - Processing /home/shubham/.local/lib/python3.10/site-packages/airflow/example_dags/example_branch_day_of_week_operator.py took 0.067 seconds
[2023-06-18T15:09:17.828+0530] {processor.py:157} INFO - Started process (PID=5429) to work on /home/shubham/.local/lib/python3.10/site-packages/airflow/example_dags/example_branch_day_of_week_operator.py
[2023-06-18T15:09:17.830+0530] {processor.py:826} INFO - Processing file /home/shubham/.local/lib/python3.10/site-packages/airflow/example_dags/example_branch_day_of_week_operator.py for tasks to queue
[2023-06-18T15:09:17.831+0530] {logging_mixin.py:149} INFO - [2023-06-18T15:09:17.831+0530] {dagbag.py:541} INFO - Filling up the DagBag from /home/shubham/.local/lib/python3.10/site-packages/airflow/example_dags/example_branch_day_of_week_operator.py
[2023-06-18T15:09:17.838+0530] {processor.py:836} INFO - DAG(s) dict_keys(['example_weekday_branch_operator']) retrieved from /home/shubham/.local/lib/python3.10/site-packages/airflow/example_dags/example_branch_day_of_week_operator.py
[2023-06-18T15:09:17.855+0530] {logging_mixin.py:149} INFO - [2023-06-18T15:09:17.855+0530] {dag.py:2726} INFO - Sync 1 DAGs
[2023-06-18T15:09:17.872+0530] {logging_mixin.py:149} INFO - [2023-06-18T15:09:17.871+0530] {dag.py:3486} INFO - Setting next_dagrun for example_weekday_branch_operator to 2023-06-17T00:00:00+00:00, run_after=2023-06-18T00:00:00+00:00
[2023-06-18T15:09:17.894+0530] {processor.py:179} INFO - Processing /home/shubham/.local/lib/python3.10/site-packages/airflow/example_dags/example_branch_day_of_week_operator.py took 0.069 seconds
[2023-06-18T15:10:01.426+0530] {processor.py:157} INFO - Started process (PID=5474) to work on /home/shubham/.local/lib/python3.10/site-packages/airflow/example_dags/example_branch_day_of_week_operator.py
[2023-06-18T15:10:01.429+0530] {processor.py:826} INFO - Processing file /home/shubham/.local/lib/python3.10/site-packages/airflow/example_dags/example_branch_day_of_week_operator.py for tasks to queue
[2023-06-18T15:10:01.429+0530] {logging_mixin.py:149} INFO - [2023-06-18T15:10:01.429+0530] {dagbag.py:541} INFO - Filling up the DagBag from /home/shubham/.local/lib/python3.10/site-packages/airflow/example_dags/example_branch_day_of_week_operator.py
[2023-06-18T15:10:01.436+0530] {processor.py:836} INFO - DAG(s) dict_keys(['example_weekday_branch_operator']) retrieved from /home/shubham/.local/lib/python3.10/site-packages/airflow/example_dags/example_branch_day_of_week_operator.py
[2023-06-18T15:10:01.456+0530] {logging_mixin.py:149} INFO - [2023-06-18T15:10:01.455+0530] {dag.py:2726} INFO - Sync 1 DAGs
[2023-06-18T15:10:01.475+0530] {logging_mixin.py:149} INFO - [2023-06-18T15:10:01.475+0530] {dag.py:3486} INFO - Setting next_dagrun for example_weekday_branch_operator to 2023-06-17T00:00:00+00:00, run_after=2023-06-18T00:00:00+00:00
[2023-06-18T15:10:01.501+0530] {processor.py:179} INFO - Processing /home/shubham/.local/lib/python3.10/site-packages/airflow/example_dags/example_branch_day_of_week_operator.py took 0.077 seconds
[2023-06-18T15:10:44.215+0530] {processor.py:157} INFO - Started process (PID=5520) to work on /home/shubham/.local/lib/python3.10/site-packages/airflow/example_dags/example_branch_day_of_week_operator.py
[2023-06-18T15:10:44.217+0530] {processor.py:826} INFO - Processing file /home/shubham/.local/lib/python3.10/site-packages/airflow/example_dags/example_branch_day_of_week_operator.py for tasks to queue
[2023-06-18T15:10:44.218+0530] {logging_mixin.py:149} INFO - [2023-06-18T15:10:44.218+0530] {dagbag.py:541} INFO - Filling up the DagBag from /home/shubham/.local/lib/python3.10/site-packages/airflow/example_dags/example_branch_day_of_week_operator.py
[2023-06-18T15:10:44.226+0530] {processor.py:836} INFO - DAG(s) dict_keys(['example_weekday_branch_operator']) retrieved from /home/shubham/.local/lib/python3.10/site-packages/airflow/example_dags/example_branch_day_of_week_operator.py
[2023-06-18T15:10:44.249+0530] {logging_mixin.py:149} INFO - [2023-06-18T15:10:44.249+0530] {dag.py:2726} INFO - Sync 1 DAGs
[2023-06-18T15:10:44.272+0530] {logging_mixin.py:149} INFO - [2023-06-18T15:10:44.272+0530] {dag.py:3486} INFO - Setting next_dagrun for example_weekday_branch_operator to 2023-06-17T00:00:00+00:00, run_after=2023-06-18T00:00:00+00:00
[2023-06-18T15:10:44.300+0530] {processor.py:179} INFO - Processing /home/shubham/.local/lib/python3.10/site-packages/airflow/example_dags/example_branch_day_of_week_operator.py took 0.088 seconds
[2023-06-18T15:11:25.659+0530] {processor.py:157} INFO - Started process (PID=5565) to work on /home/shubham/.local/lib/python3.10/site-packages/airflow/example_dags/example_branch_day_of_week_operator.py
[2023-06-18T15:11:25.662+0530] {processor.py:826} INFO - Processing file /home/shubham/.local/lib/python3.10/site-packages/airflow/example_dags/example_branch_day_of_week_operator.py for tasks to queue
[2023-06-18T15:11:25.663+0530] {logging_mixin.py:149} INFO - [2023-06-18T15:11:25.663+0530] {dagbag.py:541} INFO - Filling up the DagBag from /home/shubham/.local/lib/python3.10/site-packages/airflow/example_dags/example_branch_day_of_week_operator.py
[2023-06-18T15:11:25.671+0530] {processor.py:836} INFO - DAG(s) dict_keys(['example_weekday_branch_operator']) retrieved from /home/shubham/.local/lib/python3.10/site-packages/airflow/example_dags/example_branch_day_of_week_operator.py
[2023-06-18T15:11:25.693+0530] {logging_mixin.py:149} INFO - [2023-06-18T15:11:25.692+0530] {dag.py:2726} INFO - Sync 1 DAGs
[2023-06-18T15:11:25.716+0530] {logging_mixin.py:149} INFO - [2023-06-18T15:11:25.715+0530] {dag.py:3486} INFO - Setting next_dagrun for example_weekday_branch_operator to 2023-06-17T00:00:00+00:00, run_after=2023-06-18T00:00:00+00:00
[2023-06-18T15:11:25.746+0530] {processor.py:179} INFO - Processing /home/shubham/.local/lib/python3.10/site-packages/airflow/example_dags/example_branch_day_of_week_operator.py took 0.091 seconds
[2023-06-18T15:12:07.043+0530] {processor.py:157} INFO - Started process (PID=5607) to work on /home/shubham/.local/lib/python3.10/site-packages/airflow/example_dags/example_branch_day_of_week_operator.py
[2023-06-18T15:12:07.045+0530] {processor.py:826} INFO - Processing file /home/shubham/.local/lib/python3.10/site-packages/airflow/example_dags/example_branch_day_of_week_operator.py for tasks to queue
[2023-06-18T15:12:07.046+0530] {logging_mixin.py:149} INFO - [2023-06-18T15:12:07.046+0530] {dagbag.py:541} INFO - Filling up the DagBag from /home/shubham/.local/lib/python3.10/site-packages/airflow/example_dags/example_branch_day_of_week_operator.py
[2023-06-18T15:12:07.052+0530] {processor.py:836} INFO - DAG(s) dict_keys(['example_weekday_branch_operator']) retrieved from /home/shubham/.local/lib/python3.10/site-packages/airflow/example_dags/example_branch_day_of_week_operator.py
[2023-06-18T15:12:07.069+0530] {logging_mixin.py:149} INFO - [2023-06-18T15:12:07.069+0530] {dag.py:2726} INFO - Sync 1 DAGs
[2023-06-18T15:12:07.087+0530] {logging_mixin.py:149} INFO - [2023-06-18T15:12:07.087+0530] {dag.py:3486} INFO - Setting next_dagrun for example_weekday_branch_operator to 2023-06-17T00:00:00+00:00, run_after=2023-06-18T00:00:00+00:00
[2023-06-18T15:12:07.109+0530] {processor.py:179} INFO - Processing /home/shubham/.local/lib/python3.10/site-packages/airflow/example_dags/example_branch_day_of_week_operator.py took 0.070 seconds
[2023-06-18T15:12:50.457+0530] {processor.py:157} INFO - Started process (PID=5653) to work on /home/shubham/.local/lib/python3.10/site-packages/airflow/example_dags/example_branch_day_of_week_operator.py
[2023-06-18T15:12:50.459+0530] {processor.py:826} INFO - Processing file /home/shubham/.local/lib/python3.10/site-packages/airflow/example_dags/example_branch_day_of_week_operator.py for tasks to queue
[2023-06-18T15:12:50.460+0530] {logging_mixin.py:149} INFO - [2023-06-18T15:12:50.460+0530] {dagbag.py:541} INFO - Filling up the DagBag from /home/shubham/.local/lib/python3.10/site-packages/airflow/example_dags/example_branch_day_of_week_operator.py
[2023-06-18T15:12:50.467+0530] {processor.py:836} INFO - DAG(s) dict_keys(['example_weekday_branch_operator']) retrieved from /home/shubham/.local/lib/python3.10/site-packages/airflow/example_dags/example_branch_day_of_week_operator.py
[2023-06-18T15:12:50.488+0530] {logging_mixin.py:149} INFO - [2023-06-18T15:12:50.488+0530] {dag.py:2726} INFO - Sync 1 DAGs
[2023-06-18T15:12:50.508+0530] {logging_mixin.py:149} INFO - [2023-06-18T15:12:50.508+0530] {dag.py:3486} INFO - Setting next_dagrun for example_weekday_branch_operator to 2023-06-17T00:00:00+00:00, run_after=2023-06-18T00:00:00+00:00
[2023-06-18T15:12:50.532+0530] {processor.py:179} INFO - Processing /home/shubham/.local/lib/python3.10/site-packages/airflow/example_dags/example_branch_day_of_week_operator.py took 0.078 seconds
[2023-06-18T15:13:31.042+0530] {processor.py:157} INFO - Started process (PID=5697) to work on /home/shubham/.local/lib/python3.10/site-packages/airflow/example_dags/example_branch_day_of_week_operator.py
[2023-06-18T15:13:31.044+0530] {processor.py:826} INFO - Processing file /home/shubham/.local/lib/python3.10/site-packages/airflow/example_dags/example_branch_day_of_week_operator.py for tasks to queue
[2023-06-18T15:13:31.044+0530] {logging_mixin.py:149} INFO - [2023-06-18T15:13:31.044+0530] {dagbag.py:541} INFO - Filling up the DagBag from /home/shubham/.local/lib/python3.10/site-packages/airflow/example_dags/example_branch_day_of_week_operator.py
[2023-06-18T15:13:31.051+0530] {processor.py:836} INFO - DAG(s) dict_keys(['example_weekday_branch_operator']) retrieved from /home/shubham/.local/lib/python3.10/site-packages/airflow/example_dags/example_branch_day_of_week_operator.py
[2023-06-18T15:13:31.069+0530] {logging_mixin.py:149} INFO - [2023-06-18T15:13:31.068+0530] {dag.py:2726} INFO - Sync 1 DAGs
[2023-06-18T15:13:31.084+0530] {logging_mixin.py:149} INFO - [2023-06-18T15:13:31.084+0530] {dag.py:3486} INFO - Setting next_dagrun for example_weekday_branch_operator to 2023-06-17T00:00:00+00:00, run_after=2023-06-18T00:00:00+00:00
[2023-06-18T15:13:31.107+0530] {processor.py:179} INFO - Processing /home/shubham/.local/lib/python3.10/site-packages/airflow/example_dags/example_branch_day_of_week_operator.py took 0.069 seconds
[2023-06-18T15:14:14.570+0530] {processor.py:157} INFO - Started process (PID=5740) to work on /home/shubham/.local/lib/python3.10/site-packages/airflow/example_dags/example_branch_day_of_week_operator.py
[2023-06-18T15:14:14.573+0530] {processor.py:826} INFO - Processing file /home/shubham/.local/lib/python3.10/site-packages/airflow/example_dags/example_branch_day_of_week_operator.py for tasks to queue
[2023-06-18T15:14:14.573+0530] {logging_mixin.py:149} INFO - [2023-06-18T15:14:14.573+0530] {dagbag.py:541} INFO - Filling up the DagBag from /home/shubham/.local/lib/python3.10/site-packages/airflow/example_dags/example_branch_day_of_week_operator.py
[2023-06-18T15:14:14.581+0530] {processor.py:836} INFO - DAG(s) dict_keys(['example_weekday_branch_operator']) retrieved from /home/shubham/.local/lib/python3.10/site-packages/airflow/example_dags/example_branch_day_of_week_operator.py
[2023-06-18T15:14:14.599+0530] {logging_mixin.py:149} INFO - [2023-06-18T15:14:14.599+0530] {dag.py:2726} INFO - Sync 1 DAGs
[2023-06-18T15:14:14.618+0530] {logging_mixin.py:149} INFO - [2023-06-18T15:14:14.618+0530] {dag.py:3486} INFO - Setting next_dagrun for example_weekday_branch_operator to 2023-06-17T00:00:00+00:00, run_after=2023-06-18T00:00:00+00:00
[2023-06-18T15:14:14.644+0530] {processor.py:179} INFO - Processing /home/shubham/.local/lib/python3.10/site-packages/airflow/example_dags/example_branch_day_of_week_operator.py took 0.077 seconds
[2023-06-18T15:14:58.483+0530] {processor.py:157} INFO - Started process (PID=5786) to work on /home/shubham/.local/lib/python3.10/site-packages/airflow/example_dags/example_branch_day_of_week_operator.py
[2023-06-18T15:14:58.485+0530] {processor.py:826} INFO - Processing file /home/shubham/.local/lib/python3.10/site-packages/airflow/example_dags/example_branch_day_of_week_operator.py for tasks to queue
[2023-06-18T15:14:58.486+0530] {logging_mixin.py:149} INFO - [2023-06-18T15:14:58.486+0530] {dagbag.py:541} INFO - Filling up the DagBag from /home/shubham/.local/lib/python3.10/site-packages/airflow/example_dags/example_branch_day_of_week_operator.py
[2023-06-18T15:14:58.494+0530] {processor.py:836} INFO - DAG(s) dict_keys(['example_weekday_branch_operator']) retrieved from /home/shubham/.local/lib/python3.10/site-packages/airflow/example_dags/example_branch_day_of_week_operator.py
[2023-06-18T15:14:58.513+0530] {logging_mixin.py:149} INFO - [2023-06-18T15:14:58.513+0530] {dag.py:2726} INFO - Sync 1 DAGs
[2023-06-18T15:14:58.532+0530] {logging_mixin.py:149} INFO - [2023-06-18T15:14:58.532+0530] {dag.py:3486} INFO - Setting next_dagrun for example_weekday_branch_operator to 2023-06-17T00:00:00+00:00, run_after=2023-06-18T00:00:00+00:00
[2023-06-18T15:14:58.558+0530] {processor.py:179} INFO - Processing /home/shubham/.local/lib/python3.10/site-packages/airflow/example_dags/example_branch_day_of_week_operator.py took 0.077 seconds
[2023-06-18T15:15:44.896+0530] {processor.py:157} INFO - Started process (PID=5833) to work on /home/shubham/.local/lib/python3.10/site-packages/airflow/example_dags/example_branch_day_of_week_operator.py
[2023-06-18T15:15:44.899+0530] {processor.py:826} INFO - Processing file /home/shubham/.local/lib/python3.10/site-packages/airflow/example_dags/example_branch_day_of_week_operator.py for tasks to queue
[2023-06-18T15:15:44.899+0530] {logging_mixin.py:149} INFO - [2023-06-18T15:15:44.899+0530] {dagbag.py:541} INFO - Filling up the DagBag from /home/shubham/.local/lib/python3.10/site-packages/airflow/example_dags/example_branch_day_of_week_operator.py
[2023-06-18T15:15:44.906+0530] {processor.py:836} INFO - DAG(s) dict_keys(['example_weekday_branch_operator']) retrieved from /home/shubham/.local/lib/python3.10/site-packages/airflow/example_dags/example_branch_day_of_week_operator.py
[2023-06-18T15:15:44.924+0530] {logging_mixin.py:149} INFO - [2023-06-18T15:15:44.924+0530] {dag.py:2726} INFO - Sync 1 DAGs
[2023-06-18T15:15:44.941+0530] {logging_mixin.py:149} INFO - [2023-06-18T15:15:44.941+0530] {dag.py:3486} INFO - Setting next_dagrun for example_weekday_branch_operator to 2023-06-17T00:00:00+00:00, run_after=2023-06-18T00:00:00+00:00
[2023-06-18T15:15:44.961+0530] {processor.py:179} INFO - Processing /home/shubham/.local/lib/python3.10/site-packages/airflow/example_dags/example_branch_day_of_week_operator.py took 0.068 seconds
[2023-06-18T15:16:30.062+0530] {processor.py:157} INFO - Started process (PID=5880) to work on /home/shubham/.local/lib/python3.10/site-packages/airflow/example_dags/example_branch_day_of_week_operator.py
[2023-06-18T15:16:30.065+0530] {processor.py:826} INFO - Processing file /home/shubham/.local/lib/python3.10/site-packages/airflow/example_dags/example_branch_day_of_week_operator.py for tasks to queue
[2023-06-18T15:16:30.066+0530] {logging_mixin.py:149} INFO - [2023-06-18T15:16:30.065+0530] {dagbag.py:541} INFO - Filling up the DagBag from /home/shubham/.local/lib/python3.10/site-packages/airflow/example_dags/example_branch_day_of_week_operator.py
[2023-06-18T15:16:30.072+0530] {processor.py:836} INFO - DAG(s) dict_keys(['example_weekday_branch_operator']) retrieved from /home/shubham/.local/lib/python3.10/site-packages/airflow/example_dags/example_branch_day_of_week_operator.py
[2023-06-18T15:16:30.090+0530] {logging_mixin.py:149} INFO - [2023-06-18T15:16:30.089+0530] {dag.py:2726} INFO - Sync 1 DAGs
[2023-06-18T15:16:30.107+0530] {logging_mixin.py:149} INFO - [2023-06-18T15:16:30.107+0530] {dag.py:3486} INFO - Setting next_dagrun for example_weekday_branch_operator to 2023-06-17T00:00:00+00:00, run_after=2023-06-18T00:00:00+00:00
[2023-06-18T15:16:30.131+0530] {processor.py:179} INFO - Processing /home/shubham/.local/lib/python3.10/site-packages/airflow/example_dags/example_branch_day_of_week_operator.py took 0.072 seconds
[2023-06-18T15:17:12.391+0530] {processor.py:157} INFO - Started process (PID=5925) to work on /home/shubham/.local/lib/python3.10/site-packages/airflow/example_dags/example_branch_day_of_week_operator.py
[2023-06-18T15:17:12.393+0530] {processor.py:826} INFO - Processing file /home/shubham/.local/lib/python3.10/site-packages/airflow/example_dags/example_branch_day_of_week_operator.py for tasks to queue
[2023-06-18T15:17:12.394+0530] {logging_mixin.py:149} INFO - [2023-06-18T15:17:12.394+0530] {dagbag.py:541} INFO - Filling up the DagBag from /home/shubham/.local/lib/python3.10/site-packages/airflow/example_dags/example_branch_day_of_week_operator.py
[2023-06-18T15:17:12.401+0530] {processor.py:836} INFO - DAG(s) dict_keys(['example_weekday_branch_operator']) retrieved from /home/shubham/.local/lib/python3.10/site-packages/airflow/example_dags/example_branch_day_of_week_operator.py
[2023-06-18T15:17:12.422+0530] {logging_mixin.py:149} INFO - [2023-06-18T15:17:12.421+0530] {dag.py:2726} INFO - Sync 1 DAGs
[2023-06-18T15:17:12.440+0530] {logging_mixin.py:149} INFO - [2023-06-18T15:17:12.440+0530] {dag.py:3486} INFO - Setting next_dagrun for example_weekday_branch_operator to 2023-06-17T00:00:00+00:00, run_after=2023-06-18T00:00:00+00:00
[2023-06-18T15:17:12.464+0530] {processor.py:179} INFO - Processing /home/shubham/.local/lib/python3.10/site-packages/airflow/example_dags/example_branch_day_of_week_operator.py took 0.076 seconds
[2023-06-18T15:17:56.449+0530] {processor.py:157} INFO - Started process (PID=5971) to work on /home/shubham/.local/lib/python3.10/site-packages/airflow/example_dags/example_branch_day_of_week_operator.py
[2023-06-18T15:17:56.451+0530] {processor.py:826} INFO - Processing file /home/shubham/.local/lib/python3.10/site-packages/airflow/example_dags/example_branch_day_of_week_operator.py for tasks to queue
[2023-06-18T15:17:56.452+0530] {logging_mixin.py:149} INFO - [2023-06-18T15:17:56.452+0530] {dagbag.py:541} INFO - Filling up the DagBag from /home/shubham/.local/lib/python3.10/site-packages/airflow/example_dags/example_branch_day_of_week_operator.py
[2023-06-18T15:17:56.459+0530] {processor.py:836} INFO - DAG(s) dict_keys(['example_weekday_branch_operator']) retrieved from /home/shubham/.local/lib/python3.10/site-packages/airflow/example_dags/example_branch_day_of_week_operator.py
[2023-06-18T15:17:56.479+0530] {logging_mixin.py:149} INFO - [2023-06-18T15:17:56.479+0530] {dag.py:2726} INFO - Sync 1 DAGs
[2023-06-18T15:17:56.499+0530] {logging_mixin.py:149} INFO - [2023-06-18T15:17:56.498+0530] {dag.py:3486} INFO - Setting next_dagrun for example_weekday_branch_operator to 2023-06-17T00:00:00+00:00, run_after=2023-06-18T00:00:00+00:00
[2023-06-18T15:17:56.524+0530] {processor.py:179} INFO - Processing /home/shubham/.local/lib/python3.10/site-packages/airflow/example_dags/example_branch_day_of_week_operator.py took 0.078 seconds
[2023-06-18T15:18:38.668+0530] {processor.py:157} INFO - Started process (PID=6015) to work on /home/shubham/.local/lib/python3.10/site-packages/airflow/example_dags/example_branch_day_of_week_operator.py
[2023-06-18T15:18:38.670+0530] {processor.py:826} INFO - Processing file /home/shubham/.local/lib/python3.10/site-packages/airflow/example_dags/example_branch_day_of_week_operator.py for tasks to queue
[2023-06-18T15:18:38.671+0530] {logging_mixin.py:149} INFO - [2023-06-18T15:18:38.671+0530] {dagbag.py:541} INFO - Filling up the DagBag from /home/shubham/.local/lib/python3.10/site-packages/airflow/example_dags/example_branch_day_of_week_operator.py
[2023-06-18T15:18:38.678+0530] {processor.py:836} INFO - DAG(s) dict_keys(['example_weekday_branch_operator']) retrieved from /home/shubham/.local/lib/python3.10/site-packages/airflow/example_dags/example_branch_day_of_week_operator.py
[2023-06-18T15:18:38.698+0530] {logging_mixin.py:149} INFO - [2023-06-18T15:18:38.698+0530] {dag.py:2726} INFO - Sync 1 DAGs
[2023-06-18T15:18:38.721+0530] {logging_mixin.py:149} INFO - [2023-06-18T15:18:38.720+0530] {dag.py:3486} INFO - Setting next_dagrun for example_weekday_branch_operator to 2023-06-17T00:00:00+00:00, run_after=2023-06-18T00:00:00+00:00
[2023-06-18T15:18:38.746+0530] {processor.py:179} INFO - Processing /home/shubham/.local/lib/python3.10/site-packages/airflow/example_dags/example_branch_day_of_week_operator.py took 0.081 seconds
[2023-06-18T15:19:23.723+0530] {processor.py:157} INFO - Started process (PID=6063) to work on /home/shubham/.local/lib/python3.10/site-packages/airflow/example_dags/example_branch_day_of_week_operator.py
[2023-06-18T15:19:23.725+0530] {processor.py:826} INFO - Processing file /home/shubham/.local/lib/python3.10/site-packages/airflow/example_dags/example_branch_day_of_week_operator.py for tasks to queue
[2023-06-18T15:19:23.726+0530] {logging_mixin.py:149} INFO - [2023-06-18T15:19:23.726+0530] {dagbag.py:541} INFO - Filling up the DagBag from /home/shubham/.local/lib/python3.10/site-packages/airflow/example_dags/example_branch_day_of_week_operator.py
[2023-06-18T15:19:23.733+0530] {processor.py:836} INFO - DAG(s) dict_keys(['example_weekday_branch_operator']) retrieved from /home/shubham/.local/lib/python3.10/site-packages/airflow/example_dags/example_branch_day_of_week_operator.py
[2023-06-18T15:19:23.749+0530] {logging_mixin.py:149} INFO - [2023-06-18T15:19:23.749+0530] {dag.py:2726} INFO - Sync 1 DAGs
[2023-06-18T15:19:23.766+0530] {logging_mixin.py:149} INFO - [2023-06-18T15:19:23.766+0530] {dag.py:3486} INFO - Setting next_dagrun for example_weekday_branch_operator to 2023-06-17T00:00:00+00:00, run_after=2023-06-18T00:00:00+00:00
[2023-06-18T15:19:23.790+0530] {processor.py:179} INFO - Processing /home/shubham/.local/lib/python3.10/site-packages/airflow/example_dags/example_branch_day_of_week_operator.py took 0.070 seconds
[2023-06-18T15:20:07.648+0530] {processor.py:157} INFO - Started process (PID=6108) to work on /home/shubham/.local/lib/python3.10/site-packages/airflow/example_dags/example_branch_day_of_week_operator.py
[2023-06-18T15:20:07.650+0530] {processor.py:826} INFO - Processing file /home/shubham/.local/lib/python3.10/site-packages/airflow/example_dags/example_branch_day_of_week_operator.py for tasks to queue
[2023-06-18T15:20:07.651+0530] {logging_mixin.py:149} INFO - [2023-06-18T15:20:07.651+0530] {dagbag.py:541} INFO - Filling up the DagBag from /home/shubham/.local/lib/python3.10/site-packages/airflow/example_dags/example_branch_day_of_week_operator.py
[2023-06-18T15:20:07.658+0530] {processor.py:836} INFO - DAG(s) dict_keys(['example_weekday_branch_operator']) retrieved from /home/shubham/.local/lib/python3.10/site-packages/airflow/example_dags/example_branch_day_of_week_operator.py
[2023-06-18T15:20:07.680+0530] {logging_mixin.py:149} INFO - [2023-06-18T15:20:07.679+0530] {dag.py:2726} INFO - Sync 1 DAGs
[2023-06-18T15:20:07.699+0530] {logging_mixin.py:149} INFO - [2023-06-18T15:20:07.699+0530] {dag.py:3486} INFO - Setting next_dagrun for example_weekday_branch_operator to 2023-06-17T00:00:00+00:00, run_after=2023-06-18T00:00:00+00:00
[2023-06-18T15:20:07.732+0530] {processor.py:179} INFO - Processing /home/shubham/.local/lib/python3.10/site-packages/airflow/example_dags/example_branch_day_of_week_operator.py took 0.087 seconds
[2023-06-18T15:21:02.726+0530] {processor.py:157} INFO - Started process (PID=6161) to work on /home/shubham/.local/lib/python3.10/site-packages/airflow/example_dags/example_branch_day_of_week_operator.py
[2023-06-18T15:21:02.727+0530] {processor.py:826} INFO - Processing file /home/shubham/.local/lib/python3.10/site-packages/airflow/example_dags/example_branch_day_of_week_operator.py for tasks to queue
[2023-06-18T15:21:02.728+0530] {logging_mixin.py:149} INFO - [2023-06-18T15:21:02.728+0530] {dagbag.py:541} INFO - Filling up the DagBag from /home/shubham/.local/lib/python3.10/site-packages/airflow/example_dags/example_branch_day_of_week_operator.py
[2023-06-18T15:21:02.737+0530] {processor.py:836} INFO - DAG(s) dict_keys(['example_weekday_branch_operator']) retrieved from /home/shubham/.local/lib/python3.10/site-packages/airflow/example_dags/example_branch_day_of_week_operator.py
[2023-06-18T15:21:02.782+0530] {logging_mixin.py:149} INFO - [2023-06-18T15:21:02.782+0530] {dag.py:2726} INFO - Sync 1 DAGs
[2023-06-18T15:21:02.846+0530] {logging_mixin.py:149} INFO - [2023-06-18T15:21:02.846+0530] {dag.py:3486} INFO - Setting next_dagrun for example_weekday_branch_operator to 2023-06-17T00:00:00+00:00, run_after=2023-06-18T00:00:00+00:00
[2023-06-18T15:21:02.900+0530] {processor.py:179} INFO - Processing /home/shubham/.local/lib/python3.10/site-packages/airflow/example_dags/example_branch_day_of_week_operator.py took 0.178 seconds
[2023-06-18T15:21:44.677+0530] {processor.py:157} INFO - Started process (PID=6202) to work on /home/shubham/.local/lib/python3.10/site-packages/airflow/example_dags/example_branch_day_of_week_operator.py
[2023-06-18T15:21:44.679+0530] {processor.py:826} INFO - Processing file /home/shubham/.local/lib/python3.10/site-packages/airflow/example_dags/example_branch_day_of_week_operator.py for tasks to queue
[2023-06-18T15:21:44.681+0530] {logging_mixin.py:149} INFO - [2023-06-18T15:21:44.680+0530] {dagbag.py:541} INFO - Filling up the DagBag from /home/shubham/.local/lib/python3.10/site-packages/airflow/example_dags/example_branch_day_of_week_operator.py
[2023-06-18T15:21:44.692+0530] {processor.py:836} INFO - DAG(s) dict_keys(['example_weekday_branch_operator']) retrieved from /home/shubham/.local/lib/python3.10/site-packages/airflow/example_dags/example_branch_day_of_week_operator.py
[2023-06-18T15:21:44.729+0530] {logging_mixin.py:149} INFO - [2023-06-18T15:21:44.728+0530] {dag.py:2726} INFO - Sync 1 DAGs
[2023-06-18T15:21:44.763+0530] {logging_mixin.py:149} INFO - [2023-06-18T15:21:44.763+0530] {dag.py:3486} INFO - Setting next_dagrun for example_weekday_branch_operator to 2023-06-17T00:00:00+00:00, run_after=2023-06-18T00:00:00+00:00
[2023-06-18T15:21:44.794+0530] {processor.py:179} INFO - Processing /home/shubham/.local/lib/python3.10/site-packages/airflow/example_dags/example_branch_day_of_week_operator.py took 0.120 seconds
[2023-06-18T15:47:11.210+0530] {processor.py:157} INFO - Started process (PID=6345) to work on /home/shubham/.local/lib/python3.10/site-packages/airflow/example_dags/example_branch_day_of_week_operator.py
[2023-06-18T15:47:11.211+0530] {processor.py:826} INFO - Processing file /home/shubham/.local/lib/python3.10/site-packages/airflow/example_dags/example_branch_day_of_week_operator.py for tasks to queue
[2023-06-18T15:47:11.212+0530] {logging_mixin.py:149} INFO - [2023-06-18T15:47:11.212+0530] {dagbag.py:541} INFO - Filling up the DagBag from /home/shubham/.local/lib/python3.10/site-packages/airflow/example_dags/example_branch_day_of_week_operator.py
[2023-06-18T15:47:11.221+0530] {processor.py:836} INFO - DAG(s) dict_keys(['example_weekday_branch_operator']) retrieved from /home/shubham/.local/lib/python3.10/site-packages/airflow/example_dags/example_branch_day_of_week_operator.py
[2023-06-18T15:47:11.244+0530] {logging_mixin.py:149} INFO - [2023-06-18T15:47:11.244+0530] {dag.py:2726} INFO - Sync 1 DAGs
[2023-06-18T15:47:11.264+0530] {logging_mixin.py:149} INFO - [2023-06-18T15:47:11.264+0530] {dag.py:3486} INFO - Setting next_dagrun for example_weekday_branch_operator to 2023-06-17T00:00:00+00:00, run_after=2023-06-18T00:00:00+00:00
[2023-06-18T15:47:11.290+0530] {processor.py:179} INFO - Processing /home/shubham/.local/lib/python3.10/site-packages/airflow/example_dags/example_branch_day_of_week_operator.py took 0.084 seconds
[2023-06-18T15:47:56.833+0530] {processor.py:157} INFO - Started process (PID=6400) to work on /home/shubham/.local/lib/python3.10/site-packages/airflow/example_dags/example_branch_day_of_week_operator.py
[2023-06-18T15:47:56.835+0530] {processor.py:826} INFO - Processing file /home/shubham/.local/lib/python3.10/site-packages/airflow/example_dags/example_branch_day_of_week_operator.py for tasks to queue
[2023-06-18T15:47:56.836+0530] {logging_mixin.py:149} INFO - [2023-06-18T15:47:56.836+0530] {dagbag.py:541} INFO - Filling up the DagBag from /home/shubham/.local/lib/python3.10/site-packages/airflow/example_dags/example_branch_day_of_week_operator.py
[2023-06-18T15:47:56.843+0530] {processor.py:836} INFO - DAG(s) dict_keys(['example_weekday_branch_operator']) retrieved from /home/shubham/.local/lib/python3.10/site-packages/airflow/example_dags/example_branch_day_of_week_operator.py
[2023-06-18T15:47:56.859+0530] {logging_mixin.py:149} INFO - [2023-06-18T15:47:56.859+0530] {dag.py:2726} INFO - Sync 1 DAGs
[2023-06-18T15:47:56.876+0530] {logging_mixin.py:149} INFO - [2023-06-18T15:47:56.876+0530] {dag.py:3486} INFO - Setting next_dagrun for example_weekday_branch_operator to 2023-06-17T00:00:00+00:00, run_after=2023-06-18T00:00:00+00:00
[2023-06-18T15:47:56.898+0530] {processor.py:179} INFO - Processing /home/shubham/.local/lib/python3.10/site-packages/airflow/example_dags/example_branch_day_of_week_operator.py took 0.067 seconds
