[2023-06-18T13:45:01.280+0530] {processor.py:157} INFO - Started process (PID=124) to work on /home/shubham/.local/lib/python3.10/site-packages/airflow/example_dags/example_params_trigger_ui.py
[2023-06-18T13:45:01.281+0530] {processor.py:826} INFO - Processing file /home/shubham/.local/lib/python3.10/site-packages/airflow/example_dags/example_params_trigger_ui.py for tasks to queue
[2023-06-18T13:45:01.282+0530] {logging_mixin.py:149} INFO - [2023-06-18T13:45:01.281+0530] {dagbag.py:541} INFO - Filling up the DagBag from /home/shubham/.local/lib/python3.10/site-packages/airflow/example_dags/example_params_trigger_ui.py
[2023-06-18T13:45:01.299+0530] {processor.py:836} INFO - DAG(s) dict_keys(['example_params_trigger_ui']) retrieved from /home/shubham/.local/lib/python3.10/site-packages/airflow/example_dags/example_params_trigger_ui.py
[2023-06-18T13:45:01.306+0530] {logging_mixin.py:149} INFO - [2023-06-18T13:45:01.306+0530] {dag.py:2726} INFO - Sync 1 DAGs
[2023-06-18T13:45:01.320+0530] {logging_mixin.py:149} INFO - [2023-06-18T13:45:01.320+0530] {dag.py:3486} INFO - Setting next_dagrun for example_params_trigger_ui to None, run_after=None
[2023-06-18T13:45:01.343+0530] {processor.py:179} INFO - Processing /home/shubham/.local/lib/python3.10/site-packages/airflow/example_dags/example_params_trigger_ui.py took 0.066 seconds
[2023-06-18T13:45:44.788+0530] {processor.py:157} INFO - Started process (PID=170) to work on /home/shubham/.local/lib/python3.10/site-packages/airflow/example_dags/example_params_trigger_ui.py
[2023-06-18T13:45:44.790+0530] {processor.py:826} INFO - Processing file /home/shubham/.local/lib/python3.10/site-packages/airflow/example_dags/example_params_trigger_ui.py for tasks to queue
[2023-06-18T13:45:44.790+0530] {logging_mixin.py:149} INFO - [2023-06-18T13:45:44.790+0530] {dagbag.py:541} INFO - Filling up the DagBag from /home/shubham/.local/lib/python3.10/site-packages/airflow/example_dags/example_params_trigger_ui.py
[2023-06-18T13:45:44.803+0530] {processor.py:836} INFO - DAG(s) dict_keys(['example_params_trigger_ui']) retrieved from /home/shubham/.local/lib/python3.10/site-packages/airflow/example_dags/example_params_trigger_ui.py
[2023-06-18T13:45:44.842+0530] {logging_mixin.py:149} INFO - [2023-06-18T13:45:44.842+0530] {dag.py:2726} INFO - Sync 1 DAGs
[2023-06-18T13:45:44.856+0530] {logging_mixin.py:149} INFO - [2023-06-18T13:45:44.856+0530] {dag.py:3486} INFO - Setting next_dagrun for example_params_trigger_ui to None, run_after=None
[2023-06-18T13:45:44.871+0530] {processor.py:179} INFO - Processing /home/shubham/.local/lib/python3.10/site-packages/airflow/example_dags/example_params_trigger_ui.py took 0.085 seconds
[2023-06-18T13:46:30.197+0530] {processor.py:157} INFO - Started process (PID=216) to work on /home/shubham/.local/lib/python3.10/site-packages/airflow/example_dags/example_params_trigger_ui.py
[2023-06-18T13:46:30.198+0530] {processor.py:826} INFO - Processing file /home/shubham/.local/lib/python3.10/site-packages/airflow/example_dags/example_params_trigger_ui.py for tasks to queue
[2023-06-18T13:46:30.199+0530] {logging_mixin.py:149} INFO - [2023-06-18T13:46:30.199+0530] {dagbag.py:541} INFO - Filling up the DagBag from /home/shubham/.local/lib/python3.10/site-packages/airflow/example_dags/example_params_trigger_ui.py
[2023-06-18T13:46:30.217+0530] {processor.py:836} INFO - DAG(s) dict_keys(['example_params_trigger_ui']) retrieved from /home/shubham/.local/lib/python3.10/site-packages/airflow/example_dags/example_params_trigger_ui.py
[2023-06-18T13:46:30.263+0530] {logging_mixin.py:149} INFO - [2023-06-18T13:46:30.263+0530] {dag.py:2726} INFO - Sync 1 DAGs
[2023-06-18T13:46:30.276+0530] {logging_mixin.py:149} INFO - [2023-06-18T13:46:30.275+0530] {dag.py:3486} INFO - Setting next_dagrun for example_params_trigger_ui to None, run_after=None
[2023-06-18T13:46:30.292+0530] {processor.py:179} INFO - Processing /home/shubham/.local/lib/python3.10/site-packages/airflow/example_dags/example_params_trigger_ui.py took 0.098 seconds
[2023-06-18T13:47:16.144+0530] {processor.py:157} INFO - Started process (PID=264) to work on /home/shubham/.local/lib/python3.10/site-packages/airflow/example_dags/example_params_trigger_ui.py
[2023-06-18T13:47:16.145+0530] {processor.py:826} INFO - Processing file /home/shubham/.local/lib/python3.10/site-packages/airflow/example_dags/example_params_trigger_ui.py for tasks to queue
[2023-06-18T13:47:16.146+0530] {logging_mixin.py:149} INFO - [2023-06-18T13:47:16.146+0530] {dagbag.py:541} INFO - Filling up the DagBag from /home/shubham/.local/lib/python3.10/site-packages/airflow/example_dags/example_params_trigger_ui.py
[2023-06-18T13:47:16.159+0530] {processor.py:836} INFO - DAG(s) dict_keys(['example_params_trigger_ui']) retrieved from /home/shubham/.local/lib/python3.10/site-packages/airflow/example_dags/example_params_trigger_ui.py
[2023-06-18T13:47:16.206+0530] {logging_mixin.py:149} INFO - [2023-06-18T13:47:16.206+0530] {dag.py:2726} INFO - Sync 1 DAGs
[2023-06-18T13:47:16.224+0530] {logging_mixin.py:149} INFO - [2023-06-18T13:47:16.223+0530] {dag.py:3486} INFO - Setting next_dagrun for example_params_trigger_ui to None, run_after=None
[2023-06-18T13:47:16.241+0530] {processor.py:179} INFO - Processing /home/shubham/.local/lib/python3.10/site-packages/airflow/example_dags/example_params_trigger_ui.py took 0.099 seconds
[2023-06-18T13:52:05.449+0530] {processor.py:157} INFO - Started process (PID=453) to work on /home/shubham/.local/lib/python3.10/site-packages/airflow/example_dags/example_params_trigger_ui.py
[2023-06-18T13:52:05.451+0530] {processor.py:826} INFO - Processing file /home/shubham/.local/lib/python3.10/site-packages/airflow/example_dags/example_params_trigger_ui.py for tasks to queue
[2023-06-18T13:52:05.451+0530] {logging_mixin.py:149} INFO - [2023-06-18T13:52:05.451+0530] {dagbag.py:541} INFO - Filling up the DagBag from /home/shubham/.local/lib/python3.10/site-packages/airflow/example_dags/example_params_trigger_ui.py
[2023-06-18T13:52:05.471+0530] {processor.py:836} INFO - DAG(s) dict_keys(['example_params_trigger_ui']) retrieved from /home/shubham/.local/lib/python3.10/site-packages/airflow/example_dags/example_params_trigger_ui.py
[2023-06-18T13:52:05.477+0530] {logging_mixin.py:149} INFO - [2023-06-18T13:52:05.477+0530] {dag.py:2726} INFO - Sync 1 DAGs
[2023-06-18T13:52:05.490+0530] {logging_mixin.py:149} INFO - [2023-06-18T13:52:05.490+0530] {dag.py:3486} INFO - Setting next_dagrun for example_params_trigger_ui to None, run_after=None
[2023-06-18T13:52:05.506+0530] {processor.py:179} INFO - Processing /home/shubham/.local/lib/python3.10/site-packages/airflow/example_dags/example_params_trigger_ui.py took 0.059 seconds
[2023-06-18T13:52:49.465+0530] {processor.py:157} INFO - Started process (PID=499) to work on /home/shubham/.local/lib/python3.10/site-packages/airflow/example_dags/example_params_trigger_ui.py
[2023-06-18T13:52:49.467+0530] {processor.py:826} INFO - Processing file /home/shubham/.local/lib/python3.10/site-packages/airflow/example_dags/example_params_trigger_ui.py for tasks to queue
[2023-06-18T13:52:49.468+0530] {logging_mixin.py:149} INFO - [2023-06-18T13:52:49.468+0530] {dagbag.py:541} INFO - Filling up the DagBag from /home/shubham/.local/lib/python3.10/site-packages/airflow/example_dags/example_params_trigger_ui.py
[2023-06-18T13:52:49.483+0530] {processor.py:836} INFO - DAG(s) dict_keys(['example_params_trigger_ui']) retrieved from /home/shubham/.local/lib/python3.10/site-packages/airflow/example_dags/example_params_trigger_ui.py
[2023-06-18T13:52:49.530+0530] {logging_mixin.py:149} INFO - [2023-06-18T13:52:49.530+0530] {dag.py:2726} INFO - Sync 1 DAGs
[2023-06-18T13:52:49.546+0530] {logging_mixin.py:149} INFO - [2023-06-18T13:52:49.546+0530] {dag.py:3486} INFO - Setting next_dagrun for example_params_trigger_ui to None, run_after=None
[2023-06-18T13:52:49.566+0530] {processor.py:179} INFO - Processing /home/shubham/.local/lib/python3.10/site-packages/airflow/example_dags/example_params_trigger_ui.py took 0.103 seconds
[2023-06-18T14:39:38.156+0530] {processor.py:157} INFO - Started process (PID=3202) to work on /home/shubham/.local/lib/python3.10/site-packages/airflow/example_dags/example_params_trigger_ui.py
[2023-06-18T14:39:38.158+0530] {processor.py:826} INFO - Processing file /home/shubham/.local/lib/python3.10/site-packages/airflow/example_dags/example_params_trigger_ui.py for tasks to queue
[2023-06-18T14:39:38.158+0530] {logging_mixin.py:149} INFO - [2023-06-18T14:39:38.158+0530] {dagbag.py:541} INFO - Filling up the DagBag from /home/shubham/.local/lib/python3.10/site-packages/airflow/example_dags/example_params_trigger_ui.py
[2023-06-18T14:39:38.181+0530] {processor.py:836} INFO - DAG(s) dict_keys(['example_params_trigger_ui']) retrieved from /home/shubham/.local/lib/python3.10/site-packages/airflow/example_dags/example_params_trigger_ui.py
[2023-06-18T14:39:38.190+0530] {logging_mixin.py:149} INFO - [2023-06-18T14:39:38.189+0530] {dag.py:2726} INFO - Sync 1 DAGs
[2023-06-18T14:39:38.223+0530] {logging_mixin.py:149} INFO - [2023-06-18T14:39:38.223+0530] {dag.py:3486} INFO - Setting next_dagrun for example_params_trigger_ui to None, run_after=None
[2023-06-18T14:39:38.258+0530] {processor.py:179} INFO - Processing /home/shubham/.local/lib/python3.10/site-packages/airflow/example_dags/example_params_trigger_ui.py took 0.105 seconds
[2023-06-18T14:40:24.803+0530] {processor.py:157} INFO - Started process (PID=3268) to work on /home/shubham/.local/lib/python3.10/site-packages/airflow/example_dags/example_params_trigger_ui.py
[2023-06-18T14:40:24.804+0530] {processor.py:826} INFO - Processing file /home/shubham/.local/lib/python3.10/site-packages/airflow/example_dags/example_params_trigger_ui.py for tasks to queue
[2023-06-18T14:40:24.804+0530] {logging_mixin.py:149} INFO - [2023-06-18T14:40:24.804+0530] {dagbag.py:541} INFO - Filling up the DagBag from /home/shubham/.local/lib/python3.10/site-packages/airflow/example_dags/example_params_trigger_ui.py
[2023-06-18T14:40:24.818+0530] {processor.py:836} INFO - DAG(s) dict_keys(['example_params_trigger_ui']) retrieved from /home/shubham/.local/lib/python3.10/site-packages/airflow/example_dags/example_params_trigger_ui.py
[2023-06-18T14:40:24.857+0530] {logging_mixin.py:149} INFO - [2023-06-18T14:40:24.857+0530] {dag.py:2726} INFO - Sync 1 DAGs
[2023-06-18T14:40:24.869+0530] {logging_mixin.py:149} INFO - [2023-06-18T14:40:24.869+0530] {dag.py:3486} INFO - Setting next_dagrun for example_params_trigger_ui to None, run_after=None
[2023-06-18T14:40:24.886+0530] {processor.py:179} INFO - Processing /home/shubham/.local/lib/python3.10/site-packages/airflow/example_dags/example_params_trigger_ui.py took 0.085 seconds
[2023-06-18T14:41:10.571+0530] {processor.py:157} INFO - Started process (PID=3550) to work on /home/shubham/.local/lib/python3.10/site-packages/airflow/example_dags/example_params_trigger_ui.py
[2023-06-18T14:41:10.572+0530] {processor.py:826} INFO - Processing file /home/shubham/.local/lib/python3.10/site-packages/airflow/example_dags/example_params_trigger_ui.py for tasks to queue
[2023-06-18T14:41:10.572+0530] {logging_mixin.py:149} INFO - [2023-06-18T14:41:10.572+0530] {dagbag.py:541} INFO - Filling up the DagBag from /home/shubham/.local/lib/python3.10/site-packages/airflow/example_dags/example_params_trigger_ui.py
[2023-06-18T14:41:10.586+0530] {processor.py:836} INFO - DAG(s) dict_keys(['example_params_trigger_ui']) retrieved from /home/shubham/.local/lib/python3.10/site-packages/airflow/example_dags/example_params_trigger_ui.py
[2023-06-18T14:41:10.627+0530] {logging_mixin.py:149} INFO - [2023-06-18T14:41:10.627+0530] {dag.py:2726} INFO - Sync 1 DAGs
[2023-06-18T14:41:10.641+0530] {logging_mixin.py:149} INFO - [2023-06-18T14:41:10.641+0530] {dag.py:3486} INFO - Setting next_dagrun for example_params_trigger_ui to None, run_after=None
[2023-06-18T14:41:10.658+0530] {processor.py:179} INFO - Processing /home/shubham/.local/lib/python3.10/site-packages/airflow/example_dags/example_params_trigger_ui.py took 0.089 seconds
[2023-06-18T14:41:52.491+0530] {processor.py:157} INFO - Started process (PID=3637) to work on /home/shubham/.local/lib/python3.10/site-packages/airflow/example_dags/example_params_trigger_ui.py
[2023-06-18T14:41:52.492+0530] {processor.py:826} INFO - Processing file /home/shubham/.local/lib/python3.10/site-packages/airflow/example_dags/example_params_trigger_ui.py for tasks to queue
[2023-06-18T14:41:52.492+0530] {logging_mixin.py:149} INFO - [2023-06-18T14:41:52.492+0530] {dagbag.py:541} INFO - Filling up the DagBag from /home/shubham/.local/lib/python3.10/site-packages/airflow/example_dags/example_params_trigger_ui.py
[2023-06-18T14:41:52.506+0530] {processor.py:836} INFO - DAG(s) dict_keys(['example_params_trigger_ui']) retrieved from /home/shubham/.local/lib/python3.10/site-packages/airflow/example_dags/example_params_trigger_ui.py
[2023-06-18T14:41:52.550+0530] {logging_mixin.py:149} INFO - [2023-06-18T14:41:52.550+0530] {dag.py:2726} INFO - Sync 1 DAGs
[2023-06-18T14:41:52.564+0530] {logging_mixin.py:149} INFO - [2023-06-18T14:41:52.564+0530] {dag.py:3486} INFO - Setting next_dagrun for example_params_trigger_ui to None, run_after=None
[2023-06-18T14:41:52.588+0530] {processor.py:179} INFO - Processing /home/shubham/.local/lib/python3.10/site-packages/airflow/example_dags/example_params_trigger_ui.py took 0.099 seconds
[2023-06-18T14:42:38.815+0530] {processor.py:157} INFO - Started process (PID=3766) to work on /home/shubham/.local/lib/python3.10/site-packages/airflow/example_dags/example_params_trigger_ui.py
[2023-06-18T14:42:38.816+0530] {processor.py:826} INFO - Processing file /home/shubham/.local/lib/python3.10/site-packages/airflow/example_dags/example_params_trigger_ui.py for tasks to queue
[2023-06-18T14:42:38.816+0530] {logging_mixin.py:149} INFO - [2023-06-18T14:42:38.816+0530] {dagbag.py:541} INFO - Filling up the DagBag from /home/shubham/.local/lib/python3.10/site-packages/airflow/example_dags/example_params_trigger_ui.py
[2023-06-18T14:42:38.830+0530] {processor.py:836} INFO - DAG(s) dict_keys(['example_params_trigger_ui']) retrieved from /home/shubham/.local/lib/python3.10/site-packages/airflow/example_dags/example_params_trigger_ui.py
[2023-06-18T14:42:38.871+0530] {logging_mixin.py:149} INFO - [2023-06-18T14:42:38.871+0530] {dag.py:2726} INFO - Sync 1 DAGs
[2023-06-18T14:42:38.883+0530] {logging_mixin.py:149} INFO - [2023-06-18T14:42:38.883+0530] {dag.py:3486} INFO - Setting next_dagrun for example_params_trigger_ui to None, run_after=None
[2023-06-18T14:42:38.901+0530] {processor.py:179} INFO - Processing /home/shubham/.local/lib/python3.10/site-packages/airflow/example_dags/example_params_trigger_ui.py took 0.088 seconds
[2023-06-18T14:43:23.638+0530] {processor.py:157} INFO - Started process (PID=3810) to work on /home/shubham/.local/lib/python3.10/site-packages/airflow/example_dags/example_params_trigger_ui.py
[2023-06-18T14:43:23.639+0530] {processor.py:826} INFO - Processing file /home/shubham/.local/lib/python3.10/site-packages/airflow/example_dags/example_params_trigger_ui.py for tasks to queue
[2023-06-18T14:43:23.640+0530] {logging_mixin.py:149} INFO - [2023-06-18T14:43:23.640+0530] {dagbag.py:541} INFO - Filling up the DagBag from /home/shubham/.local/lib/python3.10/site-packages/airflow/example_dags/example_params_trigger_ui.py
[2023-06-18T14:43:23.655+0530] {processor.py:836} INFO - DAG(s) dict_keys(['example_params_trigger_ui']) retrieved from /home/shubham/.local/lib/python3.10/site-packages/airflow/example_dags/example_params_trigger_ui.py
[2023-06-18T14:43:23.700+0530] {logging_mixin.py:149} INFO - [2023-06-18T14:43:23.699+0530] {dag.py:2726} INFO - Sync 1 DAGs
[2023-06-18T14:43:23.714+0530] {logging_mixin.py:149} INFO - [2023-06-18T14:43:23.713+0530] {dag.py:3486} INFO - Setting next_dagrun for example_params_trigger_ui to None, run_after=None
[2023-06-18T14:43:23.729+0530] {processor.py:179} INFO - Processing /home/shubham/.local/lib/python3.10/site-packages/airflow/example_dags/example_params_trigger_ui.py took 0.094 seconds
[2023-06-18T14:44:12.065+0530] {processor.py:157} INFO - Started process (PID=3859) to work on /home/shubham/.local/lib/python3.10/site-packages/airflow/example_dags/example_params_trigger_ui.py
[2023-06-18T14:44:12.066+0530] {processor.py:826} INFO - Processing file /home/shubham/.local/lib/python3.10/site-packages/airflow/example_dags/example_params_trigger_ui.py for tasks to queue
[2023-06-18T14:44:12.066+0530] {logging_mixin.py:149} INFO - [2023-06-18T14:44:12.066+0530] {dagbag.py:541} INFO - Filling up the DagBag from /home/shubham/.local/lib/python3.10/site-packages/airflow/example_dags/example_params_trigger_ui.py
[2023-06-18T14:44:12.080+0530] {processor.py:836} INFO - DAG(s) dict_keys(['example_params_trigger_ui']) retrieved from /home/shubham/.local/lib/python3.10/site-packages/airflow/example_dags/example_params_trigger_ui.py
[2023-06-18T14:44:12.122+0530] {logging_mixin.py:149} INFO - [2023-06-18T14:44:12.122+0530] {dag.py:2726} INFO - Sync 1 DAGs
[2023-06-18T14:44:12.134+0530] {logging_mixin.py:149} INFO - [2023-06-18T14:44:12.133+0530] {dag.py:3486} INFO - Setting next_dagrun for example_params_trigger_ui to None, run_after=None
[2023-06-18T14:44:12.150+0530] {processor.py:179} INFO - Processing /home/shubham/.local/lib/python3.10/site-packages/airflow/example_dags/example_params_trigger_ui.py took 0.088 seconds
[2023-06-18T14:44:55.059+0530] {processor.py:157} INFO - Started process (PID=3905) to work on /home/shubham/.local/lib/python3.10/site-packages/airflow/example_dags/example_params_trigger_ui.py
[2023-06-18T14:44:55.061+0530] {processor.py:826} INFO - Processing file /home/shubham/.local/lib/python3.10/site-packages/airflow/example_dags/example_params_trigger_ui.py for tasks to queue
[2023-06-18T14:44:55.062+0530] {logging_mixin.py:149} INFO - [2023-06-18T14:44:55.062+0530] {dagbag.py:541} INFO - Filling up the DagBag from /home/shubham/.local/lib/python3.10/site-packages/airflow/example_dags/example_params_trigger_ui.py
[2023-06-18T14:44:55.075+0530] {processor.py:836} INFO - DAG(s) dict_keys(['example_params_trigger_ui']) retrieved from /home/shubham/.local/lib/python3.10/site-packages/airflow/example_dags/example_params_trigger_ui.py
[2023-06-18T14:44:55.116+0530] {logging_mixin.py:149} INFO - [2023-06-18T14:44:55.116+0530] {dag.py:2726} INFO - Sync 1 DAGs
[2023-06-18T14:44:55.129+0530] {logging_mixin.py:149} INFO - [2023-06-18T14:44:55.128+0530] {dag.py:3486} INFO - Setting next_dagrun for example_params_trigger_ui to None, run_after=None
[2023-06-18T14:44:55.146+0530] {processor.py:179} INFO - Processing /home/shubham/.local/lib/python3.10/site-packages/airflow/example_dags/example_params_trigger_ui.py took 0.089 seconds
[2023-06-18T14:45:39.043+0530] {processor.py:157} INFO - Started process (PID=3951) to work on /home/shubham/.local/lib/python3.10/site-packages/airflow/example_dags/example_params_trigger_ui.py
[2023-06-18T14:45:39.044+0530] {processor.py:826} INFO - Processing file /home/shubham/.local/lib/python3.10/site-packages/airflow/example_dags/example_params_trigger_ui.py for tasks to queue
[2023-06-18T14:45:39.044+0530] {logging_mixin.py:149} INFO - [2023-06-18T14:45:39.044+0530] {dagbag.py:541} INFO - Filling up the DagBag from /home/shubham/.local/lib/python3.10/site-packages/airflow/example_dags/example_params_trigger_ui.py
[2023-06-18T14:45:39.057+0530] {processor.py:836} INFO - DAG(s) dict_keys(['example_params_trigger_ui']) retrieved from /home/shubham/.local/lib/python3.10/site-packages/airflow/example_dags/example_params_trigger_ui.py
[2023-06-18T14:45:39.098+0530] {logging_mixin.py:149} INFO - [2023-06-18T14:45:39.098+0530] {dag.py:2726} INFO - Sync 1 DAGs
[2023-06-18T14:45:39.110+0530] {logging_mixin.py:149} INFO - [2023-06-18T14:45:39.110+0530] {dag.py:3486} INFO - Setting next_dagrun for example_params_trigger_ui to None, run_after=None
[2023-06-18T14:45:39.127+0530] {processor.py:179} INFO - Processing /home/shubham/.local/lib/python3.10/site-packages/airflow/example_dags/example_params_trigger_ui.py took 0.087 seconds
[2023-06-18T14:46:25.205+0530] {processor.py:157} INFO - Started process (PID=3998) to work on /home/shubham/.local/lib/python3.10/site-packages/airflow/example_dags/example_params_trigger_ui.py
[2023-06-18T14:46:25.206+0530] {processor.py:826} INFO - Processing file /home/shubham/.local/lib/python3.10/site-packages/airflow/example_dags/example_params_trigger_ui.py for tasks to queue
[2023-06-18T14:46:25.206+0530] {logging_mixin.py:149} INFO - [2023-06-18T14:46:25.206+0530] {dagbag.py:541} INFO - Filling up the DagBag from /home/shubham/.local/lib/python3.10/site-packages/airflow/example_dags/example_params_trigger_ui.py
[2023-06-18T14:46:25.220+0530] {processor.py:836} INFO - DAG(s) dict_keys(['example_params_trigger_ui']) retrieved from /home/shubham/.local/lib/python3.10/site-packages/airflow/example_dags/example_params_trigger_ui.py
[2023-06-18T14:46:25.261+0530] {logging_mixin.py:149} INFO - [2023-06-18T14:46:25.261+0530] {dag.py:2726} INFO - Sync 1 DAGs
[2023-06-18T14:46:25.273+0530] {logging_mixin.py:149} INFO - [2023-06-18T14:46:25.273+0530] {dag.py:3486} INFO - Setting next_dagrun for example_params_trigger_ui to None, run_after=None
[2023-06-18T14:46:25.291+0530] {processor.py:179} INFO - Processing /home/shubham/.local/lib/python3.10/site-packages/airflow/example_dags/example_params_trigger_ui.py took 0.088 seconds
[2023-06-18T14:47:13.773+0530] {processor.py:157} INFO - Started process (PID=4046) to work on /home/shubham/.local/lib/python3.10/site-packages/airflow/example_dags/example_params_trigger_ui.py
[2023-06-18T14:47:13.774+0530] {processor.py:826} INFO - Processing file /home/shubham/.local/lib/python3.10/site-packages/airflow/example_dags/example_params_trigger_ui.py for tasks to queue
[2023-06-18T14:47:13.775+0530] {logging_mixin.py:149} INFO - [2023-06-18T14:47:13.775+0530] {dagbag.py:541} INFO - Filling up the DagBag from /home/shubham/.local/lib/python3.10/site-packages/airflow/example_dags/example_params_trigger_ui.py
[2023-06-18T14:47:13.788+0530] {processor.py:836} INFO - DAG(s) dict_keys(['example_params_trigger_ui']) retrieved from /home/shubham/.local/lib/python3.10/site-packages/airflow/example_dags/example_params_trigger_ui.py
[2023-06-18T14:47:13.828+0530] {logging_mixin.py:149} INFO - [2023-06-18T14:47:13.828+0530] {dag.py:2726} INFO - Sync 1 DAGs
[2023-06-18T14:47:13.841+0530] {logging_mixin.py:149} INFO - [2023-06-18T14:47:13.841+0530] {dag.py:3486} INFO - Setting next_dagrun for example_params_trigger_ui to None, run_after=None
[2023-06-18T14:47:13.857+0530] {processor.py:179} INFO - Processing /home/shubham/.local/lib/python3.10/site-packages/airflow/example_dags/example_params_trigger_ui.py took 0.087 seconds
[2023-06-18T14:47:55.943+0530] {processor.py:157} INFO - Started process (PID=4092) to work on /home/shubham/.local/lib/python3.10/site-packages/airflow/example_dags/example_params_trigger_ui.py
[2023-06-18T14:47:55.944+0530] {processor.py:826} INFO - Processing file /home/shubham/.local/lib/python3.10/site-packages/airflow/example_dags/example_params_trigger_ui.py for tasks to queue
[2023-06-18T14:47:55.944+0530] {logging_mixin.py:149} INFO - [2023-06-18T14:47:55.944+0530] {dagbag.py:541} INFO - Filling up the DagBag from /home/shubham/.local/lib/python3.10/site-packages/airflow/example_dags/example_params_trigger_ui.py
[2023-06-18T14:47:55.958+0530] {processor.py:836} INFO - DAG(s) dict_keys(['example_params_trigger_ui']) retrieved from /home/shubham/.local/lib/python3.10/site-packages/airflow/example_dags/example_params_trigger_ui.py
[2023-06-18T14:47:55.998+0530] {logging_mixin.py:149} INFO - [2023-06-18T14:47:55.998+0530] {dag.py:2726} INFO - Sync 1 DAGs
[2023-06-18T14:47:56.011+0530] {logging_mixin.py:149} INFO - [2023-06-18T14:47:56.011+0530] {dag.py:3486} INFO - Setting next_dagrun for example_params_trigger_ui to None, run_after=None
[2023-06-18T14:47:56.027+0530] {processor.py:179} INFO - Processing /home/shubham/.local/lib/python3.10/site-packages/airflow/example_dags/example_params_trigger_ui.py took 0.086 seconds
[2023-06-18T14:48:39.957+0530] {processor.py:157} INFO - Started process (PID=4138) to work on /home/shubham/.local/lib/python3.10/site-packages/airflow/example_dags/example_params_trigger_ui.py
[2023-06-18T14:48:39.959+0530] {processor.py:826} INFO - Processing file /home/shubham/.local/lib/python3.10/site-packages/airflow/example_dags/example_params_trigger_ui.py for tasks to queue
[2023-06-18T14:48:39.959+0530] {logging_mixin.py:149} INFO - [2023-06-18T14:48:39.959+0530] {dagbag.py:541} INFO - Filling up the DagBag from /home/shubham/.local/lib/python3.10/site-packages/airflow/example_dags/example_params_trigger_ui.py
[2023-06-18T14:48:39.973+0530] {processor.py:836} INFO - DAG(s) dict_keys(['example_params_trigger_ui']) retrieved from /home/shubham/.local/lib/python3.10/site-packages/airflow/example_dags/example_params_trigger_ui.py
[2023-06-18T14:48:40.013+0530] {logging_mixin.py:149} INFO - [2023-06-18T14:48:40.013+0530] {dag.py:2726} INFO - Sync 1 DAGs
[2023-06-18T14:48:40.026+0530] {logging_mixin.py:149} INFO - [2023-06-18T14:48:40.025+0530] {dag.py:3486} INFO - Setting next_dagrun for example_params_trigger_ui to None, run_after=None
[2023-06-18T14:48:40.042+0530] {processor.py:179} INFO - Processing /home/shubham/.local/lib/python3.10/site-packages/airflow/example_dags/example_params_trigger_ui.py took 0.087 seconds
[2023-06-18T14:49:23.302+0530] {processor.py:157} INFO - Started process (PID=4184) to work on /home/shubham/.local/lib/python3.10/site-packages/airflow/example_dags/example_params_trigger_ui.py
[2023-06-18T14:49:23.303+0530] {processor.py:826} INFO - Processing file /home/shubham/.local/lib/python3.10/site-packages/airflow/example_dags/example_params_trigger_ui.py for tasks to queue
[2023-06-18T14:49:23.304+0530] {logging_mixin.py:149} INFO - [2023-06-18T14:49:23.304+0530] {dagbag.py:541} INFO - Filling up the DagBag from /home/shubham/.local/lib/python3.10/site-packages/airflow/example_dags/example_params_trigger_ui.py
[2023-06-18T14:49:23.317+0530] {processor.py:836} INFO - DAG(s) dict_keys(['example_params_trigger_ui']) retrieved from /home/shubham/.local/lib/python3.10/site-packages/airflow/example_dags/example_params_trigger_ui.py
[2023-06-18T14:49:23.358+0530] {logging_mixin.py:149} INFO - [2023-06-18T14:49:23.357+0530] {dag.py:2726} INFO - Sync 1 DAGs
[2023-06-18T14:49:23.369+0530] {logging_mixin.py:149} INFO - [2023-06-18T14:49:23.369+0530] {dag.py:3486} INFO - Setting next_dagrun for example_params_trigger_ui to None, run_after=None
[2023-06-18T14:49:23.387+0530] {processor.py:179} INFO - Processing /home/shubham/.local/lib/python3.10/site-packages/airflow/example_dags/example_params_trigger_ui.py took 0.087 seconds
[2023-06-18T14:50:09.796+0530] {processor.py:157} INFO - Started process (PID=4233) to work on /home/shubham/.local/lib/python3.10/site-packages/airflow/example_dags/example_params_trigger_ui.py
[2023-06-18T14:50:09.797+0530] {processor.py:826} INFO - Processing file /home/shubham/.local/lib/python3.10/site-packages/airflow/example_dags/example_params_trigger_ui.py for tasks to queue
[2023-06-18T14:50:09.798+0530] {logging_mixin.py:149} INFO - [2023-06-18T14:50:09.798+0530] {dagbag.py:541} INFO - Filling up the DagBag from /home/shubham/.local/lib/python3.10/site-packages/airflow/example_dags/example_params_trigger_ui.py
[2023-06-18T14:50:09.811+0530] {processor.py:836} INFO - DAG(s) dict_keys(['example_params_trigger_ui']) retrieved from /home/shubham/.local/lib/python3.10/site-packages/airflow/example_dags/example_params_trigger_ui.py
[2023-06-18T14:50:09.852+0530] {logging_mixin.py:149} INFO - [2023-06-18T14:50:09.852+0530] {dag.py:2726} INFO - Sync 1 DAGs
[2023-06-18T14:50:09.864+0530] {logging_mixin.py:149} INFO - [2023-06-18T14:50:09.864+0530] {dag.py:3486} INFO - Setting next_dagrun for example_params_trigger_ui to None, run_after=None
[2023-06-18T14:50:09.880+0530] {processor.py:179} INFO - Processing /home/shubham/.local/lib/python3.10/site-packages/airflow/example_dags/example_params_trigger_ui.py took 0.086 seconds
[2023-06-18T14:50:50.528+0530] {processor.py:157} INFO - Started process (PID=4276) to work on /home/shubham/.local/lib/python3.10/site-packages/airflow/example_dags/example_params_trigger_ui.py
[2023-06-18T14:50:50.529+0530] {processor.py:826} INFO - Processing file /home/shubham/.local/lib/python3.10/site-packages/airflow/example_dags/example_params_trigger_ui.py for tasks to queue
[2023-06-18T14:50:50.530+0530] {logging_mixin.py:149} INFO - [2023-06-18T14:50:50.530+0530] {dagbag.py:541} INFO - Filling up the DagBag from /home/shubham/.local/lib/python3.10/site-packages/airflow/example_dags/example_params_trigger_ui.py
[2023-06-18T14:50:50.544+0530] {processor.py:836} INFO - DAG(s) dict_keys(['example_params_trigger_ui']) retrieved from /home/shubham/.local/lib/python3.10/site-packages/airflow/example_dags/example_params_trigger_ui.py
[2023-06-18T14:50:50.586+0530] {logging_mixin.py:149} INFO - [2023-06-18T14:50:50.585+0530] {dag.py:2726} INFO - Sync 1 DAGs
[2023-06-18T14:50:50.600+0530] {logging_mixin.py:149} INFO - [2023-06-18T14:50:50.600+0530] {dag.py:3486} INFO - Setting next_dagrun for example_params_trigger_ui to None, run_after=None
[2023-06-18T14:50:50.618+0530] {processor.py:179} INFO - Processing /home/shubham/.local/lib/python3.10/site-packages/airflow/example_dags/example_params_trigger_ui.py took 0.092 seconds
[2023-06-18T14:51:31.565+0530] {processor.py:157} INFO - Started process (PID=4319) to work on /home/shubham/.local/lib/python3.10/site-packages/airflow/example_dags/example_params_trigger_ui.py
[2023-06-18T14:51:31.567+0530] {processor.py:826} INFO - Processing file /home/shubham/.local/lib/python3.10/site-packages/airflow/example_dags/example_params_trigger_ui.py for tasks to queue
[2023-06-18T14:51:31.567+0530] {logging_mixin.py:149} INFO - [2023-06-18T14:51:31.567+0530] {dagbag.py:541} INFO - Filling up the DagBag from /home/shubham/.local/lib/python3.10/site-packages/airflow/example_dags/example_params_trigger_ui.py
[2023-06-18T14:51:31.582+0530] {processor.py:836} INFO - DAG(s) dict_keys(['example_params_trigger_ui']) retrieved from /home/shubham/.local/lib/python3.10/site-packages/airflow/example_dags/example_params_trigger_ui.py
[2023-06-18T14:51:31.634+0530] {logging_mixin.py:149} INFO - [2023-06-18T14:51:31.634+0530] {dag.py:2726} INFO - Sync 1 DAGs
[2023-06-18T14:51:31.648+0530] {logging_mixin.py:149} INFO - [2023-06-18T14:51:31.647+0530] {dag.py:3486} INFO - Setting next_dagrun for example_params_trigger_ui to None, run_after=None
[2023-06-18T14:51:31.668+0530] {processor.py:179} INFO - Processing /home/shubham/.local/lib/python3.10/site-packages/airflow/example_dags/example_params_trigger_ui.py took 0.105 seconds
[2023-06-18T14:52:16.656+0530] {processor.py:157} INFO - Started process (PID=4365) to work on /home/shubham/.local/lib/python3.10/site-packages/airflow/example_dags/example_params_trigger_ui.py
[2023-06-18T14:52:16.658+0530] {processor.py:826} INFO - Processing file /home/shubham/.local/lib/python3.10/site-packages/airflow/example_dags/example_params_trigger_ui.py for tasks to queue
[2023-06-18T14:52:16.659+0530] {logging_mixin.py:149} INFO - [2023-06-18T14:52:16.659+0530] {dagbag.py:541} INFO - Filling up the DagBag from /home/shubham/.local/lib/python3.10/site-packages/airflow/example_dags/example_params_trigger_ui.py
[2023-06-18T14:52:16.672+0530] {processor.py:836} INFO - DAG(s) dict_keys(['example_params_trigger_ui']) retrieved from /home/shubham/.local/lib/python3.10/site-packages/airflow/example_dags/example_params_trigger_ui.py
[2023-06-18T14:52:16.713+0530] {logging_mixin.py:149} INFO - [2023-06-18T14:52:16.712+0530] {dag.py:2726} INFO - Sync 1 DAGs
[2023-06-18T14:52:16.724+0530] {logging_mixin.py:149} INFO - [2023-06-18T14:52:16.724+0530] {dag.py:3486} INFO - Setting next_dagrun for example_params_trigger_ui to None, run_after=None
[2023-06-18T14:52:16.742+0530] {processor.py:179} INFO - Processing /home/shubham/.local/lib/python3.10/site-packages/airflow/example_dags/example_params_trigger_ui.py took 0.088 seconds
[2023-06-18T14:52:56.616+0530] {processor.py:157} INFO - Started process (PID=4408) to work on /home/shubham/.local/lib/python3.10/site-packages/airflow/example_dags/example_params_trigger_ui.py
[2023-06-18T14:52:56.618+0530] {processor.py:826} INFO - Processing file /home/shubham/.local/lib/python3.10/site-packages/airflow/example_dags/example_params_trigger_ui.py for tasks to queue
[2023-06-18T14:52:56.619+0530] {logging_mixin.py:149} INFO - [2023-06-18T14:52:56.618+0530] {dagbag.py:541} INFO - Filling up the DagBag from /home/shubham/.local/lib/python3.10/site-packages/airflow/example_dags/example_params_trigger_ui.py
[2023-06-18T14:52:56.633+0530] {processor.py:836} INFO - DAG(s) dict_keys(['example_params_trigger_ui']) retrieved from /home/shubham/.local/lib/python3.10/site-packages/airflow/example_dags/example_params_trigger_ui.py
[2023-06-18T14:52:56.677+0530] {logging_mixin.py:149} INFO - [2023-06-18T14:52:56.677+0530] {dag.py:2726} INFO - Sync 1 DAGs
[2023-06-18T14:52:56.689+0530] {logging_mixin.py:149} INFO - [2023-06-18T14:52:56.689+0530] {dag.py:3486} INFO - Setting next_dagrun for example_params_trigger_ui to None, run_after=None
[2023-06-18T14:52:56.705+0530] {processor.py:179} INFO - Processing /home/shubham/.local/lib/python3.10/site-packages/airflow/example_dags/example_params_trigger_ui.py took 0.092 seconds
[2023-06-18T14:53:41.725+0530] {processor.py:157} INFO - Started process (PID=4454) to work on /home/shubham/.local/lib/python3.10/site-packages/airflow/example_dags/example_params_trigger_ui.py
[2023-06-18T14:53:41.726+0530] {processor.py:826} INFO - Processing file /home/shubham/.local/lib/python3.10/site-packages/airflow/example_dags/example_params_trigger_ui.py for tasks to queue
[2023-06-18T14:53:41.727+0530] {logging_mixin.py:149} INFO - [2023-06-18T14:53:41.727+0530] {dagbag.py:541} INFO - Filling up the DagBag from /home/shubham/.local/lib/python3.10/site-packages/airflow/example_dags/example_params_trigger_ui.py
[2023-06-18T14:53:41.740+0530] {processor.py:836} INFO - DAG(s) dict_keys(['example_params_trigger_ui']) retrieved from /home/shubham/.local/lib/python3.10/site-packages/airflow/example_dags/example_params_trigger_ui.py
[2023-06-18T14:53:41.781+0530] {logging_mixin.py:149} INFO - [2023-06-18T14:53:41.781+0530] {dag.py:2726} INFO - Sync 1 DAGs
[2023-06-18T14:53:41.793+0530] {logging_mixin.py:149} INFO - [2023-06-18T14:53:41.793+0530] {dag.py:3486} INFO - Setting next_dagrun for example_params_trigger_ui to None, run_after=None
[2023-06-18T14:53:41.812+0530] {processor.py:179} INFO - Processing /home/shubham/.local/lib/python3.10/site-packages/airflow/example_dags/example_params_trigger_ui.py took 0.089 seconds
[2023-06-18T14:54:25.080+0530] {processor.py:157} INFO - Started process (PID=4498) to work on /home/shubham/.local/lib/python3.10/site-packages/airflow/example_dags/example_params_trigger_ui.py
[2023-06-18T14:54:25.081+0530] {processor.py:826} INFO - Processing file /home/shubham/.local/lib/python3.10/site-packages/airflow/example_dags/example_params_trigger_ui.py for tasks to queue
[2023-06-18T14:54:25.081+0530] {logging_mixin.py:149} INFO - [2023-06-18T14:54:25.081+0530] {dagbag.py:541} INFO - Filling up the DagBag from /home/shubham/.local/lib/python3.10/site-packages/airflow/example_dags/example_params_trigger_ui.py
[2023-06-18T14:54:25.095+0530] {processor.py:836} INFO - DAG(s) dict_keys(['example_params_trigger_ui']) retrieved from /home/shubham/.local/lib/python3.10/site-packages/airflow/example_dags/example_params_trigger_ui.py
[2023-06-18T14:54:25.136+0530] {logging_mixin.py:149} INFO - [2023-06-18T14:54:25.136+0530] {dag.py:2726} INFO - Sync 1 DAGs
[2023-06-18T14:54:25.149+0530] {logging_mixin.py:149} INFO - [2023-06-18T14:54:25.149+0530] {dag.py:3486} INFO - Setting next_dagrun for example_params_trigger_ui to None, run_after=None
[2023-06-18T14:54:25.166+0530] {processor.py:179} INFO - Processing /home/shubham/.local/lib/python3.10/site-packages/airflow/example_dags/example_params_trigger_ui.py took 0.089 seconds
[2023-06-18T14:55:10.008+0530] {processor.py:157} INFO - Started process (PID=4545) to work on /home/shubham/.local/lib/python3.10/site-packages/airflow/example_dags/example_params_trigger_ui.py
[2023-06-18T14:55:10.009+0530] {processor.py:826} INFO - Processing file /home/shubham/.local/lib/python3.10/site-packages/airflow/example_dags/example_params_trigger_ui.py for tasks to queue
[2023-06-18T14:55:10.010+0530] {logging_mixin.py:149} INFO - [2023-06-18T14:55:10.009+0530] {dagbag.py:541} INFO - Filling up the DagBag from /home/shubham/.local/lib/python3.10/site-packages/airflow/example_dags/example_params_trigger_ui.py
[2023-06-18T14:55:10.024+0530] {processor.py:836} INFO - DAG(s) dict_keys(['example_params_trigger_ui']) retrieved from /home/shubham/.local/lib/python3.10/site-packages/airflow/example_dags/example_params_trigger_ui.py
[2023-06-18T14:55:10.065+0530] {logging_mixin.py:149} INFO - [2023-06-18T14:55:10.065+0530] {dag.py:2726} INFO - Sync 1 DAGs
[2023-06-18T14:55:10.078+0530] {logging_mixin.py:149} INFO - [2023-06-18T14:55:10.078+0530] {dag.py:3486} INFO - Setting next_dagrun for example_params_trigger_ui to None, run_after=None
[2023-06-18T14:55:10.095+0530] {processor.py:179} INFO - Processing /home/shubham/.local/lib/python3.10/site-packages/airflow/example_dags/example_params_trigger_ui.py took 0.089 seconds
[2023-06-18T14:55:53.911+0530] {processor.py:157} INFO - Started process (PID=4590) to work on /home/shubham/.local/lib/python3.10/site-packages/airflow/example_dags/example_params_trigger_ui.py
[2023-06-18T14:55:53.912+0530] {processor.py:826} INFO - Processing file /home/shubham/.local/lib/python3.10/site-packages/airflow/example_dags/example_params_trigger_ui.py for tasks to queue
[2023-06-18T14:55:53.913+0530] {logging_mixin.py:149} INFO - [2023-06-18T14:55:53.913+0530] {dagbag.py:541} INFO - Filling up the DagBag from /home/shubham/.local/lib/python3.10/site-packages/airflow/example_dags/example_params_trigger_ui.py
[2023-06-18T14:55:53.926+0530] {processor.py:836} INFO - DAG(s) dict_keys(['example_params_trigger_ui']) retrieved from /home/shubham/.local/lib/python3.10/site-packages/airflow/example_dags/example_params_trigger_ui.py
[2023-06-18T14:55:53.969+0530] {logging_mixin.py:149} INFO - [2023-06-18T14:55:53.969+0530] {dag.py:2726} INFO - Sync 1 DAGs
[2023-06-18T14:55:53.981+0530] {logging_mixin.py:149} INFO - [2023-06-18T14:55:53.981+0530] {dag.py:3486} INFO - Setting next_dagrun for example_params_trigger_ui to None, run_after=None
[2023-06-18T14:55:53.997+0530] {processor.py:179} INFO - Processing /home/shubham/.local/lib/python3.10/site-packages/airflow/example_dags/example_params_trigger_ui.py took 0.088 seconds
[2023-06-18T14:56:38.502+0530] {processor.py:157} INFO - Started process (PID=4637) to work on /home/shubham/.local/lib/python3.10/site-packages/airflow/example_dags/example_params_trigger_ui.py
[2023-06-18T14:56:38.504+0530] {processor.py:826} INFO - Processing file /home/shubham/.local/lib/python3.10/site-packages/airflow/example_dags/example_params_trigger_ui.py for tasks to queue
[2023-06-18T14:56:38.504+0530] {logging_mixin.py:149} INFO - [2023-06-18T14:56:38.504+0530] {dagbag.py:541} INFO - Filling up the DagBag from /home/shubham/.local/lib/python3.10/site-packages/airflow/example_dags/example_params_trigger_ui.py
[2023-06-18T14:56:38.518+0530] {processor.py:836} INFO - DAG(s) dict_keys(['example_params_trigger_ui']) retrieved from /home/shubham/.local/lib/python3.10/site-packages/airflow/example_dags/example_params_trigger_ui.py
[2023-06-18T14:56:38.559+0530] {logging_mixin.py:149} INFO - [2023-06-18T14:56:38.559+0530] {dag.py:2726} INFO - Sync 1 DAGs
[2023-06-18T14:56:38.573+0530] {logging_mixin.py:149} INFO - [2023-06-18T14:56:38.573+0530] {dag.py:3486} INFO - Setting next_dagrun for example_params_trigger_ui to None, run_after=None
[2023-06-18T14:56:38.589+0530] {processor.py:179} INFO - Processing /home/shubham/.local/lib/python3.10/site-packages/airflow/example_dags/example_params_trigger_ui.py took 0.089 seconds
[2023-06-18T14:57:21.711+0530] {processor.py:157} INFO - Started process (PID=4687) to work on /home/shubham/.local/lib/python3.10/site-packages/airflow/example_dags/example_params_trigger_ui.py
[2023-06-18T14:57:21.712+0530] {processor.py:826} INFO - Processing file /home/shubham/.local/lib/python3.10/site-packages/airflow/example_dags/example_params_trigger_ui.py for tasks to queue
[2023-06-18T14:57:21.713+0530] {logging_mixin.py:149} INFO - [2023-06-18T14:57:21.713+0530] {dagbag.py:541} INFO - Filling up the DagBag from /home/shubham/.local/lib/python3.10/site-packages/airflow/example_dags/example_params_trigger_ui.py
[2023-06-18T14:57:21.726+0530] {processor.py:836} INFO - DAG(s) dict_keys(['example_params_trigger_ui']) retrieved from /home/shubham/.local/lib/python3.10/site-packages/airflow/example_dags/example_params_trigger_ui.py
[2023-06-18T14:57:21.767+0530] {logging_mixin.py:149} INFO - [2023-06-18T14:57:21.767+0530] {dag.py:2726} INFO - Sync 1 DAGs
[2023-06-18T14:57:21.779+0530] {logging_mixin.py:149} INFO - [2023-06-18T14:57:21.779+0530] {dag.py:3486} INFO - Setting next_dagrun for example_params_trigger_ui to None, run_after=None
[2023-06-18T14:57:21.795+0530] {processor.py:179} INFO - Processing /home/shubham/.local/lib/python3.10/site-packages/airflow/example_dags/example_params_trigger_ui.py took 0.086 seconds
[2023-06-18T14:58:03.699+0530] {processor.py:157} INFO - Started process (PID=4731) to work on /home/shubham/.local/lib/python3.10/site-packages/airflow/example_dags/example_params_trigger_ui.py
[2023-06-18T14:58:03.700+0530] {processor.py:826} INFO - Processing file /home/shubham/.local/lib/python3.10/site-packages/airflow/example_dags/example_params_trigger_ui.py for tasks to queue
[2023-06-18T14:58:03.701+0530] {logging_mixin.py:149} INFO - [2023-06-18T14:58:03.701+0530] {dagbag.py:541} INFO - Filling up the DagBag from /home/shubham/.local/lib/python3.10/site-packages/airflow/example_dags/example_params_trigger_ui.py
[2023-06-18T14:58:03.714+0530] {processor.py:836} INFO - DAG(s) dict_keys(['example_params_trigger_ui']) retrieved from /home/shubham/.local/lib/python3.10/site-packages/airflow/example_dags/example_params_trigger_ui.py
[2023-06-18T14:58:03.761+0530] {logging_mixin.py:149} INFO - [2023-06-18T14:58:03.761+0530] {dag.py:2726} INFO - Sync 1 DAGs
[2023-06-18T14:58:03.774+0530] {logging_mixin.py:149} INFO - [2023-06-18T14:58:03.774+0530] {dag.py:3486} INFO - Setting next_dagrun for example_params_trigger_ui to None, run_after=None
[2023-06-18T14:58:03.790+0530] {processor.py:179} INFO - Processing /home/shubham/.local/lib/python3.10/site-packages/airflow/example_dags/example_params_trigger_ui.py took 0.093 seconds
[2023-06-18T14:58:45.890+0530] {processor.py:157} INFO - Started process (PID=4776) to work on /home/shubham/.local/lib/python3.10/site-packages/airflow/example_dags/example_params_trigger_ui.py
[2023-06-18T14:58:45.892+0530] {processor.py:826} INFO - Processing file /home/shubham/.local/lib/python3.10/site-packages/airflow/example_dags/example_params_trigger_ui.py for tasks to queue
[2023-06-18T14:58:45.892+0530] {logging_mixin.py:149} INFO - [2023-06-18T14:58:45.892+0530] {dagbag.py:541} INFO - Filling up the DagBag from /home/shubham/.local/lib/python3.10/site-packages/airflow/example_dags/example_params_trigger_ui.py
[2023-06-18T14:58:45.906+0530] {processor.py:836} INFO - DAG(s) dict_keys(['example_params_trigger_ui']) retrieved from /home/shubham/.local/lib/python3.10/site-packages/airflow/example_dags/example_params_trigger_ui.py
[2023-06-18T14:58:45.948+0530] {logging_mixin.py:149} INFO - [2023-06-18T14:58:45.948+0530] {dag.py:2726} INFO - Sync 1 DAGs
[2023-06-18T14:58:45.960+0530] {logging_mixin.py:149} INFO - [2023-06-18T14:58:45.960+0530] {dag.py:3486} INFO - Setting next_dagrun for example_params_trigger_ui to None, run_after=None
[2023-06-18T14:58:45.978+0530] {processor.py:179} INFO - Processing /home/shubham/.local/lib/python3.10/site-packages/airflow/example_dags/example_params_trigger_ui.py took 0.090 seconds
[2023-06-18T14:59:28.063+0530] {processor.py:157} INFO - Started process (PID=4820) to work on /home/shubham/.local/lib/python3.10/site-packages/airflow/example_dags/example_params_trigger_ui.py
[2023-06-18T14:59:28.064+0530] {processor.py:826} INFO - Processing file /home/shubham/.local/lib/python3.10/site-packages/airflow/example_dags/example_params_trigger_ui.py for tasks to queue
[2023-06-18T14:59:28.065+0530] {logging_mixin.py:149} INFO - [2023-06-18T14:59:28.065+0530] {dagbag.py:541} INFO - Filling up the DagBag from /home/shubham/.local/lib/python3.10/site-packages/airflow/example_dags/example_params_trigger_ui.py
[2023-06-18T14:59:28.079+0530] {processor.py:836} INFO - DAG(s) dict_keys(['example_params_trigger_ui']) retrieved from /home/shubham/.local/lib/python3.10/site-packages/airflow/example_dags/example_params_trigger_ui.py
[2023-06-18T14:59:28.120+0530] {logging_mixin.py:149} INFO - [2023-06-18T14:59:28.120+0530] {dag.py:2726} INFO - Sync 1 DAGs
[2023-06-18T14:59:28.132+0530] {logging_mixin.py:149} INFO - [2023-06-18T14:59:28.132+0530] {dag.py:3486} INFO - Setting next_dagrun for example_params_trigger_ui to None, run_after=None
[2023-06-18T14:59:28.149+0530] {processor.py:179} INFO - Processing /home/shubham/.local/lib/python3.10/site-packages/airflow/example_dags/example_params_trigger_ui.py took 0.088 seconds
[2023-06-18T15:00:13.031+0530] {processor.py:157} INFO - Started process (PID=4867) to work on /home/shubham/.local/lib/python3.10/site-packages/airflow/example_dags/example_params_trigger_ui.py
[2023-06-18T15:00:13.033+0530] {processor.py:826} INFO - Processing file /home/shubham/.local/lib/python3.10/site-packages/airflow/example_dags/example_params_trigger_ui.py for tasks to queue
[2023-06-18T15:00:13.033+0530] {logging_mixin.py:149} INFO - [2023-06-18T15:00:13.033+0530] {dagbag.py:541} INFO - Filling up the DagBag from /home/shubham/.local/lib/python3.10/site-packages/airflow/example_dags/example_params_trigger_ui.py
[2023-06-18T15:00:13.047+0530] {processor.py:836} INFO - DAG(s) dict_keys(['example_params_trigger_ui']) retrieved from /home/shubham/.local/lib/python3.10/site-packages/airflow/example_dags/example_params_trigger_ui.py
[2023-06-18T15:00:13.087+0530] {logging_mixin.py:149} INFO - [2023-06-18T15:00:13.087+0530] {dag.py:2726} INFO - Sync 1 DAGs
[2023-06-18T15:00:13.099+0530] {logging_mixin.py:149} INFO - [2023-06-18T15:00:13.099+0530] {dag.py:3486} INFO - Setting next_dagrun for example_params_trigger_ui to None, run_after=None
[2023-06-18T15:00:13.116+0530] {processor.py:179} INFO - Processing /home/shubham/.local/lib/python3.10/site-packages/airflow/example_dags/example_params_trigger_ui.py took 0.087 seconds
[2023-06-18T15:00:55.622+0530] {processor.py:157} INFO - Started process (PID=4910) to work on /home/shubham/.local/lib/python3.10/site-packages/airflow/example_dags/example_params_trigger_ui.py
[2023-06-18T15:00:55.624+0530] {processor.py:826} INFO - Processing file /home/shubham/.local/lib/python3.10/site-packages/airflow/example_dags/example_params_trigger_ui.py for tasks to queue
[2023-06-18T15:00:55.624+0530] {logging_mixin.py:149} INFO - [2023-06-18T15:00:55.624+0530] {dagbag.py:541} INFO - Filling up the DagBag from /home/shubham/.local/lib/python3.10/site-packages/airflow/example_dags/example_params_trigger_ui.py
[2023-06-18T15:00:55.639+0530] {processor.py:836} INFO - DAG(s) dict_keys(['example_params_trigger_ui']) retrieved from /home/shubham/.local/lib/python3.10/site-packages/airflow/example_dags/example_params_trigger_ui.py
[2023-06-18T15:00:55.685+0530] {logging_mixin.py:149} INFO - [2023-06-18T15:00:55.684+0530] {dag.py:2726} INFO - Sync 1 DAGs
[2023-06-18T15:00:55.696+0530] {logging_mixin.py:149} INFO - [2023-06-18T15:00:55.696+0530] {dag.py:3486} INFO - Setting next_dagrun for example_params_trigger_ui to None, run_after=None
[2023-06-18T15:00:55.712+0530] {processor.py:179} INFO - Processing /home/shubham/.local/lib/python3.10/site-packages/airflow/example_dags/example_params_trigger_ui.py took 0.092 seconds
[2023-06-18T15:01:40.298+0530] {processor.py:157} INFO - Started process (PID=4956) to work on /home/shubham/.local/lib/python3.10/site-packages/airflow/example_dags/example_params_trigger_ui.py
[2023-06-18T15:01:40.300+0530] {processor.py:826} INFO - Processing file /home/shubham/.local/lib/python3.10/site-packages/airflow/example_dags/example_params_trigger_ui.py for tasks to queue
[2023-06-18T15:01:40.300+0530] {logging_mixin.py:149} INFO - [2023-06-18T15:01:40.300+0530] {dagbag.py:541} INFO - Filling up the DagBag from /home/shubham/.local/lib/python3.10/site-packages/airflow/example_dags/example_params_trigger_ui.py
[2023-06-18T15:01:40.314+0530] {processor.py:836} INFO - DAG(s) dict_keys(['example_params_trigger_ui']) retrieved from /home/shubham/.local/lib/python3.10/site-packages/airflow/example_dags/example_params_trigger_ui.py
[2023-06-18T15:01:40.356+0530] {logging_mixin.py:149} INFO - [2023-06-18T15:01:40.355+0530] {dag.py:2726} INFO - Sync 1 DAGs
[2023-06-18T15:01:40.368+0530] {logging_mixin.py:149} INFO - [2023-06-18T15:01:40.368+0530] {dag.py:3486} INFO - Setting next_dagrun for example_params_trigger_ui to None, run_after=None
[2023-06-18T15:01:40.385+0530] {processor.py:179} INFO - Processing /home/shubham/.local/lib/python3.10/site-packages/airflow/example_dags/example_params_trigger_ui.py took 0.089 seconds
[2023-06-18T15:02:25.579+0530] {processor.py:157} INFO - Started process (PID=5005) to work on /home/shubham/.local/lib/python3.10/site-packages/airflow/example_dags/example_params_trigger_ui.py
[2023-06-18T15:02:25.580+0530] {processor.py:826} INFO - Processing file /home/shubham/.local/lib/python3.10/site-packages/airflow/example_dags/example_params_trigger_ui.py for tasks to queue
[2023-06-18T15:02:25.581+0530] {logging_mixin.py:149} INFO - [2023-06-18T15:02:25.580+0530] {dagbag.py:541} INFO - Filling up the DagBag from /home/shubham/.local/lib/python3.10/site-packages/airflow/example_dags/example_params_trigger_ui.py
[2023-06-18T15:02:25.594+0530] {processor.py:836} INFO - DAG(s) dict_keys(['example_params_trigger_ui']) retrieved from /home/shubham/.local/lib/python3.10/site-packages/airflow/example_dags/example_params_trigger_ui.py
[2023-06-18T15:02:25.637+0530] {logging_mixin.py:149} INFO - [2023-06-18T15:02:25.637+0530] {dag.py:2726} INFO - Sync 1 DAGs
[2023-06-18T15:02:25.655+0530] {logging_mixin.py:149} INFO - [2023-06-18T15:02:25.654+0530] {dag.py:3486} INFO - Setting next_dagrun for example_params_trigger_ui to None, run_after=None
[2023-06-18T15:02:25.671+0530] {processor.py:179} INFO - Processing /home/shubham/.local/lib/python3.10/site-packages/airflow/example_dags/example_params_trigger_ui.py took 0.095 seconds
[2023-06-18T15:03:10.810+0530] {processor.py:157} INFO - Started process (PID=5051) to work on /home/shubham/.local/lib/python3.10/site-packages/airflow/example_dags/example_params_trigger_ui.py
[2023-06-18T15:03:10.812+0530] {processor.py:826} INFO - Processing file /home/shubham/.local/lib/python3.10/site-packages/airflow/example_dags/example_params_trigger_ui.py for tasks to queue
[2023-06-18T15:03:10.812+0530] {logging_mixin.py:149} INFO - [2023-06-18T15:03:10.812+0530] {dagbag.py:541} INFO - Filling up the DagBag from /home/shubham/.local/lib/python3.10/site-packages/airflow/example_dags/example_params_trigger_ui.py
[2023-06-18T15:03:10.826+0530] {processor.py:836} INFO - DAG(s) dict_keys(['example_params_trigger_ui']) retrieved from /home/shubham/.local/lib/python3.10/site-packages/airflow/example_dags/example_params_trigger_ui.py
[2023-06-18T15:03:10.867+0530] {logging_mixin.py:149} INFO - [2023-06-18T15:03:10.867+0530] {dag.py:2726} INFO - Sync 1 DAGs
[2023-06-18T15:03:10.879+0530] {logging_mixin.py:149} INFO - [2023-06-18T15:03:10.879+0530] {dag.py:3486} INFO - Setting next_dagrun for example_params_trigger_ui to None, run_after=None
[2023-06-18T15:03:10.896+0530] {processor.py:179} INFO - Processing /home/shubham/.local/lib/python3.10/site-packages/airflow/example_dags/example_params_trigger_ui.py took 0.088 seconds
[2023-06-18T15:03:54.785+0530] {processor.py:157} INFO - Started process (PID=5097) to work on /home/shubham/.local/lib/python3.10/site-packages/airflow/example_dags/example_params_trigger_ui.py
[2023-06-18T15:03:54.786+0530] {processor.py:826} INFO - Processing file /home/shubham/.local/lib/python3.10/site-packages/airflow/example_dags/example_params_trigger_ui.py for tasks to queue
[2023-06-18T15:03:54.787+0530] {logging_mixin.py:149} INFO - [2023-06-18T15:03:54.787+0530] {dagbag.py:541} INFO - Filling up the DagBag from /home/shubham/.local/lib/python3.10/site-packages/airflow/example_dags/example_params_trigger_ui.py
[2023-06-18T15:03:54.801+0530] {processor.py:836} INFO - DAG(s) dict_keys(['example_params_trigger_ui']) retrieved from /home/shubham/.local/lib/python3.10/site-packages/airflow/example_dags/example_params_trigger_ui.py
[2023-06-18T15:03:54.842+0530] {logging_mixin.py:149} INFO - [2023-06-18T15:03:54.841+0530] {dag.py:2726} INFO - Sync 1 DAGs
[2023-06-18T15:03:54.853+0530] {logging_mixin.py:149} INFO - [2023-06-18T15:03:54.853+0530] {dag.py:3486} INFO - Setting next_dagrun for example_params_trigger_ui to None, run_after=None
[2023-06-18T15:03:54.870+0530] {processor.py:179} INFO - Processing /home/shubham/.local/lib/python3.10/site-packages/airflow/example_dags/example_params_trigger_ui.py took 0.087 seconds
[2023-06-18T15:04:33.324+0530] {processor.py:157} INFO - Started process (PID=5138) to work on /home/shubham/.local/lib/python3.10/site-packages/airflow/example_dags/example_params_trigger_ui.py
[2023-06-18T15:04:33.325+0530] {processor.py:826} INFO - Processing file /home/shubham/.local/lib/python3.10/site-packages/airflow/example_dags/example_params_trigger_ui.py for tasks to queue
[2023-06-18T15:04:33.326+0530] {logging_mixin.py:149} INFO - [2023-06-18T15:04:33.326+0530] {dagbag.py:541} INFO - Filling up the DagBag from /home/shubham/.local/lib/python3.10/site-packages/airflow/example_dags/example_params_trigger_ui.py
[2023-06-18T15:04:33.339+0530] {processor.py:836} INFO - DAG(s) dict_keys(['example_params_trigger_ui']) retrieved from /home/shubham/.local/lib/python3.10/site-packages/airflow/example_dags/example_params_trigger_ui.py
[2023-06-18T15:04:33.380+0530] {logging_mixin.py:149} INFO - [2023-06-18T15:04:33.380+0530] {dag.py:2726} INFO - Sync 1 DAGs
[2023-06-18T15:04:33.393+0530] {logging_mixin.py:149} INFO - [2023-06-18T15:04:33.393+0530] {dag.py:3486} INFO - Setting next_dagrun for example_params_trigger_ui to None, run_after=None
[2023-06-18T15:04:33.410+0530] {processor.py:179} INFO - Processing /home/shubham/.local/lib/python3.10/site-packages/airflow/example_dags/example_params_trigger_ui.py took 0.088 seconds
[2023-06-18T15:05:17.468+0530] {processor.py:157} INFO - Started process (PID=5182) to work on /home/shubham/.local/lib/python3.10/site-packages/airflow/example_dags/example_params_trigger_ui.py
[2023-06-18T15:05:17.470+0530] {processor.py:826} INFO - Processing file /home/shubham/.local/lib/python3.10/site-packages/airflow/example_dags/example_params_trigger_ui.py for tasks to queue
[2023-06-18T15:05:17.470+0530] {logging_mixin.py:149} INFO - [2023-06-18T15:05:17.470+0530] {dagbag.py:541} INFO - Filling up the DagBag from /home/shubham/.local/lib/python3.10/site-packages/airflow/example_dags/example_params_trigger_ui.py
[2023-06-18T15:05:17.484+0530] {processor.py:836} INFO - DAG(s) dict_keys(['example_params_trigger_ui']) retrieved from /home/shubham/.local/lib/python3.10/site-packages/airflow/example_dags/example_params_trigger_ui.py
[2023-06-18T15:05:17.525+0530] {logging_mixin.py:149} INFO - [2023-06-18T15:05:17.525+0530] {dag.py:2726} INFO - Sync 1 DAGs
[2023-06-18T15:05:17.537+0530] {logging_mixin.py:149} INFO - [2023-06-18T15:05:17.537+0530] {dag.py:3486} INFO - Setting next_dagrun for example_params_trigger_ui to None, run_after=None
[2023-06-18T15:05:17.554+0530] {processor.py:179} INFO - Processing /home/shubham/.local/lib/python3.10/site-packages/airflow/example_dags/example_params_trigger_ui.py took 0.088 seconds
[2023-06-18T15:06:00.349+0530] {processor.py:157} INFO - Started process (PID=5228) to work on /home/shubham/.local/lib/python3.10/site-packages/airflow/example_dags/example_params_trigger_ui.py
[2023-06-18T15:06:00.351+0530] {processor.py:826} INFO - Processing file /home/shubham/.local/lib/python3.10/site-packages/airflow/example_dags/example_params_trigger_ui.py for tasks to queue
[2023-06-18T15:06:00.351+0530] {logging_mixin.py:149} INFO - [2023-06-18T15:06:00.351+0530] {dagbag.py:541} INFO - Filling up the DagBag from /home/shubham/.local/lib/python3.10/site-packages/airflow/example_dags/example_params_trigger_ui.py
[2023-06-18T15:06:00.365+0530] {processor.py:836} INFO - DAG(s) dict_keys(['example_params_trigger_ui']) retrieved from /home/shubham/.local/lib/python3.10/site-packages/airflow/example_dags/example_params_trigger_ui.py
[2023-06-18T15:06:00.406+0530] {logging_mixin.py:149} INFO - [2023-06-18T15:06:00.406+0530] {dag.py:2726} INFO - Sync 1 DAGs
[2023-06-18T15:06:00.418+0530] {logging_mixin.py:149} INFO - [2023-06-18T15:06:00.418+0530] {dag.py:3486} INFO - Setting next_dagrun for example_params_trigger_ui to None, run_after=None
[2023-06-18T15:06:00.434+0530] {processor.py:179} INFO - Processing /home/shubham/.local/lib/python3.10/site-packages/airflow/example_dags/example_params_trigger_ui.py took 0.088 seconds
[2023-06-18T15:06:46.883+0530] {processor.py:157} INFO - Started process (PID=5274) to work on /home/shubham/.local/lib/python3.10/site-packages/airflow/example_dags/example_params_trigger_ui.py
[2023-06-18T15:06:46.885+0530] {processor.py:826} INFO - Processing file /home/shubham/.local/lib/python3.10/site-packages/airflow/example_dags/example_params_trigger_ui.py for tasks to queue
[2023-06-18T15:06:46.885+0530] {logging_mixin.py:149} INFO - [2023-06-18T15:06:46.885+0530] {dagbag.py:541} INFO - Filling up the DagBag from /home/shubham/.local/lib/python3.10/site-packages/airflow/example_dags/example_params_trigger_ui.py
[2023-06-18T15:06:46.903+0530] {processor.py:836} INFO - DAG(s) dict_keys(['example_params_trigger_ui']) retrieved from /home/shubham/.local/lib/python3.10/site-packages/airflow/example_dags/example_params_trigger_ui.py
[2023-06-18T15:06:46.956+0530] {logging_mixin.py:149} INFO - [2023-06-18T15:06:46.956+0530] {dag.py:2726} INFO - Sync 1 DAGs
[2023-06-18T15:06:46.973+0530] {logging_mixin.py:149} INFO - [2023-06-18T15:06:46.973+0530] {dag.py:3486} INFO - Setting next_dagrun for example_params_trigger_ui to None, run_after=None
[2023-06-18T15:06:46.994+0530] {processor.py:179} INFO - Processing /home/shubham/.local/lib/python3.10/site-packages/airflow/example_dags/example_params_trigger_ui.py took 0.114 seconds
[2023-06-18T15:07:34.874+0530] {processor.py:157} INFO - Started process (PID=5324) to work on /home/shubham/.local/lib/python3.10/site-packages/airflow/example_dags/example_params_trigger_ui.py
[2023-06-18T15:07:34.876+0530] {processor.py:826} INFO - Processing file /home/shubham/.local/lib/python3.10/site-packages/airflow/example_dags/example_params_trigger_ui.py for tasks to queue
[2023-06-18T15:07:34.877+0530] {logging_mixin.py:149} INFO - [2023-06-18T15:07:34.877+0530] {dagbag.py:541} INFO - Filling up the DagBag from /home/shubham/.local/lib/python3.10/site-packages/airflow/example_dags/example_params_trigger_ui.py
[2023-06-18T15:07:34.895+0530] {processor.py:836} INFO - DAG(s) dict_keys(['example_params_trigger_ui']) retrieved from /home/shubham/.local/lib/python3.10/site-packages/airflow/example_dags/example_params_trigger_ui.py
[2023-06-18T15:07:34.949+0530] {logging_mixin.py:149} INFO - [2023-06-18T15:07:34.948+0530] {dag.py:2726} INFO - Sync 1 DAGs
[2023-06-18T15:07:34.964+0530] {logging_mixin.py:149} INFO - [2023-06-18T15:07:34.963+0530] {dag.py:3486} INFO - Setting next_dagrun for example_params_trigger_ui to None, run_after=None
[2023-06-18T15:07:34.986+0530] {processor.py:179} INFO - Processing /home/shubham/.local/lib/python3.10/site-packages/airflow/example_dags/example_params_trigger_ui.py took 0.115 seconds
[2023-06-18T15:08:20.147+0530] {processor.py:157} INFO - Started process (PID=5371) to work on /home/shubham/.local/lib/python3.10/site-packages/airflow/example_dags/example_params_trigger_ui.py
[2023-06-18T15:08:20.149+0530] {processor.py:826} INFO - Processing file /home/shubham/.local/lib/python3.10/site-packages/airflow/example_dags/example_params_trigger_ui.py for tasks to queue
[2023-06-18T15:08:20.150+0530] {logging_mixin.py:149} INFO - [2023-06-18T15:08:20.150+0530] {dagbag.py:541} INFO - Filling up the DagBag from /home/shubham/.local/lib/python3.10/site-packages/airflow/example_dags/example_params_trigger_ui.py
[2023-06-18T15:08:20.167+0530] {processor.py:836} INFO - DAG(s) dict_keys(['example_params_trigger_ui']) retrieved from /home/shubham/.local/lib/python3.10/site-packages/airflow/example_dags/example_params_trigger_ui.py
[2023-06-18T15:08:20.231+0530] {logging_mixin.py:149} INFO - [2023-06-18T15:08:20.231+0530] {dag.py:2726} INFO - Sync 1 DAGs
[2023-06-18T15:08:20.251+0530] {logging_mixin.py:149} INFO - [2023-06-18T15:08:20.250+0530] {dag.py:3486} INFO - Setting next_dagrun for example_params_trigger_ui to None, run_after=None
[2023-06-18T15:08:20.275+0530] {processor.py:179} INFO - Processing /home/shubham/.local/lib/python3.10/site-packages/airflow/example_dags/example_params_trigger_ui.py took 0.131 seconds
[2023-06-18T15:09:04.248+0530] {processor.py:157} INFO - Started process (PID=5416) to work on /home/shubham/.local/lib/python3.10/site-packages/airflow/example_dags/example_params_trigger_ui.py
[2023-06-18T15:09:04.250+0530] {processor.py:826} INFO - Processing file /home/shubham/.local/lib/python3.10/site-packages/airflow/example_dags/example_params_trigger_ui.py for tasks to queue
[2023-06-18T15:09:04.251+0530] {logging_mixin.py:149} INFO - [2023-06-18T15:09:04.251+0530] {dagbag.py:541} INFO - Filling up the DagBag from /home/shubham/.local/lib/python3.10/site-packages/airflow/example_dags/example_params_trigger_ui.py
[2023-06-18T15:09:04.271+0530] {processor.py:836} INFO - DAG(s) dict_keys(['example_params_trigger_ui']) retrieved from /home/shubham/.local/lib/python3.10/site-packages/airflow/example_dags/example_params_trigger_ui.py
[2023-06-18T15:09:04.332+0530] {logging_mixin.py:149} INFO - [2023-06-18T15:09:04.331+0530] {dag.py:2726} INFO - Sync 1 DAGs
[2023-06-18T15:09:04.349+0530] {logging_mixin.py:149} INFO - [2023-06-18T15:09:04.349+0530] {dag.py:3486} INFO - Setting next_dagrun for example_params_trigger_ui to None, run_after=None
[2023-06-18T15:09:04.375+0530] {processor.py:179} INFO - Processing /home/shubham/.local/lib/python3.10/site-packages/airflow/example_dags/example_params_trigger_ui.py took 0.130 seconds
[2023-06-18T15:09:48.411+0530] {processor.py:157} INFO - Started process (PID=5462) to work on /home/shubham/.local/lib/python3.10/site-packages/airflow/example_dags/example_params_trigger_ui.py
[2023-06-18T15:09:48.413+0530] {processor.py:826} INFO - Processing file /home/shubham/.local/lib/python3.10/site-packages/airflow/example_dags/example_params_trigger_ui.py for tasks to queue
[2023-06-18T15:09:48.413+0530] {logging_mixin.py:149} INFO - [2023-06-18T15:09:48.413+0530] {dagbag.py:541} INFO - Filling up the DagBag from /home/shubham/.local/lib/python3.10/site-packages/airflow/example_dags/example_params_trigger_ui.py
[2023-06-18T15:09:48.434+0530] {processor.py:836} INFO - DAG(s) dict_keys(['example_params_trigger_ui']) retrieved from /home/shubham/.local/lib/python3.10/site-packages/airflow/example_dags/example_params_trigger_ui.py
[2023-06-18T15:09:48.497+0530] {logging_mixin.py:149} INFO - [2023-06-18T15:09:48.497+0530] {dag.py:2726} INFO - Sync 1 DAGs
[2023-06-18T15:09:48.515+0530] {logging_mixin.py:149} INFO - [2023-06-18T15:09:48.515+0530] {dag.py:3486} INFO - Setting next_dagrun for example_params_trigger_ui to None, run_after=None
[2023-06-18T15:09:48.541+0530] {processor.py:179} INFO - Processing /home/shubham/.local/lib/python3.10/site-packages/airflow/example_dags/example_params_trigger_ui.py took 0.133 seconds
[2023-06-18T15:10:32.274+0530] {processor.py:157} INFO - Started process (PID=5508) to work on /home/shubham/.local/lib/python3.10/site-packages/airflow/example_dags/example_params_trigger_ui.py
[2023-06-18T15:10:32.276+0530] {processor.py:826} INFO - Processing file /home/shubham/.local/lib/python3.10/site-packages/airflow/example_dags/example_params_trigger_ui.py for tasks to queue
[2023-06-18T15:10:32.277+0530] {logging_mixin.py:149} INFO - [2023-06-18T15:10:32.277+0530] {dagbag.py:541} INFO - Filling up the DagBag from /home/shubham/.local/lib/python3.10/site-packages/airflow/example_dags/example_params_trigger_ui.py
[2023-06-18T15:10:32.299+0530] {processor.py:836} INFO - DAG(s) dict_keys(['example_params_trigger_ui']) retrieved from /home/shubham/.local/lib/python3.10/site-packages/airflow/example_dags/example_params_trigger_ui.py
[2023-06-18T15:10:32.372+0530] {logging_mixin.py:149} INFO - [2023-06-18T15:10:32.371+0530] {dag.py:2726} INFO - Sync 1 DAGs
[2023-06-18T15:10:32.392+0530] {logging_mixin.py:149} INFO - [2023-06-18T15:10:32.392+0530] {dag.py:3486} INFO - Setting next_dagrun for example_params_trigger_ui to None, run_after=None
[2023-06-18T15:10:32.423+0530] {processor.py:179} INFO - Processing /home/shubham/.local/lib/python3.10/site-packages/airflow/example_dags/example_params_trigger_ui.py took 0.152 seconds
[2023-06-18T15:11:14.076+0530] {processor.py:157} INFO - Started process (PID=5551) to work on /home/shubham/.local/lib/python3.10/site-packages/airflow/example_dags/example_params_trigger_ui.py
[2023-06-18T15:11:14.078+0530] {processor.py:826} INFO - Processing file /home/shubham/.local/lib/python3.10/site-packages/airflow/example_dags/example_params_trigger_ui.py for tasks to queue
[2023-06-18T15:11:14.079+0530] {logging_mixin.py:149} INFO - [2023-06-18T15:11:14.079+0530] {dagbag.py:541} INFO - Filling up the DagBag from /home/shubham/.local/lib/python3.10/site-packages/airflow/example_dags/example_params_trigger_ui.py
[2023-06-18T15:11:14.099+0530] {processor.py:836} INFO - DAG(s) dict_keys(['example_params_trigger_ui']) retrieved from /home/shubham/.local/lib/python3.10/site-packages/airflow/example_dags/example_params_trigger_ui.py
[2023-06-18T15:11:14.165+0530] {logging_mixin.py:149} INFO - [2023-06-18T15:11:14.164+0530] {dag.py:2726} INFO - Sync 1 DAGs
[2023-06-18T15:11:14.193+0530] {logging_mixin.py:149} INFO - [2023-06-18T15:11:14.192+0530] {dag.py:3486} INFO - Setting next_dagrun for example_params_trigger_ui to None, run_after=None
[2023-06-18T15:11:14.223+0530] {processor.py:179} INFO - Processing /home/shubham/.local/lib/python3.10/site-packages/airflow/example_dags/example_params_trigger_ui.py took 0.150 seconds
[2023-06-18T15:11:55.648+0530] {processor.py:157} INFO - Started process (PID=5595) to work on /home/shubham/.local/lib/python3.10/site-packages/airflow/example_dags/example_params_trigger_ui.py
[2023-06-18T15:11:55.650+0530] {processor.py:826} INFO - Processing file /home/shubham/.local/lib/python3.10/site-packages/airflow/example_dags/example_params_trigger_ui.py for tasks to queue
[2023-06-18T15:11:55.651+0530] {logging_mixin.py:149} INFO - [2023-06-18T15:11:55.651+0530] {dagbag.py:541} INFO - Filling up the DagBag from /home/shubham/.local/lib/python3.10/site-packages/airflow/example_dags/example_params_trigger_ui.py
[2023-06-18T15:11:55.672+0530] {processor.py:836} INFO - DAG(s) dict_keys(['example_params_trigger_ui']) retrieved from /home/shubham/.local/lib/python3.10/site-packages/airflow/example_dags/example_params_trigger_ui.py
[2023-06-18T15:11:55.733+0530] {logging_mixin.py:149} INFO - [2023-06-18T15:11:55.733+0530] {dag.py:2726} INFO - Sync 1 DAGs
[2023-06-18T15:11:55.750+0530] {logging_mixin.py:149} INFO - [2023-06-18T15:11:55.749+0530] {dag.py:3486} INFO - Setting next_dagrun for example_params_trigger_ui to None, run_after=None
[2023-06-18T15:11:55.773+0530] {processor.py:179} INFO - Processing /home/shubham/.local/lib/python3.10/site-packages/airflow/example_dags/example_params_trigger_ui.py took 0.128 seconds
[2023-06-18T15:12:38.018+0530] {processor.py:157} INFO - Started process (PID=5641) to work on /home/shubham/.local/lib/python3.10/site-packages/airflow/example_dags/example_params_trigger_ui.py
[2023-06-18T15:12:38.020+0530] {processor.py:826} INFO - Processing file /home/shubham/.local/lib/python3.10/site-packages/airflow/example_dags/example_params_trigger_ui.py for tasks to queue
[2023-06-18T15:12:38.021+0530] {logging_mixin.py:149} INFO - [2023-06-18T15:12:38.021+0530] {dagbag.py:541} INFO - Filling up the DagBag from /home/shubham/.local/lib/python3.10/site-packages/airflow/example_dags/example_params_trigger_ui.py
[2023-06-18T15:12:38.039+0530] {processor.py:836} INFO - DAG(s) dict_keys(['example_params_trigger_ui']) retrieved from /home/shubham/.local/lib/python3.10/site-packages/airflow/example_dags/example_params_trigger_ui.py
[2023-06-18T15:12:38.093+0530] {logging_mixin.py:149} INFO - [2023-06-18T15:12:38.093+0530] {dag.py:2726} INFO - Sync 1 DAGs
[2023-06-18T15:12:38.108+0530] {logging_mixin.py:149} INFO - [2023-06-18T15:12:38.108+0530] {dag.py:3486} INFO - Setting next_dagrun for example_params_trigger_ui to None, run_after=None
[2023-06-18T15:12:38.131+0530] {processor.py:179} INFO - Processing /home/shubham/.local/lib/python3.10/site-packages/airflow/example_dags/example_params_trigger_ui.py took 0.116 seconds
[2023-06-18T15:13:19.502+0530] {processor.py:157} INFO - Started process (PID=5683) to work on /home/shubham/.local/lib/python3.10/site-packages/airflow/example_dags/example_params_trigger_ui.py
[2023-06-18T15:13:19.505+0530] {processor.py:826} INFO - Processing file /home/shubham/.local/lib/python3.10/site-packages/airflow/example_dags/example_params_trigger_ui.py for tasks to queue
[2023-06-18T15:13:19.505+0530] {logging_mixin.py:149} INFO - [2023-06-18T15:13:19.505+0530] {dagbag.py:541} INFO - Filling up the DagBag from /home/shubham/.local/lib/python3.10/site-packages/airflow/example_dags/example_params_trigger_ui.py
[2023-06-18T15:13:19.526+0530] {processor.py:836} INFO - DAG(s) dict_keys(['example_params_trigger_ui']) retrieved from /home/shubham/.local/lib/python3.10/site-packages/airflow/example_dags/example_params_trigger_ui.py
[2023-06-18T15:13:19.587+0530] {logging_mixin.py:149} INFO - [2023-06-18T15:13:19.587+0530] {dag.py:2726} INFO - Sync 1 DAGs
[2023-06-18T15:13:19.605+0530] {logging_mixin.py:149} INFO - [2023-06-18T15:13:19.605+0530] {dag.py:3486} INFO - Setting next_dagrun for example_params_trigger_ui to None, run_after=None
[2023-06-18T15:13:19.630+0530] {processor.py:179} INFO - Processing /home/shubham/.local/lib/python3.10/site-packages/airflow/example_dags/example_params_trigger_ui.py took 0.130 seconds
[2023-06-18T15:14:00.292+0530] {processor.py:157} INFO - Started process (PID=5726) to work on /home/shubham/.local/lib/python3.10/site-packages/airflow/example_dags/example_params_trigger_ui.py
[2023-06-18T15:14:00.294+0530] {processor.py:826} INFO - Processing file /home/shubham/.local/lib/python3.10/site-packages/airflow/example_dags/example_params_trigger_ui.py for tasks to queue
[2023-06-18T15:14:00.295+0530] {logging_mixin.py:149} INFO - [2023-06-18T15:14:00.295+0530] {dagbag.py:541} INFO - Filling up the DagBag from /home/shubham/.local/lib/python3.10/site-packages/airflow/example_dags/example_params_trigger_ui.py
[2023-06-18T15:14:00.315+0530] {processor.py:836} INFO - DAG(s) dict_keys(['example_params_trigger_ui']) retrieved from /home/shubham/.local/lib/python3.10/site-packages/airflow/example_dags/example_params_trigger_ui.py
[2023-06-18T15:14:00.375+0530] {logging_mixin.py:149} INFO - [2023-06-18T15:14:00.375+0530] {dag.py:2726} INFO - Sync 1 DAGs
[2023-06-18T15:14:00.393+0530] {logging_mixin.py:149} INFO - [2023-06-18T15:14:00.392+0530] {dag.py:3486} INFO - Setting next_dagrun for example_params_trigger_ui to None, run_after=None
[2023-06-18T15:14:00.417+0530] {processor.py:179} INFO - Processing /home/shubham/.local/lib/python3.10/site-packages/airflow/example_dags/example_params_trigger_ui.py took 0.128 seconds
[2023-06-18T15:14:46.729+0530] {processor.py:157} INFO - Started process (PID=5774) to work on /home/shubham/.local/lib/python3.10/site-packages/airflow/example_dags/example_params_trigger_ui.py
[2023-06-18T15:14:46.730+0530] {processor.py:826} INFO - Processing file /home/shubham/.local/lib/python3.10/site-packages/airflow/example_dags/example_params_trigger_ui.py for tasks to queue
[2023-06-18T15:14:46.731+0530] {logging_mixin.py:149} INFO - [2023-06-18T15:14:46.731+0530] {dagbag.py:541} INFO - Filling up the DagBag from /home/shubham/.local/lib/python3.10/site-packages/airflow/example_dags/example_params_trigger_ui.py
[2023-06-18T15:14:46.749+0530] {processor.py:836} INFO - DAG(s) dict_keys(['example_params_trigger_ui']) retrieved from /home/shubham/.local/lib/python3.10/site-packages/airflow/example_dags/example_params_trigger_ui.py
[2023-06-18T15:14:46.802+0530] {logging_mixin.py:149} INFO - [2023-06-18T15:14:46.802+0530] {dag.py:2726} INFO - Sync 1 DAGs
[2023-06-18T15:14:46.817+0530] {logging_mixin.py:149} INFO - [2023-06-18T15:14:46.817+0530] {dag.py:3486} INFO - Setting next_dagrun for example_params_trigger_ui to None, run_after=None
[2023-06-18T15:14:46.839+0530] {processor.py:179} INFO - Processing /home/shubham/.local/lib/python3.10/site-packages/airflow/example_dags/example_params_trigger_ui.py took 0.112 seconds
[2023-06-18T15:15:32.869+0530] {processor.py:157} INFO - Started process (PID=5820) to work on /home/shubham/.local/lib/python3.10/site-packages/airflow/example_dags/example_params_trigger_ui.py
[2023-06-18T15:15:32.871+0530] {processor.py:826} INFO - Processing file /home/shubham/.local/lib/python3.10/site-packages/airflow/example_dags/example_params_trigger_ui.py for tasks to queue
[2023-06-18T15:15:32.872+0530] {logging_mixin.py:149} INFO - [2023-06-18T15:15:32.872+0530] {dagbag.py:541} INFO - Filling up the DagBag from /home/shubham/.local/lib/python3.10/site-packages/airflow/example_dags/example_params_trigger_ui.py
[2023-06-18T15:15:32.889+0530] {processor.py:836} INFO - DAG(s) dict_keys(['example_params_trigger_ui']) retrieved from /home/shubham/.local/lib/python3.10/site-packages/airflow/example_dags/example_params_trigger_ui.py
[2023-06-18T15:15:32.942+0530] {logging_mixin.py:149} INFO - [2023-06-18T15:15:32.942+0530] {dag.py:2726} INFO - Sync 1 DAGs
[2023-06-18T15:15:32.957+0530] {logging_mixin.py:149} INFO - [2023-06-18T15:15:32.957+0530] {dag.py:3486} INFO - Setting next_dagrun for example_params_trigger_ui to None, run_after=None
[2023-06-18T15:15:32.980+0530] {processor.py:179} INFO - Processing /home/shubham/.local/lib/python3.10/site-packages/airflow/example_dags/example_params_trigger_ui.py took 0.114 seconds
[2023-06-18T15:16:17.736+0530] {processor.py:157} INFO - Started process (PID=5866) to work on /home/shubham/.local/lib/python3.10/site-packages/airflow/example_dags/example_params_trigger_ui.py
[2023-06-18T15:16:17.738+0530] {processor.py:826} INFO - Processing file /home/shubham/.local/lib/python3.10/site-packages/airflow/example_dags/example_params_trigger_ui.py for tasks to queue
[2023-06-18T15:16:17.739+0530] {logging_mixin.py:149} INFO - [2023-06-18T15:16:17.739+0530] {dagbag.py:541} INFO - Filling up the DagBag from /home/shubham/.local/lib/python3.10/site-packages/airflow/example_dags/example_params_trigger_ui.py
[2023-06-18T15:16:17.756+0530] {processor.py:836} INFO - DAG(s) dict_keys(['example_params_trigger_ui']) retrieved from /home/shubham/.local/lib/python3.10/site-packages/airflow/example_dags/example_params_trigger_ui.py
[2023-06-18T15:16:17.812+0530] {logging_mixin.py:149} INFO - [2023-06-18T15:16:17.812+0530] {dag.py:2726} INFO - Sync 1 DAGs
[2023-06-18T15:16:17.827+0530] {logging_mixin.py:149} INFO - [2023-06-18T15:16:17.827+0530] {dag.py:3486} INFO - Setting next_dagrun for example_params_trigger_ui to None, run_after=None
[2023-06-18T15:16:17.849+0530] {processor.py:179} INFO - Processing /home/shubham/.local/lib/python3.10/site-packages/airflow/example_dags/example_params_trigger_ui.py took 0.116 seconds
[2023-06-18T15:17:00.543+0530] {processor.py:157} INFO - Started process (PID=5912) to work on /home/shubham/.local/lib/python3.10/site-packages/airflow/example_dags/example_params_trigger_ui.py
[2023-06-18T15:17:00.546+0530] {processor.py:826} INFO - Processing file /home/shubham/.local/lib/python3.10/site-packages/airflow/example_dags/example_params_trigger_ui.py for tasks to queue
[2023-06-18T15:17:00.547+0530] {logging_mixin.py:149} INFO - [2023-06-18T15:17:00.546+0530] {dagbag.py:541} INFO - Filling up the DagBag from /home/shubham/.local/lib/python3.10/site-packages/airflow/example_dags/example_params_trigger_ui.py
[2023-06-18T15:17:00.566+0530] {processor.py:836} INFO - DAG(s) dict_keys(['example_params_trigger_ui']) retrieved from /home/shubham/.local/lib/python3.10/site-packages/airflow/example_dags/example_params_trigger_ui.py
[2023-06-18T15:17:00.635+0530] {logging_mixin.py:149} INFO - [2023-06-18T15:17:00.635+0530] {dag.py:2726} INFO - Sync 1 DAGs
[2023-06-18T15:17:00.655+0530] {logging_mixin.py:149} INFO - [2023-06-18T15:17:00.654+0530] {dag.py:3486} INFO - Setting next_dagrun for example_params_trigger_ui to None, run_after=None
[2023-06-18T15:17:00.684+0530] {processor.py:179} INFO - Processing /home/shubham/.local/lib/python3.10/site-packages/airflow/example_dags/example_params_trigger_ui.py took 0.144 seconds
[2023-06-18T15:17:42.143+0530] {processor.py:157} INFO - Started process (PID=5956) to work on /home/shubham/.local/lib/python3.10/site-packages/airflow/example_dags/example_params_trigger_ui.py
[2023-06-18T15:17:42.144+0530] {processor.py:826} INFO - Processing file /home/shubham/.local/lib/python3.10/site-packages/airflow/example_dags/example_params_trigger_ui.py for tasks to queue
[2023-06-18T15:17:42.145+0530] {logging_mixin.py:149} INFO - [2023-06-18T15:17:42.145+0530] {dagbag.py:541} INFO - Filling up the DagBag from /home/shubham/.local/lib/python3.10/site-packages/airflow/example_dags/example_params_trigger_ui.py
[2023-06-18T15:17:42.164+0530] {processor.py:836} INFO - DAG(s) dict_keys(['example_params_trigger_ui']) retrieved from /home/shubham/.local/lib/python3.10/site-packages/airflow/example_dags/example_params_trigger_ui.py
[2023-06-18T15:17:42.226+0530] {logging_mixin.py:149} INFO - [2023-06-18T15:17:42.226+0530] {dag.py:2726} INFO - Sync 1 DAGs
[2023-06-18T15:17:42.245+0530] {logging_mixin.py:149} INFO - [2023-06-18T15:17:42.245+0530] {dag.py:3486} INFO - Setting next_dagrun for example_params_trigger_ui to None, run_after=None
[2023-06-18T15:17:42.271+0530] {processor.py:179} INFO - Processing /home/shubham/.local/lib/python3.10/site-packages/airflow/example_dags/example_params_trigger_ui.py took 0.132 seconds
[2023-06-18T15:18:24.668+0530] {processor.py:157} INFO - Started process (PID=6001) to work on /home/shubham/.local/lib/python3.10/site-packages/airflow/example_dags/example_params_trigger_ui.py
[2023-06-18T15:18:24.670+0530] {processor.py:826} INFO - Processing file /home/shubham/.local/lib/python3.10/site-packages/airflow/example_dags/example_params_trigger_ui.py for tasks to queue
[2023-06-18T15:18:24.671+0530] {logging_mixin.py:149} INFO - [2023-06-18T15:18:24.671+0530] {dagbag.py:541} INFO - Filling up the DagBag from /home/shubham/.local/lib/python3.10/site-packages/airflow/example_dags/example_params_trigger_ui.py
[2023-06-18T15:18:24.692+0530] {processor.py:836} INFO - DAG(s) dict_keys(['example_params_trigger_ui']) retrieved from /home/shubham/.local/lib/python3.10/site-packages/airflow/example_dags/example_params_trigger_ui.py
[2023-06-18T15:18:24.751+0530] {logging_mixin.py:149} INFO - [2023-06-18T15:18:24.751+0530] {dag.py:2726} INFO - Sync 1 DAGs
[2023-06-18T15:18:24.767+0530] {logging_mixin.py:149} INFO - [2023-06-18T15:18:24.767+0530] {dag.py:3486} INFO - Setting next_dagrun for example_params_trigger_ui to None, run_after=None
[2023-06-18T15:18:24.791+0530] {processor.py:179} INFO - Processing /home/shubham/.local/lib/python3.10/site-packages/airflow/example_dags/example_params_trigger_ui.py took 0.126 seconds
[2023-06-18T15:19:10.941+0530] {processor.py:157} INFO - Started process (PID=6049) to work on /home/shubham/.local/lib/python3.10/site-packages/airflow/example_dags/example_params_trigger_ui.py
[2023-06-18T15:19:10.943+0530] {processor.py:826} INFO - Processing file /home/shubham/.local/lib/python3.10/site-packages/airflow/example_dags/example_params_trigger_ui.py for tasks to queue
[2023-06-18T15:19:10.944+0530] {logging_mixin.py:149} INFO - [2023-06-18T15:19:10.943+0530] {dagbag.py:541} INFO - Filling up the DagBag from /home/shubham/.local/lib/python3.10/site-packages/airflow/example_dags/example_params_trigger_ui.py
[2023-06-18T15:19:10.960+0530] {processor.py:836} INFO - DAG(s) dict_keys(['example_params_trigger_ui']) retrieved from /home/shubham/.local/lib/python3.10/site-packages/airflow/example_dags/example_params_trigger_ui.py
[2023-06-18T15:19:11.016+0530] {logging_mixin.py:149} INFO - [2023-06-18T15:19:11.016+0530] {dag.py:2726} INFO - Sync 1 DAGs
[2023-06-18T15:19:11.031+0530] {logging_mixin.py:149} INFO - [2023-06-18T15:19:11.031+0530] {dag.py:3486} INFO - Setting next_dagrun for example_params_trigger_ui to None, run_after=None
[2023-06-18T15:19:11.055+0530] {processor.py:179} INFO - Processing /home/shubham/.local/lib/python3.10/site-packages/airflow/example_dags/example_params_trigger_ui.py took 0.117 seconds
[2023-06-18T15:19:55.129+0530] {processor.py:157} INFO - Started process (PID=6095) to work on /home/shubham/.local/lib/python3.10/site-packages/airflow/example_dags/example_params_trigger_ui.py
[2023-06-18T15:19:55.131+0530] {processor.py:826} INFO - Processing file /home/shubham/.local/lib/python3.10/site-packages/airflow/example_dags/example_params_trigger_ui.py for tasks to queue
[2023-06-18T15:19:55.132+0530] {logging_mixin.py:149} INFO - [2023-06-18T15:19:55.132+0530] {dagbag.py:541} INFO - Filling up the DagBag from /home/shubham/.local/lib/python3.10/site-packages/airflow/example_dags/example_params_trigger_ui.py
[2023-06-18T15:19:55.150+0530] {processor.py:836} INFO - DAG(s) dict_keys(['example_params_trigger_ui']) retrieved from /home/shubham/.local/lib/python3.10/site-packages/airflow/example_dags/example_params_trigger_ui.py
[2023-06-18T15:19:55.211+0530] {logging_mixin.py:149} INFO - [2023-06-18T15:19:55.210+0530] {dag.py:2726} INFO - Sync 1 DAGs
[2023-06-18T15:19:55.229+0530] {logging_mixin.py:149} INFO - [2023-06-18T15:19:55.229+0530] {dag.py:3486} INFO - Setting next_dagrun for example_params_trigger_ui to None, run_after=None
[2023-06-18T15:19:55.256+0530] {processor.py:179} INFO - Processing /home/shubham/.local/lib/python3.10/site-packages/airflow/example_dags/example_params_trigger_ui.py took 0.129 seconds
[2023-06-18T15:20:40.703+0530] {processor.py:157} INFO - Started process (PID=6141) to work on /home/shubham/.local/lib/python3.10/site-packages/airflow/example_dags/example_params_trigger_ui.py
[2023-06-18T15:20:40.710+0530] {processor.py:826} INFO - Processing file /home/shubham/.local/lib/python3.10/site-packages/airflow/example_dags/example_params_trigger_ui.py for tasks to queue
[2023-06-18T15:20:40.721+0530] {logging_mixin.py:149} INFO - [2023-06-18T15:20:40.721+0530] {dagbag.py:541} INFO - Filling up the DagBag from /home/shubham/.local/lib/python3.10/site-packages/airflow/example_dags/example_params_trigger_ui.py
[2023-06-18T15:20:41.005+0530] {processor.py:836} INFO - DAG(s) dict_keys(['example_params_trigger_ui']) retrieved from /home/shubham/.local/lib/python3.10/site-packages/airflow/example_dags/example_params_trigger_ui.py
[2023-06-18T15:20:41.582+0530] {logging_mixin.py:149} INFO - [2023-06-18T15:20:41.582+0530] {dag.py:2726} INFO - Sync 1 DAGs
[2023-06-18T15:20:41.775+0530] {logging_mixin.py:149} INFO - [2023-06-18T15:20:41.761+0530] {dag.py:3486} INFO - Setting next_dagrun for example_params_trigger_ui to None, run_after=None
[2023-06-18T15:20:42.058+0530] {processor.py:179} INFO - Processing /home/shubham/.local/lib/python3.10/site-packages/airflow/example_dags/example_params_trigger_ui.py took 1.383 seconds
[2023-06-18T15:21:21.735+0530] {processor.py:157} INFO - Started process (PID=6179) to work on /home/shubham/.local/lib/python3.10/site-packages/airflow/example_dags/example_params_trigger_ui.py
[2023-06-18T15:21:21.736+0530] {processor.py:826} INFO - Processing file /home/shubham/.local/lib/python3.10/site-packages/airflow/example_dags/example_params_trigger_ui.py for tasks to queue
[2023-06-18T15:21:21.737+0530] {logging_mixin.py:149} INFO - [2023-06-18T15:21:21.737+0530] {dagbag.py:541} INFO - Filling up the DagBag from /home/shubham/.local/lib/python3.10/site-packages/airflow/example_dags/example_params_trigger_ui.py
[2023-06-18T15:21:21.760+0530] {processor.py:836} INFO - DAG(s) dict_keys(['example_params_trigger_ui']) retrieved from /home/shubham/.local/lib/python3.10/site-packages/airflow/example_dags/example_params_trigger_ui.py
[2023-06-18T15:21:21.837+0530] {logging_mixin.py:149} INFO - [2023-06-18T15:21:21.837+0530] {dag.py:2726} INFO - Sync 1 DAGs
[2023-06-18T15:21:21.857+0530] {logging_mixin.py:149} INFO - [2023-06-18T15:21:21.856+0530] {dag.py:3486} INFO - Setting next_dagrun for example_params_trigger_ui to None, run_after=None
[2023-06-18T15:21:21.883+0530] {processor.py:179} INFO - Processing /home/shubham/.local/lib/python3.10/site-packages/airflow/example_dags/example_params_trigger_ui.py took 0.152 seconds
[2023-06-18T15:47:03.805+0530] {processor.py:157} INFO - Started process (PID=6338) to work on /home/shubham/.local/lib/python3.10/site-packages/airflow/example_dags/example_params_trigger_ui.py
[2023-06-18T15:47:03.806+0530] {processor.py:826} INFO - Processing file /home/shubham/.local/lib/python3.10/site-packages/airflow/example_dags/example_params_trigger_ui.py for tasks to queue
[2023-06-18T15:47:03.807+0530] {logging_mixin.py:149} INFO - [2023-06-18T15:47:03.807+0530] {dagbag.py:541} INFO - Filling up the DagBag from /home/shubham/.local/lib/python3.10/site-packages/airflow/example_dags/example_params_trigger_ui.py
[2023-06-18T15:47:03.829+0530] {processor.py:836} INFO - DAG(s) dict_keys(['example_params_trigger_ui']) retrieved from /home/shubham/.local/lib/python3.10/site-packages/airflow/example_dags/example_params_trigger_ui.py
[2023-06-18T15:47:03.894+0530] {logging_mixin.py:149} INFO - [2023-06-18T15:47:03.893+0530] {dag.py:2726} INFO - Sync 1 DAGs
[2023-06-18T15:47:03.911+0530] {logging_mixin.py:149} INFO - [2023-06-18T15:47:03.911+0530] {dag.py:3486} INFO - Setting next_dagrun for example_params_trigger_ui to None, run_after=None
[2023-06-18T15:47:04.161+0530] {processor.py:179} INFO - Processing /home/shubham/.local/lib/python3.10/site-packages/airflow/example_dags/example_params_trigger_ui.py took 0.359 seconds
[2023-06-18T15:47:49.308+0530] {processor.py:157} INFO - Started process (PID=6393) to work on /home/shubham/.local/lib/python3.10/site-packages/airflow/example_dags/example_params_trigger_ui.py
[2023-06-18T15:47:49.310+0530] {processor.py:826} INFO - Processing file /home/shubham/.local/lib/python3.10/site-packages/airflow/example_dags/example_params_trigger_ui.py for tasks to queue
[2023-06-18T15:47:49.311+0530] {logging_mixin.py:149} INFO - [2023-06-18T15:47:49.311+0530] {dagbag.py:541} INFO - Filling up the DagBag from /home/shubham/.local/lib/python3.10/site-packages/airflow/example_dags/example_params_trigger_ui.py
[2023-06-18T15:47:49.330+0530] {processor.py:836} INFO - DAG(s) dict_keys(['example_params_trigger_ui']) retrieved from /home/shubham/.local/lib/python3.10/site-packages/airflow/example_dags/example_params_trigger_ui.py
[2023-06-18T15:47:49.378+0530] {logging_mixin.py:149} INFO - [2023-06-18T15:47:49.378+0530] {dag.py:2726} INFO - Sync 1 DAGs
[2023-06-18T15:47:49.394+0530] {logging_mixin.py:149} INFO - [2023-06-18T15:47:49.394+0530] {dag.py:3486} INFO - Setting next_dagrun for example_params_trigger_ui to None, run_after=None
[2023-06-18T15:47:49.416+0530] {processor.py:179} INFO - Processing /home/shubham/.local/lib/python3.10/site-packages/airflow/example_dags/example_params_trigger_ui.py took 0.112 seconds
[2023-06-18T15:48:35.689+0530] {processor.py:157} INFO - Started process (PID=6447) to work on /home/shubham/.local/lib/python3.10/site-packages/airflow/example_dags/example_params_trigger_ui.py
[2023-06-18T15:48:35.692+0530] {processor.py:826} INFO - Processing file /home/shubham/.local/lib/python3.10/site-packages/airflow/example_dags/example_params_trigger_ui.py for tasks to queue
[2023-06-18T15:48:35.693+0530] {logging_mixin.py:149} INFO - [2023-06-18T15:48:35.693+0530] {dagbag.py:541} INFO - Filling up the DagBag from /home/shubham/.local/lib/python3.10/site-packages/airflow/example_dags/example_params_trigger_ui.py
[2023-06-18T15:48:35.733+0530] {processor.py:836} INFO - DAG(s) dict_keys(['example_params_trigger_ui']) retrieved from /home/shubham/.local/lib/python3.10/site-packages/airflow/example_dags/example_params_trigger_ui.py
[2023-06-18T15:48:35.814+0530] {logging_mixin.py:149} INFO - [2023-06-18T15:48:35.813+0530] {dag.py:2726} INFO - Sync 1 DAGs
[2023-06-18T15:48:35.836+0530] {logging_mixin.py:149} INFO - [2023-06-18T15:48:35.836+0530] {dag.py:3486} INFO - Setting next_dagrun for example_params_trigger_ui to None, run_after=None
[2023-06-18T15:48:35.872+0530] {processor.py:179} INFO - Processing /home/shubham/.local/lib/python3.10/site-packages/airflow/example_dags/example_params_trigger_ui.py took 0.195 seconds
