[2023-06-18T13:45:23.060+0530] {processor.py:157} INFO - Started process (PID=145) to work on /home/shubham/.local/lib/python3.10/site-packages/airflow/example_dags/example_dynamic_task_mapping.py
[2023-06-18T13:45:23.060+0530] {processor.py:826} INFO - Processing file /home/shubham/.local/lib/python3.10/site-packages/airflow/example_dags/example_dynamic_task_mapping.py for tasks to queue
[2023-06-18T13:45:23.061+0530] {logging_mixin.py:149} INFO - [2023-06-18T13:45:23.061+0530] {dagbag.py:541} INFO - Filling up the DagBag from /home/shubham/.local/lib/python3.10/site-packages/airflow/example_dags/example_dynamic_task_mapping.py
[2023-06-18T13:45:23.068+0530] {processor.py:836} INFO - DAG(s) dict_keys(['example_dynamic_task_mapping']) retrieved from /home/shubham/.local/lib/python3.10/site-packages/airflow/example_dags/example_dynamic_task_mapping.py
[2023-06-18T13:45:23.080+0530] {logging_mixin.py:149} INFO - [2023-06-18T13:45:23.080+0530] {dag.py:2726} INFO - Sync 1 DAGs
[2023-06-18T13:45:23.093+0530] {logging_mixin.py:149} INFO - [2023-06-18T13:45:23.093+0530] {dag.py:3486} INFO - Setting next_dagrun for example_dynamic_task_mapping to 2022-03-04T00:00:00+00:00, run_after=2022-03-05T00:00:00+00:00
[2023-06-18T13:45:23.110+0530] {processor.py:179} INFO - Processing /home/shubham/.local/lib/python3.10/site-packages/airflow/example_dags/example_dynamic_task_mapping.py took 0.052 seconds
[2023-06-18T13:46:05.277+0530] {processor.py:157} INFO - Started process (PID=191) to work on /home/shubham/.local/lib/python3.10/site-packages/airflow/example_dags/example_dynamic_task_mapping.py
[2023-06-18T13:46:05.278+0530] {processor.py:826} INFO - Processing file /home/shubham/.local/lib/python3.10/site-packages/airflow/example_dags/example_dynamic_task_mapping.py for tasks to queue
[2023-06-18T13:46:05.279+0530] {logging_mixin.py:149} INFO - [2023-06-18T13:46:05.279+0530] {dagbag.py:541} INFO - Filling up the DagBag from /home/shubham/.local/lib/python3.10/site-packages/airflow/example_dags/example_dynamic_task_mapping.py
[2023-06-18T13:46:05.284+0530] {processor.py:836} INFO - DAG(s) dict_keys(['example_dynamic_task_mapping']) retrieved from /home/shubham/.local/lib/python3.10/site-packages/airflow/example_dags/example_dynamic_task_mapping.py
[2023-06-18T13:46:05.297+0530] {logging_mixin.py:149} INFO - [2023-06-18T13:46:05.297+0530] {dag.py:2726} INFO - Sync 1 DAGs
[2023-06-18T13:46:05.310+0530] {logging_mixin.py:149} INFO - [2023-06-18T13:46:05.310+0530] {dag.py:3486} INFO - Setting next_dagrun for example_dynamic_task_mapping to 2022-03-04T00:00:00+00:00, run_after=2022-03-05T00:00:00+00:00
[2023-06-18T13:46:05.328+0530] {processor.py:179} INFO - Processing /home/shubham/.local/lib/python3.10/site-packages/airflow/example_dags/example_dynamic_task_mapping.py took 0.054 seconds
[2023-06-18T13:46:51.969+0530] {processor.py:157} INFO - Started process (PID=239) to work on /home/shubham/.local/lib/python3.10/site-packages/airflow/example_dags/example_dynamic_task_mapping.py
[2023-06-18T13:46:51.971+0530] {processor.py:826} INFO - Processing file /home/shubham/.local/lib/python3.10/site-packages/airflow/example_dags/example_dynamic_task_mapping.py for tasks to queue
[2023-06-18T13:46:51.971+0530] {logging_mixin.py:149} INFO - [2023-06-18T13:46:51.971+0530] {dagbag.py:541} INFO - Filling up the DagBag from /home/shubham/.local/lib/python3.10/site-packages/airflow/example_dags/example_dynamic_task_mapping.py
[2023-06-18T13:46:51.976+0530] {processor.py:836} INFO - DAG(s) dict_keys(['example_dynamic_task_mapping']) retrieved from /home/shubham/.local/lib/python3.10/site-packages/airflow/example_dags/example_dynamic_task_mapping.py
[2023-06-18T13:46:51.988+0530] {logging_mixin.py:149} INFO - [2023-06-18T13:46:51.988+0530] {dag.py:2726} INFO - Sync 1 DAGs
[2023-06-18T13:46:51.999+0530] {logging_mixin.py:149} INFO - [2023-06-18T13:46:51.999+0530] {dag.py:3486} INFO - Setting next_dagrun for example_dynamic_task_mapping to 2022-03-04T00:00:00+00:00, run_after=2022-03-05T00:00:00+00:00
[2023-06-18T13:46:52.015+0530] {processor.py:179} INFO - Processing /home/shubham/.local/lib/python3.10/site-packages/airflow/example_dags/example_dynamic_task_mapping.py took 0.048 seconds
[2023-06-18T13:47:39.974+0530] {processor.py:157} INFO - Started process (PID=287) to work on /home/shubham/.local/lib/python3.10/site-packages/airflow/example_dags/example_dynamic_task_mapping.py
[2023-06-18T13:47:39.976+0530] {processor.py:826} INFO - Processing file /home/shubham/.local/lib/python3.10/site-packages/airflow/example_dags/example_dynamic_task_mapping.py for tasks to queue
[2023-06-18T13:47:39.977+0530] {logging_mixin.py:149} INFO - [2023-06-18T13:47:39.977+0530] {dagbag.py:541} INFO - Filling up the DagBag from /home/shubham/.local/lib/python3.10/site-packages/airflow/example_dags/example_dynamic_task_mapping.py
[2023-06-18T13:47:39.984+0530] {processor.py:836} INFO - DAG(s) dict_keys(['example_dynamic_task_mapping']) retrieved from /home/shubham/.local/lib/python3.10/site-packages/airflow/example_dags/example_dynamic_task_mapping.py
[2023-06-18T13:47:39.996+0530] {logging_mixin.py:149} INFO - [2023-06-18T13:47:39.996+0530] {dag.py:2726} INFO - Sync 1 DAGs
[2023-06-18T13:47:40.010+0530] {logging_mixin.py:149} INFO - [2023-06-18T13:47:40.010+0530] {dag.py:3486} INFO - Setting next_dagrun for example_dynamic_task_mapping to 2022-03-04T00:00:00+00:00, run_after=2022-03-05T00:00:00+00:00
[2023-06-18T13:47:40.030+0530] {processor.py:179} INFO - Processing /home/shubham/.local/lib/python3.10/site-packages/airflow/example_dags/example_dynamic_task_mapping.py took 0.059 seconds
[2023-06-18T13:52:26.215+0530] {processor.py:157} INFO - Started process (PID=474) to work on /home/shubham/.local/lib/python3.10/site-packages/airflow/example_dags/example_dynamic_task_mapping.py
[2023-06-18T13:52:26.217+0530] {processor.py:826} INFO - Processing file /home/shubham/.local/lib/python3.10/site-packages/airflow/example_dags/example_dynamic_task_mapping.py for tasks to queue
[2023-06-18T13:52:26.217+0530] {logging_mixin.py:149} INFO - [2023-06-18T13:52:26.217+0530] {dagbag.py:541} INFO - Filling up the DagBag from /home/shubham/.local/lib/python3.10/site-packages/airflow/example_dags/example_dynamic_task_mapping.py
[2023-06-18T13:52:26.224+0530] {processor.py:836} INFO - DAG(s) dict_keys(['example_dynamic_task_mapping']) retrieved from /home/shubham/.local/lib/python3.10/site-packages/airflow/example_dags/example_dynamic_task_mapping.py
[2023-06-18T13:52:26.237+0530] {logging_mixin.py:149} INFO - [2023-06-18T13:52:26.237+0530] {dag.py:2726} INFO - Sync 1 DAGs
[2023-06-18T13:52:26.251+0530] {logging_mixin.py:149} INFO - [2023-06-18T13:52:26.251+0530] {dag.py:3486} INFO - Setting next_dagrun for example_dynamic_task_mapping to 2022-03-04T00:00:00+00:00, run_after=2022-03-05T00:00:00+00:00
[2023-06-18T13:52:26.266+0530] {processor.py:179} INFO - Processing /home/shubham/.local/lib/python3.10/site-packages/airflow/example_dags/example_dynamic_task_mapping.py took 0.053 seconds
[2023-06-18T13:53:09.825+0530] {processor.py:157} INFO - Started process (PID=520) to work on /home/shubham/.local/lib/python3.10/site-packages/airflow/example_dags/example_dynamic_task_mapping.py
[2023-06-18T13:53:09.826+0530] {processor.py:826} INFO - Processing file /home/shubham/.local/lib/python3.10/site-packages/airflow/example_dags/example_dynamic_task_mapping.py for tasks to queue
[2023-06-18T13:53:09.826+0530] {logging_mixin.py:149} INFO - [2023-06-18T13:53:09.826+0530] {dagbag.py:541} INFO - Filling up the DagBag from /home/shubham/.local/lib/python3.10/site-packages/airflow/example_dags/example_dynamic_task_mapping.py
[2023-06-18T13:53:09.831+0530] {processor.py:836} INFO - DAG(s) dict_keys(['example_dynamic_task_mapping']) retrieved from /home/shubham/.local/lib/python3.10/site-packages/airflow/example_dags/example_dynamic_task_mapping.py
[2023-06-18T13:53:09.842+0530] {logging_mixin.py:149} INFO - [2023-06-18T13:53:09.842+0530] {dag.py:2726} INFO - Sync 1 DAGs
[2023-06-18T13:53:09.853+0530] {logging_mixin.py:149} INFO - [2023-06-18T13:53:09.853+0530] {dag.py:3486} INFO - Setting next_dagrun for example_dynamic_task_mapping to 2022-03-04T00:00:00+00:00, run_after=2022-03-05T00:00:00+00:00
[2023-06-18T13:53:09.869+0530] {processor.py:179} INFO - Processing /home/shubham/.local/lib/python3.10/site-packages/airflow/example_dags/example_dynamic_task_mapping.py took 0.047 seconds
[2023-06-18T14:40:00.142+0530] {processor.py:157} INFO - Started process (PID=3232) to work on /home/shubham/.local/lib/python3.10/site-packages/airflow/example_dags/example_dynamic_task_mapping.py
[2023-06-18T14:40:00.143+0530] {processor.py:826} INFO - Processing file /home/shubham/.local/lib/python3.10/site-packages/airflow/example_dags/example_dynamic_task_mapping.py for tasks to queue
[2023-06-18T14:40:00.144+0530] {logging_mixin.py:149} INFO - [2023-06-18T14:40:00.144+0530] {dagbag.py:541} INFO - Filling up the DagBag from /home/shubham/.local/lib/python3.10/site-packages/airflow/example_dags/example_dynamic_task_mapping.py
[2023-06-18T14:40:00.150+0530] {processor.py:836} INFO - DAG(s) dict_keys(['example_dynamic_task_mapping']) retrieved from /home/shubham/.local/lib/python3.10/site-packages/airflow/example_dags/example_dynamic_task_mapping.py
[2023-06-18T14:40:00.163+0530] {logging_mixin.py:149} INFO - [2023-06-18T14:40:00.163+0530] {dag.py:2726} INFO - Sync 1 DAGs
[2023-06-18T14:40:00.176+0530] {logging_mixin.py:149} INFO - [2023-06-18T14:40:00.176+0530] {dag.py:3486} INFO - Setting next_dagrun for example_dynamic_task_mapping to 2022-03-04T00:00:00+00:00, run_after=2022-03-05T00:00:00+00:00
[2023-06-18T14:40:00.191+0530] {processor.py:179} INFO - Processing /home/shubham/.local/lib/python3.10/site-packages/airflow/example_dags/example_dynamic_task_mapping.py took 0.051 seconds
[2023-06-18T14:40:47.716+0530] {processor.py:157} INFO - Started process (PID=3294) to work on /home/shubham/.local/lib/python3.10/site-packages/airflow/example_dags/example_dynamic_task_mapping.py
[2023-06-18T14:40:47.717+0530] {processor.py:826} INFO - Processing file /home/shubham/.local/lib/python3.10/site-packages/airflow/example_dags/example_dynamic_task_mapping.py for tasks to queue
[2023-06-18T14:40:47.717+0530] {logging_mixin.py:149} INFO - [2023-06-18T14:40:47.717+0530] {dagbag.py:541} INFO - Filling up the DagBag from /home/shubham/.local/lib/python3.10/site-packages/airflow/example_dags/example_dynamic_task_mapping.py
[2023-06-18T14:40:47.724+0530] {processor.py:836} INFO - DAG(s) dict_keys(['example_dynamic_task_mapping']) retrieved from /home/shubham/.local/lib/python3.10/site-packages/airflow/example_dags/example_dynamic_task_mapping.py
[2023-06-18T14:40:47.740+0530] {logging_mixin.py:149} INFO - [2023-06-18T14:40:47.739+0530] {dag.py:2726} INFO - Sync 1 DAGs
[2023-06-18T14:40:47.755+0530] {logging_mixin.py:149} INFO - [2023-06-18T14:40:47.755+0530] {dag.py:3486} INFO - Setting next_dagrun for example_dynamic_task_mapping to 2022-03-04T00:00:00+00:00, run_after=2022-03-05T00:00:00+00:00
[2023-06-18T14:40:47.772+0530] {processor.py:179} INFO - Processing /home/shubham/.local/lib/python3.10/site-packages/airflow/example_dags/example_dynamic_task_mapping.py took 0.059 seconds
[2023-06-18T14:41:30.831+0530] {processor.py:157} INFO - Started process (PID=3614) to work on /home/shubham/.local/lib/python3.10/site-packages/airflow/example_dags/example_dynamic_task_mapping.py
[2023-06-18T14:41:30.832+0530] {processor.py:826} INFO - Processing file /home/shubham/.local/lib/python3.10/site-packages/airflow/example_dags/example_dynamic_task_mapping.py for tasks to queue
[2023-06-18T14:41:30.833+0530] {logging_mixin.py:149} INFO - [2023-06-18T14:41:30.833+0530] {dagbag.py:541} INFO - Filling up the DagBag from /home/shubham/.local/lib/python3.10/site-packages/airflow/example_dags/example_dynamic_task_mapping.py
[2023-06-18T14:41:30.838+0530] {processor.py:836} INFO - DAG(s) dict_keys(['example_dynamic_task_mapping']) retrieved from /home/shubham/.local/lib/python3.10/site-packages/airflow/example_dags/example_dynamic_task_mapping.py
[2023-06-18T14:41:30.852+0530] {logging_mixin.py:149} INFO - [2023-06-18T14:41:30.852+0530] {dag.py:2726} INFO - Sync 1 DAGs
[2023-06-18T14:41:30.865+0530] {logging_mixin.py:149} INFO - [2023-06-18T14:41:30.865+0530] {dag.py:3486} INFO - Setting next_dagrun for example_dynamic_task_mapping to 2022-03-04T00:00:00+00:00, run_after=2022-03-05T00:00:00+00:00
[2023-06-18T14:41:30.882+0530] {processor.py:179} INFO - Processing /home/shubham/.local/lib/python3.10/site-packages/airflow/example_dags/example_dynamic_task_mapping.py took 0.053 seconds
[2023-06-18T14:42:16.619+0530] {processor.py:157} INFO - Started process (PID=3697) to work on /home/shubham/.local/lib/python3.10/site-packages/airflow/example_dags/example_dynamic_task_mapping.py
[2023-06-18T14:42:16.620+0530] {processor.py:826} INFO - Processing file /home/shubham/.local/lib/python3.10/site-packages/airflow/example_dags/example_dynamic_task_mapping.py for tasks to queue
[2023-06-18T14:42:16.621+0530] {logging_mixin.py:149} INFO - [2023-06-18T14:42:16.621+0530] {dagbag.py:541} INFO - Filling up the DagBag from /home/shubham/.local/lib/python3.10/site-packages/airflow/example_dags/example_dynamic_task_mapping.py
[2023-06-18T14:42:16.626+0530] {processor.py:836} INFO - DAG(s) dict_keys(['example_dynamic_task_mapping']) retrieved from /home/shubham/.local/lib/python3.10/site-packages/airflow/example_dags/example_dynamic_task_mapping.py
[2023-06-18T14:42:16.638+0530] {logging_mixin.py:149} INFO - [2023-06-18T14:42:16.638+0530] {dag.py:2726} INFO - Sync 1 DAGs
[2023-06-18T14:42:16.650+0530] {logging_mixin.py:149} INFO - [2023-06-18T14:42:16.650+0530] {dag.py:3486} INFO - Setting next_dagrun for example_dynamic_task_mapping to 2022-03-04T00:00:00+00:00, run_after=2022-03-05T00:00:00+00:00
[2023-06-18T14:42:16.667+0530] {processor.py:179} INFO - Processing /home/shubham/.local/lib/python3.10/site-packages/airflow/example_dags/example_dynamic_task_mapping.py took 0.050 seconds
[2023-06-18T14:43:03.261+0530] {processor.py:157} INFO - Started process (PID=3790) to work on /home/shubham/.local/lib/python3.10/site-packages/airflow/example_dags/example_dynamic_task_mapping.py
[2023-06-18T14:43:03.263+0530] {processor.py:826} INFO - Processing file /home/shubham/.local/lib/python3.10/site-packages/airflow/example_dags/example_dynamic_task_mapping.py for tasks to queue
[2023-06-18T14:43:03.263+0530] {logging_mixin.py:149} INFO - [2023-06-18T14:43:03.263+0530] {dagbag.py:541} INFO - Filling up the DagBag from /home/shubham/.local/lib/python3.10/site-packages/airflow/example_dags/example_dynamic_task_mapping.py
[2023-06-18T14:43:03.269+0530] {processor.py:836} INFO - DAG(s) dict_keys(['example_dynamic_task_mapping']) retrieved from /home/shubham/.local/lib/python3.10/site-packages/airflow/example_dags/example_dynamic_task_mapping.py
[2023-06-18T14:43:03.282+0530] {logging_mixin.py:149} INFO - [2023-06-18T14:43:03.281+0530] {dag.py:2726} INFO - Sync 1 DAGs
[2023-06-18T14:43:03.294+0530] {logging_mixin.py:149} INFO - [2023-06-18T14:43:03.294+0530] {dag.py:3486} INFO - Setting next_dagrun for example_dynamic_task_mapping to 2022-03-04T00:00:00+00:00, run_after=2022-03-05T00:00:00+00:00
[2023-06-18T14:43:03.310+0530] {processor.py:179} INFO - Processing /home/shubham/.local/lib/python3.10/site-packages/airflow/example_dags/example_dynamic_task_mapping.py took 0.051 seconds
[2023-06-18T14:43:52.937+0530] {processor.py:157} INFO - Started process (PID=3839) to work on /home/shubham/.local/lib/python3.10/site-packages/airflow/example_dags/example_dynamic_task_mapping.py
[2023-06-18T14:43:52.939+0530] {processor.py:826} INFO - Processing file /home/shubham/.local/lib/python3.10/site-packages/airflow/example_dags/example_dynamic_task_mapping.py for tasks to queue
[2023-06-18T14:43:52.939+0530] {logging_mixin.py:149} INFO - [2023-06-18T14:43:52.939+0530] {dagbag.py:541} INFO - Filling up the DagBag from /home/shubham/.local/lib/python3.10/site-packages/airflow/example_dags/example_dynamic_task_mapping.py
[2023-06-18T14:43:52.947+0530] {processor.py:836} INFO - DAG(s) dict_keys(['example_dynamic_task_mapping']) retrieved from /home/shubham/.local/lib/python3.10/site-packages/airflow/example_dags/example_dynamic_task_mapping.py
[2023-06-18T14:43:52.960+0530] {logging_mixin.py:149} INFO - [2023-06-18T14:43:52.960+0530] {dag.py:2726} INFO - Sync 1 DAGs
[2023-06-18T14:43:52.972+0530] {logging_mixin.py:149} INFO - [2023-06-18T14:43:52.972+0530] {dag.py:3486} INFO - Setting next_dagrun for example_dynamic_task_mapping to 2022-03-04T00:00:00+00:00, run_after=2022-03-05T00:00:00+00:00
[2023-06-18T14:43:52.990+0530] {processor.py:179} INFO - Processing /home/shubham/.local/lib/python3.10/site-packages/airflow/example_dags/example_dynamic_task_mapping.py took 0.055 seconds
[2023-06-18T14:44:37.386+0530] {processor.py:157} INFO - Started process (PID=3886) to work on /home/shubham/.local/lib/python3.10/site-packages/airflow/example_dags/example_dynamic_task_mapping.py
[2023-06-18T14:44:37.387+0530] {processor.py:826} INFO - Processing file /home/shubham/.local/lib/python3.10/site-packages/airflow/example_dags/example_dynamic_task_mapping.py for tasks to queue
[2023-06-18T14:44:37.387+0530] {logging_mixin.py:149} INFO - [2023-06-18T14:44:37.387+0530] {dagbag.py:541} INFO - Filling up the DagBag from /home/shubham/.local/lib/python3.10/site-packages/airflow/example_dags/example_dynamic_task_mapping.py
[2023-06-18T14:44:37.393+0530] {processor.py:836} INFO - DAG(s) dict_keys(['example_dynamic_task_mapping']) retrieved from /home/shubham/.local/lib/python3.10/site-packages/airflow/example_dags/example_dynamic_task_mapping.py
[2023-06-18T14:44:37.406+0530] {logging_mixin.py:149} INFO - [2023-06-18T14:44:37.406+0530] {dag.py:2726} INFO - Sync 1 DAGs
[2023-06-18T14:44:37.419+0530] {logging_mixin.py:149} INFO - [2023-06-18T14:44:37.419+0530] {dag.py:3486} INFO - Setting next_dagrun for example_dynamic_task_mapping to 2022-03-04T00:00:00+00:00, run_after=2022-03-05T00:00:00+00:00
[2023-06-18T14:44:37.435+0530] {processor.py:179} INFO - Processing /home/shubham/.local/lib/python3.10/site-packages/airflow/example_dags/example_dynamic_task_mapping.py took 0.051 seconds
[2023-06-18T14:45:21.256+0530] {processor.py:157} INFO - Started process (PID=3932) to work on /home/shubham/.local/lib/python3.10/site-packages/airflow/example_dags/example_dynamic_task_mapping.py
[2023-06-18T14:45:21.258+0530] {processor.py:826} INFO - Processing file /home/shubham/.local/lib/python3.10/site-packages/airflow/example_dags/example_dynamic_task_mapping.py for tasks to queue
[2023-06-18T14:45:21.258+0530] {logging_mixin.py:149} INFO - [2023-06-18T14:45:21.258+0530] {dagbag.py:541} INFO - Filling up the DagBag from /home/shubham/.local/lib/python3.10/site-packages/airflow/example_dags/example_dynamic_task_mapping.py
[2023-06-18T14:45:21.264+0530] {processor.py:836} INFO - DAG(s) dict_keys(['example_dynamic_task_mapping']) retrieved from /home/shubham/.local/lib/python3.10/site-packages/airflow/example_dags/example_dynamic_task_mapping.py
[2023-06-18T14:45:21.276+0530] {logging_mixin.py:149} INFO - [2023-06-18T14:45:21.276+0530] {dag.py:2726} INFO - Sync 1 DAGs
[2023-06-18T14:45:21.288+0530] {logging_mixin.py:149} INFO - [2023-06-18T14:45:21.288+0530] {dag.py:3486} INFO - Setting next_dagrun for example_dynamic_task_mapping to 2022-03-04T00:00:00+00:00, run_after=2022-03-05T00:00:00+00:00
[2023-06-18T14:45:21.304+0530] {processor.py:179} INFO - Processing /home/shubham/.local/lib/python3.10/site-packages/airflow/example_dags/example_dynamic_task_mapping.py took 0.050 seconds
[2023-06-18T14:46:06.645+0530] {processor.py:157} INFO - Started process (PID=3978) to work on /home/shubham/.local/lib/python3.10/site-packages/airflow/example_dags/example_dynamic_task_mapping.py
[2023-06-18T14:46:06.647+0530] {processor.py:826} INFO - Processing file /home/shubham/.local/lib/python3.10/site-packages/airflow/example_dags/example_dynamic_task_mapping.py for tasks to queue
[2023-06-18T14:46:06.648+0530] {logging_mixin.py:149} INFO - [2023-06-18T14:46:06.648+0530] {dagbag.py:541} INFO - Filling up the DagBag from /home/shubham/.local/lib/python3.10/site-packages/airflow/example_dags/example_dynamic_task_mapping.py
[2023-06-18T14:46:06.656+0530] {processor.py:836} INFO - DAG(s) dict_keys(['example_dynamic_task_mapping']) retrieved from /home/shubham/.local/lib/python3.10/site-packages/airflow/example_dags/example_dynamic_task_mapping.py
[2023-06-18T14:46:06.668+0530] {logging_mixin.py:149} INFO - [2023-06-18T14:46:06.668+0530] {dag.py:2726} INFO - Sync 1 DAGs
[2023-06-18T14:46:06.681+0530] {logging_mixin.py:149} INFO - [2023-06-18T14:46:06.681+0530] {dag.py:3486} INFO - Setting next_dagrun for example_dynamic_task_mapping to 2022-03-04T00:00:00+00:00, run_after=2022-03-05T00:00:00+00:00
[2023-06-18T14:46:06.698+0530] {processor.py:179} INFO - Processing /home/shubham/.local/lib/python3.10/site-packages/airflow/example_dags/example_dynamic_task_mapping.py took 0.055 seconds
[2023-06-18T14:46:53.156+0530] {processor.py:157} INFO - Started process (PID=4026) to work on /home/shubham/.local/lib/python3.10/site-packages/airflow/example_dags/example_dynamic_task_mapping.py
[2023-06-18T14:46:53.158+0530] {processor.py:826} INFO - Processing file /home/shubham/.local/lib/python3.10/site-packages/airflow/example_dags/example_dynamic_task_mapping.py for tasks to queue
[2023-06-18T14:46:53.158+0530] {logging_mixin.py:149} INFO - [2023-06-18T14:46:53.158+0530] {dagbag.py:541} INFO - Filling up the DagBag from /home/shubham/.local/lib/python3.10/site-packages/airflow/example_dags/example_dynamic_task_mapping.py
[2023-06-18T14:46:53.164+0530] {processor.py:836} INFO - DAG(s) dict_keys(['example_dynamic_task_mapping']) retrieved from /home/shubham/.local/lib/python3.10/site-packages/airflow/example_dags/example_dynamic_task_mapping.py
[2023-06-18T14:46:53.176+0530] {logging_mixin.py:149} INFO - [2023-06-18T14:46:53.176+0530] {dag.py:2726} INFO - Sync 1 DAGs
[2023-06-18T14:46:53.190+0530] {logging_mixin.py:149} INFO - [2023-06-18T14:46:53.190+0530] {dag.py:3486} INFO - Setting next_dagrun for example_dynamic_task_mapping to 2022-03-04T00:00:00+00:00, run_after=2022-03-05T00:00:00+00:00
[2023-06-18T14:46:53.205+0530] {processor.py:179} INFO - Processing /home/shubham/.local/lib/python3.10/site-packages/airflow/example_dags/example_dynamic_task_mapping.py took 0.051 seconds
[2023-06-18T14:47:37.512+0530] {processor.py:157} INFO - Started process (PID=4074) to work on /home/shubham/.local/lib/python3.10/site-packages/airflow/example_dags/example_dynamic_task_mapping.py
[2023-06-18T14:47:37.513+0530] {processor.py:826} INFO - Processing file /home/shubham/.local/lib/python3.10/site-packages/airflow/example_dags/example_dynamic_task_mapping.py for tasks to queue
[2023-06-18T14:47:37.514+0530] {logging_mixin.py:149} INFO - [2023-06-18T14:47:37.513+0530] {dagbag.py:541} INFO - Filling up the DagBag from /home/shubham/.local/lib/python3.10/site-packages/airflow/example_dags/example_dynamic_task_mapping.py
[2023-06-18T14:47:37.519+0530] {processor.py:836} INFO - DAG(s) dict_keys(['example_dynamic_task_mapping']) retrieved from /home/shubham/.local/lib/python3.10/site-packages/airflow/example_dags/example_dynamic_task_mapping.py
[2023-06-18T14:47:37.531+0530] {logging_mixin.py:149} INFO - [2023-06-18T14:47:37.531+0530] {dag.py:2726} INFO - Sync 1 DAGs
[2023-06-18T14:47:37.543+0530] {logging_mixin.py:149} INFO - [2023-06-18T14:47:37.543+0530] {dag.py:3486} INFO - Setting next_dagrun for example_dynamic_task_mapping to 2022-03-04T00:00:00+00:00, run_after=2022-03-05T00:00:00+00:00
[2023-06-18T14:47:37.560+0530] {processor.py:179} INFO - Processing /home/shubham/.local/lib/python3.10/site-packages/airflow/example_dags/example_dynamic_task_mapping.py took 0.050 seconds
[2023-06-18T14:48:21.043+0530] {processor.py:157} INFO - Started process (PID=4118) to work on /home/shubham/.local/lib/python3.10/site-packages/airflow/example_dags/example_dynamic_task_mapping.py
[2023-06-18T14:48:21.044+0530] {processor.py:826} INFO - Processing file /home/shubham/.local/lib/python3.10/site-packages/airflow/example_dags/example_dynamic_task_mapping.py for tasks to queue
[2023-06-18T14:48:21.044+0530] {logging_mixin.py:149} INFO - [2023-06-18T14:48:21.044+0530] {dagbag.py:541} INFO - Filling up the DagBag from /home/shubham/.local/lib/python3.10/site-packages/airflow/example_dags/example_dynamic_task_mapping.py
[2023-06-18T14:48:21.050+0530] {processor.py:836} INFO - DAG(s) dict_keys(['example_dynamic_task_mapping']) retrieved from /home/shubham/.local/lib/python3.10/site-packages/airflow/example_dags/example_dynamic_task_mapping.py
[2023-06-18T14:48:21.062+0530] {logging_mixin.py:149} INFO - [2023-06-18T14:48:21.062+0530] {dag.py:2726} INFO - Sync 1 DAGs
[2023-06-18T14:48:21.074+0530] {logging_mixin.py:149} INFO - [2023-06-18T14:48:21.074+0530] {dag.py:3486} INFO - Setting next_dagrun for example_dynamic_task_mapping to 2022-03-04T00:00:00+00:00, run_after=2022-03-05T00:00:00+00:00
[2023-06-18T14:48:21.090+0530] {processor.py:179} INFO - Processing /home/shubham/.local/lib/python3.10/site-packages/airflow/example_dags/example_dynamic_task_mapping.py took 0.049 seconds
[2023-06-18T14:49:04.499+0530] {processor.py:157} INFO - Started process (PID=4164) to work on /home/shubham/.local/lib/python3.10/site-packages/airflow/example_dags/example_dynamic_task_mapping.py
[2023-06-18T14:49:04.500+0530] {processor.py:826} INFO - Processing file /home/shubham/.local/lib/python3.10/site-packages/airflow/example_dags/example_dynamic_task_mapping.py for tasks to queue
[2023-06-18T14:49:04.501+0530] {logging_mixin.py:149} INFO - [2023-06-18T14:49:04.501+0530] {dagbag.py:541} INFO - Filling up the DagBag from /home/shubham/.local/lib/python3.10/site-packages/airflow/example_dags/example_dynamic_task_mapping.py
[2023-06-18T14:49:04.506+0530] {processor.py:836} INFO - DAG(s) dict_keys(['example_dynamic_task_mapping']) retrieved from /home/shubham/.local/lib/python3.10/site-packages/airflow/example_dags/example_dynamic_task_mapping.py
[2023-06-18T14:49:04.518+0530] {logging_mixin.py:149} INFO - [2023-06-18T14:49:04.518+0530] {dag.py:2726} INFO - Sync 1 DAGs
[2023-06-18T14:49:04.532+0530] {logging_mixin.py:149} INFO - [2023-06-18T14:49:04.532+0530] {dag.py:3486} INFO - Setting next_dagrun for example_dynamic_task_mapping to 2022-03-04T00:00:00+00:00, run_after=2022-03-05T00:00:00+00:00
[2023-06-18T14:49:04.549+0530] {processor.py:179} INFO - Processing /home/shubham/.local/lib/python3.10/site-packages/airflow/example_dags/example_dynamic_task_mapping.py took 0.052 seconds
[2023-06-18T14:49:47.282+0530] {processor.py:157} INFO - Started process (PID=4209) to work on /home/shubham/.local/lib/python3.10/site-packages/airflow/example_dags/example_dynamic_task_mapping.py
[2023-06-18T14:49:47.283+0530] {processor.py:826} INFO - Processing file /home/shubham/.local/lib/python3.10/site-packages/airflow/example_dags/example_dynamic_task_mapping.py for tasks to queue
[2023-06-18T14:49:47.283+0530] {logging_mixin.py:149} INFO - [2023-06-18T14:49:47.283+0530] {dagbag.py:541} INFO - Filling up the DagBag from /home/shubham/.local/lib/python3.10/site-packages/airflow/example_dags/example_dynamic_task_mapping.py
[2023-06-18T14:49:47.289+0530] {processor.py:836} INFO - DAG(s) dict_keys(['example_dynamic_task_mapping']) retrieved from /home/shubham/.local/lib/python3.10/site-packages/airflow/example_dags/example_dynamic_task_mapping.py
[2023-06-18T14:49:47.302+0530] {logging_mixin.py:149} INFO - [2023-06-18T14:49:47.301+0530] {dag.py:2726} INFO - Sync 1 DAGs
[2023-06-18T14:49:47.314+0530] {logging_mixin.py:149} INFO - [2023-06-18T14:49:47.313+0530] {dag.py:3486} INFO - Setting next_dagrun for example_dynamic_task_mapping to 2022-03-04T00:00:00+00:00, run_after=2022-03-05T00:00:00+00:00
[2023-06-18T14:49:47.329+0530] {processor.py:179} INFO - Processing /home/shubham/.local/lib/python3.10/site-packages/airflow/example_dags/example_dynamic_task_mapping.py took 0.050 seconds
[2023-06-18T14:50:30.088+0530] {processor.py:157} INFO - Started process (PID=4254) to work on /home/shubham/.local/lib/python3.10/site-packages/airflow/example_dags/example_dynamic_task_mapping.py
[2023-06-18T14:50:30.089+0530] {processor.py:826} INFO - Processing file /home/shubham/.local/lib/python3.10/site-packages/airflow/example_dags/example_dynamic_task_mapping.py for tasks to queue
[2023-06-18T14:50:30.089+0530] {logging_mixin.py:149} INFO - [2023-06-18T14:50:30.089+0530] {dagbag.py:541} INFO - Filling up the DagBag from /home/shubham/.local/lib/python3.10/site-packages/airflow/example_dags/example_dynamic_task_mapping.py
[2023-06-18T14:50:30.095+0530] {processor.py:836} INFO - DAG(s) dict_keys(['example_dynamic_task_mapping']) retrieved from /home/shubham/.local/lib/python3.10/site-packages/airflow/example_dags/example_dynamic_task_mapping.py
[2023-06-18T14:50:30.107+0530] {logging_mixin.py:149} INFO - [2023-06-18T14:50:30.106+0530] {dag.py:2726} INFO - Sync 1 DAGs
[2023-06-18T14:50:30.119+0530] {logging_mixin.py:149} INFO - [2023-06-18T14:50:30.119+0530] {dag.py:3486} INFO - Setting next_dagrun for example_dynamic_task_mapping to 2022-03-04T00:00:00+00:00, run_after=2022-03-05T00:00:00+00:00
[2023-06-18T14:50:30.135+0530] {processor.py:179} INFO - Processing /home/shubham/.local/lib/python3.10/site-packages/airflow/example_dags/example_dynamic_task_mapping.py took 0.049 seconds
[2023-06-18T14:51:13.904+0530] {processor.py:157} INFO - Started process (PID=4300) to work on /home/shubham/.local/lib/python3.10/site-packages/airflow/example_dags/example_dynamic_task_mapping.py
[2023-06-18T14:51:13.906+0530] {processor.py:826} INFO - Processing file /home/shubham/.local/lib/python3.10/site-packages/airflow/example_dags/example_dynamic_task_mapping.py for tasks to queue
[2023-06-18T14:51:13.907+0530] {logging_mixin.py:149} INFO - [2023-06-18T14:51:13.907+0530] {dagbag.py:541} INFO - Filling up the DagBag from /home/shubham/.local/lib/python3.10/site-packages/airflow/example_dags/example_dynamic_task_mapping.py
[2023-06-18T14:51:13.912+0530] {processor.py:836} INFO - DAG(s) dict_keys(['example_dynamic_task_mapping']) retrieved from /home/shubham/.local/lib/python3.10/site-packages/airflow/example_dags/example_dynamic_task_mapping.py
[2023-06-18T14:51:13.924+0530] {logging_mixin.py:149} INFO - [2023-06-18T14:51:13.924+0530] {dag.py:2726} INFO - Sync 1 DAGs
[2023-06-18T14:51:13.936+0530] {logging_mixin.py:149} INFO - [2023-06-18T14:51:13.936+0530] {dag.py:3486} INFO - Setting next_dagrun for example_dynamic_task_mapping to 2022-03-04T00:00:00+00:00, run_after=2022-03-05T00:00:00+00:00
[2023-06-18T14:51:13.953+0530] {processor.py:179} INFO - Processing /home/shubham/.local/lib/python3.10/site-packages/airflow/example_dags/example_dynamic_task_mapping.py took 0.051 seconds
[2023-06-18T14:52:09.897+0530] {processor.py:157} INFO - Started process (PID=4359) to work on /home/shubham/.local/lib/python3.10/site-packages/airflow/example_dags/example_dynamic_task_mapping.py
[2023-06-18T14:52:09.898+0530] {processor.py:826} INFO - Processing file /home/shubham/.local/lib/python3.10/site-packages/airflow/example_dags/example_dynamic_task_mapping.py for tasks to queue
[2023-06-18T14:52:09.899+0530] {logging_mixin.py:149} INFO - [2023-06-18T14:52:09.899+0530] {dagbag.py:541} INFO - Filling up the DagBag from /home/shubham/.local/lib/python3.10/site-packages/airflow/example_dags/example_dynamic_task_mapping.py
[2023-06-18T14:52:09.904+0530] {processor.py:836} INFO - DAG(s) dict_keys(['example_dynamic_task_mapping']) retrieved from /home/shubham/.local/lib/python3.10/site-packages/airflow/example_dags/example_dynamic_task_mapping.py
[2023-06-18T14:52:09.916+0530] {logging_mixin.py:149} INFO - [2023-06-18T14:52:09.916+0530] {dag.py:2726} INFO - Sync 1 DAGs
[2023-06-18T14:52:09.928+0530] {logging_mixin.py:149} INFO - [2023-06-18T14:52:09.928+0530] {dag.py:3486} INFO - Setting next_dagrun for example_dynamic_task_mapping to 2022-03-04T00:00:00+00:00, run_after=2022-03-05T00:00:00+00:00
[2023-06-18T14:52:09.944+0530] {processor.py:179} INFO - Processing /home/shubham/.local/lib/python3.10/site-packages/airflow/example_dags/example_dynamic_task_mapping.py took 0.050 seconds
[2023-06-18T14:52:53.735+0530] {processor.py:157} INFO - Started process (PID=4404) to work on /home/shubham/.local/lib/python3.10/site-packages/airflow/example_dags/example_dynamic_task_mapping.py
[2023-06-18T14:52:53.736+0530] {processor.py:826} INFO - Processing file /home/shubham/.local/lib/python3.10/site-packages/airflow/example_dags/example_dynamic_task_mapping.py for tasks to queue
[2023-06-18T14:52:53.737+0530] {logging_mixin.py:149} INFO - [2023-06-18T14:52:53.737+0530] {dagbag.py:541} INFO - Filling up the DagBag from /home/shubham/.local/lib/python3.10/site-packages/airflow/example_dags/example_dynamic_task_mapping.py
[2023-06-18T14:52:53.742+0530] {processor.py:836} INFO - DAG(s) dict_keys(['example_dynamic_task_mapping']) retrieved from /home/shubham/.local/lib/python3.10/site-packages/airflow/example_dags/example_dynamic_task_mapping.py
[2023-06-18T14:52:53.755+0530] {logging_mixin.py:149} INFO - [2023-06-18T14:52:53.754+0530] {dag.py:2726} INFO - Sync 1 DAGs
[2023-06-18T14:52:53.767+0530] {logging_mixin.py:149} INFO - [2023-06-18T14:52:53.766+0530] {dag.py:3486} INFO - Setting next_dagrun for example_dynamic_task_mapping to 2022-03-04T00:00:00+00:00, run_after=2022-03-05T00:00:00+00:00
[2023-06-18T14:52:53.783+0530] {processor.py:179} INFO - Processing /home/shubham/.local/lib/python3.10/site-packages/airflow/example_dags/example_dynamic_task_mapping.py took 0.050 seconds
[2023-06-18T14:53:38.885+0530] {processor.py:157} INFO - Started process (PID=4451) to work on /home/shubham/.local/lib/python3.10/site-packages/airflow/example_dags/example_dynamic_task_mapping.py
[2023-06-18T14:53:38.887+0530] {processor.py:826} INFO - Processing file /home/shubham/.local/lib/python3.10/site-packages/airflow/example_dags/example_dynamic_task_mapping.py for tasks to queue
[2023-06-18T14:53:38.888+0530] {logging_mixin.py:149} INFO - [2023-06-18T14:53:38.888+0530] {dagbag.py:541} INFO - Filling up the DagBag from /home/shubham/.local/lib/python3.10/site-packages/airflow/example_dags/example_dynamic_task_mapping.py
[2023-06-18T14:53:38.893+0530] {processor.py:836} INFO - DAG(s) dict_keys(['example_dynamic_task_mapping']) retrieved from /home/shubham/.local/lib/python3.10/site-packages/airflow/example_dags/example_dynamic_task_mapping.py
[2023-06-18T14:53:38.905+0530] {logging_mixin.py:149} INFO - [2023-06-18T14:53:38.905+0530] {dag.py:2726} INFO - Sync 1 DAGs
[2023-06-18T14:53:38.917+0530] {logging_mixin.py:149} INFO - [2023-06-18T14:53:38.917+0530] {dag.py:3486} INFO - Setting next_dagrun for example_dynamic_task_mapping to 2022-03-04T00:00:00+00:00, run_after=2022-03-05T00:00:00+00:00
[2023-06-18T14:53:38.933+0530] {processor.py:179} INFO - Processing /home/shubham/.local/lib/python3.10/site-packages/airflow/example_dags/example_dynamic_task_mapping.py took 0.050 seconds
[2023-06-18T14:54:25.982+0530] {processor.py:157} INFO - Started process (PID=4499) to work on /home/shubham/.local/lib/python3.10/site-packages/airflow/example_dags/example_dynamic_task_mapping.py
[2023-06-18T14:54:25.984+0530] {processor.py:826} INFO - Processing file /home/shubham/.local/lib/python3.10/site-packages/airflow/example_dags/example_dynamic_task_mapping.py for tasks to queue
[2023-06-18T14:54:25.984+0530] {logging_mixin.py:149} INFO - [2023-06-18T14:54:25.984+0530] {dagbag.py:541} INFO - Filling up the DagBag from /home/shubham/.local/lib/python3.10/site-packages/airflow/example_dags/example_dynamic_task_mapping.py
[2023-06-18T14:54:25.989+0530] {processor.py:836} INFO - DAG(s) dict_keys(['example_dynamic_task_mapping']) retrieved from /home/shubham/.local/lib/python3.10/site-packages/airflow/example_dags/example_dynamic_task_mapping.py
[2023-06-18T14:54:26.002+0530] {logging_mixin.py:149} INFO - [2023-06-18T14:54:26.001+0530] {dag.py:2726} INFO - Sync 1 DAGs
[2023-06-18T14:54:26.014+0530] {logging_mixin.py:149} INFO - [2023-06-18T14:54:26.014+0530] {dag.py:3486} INFO - Setting next_dagrun for example_dynamic_task_mapping to 2022-03-04T00:00:00+00:00, run_after=2022-03-05T00:00:00+00:00
[2023-06-18T14:54:26.029+0530] {processor.py:179} INFO - Processing /home/shubham/.local/lib/python3.10/site-packages/airflow/example_dags/example_dynamic_task_mapping.py took 0.049 seconds
[2023-06-18T14:55:11.136+0530] {processor.py:157} INFO - Started process (PID=4546) to work on /home/shubham/.local/lib/python3.10/site-packages/airflow/example_dags/example_dynamic_task_mapping.py
[2023-06-18T14:55:11.138+0530] {processor.py:826} INFO - Processing file /home/shubham/.local/lib/python3.10/site-packages/airflow/example_dags/example_dynamic_task_mapping.py for tasks to queue
[2023-06-18T14:55:11.138+0530] {logging_mixin.py:149} INFO - [2023-06-18T14:55:11.138+0530] {dagbag.py:541} INFO - Filling up the DagBag from /home/shubham/.local/lib/python3.10/site-packages/airflow/example_dags/example_dynamic_task_mapping.py
[2023-06-18T14:55:11.144+0530] {processor.py:836} INFO - DAG(s) dict_keys(['example_dynamic_task_mapping']) retrieved from /home/shubham/.local/lib/python3.10/site-packages/airflow/example_dags/example_dynamic_task_mapping.py
[2023-06-18T14:55:11.156+0530] {logging_mixin.py:149} INFO - [2023-06-18T14:55:11.156+0530] {dag.py:2726} INFO - Sync 1 DAGs
[2023-06-18T14:55:11.168+0530] {logging_mixin.py:149} INFO - [2023-06-18T14:55:11.168+0530] {dag.py:3486} INFO - Setting next_dagrun for example_dynamic_task_mapping to 2022-03-04T00:00:00+00:00, run_after=2022-03-05T00:00:00+00:00
[2023-06-18T14:55:11.186+0530] {processor.py:179} INFO - Processing /home/shubham/.local/lib/python3.10/site-packages/airflow/example_dags/example_dynamic_task_mapping.py took 0.052 seconds
[2023-06-18T14:55:55.038+0530] {processor.py:157} INFO - Started process (PID=4591) to work on /home/shubham/.local/lib/python3.10/site-packages/airflow/example_dags/example_dynamic_task_mapping.py
[2023-06-18T14:55:55.040+0530] {processor.py:826} INFO - Processing file /home/shubham/.local/lib/python3.10/site-packages/airflow/example_dags/example_dynamic_task_mapping.py for tasks to queue
[2023-06-18T14:55:55.040+0530] {logging_mixin.py:149} INFO - [2023-06-18T14:55:55.040+0530] {dagbag.py:541} INFO - Filling up the DagBag from /home/shubham/.local/lib/python3.10/site-packages/airflow/example_dags/example_dynamic_task_mapping.py
[2023-06-18T14:55:55.045+0530] {processor.py:836} INFO - DAG(s) dict_keys(['example_dynamic_task_mapping']) retrieved from /home/shubham/.local/lib/python3.10/site-packages/airflow/example_dags/example_dynamic_task_mapping.py
[2023-06-18T14:55:55.058+0530] {logging_mixin.py:149} INFO - [2023-06-18T14:55:55.058+0530] {dag.py:2726} INFO - Sync 1 DAGs
[2023-06-18T14:55:55.070+0530] {logging_mixin.py:149} INFO - [2023-06-18T14:55:55.070+0530] {dag.py:3486} INFO - Setting next_dagrun for example_dynamic_task_mapping to 2022-03-04T00:00:00+00:00, run_after=2022-03-05T00:00:00+00:00
[2023-06-18T14:55:55.085+0530] {processor.py:179} INFO - Processing /home/shubham/.local/lib/python3.10/site-packages/airflow/example_dags/example_dynamic_task_mapping.py took 0.049 seconds
[2023-06-18T14:56:39.629+0530] {processor.py:157} INFO - Started process (PID=4638) to work on /home/shubham/.local/lib/python3.10/site-packages/airflow/example_dags/example_dynamic_task_mapping.py
[2023-06-18T14:56:39.631+0530] {processor.py:826} INFO - Processing file /home/shubham/.local/lib/python3.10/site-packages/airflow/example_dags/example_dynamic_task_mapping.py for tasks to queue
[2023-06-18T14:56:39.631+0530] {logging_mixin.py:149} INFO - [2023-06-18T14:56:39.631+0530] {dagbag.py:541} INFO - Filling up the DagBag from /home/shubham/.local/lib/python3.10/site-packages/airflow/example_dags/example_dynamic_task_mapping.py
[2023-06-18T14:56:39.636+0530] {processor.py:836} INFO - DAG(s) dict_keys(['example_dynamic_task_mapping']) retrieved from /home/shubham/.local/lib/python3.10/site-packages/airflow/example_dags/example_dynamic_task_mapping.py
[2023-06-18T14:56:39.655+0530] {logging_mixin.py:149} INFO - [2023-06-18T14:56:39.655+0530] {dag.py:2726} INFO - Sync 1 DAGs
[2023-06-18T14:56:39.667+0530] {logging_mixin.py:149} INFO - [2023-06-18T14:56:39.667+0530] {dag.py:3486} INFO - Setting next_dagrun for example_dynamic_task_mapping to 2022-03-04T00:00:00+00:00, run_after=2022-03-05T00:00:00+00:00
[2023-06-18T14:56:39.683+0530] {processor.py:179} INFO - Processing /home/shubham/.local/lib/python3.10/site-packages/airflow/example_dags/example_dynamic_task_mapping.py took 0.056 seconds
[2023-06-18T14:57:22.558+0530] {processor.py:157} INFO - Started process (PID=4688) to work on /home/shubham/.local/lib/python3.10/site-packages/airflow/example_dags/example_dynamic_task_mapping.py
[2023-06-18T14:57:22.559+0530] {processor.py:826} INFO - Processing file /home/shubham/.local/lib/python3.10/site-packages/airflow/example_dags/example_dynamic_task_mapping.py for tasks to queue
[2023-06-18T14:57:22.560+0530] {logging_mixin.py:149} INFO - [2023-06-18T14:57:22.560+0530] {dagbag.py:541} INFO - Filling up the DagBag from /home/shubham/.local/lib/python3.10/site-packages/airflow/example_dags/example_dynamic_task_mapping.py
[2023-06-18T14:57:22.567+0530] {processor.py:836} INFO - DAG(s) dict_keys(['example_dynamic_task_mapping']) retrieved from /home/shubham/.local/lib/python3.10/site-packages/airflow/example_dags/example_dynamic_task_mapping.py
[2023-06-18T14:57:22.582+0530] {logging_mixin.py:149} INFO - [2023-06-18T14:57:22.582+0530] {dag.py:2726} INFO - Sync 1 DAGs
[2023-06-18T14:57:22.595+0530] {logging_mixin.py:149} INFO - [2023-06-18T14:57:22.595+0530] {dag.py:3486} INFO - Setting next_dagrun for example_dynamic_task_mapping to 2022-03-04T00:00:00+00:00, run_after=2022-03-05T00:00:00+00:00
[2023-06-18T14:57:22.612+0530] {processor.py:179} INFO - Processing /home/shubham/.local/lib/python3.10/site-packages/airflow/example_dags/example_dynamic_task_mapping.py took 0.057 seconds
[2023-06-18T14:58:15.075+0530] {processor.py:157} INFO - Started process (PID=4743) to work on /home/shubham/.local/lib/python3.10/site-packages/airflow/example_dags/example_dynamic_task_mapping.py
[2023-06-18T14:58:15.076+0530] {processor.py:826} INFO - Processing file /home/shubham/.local/lib/python3.10/site-packages/airflow/example_dags/example_dynamic_task_mapping.py for tasks to queue
[2023-06-18T14:58:15.077+0530] {logging_mixin.py:149} INFO - [2023-06-18T14:58:15.077+0530] {dagbag.py:541} INFO - Filling up the DagBag from /home/shubham/.local/lib/python3.10/site-packages/airflow/example_dags/example_dynamic_task_mapping.py
[2023-06-18T14:58:15.082+0530] {processor.py:836} INFO - DAG(s) dict_keys(['example_dynamic_task_mapping']) retrieved from /home/shubham/.local/lib/python3.10/site-packages/airflow/example_dags/example_dynamic_task_mapping.py
[2023-06-18T14:58:15.094+0530] {logging_mixin.py:149} INFO - [2023-06-18T14:58:15.094+0530] {dag.py:2726} INFO - Sync 1 DAGs
[2023-06-18T14:58:15.106+0530] {logging_mixin.py:149} INFO - [2023-06-18T14:58:15.106+0530] {dag.py:3486} INFO - Setting next_dagrun for example_dynamic_task_mapping to 2022-03-04T00:00:00+00:00, run_after=2022-03-05T00:00:00+00:00
[2023-06-18T14:58:15.122+0530] {processor.py:179} INFO - Processing /home/shubham/.local/lib/python3.10/site-packages/airflow/example_dags/example_dynamic_task_mapping.py took 0.049 seconds
[2023-06-18T14:58:58.197+0530] {processor.py:157} INFO - Started process (PID=4788) to work on /home/shubham/.local/lib/python3.10/site-packages/airflow/example_dags/example_dynamic_task_mapping.py
[2023-06-18T14:58:58.198+0530] {processor.py:826} INFO - Processing file /home/shubham/.local/lib/python3.10/site-packages/airflow/example_dags/example_dynamic_task_mapping.py for tasks to queue
[2023-06-18T14:58:58.199+0530] {logging_mixin.py:149} INFO - [2023-06-18T14:58:58.199+0530] {dagbag.py:541} INFO - Filling up the DagBag from /home/shubham/.local/lib/python3.10/site-packages/airflow/example_dags/example_dynamic_task_mapping.py
[2023-06-18T14:58:58.205+0530] {processor.py:836} INFO - DAG(s) dict_keys(['example_dynamic_task_mapping']) retrieved from /home/shubham/.local/lib/python3.10/site-packages/airflow/example_dags/example_dynamic_task_mapping.py
[2023-06-18T14:58:58.217+0530] {logging_mixin.py:149} INFO - [2023-06-18T14:58:58.217+0530] {dag.py:2726} INFO - Sync 1 DAGs
[2023-06-18T14:58:58.230+0530] {logging_mixin.py:149} INFO - [2023-06-18T14:58:58.230+0530] {dag.py:3486} INFO - Setting next_dagrun for example_dynamic_task_mapping to 2022-03-04T00:00:00+00:00, run_after=2022-03-05T00:00:00+00:00
[2023-06-18T14:58:58.247+0530] {processor.py:179} INFO - Processing /home/shubham/.local/lib/python3.10/site-packages/airflow/example_dags/example_dynamic_task_mapping.py took 0.052 seconds
[2023-06-18T14:59:41.082+0530] {processor.py:157} INFO - Started process (PID=4834) to work on /home/shubham/.local/lib/python3.10/site-packages/airflow/example_dags/example_dynamic_task_mapping.py
[2023-06-18T14:59:41.083+0530] {processor.py:826} INFO - Processing file /home/shubham/.local/lib/python3.10/site-packages/airflow/example_dags/example_dynamic_task_mapping.py for tasks to queue
[2023-06-18T14:59:41.084+0530] {logging_mixin.py:149} INFO - [2023-06-18T14:59:41.084+0530] {dagbag.py:541} INFO - Filling up the DagBag from /home/shubham/.local/lib/python3.10/site-packages/airflow/example_dags/example_dynamic_task_mapping.py
[2023-06-18T14:59:41.089+0530] {processor.py:836} INFO - DAG(s) dict_keys(['example_dynamic_task_mapping']) retrieved from /home/shubham/.local/lib/python3.10/site-packages/airflow/example_dags/example_dynamic_task_mapping.py
[2023-06-18T14:59:41.101+0530] {logging_mixin.py:149} INFO - [2023-06-18T14:59:41.101+0530] {dag.py:2726} INFO - Sync 1 DAGs
[2023-06-18T14:59:41.114+0530] {logging_mixin.py:149} INFO - [2023-06-18T14:59:41.114+0530] {dag.py:3486} INFO - Setting next_dagrun for example_dynamic_task_mapping to 2022-03-04T00:00:00+00:00, run_after=2022-03-05T00:00:00+00:00
[2023-06-18T14:59:41.130+0530] {processor.py:179} INFO - Processing /home/shubham/.local/lib/python3.10/site-packages/airflow/example_dags/example_dynamic_task_mapping.py took 0.051 seconds
[2023-06-18T15:00:23.302+0530] {processor.py:157} INFO - Started process (PID=4877) to work on /home/shubham/.local/lib/python3.10/site-packages/airflow/example_dags/example_dynamic_task_mapping.py
[2023-06-18T15:00:23.303+0530] {processor.py:826} INFO - Processing file /home/shubham/.local/lib/python3.10/site-packages/airflow/example_dags/example_dynamic_task_mapping.py for tasks to queue
[2023-06-18T15:00:23.304+0530] {logging_mixin.py:149} INFO - [2023-06-18T15:00:23.304+0530] {dagbag.py:541} INFO - Filling up the DagBag from /home/shubham/.local/lib/python3.10/site-packages/airflow/example_dags/example_dynamic_task_mapping.py
[2023-06-18T15:00:23.309+0530] {processor.py:836} INFO - DAG(s) dict_keys(['example_dynamic_task_mapping']) retrieved from /home/shubham/.local/lib/python3.10/site-packages/airflow/example_dags/example_dynamic_task_mapping.py
[2023-06-18T15:00:23.322+0530] {logging_mixin.py:149} INFO - [2023-06-18T15:00:23.322+0530] {dag.py:2726} INFO - Sync 1 DAGs
[2023-06-18T15:00:23.334+0530] {logging_mixin.py:149} INFO - [2023-06-18T15:00:23.334+0530] {dag.py:3486} INFO - Setting next_dagrun for example_dynamic_task_mapping to 2022-03-04T00:00:00+00:00, run_after=2022-03-05T00:00:00+00:00
[2023-06-18T15:00:23.350+0530] {processor.py:179} INFO - Processing /home/shubham/.local/lib/python3.10/site-packages/airflow/example_dags/example_dynamic_task_mapping.py took 0.050 seconds
[2023-06-18T15:01:11.681+0530] {processor.py:157} INFO - Started process (PID=4927) to work on /home/shubham/.local/lib/python3.10/site-packages/airflow/example_dags/example_dynamic_task_mapping.py
[2023-06-18T15:01:11.682+0530] {processor.py:826} INFO - Processing file /home/shubham/.local/lib/python3.10/site-packages/airflow/example_dags/example_dynamic_task_mapping.py for tasks to queue
[2023-06-18T15:01:11.682+0530] {logging_mixin.py:149} INFO - [2023-06-18T15:01:11.682+0530] {dagbag.py:541} INFO - Filling up the DagBag from /home/shubham/.local/lib/python3.10/site-packages/airflow/example_dags/example_dynamic_task_mapping.py
[2023-06-18T15:01:11.688+0530] {processor.py:836} INFO - DAG(s) dict_keys(['example_dynamic_task_mapping']) retrieved from /home/shubham/.local/lib/python3.10/site-packages/airflow/example_dags/example_dynamic_task_mapping.py
[2023-06-18T15:01:11.700+0530] {logging_mixin.py:149} INFO - [2023-06-18T15:01:11.700+0530] {dag.py:2726} INFO - Sync 1 DAGs
[2023-06-18T15:01:11.713+0530] {logging_mixin.py:149} INFO - [2023-06-18T15:01:11.713+0530] {dag.py:3486} INFO - Setting next_dagrun for example_dynamic_task_mapping to 2022-03-04T00:00:00+00:00, run_after=2022-03-05T00:00:00+00:00
[2023-06-18T15:01:11.729+0530] {processor.py:179} INFO - Processing /home/shubham/.local/lib/python3.10/site-packages/airflow/example_dags/example_dynamic_task_mapping.py took 0.051 seconds
[2023-06-18T15:01:56.321+0530] {processor.py:157} INFO - Started process (PID=4973) to work on /home/shubham/.local/lib/python3.10/site-packages/airflow/example_dags/example_dynamic_task_mapping.py
[2023-06-18T15:01:56.323+0530] {processor.py:826} INFO - Processing file /home/shubham/.local/lib/python3.10/site-packages/airflow/example_dags/example_dynamic_task_mapping.py for tasks to queue
[2023-06-18T15:01:56.323+0530] {logging_mixin.py:149} INFO - [2023-06-18T15:01:56.323+0530] {dagbag.py:541} INFO - Filling up the DagBag from /home/shubham/.local/lib/python3.10/site-packages/airflow/example_dags/example_dynamic_task_mapping.py
[2023-06-18T15:01:56.329+0530] {processor.py:836} INFO - DAG(s) dict_keys(['example_dynamic_task_mapping']) retrieved from /home/shubham/.local/lib/python3.10/site-packages/airflow/example_dags/example_dynamic_task_mapping.py
[2023-06-18T15:01:56.341+0530] {logging_mixin.py:149} INFO - [2023-06-18T15:01:56.341+0530] {dag.py:2726} INFO - Sync 1 DAGs
[2023-06-18T15:01:56.353+0530] {logging_mixin.py:149} INFO - [2023-06-18T15:01:56.353+0530] {dag.py:3486} INFO - Setting next_dagrun for example_dynamic_task_mapping to 2022-03-04T00:00:00+00:00, run_after=2022-03-05T00:00:00+00:00
[2023-06-18T15:01:56.369+0530] {processor.py:179} INFO - Processing /home/shubham/.local/lib/python3.10/site-packages/airflow/example_dags/example_dynamic_task_mapping.py took 0.050 seconds
[2023-06-18T15:02:39.088+0530] {processor.py:157} INFO - Started process (PID=5019) to work on /home/shubham/.local/lib/python3.10/site-packages/airflow/example_dags/example_dynamic_task_mapping.py
[2023-06-18T15:02:39.090+0530] {processor.py:826} INFO - Processing file /home/shubham/.local/lib/python3.10/site-packages/airflow/example_dags/example_dynamic_task_mapping.py for tasks to queue
[2023-06-18T15:02:39.090+0530] {logging_mixin.py:149} INFO - [2023-06-18T15:02:39.090+0530] {dagbag.py:541} INFO - Filling up the DagBag from /home/shubham/.local/lib/python3.10/site-packages/airflow/example_dags/example_dynamic_task_mapping.py
[2023-06-18T15:02:39.096+0530] {processor.py:836} INFO - DAG(s) dict_keys(['example_dynamic_task_mapping']) retrieved from /home/shubham/.local/lib/python3.10/site-packages/airflow/example_dags/example_dynamic_task_mapping.py
[2023-06-18T15:02:39.108+0530] {logging_mixin.py:149} INFO - [2023-06-18T15:02:39.108+0530] {dag.py:2726} INFO - Sync 1 DAGs
[2023-06-18T15:02:39.120+0530] {logging_mixin.py:149} INFO - [2023-06-18T15:02:39.120+0530] {dag.py:3486} INFO - Setting next_dagrun for example_dynamic_task_mapping to 2022-03-04T00:00:00+00:00, run_after=2022-03-05T00:00:00+00:00
[2023-06-18T15:02:39.136+0530] {processor.py:179} INFO - Processing /home/shubham/.local/lib/python3.10/site-packages/airflow/example_dags/example_dynamic_task_mapping.py took 0.050 seconds
[2023-06-18T15:03:20.410+0530] {processor.py:157} INFO - Started process (PID=5062) to work on /home/shubham/.local/lib/python3.10/site-packages/airflow/example_dags/example_dynamic_task_mapping.py
[2023-06-18T15:03:20.411+0530] {processor.py:826} INFO - Processing file /home/shubham/.local/lib/python3.10/site-packages/airflow/example_dags/example_dynamic_task_mapping.py for tasks to queue
[2023-06-18T15:03:20.412+0530] {logging_mixin.py:149} INFO - [2023-06-18T15:03:20.412+0530] {dagbag.py:541} INFO - Filling up the DagBag from /home/shubham/.local/lib/python3.10/site-packages/airflow/example_dags/example_dynamic_task_mapping.py
[2023-06-18T15:03:20.417+0530] {processor.py:836} INFO - DAG(s) dict_keys(['example_dynamic_task_mapping']) retrieved from /home/shubham/.local/lib/python3.10/site-packages/airflow/example_dags/example_dynamic_task_mapping.py
[2023-06-18T15:03:20.430+0530] {logging_mixin.py:149} INFO - [2023-06-18T15:03:20.429+0530] {dag.py:2726} INFO - Sync 1 DAGs
[2023-06-18T15:03:20.442+0530] {logging_mixin.py:149} INFO - [2023-06-18T15:03:20.441+0530] {dag.py:3486} INFO - Setting next_dagrun for example_dynamic_task_mapping to 2022-03-04T00:00:00+00:00, run_after=2022-03-05T00:00:00+00:00
[2023-06-18T15:03:20.457+0530] {processor.py:179} INFO - Processing /home/shubham/.local/lib/python3.10/site-packages/airflow/example_dags/example_dynamic_task_mapping.py took 0.050 seconds
[2023-06-18T15:04:06.185+0530] {processor.py:157} INFO - Started process (PID=5108) to work on /home/shubham/.local/lib/python3.10/site-packages/airflow/example_dags/example_dynamic_task_mapping.py
[2023-06-18T15:04:06.186+0530] {processor.py:826} INFO - Processing file /home/shubham/.local/lib/python3.10/site-packages/airflow/example_dags/example_dynamic_task_mapping.py for tasks to queue
[2023-06-18T15:04:06.186+0530] {logging_mixin.py:149} INFO - [2023-06-18T15:04:06.186+0530] {dagbag.py:541} INFO - Filling up the DagBag from /home/shubham/.local/lib/python3.10/site-packages/airflow/example_dags/example_dynamic_task_mapping.py
[2023-06-18T15:04:06.192+0530] {processor.py:836} INFO - DAG(s) dict_keys(['example_dynamic_task_mapping']) retrieved from /home/shubham/.local/lib/python3.10/site-packages/airflow/example_dags/example_dynamic_task_mapping.py
[2023-06-18T15:04:06.205+0530] {logging_mixin.py:149} INFO - [2023-06-18T15:04:06.205+0530] {dag.py:2726} INFO - Sync 1 DAGs
[2023-06-18T15:04:06.217+0530] {logging_mixin.py:149} INFO - [2023-06-18T15:04:06.217+0530] {dag.py:3486} INFO - Setting next_dagrun for example_dynamic_task_mapping to 2022-03-04T00:00:00+00:00, run_after=2022-03-05T00:00:00+00:00
[2023-06-18T15:04:06.233+0530] {processor.py:179} INFO - Processing /home/shubham/.local/lib/python3.10/site-packages/airflow/example_dags/example_dynamic_task_mapping.py took 0.051 seconds
[2023-06-18T15:04:48.954+0530] {processor.py:157} INFO - Started process (PID=5154) to work on /home/shubham/.local/lib/python3.10/site-packages/airflow/example_dags/example_dynamic_task_mapping.py
[2023-06-18T15:04:48.955+0530] {processor.py:826} INFO - Processing file /home/shubham/.local/lib/python3.10/site-packages/airflow/example_dags/example_dynamic_task_mapping.py for tasks to queue
[2023-06-18T15:04:48.955+0530] {logging_mixin.py:149} INFO - [2023-06-18T15:04:48.955+0530] {dagbag.py:541} INFO - Filling up the DagBag from /home/shubham/.local/lib/python3.10/site-packages/airflow/example_dags/example_dynamic_task_mapping.py
[2023-06-18T15:04:48.961+0530] {processor.py:836} INFO - DAG(s) dict_keys(['example_dynamic_task_mapping']) retrieved from /home/shubham/.local/lib/python3.10/site-packages/airflow/example_dags/example_dynamic_task_mapping.py
[2023-06-18T15:04:48.973+0530] {logging_mixin.py:149} INFO - [2023-06-18T15:04:48.972+0530] {dag.py:2726} INFO - Sync 1 DAGs
[2023-06-18T15:04:48.985+0530] {logging_mixin.py:149} INFO - [2023-06-18T15:04:48.984+0530] {dag.py:3486} INFO - Setting next_dagrun for example_dynamic_task_mapping to 2022-03-04T00:00:00+00:00, run_after=2022-03-05T00:00:00+00:00
[2023-06-18T15:04:49.002+0530] {processor.py:179} INFO - Processing /home/shubham/.local/lib/python3.10/site-packages/airflow/example_dags/example_dynamic_task_mapping.py took 0.051 seconds
[2023-06-18T15:05:35.185+0530] {processor.py:157} INFO - Started process (PID=5202) to work on /home/shubham/.local/lib/python3.10/site-packages/airflow/example_dags/example_dynamic_task_mapping.py
[2023-06-18T15:05:35.186+0530] {processor.py:826} INFO - Processing file /home/shubham/.local/lib/python3.10/site-packages/airflow/example_dags/example_dynamic_task_mapping.py for tasks to queue
[2023-06-18T15:05:35.186+0530] {logging_mixin.py:149} INFO - [2023-06-18T15:05:35.186+0530] {dagbag.py:541} INFO - Filling up the DagBag from /home/shubham/.local/lib/python3.10/site-packages/airflow/example_dags/example_dynamic_task_mapping.py
[2023-06-18T15:05:35.192+0530] {processor.py:836} INFO - DAG(s) dict_keys(['example_dynamic_task_mapping']) retrieved from /home/shubham/.local/lib/python3.10/site-packages/airflow/example_dags/example_dynamic_task_mapping.py
[2023-06-18T15:05:35.205+0530] {logging_mixin.py:149} INFO - [2023-06-18T15:05:35.205+0530] {dag.py:2726} INFO - Sync 1 DAGs
[2023-06-18T15:05:35.217+0530] {logging_mixin.py:149} INFO - [2023-06-18T15:05:35.217+0530] {dag.py:3486} INFO - Setting next_dagrun for example_dynamic_task_mapping to 2022-03-04T00:00:00+00:00, run_after=2022-03-05T00:00:00+00:00
[2023-06-18T15:05:35.233+0530] {processor.py:179} INFO - Processing /home/shubham/.local/lib/python3.10/site-packages/airflow/example_dags/example_dynamic_task_mapping.py took 0.050 seconds
[2023-06-18T15:06:16.853+0530] {processor.py:157} INFO - Started process (PID=5245) to work on /home/shubham/.local/lib/python3.10/site-packages/airflow/example_dags/example_dynamic_task_mapping.py
[2023-06-18T15:06:16.855+0530] {processor.py:826} INFO - Processing file /home/shubham/.local/lib/python3.10/site-packages/airflow/example_dags/example_dynamic_task_mapping.py for tasks to queue
[2023-06-18T15:06:16.855+0530] {logging_mixin.py:149} INFO - [2023-06-18T15:06:16.855+0530] {dagbag.py:541} INFO - Filling up the DagBag from /home/shubham/.local/lib/python3.10/site-packages/airflow/example_dags/example_dynamic_task_mapping.py
[2023-06-18T15:06:16.860+0530] {processor.py:836} INFO - DAG(s) dict_keys(['example_dynamic_task_mapping']) retrieved from /home/shubham/.local/lib/python3.10/site-packages/airflow/example_dags/example_dynamic_task_mapping.py
[2023-06-18T15:06:16.873+0530] {logging_mixin.py:149} INFO - [2023-06-18T15:06:16.872+0530] {dag.py:2726} INFO - Sync 1 DAGs
[2023-06-18T15:06:16.885+0530] {logging_mixin.py:149} INFO - [2023-06-18T15:06:16.885+0530] {dag.py:3486} INFO - Setting next_dagrun for example_dynamic_task_mapping to 2022-03-04T00:00:00+00:00, run_after=2022-03-05T00:00:00+00:00
[2023-06-18T15:06:16.900+0530] {processor.py:179} INFO - Processing /home/shubham/.local/lib/python3.10/site-packages/airflow/example_dags/example_dynamic_task_mapping.py took 0.049 seconds
[2023-06-18T15:07:06.432+0530] {processor.py:157} INFO - Started process (PID=5294) to work on /home/shubham/.local/lib/python3.10/site-packages/airflow/example_dags/example_dynamic_task_mapping.py
[2023-06-18T15:07:06.434+0530] {processor.py:826} INFO - Processing file /home/shubham/.local/lib/python3.10/site-packages/airflow/example_dags/example_dynamic_task_mapping.py for tasks to queue
[2023-06-18T15:07:06.434+0530] {logging_mixin.py:149} INFO - [2023-06-18T15:07:06.434+0530] {dagbag.py:541} INFO - Filling up the DagBag from /home/shubham/.local/lib/python3.10/site-packages/airflow/example_dags/example_dynamic_task_mapping.py
[2023-06-18T15:07:06.442+0530] {processor.py:836} INFO - DAG(s) dict_keys(['example_dynamic_task_mapping']) retrieved from /home/shubham/.local/lib/python3.10/site-packages/airflow/example_dags/example_dynamic_task_mapping.py
[2023-06-18T15:07:06.459+0530] {logging_mixin.py:149} INFO - [2023-06-18T15:07:06.459+0530] {dag.py:2726} INFO - Sync 1 DAGs
[2023-06-18T15:07:06.476+0530] {logging_mixin.py:149} INFO - [2023-06-18T15:07:06.476+0530] {dag.py:3486} INFO - Setting next_dagrun for example_dynamic_task_mapping to 2022-03-04T00:00:00+00:00, run_after=2022-03-05T00:00:00+00:00
[2023-06-18T15:07:06.500+0530] {processor.py:179} INFO - Processing /home/shubham/.local/lib/python3.10/site-packages/airflow/example_dags/example_dynamic_task_mapping.py took 0.072 seconds
[2023-06-18T15:07:53.301+0530] {processor.py:157} INFO - Started process (PID=5342) to work on /home/shubham/.local/lib/python3.10/site-packages/airflow/example_dags/example_dynamic_task_mapping.py
[2023-06-18T15:07:53.303+0530] {processor.py:826} INFO - Processing file /home/shubham/.local/lib/python3.10/site-packages/airflow/example_dags/example_dynamic_task_mapping.py for tasks to queue
[2023-06-18T15:07:53.304+0530] {logging_mixin.py:149} INFO - [2023-06-18T15:07:53.303+0530] {dagbag.py:541} INFO - Filling up the DagBag from /home/shubham/.local/lib/python3.10/site-packages/airflow/example_dags/example_dynamic_task_mapping.py
[2023-06-18T15:07:53.310+0530] {processor.py:836} INFO - DAG(s) dict_keys(['example_dynamic_task_mapping']) retrieved from /home/shubham/.local/lib/python3.10/site-packages/airflow/example_dags/example_dynamic_task_mapping.py
[2023-06-18T15:07:53.328+0530] {logging_mixin.py:149} INFO - [2023-06-18T15:07:53.328+0530] {dag.py:2726} INFO - Sync 1 DAGs
[2023-06-18T15:07:53.345+0530] {logging_mixin.py:149} INFO - [2023-06-18T15:07:53.345+0530] {dag.py:3486} INFO - Setting next_dagrun for example_dynamic_task_mapping to 2022-03-04T00:00:00+00:00, run_after=2022-03-05T00:00:00+00:00
[2023-06-18T15:07:53.370+0530] {processor.py:179} INFO - Processing /home/shubham/.local/lib/python3.10/site-packages/airflow/example_dags/example_dynamic_task_mapping.py took 0.073 seconds
[2023-06-18T15:08:36.700+0530] {processor.py:157} INFO - Started process (PID=5388) to work on /home/shubham/.local/lib/python3.10/site-packages/airflow/example_dags/example_dynamic_task_mapping.py
[2023-06-18T15:08:36.702+0530] {processor.py:826} INFO - Processing file /home/shubham/.local/lib/python3.10/site-packages/airflow/example_dags/example_dynamic_task_mapping.py for tasks to queue
[2023-06-18T15:08:36.703+0530] {logging_mixin.py:149} INFO - [2023-06-18T15:08:36.703+0530] {dagbag.py:541} INFO - Filling up the DagBag from /home/shubham/.local/lib/python3.10/site-packages/airflow/example_dags/example_dynamic_task_mapping.py
[2023-06-18T15:08:36.709+0530] {processor.py:836} INFO - DAG(s) dict_keys(['example_dynamic_task_mapping']) retrieved from /home/shubham/.local/lib/python3.10/site-packages/airflow/example_dags/example_dynamic_task_mapping.py
[2023-06-18T15:08:36.725+0530] {logging_mixin.py:149} INFO - [2023-06-18T15:08:36.725+0530] {dag.py:2726} INFO - Sync 1 DAGs
[2023-06-18T15:08:36.741+0530] {logging_mixin.py:149} INFO - [2023-06-18T15:08:36.741+0530] {dag.py:3486} INFO - Setting next_dagrun for example_dynamic_task_mapping to 2022-03-04T00:00:00+00:00, run_after=2022-03-05T00:00:00+00:00
[2023-06-18T15:08:36.764+0530] {processor.py:179} INFO - Processing /home/shubham/.local/lib/python3.10/site-packages/airflow/example_dags/example_dynamic_task_mapping.py took 0.068 seconds
[2023-06-18T15:09:20.909+0530] {processor.py:157} INFO - Started process (PID=5433) to work on /home/shubham/.local/lib/python3.10/site-packages/airflow/example_dags/example_dynamic_task_mapping.py
[2023-06-18T15:09:20.911+0530] {processor.py:826} INFO - Processing file /home/shubham/.local/lib/python3.10/site-packages/airflow/example_dags/example_dynamic_task_mapping.py for tasks to queue
[2023-06-18T15:09:20.912+0530] {logging_mixin.py:149} INFO - [2023-06-18T15:09:20.912+0530] {dagbag.py:541} INFO - Filling up the DagBag from /home/shubham/.local/lib/python3.10/site-packages/airflow/example_dags/example_dynamic_task_mapping.py
[2023-06-18T15:09:20.919+0530] {processor.py:836} INFO - DAG(s) dict_keys(['example_dynamic_task_mapping']) retrieved from /home/shubham/.local/lib/python3.10/site-packages/airflow/example_dags/example_dynamic_task_mapping.py
[2023-06-18T15:09:20.935+0530] {logging_mixin.py:149} INFO - [2023-06-18T15:09:20.935+0530] {dag.py:2726} INFO - Sync 1 DAGs
[2023-06-18T15:09:20.951+0530] {logging_mixin.py:149} INFO - [2023-06-18T15:09:20.951+0530] {dag.py:3486} INFO - Setting next_dagrun for example_dynamic_task_mapping to 2022-03-04T00:00:00+00:00, run_after=2022-03-05T00:00:00+00:00
[2023-06-18T15:09:20.972+0530] {processor.py:179} INFO - Processing /home/shubham/.local/lib/python3.10/site-packages/airflow/example_dags/example_dynamic_task_mapping.py took 0.066 seconds
[2023-06-18T15:10:03.646+0530] {processor.py:157} INFO - Started process (PID=5478) to work on /home/shubham/.local/lib/python3.10/site-packages/airflow/example_dags/example_dynamic_task_mapping.py
[2023-06-18T15:10:03.648+0530] {processor.py:826} INFO - Processing file /home/shubham/.local/lib/python3.10/site-packages/airflow/example_dags/example_dynamic_task_mapping.py for tasks to queue
[2023-06-18T15:10:03.649+0530] {logging_mixin.py:149} INFO - [2023-06-18T15:10:03.649+0530] {dagbag.py:541} INFO - Filling up the DagBag from /home/shubham/.local/lib/python3.10/site-packages/airflow/example_dags/example_dynamic_task_mapping.py
[2023-06-18T15:10:03.657+0530] {processor.py:836} INFO - DAG(s) dict_keys(['example_dynamic_task_mapping']) retrieved from /home/shubham/.local/lib/python3.10/site-packages/airflow/example_dags/example_dynamic_task_mapping.py
[2023-06-18T15:10:03.675+0530] {logging_mixin.py:149} INFO - [2023-06-18T15:10:03.675+0530] {dag.py:2726} INFO - Sync 1 DAGs
[2023-06-18T15:10:03.697+0530] {logging_mixin.py:149} INFO - [2023-06-18T15:10:03.696+0530] {dag.py:3486} INFO - Setting next_dagrun for example_dynamic_task_mapping to 2022-03-04T00:00:00+00:00, run_after=2022-03-05T00:00:00+00:00
[2023-06-18T15:10:03.724+0530] {processor.py:179} INFO - Processing /home/shubham/.local/lib/python3.10/site-packages/airflow/example_dags/example_dynamic_task_mapping.py took 0.081 seconds
[2023-06-18T15:10:48.779+0530] {processor.py:157} INFO - Started process (PID=5524) to work on /home/shubham/.local/lib/python3.10/site-packages/airflow/example_dags/example_dynamic_task_mapping.py
[2023-06-18T15:10:48.782+0530] {processor.py:826} INFO - Processing file /home/shubham/.local/lib/python3.10/site-packages/airflow/example_dags/example_dynamic_task_mapping.py for tasks to queue
[2023-06-18T15:10:48.782+0530] {logging_mixin.py:149} INFO - [2023-06-18T15:10:48.782+0530] {dagbag.py:541} INFO - Filling up the DagBag from /home/shubham/.local/lib/python3.10/site-packages/airflow/example_dags/example_dynamic_task_mapping.py
[2023-06-18T15:10:48.790+0530] {processor.py:836} INFO - DAG(s) dict_keys(['example_dynamic_task_mapping']) retrieved from /home/shubham/.local/lib/python3.10/site-packages/airflow/example_dags/example_dynamic_task_mapping.py
[2023-06-18T15:10:48.811+0530] {logging_mixin.py:149} INFO - [2023-06-18T15:10:48.811+0530] {dag.py:2726} INFO - Sync 1 DAGs
[2023-06-18T15:10:48.829+0530] {logging_mixin.py:149} INFO - [2023-06-18T15:10:48.829+0530] {dag.py:3486} INFO - Setting next_dagrun for example_dynamic_task_mapping to 2022-03-04T00:00:00+00:00, run_after=2022-03-05T00:00:00+00:00
[2023-06-18T15:10:48.857+0530] {processor.py:179} INFO - Processing /home/shubham/.local/lib/python3.10/site-packages/airflow/example_dags/example_dynamic_task_mapping.py took 0.082 seconds
[2023-06-18T15:11:30.320+0530] {processor.py:157} INFO - Started process (PID=5569) to work on /home/shubham/.local/lib/python3.10/site-packages/airflow/example_dags/example_dynamic_task_mapping.py
[2023-06-18T15:11:30.322+0530] {processor.py:826} INFO - Processing file /home/shubham/.local/lib/python3.10/site-packages/airflow/example_dags/example_dynamic_task_mapping.py for tasks to queue
[2023-06-18T15:11:30.323+0530] {logging_mixin.py:149} INFO - [2023-06-18T15:11:30.323+0530] {dagbag.py:541} INFO - Filling up the DagBag from /home/shubham/.local/lib/python3.10/site-packages/airflow/example_dags/example_dynamic_task_mapping.py
[2023-06-18T15:11:30.331+0530] {processor.py:836} INFO - DAG(s) dict_keys(['example_dynamic_task_mapping']) retrieved from /home/shubham/.local/lib/python3.10/site-packages/airflow/example_dags/example_dynamic_task_mapping.py
[2023-06-18T15:11:30.352+0530] {logging_mixin.py:149} INFO - [2023-06-18T15:11:30.352+0530] {dag.py:2726} INFO - Sync 1 DAGs
[2023-06-18T15:11:30.373+0530] {logging_mixin.py:149} INFO - [2023-06-18T15:11:30.373+0530] {dag.py:3486} INFO - Setting next_dagrun for example_dynamic_task_mapping to 2022-03-04T00:00:00+00:00, run_after=2022-03-05T00:00:00+00:00
[2023-06-18T15:11:30.402+0530] {processor.py:179} INFO - Processing /home/shubham/.local/lib/python3.10/site-packages/airflow/example_dags/example_dynamic_task_mapping.py took 0.085 seconds
[2023-06-18T15:12:12.191+0530] {processor.py:157} INFO - Started process (PID=5612) to work on /home/shubham/.local/lib/python3.10/site-packages/airflow/example_dags/example_dynamic_task_mapping.py
[2023-06-18T15:12:12.193+0530] {processor.py:826} INFO - Processing file /home/shubham/.local/lib/python3.10/site-packages/airflow/example_dags/example_dynamic_task_mapping.py for tasks to queue
[2023-06-18T15:12:12.194+0530] {logging_mixin.py:149} INFO - [2023-06-18T15:12:12.193+0530] {dagbag.py:541} INFO - Filling up the DagBag from /home/shubham/.local/lib/python3.10/site-packages/airflow/example_dags/example_dynamic_task_mapping.py
[2023-06-18T15:12:12.201+0530] {processor.py:836} INFO - DAG(s) dict_keys(['example_dynamic_task_mapping']) retrieved from /home/shubham/.local/lib/python3.10/site-packages/airflow/example_dags/example_dynamic_task_mapping.py
[2023-06-18T15:12:12.219+0530] {logging_mixin.py:149} INFO - [2023-06-18T15:12:12.219+0530] {dag.py:2726} INFO - Sync 1 DAGs
[2023-06-18T15:12:12.236+0530] {logging_mixin.py:149} INFO - [2023-06-18T15:12:12.236+0530] {dag.py:3486} INFO - Setting next_dagrun for example_dynamic_task_mapping to 2022-03-04T00:00:00+00:00, run_after=2022-03-05T00:00:00+00:00
[2023-06-18T15:12:12.260+0530] {processor.py:179} INFO - Processing /home/shubham/.local/lib/python3.10/site-packages/airflow/example_dags/example_dynamic_task_mapping.py took 0.073 seconds
[2023-06-18T15:12:55.327+0530] {processor.py:157} INFO - Started process (PID=5658) to work on /home/shubham/.local/lib/python3.10/site-packages/airflow/example_dags/example_dynamic_task_mapping.py
[2023-06-18T15:12:55.329+0530] {processor.py:826} INFO - Processing file /home/shubham/.local/lib/python3.10/site-packages/airflow/example_dags/example_dynamic_task_mapping.py for tasks to queue
[2023-06-18T15:12:55.330+0530] {logging_mixin.py:149} INFO - [2023-06-18T15:12:55.330+0530] {dagbag.py:541} INFO - Filling up the DagBag from /home/shubham/.local/lib/python3.10/site-packages/airflow/example_dags/example_dynamic_task_mapping.py
[2023-06-18T15:12:55.338+0530] {processor.py:836} INFO - DAG(s) dict_keys(['example_dynamic_task_mapping']) retrieved from /home/shubham/.local/lib/python3.10/site-packages/airflow/example_dags/example_dynamic_task_mapping.py
[2023-06-18T15:12:55.355+0530] {logging_mixin.py:149} INFO - [2023-06-18T15:12:55.355+0530] {dag.py:2726} INFO - Sync 1 DAGs
[2023-06-18T15:12:55.375+0530] {logging_mixin.py:149} INFO - [2023-06-18T15:12:55.375+0530] {dag.py:3486} INFO - Setting next_dagrun for example_dynamic_task_mapping to 2022-03-04T00:00:00+00:00, run_after=2022-03-05T00:00:00+00:00
[2023-06-18T15:12:55.404+0530] {processor.py:179} INFO - Processing /home/shubham/.local/lib/python3.10/site-packages/airflow/example_dags/example_dynamic_task_mapping.py took 0.080 seconds
[2023-06-18T15:13:50.492+0530] {processor.py:157} INFO - Started process (PID=5716) to work on /home/shubham/.local/lib/python3.10/site-packages/airflow/example_dags/example_dynamic_task_mapping.py
[2023-06-18T15:13:50.495+0530] {processor.py:826} INFO - Processing file /home/shubham/.local/lib/python3.10/site-packages/airflow/example_dags/example_dynamic_task_mapping.py for tasks to queue
[2023-06-18T15:13:50.496+0530] {logging_mixin.py:149} INFO - [2023-06-18T15:13:50.495+0530] {dagbag.py:541} INFO - Filling up the DagBag from /home/shubham/.local/lib/python3.10/site-packages/airflow/example_dags/example_dynamic_task_mapping.py
[2023-06-18T15:13:50.505+0530] {processor.py:836} INFO - DAG(s) dict_keys(['example_dynamic_task_mapping']) retrieved from /home/shubham/.local/lib/python3.10/site-packages/airflow/example_dags/example_dynamic_task_mapping.py
[2023-06-18T15:13:50.531+0530] {logging_mixin.py:149} INFO - [2023-06-18T15:13:50.531+0530] {dag.py:2726} INFO - Sync 1 DAGs
[2023-06-18T15:13:50.554+0530] {logging_mixin.py:149} INFO - [2023-06-18T15:13:50.554+0530] {dag.py:3486} INFO - Setting next_dagrun for example_dynamic_task_mapping to 2022-03-04T00:00:00+00:00, run_after=2022-03-05T00:00:00+00:00
[2023-06-18T15:13:50.583+0530] {processor.py:179} INFO - Processing /home/shubham/.local/lib/python3.10/site-packages/airflow/example_dags/example_dynamic_task_mapping.py took 0.095 seconds
[2023-06-18T15:14:36.753+0530] {processor.py:157} INFO - Started process (PID=5764) to work on /home/shubham/.local/lib/python3.10/site-packages/airflow/example_dags/example_dynamic_task_mapping.py
[2023-06-18T15:14:36.755+0530] {processor.py:826} INFO - Processing file /home/shubham/.local/lib/python3.10/site-packages/airflow/example_dags/example_dynamic_task_mapping.py for tasks to queue
[2023-06-18T15:14:36.756+0530] {logging_mixin.py:149} INFO - [2023-06-18T15:14:36.756+0530] {dagbag.py:541} INFO - Filling up the DagBag from /home/shubham/.local/lib/python3.10/site-packages/airflow/example_dags/example_dynamic_task_mapping.py
[2023-06-18T15:14:36.763+0530] {processor.py:836} INFO - DAG(s) dict_keys(['example_dynamic_task_mapping']) retrieved from /home/shubham/.local/lib/python3.10/site-packages/airflow/example_dags/example_dynamic_task_mapping.py
[2023-06-18T15:14:36.778+0530] {logging_mixin.py:149} INFO - [2023-06-18T15:14:36.778+0530] {dag.py:2726} INFO - Sync 1 DAGs
[2023-06-18T15:14:36.794+0530] {logging_mixin.py:149} INFO - [2023-06-18T15:14:36.794+0530] {dag.py:3486} INFO - Setting next_dagrun for example_dynamic_task_mapping to 2022-03-04T00:00:00+00:00, run_after=2022-03-05T00:00:00+00:00
[2023-06-18T15:14:36.817+0530] {processor.py:179} INFO - Processing /home/shubham/.local/lib/python3.10/site-packages/airflow/example_dags/example_dynamic_task_mapping.py took 0.067 seconds
[2023-06-18T15:15:22.334+0530] {processor.py:157} INFO - Started process (PID=5810) to work on /home/shubham/.local/lib/python3.10/site-packages/airflow/example_dags/example_dynamic_task_mapping.py
[2023-06-18T15:15:22.336+0530] {processor.py:826} INFO - Processing file /home/shubham/.local/lib/python3.10/site-packages/airflow/example_dags/example_dynamic_task_mapping.py for tasks to queue
[2023-06-18T15:15:22.337+0530] {logging_mixin.py:149} INFO - [2023-06-18T15:15:22.337+0530] {dagbag.py:541} INFO - Filling up the DagBag from /home/shubham/.local/lib/python3.10/site-packages/airflow/example_dags/example_dynamic_task_mapping.py
[2023-06-18T15:15:22.345+0530] {processor.py:836} INFO - DAG(s) dict_keys(['example_dynamic_task_mapping']) retrieved from /home/shubham/.local/lib/python3.10/site-packages/airflow/example_dags/example_dynamic_task_mapping.py
[2023-06-18T15:15:22.362+0530] {logging_mixin.py:149} INFO - [2023-06-18T15:15:22.362+0530] {dag.py:2726} INFO - Sync 1 DAGs
[2023-06-18T15:15:22.382+0530] {logging_mixin.py:149} INFO - [2023-06-18T15:15:22.381+0530] {dag.py:3486} INFO - Setting next_dagrun for example_dynamic_task_mapping to 2022-03-04T00:00:00+00:00, run_after=2022-03-05T00:00:00+00:00
[2023-06-18T15:15:22.405+0530] {processor.py:179} INFO - Processing /home/shubham/.local/lib/python3.10/site-packages/airflow/example_dags/example_dynamic_task_mapping.py took 0.074 seconds
[2023-06-18T15:16:07.099+0530] {processor.py:157} INFO - Started process (PID=5856) to work on /home/shubham/.local/lib/python3.10/site-packages/airflow/example_dags/example_dynamic_task_mapping.py
[2023-06-18T15:16:07.102+0530] {processor.py:826} INFO - Processing file /home/shubham/.local/lib/python3.10/site-packages/airflow/example_dags/example_dynamic_task_mapping.py for tasks to queue
[2023-06-18T15:16:07.102+0530] {logging_mixin.py:149} INFO - [2023-06-18T15:16:07.102+0530] {dagbag.py:541} INFO - Filling up the DagBag from /home/shubham/.local/lib/python3.10/site-packages/airflow/example_dags/example_dynamic_task_mapping.py
[2023-06-18T15:16:07.109+0530] {processor.py:836} INFO - DAG(s) dict_keys(['example_dynamic_task_mapping']) retrieved from /home/shubham/.local/lib/python3.10/site-packages/airflow/example_dags/example_dynamic_task_mapping.py
[2023-06-18T15:16:07.125+0530] {logging_mixin.py:149} INFO - [2023-06-18T15:16:07.125+0530] {dag.py:2726} INFO - Sync 1 DAGs
[2023-06-18T15:16:07.141+0530] {logging_mixin.py:149} INFO - [2023-06-18T15:16:07.141+0530] {dag.py:3486} INFO - Setting next_dagrun for example_dynamic_task_mapping to 2022-03-04T00:00:00+00:00, run_after=2022-03-05T00:00:00+00:00
[2023-06-18T15:16:07.164+0530] {processor.py:179} INFO - Processing /home/shubham/.local/lib/python3.10/site-packages/airflow/example_dags/example_dynamic_task_mapping.py took 0.068 seconds
[2023-06-18T15:16:51.800+0530] {processor.py:157} INFO - Started process (PID=5903) to work on /home/shubham/.local/lib/python3.10/site-packages/airflow/example_dags/example_dynamic_task_mapping.py
[2023-06-18T15:16:51.802+0530] {processor.py:826} INFO - Processing file /home/shubham/.local/lib/python3.10/site-packages/airflow/example_dags/example_dynamic_task_mapping.py for tasks to queue
[2023-06-18T15:16:51.803+0530] {logging_mixin.py:149} INFO - [2023-06-18T15:16:51.803+0530] {dagbag.py:541} INFO - Filling up the DagBag from /home/shubham/.local/lib/python3.10/site-packages/airflow/example_dags/example_dynamic_task_mapping.py
[2023-06-18T15:16:51.809+0530] {processor.py:836} INFO - DAG(s) dict_keys(['example_dynamic_task_mapping']) retrieved from /home/shubham/.local/lib/python3.10/site-packages/airflow/example_dags/example_dynamic_task_mapping.py
[2023-06-18T15:16:51.825+0530] {logging_mixin.py:149} INFO - [2023-06-18T15:16:51.824+0530] {dag.py:2726} INFO - Sync 1 DAGs
[2023-06-18T15:16:51.842+0530] {logging_mixin.py:149} INFO - [2023-06-18T15:16:51.842+0530] {dag.py:3486} INFO - Setting next_dagrun for example_dynamic_task_mapping to 2022-03-04T00:00:00+00:00, run_after=2022-03-05T00:00:00+00:00
[2023-06-18T15:16:51.863+0530] {processor.py:179} INFO - Processing /home/shubham/.local/lib/python3.10/site-packages/airflow/example_dags/example_dynamic_task_mapping.py took 0.066 seconds
[2023-06-18T15:17:47.390+0530] {processor.py:157} INFO - Started process (PID=5961) to work on /home/shubham/.local/lib/python3.10/site-packages/airflow/example_dags/example_dynamic_task_mapping.py
[2023-06-18T15:17:47.392+0530] {processor.py:826} INFO - Processing file /home/shubham/.local/lib/python3.10/site-packages/airflow/example_dags/example_dynamic_task_mapping.py for tasks to queue
[2023-06-18T15:17:47.393+0530] {logging_mixin.py:149} INFO - [2023-06-18T15:17:47.393+0530] {dagbag.py:541} INFO - Filling up the DagBag from /home/shubham/.local/lib/python3.10/site-packages/airflow/example_dags/example_dynamic_task_mapping.py
[2023-06-18T15:17:47.400+0530] {processor.py:836} INFO - DAG(s) dict_keys(['example_dynamic_task_mapping']) retrieved from /home/shubham/.local/lib/python3.10/site-packages/airflow/example_dags/example_dynamic_task_mapping.py
[2023-06-18T15:17:47.418+0530] {logging_mixin.py:149} INFO - [2023-06-18T15:17:47.418+0530] {dag.py:2726} INFO - Sync 1 DAGs
[2023-06-18T15:17:47.437+0530] {logging_mixin.py:149} INFO - [2023-06-18T15:17:47.437+0530] {dag.py:3486} INFO - Setting next_dagrun for example_dynamic_task_mapping to 2022-03-04T00:00:00+00:00, run_after=2022-03-05T00:00:00+00:00
[2023-06-18T15:17:47.461+0530] {processor.py:179} INFO - Processing /home/shubham/.local/lib/python3.10/site-packages/airflow/example_dags/example_dynamic_task_mapping.py took 0.074 seconds
[2023-06-18T15:18:29.673+0530] {processor.py:157} INFO - Started process (PID=6006) to work on /home/shubham/.local/lib/python3.10/site-packages/airflow/example_dags/example_dynamic_task_mapping.py
[2023-06-18T15:18:29.676+0530] {processor.py:826} INFO - Processing file /home/shubham/.local/lib/python3.10/site-packages/airflow/example_dags/example_dynamic_task_mapping.py for tasks to queue
[2023-06-18T15:18:29.677+0530] {logging_mixin.py:149} INFO - [2023-06-18T15:18:29.677+0530] {dagbag.py:541} INFO - Filling up the DagBag from /home/shubham/.local/lib/python3.10/site-packages/airflow/example_dags/example_dynamic_task_mapping.py
[2023-06-18T15:18:29.685+0530] {processor.py:836} INFO - DAG(s) dict_keys(['example_dynamic_task_mapping']) retrieved from /home/shubham/.local/lib/python3.10/site-packages/airflow/example_dags/example_dynamic_task_mapping.py
[2023-06-18T15:18:29.704+0530] {logging_mixin.py:149} INFO - [2023-06-18T15:18:29.704+0530] {dag.py:2726} INFO - Sync 1 DAGs
[2023-06-18T15:18:29.726+0530] {logging_mixin.py:149} INFO - [2023-06-18T15:18:29.726+0530] {dag.py:3486} INFO - Setting next_dagrun for example_dynamic_task_mapping to 2022-03-04T00:00:00+00:00, run_after=2022-03-05T00:00:00+00:00
[2023-06-18T15:18:29.749+0530] {processor.py:179} INFO - Processing /home/shubham/.local/lib/python3.10/site-packages/airflow/example_dags/example_dynamic_task_mapping.py took 0.080 seconds
[2023-06-18T15:19:16.083+0530] {processor.py:157} INFO - Started process (PID=6054) to work on /home/shubham/.local/lib/python3.10/site-packages/airflow/example_dags/example_dynamic_task_mapping.py
[2023-06-18T15:19:16.085+0530] {processor.py:826} INFO - Processing file /home/shubham/.local/lib/python3.10/site-packages/airflow/example_dags/example_dynamic_task_mapping.py for tasks to queue
[2023-06-18T15:19:16.086+0530] {logging_mixin.py:149} INFO - [2023-06-18T15:19:16.086+0530] {dagbag.py:541} INFO - Filling up the DagBag from /home/shubham/.local/lib/python3.10/site-packages/airflow/example_dags/example_dynamic_task_mapping.py
[2023-06-18T15:19:16.093+0530] {processor.py:836} INFO - DAG(s) dict_keys(['example_dynamic_task_mapping']) retrieved from /home/shubham/.local/lib/python3.10/site-packages/airflow/example_dags/example_dynamic_task_mapping.py
[2023-06-18T15:19:16.109+0530] {logging_mixin.py:149} INFO - [2023-06-18T15:19:16.108+0530] {dag.py:2726} INFO - Sync 1 DAGs
[2023-06-18T15:19:16.125+0530] {logging_mixin.py:149} INFO - [2023-06-18T15:19:16.125+0530] {dag.py:3486} INFO - Setting next_dagrun for example_dynamic_task_mapping to 2022-03-04T00:00:00+00:00, run_after=2022-03-05T00:00:00+00:00
[2023-06-18T15:19:16.147+0530] {processor.py:179} INFO - Processing /home/shubham/.local/lib/python3.10/site-packages/airflow/example_dags/example_dynamic_task_mapping.py took 0.066 seconds
[2023-06-18T15:19:59.803+0530] {processor.py:157} INFO - Started process (PID=6100) to work on /home/shubham/.local/lib/python3.10/site-packages/airflow/example_dags/example_dynamic_task_mapping.py
[2023-06-18T15:19:59.805+0530] {processor.py:826} INFO - Processing file /home/shubham/.local/lib/python3.10/site-packages/airflow/example_dags/example_dynamic_task_mapping.py for tasks to queue
[2023-06-18T15:19:59.805+0530] {logging_mixin.py:149} INFO - [2023-06-18T15:19:59.805+0530] {dagbag.py:541} INFO - Filling up the DagBag from /home/shubham/.local/lib/python3.10/site-packages/airflow/example_dags/example_dynamic_task_mapping.py
[2023-06-18T15:19:59.813+0530] {processor.py:836} INFO - DAG(s) dict_keys(['example_dynamic_task_mapping']) retrieved from /home/shubham/.local/lib/python3.10/site-packages/airflow/example_dags/example_dynamic_task_mapping.py
[2023-06-18T15:19:59.829+0530] {logging_mixin.py:149} INFO - [2023-06-18T15:19:59.829+0530] {dag.py:2726} INFO - Sync 1 DAGs
[2023-06-18T15:19:59.845+0530] {logging_mixin.py:149} INFO - [2023-06-18T15:19:59.845+0530] {dag.py:3486} INFO - Setting next_dagrun for example_dynamic_task_mapping to 2022-03-04T00:00:00+00:00, run_after=2022-03-05T00:00:00+00:00
[2023-06-18T15:19:59.867+0530] {processor.py:179} INFO - Processing /home/shubham/.local/lib/python3.10/site-packages/airflow/example_dags/example_dynamic_task_mapping.py took 0.068 seconds
[2023-06-18T15:20:47.675+0530] {processor.py:157} INFO - Started process (PID=6146) to work on /home/shubham/.local/lib/python3.10/site-packages/airflow/example_dags/example_dynamic_task_mapping.py
[2023-06-18T15:20:47.677+0530] {processor.py:826} INFO - Processing file /home/shubham/.local/lib/python3.10/site-packages/airflow/example_dags/example_dynamic_task_mapping.py for tasks to queue
[2023-06-18T15:20:47.678+0530] {logging_mixin.py:149} INFO - [2023-06-18T15:20:47.678+0530] {dagbag.py:541} INFO - Filling up the DagBag from /home/shubham/.local/lib/python3.10/site-packages/airflow/example_dags/example_dynamic_task_mapping.py
[2023-06-18T15:20:47.690+0530] {processor.py:836} INFO - DAG(s) dict_keys(['example_dynamic_task_mapping']) retrieved from /home/shubham/.local/lib/python3.10/site-packages/airflow/example_dags/example_dynamic_task_mapping.py
[2023-06-18T15:20:47.717+0530] {logging_mixin.py:149} INFO - [2023-06-18T15:20:47.717+0530] {dag.py:2726} INFO - Sync 1 DAGs
[2023-06-18T15:20:47.748+0530] {logging_mixin.py:149} INFO - [2023-06-18T15:20:47.748+0530] {dag.py:3486} INFO - Setting next_dagrun for example_dynamic_task_mapping to 2022-03-04T00:00:00+00:00, run_after=2022-03-05T00:00:00+00:00
[2023-06-18T15:20:47.781+0530] {processor.py:179} INFO - Processing /home/shubham/.local/lib/python3.10/site-packages/airflow/example_dags/example_dynamic_task_mapping.py took 0.112 seconds
[2023-06-18T15:47:24.486+0530] {processor.py:157} INFO - Started process (PID=6367) to work on /home/shubham/.local/lib/python3.10/site-packages/airflow/example_dags/example_dynamic_task_mapping.py
[2023-06-18T15:47:24.488+0530] {processor.py:826} INFO - Processing file /home/shubham/.local/lib/python3.10/site-packages/airflow/example_dags/example_dynamic_task_mapping.py for tasks to queue
[2023-06-18T15:47:24.489+0530] {logging_mixin.py:149} INFO - [2023-06-18T15:47:24.488+0530] {dagbag.py:541} INFO - Filling up the DagBag from /home/shubham/.local/lib/python3.10/site-packages/airflow/example_dags/example_dynamic_task_mapping.py
[2023-06-18T15:47:24.498+0530] {processor.py:836} INFO - DAG(s) dict_keys(['example_dynamic_task_mapping']) retrieved from /home/shubham/.local/lib/python3.10/site-packages/airflow/example_dags/example_dynamic_task_mapping.py
[2023-06-18T15:47:24.516+0530] {logging_mixin.py:149} INFO - [2023-06-18T15:47:24.516+0530] {dag.py:2726} INFO - Sync 1 DAGs
[2023-06-18T15:47:24.534+0530] {logging_mixin.py:149} INFO - [2023-06-18T15:47:24.534+0530] {dag.py:3486} INFO - Setting next_dagrun for example_dynamic_task_mapping to 2022-03-04T00:00:00+00:00, run_after=2022-03-05T00:00:00+00:00
[2023-06-18T15:47:24.557+0530] {processor.py:179} INFO - Processing /home/shubham/.local/lib/python3.10/site-packages/airflow/example_dags/example_dynamic_task_mapping.py took 0.074 seconds
[2023-06-18T15:48:11.142+0530] {processor.py:157} INFO - Started process (PID=6416) to work on /home/shubham/.local/lib/python3.10/site-packages/airflow/example_dags/example_dynamic_task_mapping.py
[2023-06-18T15:48:11.143+0530] {processor.py:826} INFO - Processing file /home/shubham/.local/lib/python3.10/site-packages/airflow/example_dags/example_dynamic_task_mapping.py for tasks to queue
[2023-06-18T15:48:11.144+0530] {logging_mixin.py:149} INFO - [2023-06-18T15:48:11.144+0530] {dagbag.py:541} INFO - Filling up the DagBag from /home/shubham/.local/lib/python3.10/site-packages/airflow/example_dags/example_dynamic_task_mapping.py
[2023-06-18T15:48:11.152+0530] {processor.py:836} INFO - DAG(s) dict_keys(['example_dynamic_task_mapping']) retrieved from /home/shubham/.local/lib/python3.10/site-packages/airflow/example_dags/example_dynamic_task_mapping.py
[2023-06-18T15:48:11.168+0530] {logging_mixin.py:149} INFO - [2023-06-18T15:48:11.168+0530] {dag.py:2726} INFO - Sync 1 DAGs
[2023-06-18T15:48:11.183+0530] {logging_mixin.py:149} INFO - [2023-06-18T15:48:11.183+0530] {dag.py:3486} INFO - Setting next_dagrun for example_dynamic_task_mapping to 2022-03-04T00:00:00+00:00, run_after=2022-03-05T00:00:00+00:00
[2023-06-18T15:48:11.205+0530] {processor.py:179} INFO - Processing /home/shubham/.local/lib/python3.10/site-packages/airflow/example_dags/example_dynamic_task_mapping.py took 0.066 seconds
