[2023-06-18T13:45:15.557+0530] {processor.py:157} INFO - Started process (PID=138) to work on /home/shubham/.local/lib/python3.10/site-packages/airflow/example_dags/example_time_delta_sensor_async.py
[2023-06-18T13:45:15.558+0530] {processor.py:826} INFO - Processing file /home/shubham/.local/lib/python3.10/site-packages/airflow/example_dags/example_time_delta_sensor_async.py for tasks to queue
[2023-06-18T13:45:15.558+0530] {logging_mixin.py:149} INFO - [2023-06-18T13:45:15.558+0530] {dagbag.py:541} INFO - Filling up the DagBag from /home/shubham/.local/lib/python3.10/site-packages/airflow/example_dags/example_time_delta_sensor_async.py
[2023-06-18T13:45:15.563+0530] {processor.py:836} INFO - DAG(s) dict_keys(['example_time_delta_sensor_async']) retrieved from /home/shubham/.local/lib/python3.10/site-packages/airflow/example_dags/example_time_delta_sensor_async.py
[2023-06-18T13:45:15.580+0530] {logging_mixin.py:149} INFO - [2023-06-18T13:45:15.580+0530] {dag.py:2726} INFO - Sync 1 DAGs
[2023-06-18T13:45:15.595+0530] {logging_mixin.py:149} INFO - [2023-06-18T13:45:15.595+0530] {dag.py:3486} INFO - Setting next_dagrun for example_time_delta_sensor_async to None, run_after=None
[2023-06-18T13:45:15.611+0530] {processor.py:179} INFO - Processing /home/shubham/.local/lib/python3.10/site-packages/airflow/example_dags/example_time_delta_sensor_async.py took 0.056 seconds
[2023-06-18T13:45:58.154+0530] {processor.py:157} INFO - Started process (PID=184) to work on /home/shubham/.local/lib/python3.10/site-packages/airflow/example_dags/example_time_delta_sensor_async.py
[2023-06-18T13:45:58.155+0530] {processor.py:826} INFO - Processing file /home/shubham/.local/lib/python3.10/site-packages/airflow/example_dags/example_time_delta_sensor_async.py for tasks to queue
[2023-06-18T13:45:58.156+0530] {logging_mixin.py:149} INFO - [2023-06-18T13:45:58.155+0530] {dagbag.py:541} INFO - Filling up the DagBag from /home/shubham/.local/lib/python3.10/site-packages/airflow/example_dags/example_time_delta_sensor_async.py
[2023-06-18T13:45:58.158+0530] {processor.py:836} INFO - DAG(s) dict_keys(['example_time_delta_sensor_async']) retrieved from /home/shubham/.local/lib/python3.10/site-packages/airflow/example_dags/example_time_delta_sensor_async.py
[2023-06-18T13:45:58.170+0530] {logging_mixin.py:149} INFO - [2023-06-18T13:45:58.170+0530] {dag.py:2726} INFO - Sync 1 DAGs
[2023-06-18T13:45:58.181+0530] {logging_mixin.py:149} INFO - [2023-06-18T13:45:58.181+0530] {dag.py:3486} INFO - Setting next_dagrun for example_time_delta_sensor_async to None, run_after=None
[2023-06-18T13:45:58.197+0530] {processor.py:179} INFO - Processing /home/shubham/.local/lib/python3.10/site-packages/airflow/example_dags/example_time_delta_sensor_async.py took 0.045 seconds
[2023-06-18T13:46:45.335+0530] {processor.py:157} INFO - Started process (PID=232) to work on /home/shubham/.local/lib/python3.10/site-packages/airflow/example_dags/example_time_delta_sensor_async.py
[2023-06-18T13:46:45.336+0530] {processor.py:826} INFO - Processing file /home/shubham/.local/lib/python3.10/site-packages/airflow/example_dags/example_time_delta_sensor_async.py for tasks to queue
[2023-06-18T13:46:45.336+0530] {logging_mixin.py:149} INFO - [2023-06-18T13:46:45.336+0530] {dagbag.py:541} INFO - Filling up the DagBag from /home/shubham/.local/lib/python3.10/site-packages/airflow/example_dags/example_time_delta_sensor_async.py
[2023-06-18T13:46:45.340+0530] {processor.py:836} INFO - DAG(s) dict_keys(['example_time_delta_sensor_async']) retrieved from /home/shubham/.local/lib/python3.10/site-packages/airflow/example_dags/example_time_delta_sensor_async.py
[2023-06-18T13:46:45.353+0530] {logging_mixin.py:149} INFO - [2023-06-18T13:46:45.353+0530] {dag.py:2726} INFO - Sync 1 DAGs
[2023-06-18T13:46:45.364+0530] {logging_mixin.py:149} INFO - [2023-06-18T13:46:45.364+0530] {dag.py:3486} INFO - Setting next_dagrun for example_time_delta_sensor_async to None, run_after=None
[2023-06-18T13:46:45.380+0530] {processor.py:179} INFO - Processing /home/shubham/.local/lib/python3.10/site-packages/airflow/example_dags/example_time_delta_sensor_async.py took 0.048 seconds
[2023-06-18T13:47:33.166+0530] {processor.py:157} INFO - Started process (PID=280) to work on /home/shubham/.local/lib/python3.10/site-packages/airflow/example_dags/example_time_delta_sensor_async.py
[2023-06-18T13:47:33.168+0530] {processor.py:826} INFO - Processing file /home/shubham/.local/lib/python3.10/site-packages/airflow/example_dags/example_time_delta_sensor_async.py for tasks to queue
[2023-06-18T13:47:33.168+0530] {logging_mixin.py:149} INFO - [2023-06-18T13:47:33.168+0530] {dagbag.py:541} INFO - Filling up the DagBag from /home/shubham/.local/lib/python3.10/site-packages/airflow/example_dags/example_time_delta_sensor_async.py
[2023-06-18T13:47:33.171+0530] {processor.py:836} INFO - DAG(s) dict_keys(['example_time_delta_sensor_async']) retrieved from /home/shubham/.local/lib/python3.10/site-packages/airflow/example_dags/example_time_delta_sensor_async.py
[2023-06-18T13:47:33.190+0530] {logging_mixin.py:149} INFO - [2023-06-18T13:47:33.190+0530] {dag.py:2726} INFO - Sync 1 DAGs
[2023-06-18T13:47:33.210+0530] {logging_mixin.py:149} INFO - [2023-06-18T13:47:33.210+0530] {dag.py:3486} INFO - Setting next_dagrun for example_time_delta_sensor_async to None, run_after=None
[2023-06-18T13:47:33.361+0530] {processor.py:179} INFO - Processing /home/shubham/.local/lib/python3.10/site-packages/airflow/example_dags/example_time_delta_sensor_async.py took 0.197 seconds
[2023-06-18T13:52:18.962+0530] {processor.py:157} INFO - Started process (PID=467) to work on /home/shubham/.local/lib/python3.10/site-packages/airflow/example_dags/example_time_delta_sensor_async.py
[2023-06-18T13:52:18.963+0530] {processor.py:826} INFO - Processing file /home/shubham/.local/lib/python3.10/site-packages/airflow/example_dags/example_time_delta_sensor_async.py for tasks to queue
[2023-06-18T13:52:18.963+0530] {logging_mixin.py:149} INFO - [2023-06-18T13:52:18.963+0530] {dagbag.py:541} INFO - Filling up the DagBag from /home/shubham/.local/lib/python3.10/site-packages/airflow/example_dags/example_time_delta_sensor_async.py
[2023-06-18T13:52:18.968+0530] {processor.py:836} INFO - DAG(s) dict_keys(['example_time_delta_sensor_async']) retrieved from /home/shubham/.local/lib/python3.10/site-packages/airflow/example_dags/example_time_delta_sensor_async.py
[2023-06-18T13:52:18.983+0530] {logging_mixin.py:149} INFO - [2023-06-18T13:52:18.983+0530] {dag.py:2726} INFO - Sync 1 DAGs
[2023-06-18T13:52:18.994+0530] {logging_mixin.py:149} INFO - [2023-06-18T13:52:18.994+0530] {dag.py:3486} INFO - Setting next_dagrun for example_time_delta_sensor_async to None, run_after=None
[2023-06-18T13:52:19.010+0530] {processor.py:179} INFO - Processing /home/shubham/.local/lib/python3.10/site-packages/airflow/example_dags/example_time_delta_sensor_async.py took 0.050 seconds
[2023-06-18T13:53:03.228+0530] {processor.py:157} INFO - Started process (PID=513) to work on /home/shubham/.local/lib/python3.10/site-packages/airflow/example_dags/example_time_delta_sensor_async.py
[2023-06-18T13:53:03.229+0530] {processor.py:826} INFO - Processing file /home/shubham/.local/lib/python3.10/site-packages/airflow/example_dags/example_time_delta_sensor_async.py for tasks to queue
[2023-06-18T13:53:03.230+0530] {logging_mixin.py:149} INFO - [2023-06-18T13:53:03.230+0530] {dagbag.py:541} INFO - Filling up the DagBag from /home/shubham/.local/lib/python3.10/site-packages/airflow/example_dags/example_time_delta_sensor_async.py
[2023-06-18T13:53:03.234+0530] {processor.py:836} INFO - DAG(s) dict_keys(['example_time_delta_sensor_async']) retrieved from /home/shubham/.local/lib/python3.10/site-packages/airflow/example_dags/example_time_delta_sensor_async.py
[2023-06-18T13:53:03.247+0530] {logging_mixin.py:149} INFO - [2023-06-18T13:53:03.247+0530] {dag.py:2726} INFO - Sync 1 DAGs
[2023-06-18T13:53:03.259+0530] {logging_mixin.py:149} INFO - [2023-06-18T13:53:03.259+0530] {dag.py:3486} INFO - Setting next_dagrun for example_time_delta_sensor_async to None, run_after=None
[2023-06-18T13:53:03.275+0530] {processor.py:179} INFO - Processing /home/shubham/.local/lib/python3.10/site-packages/airflow/example_dags/example_time_delta_sensor_async.py took 0.049 seconds
[2023-06-18T14:39:53.378+0530] {processor.py:157} INFO - Started process (PID=3222) to work on /home/shubham/.local/lib/python3.10/site-packages/airflow/example_dags/example_time_delta_sensor_async.py
[2023-06-18T14:39:53.379+0530] {processor.py:826} INFO - Processing file /home/shubham/.local/lib/python3.10/site-packages/airflow/example_dags/example_time_delta_sensor_async.py for tasks to queue
[2023-06-18T14:39:53.379+0530] {logging_mixin.py:149} INFO - [2023-06-18T14:39:53.379+0530] {dagbag.py:541} INFO - Filling up the DagBag from /home/shubham/.local/lib/python3.10/site-packages/airflow/example_dags/example_time_delta_sensor_async.py
[2023-06-18T14:39:53.385+0530] {processor.py:836} INFO - DAG(s) dict_keys(['example_time_delta_sensor_async']) retrieved from /home/shubham/.local/lib/python3.10/site-packages/airflow/example_dags/example_time_delta_sensor_async.py
[2023-06-18T14:39:53.404+0530] {logging_mixin.py:149} INFO - [2023-06-18T14:39:53.404+0530] {dag.py:2726} INFO - Sync 1 DAGs
[2023-06-18T14:39:53.418+0530] {logging_mixin.py:149} INFO - [2023-06-18T14:39:53.418+0530] {dag.py:3486} INFO - Setting next_dagrun for example_time_delta_sensor_async to None, run_after=None
[2023-06-18T14:39:53.435+0530] {processor.py:179} INFO - Processing /home/shubham/.local/lib/python3.10/site-packages/airflow/example_dags/example_time_delta_sensor_async.py took 0.059 seconds
[2023-06-18T14:40:38.468+0530] {processor.py:157} INFO - Started process (PID=3282) to work on /home/shubham/.local/lib/python3.10/site-packages/airflow/example_dags/example_time_delta_sensor_async.py
[2023-06-18T14:40:38.469+0530] {processor.py:826} INFO - Processing file /home/shubham/.local/lib/python3.10/site-packages/airflow/example_dags/example_time_delta_sensor_async.py for tasks to queue
[2023-06-18T14:40:38.469+0530] {logging_mixin.py:149} INFO - [2023-06-18T14:40:38.469+0530] {dagbag.py:541} INFO - Filling up the DagBag from /home/shubham/.local/lib/python3.10/site-packages/airflow/example_dags/example_time_delta_sensor_async.py
[2023-06-18T14:40:38.473+0530] {processor.py:836} INFO - DAG(s) dict_keys(['example_time_delta_sensor_async']) retrieved from /home/shubham/.local/lib/python3.10/site-packages/airflow/example_dags/example_time_delta_sensor_async.py
[2023-06-18T14:40:38.488+0530] {logging_mixin.py:149} INFO - [2023-06-18T14:40:38.488+0530] {dag.py:2726} INFO - Sync 1 DAGs
[2023-06-18T14:40:38.502+0530] {logging_mixin.py:149} INFO - [2023-06-18T14:40:38.501+0530] {dag.py:3486} INFO - Setting next_dagrun for example_time_delta_sensor_async to None, run_after=None
[2023-06-18T14:40:38.517+0530] {processor.py:179} INFO - Processing /home/shubham/.local/lib/python3.10/site-packages/airflow/example_dags/example_time_delta_sensor_async.py took 0.052 seconds
[2023-06-18T14:41:21.469+0530] {processor.py:157} INFO - Started process (PID=3599) to work on /home/shubham/.local/lib/python3.10/site-packages/airflow/example_dags/example_time_delta_sensor_async.py
[2023-06-18T14:41:21.471+0530] {processor.py:826} INFO - Processing file /home/shubham/.local/lib/python3.10/site-packages/airflow/example_dags/example_time_delta_sensor_async.py for tasks to queue
[2023-06-18T14:41:21.471+0530] {logging_mixin.py:149} INFO - [2023-06-18T14:41:21.471+0530] {dagbag.py:541} INFO - Filling up the DagBag from /home/shubham/.local/lib/python3.10/site-packages/airflow/example_dags/example_time_delta_sensor_async.py
[2023-06-18T14:41:21.474+0530] {processor.py:836} INFO - DAG(s) dict_keys(['example_time_delta_sensor_async']) retrieved from /home/shubham/.local/lib/python3.10/site-packages/airflow/example_dags/example_time_delta_sensor_async.py
[2023-06-18T14:41:21.488+0530] {logging_mixin.py:149} INFO - [2023-06-18T14:41:21.487+0530] {dag.py:2726} INFO - Sync 1 DAGs
[2023-06-18T14:41:21.500+0530] {logging_mixin.py:149} INFO - [2023-06-18T14:41:21.500+0530] {dag.py:3486} INFO - Setting next_dagrun for example_time_delta_sensor_async to None, run_after=None
[2023-06-18T14:41:21.515+0530] {processor.py:179} INFO - Processing /home/shubham/.local/lib/python3.10/site-packages/airflow/example_dags/example_time_delta_sensor_async.py took 0.048 seconds
[2023-06-18T14:42:06.861+0530] {processor.py:157} INFO - Started process (PID=3672) to work on /home/shubham/.local/lib/python3.10/site-packages/airflow/example_dags/example_time_delta_sensor_async.py
[2023-06-18T14:42:06.862+0530] {processor.py:826} INFO - Processing file /home/shubham/.local/lib/python3.10/site-packages/airflow/example_dags/example_time_delta_sensor_async.py for tasks to queue
[2023-06-18T14:42:06.863+0530] {logging_mixin.py:149} INFO - [2023-06-18T14:42:06.863+0530] {dagbag.py:541} INFO - Filling up the DagBag from /home/shubham/.local/lib/python3.10/site-packages/airflow/example_dags/example_time_delta_sensor_async.py
[2023-06-18T14:42:06.866+0530] {processor.py:836} INFO - DAG(s) dict_keys(['example_time_delta_sensor_async']) retrieved from /home/shubham/.local/lib/python3.10/site-packages/airflow/example_dags/example_time_delta_sensor_async.py
[2023-06-18T14:42:06.885+0530] {logging_mixin.py:149} INFO - [2023-06-18T14:42:06.885+0530] {dag.py:2726} INFO - Sync 1 DAGs
[2023-06-18T14:42:06.901+0530] {logging_mixin.py:149} INFO - [2023-06-18T14:42:06.900+0530] {dag.py:3486} INFO - Setting next_dagrun for example_time_delta_sensor_async to None, run_after=None
[2023-06-18T14:42:06.919+0530] {processor.py:179} INFO - Processing /home/shubham/.local/lib/python3.10/site-packages/airflow/example_dags/example_time_delta_sensor_async.py took 0.061 seconds
[2023-06-18T14:42:52.924+0530] {processor.py:157} INFO - Started process (PID=3780) to work on /home/shubham/.local/lib/python3.10/site-packages/airflow/example_dags/example_time_delta_sensor_async.py
[2023-06-18T14:42:52.925+0530] {processor.py:826} INFO - Processing file /home/shubham/.local/lib/python3.10/site-packages/airflow/example_dags/example_time_delta_sensor_async.py for tasks to queue
[2023-06-18T14:42:52.926+0530] {logging_mixin.py:149} INFO - [2023-06-18T14:42:52.925+0530] {dagbag.py:541} INFO - Filling up the DagBag from /home/shubham/.local/lib/python3.10/site-packages/airflow/example_dags/example_time_delta_sensor_async.py
[2023-06-18T14:42:52.929+0530] {processor.py:836} INFO - DAG(s) dict_keys(['example_time_delta_sensor_async']) retrieved from /home/shubham/.local/lib/python3.10/site-packages/airflow/example_dags/example_time_delta_sensor_async.py
[2023-06-18T14:42:52.943+0530] {logging_mixin.py:149} INFO - [2023-06-18T14:42:52.942+0530] {dag.py:2726} INFO - Sync 1 DAGs
[2023-06-18T14:42:52.955+0530] {logging_mixin.py:149} INFO - [2023-06-18T14:42:52.955+0530] {dag.py:3486} INFO - Setting next_dagrun for example_time_delta_sensor_async to None, run_after=None
[2023-06-18T14:42:52.971+0530] {processor.py:179} INFO - Processing /home/shubham/.local/lib/python3.10/site-packages/airflow/example_dags/example_time_delta_sensor_async.py took 0.050 seconds
[2023-06-18T14:43:41.345+0530] {processor.py:157} INFO - Started process (PID=3829) to work on /home/shubham/.local/lib/python3.10/site-packages/airflow/example_dags/example_time_delta_sensor_async.py
[2023-06-18T14:43:41.348+0530] {processor.py:826} INFO - Processing file /home/shubham/.local/lib/python3.10/site-packages/airflow/example_dags/example_time_delta_sensor_async.py for tasks to queue
[2023-06-18T14:43:41.350+0530] {logging_mixin.py:149} INFO - [2023-06-18T14:43:41.349+0530] {dagbag.py:541} INFO - Filling up the DagBag from /home/shubham/.local/lib/python3.10/site-packages/airflow/example_dags/example_time_delta_sensor_async.py
[2023-06-18T14:43:41.362+0530] {processor.py:836} INFO - DAG(s) dict_keys(['example_time_delta_sensor_async']) retrieved from /home/shubham/.local/lib/python3.10/site-packages/airflow/example_dags/example_time_delta_sensor_async.py
[2023-06-18T14:43:41.413+0530] {logging_mixin.py:149} INFO - [2023-06-18T14:43:41.412+0530] {dag.py:2726} INFO - Sync 1 DAGs
[2023-06-18T14:43:41.476+0530] {logging_mixin.py:149} INFO - [2023-06-18T14:43:41.475+0530] {dag.py:3486} INFO - Setting next_dagrun for example_time_delta_sensor_async to None, run_after=None
[2023-06-18T14:43:41.565+0530] {processor.py:179} INFO - Processing /home/shubham/.local/lib/python3.10/site-packages/airflow/example_dags/example_time_delta_sensor_async.py took 0.226 seconds
[2023-06-18T14:44:29.378+0530] {processor.py:157} INFO - Started process (PID=3878) to work on /home/shubham/.local/lib/python3.10/site-packages/airflow/example_dags/example_time_delta_sensor_async.py
[2023-06-18T14:44:29.380+0530] {processor.py:826} INFO - Processing file /home/shubham/.local/lib/python3.10/site-packages/airflow/example_dags/example_time_delta_sensor_async.py for tasks to queue
[2023-06-18T14:44:29.380+0530] {logging_mixin.py:149} INFO - [2023-06-18T14:44:29.380+0530] {dagbag.py:541} INFO - Filling up the DagBag from /home/shubham/.local/lib/python3.10/site-packages/airflow/example_dags/example_time_delta_sensor_async.py
[2023-06-18T14:44:29.383+0530] {processor.py:836} INFO - DAG(s) dict_keys(['example_time_delta_sensor_async']) retrieved from /home/shubham/.local/lib/python3.10/site-packages/airflow/example_dags/example_time_delta_sensor_async.py
[2023-06-18T14:44:29.396+0530] {logging_mixin.py:149} INFO - [2023-06-18T14:44:29.396+0530] {dag.py:2726} INFO - Sync 1 DAGs
[2023-06-18T14:44:29.408+0530] {logging_mixin.py:149} INFO - [2023-06-18T14:44:29.408+0530] {dag.py:3486} INFO - Setting next_dagrun for example_time_delta_sensor_async to None, run_after=None
[2023-06-18T14:44:29.424+0530] {processor.py:179} INFO - Processing /home/shubham/.local/lib/python3.10/site-packages/airflow/example_dags/example_time_delta_sensor_async.py took 0.049 seconds
[2023-06-18T14:45:15.602+0530] {processor.py:157} INFO - Started process (PID=3925) to work on /home/shubham/.local/lib/python3.10/site-packages/airflow/example_dags/example_time_delta_sensor_async.py
[2023-06-18T14:45:15.604+0530] {processor.py:826} INFO - Processing file /home/shubham/.local/lib/python3.10/site-packages/airflow/example_dags/example_time_delta_sensor_async.py for tasks to queue
[2023-06-18T14:45:15.604+0530] {logging_mixin.py:149} INFO - [2023-06-18T14:45:15.604+0530] {dagbag.py:541} INFO - Filling up the DagBag from /home/shubham/.local/lib/python3.10/site-packages/airflow/example_dags/example_time_delta_sensor_async.py
[2023-06-18T14:45:15.607+0530] {processor.py:836} INFO - DAG(s) dict_keys(['example_time_delta_sensor_async']) retrieved from /home/shubham/.local/lib/python3.10/site-packages/airflow/example_dags/example_time_delta_sensor_async.py
[2023-06-18T14:45:15.623+0530] {logging_mixin.py:149} INFO - [2023-06-18T14:45:15.623+0530] {dag.py:2726} INFO - Sync 1 DAGs
[2023-06-18T14:45:15.635+0530] {logging_mixin.py:149} INFO - [2023-06-18T14:45:15.635+0530] {dag.py:3486} INFO - Setting next_dagrun for example_time_delta_sensor_async to None, run_after=None
[2023-06-18T14:45:15.656+0530] {processor.py:179} INFO - Processing /home/shubham/.local/lib/python3.10/site-packages/airflow/example_dags/example_time_delta_sensor_async.py took 0.056 seconds
[2023-06-18T14:45:59.567+0530] {processor.py:157} INFO - Started process (PID=3971) to work on /home/shubham/.local/lib/python3.10/site-packages/airflow/example_dags/example_time_delta_sensor_async.py
[2023-06-18T14:45:59.568+0530] {processor.py:826} INFO - Processing file /home/shubham/.local/lib/python3.10/site-packages/airflow/example_dags/example_time_delta_sensor_async.py for tasks to queue
[2023-06-18T14:45:59.568+0530] {logging_mixin.py:149} INFO - [2023-06-18T14:45:59.568+0530] {dagbag.py:541} INFO - Filling up the DagBag from /home/shubham/.local/lib/python3.10/site-packages/airflow/example_dags/example_time_delta_sensor_async.py
[2023-06-18T14:45:59.571+0530] {processor.py:836} INFO - DAG(s) dict_keys(['example_time_delta_sensor_async']) retrieved from /home/shubham/.local/lib/python3.10/site-packages/airflow/example_dags/example_time_delta_sensor_async.py
[2023-06-18T14:45:59.585+0530] {logging_mixin.py:149} INFO - [2023-06-18T14:45:59.585+0530] {dag.py:2726} INFO - Sync 1 DAGs
[2023-06-18T14:45:59.597+0530] {logging_mixin.py:149} INFO - [2023-06-18T14:45:59.597+0530] {dag.py:3486} INFO - Setting next_dagrun for example_time_delta_sensor_async to None, run_after=None
[2023-06-18T14:45:59.614+0530] {processor.py:179} INFO - Processing /home/shubham/.local/lib/python3.10/site-packages/airflow/example_dags/example_time_delta_sensor_async.py took 0.049 seconds
[2023-06-18T14:46:41.745+0530] {processor.py:157} INFO - Started process (PID=4015) to work on /home/shubham/.local/lib/python3.10/site-packages/airflow/example_dags/example_time_delta_sensor_async.py
[2023-06-18T14:46:41.747+0530] {processor.py:826} INFO - Processing file /home/shubham/.local/lib/python3.10/site-packages/airflow/example_dags/example_time_delta_sensor_async.py for tasks to queue
[2023-06-18T14:46:41.747+0530] {logging_mixin.py:149} INFO - [2023-06-18T14:46:41.747+0530] {dagbag.py:541} INFO - Filling up the DagBag from /home/shubham/.local/lib/python3.10/site-packages/airflow/example_dags/example_time_delta_sensor_async.py
[2023-06-18T14:46:41.750+0530] {processor.py:836} INFO - DAG(s) dict_keys(['example_time_delta_sensor_async']) retrieved from /home/shubham/.local/lib/python3.10/site-packages/airflow/example_dags/example_time_delta_sensor_async.py
[2023-06-18T14:46:41.763+0530] {logging_mixin.py:149} INFO - [2023-06-18T14:46:41.763+0530] {dag.py:2726} INFO - Sync 1 DAGs
[2023-06-18T14:46:41.775+0530] {logging_mixin.py:149} INFO - [2023-06-18T14:46:41.775+0530] {dag.py:3486} INFO - Setting next_dagrun for example_time_delta_sensor_async to None, run_after=None
[2023-06-18T14:46:41.793+0530] {processor.py:179} INFO - Processing /home/shubham/.local/lib/python3.10/site-packages/airflow/example_dags/example_time_delta_sensor_async.py took 0.049 seconds
[2023-06-18T14:47:28.053+0530] {processor.py:157} INFO - Started process (PID=4063) to work on /home/shubham/.local/lib/python3.10/site-packages/airflow/example_dags/example_time_delta_sensor_async.py
[2023-06-18T14:47:28.054+0530] {processor.py:826} INFO - Processing file /home/shubham/.local/lib/python3.10/site-packages/airflow/example_dags/example_time_delta_sensor_async.py for tasks to queue
[2023-06-18T14:47:28.054+0530] {logging_mixin.py:149} INFO - [2023-06-18T14:47:28.054+0530] {dagbag.py:541} INFO - Filling up the DagBag from /home/shubham/.local/lib/python3.10/site-packages/airflow/example_dags/example_time_delta_sensor_async.py
[2023-06-18T14:47:28.057+0530] {processor.py:836} INFO - DAG(s) dict_keys(['example_time_delta_sensor_async']) retrieved from /home/shubham/.local/lib/python3.10/site-packages/airflow/example_dags/example_time_delta_sensor_async.py
[2023-06-18T14:47:28.071+0530] {logging_mixin.py:149} INFO - [2023-06-18T14:47:28.070+0530] {dag.py:2726} INFO - Sync 1 DAGs
[2023-06-18T14:47:28.082+0530] {logging_mixin.py:149} INFO - [2023-06-18T14:47:28.082+0530] {dag.py:3486} INFO - Setting next_dagrun for example_time_delta_sensor_async to None, run_after=None
[2023-06-18T14:47:28.099+0530] {processor.py:179} INFO - Processing /home/shubham/.local/lib/python3.10/site-packages/airflow/example_dags/example_time_delta_sensor_async.py took 0.048 seconds
[2023-06-18T14:48:14.271+0530] {processor.py:157} INFO - Started process (PID=4111) to work on /home/shubham/.local/lib/python3.10/site-packages/airflow/example_dags/example_time_delta_sensor_async.py
[2023-06-18T14:48:14.272+0530] {processor.py:826} INFO - Processing file /home/shubham/.local/lib/python3.10/site-packages/airflow/example_dags/example_time_delta_sensor_async.py for tasks to queue
[2023-06-18T14:48:14.273+0530] {logging_mixin.py:149} INFO - [2023-06-18T14:48:14.273+0530] {dagbag.py:541} INFO - Filling up the DagBag from /home/shubham/.local/lib/python3.10/site-packages/airflow/example_dags/example_time_delta_sensor_async.py
[2023-06-18T14:48:14.276+0530] {processor.py:836} INFO - DAG(s) dict_keys(['example_time_delta_sensor_async']) retrieved from /home/shubham/.local/lib/python3.10/site-packages/airflow/example_dags/example_time_delta_sensor_async.py
[2023-06-18T14:48:14.291+0530] {logging_mixin.py:149} INFO - [2023-06-18T14:48:14.291+0530] {dag.py:2726} INFO - Sync 1 DAGs
[2023-06-18T14:48:14.308+0530] {logging_mixin.py:149} INFO - [2023-06-18T14:48:14.307+0530] {dag.py:3486} INFO - Setting next_dagrun for example_time_delta_sensor_async to None, run_after=None
[2023-06-18T14:48:14.326+0530] {processor.py:179} INFO - Processing /home/shubham/.local/lib/python3.10/site-packages/airflow/example_dags/example_time_delta_sensor_async.py took 0.058 seconds
[2023-06-18T14:48:57.841+0530] {processor.py:157} INFO - Started process (PID=4157) to work on /home/shubham/.local/lib/python3.10/site-packages/airflow/example_dags/example_time_delta_sensor_async.py
[2023-06-18T14:48:57.842+0530] {processor.py:826} INFO - Processing file /home/shubham/.local/lib/python3.10/site-packages/airflow/example_dags/example_time_delta_sensor_async.py for tasks to queue
[2023-06-18T14:48:57.843+0530] {logging_mixin.py:149} INFO - [2023-06-18T14:48:57.843+0530] {dagbag.py:541} INFO - Filling up the DagBag from /home/shubham/.local/lib/python3.10/site-packages/airflow/example_dags/example_time_delta_sensor_async.py
[2023-06-18T14:48:57.846+0530] {processor.py:836} INFO - DAG(s) dict_keys(['example_time_delta_sensor_async']) retrieved from /home/shubham/.local/lib/python3.10/site-packages/airflow/example_dags/example_time_delta_sensor_async.py
[2023-06-18T14:48:57.859+0530] {logging_mixin.py:149} INFO - [2023-06-18T14:48:57.859+0530] {dag.py:2726} INFO - Sync 1 DAGs
[2023-06-18T14:48:57.871+0530] {logging_mixin.py:149} INFO - [2023-06-18T14:48:57.871+0530] {dag.py:3486} INFO - Setting next_dagrun for example_time_delta_sensor_async to None, run_after=None
[2023-06-18T14:48:57.888+0530] {processor.py:179} INFO - Processing /home/shubham/.local/lib/python3.10/site-packages/airflow/example_dags/example_time_delta_sensor_async.py took 0.050 seconds
[2023-06-18T14:49:40.455+0530] {processor.py:157} INFO - Started process (PID=4202) to work on /home/shubham/.local/lib/python3.10/site-packages/airflow/example_dags/example_time_delta_sensor_async.py
[2023-06-18T14:49:40.457+0530] {processor.py:826} INFO - Processing file /home/shubham/.local/lib/python3.10/site-packages/airflow/example_dags/example_time_delta_sensor_async.py for tasks to queue
[2023-06-18T14:49:40.458+0530] {logging_mixin.py:149} INFO - [2023-06-18T14:49:40.457+0530] {dagbag.py:541} INFO - Filling up the DagBag from /home/shubham/.local/lib/python3.10/site-packages/airflow/example_dags/example_time_delta_sensor_async.py
[2023-06-18T14:49:40.460+0530] {processor.py:836} INFO - DAG(s) dict_keys(['example_time_delta_sensor_async']) retrieved from /home/shubham/.local/lib/python3.10/site-packages/airflow/example_dags/example_time_delta_sensor_async.py
[2023-06-18T14:49:40.474+0530] {logging_mixin.py:149} INFO - [2023-06-18T14:49:40.474+0530] {dag.py:2726} INFO - Sync 1 DAGs
[2023-06-18T14:49:40.486+0530] {logging_mixin.py:149} INFO - [2023-06-18T14:49:40.486+0530] {dag.py:3486} INFO - Setting next_dagrun for example_time_delta_sensor_async to None, run_after=None
[2023-06-18T14:49:40.502+0530] {processor.py:179} INFO - Processing /home/shubham/.local/lib/python3.10/site-packages/airflow/example_dags/example_time_delta_sensor_async.py took 0.049 seconds
[2023-06-18T14:50:22.729+0530] {processor.py:157} INFO - Started process (PID=4247) to work on /home/shubham/.local/lib/python3.10/site-packages/airflow/example_dags/example_time_delta_sensor_async.py
[2023-06-18T14:50:22.731+0530] {processor.py:826} INFO - Processing file /home/shubham/.local/lib/python3.10/site-packages/airflow/example_dags/example_time_delta_sensor_async.py for tasks to queue
[2023-06-18T14:50:22.731+0530] {logging_mixin.py:149} INFO - [2023-06-18T14:50:22.731+0530] {dagbag.py:541} INFO - Filling up the DagBag from /home/shubham/.local/lib/python3.10/site-packages/airflow/example_dags/example_time_delta_sensor_async.py
[2023-06-18T14:50:22.734+0530] {processor.py:836} INFO - DAG(s) dict_keys(['example_time_delta_sensor_async']) retrieved from /home/shubham/.local/lib/python3.10/site-packages/airflow/example_dags/example_time_delta_sensor_async.py
[2023-06-18T14:50:22.747+0530] {logging_mixin.py:149} INFO - [2023-06-18T14:50:22.747+0530] {dag.py:2726} INFO - Sync 1 DAGs
[2023-06-18T14:50:22.759+0530] {logging_mixin.py:149} INFO - [2023-06-18T14:50:22.759+0530] {dag.py:3486} INFO - Setting next_dagrun for example_time_delta_sensor_async to None, run_after=None
[2023-06-18T14:50:22.776+0530] {processor.py:179} INFO - Processing /home/shubham/.local/lib/python3.10/site-packages/airflow/example_dags/example_time_delta_sensor_async.py took 0.049 seconds
[2023-06-18T14:51:07.066+0530] {processor.py:157} INFO - Started process (PID=4293) to work on /home/shubham/.local/lib/python3.10/site-packages/airflow/example_dags/example_time_delta_sensor_async.py
[2023-06-18T14:51:07.068+0530] {processor.py:826} INFO - Processing file /home/shubham/.local/lib/python3.10/site-packages/airflow/example_dags/example_time_delta_sensor_async.py for tasks to queue
[2023-06-18T14:51:07.068+0530] {logging_mixin.py:149} INFO - [2023-06-18T14:51:07.068+0530] {dagbag.py:541} INFO - Filling up the DagBag from /home/shubham/.local/lib/python3.10/site-packages/airflow/example_dags/example_time_delta_sensor_async.py
[2023-06-18T14:51:07.072+0530] {processor.py:836} INFO - DAG(s) dict_keys(['example_time_delta_sensor_async']) retrieved from /home/shubham/.local/lib/python3.10/site-packages/airflow/example_dags/example_time_delta_sensor_async.py
[2023-06-18T14:51:07.085+0530] {logging_mixin.py:149} INFO - [2023-06-18T14:51:07.085+0530] {dag.py:2726} INFO - Sync 1 DAGs
[2023-06-18T14:51:07.097+0530] {logging_mixin.py:149} INFO - [2023-06-18T14:51:07.097+0530] {dag.py:3486} INFO - Setting next_dagrun for example_time_delta_sensor_async to None, run_after=None
[2023-06-18T14:51:07.113+0530] {processor.py:179} INFO - Processing /home/shubham/.local/lib/python3.10/site-packages/airflow/example_dags/example_time_delta_sensor_async.py took 0.048 seconds
[2023-06-18T14:51:49.847+0530] {processor.py:157} INFO - Started process (PID=4337) to work on /home/shubham/.local/lib/python3.10/site-packages/airflow/example_dags/example_time_delta_sensor_async.py
[2023-06-18T14:51:49.848+0530] {processor.py:826} INFO - Processing file /home/shubham/.local/lib/python3.10/site-packages/airflow/example_dags/example_time_delta_sensor_async.py for tasks to queue
[2023-06-18T14:51:49.849+0530] {logging_mixin.py:149} INFO - [2023-06-18T14:51:49.849+0530] {dagbag.py:541} INFO - Filling up the DagBag from /home/shubham/.local/lib/python3.10/site-packages/airflow/example_dags/example_time_delta_sensor_async.py
[2023-06-18T14:51:49.852+0530] {processor.py:836} INFO - DAG(s) dict_keys(['example_time_delta_sensor_async']) retrieved from /home/shubham/.local/lib/python3.10/site-packages/airflow/example_dags/example_time_delta_sensor_async.py
[2023-06-18T14:51:49.866+0530] {logging_mixin.py:149} INFO - [2023-06-18T14:51:49.865+0530] {dag.py:2726} INFO - Sync 1 DAGs
[2023-06-18T14:51:49.878+0530] {logging_mixin.py:149} INFO - [2023-06-18T14:51:49.878+0530] {dag.py:3486} INFO - Setting next_dagrun for example_time_delta_sensor_async to None, run_after=None
[2023-06-18T14:51:49.895+0530] {processor.py:179} INFO - Processing /home/shubham/.local/lib/python3.10/site-packages/airflow/example_dags/example_time_delta_sensor_async.py took 0.051 seconds
[2023-06-18T14:52:32.064+0530] {processor.py:157} INFO - Started process (PID=4383) to work on /home/shubham/.local/lib/python3.10/site-packages/airflow/example_dags/example_time_delta_sensor_async.py
[2023-06-18T14:52:32.065+0530] {processor.py:826} INFO - Processing file /home/shubham/.local/lib/python3.10/site-packages/airflow/example_dags/example_time_delta_sensor_async.py for tasks to queue
[2023-06-18T14:52:32.066+0530] {logging_mixin.py:149} INFO - [2023-06-18T14:52:32.066+0530] {dagbag.py:541} INFO - Filling up the DagBag from /home/shubham/.local/lib/python3.10/site-packages/airflow/example_dags/example_time_delta_sensor_async.py
[2023-06-18T14:52:32.069+0530] {processor.py:836} INFO - DAG(s) dict_keys(['example_time_delta_sensor_async']) retrieved from /home/shubham/.local/lib/python3.10/site-packages/airflow/example_dags/example_time_delta_sensor_async.py
[2023-06-18T14:52:32.082+0530] {logging_mixin.py:149} INFO - [2023-06-18T14:52:32.082+0530] {dag.py:2726} INFO - Sync 1 DAGs
[2023-06-18T14:52:32.094+0530] {logging_mixin.py:149} INFO - [2023-06-18T14:52:32.094+0530] {dag.py:3486} INFO - Setting next_dagrun for example_time_delta_sensor_async to None, run_after=None
[2023-06-18T14:52:32.110+0530] {processor.py:179} INFO - Processing /home/shubham/.local/lib/python3.10/site-packages/airflow/example_dags/example_time_delta_sensor_async.py took 0.049 seconds
[2023-06-18T14:53:17.154+0530] {processor.py:157} INFO - Started process (PID=4429) to work on /home/shubham/.local/lib/python3.10/site-packages/airflow/example_dags/example_time_delta_sensor_async.py
[2023-06-18T14:53:17.156+0530] {processor.py:826} INFO - Processing file /home/shubham/.local/lib/python3.10/site-packages/airflow/example_dags/example_time_delta_sensor_async.py for tasks to queue
[2023-06-18T14:53:17.156+0530] {logging_mixin.py:149} INFO - [2023-06-18T14:53:17.156+0530] {dagbag.py:541} INFO - Filling up the DagBag from /home/shubham/.local/lib/python3.10/site-packages/airflow/example_dags/example_time_delta_sensor_async.py
[2023-06-18T14:53:17.159+0530] {processor.py:836} INFO - DAG(s) dict_keys(['example_time_delta_sensor_async']) retrieved from /home/shubham/.local/lib/python3.10/site-packages/airflow/example_dags/example_time_delta_sensor_async.py
[2023-06-18T14:53:17.173+0530] {logging_mixin.py:149} INFO - [2023-06-18T14:53:17.173+0530] {dag.py:2726} INFO - Sync 1 DAGs
[2023-06-18T14:53:17.187+0530] {logging_mixin.py:149} INFO - [2023-06-18T14:53:17.187+0530] {dag.py:3486} INFO - Setting next_dagrun for example_time_delta_sensor_async to None, run_after=None
[2023-06-18T14:53:17.203+0530] {processor.py:179} INFO - Processing /home/shubham/.local/lib/python3.10/site-packages/airflow/example_dags/example_time_delta_sensor_async.py took 0.051 seconds
[2023-06-18T14:54:04.531+0530] {processor.py:157} INFO - Started process (PID=4477) to work on /home/shubham/.local/lib/python3.10/site-packages/airflow/example_dags/example_time_delta_sensor_async.py
[2023-06-18T14:54:04.533+0530] {processor.py:826} INFO - Processing file /home/shubham/.local/lib/python3.10/site-packages/airflow/example_dags/example_time_delta_sensor_async.py for tasks to queue
[2023-06-18T14:54:04.533+0530] {logging_mixin.py:149} INFO - [2023-06-18T14:54:04.533+0530] {dagbag.py:541} INFO - Filling up the DagBag from /home/shubham/.local/lib/python3.10/site-packages/airflow/example_dags/example_time_delta_sensor_async.py
[2023-06-18T14:54:04.536+0530] {processor.py:836} INFO - DAG(s) dict_keys(['example_time_delta_sensor_async']) retrieved from /home/shubham/.local/lib/python3.10/site-packages/airflow/example_dags/example_time_delta_sensor_async.py
[2023-06-18T14:54:04.550+0530] {logging_mixin.py:149} INFO - [2023-06-18T14:54:04.550+0530] {dag.py:2726} INFO - Sync 1 DAGs
[2023-06-18T14:54:04.563+0530] {logging_mixin.py:149} INFO - [2023-06-18T14:54:04.563+0530] {dag.py:3486} INFO - Setting next_dagrun for example_time_delta_sensor_async to None, run_after=None
[2023-06-18T14:54:04.579+0530] {processor.py:179} INFO - Processing /home/shubham/.local/lib/python3.10/site-packages/airflow/example_dags/example_time_delta_sensor_async.py took 0.050 seconds
[2023-06-18T14:54:49.830+0530] {processor.py:157} INFO - Started process (PID=4524) to work on /home/shubham/.local/lib/python3.10/site-packages/airflow/example_dags/example_time_delta_sensor_async.py
[2023-06-18T14:54:49.831+0530] {processor.py:826} INFO - Processing file /home/shubham/.local/lib/python3.10/site-packages/airflow/example_dags/example_time_delta_sensor_async.py for tasks to queue
[2023-06-18T14:54:49.832+0530] {logging_mixin.py:149} INFO - [2023-06-18T14:54:49.832+0530] {dagbag.py:541} INFO - Filling up the DagBag from /home/shubham/.local/lib/python3.10/site-packages/airflow/example_dags/example_time_delta_sensor_async.py
[2023-06-18T14:54:49.835+0530] {processor.py:836} INFO - DAG(s) dict_keys(['example_time_delta_sensor_async']) retrieved from /home/shubham/.local/lib/python3.10/site-packages/airflow/example_dags/example_time_delta_sensor_async.py
[2023-06-18T14:54:49.848+0530] {logging_mixin.py:149} INFO - [2023-06-18T14:54:49.848+0530] {dag.py:2726} INFO - Sync 1 DAGs
[2023-06-18T14:54:49.860+0530] {logging_mixin.py:149} INFO - [2023-06-18T14:54:49.860+0530] {dag.py:3486} INFO - Setting next_dagrun for example_time_delta_sensor_async to None, run_after=None
[2023-06-18T14:54:49.876+0530] {processor.py:179} INFO - Processing /home/shubham/.local/lib/python3.10/site-packages/airflow/example_dags/example_time_delta_sensor_async.py took 0.048 seconds
[2023-06-18T14:55:33.655+0530] {processor.py:157} INFO - Started process (PID=4570) to work on /home/shubham/.local/lib/python3.10/site-packages/airflow/example_dags/example_time_delta_sensor_async.py
[2023-06-18T14:55:33.657+0530] {processor.py:826} INFO - Processing file /home/shubham/.local/lib/python3.10/site-packages/airflow/example_dags/example_time_delta_sensor_async.py for tasks to queue
[2023-06-18T14:55:33.657+0530] {logging_mixin.py:149} INFO - [2023-06-18T14:55:33.657+0530] {dagbag.py:541} INFO - Filling up the DagBag from /home/shubham/.local/lib/python3.10/site-packages/airflow/example_dags/example_time_delta_sensor_async.py
[2023-06-18T14:55:33.660+0530] {processor.py:836} INFO - DAG(s) dict_keys(['example_time_delta_sensor_async']) retrieved from /home/shubham/.local/lib/python3.10/site-packages/airflow/example_dags/example_time_delta_sensor_async.py
[2023-06-18T14:55:33.673+0530] {logging_mixin.py:149} INFO - [2023-06-18T14:55:33.673+0530] {dag.py:2726} INFO - Sync 1 DAGs
[2023-06-18T14:55:33.685+0530] {logging_mixin.py:149} INFO - [2023-06-18T14:55:33.685+0530] {dag.py:3486} INFO - Setting next_dagrun for example_time_delta_sensor_async to None, run_after=None
[2023-06-18T14:55:33.701+0530] {processor.py:179} INFO - Processing /home/shubham/.local/lib/python3.10/site-packages/airflow/example_dags/example_time_delta_sensor_async.py took 0.049 seconds
[2023-06-18T14:56:19.219+0530] {processor.py:157} INFO - Started process (PID=4617) to work on /home/shubham/.local/lib/python3.10/site-packages/airflow/example_dags/example_time_delta_sensor_async.py
[2023-06-18T14:56:19.221+0530] {processor.py:826} INFO - Processing file /home/shubham/.local/lib/python3.10/site-packages/airflow/example_dags/example_time_delta_sensor_async.py for tasks to queue
[2023-06-18T14:56:19.221+0530] {logging_mixin.py:149} INFO - [2023-06-18T14:56:19.221+0530] {dagbag.py:541} INFO - Filling up the DagBag from /home/shubham/.local/lib/python3.10/site-packages/airflow/example_dags/example_time_delta_sensor_async.py
[2023-06-18T14:56:19.225+0530] {processor.py:836} INFO - DAG(s) dict_keys(['example_time_delta_sensor_async']) retrieved from /home/shubham/.local/lib/python3.10/site-packages/airflow/example_dags/example_time_delta_sensor_async.py
[2023-06-18T14:56:19.238+0530] {logging_mixin.py:149} INFO - [2023-06-18T14:56:19.238+0530] {dag.py:2726} INFO - Sync 1 DAGs
[2023-06-18T14:56:19.250+0530] {logging_mixin.py:149} INFO - [2023-06-18T14:56:19.250+0530] {dag.py:3486} INFO - Setting next_dagrun for example_time_delta_sensor_async to None, run_after=None
[2023-06-18T14:56:19.266+0530] {processor.py:179} INFO - Processing /home/shubham/.local/lib/python3.10/site-packages/airflow/example_dags/example_time_delta_sensor_async.py took 0.049 seconds
[2023-06-18T14:57:01.915+0530] {processor.py:157} INFO - Started process (PID=4663) to work on /home/shubham/.local/lib/python3.10/site-packages/airflow/example_dags/example_time_delta_sensor_async.py
[2023-06-18T14:57:01.916+0530] {processor.py:826} INFO - Processing file /home/shubham/.local/lib/python3.10/site-packages/airflow/example_dags/example_time_delta_sensor_async.py for tasks to queue
[2023-06-18T14:57:01.916+0530] {logging_mixin.py:149} INFO - [2023-06-18T14:57:01.916+0530] {dagbag.py:541} INFO - Filling up the DagBag from /home/shubham/.local/lib/python3.10/site-packages/airflow/example_dags/example_time_delta_sensor_async.py
[2023-06-18T14:57:01.919+0530] {processor.py:836} INFO - DAG(s) dict_keys(['example_time_delta_sensor_async']) retrieved from /home/shubham/.local/lib/python3.10/site-packages/airflow/example_dags/example_time_delta_sensor_async.py
[2023-06-18T14:57:01.933+0530] {logging_mixin.py:149} INFO - [2023-06-18T14:57:01.933+0530] {dag.py:2726} INFO - Sync 1 DAGs
[2023-06-18T14:57:01.945+0530] {logging_mixin.py:149} INFO - [2023-06-18T14:57:01.945+0530] {dag.py:3486} INFO - Setting next_dagrun for example_time_delta_sensor_async to None, run_after=None
[2023-06-18T14:57:01.961+0530] {processor.py:179} INFO - Processing /home/shubham/.local/lib/python3.10/site-packages/airflow/example_dags/example_time_delta_sensor_async.py took 0.049 seconds
[2023-06-18T14:57:44.238+0530] {processor.py:157} INFO - Started process (PID=4711) to work on /home/shubham/.local/lib/python3.10/site-packages/airflow/example_dags/example_time_delta_sensor_async.py
[2023-06-18T14:57:44.239+0530] {processor.py:826} INFO - Processing file /home/shubham/.local/lib/python3.10/site-packages/airflow/example_dags/example_time_delta_sensor_async.py for tasks to queue
[2023-06-18T14:57:44.240+0530] {logging_mixin.py:149} INFO - [2023-06-18T14:57:44.240+0530] {dagbag.py:541} INFO - Filling up the DagBag from /home/shubham/.local/lib/python3.10/site-packages/airflow/example_dags/example_time_delta_sensor_async.py
[2023-06-18T14:57:44.243+0530] {processor.py:836} INFO - DAG(s) dict_keys(['example_time_delta_sensor_async']) retrieved from /home/shubham/.local/lib/python3.10/site-packages/airflow/example_dags/example_time_delta_sensor_async.py
[2023-06-18T14:57:44.256+0530] {logging_mixin.py:149} INFO - [2023-06-18T14:57:44.256+0530] {dag.py:2726} INFO - Sync 1 DAGs
[2023-06-18T14:57:44.269+0530] {logging_mixin.py:149} INFO - [2023-06-18T14:57:44.269+0530] {dag.py:3486} INFO - Setting next_dagrun for example_time_delta_sensor_async to None, run_after=None
[2023-06-18T14:57:44.284+0530] {processor.py:179} INFO - Processing /home/shubham/.local/lib/python3.10/site-packages/airflow/example_dags/example_time_delta_sensor_async.py took 0.049 seconds
[2023-06-18T14:58:27.603+0530] {processor.py:157} INFO - Started process (PID=4756) to work on /home/shubham/.local/lib/python3.10/site-packages/airflow/example_dags/example_time_delta_sensor_async.py
[2023-06-18T14:58:27.604+0530] {processor.py:826} INFO - Processing file /home/shubham/.local/lib/python3.10/site-packages/airflow/example_dags/example_time_delta_sensor_async.py for tasks to queue
[2023-06-18T14:58:27.604+0530] {logging_mixin.py:149} INFO - [2023-06-18T14:58:27.604+0530] {dagbag.py:541} INFO - Filling up the DagBag from /home/shubham/.local/lib/python3.10/site-packages/airflow/example_dags/example_time_delta_sensor_async.py
[2023-06-18T14:58:27.608+0530] {processor.py:836} INFO - DAG(s) dict_keys(['example_time_delta_sensor_async']) retrieved from /home/shubham/.local/lib/python3.10/site-packages/airflow/example_dags/example_time_delta_sensor_async.py
[2023-06-18T14:58:27.623+0530] {logging_mixin.py:149} INFO - [2023-06-18T14:58:27.623+0530] {dag.py:2726} INFO - Sync 1 DAGs
[2023-06-18T14:58:27.635+0530] {logging_mixin.py:149} INFO - [2023-06-18T14:58:27.635+0530] {dag.py:3486} INFO - Setting next_dagrun for example_time_delta_sensor_async to None, run_after=None
[2023-06-18T14:58:27.659+0530] {processor.py:179} INFO - Processing /home/shubham/.local/lib/python3.10/site-packages/airflow/example_dags/example_time_delta_sensor_async.py took 0.059 seconds
[2023-06-18T14:59:09.774+0530] {processor.py:157} INFO - Started process (PID=4799) to work on /home/shubham/.local/lib/python3.10/site-packages/airflow/example_dags/example_time_delta_sensor_async.py
[2023-06-18T14:59:09.775+0530] {processor.py:826} INFO - Processing file /home/shubham/.local/lib/python3.10/site-packages/airflow/example_dags/example_time_delta_sensor_async.py for tasks to queue
[2023-06-18T14:59:09.776+0530] {logging_mixin.py:149} INFO - [2023-06-18T14:59:09.776+0530] {dagbag.py:541} INFO - Filling up the DagBag from /home/shubham/.local/lib/python3.10/site-packages/airflow/example_dags/example_time_delta_sensor_async.py
[2023-06-18T14:59:09.779+0530] {processor.py:836} INFO - DAG(s) dict_keys(['example_time_delta_sensor_async']) retrieved from /home/shubham/.local/lib/python3.10/site-packages/airflow/example_dags/example_time_delta_sensor_async.py
[2023-06-18T14:59:09.793+0530] {logging_mixin.py:149} INFO - [2023-06-18T14:59:09.793+0530] {dag.py:2726} INFO - Sync 1 DAGs
[2023-06-18T14:59:09.805+0530] {logging_mixin.py:149} INFO - [2023-06-18T14:59:09.805+0530] {dag.py:3486} INFO - Setting next_dagrun for example_time_delta_sensor_async to None, run_after=None
[2023-06-18T14:59:09.822+0530] {processor.py:179} INFO - Processing /home/shubham/.local/lib/python3.10/site-packages/airflow/example_dags/example_time_delta_sensor_async.py took 0.050 seconds
[2023-06-18T14:59:50.735+0530] {processor.py:157} INFO - Started process (PID=4845) to work on /home/shubham/.local/lib/python3.10/site-packages/airflow/example_dags/example_time_delta_sensor_async.py
[2023-06-18T14:59:50.736+0530] {processor.py:826} INFO - Processing file /home/shubham/.local/lib/python3.10/site-packages/airflow/example_dags/example_time_delta_sensor_async.py for tasks to queue
[2023-06-18T14:59:50.737+0530] {logging_mixin.py:149} INFO - [2023-06-18T14:59:50.737+0530] {dagbag.py:541} INFO - Filling up the DagBag from /home/shubham/.local/lib/python3.10/site-packages/airflow/example_dags/example_time_delta_sensor_async.py
[2023-06-18T14:59:50.740+0530] {processor.py:836} INFO - DAG(s) dict_keys(['example_time_delta_sensor_async']) retrieved from /home/shubham/.local/lib/python3.10/site-packages/airflow/example_dags/example_time_delta_sensor_async.py
[2023-06-18T14:59:50.753+0530] {logging_mixin.py:149} INFO - [2023-06-18T14:59:50.753+0530] {dag.py:2726} INFO - Sync 1 DAGs
[2023-06-18T14:59:50.765+0530] {logging_mixin.py:149} INFO - [2023-06-18T14:59:50.765+0530] {dag.py:3486} INFO - Setting next_dagrun for example_time_delta_sensor_async to None, run_after=None
[2023-06-18T14:59:50.782+0530] {processor.py:179} INFO - Processing /home/shubham/.local/lib/python3.10/site-packages/airflow/example_dags/example_time_delta_sensor_async.py took 0.049 seconds
[2023-06-18T15:00:35.262+0530] {processor.py:157} INFO - Started process (PID=4889) to work on /home/shubham/.local/lib/python3.10/site-packages/airflow/example_dags/example_time_delta_sensor_async.py
[2023-06-18T15:00:35.263+0530] {processor.py:826} INFO - Processing file /home/shubham/.local/lib/python3.10/site-packages/airflow/example_dags/example_time_delta_sensor_async.py for tasks to queue
[2023-06-18T15:00:35.264+0530] {logging_mixin.py:149} INFO - [2023-06-18T15:00:35.264+0530] {dagbag.py:541} INFO - Filling up the DagBag from /home/shubham/.local/lib/python3.10/site-packages/airflow/example_dags/example_time_delta_sensor_async.py
[2023-06-18T15:00:35.267+0530] {processor.py:836} INFO - DAG(s) dict_keys(['example_time_delta_sensor_async']) retrieved from /home/shubham/.local/lib/python3.10/site-packages/airflow/example_dags/example_time_delta_sensor_async.py
[2023-06-18T15:00:35.281+0530] {logging_mixin.py:149} INFO - [2023-06-18T15:00:35.280+0530] {dag.py:2726} INFO - Sync 1 DAGs
[2023-06-18T15:00:35.292+0530] {logging_mixin.py:149} INFO - [2023-06-18T15:00:35.292+0530] {dag.py:3486} INFO - Setting next_dagrun for example_time_delta_sensor_async to None, run_after=None
[2023-06-18T15:00:35.309+0530] {processor.py:179} INFO - Processing /home/shubham/.local/lib/python3.10/site-packages/airflow/example_dags/example_time_delta_sensor_async.py took 0.050 seconds
[2023-06-18T15:01:20.281+0530] {processor.py:157} INFO - Started process (PID=4937) to work on /home/shubham/.local/lib/python3.10/site-packages/airflow/example_dags/example_time_delta_sensor_async.py
[2023-06-18T15:01:20.283+0530] {processor.py:826} INFO - Processing file /home/shubham/.local/lib/python3.10/site-packages/airflow/example_dags/example_time_delta_sensor_async.py for tasks to queue
[2023-06-18T15:01:20.283+0530] {logging_mixin.py:149} INFO - [2023-06-18T15:01:20.283+0530] {dagbag.py:541} INFO - Filling up the DagBag from /home/shubham/.local/lib/python3.10/site-packages/airflow/example_dags/example_time_delta_sensor_async.py
[2023-06-18T15:01:20.287+0530] {processor.py:836} INFO - DAG(s) dict_keys(['example_time_delta_sensor_async']) retrieved from /home/shubham/.local/lib/python3.10/site-packages/airflow/example_dags/example_time_delta_sensor_async.py
[2023-06-18T15:01:20.300+0530] {logging_mixin.py:149} INFO - [2023-06-18T15:01:20.300+0530] {dag.py:2726} INFO - Sync 1 DAGs
[2023-06-18T15:01:20.313+0530] {logging_mixin.py:149} INFO - [2023-06-18T15:01:20.312+0530] {dag.py:3486} INFO - Setting next_dagrun for example_time_delta_sensor_async to None, run_after=None
[2023-06-18T15:01:20.333+0530] {processor.py:179} INFO - Processing /home/shubham/.local/lib/python3.10/site-packages/airflow/example_dags/example_time_delta_sensor_async.py took 0.054 seconds
[2023-06-18T15:02:08.705+0530] {processor.py:157} INFO - Started process (PID=4985) to work on /home/shubham/.local/lib/python3.10/site-packages/airflow/example_dags/example_time_delta_sensor_async.py
[2023-06-18T15:02:08.706+0530] {processor.py:826} INFO - Processing file /home/shubham/.local/lib/python3.10/site-packages/airflow/example_dags/example_time_delta_sensor_async.py for tasks to queue
[2023-06-18T15:02:08.707+0530] {logging_mixin.py:149} INFO - [2023-06-18T15:02:08.707+0530] {dagbag.py:541} INFO - Filling up the DagBag from /home/shubham/.local/lib/python3.10/site-packages/airflow/example_dags/example_time_delta_sensor_async.py
[2023-06-18T15:02:08.710+0530] {processor.py:836} INFO - DAG(s) dict_keys(['example_time_delta_sensor_async']) retrieved from /home/shubham/.local/lib/python3.10/site-packages/airflow/example_dags/example_time_delta_sensor_async.py
[2023-06-18T15:02:08.723+0530] {logging_mixin.py:149} INFO - [2023-06-18T15:02:08.723+0530] {dag.py:2726} INFO - Sync 1 DAGs
[2023-06-18T15:02:08.735+0530] {logging_mixin.py:149} INFO - [2023-06-18T15:02:08.735+0530] {dag.py:3486} INFO - Setting next_dagrun for example_time_delta_sensor_async to None, run_after=None
[2023-06-18T15:02:08.751+0530] {processor.py:179} INFO - Processing /home/shubham/.local/lib/python3.10/site-packages/airflow/example_dags/example_time_delta_sensor_async.py took 0.048 seconds
[2023-06-18T15:02:50.913+0530] {processor.py:157} INFO - Started process (PID=5031) to work on /home/shubham/.local/lib/python3.10/site-packages/airflow/example_dags/example_time_delta_sensor_async.py
[2023-06-18T15:02:50.914+0530] {processor.py:826} INFO - Processing file /home/shubham/.local/lib/python3.10/site-packages/airflow/example_dags/example_time_delta_sensor_async.py for tasks to queue
[2023-06-18T15:02:50.915+0530] {logging_mixin.py:149} INFO - [2023-06-18T15:02:50.915+0530] {dagbag.py:541} INFO - Filling up the DagBag from /home/shubham/.local/lib/python3.10/site-packages/airflow/example_dags/example_time_delta_sensor_async.py
[2023-06-18T15:02:50.918+0530] {processor.py:836} INFO - DAG(s) dict_keys(['example_time_delta_sensor_async']) retrieved from /home/shubham/.local/lib/python3.10/site-packages/airflow/example_dags/example_time_delta_sensor_async.py
[2023-06-18T15:02:50.931+0530] {logging_mixin.py:149} INFO - [2023-06-18T15:02:50.931+0530] {dag.py:2726} INFO - Sync 1 DAGs
[2023-06-18T15:02:50.943+0530] {logging_mixin.py:149} INFO - [2023-06-18T15:02:50.943+0530] {dag.py:3486} INFO - Setting next_dagrun for example_time_delta_sensor_async to None, run_after=None
[2023-06-18T15:02:50.959+0530] {processor.py:179} INFO - Processing /home/shubham/.local/lib/python3.10/site-packages/airflow/example_dags/example_time_delta_sensor_async.py took 0.048 seconds
[2023-06-18T15:03:35.360+0530] {processor.py:157} INFO - Started process (PID=5078) to work on /home/shubham/.local/lib/python3.10/site-packages/airflow/example_dags/example_time_delta_sensor_async.py
[2023-06-18T15:03:35.361+0530] {processor.py:826} INFO - Processing file /home/shubham/.local/lib/python3.10/site-packages/airflow/example_dags/example_time_delta_sensor_async.py for tasks to queue
[2023-06-18T15:03:35.362+0530] {logging_mixin.py:149} INFO - [2023-06-18T15:03:35.362+0530] {dagbag.py:541} INFO - Filling up the DagBag from /home/shubham/.local/lib/python3.10/site-packages/airflow/example_dags/example_time_delta_sensor_async.py
[2023-06-18T15:03:35.365+0530] {processor.py:836} INFO - DAG(s) dict_keys(['example_time_delta_sensor_async']) retrieved from /home/shubham/.local/lib/python3.10/site-packages/airflow/example_dags/example_time_delta_sensor_async.py
[2023-06-18T15:03:35.378+0530] {logging_mixin.py:149} INFO - [2023-06-18T15:03:35.378+0530] {dag.py:2726} INFO - Sync 1 DAGs
[2023-06-18T15:03:35.390+0530] {logging_mixin.py:149} INFO - [2023-06-18T15:03:35.390+0530] {dag.py:3486} INFO - Setting next_dagrun for example_time_delta_sensor_async to None, run_after=None
[2023-06-18T15:03:35.408+0530] {processor.py:179} INFO - Processing /home/shubham/.local/lib/python3.10/site-packages/airflow/example_dags/example_time_delta_sensor_async.py took 0.050 seconds
[2023-06-18T15:04:20.766+0530] {processor.py:157} INFO - Started process (PID=5124) to work on /home/shubham/.local/lib/python3.10/site-packages/airflow/example_dags/example_time_delta_sensor_async.py
[2023-06-18T15:04:20.767+0530] {processor.py:826} INFO - Processing file /home/shubham/.local/lib/python3.10/site-packages/airflow/example_dags/example_time_delta_sensor_async.py for tasks to queue
[2023-06-18T15:04:20.768+0530] {logging_mixin.py:149} INFO - [2023-06-18T15:04:20.768+0530] {dagbag.py:541} INFO - Filling up the DagBag from /home/shubham/.local/lib/python3.10/site-packages/airflow/example_dags/example_time_delta_sensor_async.py
[2023-06-18T15:04:20.771+0530] {processor.py:836} INFO - DAG(s) dict_keys(['example_time_delta_sensor_async']) retrieved from /home/shubham/.local/lib/python3.10/site-packages/airflow/example_dags/example_time_delta_sensor_async.py
[2023-06-18T15:04:20.784+0530] {logging_mixin.py:149} INFO - [2023-06-18T15:04:20.784+0530] {dag.py:2726} INFO - Sync 1 DAGs
[2023-06-18T15:04:20.796+0530] {logging_mixin.py:149} INFO - [2023-06-18T15:04:20.796+0530] {dag.py:3486} INFO - Setting next_dagrun for example_time_delta_sensor_async to None, run_after=None
[2023-06-18T15:04:20.812+0530] {processor.py:179} INFO - Processing /home/shubham/.local/lib/python3.10/site-packages/airflow/example_dags/example_time_delta_sensor_async.py took 0.049 seconds
[2023-06-18T15:05:04.360+0530] {processor.py:157} INFO - Started process (PID=5169) to work on /home/shubham/.local/lib/python3.10/site-packages/airflow/example_dags/example_time_delta_sensor_async.py
[2023-06-18T15:05:04.361+0530] {processor.py:826} INFO - Processing file /home/shubham/.local/lib/python3.10/site-packages/airflow/example_dags/example_time_delta_sensor_async.py for tasks to queue
[2023-06-18T15:05:04.362+0530] {logging_mixin.py:149} INFO - [2023-06-18T15:05:04.362+0530] {dagbag.py:541} INFO - Filling up the DagBag from /home/shubham/.local/lib/python3.10/site-packages/airflow/example_dags/example_time_delta_sensor_async.py
[2023-06-18T15:05:04.365+0530] {processor.py:836} INFO - DAG(s) dict_keys(['example_time_delta_sensor_async']) retrieved from /home/shubham/.local/lib/python3.10/site-packages/airflow/example_dags/example_time_delta_sensor_async.py
[2023-06-18T15:05:04.378+0530] {logging_mixin.py:149} INFO - [2023-06-18T15:05:04.378+0530] {dag.py:2726} INFO - Sync 1 DAGs
[2023-06-18T15:05:04.391+0530] {logging_mixin.py:149} INFO - [2023-06-18T15:05:04.391+0530] {dag.py:3486} INFO - Setting next_dagrun for example_time_delta_sensor_async to None, run_after=None
[2023-06-18T15:05:04.407+0530] {processor.py:179} INFO - Processing /home/shubham/.local/lib/python3.10/site-packages/airflow/example_dags/example_time_delta_sensor_async.py took 0.049 seconds
[2023-06-18T15:05:47.725+0530] {processor.py:157} INFO - Started process (PID=5215) to work on /home/shubham/.local/lib/python3.10/site-packages/airflow/example_dags/example_time_delta_sensor_async.py
[2023-06-18T15:05:47.727+0530] {processor.py:826} INFO - Processing file /home/shubham/.local/lib/python3.10/site-packages/airflow/example_dags/example_time_delta_sensor_async.py for tasks to queue
[2023-06-18T15:05:47.727+0530] {logging_mixin.py:149} INFO - [2023-06-18T15:05:47.727+0530] {dagbag.py:541} INFO - Filling up the DagBag from /home/shubham/.local/lib/python3.10/site-packages/airflow/example_dags/example_time_delta_sensor_async.py
[2023-06-18T15:05:47.730+0530] {processor.py:836} INFO - DAG(s) dict_keys(['example_time_delta_sensor_async']) retrieved from /home/shubham/.local/lib/python3.10/site-packages/airflow/example_dags/example_time_delta_sensor_async.py
[2023-06-18T15:05:47.743+0530] {logging_mixin.py:149} INFO - [2023-06-18T15:05:47.743+0530] {dag.py:2726} INFO - Sync 1 DAGs
[2023-06-18T15:05:47.755+0530] {logging_mixin.py:149} INFO - [2023-06-18T15:05:47.755+0530] {dag.py:3486} INFO - Setting next_dagrun for example_time_delta_sensor_async to None, run_after=None
[2023-06-18T15:05:47.771+0530] {processor.py:179} INFO - Processing /home/shubham/.local/lib/python3.10/site-packages/airflow/example_dags/example_time_delta_sensor_async.py took 0.048 seconds
[2023-06-18T15:06:28.479+0530] {processor.py:157} INFO - Started process (PID=5258) to work on /home/shubham/.local/lib/python3.10/site-packages/airflow/example_dags/example_time_delta_sensor_async.py
[2023-06-18T15:06:28.480+0530] {processor.py:826} INFO - Processing file /home/shubham/.local/lib/python3.10/site-packages/airflow/example_dags/example_time_delta_sensor_async.py for tasks to queue
[2023-06-18T15:06:28.480+0530] {logging_mixin.py:149} INFO - [2023-06-18T15:06:28.480+0530] {dagbag.py:541} INFO - Filling up the DagBag from /home/shubham/.local/lib/python3.10/site-packages/airflow/example_dags/example_time_delta_sensor_async.py
[2023-06-18T15:06:28.484+0530] {processor.py:836} INFO - DAG(s) dict_keys(['example_time_delta_sensor_async']) retrieved from /home/shubham/.local/lib/python3.10/site-packages/airflow/example_dags/example_time_delta_sensor_async.py
[2023-06-18T15:06:28.497+0530] {logging_mixin.py:149} INFO - [2023-06-18T15:06:28.497+0530] {dag.py:2726} INFO - Sync 1 DAGs
[2023-06-18T15:06:28.509+0530] {logging_mixin.py:149} INFO - [2023-06-18T15:06:28.509+0530] {dag.py:3486} INFO - Setting next_dagrun for example_time_delta_sensor_async to None, run_after=None
[2023-06-18T15:06:28.526+0530] {processor.py:179} INFO - Processing /home/shubham/.local/lib/python3.10/site-packages/airflow/example_dags/example_time_delta_sensor_async.py took 0.049 seconds
[2023-06-18T15:07:19.642+0530] {processor.py:157} INFO - Started process (PID=5308) to work on /home/shubham/.local/lib/python3.10/site-packages/airflow/example_dags/example_time_delta_sensor_async.py
[2023-06-18T15:07:19.645+0530] {processor.py:826} INFO - Processing file /home/shubham/.local/lib/python3.10/site-packages/airflow/example_dags/example_time_delta_sensor_async.py for tasks to queue
[2023-06-18T15:07:19.646+0530] {logging_mixin.py:149} INFO - [2023-06-18T15:07:19.646+0530] {dagbag.py:541} INFO - Filling up the DagBag from /home/shubham/.local/lib/python3.10/site-packages/airflow/example_dags/example_time_delta_sensor_async.py
[2023-06-18T15:07:19.651+0530] {processor.py:836} INFO - DAG(s) dict_keys(['example_time_delta_sensor_async']) retrieved from /home/shubham/.local/lib/python3.10/site-packages/airflow/example_dags/example_time_delta_sensor_async.py
[2023-06-18T15:07:19.670+0530] {logging_mixin.py:149} INFO - [2023-06-18T15:07:19.670+0530] {dag.py:2726} INFO - Sync 1 DAGs
[2023-06-18T15:07:19.689+0530] {logging_mixin.py:149} INFO - [2023-06-18T15:07:19.689+0530] {dag.py:3486} INFO - Setting next_dagrun for example_time_delta_sensor_async to None, run_after=None
[2023-06-18T15:07:19.716+0530] {processor.py:179} INFO - Processing /home/shubham/.local/lib/python3.10/site-packages/airflow/example_dags/example_time_delta_sensor_async.py took 0.077 seconds
[2023-06-18T15:08:05.755+0530] {processor.py:157} INFO - Started process (PID=5355) to work on /home/shubham/.local/lib/python3.10/site-packages/airflow/example_dags/example_time_delta_sensor_async.py
[2023-06-18T15:08:05.757+0530] {processor.py:826} INFO - Processing file /home/shubham/.local/lib/python3.10/site-packages/airflow/example_dags/example_time_delta_sensor_async.py for tasks to queue
[2023-06-18T15:08:05.758+0530] {logging_mixin.py:149} INFO - [2023-06-18T15:08:05.758+0530] {dagbag.py:541} INFO - Filling up the DagBag from /home/shubham/.local/lib/python3.10/site-packages/airflow/example_dags/example_time_delta_sensor_async.py
[2023-06-18T15:08:05.762+0530] {processor.py:836} INFO - DAG(s) dict_keys(['example_time_delta_sensor_async']) retrieved from /home/shubham/.local/lib/python3.10/site-packages/airflow/example_dags/example_time_delta_sensor_async.py
[2023-06-18T15:08:05.780+0530] {logging_mixin.py:149} INFO - [2023-06-18T15:08:05.780+0530] {dag.py:2726} INFO - Sync 1 DAGs
[2023-06-18T15:08:05.795+0530] {logging_mixin.py:149} INFO - [2023-06-18T15:08:05.795+0530] {dag.py:3486} INFO - Setting next_dagrun for example_time_delta_sensor_async to None, run_after=None
[2023-06-18T15:08:05.816+0530] {processor.py:179} INFO - Processing /home/shubham/.local/lib/python3.10/site-packages/airflow/example_dags/example_time_delta_sensor_async.py took 0.064 seconds
[2023-06-18T15:08:50.243+0530] {processor.py:157} INFO - Started process (PID=5401) to work on /home/shubham/.local/lib/python3.10/site-packages/airflow/example_dags/example_time_delta_sensor_async.py
[2023-06-18T15:08:50.245+0530] {processor.py:826} INFO - Processing file /home/shubham/.local/lib/python3.10/site-packages/airflow/example_dags/example_time_delta_sensor_async.py for tasks to queue
[2023-06-18T15:08:50.246+0530] {logging_mixin.py:149} INFO - [2023-06-18T15:08:50.246+0530] {dagbag.py:541} INFO - Filling up the DagBag from /home/shubham/.local/lib/python3.10/site-packages/airflow/example_dags/example_time_delta_sensor_async.py
[2023-06-18T15:08:50.251+0530] {processor.py:836} INFO - DAG(s) dict_keys(['example_time_delta_sensor_async']) retrieved from /home/shubham/.local/lib/python3.10/site-packages/airflow/example_dags/example_time_delta_sensor_async.py
[2023-06-18T15:08:50.273+0530] {logging_mixin.py:149} INFO - [2023-06-18T15:08:50.273+0530] {dag.py:2726} INFO - Sync 1 DAGs
[2023-06-18T15:08:50.295+0530] {logging_mixin.py:149} INFO - [2023-06-18T15:08:50.295+0530] {dag.py:3486} INFO - Setting next_dagrun for example_time_delta_sensor_async to None, run_after=None
[2023-06-18T15:08:50.322+0530] {processor.py:179} INFO - Processing /home/shubham/.local/lib/python3.10/site-packages/airflow/example_dags/example_time_delta_sensor_async.py took 0.083 seconds
[2023-06-18T15:09:33.274+0530] {processor.py:157} INFO - Started process (PID=5447) to work on /home/shubham/.local/lib/python3.10/site-packages/airflow/example_dags/example_time_delta_sensor_async.py
[2023-06-18T15:09:33.276+0530] {processor.py:826} INFO - Processing file /home/shubham/.local/lib/python3.10/site-packages/airflow/example_dags/example_time_delta_sensor_async.py for tasks to queue
[2023-06-18T15:09:33.277+0530] {logging_mixin.py:149} INFO - [2023-06-18T15:09:33.277+0530] {dagbag.py:541} INFO - Filling up the DagBag from /home/shubham/.local/lib/python3.10/site-packages/airflow/example_dags/example_time_delta_sensor_async.py
[2023-06-18T15:09:33.281+0530] {processor.py:836} INFO - DAG(s) dict_keys(['example_time_delta_sensor_async']) retrieved from /home/shubham/.local/lib/python3.10/site-packages/airflow/example_dags/example_time_delta_sensor_async.py
[2023-06-18T15:09:33.300+0530] {logging_mixin.py:149} INFO - [2023-06-18T15:09:33.300+0530] {dag.py:2726} INFO - Sync 1 DAGs
[2023-06-18T15:09:33.318+0530] {logging_mixin.py:149} INFO - [2023-06-18T15:09:33.318+0530] {dag.py:3486} INFO - Setting next_dagrun for example_time_delta_sensor_async to None, run_after=None
[2023-06-18T15:09:33.342+0530] {processor.py:179} INFO - Processing /home/shubham/.local/lib/python3.10/site-packages/airflow/example_dags/example_time_delta_sensor_async.py took 0.071 seconds
[2023-06-18T15:10:18.573+0530] {processor.py:157} INFO - Started process (PID=5493) to work on /home/shubham/.local/lib/python3.10/site-packages/airflow/example_dags/example_time_delta_sensor_async.py
[2023-06-18T15:10:18.574+0530] {processor.py:826} INFO - Processing file /home/shubham/.local/lib/python3.10/site-packages/airflow/example_dags/example_time_delta_sensor_async.py for tasks to queue
[2023-06-18T15:10:18.575+0530] {logging_mixin.py:149} INFO - [2023-06-18T15:10:18.575+0530] {dagbag.py:541} INFO - Filling up the DagBag from /home/shubham/.local/lib/python3.10/site-packages/airflow/example_dags/example_time_delta_sensor_async.py
[2023-06-18T15:10:18.580+0530] {processor.py:836} INFO - DAG(s) dict_keys(['example_time_delta_sensor_async']) retrieved from /home/shubham/.local/lib/python3.10/site-packages/airflow/example_dags/example_time_delta_sensor_async.py
[2023-06-18T15:10:18.601+0530] {logging_mixin.py:149} INFO - [2023-06-18T15:10:18.600+0530] {dag.py:2726} INFO - Sync 1 DAGs
[2023-06-18T15:10:18.620+0530] {logging_mixin.py:149} INFO - [2023-06-18T15:10:18.620+0530] {dag.py:3486} INFO - Setting next_dagrun for example_time_delta_sensor_async to None, run_after=None
[2023-06-18T15:10:18.645+0530] {processor.py:179} INFO - Processing /home/shubham/.local/lib/python3.10/site-packages/airflow/example_dags/example_time_delta_sensor_async.py took 0.075 seconds
[2023-06-18T15:11:00.832+0530] {processor.py:157} INFO - Started process (PID=5537) to work on /home/shubham/.local/lib/python3.10/site-packages/airflow/example_dags/example_time_delta_sensor_async.py
[2023-06-18T15:11:00.834+0530] {processor.py:826} INFO - Processing file /home/shubham/.local/lib/python3.10/site-packages/airflow/example_dags/example_time_delta_sensor_async.py for tasks to queue
[2023-06-18T15:11:00.834+0530] {logging_mixin.py:149} INFO - [2023-06-18T15:11:00.834+0530] {dagbag.py:541} INFO - Filling up the DagBag from /home/shubham/.local/lib/python3.10/site-packages/airflow/example_dags/example_time_delta_sensor_async.py
[2023-06-18T15:11:00.839+0530] {processor.py:836} INFO - DAG(s) dict_keys(['example_time_delta_sensor_async']) retrieved from /home/shubham/.local/lib/python3.10/site-packages/airflow/example_dags/example_time_delta_sensor_async.py
[2023-06-18T15:11:00.859+0530] {logging_mixin.py:149} INFO - [2023-06-18T15:11:00.858+0530] {dag.py:2726} INFO - Sync 1 DAGs
[2023-06-18T15:11:00.878+0530] {logging_mixin.py:149} INFO - [2023-06-18T15:11:00.878+0530] {dag.py:3486} INFO - Setting next_dagrun for example_time_delta_sensor_async to None, run_after=None
[2023-06-18T15:11:00.924+0530] {processor.py:179} INFO - Processing /home/shubham/.local/lib/python3.10/site-packages/airflow/example_dags/example_time_delta_sensor_async.py took 0.096 seconds
[2023-06-18T15:11:42.358+0530] {processor.py:157} INFO - Started process (PID=5582) to work on /home/shubham/.local/lib/python3.10/site-packages/airflow/example_dags/example_time_delta_sensor_async.py
[2023-06-18T15:11:42.360+0530] {processor.py:826} INFO - Processing file /home/shubham/.local/lib/python3.10/site-packages/airflow/example_dags/example_time_delta_sensor_async.py for tasks to queue
[2023-06-18T15:11:42.360+0530] {logging_mixin.py:149} INFO - [2023-06-18T15:11:42.360+0530] {dagbag.py:541} INFO - Filling up the DagBag from /home/shubham/.local/lib/python3.10/site-packages/airflow/example_dags/example_time_delta_sensor_async.py
[2023-06-18T15:11:42.364+0530] {processor.py:836} INFO - DAG(s) dict_keys(['example_time_delta_sensor_async']) retrieved from /home/shubham/.local/lib/python3.10/site-packages/airflow/example_dags/example_time_delta_sensor_async.py
[2023-06-18T15:11:42.384+0530] {logging_mixin.py:149} INFO - [2023-06-18T15:11:42.384+0530] {dag.py:2726} INFO - Sync 1 DAGs
[2023-06-18T15:11:42.403+0530] {logging_mixin.py:149} INFO - [2023-06-18T15:11:42.403+0530] {dag.py:3486} INFO - Setting next_dagrun for example_time_delta_sensor_async to None, run_after=None
[2023-06-18T15:11:42.428+0530] {processor.py:179} INFO - Processing /home/shubham/.local/lib/python3.10/site-packages/airflow/example_dags/example_time_delta_sensor_async.py took 0.073 seconds
[2023-06-18T15:12:23.784+0530] {processor.py:157} INFO - Started process (PID=5626) to work on /home/shubham/.local/lib/python3.10/site-packages/airflow/example_dags/example_time_delta_sensor_async.py
[2023-06-18T15:12:23.787+0530] {processor.py:826} INFO - Processing file /home/shubham/.local/lib/python3.10/site-packages/airflow/example_dags/example_time_delta_sensor_async.py for tasks to queue
[2023-06-18T15:12:23.787+0530] {logging_mixin.py:149} INFO - [2023-06-18T15:12:23.787+0530] {dagbag.py:541} INFO - Filling up the DagBag from /home/shubham/.local/lib/python3.10/site-packages/airflow/example_dags/example_time_delta_sensor_async.py
[2023-06-18T15:12:23.791+0530] {processor.py:836} INFO - DAG(s) dict_keys(['example_time_delta_sensor_async']) retrieved from /home/shubham/.local/lib/python3.10/site-packages/airflow/example_dags/example_time_delta_sensor_async.py
[2023-06-18T15:12:23.809+0530] {logging_mixin.py:149} INFO - [2023-06-18T15:12:23.809+0530] {dag.py:2726} INFO - Sync 1 DAGs
[2023-06-18T15:12:23.824+0530] {logging_mixin.py:149} INFO - [2023-06-18T15:12:23.824+0530] {dag.py:3486} INFO - Setting next_dagrun for example_time_delta_sensor_async to None, run_after=None
[2023-06-18T15:12:23.848+0530] {processor.py:179} INFO - Processing /home/shubham/.local/lib/python3.10/site-packages/airflow/example_dags/example_time_delta_sensor_async.py took 0.067 seconds
[2023-06-18T15:13:04.326+0530] {processor.py:157} INFO - Started process (PID=5668) to work on /home/shubham/.local/lib/python3.10/site-packages/airflow/example_dags/example_time_delta_sensor_async.py
[2023-06-18T15:13:04.328+0530] {processor.py:826} INFO - Processing file /home/shubham/.local/lib/python3.10/site-packages/airflow/example_dags/example_time_delta_sensor_async.py for tasks to queue
[2023-06-18T15:13:04.329+0530] {logging_mixin.py:149} INFO - [2023-06-18T15:13:04.329+0530] {dagbag.py:541} INFO - Filling up the DagBag from /home/shubham/.local/lib/python3.10/site-packages/airflow/example_dags/example_time_delta_sensor_async.py
[2023-06-18T15:13:04.333+0530] {processor.py:836} INFO - DAG(s) dict_keys(['example_time_delta_sensor_async']) retrieved from /home/shubham/.local/lib/python3.10/site-packages/airflow/example_dags/example_time_delta_sensor_async.py
[2023-06-18T15:13:04.352+0530] {logging_mixin.py:149} INFO - [2023-06-18T15:13:04.352+0530] {dag.py:2726} INFO - Sync 1 DAGs
[2023-06-18T15:13:04.371+0530] {logging_mixin.py:149} INFO - [2023-06-18T15:13:04.371+0530] {dag.py:3486} INFO - Setting next_dagrun for example_time_delta_sensor_async to None, run_after=None
[2023-06-18T15:13:04.395+0530] {processor.py:179} INFO - Processing /home/shubham/.local/lib/python3.10/site-packages/airflow/example_dags/example_time_delta_sensor_async.py took 0.072 seconds
[2023-06-18T15:13:47.624+0530] {processor.py:157} INFO - Started process (PID=5713) to work on /home/shubham/.local/lib/python3.10/site-packages/airflow/example_dags/example_time_delta_sensor_async.py
[2023-06-18T15:13:47.626+0530] {processor.py:826} INFO - Processing file /home/shubham/.local/lib/python3.10/site-packages/airflow/example_dags/example_time_delta_sensor_async.py for tasks to queue
[2023-06-18T15:13:47.626+0530] {logging_mixin.py:149} INFO - [2023-06-18T15:13:47.626+0530] {dagbag.py:541} INFO - Filling up the DagBag from /home/shubham/.local/lib/python3.10/site-packages/airflow/example_dags/example_time_delta_sensor_async.py
[2023-06-18T15:13:47.631+0530] {processor.py:836} INFO - DAG(s) dict_keys(['example_time_delta_sensor_async']) retrieved from /home/shubham/.local/lib/python3.10/site-packages/airflow/example_dags/example_time_delta_sensor_async.py
[2023-06-18T15:13:47.651+0530] {logging_mixin.py:149} INFO - [2023-06-18T15:13:47.650+0530] {dag.py:2726} INFO - Sync 1 DAGs
[2023-06-18T15:13:47.674+0530] {logging_mixin.py:149} INFO - [2023-06-18T15:13:47.674+0530] {dag.py:3486} INFO - Setting next_dagrun for example_time_delta_sensor_async to None, run_after=None
[2023-06-18T15:13:47.700+0530] {processor.py:179} INFO - Processing /home/shubham/.local/lib/python3.10/site-packages/airflow/example_dags/example_time_delta_sensor_async.py took 0.079 seconds
[2023-06-18T15:14:35.020+0530] {processor.py:157} INFO - Started process (PID=5761) to work on /home/shubham/.local/lib/python3.10/site-packages/airflow/example_dags/example_time_delta_sensor_async.py
[2023-06-18T15:14:35.022+0530] {processor.py:826} INFO - Processing file /home/shubham/.local/lib/python3.10/site-packages/airflow/example_dags/example_time_delta_sensor_async.py for tasks to queue
[2023-06-18T15:14:35.023+0530] {logging_mixin.py:149} INFO - [2023-06-18T15:14:35.023+0530] {dagbag.py:541} INFO - Filling up the DagBag from /home/shubham/.local/lib/python3.10/site-packages/airflow/example_dags/example_time_delta_sensor_async.py
[2023-06-18T15:14:35.027+0530] {processor.py:836} INFO - DAG(s) dict_keys(['example_time_delta_sensor_async']) retrieved from /home/shubham/.local/lib/python3.10/site-packages/airflow/example_dags/example_time_delta_sensor_async.py
[2023-06-18T15:14:35.043+0530] {logging_mixin.py:149} INFO - [2023-06-18T15:14:35.043+0530] {dag.py:2726} INFO - Sync 1 DAGs
[2023-06-18T15:14:35.061+0530] {logging_mixin.py:149} INFO - [2023-06-18T15:14:35.061+0530] {dag.py:3486} INFO - Setting next_dagrun for example_time_delta_sensor_async to None, run_after=None
[2023-06-18T15:14:35.083+0530] {processor.py:179} INFO - Processing /home/shubham/.local/lib/python3.10/site-packages/airflow/example_dags/example_time_delta_sensor_async.py took 0.066 seconds
[2023-06-18T15:15:20.184+0530] {processor.py:157} INFO - Started process (PID=5807) to work on /home/shubham/.local/lib/python3.10/site-packages/airflow/example_dags/example_time_delta_sensor_async.py
[2023-06-18T15:15:20.186+0530] {processor.py:826} INFO - Processing file /home/shubham/.local/lib/python3.10/site-packages/airflow/example_dags/example_time_delta_sensor_async.py for tasks to queue
[2023-06-18T15:15:20.187+0530] {logging_mixin.py:149} INFO - [2023-06-18T15:15:20.187+0530] {dagbag.py:541} INFO - Filling up the DagBag from /home/shubham/.local/lib/python3.10/site-packages/airflow/example_dags/example_time_delta_sensor_async.py
[2023-06-18T15:15:20.191+0530] {processor.py:836} INFO - DAG(s) dict_keys(['example_time_delta_sensor_async']) retrieved from /home/shubham/.local/lib/python3.10/site-packages/airflow/example_dags/example_time_delta_sensor_async.py
[2023-06-18T15:15:20.212+0530] {logging_mixin.py:149} INFO - [2023-06-18T15:15:20.211+0530] {dag.py:2726} INFO - Sync 1 DAGs
[2023-06-18T15:15:20.240+0530] {logging_mixin.py:149} INFO - [2023-06-18T15:15:20.240+0530] {dag.py:3486} INFO - Setting next_dagrun for example_time_delta_sensor_async to None, run_after=None
[2023-06-18T15:15:20.264+0530] {processor.py:179} INFO - Processing /home/shubham/.local/lib/python3.10/site-packages/airflow/example_dags/example_time_delta_sensor_async.py took 0.084 seconds
[2023-06-18T15:16:04.434+0530] {processor.py:157} INFO - Started process (PID=5853) to work on /home/shubham/.local/lib/python3.10/site-packages/airflow/example_dags/example_time_delta_sensor_async.py
[2023-06-18T15:16:04.436+0530] {processor.py:826} INFO - Processing file /home/shubham/.local/lib/python3.10/site-packages/airflow/example_dags/example_time_delta_sensor_async.py for tasks to queue
[2023-06-18T15:16:04.437+0530] {logging_mixin.py:149} INFO - [2023-06-18T15:16:04.437+0530] {dagbag.py:541} INFO - Filling up the DagBag from /home/shubham/.local/lib/python3.10/site-packages/airflow/example_dags/example_time_delta_sensor_async.py
[2023-06-18T15:16:04.441+0530] {processor.py:836} INFO - DAG(s) dict_keys(['example_time_delta_sensor_async']) retrieved from /home/shubham/.local/lib/python3.10/site-packages/airflow/example_dags/example_time_delta_sensor_async.py
[2023-06-18T15:16:04.462+0530] {logging_mixin.py:149} INFO - [2023-06-18T15:16:04.461+0530] {dag.py:2726} INFO - Sync 1 DAGs
[2023-06-18T15:16:04.481+0530] {logging_mixin.py:149} INFO - [2023-06-18T15:16:04.481+0530] {dag.py:3486} INFO - Setting next_dagrun for example_time_delta_sensor_async to None, run_after=None
[2023-06-18T15:16:04.506+0530] {processor.py:179} INFO - Processing /home/shubham/.local/lib/python3.10/site-packages/airflow/example_dags/example_time_delta_sensor_async.py took 0.075 seconds
[2023-06-18T15:16:49.271+0530] {processor.py:157} INFO - Started process (PID=5900) to work on /home/shubham/.local/lib/python3.10/site-packages/airflow/example_dags/example_time_delta_sensor_async.py
[2023-06-18T15:16:49.274+0530] {processor.py:826} INFO - Processing file /home/shubham/.local/lib/python3.10/site-packages/airflow/example_dags/example_time_delta_sensor_async.py for tasks to queue
[2023-06-18T15:16:49.275+0530] {logging_mixin.py:149} INFO - [2023-06-18T15:16:49.274+0530] {dagbag.py:541} INFO - Filling up the DagBag from /home/shubham/.local/lib/python3.10/site-packages/airflow/example_dags/example_time_delta_sensor_async.py
[2023-06-18T15:16:49.279+0530] {processor.py:836} INFO - DAG(s) dict_keys(['example_time_delta_sensor_async']) retrieved from /home/shubham/.local/lib/python3.10/site-packages/airflow/example_dags/example_time_delta_sensor_async.py
[2023-06-18T15:16:49.298+0530] {logging_mixin.py:149} INFO - [2023-06-18T15:16:49.298+0530] {dag.py:2726} INFO - Sync 1 DAGs
[2023-06-18T15:16:49.316+0530] {logging_mixin.py:149} INFO - [2023-06-18T15:16:49.316+0530] {dag.py:3486} INFO - Setting next_dagrun for example_time_delta_sensor_async to None, run_after=None
[2023-06-18T15:16:49.343+0530] {processor.py:179} INFO - Processing /home/shubham/.local/lib/python3.10/site-packages/airflow/example_dags/example_time_delta_sensor_async.py took 0.074 seconds
[2023-06-18T15:17:30.916+0530] {processor.py:157} INFO - Started process (PID=5944) to work on /home/shubham/.local/lib/python3.10/site-packages/airflow/example_dags/example_time_delta_sensor_async.py
[2023-06-18T15:17:30.918+0530] {processor.py:826} INFO - Processing file /home/shubham/.local/lib/python3.10/site-packages/airflow/example_dags/example_time_delta_sensor_async.py for tasks to queue
[2023-06-18T15:17:30.919+0530] {logging_mixin.py:149} INFO - [2023-06-18T15:17:30.919+0530] {dagbag.py:541} INFO - Filling up the DagBag from /home/shubham/.local/lib/python3.10/site-packages/airflow/example_dags/example_time_delta_sensor_async.py
[2023-06-18T15:17:30.923+0530] {processor.py:836} INFO - DAG(s) dict_keys(['example_time_delta_sensor_async']) retrieved from /home/shubham/.local/lib/python3.10/site-packages/airflow/example_dags/example_time_delta_sensor_async.py
[2023-06-18T15:17:30.941+0530] {logging_mixin.py:149} INFO - [2023-06-18T15:17:30.941+0530] {dag.py:2726} INFO - Sync 1 DAGs
[2023-06-18T15:17:30.957+0530] {logging_mixin.py:149} INFO - [2023-06-18T15:17:30.957+0530] {dag.py:3486} INFO - Setting next_dagrun for example_time_delta_sensor_async to None, run_after=None
[2023-06-18T15:17:30.979+0530] {processor.py:179} INFO - Processing /home/shubham/.local/lib/python3.10/site-packages/airflow/example_dags/example_time_delta_sensor_async.py took 0.066 seconds
[2023-06-18T15:18:14.170+0530] {processor.py:157} INFO - Started process (PID=5990) to work on /home/shubham/.local/lib/python3.10/site-packages/airflow/example_dags/example_time_delta_sensor_async.py
[2023-06-18T15:18:14.172+0530] {processor.py:826} INFO - Processing file /home/shubham/.local/lib/python3.10/site-packages/airflow/example_dags/example_time_delta_sensor_async.py for tasks to queue
[2023-06-18T15:18:14.172+0530] {logging_mixin.py:149} INFO - [2023-06-18T15:18:14.172+0530] {dagbag.py:541} INFO - Filling up the DagBag from /home/shubham/.local/lib/python3.10/site-packages/airflow/example_dags/example_time_delta_sensor_async.py
[2023-06-18T15:18:14.176+0530] {processor.py:836} INFO - DAG(s) dict_keys(['example_time_delta_sensor_async']) retrieved from /home/shubham/.local/lib/python3.10/site-packages/airflow/example_dags/example_time_delta_sensor_async.py
[2023-06-18T15:18:14.198+0530] {logging_mixin.py:149} INFO - [2023-06-18T15:18:14.198+0530] {dag.py:2726} INFO - Sync 1 DAGs
[2023-06-18T15:18:14.217+0530] {logging_mixin.py:149} INFO - [2023-06-18T15:18:14.217+0530] {dag.py:3486} INFO - Setting next_dagrun for example_time_delta_sensor_async to None, run_after=None
[2023-06-18T15:18:14.240+0530] {processor.py:179} INFO - Processing /home/shubham/.local/lib/python3.10/site-packages/airflow/example_dags/example_time_delta_sensor_async.py took 0.074 seconds
[2023-06-18T15:18:58.906+0530] {processor.py:157} INFO - Started process (PID=6036) to work on /home/shubham/.local/lib/python3.10/site-packages/airflow/example_dags/example_time_delta_sensor_async.py
[2023-06-18T15:18:58.908+0530] {processor.py:826} INFO - Processing file /home/shubham/.local/lib/python3.10/site-packages/airflow/example_dags/example_time_delta_sensor_async.py for tasks to queue
[2023-06-18T15:18:58.909+0530] {logging_mixin.py:149} INFO - [2023-06-18T15:18:58.909+0530] {dagbag.py:541} INFO - Filling up the DagBag from /home/shubham/.local/lib/python3.10/site-packages/airflow/example_dags/example_time_delta_sensor_async.py
[2023-06-18T15:18:58.912+0530] {processor.py:836} INFO - DAG(s) dict_keys(['example_time_delta_sensor_async']) retrieved from /home/shubham/.local/lib/python3.10/site-packages/airflow/example_dags/example_time_delta_sensor_async.py
[2023-06-18T15:18:58.929+0530] {logging_mixin.py:149} INFO - [2023-06-18T15:18:58.928+0530] {dag.py:2726} INFO - Sync 1 DAGs
[2023-06-18T15:18:58.945+0530] {logging_mixin.py:149} INFO - [2023-06-18T15:18:58.945+0530] {dag.py:3486} INFO - Setting next_dagrun for example_time_delta_sensor_async to None, run_after=None
[2023-06-18T15:18:58.968+0530] {processor.py:179} INFO - Processing /home/shubham/.local/lib/python3.10/site-packages/airflow/example_dags/example_time_delta_sensor_async.py took 0.064 seconds
[2023-06-18T15:19:42.943+0530] {processor.py:157} INFO - Started process (PID=6082) to work on /home/shubham/.local/lib/python3.10/site-packages/airflow/example_dags/example_time_delta_sensor_async.py
[2023-06-18T15:19:42.946+0530] {processor.py:826} INFO - Processing file /home/shubham/.local/lib/python3.10/site-packages/airflow/example_dags/example_time_delta_sensor_async.py for tasks to queue
[2023-06-18T15:19:42.946+0530] {logging_mixin.py:149} INFO - [2023-06-18T15:19:42.946+0530] {dagbag.py:541} INFO - Filling up the DagBag from /home/shubham/.local/lib/python3.10/site-packages/airflow/example_dags/example_time_delta_sensor_async.py
[2023-06-18T15:19:42.950+0530] {processor.py:836} INFO - DAG(s) dict_keys(['example_time_delta_sensor_async']) retrieved from /home/shubham/.local/lib/python3.10/site-packages/airflow/example_dags/example_time_delta_sensor_async.py
[2023-06-18T15:19:42.967+0530] {logging_mixin.py:149} INFO - [2023-06-18T15:19:42.967+0530] {dag.py:2726} INFO - Sync 1 DAGs
[2023-06-18T15:19:42.984+0530] {logging_mixin.py:149} INFO - [2023-06-18T15:19:42.983+0530] {dag.py:3486} INFO - Setting next_dagrun for example_time_delta_sensor_async to None, run_after=None
[2023-06-18T15:19:43.007+0530] {processor.py:179} INFO - Processing /home/shubham/.local/lib/python3.10/site-packages/airflow/example_dags/example_time_delta_sensor_async.py took 0.066 seconds
[2023-06-18T15:20:25.286+0530] {processor.py:157} INFO - Started process (PID=6126) to work on /home/shubham/.local/lib/python3.10/site-packages/airflow/example_dags/example_time_delta_sensor_async.py
[2023-06-18T15:20:25.288+0530] {processor.py:826} INFO - Processing file /home/shubham/.local/lib/python3.10/site-packages/airflow/example_dags/example_time_delta_sensor_async.py for tasks to queue
[2023-06-18T15:20:25.289+0530] {logging_mixin.py:149} INFO - [2023-06-18T15:20:25.288+0530] {dagbag.py:541} INFO - Filling up the DagBag from /home/shubham/.local/lib/python3.10/site-packages/airflow/example_dags/example_time_delta_sensor_async.py
[2023-06-18T15:20:25.293+0530] {processor.py:836} INFO - DAG(s) dict_keys(['example_time_delta_sensor_async']) retrieved from /home/shubham/.local/lib/python3.10/site-packages/airflow/example_dags/example_time_delta_sensor_async.py
[2023-06-18T15:20:25.313+0530] {logging_mixin.py:149} INFO - [2023-06-18T15:20:25.312+0530] {dag.py:2726} INFO - Sync 1 DAGs
[2023-06-18T15:20:25.331+0530] {logging_mixin.py:149} INFO - [2023-06-18T15:20:25.330+0530] {dag.py:3486} INFO - Setting next_dagrun for example_time_delta_sensor_async to None, run_after=None
[2023-06-18T15:20:25.355+0530] {processor.py:179} INFO - Processing /home/shubham/.local/lib/python3.10/site-packages/airflow/example_dags/example_time_delta_sensor_async.py took 0.072 seconds
[2023-06-18T15:21:27.394+0530] {processor.py:157} INFO - Started process (PID=6185) to work on /home/shubham/.local/lib/python3.10/site-packages/airflow/example_dags/example_time_delta_sensor_async.py
[2023-06-18T15:21:27.396+0530] {processor.py:826} INFO - Processing file /home/shubham/.local/lib/python3.10/site-packages/airflow/example_dags/example_time_delta_sensor_async.py for tasks to queue
[2023-06-18T15:21:27.397+0530] {logging_mixin.py:149} INFO - [2023-06-18T15:21:27.397+0530] {dagbag.py:541} INFO - Filling up the DagBag from /home/shubham/.local/lib/python3.10/site-packages/airflow/example_dags/example_time_delta_sensor_async.py
[2023-06-18T15:21:27.402+0530] {processor.py:836} INFO - DAG(s) dict_keys(['example_time_delta_sensor_async']) retrieved from /home/shubham/.local/lib/python3.10/site-packages/airflow/example_dags/example_time_delta_sensor_async.py
[2023-06-18T15:21:27.425+0530] {logging_mixin.py:149} INFO - [2023-06-18T15:21:27.424+0530] {dag.py:2726} INFO - Sync 1 DAGs
[2023-06-18T15:21:27.443+0530] {logging_mixin.py:149} INFO - [2023-06-18T15:21:27.443+0530] {dag.py:3486} INFO - Setting next_dagrun for example_time_delta_sensor_async to None, run_after=None
[2023-06-18T15:21:27.473+0530] {processor.py:179} INFO - Processing /home/shubham/.local/lib/python3.10/site-packages/airflow/example_dags/example_time_delta_sensor_async.py took 0.082 seconds
[2023-06-18T15:47:17.745+0530] {processor.py:157} INFO - Started process (PID=6352) to work on /home/shubham/.local/lib/python3.10/site-packages/airflow/example_dags/example_time_delta_sensor_async.py
[2023-06-18T15:47:17.747+0530] {processor.py:826} INFO - Processing file /home/shubham/.local/lib/python3.10/site-packages/airflow/example_dags/example_time_delta_sensor_async.py for tasks to queue
[2023-06-18T15:47:17.748+0530] {logging_mixin.py:149} INFO - [2023-06-18T15:47:17.748+0530] {dagbag.py:541} INFO - Filling up the DagBag from /home/shubham/.local/lib/python3.10/site-packages/airflow/example_dags/example_time_delta_sensor_async.py
[2023-06-18T15:47:17.759+0530] {processor.py:836} INFO - DAG(s) dict_keys(['example_time_delta_sensor_async']) retrieved from /home/shubham/.local/lib/python3.10/site-packages/airflow/example_dags/example_time_delta_sensor_async.py
[2023-06-18T15:47:17.791+0530] {logging_mixin.py:149} INFO - [2023-06-18T15:47:17.791+0530] {dag.py:2726} INFO - Sync 1 DAGs
[2023-06-18T15:47:17.816+0530] {logging_mixin.py:149} INFO - [2023-06-18T15:47:17.815+0530] {dag.py:3486} INFO - Setting next_dagrun for example_time_delta_sensor_async to None, run_after=None
[2023-06-18T15:47:17.847+0530] {processor.py:179} INFO - Processing /home/shubham/.local/lib/python3.10/site-packages/airflow/example_dags/example_time_delta_sensor_async.py took 0.105 seconds
[2023-06-18T15:48:03.116+0530] {processor.py:157} INFO - Started process (PID=6407) to work on /home/shubham/.local/lib/python3.10/site-packages/airflow/example_dags/example_time_delta_sensor_async.py
[2023-06-18T15:48:03.118+0530] {processor.py:826} INFO - Processing file /home/shubham/.local/lib/python3.10/site-packages/airflow/example_dags/example_time_delta_sensor_async.py for tasks to queue
[2023-06-18T15:48:03.118+0530] {logging_mixin.py:149} INFO - [2023-06-18T15:48:03.118+0530] {dagbag.py:541} INFO - Filling up the DagBag from /home/shubham/.local/lib/python3.10/site-packages/airflow/example_dags/example_time_delta_sensor_async.py
[2023-06-18T15:48:03.122+0530] {processor.py:836} INFO - DAG(s) dict_keys(['example_time_delta_sensor_async']) retrieved from /home/shubham/.local/lib/python3.10/site-packages/airflow/example_dags/example_time_delta_sensor_async.py
[2023-06-18T15:48:03.137+0530] {logging_mixin.py:149} INFO - [2023-06-18T15:48:03.137+0530] {dag.py:2726} INFO - Sync 1 DAGs
[2023-06-18T15:48:03.150+0530] {logging_mixin.py:149} INFO - [2023-06-18T15:48:03.150+0530] {dag.py:3486} INFO - Setting next_dagrun for example_time_delta_sensor_async to None, run_after=None
[2023-06-18T15:48:03.172+0530] {processor.py:179} INFO - Processing /home/shubham/.local/lib/python3.10/site-packages/airflow/example_dags/example_time_delta_sensor_async.py took 0.058 seconds
