[2023-06-18T13:45:16.694+0530] {processor.py:157} INFO - Started process (PID=139) to work on /home/shubham/.local/lib/python3.10/site-packages/airflow/example_dags/example_bash_operator.py
[2023-06-18T13:45:16.694+0530] {processor.py:826} INFO - Processing file /home/shubham/.local/lib/python3.10/site-packages/airflow/example_dags/example_bash_operator.py for tasks to queue
[2023-06-18T13:45:16.695+0530] {logging_mixin.py:149} INFO - [2023-06-18T13:45:16.695+0530] {dagbag.py:541} INFO - Filling up the DagBag from /home/shubham/.local/lib/python3.10/site-packages/airflow/example_dags/example_bash_operator.py
[2023-06-18T13:45:16.705+0530] {processor.py:836} INFO - DAG(s) dict_keys(['example_bash_operator']) retrieved from /home/shubham/.local/lib/python3.10/site-packages/airflow/example_dags/example_bash_operator.py
[2023-06-18T13:45:16.729+0530] {logging_mixin.py:149} INFO - [2023-06-18T13:45:16.729+0530] {dag.py:2726} INFO - Sync 1 DAGs
[2023-06-18T13:45:16.744+0530] {logging_mixin.py:149} INFO - [2023-06-18T13:45:16.743+0530] {dag.py:3486} INFO - Setting next_dagrun for example_bash_operator to 2023-06-17T00:00:00+00:00, run_after=2023-06-18T00:00:00+00:00
[2023-06-18T13:45:16.760+0530] {processor.py:179} INFO - Processing /home/shubham/.local/lib/python3.10/site-packages/airflow/example_dags/example_bash_operator.py took 0.069 seconds
[2023-06-18T13:45:59.280+0530] {processor.py:157} INFO - Started process (PID=185) to work on /home/shubham/.local/lib/python3.10/site-packages/airflow/example_dags/example_bash_operator.py
[2023-06-18T13:45:59.281+0530] {processor.py:826} INFO - Processing file /home/shubham/.local/lib/python3.10/site-packages/airflow/example_dags/example_bash_operator.py for tasks to queue
[2023-06-18T13:45:59.282+0530] {logging_mixin.py:149} INFO - [2023-06-18T13:45:59.282+0530] {dagbag.py:541} INFO - Filling up the DagBag from /home/shubham/.local/lib/python3.10/site-packages/airflow/example_dags/example_bash_operator.py
[2023-06-18T13:45:59.291+0530] {processor.py:836} INFO - DAG(s) dict_keys(['example_bash_operator']) retrieved from /home/shubham/.local/lib/python3.10/site-packages/airflow/example_dags/example_bash_operator.py
[2023-06-18T13:45:59.309+0530] {logging_mixin.py:149} INFO - [2023-06-18T13:45:59.309+0530] {dag.py:2726} INFO - Sync 1 DAGs
[2023-06-18T13:45:59.321+0530] {logging_mixin.py:149} INFO - [2023-06-18T13:45:59.321+0530] {dag.py:3486} INFO - Setting next_dagrun for example_bash_operator to 2023-06-17T00:00:00+00:00, run_after=2023-06-18T00:00:00+00:00
[2023-06-18T13:45:59.337+0530] {processor.py:179} INFO - Processing /home/shubham/.local/lib/python3.10/site-packages/airflow/example_dags/example_bash_operator.py took 0.059 seconds
[2023-06-18T13:46:45.794+0530] {processor.py:157} INFO - Started process (PID=233) to work on /home/shubham/.local/lib/python3.10/site-packages/airflow/example_dags/example_bash_operator.py
[2023-06-18T13:46:45.796+0530] {processor.py:826} INFO - Processing file /home/shubham/.local/lib/python3.10/site-packages/airflow/example_dags/example_bash_operator.py for tasks to queue
[2023-06-18T13:46:45.796+0530] {logging_mixin.py:149} INFO - [2023-06-18T13:46:45.796+0530] {dagbag.py:541} INFO - Filling up the DagBag from /home/shubham/.local/lib/python3.10/site-packages/airflow/example_dags/example_bash_operator.py
[2023-06-18T13:46:45.805+0530] {processor.py:836} INFO - DAG(s) dict_keys(['example_bash_operator']) retrieved from /home/shubham/.local/lib/python3.10/site-packages/airflow/example_dags/example_bash_operator.py
[2023-06-18T13:46:45.823+0530] {logging_mixin.py:149} INFO - [2023-06-18T13:46:45.823+0530] {dag.py:2726} INFO - Sync 1 DAGs
[2023-06-18T13:46:45.835+0530] {logging_mixin.py:149} INFO - [2023-06-18T13:46:45.835+0530] {dag.py:3486} INFO - Setting next_dagrun for example_bash_operator to 2023-06-17T00:00:00+00:00, run_after=2023-06-18T00:00:00+00:00
[2023-06-18T13:46:45.851+0530] {processor.py:179} INFO - Processing /home/shubham/.local/lib/python3.10/site-packages/airflow/example_dags/example_bash_operator.py took 0.059 seconds
[2023-06-18T13:47:34.472+0530] {processor.py:157} INFO - Started process (PID=281) to work on /home/shubham/.local/lib/python3.10/site-packages/airflow/example_dags/example_bash_operator.py
[2023-06-18T13:47:34.479+0530] {processor.py:826} INFO - Processing file /home/shubham/.local/lib/python3.10/site-packages/airflow/example_dags/example_bash_operator.py for tasks to queue
[2023-06-18T13:47:34.481+0530] {logging_mixin.py:149} INFO - [2023-06-18T13:47:34.480+0530] {dagbag.py:541} INFO - Filling up the DagBag from /home/shubham/.local/lib/python3.10/site-packages/airflow/example_dags/example_bash_operator.py
[2023-06-18T13:47:34.499+0530] {processor.py:836} INFO - DAG(s) dict_keys(['example_bash_operator']) retrieved from /home/shubham/.local/lib/python3.10/site-packages/airflow/example_dags/example_bash_operator.py
[2023-06-18T13:47:34.530+0530] {logging_mixin.py:149} INFO - [2023-06-18T13:47:34.530+0530] {dag.py:2726} INFO - Sync 1 DAGs
[2023-06-18T13:47:34.549+0530] {logging_mixin.py:149} INFO - [2023-06-18T13:47:34.548+0530] {dag.py:3486} INFO - Setting next_dagrun for example_bash_operator to 2023-06-17T00:00:00+00:00, run_after=2023-06-18T00:00:00+00:00
[2023-06-18T13:47:34.569+0530] {processor.py:179} INFO - Processing /home/shubham/.local/lib/python3.10/site-packages/airflow/example_dags/example_bash_operator.py took 0.109 seconds
[2023-06-18T13:52:19.934+0530] {processor.py:157} INFO - Started process (PID=468) to work on /home/shubham/.local/lib/python3.10/site-packages/airflow/example_dags/example_bash_operator.py
[2023-06-18T13:52:19.936+0530] {processor.py:826} INFO - Processing file /home/shubham/.local/lib/python3.10/site-packages/airflow/example_dags/example_bash_operator.py for tasks to queue
[2023-06-18T13:52:19.936+0530] {logging_mixin.py:149} INFO - [2023-06-18T13:52:19.936+0530] {dagbag.py:541} INFO - Filling up the DagBag from /home/shubham/.local/lib/python3.10/site-packages/airflow/example_dags/example_bash_operator.py
[2023-06-18T13:52:19.946+0530] {processor.py:836} INFO - DAG(s) dict_keys(['example_bash_operator']) retrieved from /home/shubham/.local/lib/python3.10/site-packages/airflow/example_dags/example_bash_operator.py
[2023-06-18T13:52:19.967+0530] {logging_mixin.py:149} INFO - [2023-06-18T13:52:19.967+0530] {dag.py:2726} INFO - Sync 1 DAGs
[2023-06-18T13:52:19.979+0530] {logging_mixin.py:149} INFO - [2023-06-18T13:52:19.979+0530] {dag.py:3486} INFO - Setting next_dagrun for example_bash_operator to 2023-06-17T00:00:00+00:00, run_after=2023-06-18T00:00:00+00:00
[2023-06-18T13:52:19.995+0530] {processor.py:179} INFO - Processing /home/shubham/.local/lib/python3.10/site-packages/airflow/example_dags/example_bash_operator.py took 0.063 seconds
[2023-06-18T13:53:04.184+0530] {processor.py:157} INFO - Started process (PID=514) to work on /home/shubham/.local/lib/python3.10/site-packages/airflow/example_dags/example_bash_operator.py
[2023-06-18T13:53:04.185+0530] {processor.py:826} INFO - Processing file /home/shubham/.local/lib/python3.10/site-packages/airflow/example_dags/example_bash_operator.py for tasks to queue
[2023-06-18T13:53:04.186+0530] {logging_mixin.py:149} INFO - [2023-06-18T13:53:04.185+0530] {dagbag.py:541} INFO - Filling up the DagBag from /home/shubham/.local/lib/python3.10/site-packages/airflow/example_dags/example_bash_operator.py
[2023-06-18T13:53:04.194+0530] {processor.py:836} INFO - DAG(s) dict_keys(['example_bash_operator']) retrieved from /home/shubham/.local/lib/python3.10/site-packages/airflow/example_dags/example_bash_operator.py
[2023-06-18T13:53:04.212+0530] {logging_mixin.py:149} INFO - [2023-06-18T13:53:04.212+0530] {dag.py:2726} INFO - Sync 1 DAGs
[2023-06-18T13:53:04.225+0530] {logging_mixin.py:149} INFO - [2023-06-18T13:53:04.224+0530] {dag.py:3486} INFO - Setting next_dagrun for example_bash_operator to 2023-06-17T00:00:00+00:00, run_after=2023-06-18T00:00:00+00:00
[2023-06-18T13:53:04.240+0530] {processor.py:179} INFO - Processing /home/shubham/.local/lib/python3.10/site-packages/airflow/example_dags/example_bash_operator.py took 0.059 seconds
[2023-06-18T14:39:53.868+0530] {processor.py:157} INFO - Started process (PID=3223) to work on /home/shubham/.local/lib/python3.10/site-packages/airflow/example_dags/example_bash_operator.py
[2023-06-18T14:39:53.869+0530] {processor.py:826} INFO - Processing file /home/shubham/.local/lib/python3.10/site-packages/airflow/example_dags/example_bash_operator.py for tasks to queue
[2023-06-18T14:39:53.870+0530] {logging_mixin.py:149} INFO - [2023-06-18T14:39:53.870+0530] {dagbag.py:541} INFO - Filling up the DagBag from /home/shubham/.local/lib/python3.10/site-packages/airflow/example_dags/example_bash_operator.py
[2023-06-18T14:39:53.881+0530] {processor.py:836} INFO - DAG(s) dict_keys(['example_bash_operator']) retrieved from /home/shubham/.local/lib/python3.10/site-packages/airflow/example_dags/example_bash_operator.py
[2023-06-18T14:39:53.904+0530] {logging_mixin.py:149} INFO - [2023-06-18T14:39:53.903+0530] {dag.py:2726} INFO - Sync 1 DAGs
[2023-06-18T14:39:53.919+0530] {logging_mixin.py:149} INFO - [2023-06-18T14:39:53.918+0530] {dag.py:3486} INFO - Setting next_dagrun for example_bash_operator to 2023-06-17T00:00:00+00:00, run_after=2023-06-18T00:00:00+00:00
[2023-06-18T14:39:53.936+0530] {processor.py:179} INFO - Processing /home/shubham/.local/lib/python3.10/site-packages/airflow/example_dags/example_bash_operator.py took 0.070 seconds
[2023-06-18T14:40:39.113+0530] {processor.py:157} INFO - Started process (PID=3286) to work on /home/shubham/.local/lib/python3.10/site-packages/airflow/example_dags/example_bash_operator.py
[2023-06-18T14:40:39.114+0530] {processor.py:826} INFO - Processing file /home/shubham/.local/lib/python3.10/site-packages/airflow/example_dags/example_bash_operator.py for tasks to queue
[2023-06-18T14:40:39.115+0530] {logging_mixin.py:149} INFO - [2023-06-18T14:40:39.115+0530] {dagbag.py:541} INFO - Filling up the DagBag from /home/shubham/.local/lib/python3.10/site-packages/airflow/example_dags/example_bash_operator.py
[2023-06-18T14:40:39.124+0530] {processor.py:836} INFO - DAG(s) dict_keys(['example_bash_operator']) retrieved from /home/shubham/.local/lib/python3.10/site-packages/airflow/example_dags/example_bash_operator.py
[2023-06-18T14:40:39.144+0530] {logging_mixin.py:149} INFO - [2023-06-18T14:40:39.144+0530] {dag.py:2726} INFO - Sync 1 DAGs
[2023-06-18T14:40:39.158+0530] {logging_mixin.py:149} INFO - [2023-06-18T14:40:39.158+0530] {dag.py:3486} INFO - Setting next_dagrun for example_bash_operator to 2023-06-17T00:00:00+00:00, run_after=2023-06-18T00:00:00+00:00
[2023-06-18T14:40:39.174+0530] {processor.py:179} INFO - Processing /home/shubham/.local/lib/python3.10/site-packages/airflow/example_dags/example_bash_operator.py took 0.063 seconds
[2023-06-18T14:41:22.605+0530] {processor.py:157} INFO - Started process (PID=3600) to work on /home/shubham/.local/lib/python3.10/site-packages/airflow/example_dags/example_bash_operator.py
[2023-06-18T14:41:22.606+0530] {processor.py:826} INFO - Processing file /home/shubham/.local/lib/python3.10/site-packages/airflow/example_dags/example_bash_operator.py for tasks to queue
[2023-06-18T14:41:22.607+0530] {logging_mixin.py:149} INFO - [2023-06-18T14:41:22.607+0530] {dagbag.py:541} INFO - Filling up the DagBag from /home/shubham/.local/lib/python3.10/site-packages/airflow/example_dags/example_bash_operator.py
[2023-06-18T14:41:22.616+0530] {processor.py:836} INFO - DAG(s) dict_keys(['example_bash_operator']) retrieved from /home/shubham/.local/lib/python3.10/site-packages/airflow/example_dags/example_bash_operator.py
[2023-06-18T14:41:22.635+0530] {logging_mixin.py:149} INFO - [2023-06-18T14:41:22.635+0530] {dag.py:2726} INFO - Sync 1 DAGs
[2023-06-18T14:41:22.649+0530] {logging_mixin.py:149} INFO - [2023-06-18T14:41:22.649+0530] {dag.py:3486} INFO - Setting next_dagrun for example_bash_operator to 2023-06-17T00:00:00+00:00, run_after=2023-06-18T00:00:00+00:00
[2023-06-18T14:41:22.664+0530] {processor.py:179} INFO - Processing /home/shubham/.local/lib/python3.10/site-packages/airflow/example_dags/example_bash_operator.py took 0.062 seconds
[2023-06-18T14:42:10.133+0530] {processor.py:157} INFO - Started process (PID=3681) to work on /home/shubham/.local/lib/python3.10/site-packages/airflow/example_dags/example_bash_operator.py
[2023-06-18T14:42:10.135+0530] {processor.py:826} INFO - Processing file /home/shubham/.local/lib/python3.10/site-packages/airflow/example_dags/example_bash_operator.py for tasks to queue
[2023-06-18T14:42:10.135+0530] {logging_mixin.py:149} INFO - [2023-06-18T14:42:10.135+0530] {dagbag.py:541} INFO - Filling up the DagBag from /home/shubham/.local/lib/python3.10/site-packages/airflow/example_dags/example_bash_operator.py
[2023-06-18T14:42:10.148+0530] {processor.py:836} INFO - DAG(s) dict_keys(['example_bash_operator']) retrieved from /home/shubham/.local/lib/python3.10/site-packages/airflow/example_dags/example_bash_operator.py
[2023-06-18T14:42:10.178+0530] {logging_mixin.py:149} INFO - [2023-06-18T14:42:10.178+0530] {dag.py:2726} INFO - Sync 1 DAGs
[2023-06-18T14:42:10.201+0530] {logging_mixin.py:149} INFO - [2023-06-18T14:42:10.201+0530] {dag.py:3486} INFO - Setting next_dagrun for example_bash_operator to 2023-06-17T00:00:00+00:00, run_after=2023-06-18T00:00:00+00:00
[2023-06-18T14:42:10.218+0530] {processor.py:179} INFO - Processing /home/shubham/.local/lib/python3.10/site-packages/airflow/example_dags/example_bash_operator.py took 0.090 seconds
[2023-06-18T14:42:57.586+0530] {processor.py:157} INFO - Started process (PID=3784) to work on /home/shubham/.local/lib/python3.10/site-packages/airflow/example_dags/example_bash_operator.py
[2023-06-18T14:42:57.587+0530] {processor.py:826} INFO - Processing file /home/shubham/.local/lib/python3.10/site-packages/airflow/example_dags/example_bash_operator.py for tasks to queue
[2023-06-18T14:42:57.587+0530] {logging_mixin.py:149} INFO - [2023-06-18T14:42:57.587+0530] {dagbag.py:541} INFO - Filling up the DagBag from /home/shubham/.local/lib/python3.10/site-packages/airflow/example_dags/example_bash_operator.py
[2023-06-18T14:42:57.597+0530] {processor.py:836} INFO - DAG(s) dict_keys(['example_bash_operator']) retrieved from /home/shubham/.local/lib/python3.10/site-packages/airflow/example_dags/example_bash_operator.py
[2023-06-18T14:42:57.616+0530] {logging_mixin.py:149} INFO - [2023-06-18T14:42:57.616+0530] {dag.py:2726} INFO - Sync 1 DAGs
[2023-06-18T14:42:57.629+0530] {logging_mixin.py:149} INFO - [2023-06-18T14:42:57.629+0530] {dag.py:3486} INFO - Setting next_dagrun for example_bash_operator to 2023-06-17T00:00:00+00:00, run_after=2023-06-18T00:00:00+00:00
[2023-06-18T14:42:57.646+0530] {processor.py:179} INFO - Processing /home/shubham/.local/lib/python3.10/site-packages/airflow/example_dags/example_bash_operator.py took 0.062 seconds
[2023-06-18T14:43:42.975+0530] {processor.py:157} INFO - Started process (PID=3830) to work on /home/shubham/.local/lib/python3.10/site-packages/airflow/example_dags/example_bash_operator.py
[2023-06-18T14:43:42.980+0530] {processor.py:826} INFO - Processing file /home/shubham/.local/lib/python3.10/site-packages/airflow/example_dags/example_bash_operator.py for tasks to queue
[2023-06-18T14:43:42.982+0530] {logging_mixin.py:149} INFO - [2023-06-18T14:43:42.981+0530] {dagbag.py:541} INFO - Filling up the DagBag from /home/shubham/.local/lib/python3.10/site-packages/airflow/example_dags/example_bash_operator.py
[2023-06-18T14:43:43.018+0530] {processor.py:836} INFO - DAG(s) dict_keys(['example_bash_operator']) retrieved from /home/shubham/.local/lib/python3.10/site-packages/airflow/example_dags/example_bash_operator.py
[2023-06-18T14:43:43.067+0530] {logging_mixin.py:149} INFO - [2023-06-18T14:43:43.067+0530] {dag.py:2726} INFO - Sync 1 DAGs
[2023-06-18T14:43:43.092+0530] {logging_mixin.py:149} INFO - [2023-06-18T14:43:43.092+0530] {dag.py:3486} INFO - Setting next_dagrun for example_bash_operator to 2023-06-17T00:00:00+00:00, run_after=2023-06-18T00:00:00+00:00
[2023-06-18T14:43:43.114+0530] {processor.py:179} INFO - Processing /home/shubham/.local/lib/python3.10/site-packages/airflow/example_dags/example_bash_operator.py took 0.153 seconds
[2023-06-18T14:44:30.506+0530] {processor.py:157} INFO - Started process (PID=3879) to work on /home/shubham/.local/lib/python3.10/site-packages/airflow/example_dags/example_bash_operator.py
[2023-06-18T14:44:30.508+0530] {processor.py:826} INFO - Processing file /home/shubham/.local/lib/python3.10/site-packages/airflow/example_dags/example_bash_operator.py for tasks to queue
[2023-06-18T14:44:30.508+0530] {logging_mixin.py:149} INFO - [2023-06-18T14:44:30.508+0530] {dagbag.py:541} INFO - Filling up the DagBag from /home/shubham/.local/lib/python3.10/site-packages/airflow/example_dags/example_bash_operator.py
[2023-06-18T14:44:30.518+0530] {processor.py:836} INFO - DAG(s) dict_keys(['example_bash_operator']) retrieved from /home/shubham/.local/lib/python3.10/site-packages/airflow/example_dags/example_bash_operator.py
[2023-06-18T14:44:30.536+0530] {logging_mixin.py:149} INFO - [2023-06-18T14:44:30.536+0530] {dag.py:2726} INFO - Sync 1 DAGs
[2023-06-18T14:44:30.549+0530] {logging_mixin.py:149} INFO - [2023-06-18T14:44:30.549+0530] {dag.py:3486} INFO - Setting next_dagrun for example_bash_operator to 2023-06-17T00:00:00+00:00, run_after=2023-06-18T00:00:00+00:00
[2023-06-18T14:44:30.565+0530] {processor.py:179} INFO - Processing /home/shubham/.local/lib/python3.10/site-packages/airflow/example_dags/example_bash_operator.py took 0.061 seconds
[2023-06-18T14:45:16.729+0530] {processor.py:157} INFO - Started process (PID=3926) to work on /home/shubham/.local/lib/python3.10/site-packages/airflow/example_dags/example_bash_operator.py
[2023-06-18T14:45:16.731+0530] {processor.py:826} INFO - Processing file /home/shubham/.local/lib/python3.10/site-packages/airflow/example_dags/example_bash_operator.py for tasks to queue
[2023-06-18T14:45:16.731+0530] {logging_mixin.py:149} INFO - [2023-06-18T14:45:16.731+0530] {dagbag.py:541} INFO - Filling up the DagBag from /home/shubham/.local/lib/python3.10/site-packages/airflow/example_dags/example_bash_operator.py
[2023-06-18T14:45:16.740+0530] {processor.py:836} INFO - DAG(s) dict_keys(['example_bash_operator']) retrieved from /home/shubham/.local/lib/python3.10/site-packages/airflow/example_dags/example_bash_operator.py
[2023-06-18T14:45:16.760+0530] {logging_mixin.py:149} INFO - [2023-06-18T14:45:16.759+0530] {dag.py:2726} INFO - Sync 1 DAGs
[2023-06-18T14:45:16.773+0530] {logging_mixin.py:149} INFO - [2023-06-18T14:45:16.772+0530] {dag.py:3486} INFO - Setting next_dagrun for example_bash_operator to 2023-06-17T00:00:00+00:00, run_after=2023-06-18T00:00:00+00:00
[2023-06-18T14:45:16.789+0530] {processor.py:179} INFO - Processing /home/shubham/.local/lib/python3.10/site-packages/airflow/example_dags/example_bash_operator.py took 0.062 seconds
[2023-06-18T14:46:00.702+0530] {processor.py:157} INFO - Started process (PID=3972) to work on /home/shubham/.local/lib/python3.10/site-packages/airflow/example_dags/example_bash_operator.py
[2023-06-18T14:46:00.703+0530] {processor.py:826} INFO - Processing file /home/shubham/.local/lib/python3.10/site-packages/airflow/example_dags/example_bash_operator.py for tasks to queue
[2023-06-18T14:46:00.704+0530] {logging_mixin.py:149} INFO - [2023-06-18T14:46:00.704+0530] {dagbag.py:541} INFO - Filling up the DagBag from /home/shubham/.local/lib/python3.10/site-packages/airflow/example_dags/example_bash_operator.py
[2023-06-18T14:46:00.714+0530] {processor.py:836} INFO - DAG(s) dict_keys(['example_bash_operator']) retrieved from /home/shubham/.local/lib/python3.10/site-packages/airflow/example_dags/example_bash_operator.py
[2023-06-18T14:46:00.735+0530] {logging_mixin.py:149} INFO - [2023-06-18T14:46:00.735+0530] {dag.py:2726} INFO - Sync 1 DAGs
[2023-06-18T14:46:00.749+0530] {logging_mixin.py:149} INFO - [2023-06-18T14:46:00.749+0530] {dag.py:3486} INFO - Setting next_dagrun for example_bash_operator to 2023-06-17T00:00:00+00:00, run_after=2023-06-18T00:00:00+00:00
[2023-06-18T14:46:00.765+0530] {processor.py:179} INFO - Processing /home/shubham/.local/lib/python3.10/site-packages/airflow/example_dags/example_bash_operator.py took 0.065 seconds
[2023-06-18T14:46:46.881+0530] {processor.py:157} INFO - Started process (PID=4020) to work on /home/shubham/.local/lib/python3.10/site-packages/airflow/example_dags/example_bash_operator.py
[2023-06-18T14:46:46.883+0530] {processor.py:826} INFO - Processing file /home/shubham/.local/lib/python3.10/site-packages/airflow/example_dags/example_bash_operator.py for tasks to queue
[2023-06-18T14:46:46.883+0530] {logging_mixin.py:149} INFO - [2023-06-18T14:46:46.883+0530] {dagbag.py:541} INFO - Filling up the DagBag from /home/shubham/.local/lib/python3.10/site-packages/airflow/example_dags/example_bash_operator.py
[2023-06-18T14:46:46.892+0530] {processor.py:836} INFO - DAG(s) dict_keys(['example_bash_operator']) retrieved from /home/shubham/.local/lib/python3.10/site-packages/airflow/example_dags/example_bash_operator.py
[2023-06-18T14:46:46.911+0530] {logging_mixin.py:149} INFO - [2023-06-18T14:46:46.911+0530] {dag.py:2726} INFO - Sync 1 DAGs
[2023-06-18T14:46:46.926+0530] {logging_mixin.py:149} INFO - [2023-06-18T14:46:46.926+0530] {dag.py:3486} INFO - Setting next_dagrun for example_bash_operator to 2023-06-17T00:00:00+00:00, run_after=2023-06-18T00:00:00+00:00
[2023-06-18T14:46:46.942+0530] {processor.py:179} INFO - Processing /home/shubham/.local/lib/python3.10/site-packages/airflow/example_dags/example_bash_operator.py took 0.063 seconds
[2023-06-18T14:47:33.187+0530] {processor.py:157} INFO - Started process (PID=4068) to work on /home/shubham/.local/lib/python3.10/site-packages/airflow/example_dags/example_bash_operator.py
[2023-06-18T14:47:33.188+0530] {processor.py:826} INFO - Processing file /home/shubham/.local/lib/python3.10/site-packages/airflow/example_dags/example_bash_operator.py for tasks to queue
[2023-06-18T14:47:33.189+0530] {logging_mixin.py:149} INFO - [2023-06-18T14:47:33.189+0530] {dagbag.py:541} INFO - Filling up the DagBag from /home/shubham/.local/lib/python3.10/site-packages/airflow/example_dags/example_bash_operator.py
[2023-06-18T14:47:33.199+0530] {processor.py:836} INFO - DAG(s) dict_keys(['example_bash_operator']) retrieved from /home/shubham/.local/lib/python3.10/site-packages/airflow/example_dags/example_bash_operator.py
[2023-06-18T14:47:33.218+0530] {logging_mixin.py:149} INFO - [2023-06-18T14:47:33.218+0530] {dag.py:2726} INFO - Sync 1 DAGs
[2023-06-18T14:47:33.231+0530] {logging_mixin.py:149} INFO - [2023-06-18T14:47:33.231+0530] {dag.py:3486} INFO - Setting next_dagrun for example_bash_operator to 2023-06-17T00:00:00+00:00, run_after=2023-06-18T00:00:00+00:00
[2023-06-18T14:47:33.248+0530] {processor.py:179} INFO - Processing /home/shubham/.local/lib/python3.10/site-packages/airflow/example_dags/example_bash_operator.py took 0.063 seconds
[2023-06-18T14:48:15.071+0530] {processor.py:157} INFO - Started process (PID=4112) to work on /home/shubham/.local/lib/python3.10/site-packages/airflow/example_dags/example_bash_operator.py
[2023-06-18T14:48:15.072+0530] {processor.py:826} INFO - Processing file /home/shubham/.local/lib/python3.10/site-packages/airflow/example_dags/example_bash_operator.py for tasks to queue
[2023-06-18T14:48:15.073+0530] {logging_mixin.py:149} INFO - [2023-06-18T14:48:15.073+0530] {dagbag.py:541} INFO - Filling up the DagBag from /home/shubham/.local/lib/python3.10/site-packages/airflow/example_dags/example_bash_operator.py
[2023-06-18T14:48:15.082+0530] {processor.py:836} INFO - DAG(s) dict_keys(['example_bash_operator']) retrieved from /home/shubham/.local/lib/python3.10/site-packages/airflow/example_dags/example_bash_operator.py
[2023-06-18T14:48:15.101+0530] {logging_mixin.py:149} INFO - [2023-06-18T14:48:15.101+0530] {dag.py:2726} INFO - Sync 1 DAGs
[2023-06-18T14:48:15.114+0530] {logging_mixin.py:149} INFO - [2023-06-18T14:48:15.114+0530] {dag.py:3486} INFO - Setting next_dagrun for example_bash_operator to 2023-06-17T00:00:00+00:00, run_after=2023-06-18T00:00:00+00:00
[2023-06-18T14:48:15.130+0530] {processor.py:179} INFO - Processing /home/shubham/.local/lib/python3.10/site-packages/airflow/example_dags/example_bash_operator.py took 0.061 seconds
[2023-06-18T14:48:58.967+0530] {processor.py:157} INFO - Started process (PID=4158) to work on /home/shubham/.local/lib/python3.10/site-packages/airflow/example_dags/example_bash_operator.py
[2023-06-18T14:48:58.969+0530] {processor.py:826} INFO - Processing file /home/shubham/.local/lib/python3.10/site-packages/airflow/example_dags/example_bash_operator.py for tasks to queue
[2023-06-18T14:48:58.969+0530] {logging_mixin.py:149} INFO - [2023-06-18T14:48:58.969+0530] {dagbag.py:541} INFO - Filling up the DagBag from /home/shubham/.local/lib/python3.10/site-packages/airflow/example_dags/example_bash_operator.py
[2023-06-18T14:48:58.979+0530] {processor.py:836} INFO - DAG(s) dict_keys(['example_bash_operator']) retrieved from /home/shubham/.local/lib/python3.10/site-packages/airflow/example_dags/example_bash_operator.py
[2023-06-18T14:48:58.998+0530] {logging_mixin.py:149} INFO - [2023-06-18T14:48:58.998+0530] {dag.py:2726} INFO - Sync 1 DAGs
[2023-06-18T14:48:59.011+0530] {logging_mixin.py:149} INFO - [2023-06-18T14:48:59.011+0530] {dag.py:3486} INFO - Setting next_dagrun for example_bash_operator to 2023-06-17T00:00:00+00:00, run_after=2023-06-18T00:00:00+00:00
[2023-06-18T14:48:59.029+0530] {processor.py:179} INFO - Processing /home/shubham/.local/lib/python3.10/site-packages/airflow/example_dags/example_bash_operator.py took 0.064 seconds
[2023-06-18T14:49:41.592+0530] {processor.py:157} INFO - Started process (PID=4203) to work on /home/shubham/.local/lib/python3.10/site-packages/airflow/example_dags/example_bash_operator.py
[2023-06-18T14:49:41.594+0530] {processor.py:826} INFO - Processing file /home/shubham/.local/lib/python3.10/site-packages/airflow/example_dags/example_bash_operator.py for tasks to queue
[2023-06-18T14:49:41.594+0530] {logging_mixin.py:149} INFO - [2023-06-18T14:49:41.594+0530] {dagbag.py:541} INFO - Filling up the DagBag from /home/shubham/.local/lib/python3.10/site-packages/airflow/example_dags/example_bash_operator.py
[2023-06-18T14:49:41.604+0530] {processor.py:836} INFO - DAG(s) dict_keys(['example_bash_operator']) retrieved from /home/shubham/.local/lib/python3.10/site-packages/airflow/example_dags/example_bash_operator.py
[2023-06-18T14:49:41.623+0530] {logging_mixin.py:149} INFO - [2023-06-18T14:49:41.623+0530] {dag.py:2726} INFO - Sync 1 DAGs
[2023-06-18T14:49:41.637+0530] {logging_mixin.py:149} INFO - [2023-06-18T14:49:41.637+0530] {dag.py:3486} INFO - Setting next_dagrun for example_bash_operator to 2023-06-17T00:00:00+00:00, run_after=2023-06-18T00:00:00+00:00
[2023-06-18T14:49:41.657+0530] {processor.py:179} INFO - Processing /home/shubham/.local/lib/python3.10/site-packages/airflow/example_dags/example_bash_operator.py took 0.067 seconds
[2023-06-18T14:50:23.796+0530] {processor.py:157} INFO - Started process (PID=4248) to work on /home/shubham/.local/lib/python3.10/site-packages/airflow/example_dags/example_bash_operator.py
[2023-06-18T14:50:23.798+0530] {processor.py:826} INFO - Processing file /home/shubham/.local/lib/python3.10/site-packages/airflow/example_dags/example_bash_operator.py for tasks to queue
[2023-06-18T14:50:23.798+0530] {logging_mixin.py:149} INFO - [2023-06-18T14:50:23.798+0530] {dagbag.py:541} INFO - Filling up the DagBag from /home/shubham/.local/lib/python3.10/site-packages/airflow/example_dags/example_bash_operator.py
[2023-06-18T14:50:23.807+0530] {processor.py:836} INFO - DAG(s) dict_keys(['example_bash_operator']) retrieved from /home/shubham/.local/lib/python3.10/site-packages/airflow/example_dags/example_bash_operator.py
[2023-06-18T14:50:23.826+0530] {logging_mixin.py:149} INFO - [2023-06-18T14:50:23.826+0530] {dag.py:2726} INFO - Sync 1 DAGs
[2023-06-18T14:50:23.839+0530] {logging_mixin.py:149} INFO - [2023-06-18T14:50:23.839+0530] {dag.py:3486} INFO - Setting next_dagrun for example_bash_operator to 2023-06-17T00:00:00+00:00, run_after=2023-06-18T00:00:00+00:00
[2023-06-18T14:50:23.855+0530] {processor.py:179} INFO - Processing /home/shubham/.local/lib/python3.10/site-packages/airflow/example_dags/example_bash_operator.py took 0.061 seconds
[2023-06-18T14:51:07.683+0530] {processor.py:157} INFO - Started process (PID=4294) to work on /home/shubham/.local/lib/python3.10/site-packages/airflow/example_dags/example_bash_operator.py
[2023-06-18T14:51:07.685+0530] {processor.py:826} INFO - Processing file /home/shubham/.local/lib/python3.10/site-packages/airflow/example_dags/example_bash_operator.py for tasks to queue
[2023-06-18T14:51:07.685+0530] {logging_mixin.py:149} INFO - [2023-06-18T14:51:07.685+0530] {dagbag.py:541} INFO - Filling up the DagBag from /home/shubham/.local/lib/python3.10/site-packages/airflow/example_dags/example_bash_operator.py
[2023-06-18T14:51:07.694+0530] {processor.py:836} INFO - DAG(s) dict_keys(['example_bash_operator']) retrieved from /home/shubham/.local/lib/python3.10/site-packages/airflow/example_dags/example_bash_operator.py
[2023-06-18T14:51:07.713+0530] {logging_mixin.py:149} INFO - [2023-06-18T14:51:07.712+0530] {dag.py:2726} INFO - Sync 1 DAGs
[2023-06-18T14:51:07.725+0530] {logging_mixin.py:149} INFO - [2023-06-18T14:51:07.725+0530] {dag.py:3486} INFO - Setting next_dagrun for example_bash_operator to 2023-06-17T00:00:00+00:00, run_after=2023-06-18T00:00:00+00:00
[2023-06-18T14:51:07.742+0530] {processor.py:179} INFO - Processing /home/shubham/.local/lib/python3.10/site-packages/airflow/example_dags/example_bash_operator.py took 0.061 seconds
[2023-06-18T14:51:50.973+0530] {processor.py:157} INFO - Started process (PID=4338) to work on /home/shubham/.local/lib/python3.10/site-packages/airflow/example_dags/example_bash_operator.py
[2023-06-18T14:51:50.975+0530] {processor.py:826} INFO - Processing file /home/shubham/.local/lib/python3.10/site-packages/airflow/example_dags/example_bash_operator.py for tasks to queue
[2023-06-18T14:51:50.976+0530] {logging_mixin.py:149} INFO - [2023-06-18T14:51:50.976+0530] {dagbag.py:541} INFO - Filling up the DagBag from /home/shubham/.local/lib/python3.10/site-packages/airflow/example_dags/example_bash_operator.py
[2023-06-18T14:51:50.985+0530] {processor.py:836} INFO - DAG(s) dict_keys(['example_bash_operator']) retrieved from /home/shubham/.local/lib/python3.10/site-packages/airflow/example_dags/example_bash_operator.py
[2023-06-18T14:51:51.004+0530] {logging_mixin.py:149} INFO - [2023-06-18T14:51:51.004+0530] {dag.py:2726} INFO - Sync 1 DAGs
[2023-06-18T14:51:51.017+0530] {logging_mixin.py:149} INFO - [2023-06-18T14:51:51.017+0530] {dag.py:3486} INFO - Setting next_dagrun for example_bash_operator to 2023-06-17T00:00:00+00:00, run_after=2023-06-18T00:00:00+00:00
[2023-06-18T14:51:51.033+0530] {processor.py:179} INFO - Processing /home/shubham/.local/lib/python3.10/site-packages/airflow/example_dags/example_bash_operator.py took 0.062 seconds
[2023-06-18T14:52:33.191+0530] {processor.py:157} INFO - Started process (PID=4384) to work on /home/shubham/.local/lib/python3.10/site-packages/airflow/example_dags/example_bash_operator.py
[2023-06-18T14:52:33.193+0530] {processor.py:826} INFO - Processing file /home/shubham/.local/lib/python3.10/site-packages/airflow/example_dags/example_bash_operator.py for tasks to queue
[2023-06-18T14:52:33.193+0530] {logging_mixin.py:149} INFO - [2023-06-18T14:52:33.193+0530] {dagbag.py:541} INFO - Filling up the DagBag from /home/shubham/.local/lib/python3.10/site-packages/airflow/example_dags/example_bash_operator.py
[2023-06-18T14:52:33.203+0530] {processor.py:836} INFO - DAG(s) dict_keys(['example_bash_operator']) retrieved from /home/shubham/.local/lib/python3.10/site-packages/airflow/example_dags/example_bash_operator.py
[2023-06-18T14:52:33.222+0530] {logging_mixin.py:149} INFO - [2023-06-18T14:52:33.222+0530] {dag.py:2726} INFO - Sync 1 DAGs
[2023-06-18T14:52:33.235+0530] {logging_mixin.py:149} INFO - [2023-06-18T14:52:33.234+0530] {dag.py:3486} INFO - Setting next_dagrun for example_bash_operator to 2023-06-17T00:00:00+00:00, run_after=2023-06-18T00:00:00+00:00
[2023-06-18T14:52:33.250+0530] {processor.py:179} INFO - Processing /home/shubham/.local/lib/python3.10/site-packages/airflow/example_dags/example_bash_operator.py took 0.062 seconds
[2023-06-18T14:53:18.282+0530] {processor.py:157} INFO - Started process (PID=4430) to work on /home/shubham/.local/lib/python3.10/site-packages/airflow/example_dags/example_bash_operator.py
[2023-06-18T14:53:18.283+0530] {processor.py:826} INFO - Processing file /home/shubham/.local/lib/python3.10/site-packages/airflow/example_dags/example_bash_operator.py for tasks to queue
[2023-06-18T14:53:18.284+0530] {logging_mixin.py:149} INFO - [2023-06-18T14:53:18.284+0530] {dagbag.py:541} INFO - Filling up the DagBag from /home/shubham/.local/lib/python3.10/site-packages/airflow/example_dags/example_bash_operator.py
[2023-06-18T14:53:18.293+0530] {processor.py:836} INFO - DAG(s) dict_keys(['example_bash_operator']) retrieved from /home/shubham/.local/lib/python3.10/site-packages/airflow/example_dags/example_bash_operator.py
[2023-06-18T14:53:18.312+0530] {logging_mixin.py:149} INFO - [2023-06-18T14:53:18.312+0530] {dag.py:2726} INFO - Sync 1 DAGs
[2023-06-18T14:53:18.326+0530] {logging_mixin.py:149} INFO - [2023-06-18T14:53:18.326+0530] {dag.py:3486} INFO - Setting next_dagrun for example_bash_operator to 2023-06-17T00:00:00+00:00, run_after=2023-06-18T00:00:00+00:00
[2023-06-18T14:53:18.342+0530] {processor.py:179} INFO - Processing /home/shubham/.local/lib/python3.10/site-packages/airflow/example_dags/example_bash_operator.py took 0.063 seconds
[2023-06-18T14:54:05.660+0530] {processor.py:157} INFO - Started process (PID=4478) to work on /home/shubham/.local/lib/python3.10/site-packages/airflow/example_dags/example_bash_operator.py
[2023-06-18T14:54:05.661+0530] {processor.py:826} INFO - Processing file /home/shubham/.local/lib/python3.10/site-packages/airflow/example_dags/example_bash_operator.py for tasks to queue
[2023-06-18T14:54:05.662+0530] {logging_mixin.py:149} INFO - [2023-06-18T14:54:05.662+0530] {dagbag.py:541} INFO - Filling up the DagBag from /home/shubham/.local/lib/python3.10/site-packages/airflow/example_dags/example_bash_operator.py
[2023-06-18T14:54:05.671+0530] {processor.py:836} INFO - DAG(s) dict_keys(['example_bash_operator']) retrieved from /home/shubham/.local/lib/python3.10/site-packages/airflow/example_dags/example_bash_operator.py
[2023-06-18T14:54:05.690+0530] {logging_mixin.py:149} INFO - [2023-06-18T14:54:05.689+0530] {dag.py:2726} INFO - Sync 1 DAGs
[2023-06-18T14:54:05.702+0530] {logging_mixin.py:149} INFO - [2023-06-18T14:54:05.702+0530] {dag.py:3486} INFO - Setting next_dagrun for example_bash_operator to 2023-06-17T00:00:00+00:00, run_after=2023-06-18T00:00:00+00:00
[2023-06-18T14:54:05.721+0530] {processor.py:179} INFO - Processing /home/shubham/.local/lib/python3.10/site-packages/airflow/example_dags/example_bash_operator.py took 0.064 seconds
[2023-06-18T14:54:50.958+0530] {processor.py:157} INFO - Started process (PID=4525) to work on /home/shubham/.local/lib/python3.10/site-packages/airflow/example_dags/example_bash_operator.py
[2023-06-18T14:54:50.960+0530] {processor.py:826} INFO - Processing file /home/shubham/.local/lib/python3.10/site-packages/airflow/example_dags/example_bash_operator.py for tasks to queue
[2023-06-18T14:54:50.960+0530] {logging_mixin.py:149} INFO - [2023-06-18T14:54:50.960+0530] {dagbag.py:541} INFO - Filling up the DagBag from /home/shubham/.local/lib/python3.10/site-packages/airflow/example_dags/example_bash_operator.py
[2023-06-18T14:54:50.970+0530] {processor.py:836} INFO - DAG(s) dict_keys(['example_bash_operator']) retrieved from /home/shubham/.local/lib/python3.10/site-packages/airflow/example_dags/example_bash_operator.py
[2023-06-18T14:54:50.990+0530] {logging_mixin.py:149} INFO - [2023-06-18T14:54:50.989+0530] {dag.py:2726} INFO - Sync 1 DAGs
[2023-06-18T14:54:51.003+0530] {logging_mixin.py:149} INFO - [2023-06-18T14:54:51.003+0530] {dag.py:3486} INFO - Setting next_dagrun for example_bash_operator to 2023-06-17T00:00:00+00:00, run_after=2023-06-18T00:00:00+00:00
[2023-06-18T14:54:51.019+0530] {processor.py:179} INFO - Processing /home/shubham/.local/lib/python3.10/site-packages/airflow/example_dags/example_bash_operator.py took 0.063 seconds
[2023-06-18T14:55:34.780+0530] {processor.py:157} INFO - Started process (PID=4571) to work on /home/shubham/.local/lib/python3.10/site-packages/airflow/example_dags/example_bash_operator.py
[2023-06-18T14:55:34.782+0530] {processor.py:826} INFO - Processing file /home/shubham/.local/lib/python3.10/site-packages/airflow/example_dags/example_bash_operator.py for tasks to queue
[2023-06-18T14:55:34.782+0530] {logging_mixin.py:149} INFO - [2023-06-18T14:55:34.782+0530] {dagbag.py:541} INFO - Filling up the DagBag from /home/shubham/.local/lib/python3.10/site-packages/airflow/example_dags/example_bash_operator.py
[2023-06-18T14:55:34.791+0530] {processor.py:836} INFO - DAG(s) dict_keys(['example_bash_operator']) retrieved from /home/shubham/.local/lib/python3.10/site-packages/airflow/example_dags/example_bash_operator.py
[2023-06-18T14:55:34.810+0530] {logging_mixin.py:149} INFO - [2023-06-18T14:55:34.810+0530] {dag.py:2726} INFO - Sync 1 DAGs
[2023-06-18T14:55:34.823+0530] {logging_mixin.py:149} INFO - [2023-06-18T14:55:34.823+0530] {dag.py:3486} INFO - Setting next_dagrun for example_bash_operator to 2023-06-17T00:00:00+00:00, run_after=2023-06-18T00:00:00+00:00
[2023-06-18T14:55:34.840+0530] {processor.py:179} INFO - Processing /home/shubham/.local/lib/python3.10/site-packages/airflow/example_dags/example_bash_operator.py took 0.062 seconds
[2023-06-18T14:56:19.701+0530] {processor.py:157} INFO - Started process (PID=4618) to work on /home/shubham/.local/lib/python3.10/site-packages/airflow/example_dags/example_bash_operator.py
[2023-06-18T14:56:19.702+0530] {processor.py:826} INFO - Processing file /home/shubham/.local/lib/python3.10/site-packages/airflow/example_dags/example_bash_operator.py for tasks to queue
[2023-06-18T14:56:19.703+0530] {logging_mixin.py:149} INFO - [2023-06-18T14:56:19.703+0530] {dagbag.py:541} INFO - Filling up the DagBag from /home/shubham/.local/lib/python3.10/site-packages/airflow/example_dags/example_bash_operator.py
[2023-06-18T14:56:19.712+0530] {processor.py:836} INFO - DAG(s) dict_keys(['example_bash_operator']) retrieved from /home/shubham/.local/lib/python3.10/site-packages/airflow/example_dags/example_bash_operator.py
[2023-06-18T14:56:19.731+0530] {logging_mixin.py:149} INFO - [2023-06-18T14:56:19.731+0530] {dag.py:2726} INFO - Sync 1 DAGs
[2023-06-18T14:56:19.743+0530] {logging_mixin.py:149} INFO - [2023-06-18T14:56:19.743+0530] {dag.py:3486} INFO - Setting next_dagrun for example_bash_operator to 2023-06-17T00:00:00+00:00, run_after=2023-06-18T00:00:00+00:00
[2023-06-18T14:56:19.759+0530] {processor.py:179} INFO - Processing /home/shubham/.local/lib/python3.10/site-packages/airflow/example_dags/example_bash_operator.py took 0.060 seconds
[2023-06-18T14:57:03.055+0530] {processor.py:157} INFO - Started process (PID=4664) to work on /home/shubham/.local/lib/python3.10/site-packages/airflow/example_dags/example_bash_operator.py
[2023-06-18T14:57:03.056+0530] {processor.py:826} INFO - Processing file /home/shubham/.local/lib/python3.10/site-packages/airflow/example_dags/example_bash_operator.py for tasks to queue
[2023-06-18T14:57:03.057+0530] {logging_mixin.py:149} INFO - [2023-06-18T14:57:03.057+0530] {dagbag.py:541} INFO - Filling up the DagBag from /home/shubham/.local/lib/python3.10/site-packages/airflow/example_dags/example_bash_operator.py
[2023-06-18T14:57:03.067+0530] {processor.py:836} INFO - DAG(s) dict_keys(['example_bash_operator']) retrieved from /home/shubham/.local/lib/python3.10/site-packages/airflow/example_dags/example_bash_operator.py
[2023-06-18T14:57:03.088+0530] {logging_mixin.py:149} INFO - [2023-06-18T14:57:03.088+0530] {dag.py:2726} INFO - Sync 1 DAGs
[2023-06-18T14:57:03.103+0530] {logging_mixin.py:149} INFO - [2023-06-18T14:57:03.103+0530] {dag.py:3486} INFO - Setting next_dagrun for example_bash_operator to 2023-06-17T00:00:00+00:00, run_after=2023-06-18T00:00:00+00:00
[2023-06-18T14:57:03.119+0530] {processor.py:179} INFO - Processing /home/shubham/.local/lib/python3.10/site-packages/airflow/example_dags/example_bash_operator.py took 0.068 seconds
[2023-06-18T14:57:45.366+0530] {processor.py:157} INFO - Started process (PID=4712) to work on /home/shubham/.local/lib/python3.10/site-packages/airflow/example_dags/example_bash_operator.py
[2023-06-18T14:57:45.367+0530] {processor.py:826} INFO - Processing file /home/shubham/.local/lib/python3.10/site-packages/airflow/example_dags/example_bash_operator.py for tasks to queue
[2023-06-18T14:57:45.368+0530] {logging_mixin.py:149} INFO - [2023-06-18T14:57:45.367+0530] {dagbag.py:541} INFO - Filling up the DagBag from /home/shubham/.local/lib/python3.10/site-packages/airflow/example_dags/example_bash_operator.py
[2023-06-18T14:57:45.377+0530] {processor.py:836} INFO - DAG(s) dict_keys(['example_bash_operator']) retrieved from /home/shubham/.local/lib/python3.10/site-packages/airflow/example_dags/example_bash_operator.py
[2023-06-18T14:57:45.396+0530] {logging_mixin.py:149} INFO - [2023-06-18T14:57:45.396+0530] {dag.py:2726} INFO - Sync 1 DAGs
[2023-06-18T14:57:45.409+0530] {logging_mixin.py:149} INFO - [2023-06-18T14:57:45.409+0530] {dag.py:3486} INFO - Setting next_dagrun for example_bash_operator to 2023-06-17T00:00:00+00:00, run_after=2023-06-18T00:00:00+00:00
[2023-06-18T14:57:45.425+0530] {processor.py:179} INFO - Processing /home/shubham/.local/lib/python3.10/site-packages/airflow/example_dags/example_bash_operator.py took 0.062 seconds
[2023-06-18T14:58:27.939+0530] {processor.py:157} INFO - Started process (PID=4757) to work on /home/shubham/.local/lib/python3.10/site-packages/airflow/example_dags/example_bash_operator.py
[2023-06-18T14:58:27.940+0530] {processor.py:826} INFO - Processing file /home/shubham/.local/lib/python3.10/site-packages/airflow/example_dags/example_bash_operator.py for tasks to queue
[2023-06-18T14:58:27.941+0530] {logging_mixin.py:149} INFO - [2023-06-18T14:58:27.941+0530] {dagbag.py:541} INFO - Filling up the DagBag from /home/shubham/.local/lib/python3.10/site-packages/airflow/example_dags/example_bash_operator.py
[2023-06-18T14:58:27.950+0530] {processor.py:836} INFO - DAG(s) dict_keys(['example_bash_operator']) retrieved from /home/shubham/.local/lib/python3.10/site-packages/airflow/example_dags/example_bash_operator.py
[2023-06-18T14:58:27.969+0530] {logging_mixin.py:149} INFO - [2023-06-18T14:58:27.969+0530] {dag.py:2726} INFO - Sync 1 DAGs
[2023-06-18T14:58:27.983+0530] {logging_mixin.py:149} INFO - [2023-06-18T14:58:27.982+0530] {dag.py:3486} INFO - Setting next_dagrun for example_bash_operator to 2023-06-17T00:00:00+00:00, run_after=2023-06-18T00:00:00+00:00
[2023-06-18T14:58:27.999+0530] {processor.py:179} INFO - Processing /home/shubham/.local/lib/python3.10/site-packages/airflow/example_dags/example_bash_operator.py took 0.062 seconds
[2023-06-18T14:59:10.388+0530] {processor.py:157} INFO - Started process (PID=4800) to work on /home/shubham/.local/lib/python3.10/site-packages/airflow/example_dags/example_bash_operator.py
[2023-06-18T14:59:10.389+0530] {processor.py:826} INFO - Processing file /home/shubham/.local/lib/python3.10/site-packages/airflow/example_dags/example_bash_operator.py for tasks to queue
[2023-06-18T14:59:10.390+0530] {logging_mixin.py:149} INFO - [2023-06-18T14:59:10.390+0530] {dagbag.py:541} INFO - Filling up the DagBag from /home/shubham/.local/lib/python3.10/site-packages/airflow/example_dags/example_bash_operator.py
[2023-06-18T14:59:10.399+0530] {processor.py:836} INFO - DAG(s) dict_keys(['example_bash_operator']) retrieved from /home/shubham/.local/lib/python3.10/site-packages/airflow/example_dags/example_bash_operator.py
[2023-06-18T14:59:10.418+0530] {logging_mixin.py:149} INFO - [2023-06-18T14:59:10.418+0530] {dag.py:2726} INFO - Sync 1 DAGs
[2023-06-18T14:59:10.431+0530] {logging_mixin.py:149} INFO - [2023-06-18T14:59:10.431+0530] {dag.py:3486} INFO - Setting next_dagrun for example_bash_operator to 2023-06-17T00:00:00+00:00, run_after=2023-06-18T00:00:00+00:00
[2023-06-18T14:59:10.448+0530] {processor.py:179} INFO - Processing /home/shubham/.local/lib/python3.10/site-packages/airflow/example_dags/example_bash_operator.py took 0.062 seconds
[2023-06-18T14:59:51.352+0530] {processor.py:157} INFO - Started process (PID=4846) to work on /home/shubham/.local/lib/python3.10/site-packages/airflow/example_dags/example_bash_operator.py
[2023-06-18T14:59:51.353+0530] {processor.py:826} INFO - Processing file /home/shubham/.local/lib/python3.10/site-packages/airflow/example_dags/example_bash_operator.py for tasks to queue
[2023-06-18T14:59:51.354+0530] {logging_mixin.py:149} INFO - [2023-06-18T14:59:51.354+0530] {dagbag.py:541} INFO - Filling up the DagBag from /home/shubham/.local/lib/python3.10/site-packages/airflow/example_dags/example_bash_operator.py
[2023-06-18T14:59:51.363+0530] {processor.py:836} INFO - DAG(s) dict_keys(['example_bash_operator']) retrieved from /home/shubham/.local/lib/python3.10/site-packages/airflow/example_dags/example_bash_operator.py
[2023-06-18T14:59:51.383+0530] {logging_mixin.py:149} INFO - [2023-06-18T14:59:51.382+0530] {dag.py:2726} INFO - Sync 1 DAGs
[2023-06-18T14:59:51.397+0530] {logging_mixin.py:149} INFO - [2023-06-18T14:59:51.397+0530] {dag.py:3486} INFO - Setting next_dagrun for example_bash_operator to 2023-06-17T00:00:00+00:00, run_after=2023-06-18T00:00:00+00:00
[2023-06-18T14:59:51.413+0530] {processor.py:179} INFO - Processing /home/shubham/.local/lib/python3.10/site-packages/airflow/example_dags/example_bash_operator.py took 0.063 seconds
[2023-06-18T15:00:36.389+0530] {processor.py:157} INFO - Started process (PID=4890) to work on /home/shubham/.local/lib/python3.10/site-packages/airflow/example_dags/example_bash_operator.py
[2023-06-18T15:00:36.390+0530] {processor.py:826} INFO - Processing file /home/shubham/.local/lib/python3.10/site-packages/airflow/example_dags/example_bash_operator.py for tasks to queue
[2023-06-18T15:00:36.391+0530] {logging_mixin.py:149} INFO - [2023-06-18T15:00:36.391+0530] {dagbag.py:541} INFO - Filling up the DagBag from /home/shubham/.local/lib/python3.10/site-packages/airflow/example_dags/example_bash_operator.py
[2023-06-18T15:00:36.400+0530] {processor.py:836} INFO - DAG(s) dict_keys(['example_bash_operator']) retrieved from /home/shubham/.local/lib/python3.10/site-packages/airflow/example_dags/example_bash_operator.py
[2023-06-18T15:00:36.420+0530] {logging_mixin.py:149} INFO - [2023-06-18T15:00:36.420+0530] {dag.py:2726} INFO - Sync 1 DAGs
[2023-06-18T15:00:36.432+0530] {logging_mixin.py:149} INFO - [2023-06-18T15:00:36.432+0530] {dag.py:3486} INFO - Setting next_dagrun for example_bash_operator to 2023-06-17T00:00:00+00:00, run_after=2023-06-18T00:00:00+00:00
[2023-06-18T15:00:36.449+0530] {processor.py:179} INFO - Processing /home/shubham/.local/lib/python3.10/site-packages/airflow/example_dags/example_bash_operator.py took 0.062 seconds
[2023-06-18T15:01:21.412+0530] {processor.py:157} INFO - Started process (PID=4938) to work on /home/shubham/.local/lib/python3.10/site-packages/airflow/example_dags/example_bash_operator.py
[2023-06-18T15:01:21.413+0530] {processor.py:826} INFO - Processing file /home/shubham/.local/lib/python3.10/site-packages/airflow/example_dags/example_bash_operator.py for tasks to queue
[2023-06-18T15:01:21.413+0530] {logging_mixin.py:149} INFO - [2023-06-18T15:01:21.413+0530] {dagbag.py:541} INFO - Filling up the DagBag from /home/shubham/.local/lib/python3.10/site-packages/airflow/example_dags/example_bash_operator.py
[2023-06-18T15:01:21.423+0530] {processor.py:836} INFO - DAG(s) dict_keys(['example_bash_operator']) retrieved from /home/shubham/.local/lib/python3.10/site-packages/airflow/example_dags/example_bash_operator.py
[2023-06-18T15:01:21.443+0530] {logging_mixin.py:149} INFO - [2023-06-18T15:01:21.442+0530] {dag.py:2726} INFO - Sync 1 DAGs
[2023-06-18T15:01:21.456+0530] {logging_mixin.py:149} INFO - [2023-06-18T15:01:21.455+0530] {dag.py:3486} INFO - Setting next_dagrun for example_bash_operator to 2023-06-17T00:00:00+00:00, run_after=2023-06-18T00:00:00+00:00
[2023-06-18T15:01:21.472+0530] {processor.py:179} INFO - Processing /home/shubham/.local/lib/python3.10/site-packages/airflow/example_dags/example_bash_operator.py took 0.062 seconds
[2023-06-18T15:02:09.832+0530] {processor.py:157} INFO - Started process (PID=4986) to work on /home/shubham/.local/lib/python3.10/site-packages/airflow/example_dags/example_bash_operator.py
[2023-06-18T15:02:09.834+0530] {processor.py:826} INFO - Processing file /home/shubham/.local/lib/python3.10/site-packages/airflow/example_dags/example_bash_operator.py for tasks to queue
[2023-06-18T15:02:09.834+0530] {logging_mixin.py:149} INFO - [2023-06-18T15:02:09.834+0530] {dagbag.py:541} INFO - Filling up the DagBag from /home/shubham/.local/lib/python3.10/site-packages/airflow/example_dags/example_bash_operator.py
[2023-06-18T15:02:09.843+0530] {processor.py:836} INFO - DAG(s) dict_keys(['example_bash_operator']) retrieved from /home/shubham/.local/lib/python3.10/site-packages/airflow/example_dags/example_bash_operator.py
[2023-06-18T15:02:09.862+0530] {logging_mixin.py:149} INFO - [2023-06-18T15:02:09.862+0530] {dag.py:2726} INFO - Sync 1 DAGs
[2023-06-18T15:02:09.876+0530] {logging_mixin.py:149} INFO - [2023-06-18T15:02:09.875+0530] {dag.py:3486} INFO - Setting next_dagrun for example_bash_operator to 2023-06-17T00:00:00+00:00, run_after=2023-06-18T00:00:00+00:00
[2023-06-18T15:02:09.892+0530] {processor.py:179} INFO - Processing /home/shubham/.local/lib/python3.10/site-packages/airflow/example_dags/example_bash_operator.py took 0.062 seconds
[2023-06-18T15:02:52.049+0530] {processor.py:157} INFO - Started process (PID=5032) to work on /home/shubham/.local/lib/python3.10/site-packages/airflow/example_dags/example_bash_operator.py
[2023-06-18T15:02:52.050+0530] {processor.py:826} INFO - Processing file /home/shubham/.local/lib/python3.10/site-packages/airflow/example_dags/example_bash_operator.py for tasks to queue
[2023-06-18T15:02:52.050+0530] {logging_mixin.py:149} INFO - [2023-06-18T15:02:52.050+0530] {dagbag.py:541} INFO - Filling up the DagBag from /home/shubham/.local/lib/python3.10/site-packages/airflow/example_dags/example_bash_operator.py
[2023-06-18T15:02:52.060+0530] {processor.py:836} INFO - DAG(s) dict_keys(['example_bash_operator']) retrieved from /home/shubham/.local/lib/python3.10/site-packages/airflow/example_dags/example_bash_operator.py
[2023-06-18T15:02:52.079+0530] {logging_mixin.py:149} INFO - [2023-06-18T15:02:52.079+0530] {dag.py:2726} INFO - Sync 1 DAGs
[2023-06-18T15:02:52.092+0530] {logging_mixin.py:149} INFO - [2023-06-18T15:02:52.092+0530] {dag.py:3486} INFO - Setting next_dagrun for example_bash_operator to 2023-06-17T00:00:00+00:00, run_after=2023-06-18T00:00:00+00:00
[2023-06-18T15:02:52.109+0530] {processor.py:179} INFO - Processing /home/shubham/.local/lib/python3.10/site-packages/airflow/example_dags/example_bash_operator.py took 0.062 seconds
[2023-06-18T15:03:36.348+0530] {processor.py:157} INFO - Started process (PID=5079) to work on /home/shubham/.local/lib/python3.10/site-packages/airflow/example_dags/example_bash_operator.py
[2023-06-18T15:03:36.349+0530] {processor.py:826} INFO - Processing file /home/shubham/.local/lib/python3.10/site-packages/airflow/example_dags/example_bash_operator.py for tasks to queue
[2023-06-18T15:03:36.350+0530] {logging_mixin.py:149} INFO - [2023-06-18T15:03:36.350+0530] {dagbag.py:541} INFO - Filling up the DagBag from /home/shubham/.local/lib/python3.10/site-packages/airflow/example_dags/example_bash_operator.py
[2023-06-18T15:03:36.359+0530] {processor.py:836} INFO - DAG(s) dict_keys(['example_bash_operator']) retrieved from /home/shubham/.local/lib/python3.10/site-packages/airflow/example_dags/example_bash_operator.py
[2023-06-18T15:03:36.378+0530] {logging_mixin.py:149} INFO - [2023-06-18T15:03:36.378+0530] {dag.py:2726} INFO - Sync 1 DAGs
[2023-06-18T15:03:36.391+0530] {logging_mixin.py:149} INFO - [2023-06-18T15:03:36.391+0530] {dag.py:3486} INFO - Setting next_dagrun for example_bash_operator to 2023-06-17T00:00:00+00:00, run_after=2023-06-18T00:00:00+00:00
[2023-06-18T15:03:36.407+0530] {processor.py:179} INFO - Processing /home/shubham/.local/lib/python3.10/site-packages/airflow/example_dags/example_bash_operator.py took 0.061 seconds
[2023-06-18T15:04:21.896+0530] {processor.py:157} INFO - Started process (PID=5125) to work on /home/shubham/.local/lib/python3.10/site-packages/airflow/example_dags/example_bash_operator.py
[2023-06-18T15:04:21.897+0530] {processor.py:826} INFO - Processing file /home/shubham/.local/lib/python3.10/site-packages/airflow/example_dags/example_bash_operator.py for tasks to queue
[2023-06-18T15:04:21.898+0530] {logging_mixin.py:149} INFO - [2023-06-18T15:04:21.898+0530] {dagbag.py:541} INFO - Filling up the DagBag from /home/shubham/.local/lib/python3.10/site-packages/airflow/example_dags/example_bash_operator.py
[2023-06-18T15:04:21.907+0530] {processor.py:836} INFO - DAG(s) dict_keys(['example_bash_operator']) retrieved from /home/shubham/.local/lib/python3.10/site-packages/airflow/example_dags/example_bash_operator.py
[2023-06-18T15:04:21.926+0530] {logging_mixin.py:149} INFO - [2023-06-18T15:04:21.926+0530] {dag.py:2726} INFO - Sync 1 DAGs
[2023-06-18T15:04:21.938+0530] {logging_mixin.py:149} INFO - [2023-06-18T15:04:21.938+0530] {dag.py:3486} INFO - Setting next_dagrun for example_bash_operator to 2023-06-17T00:00:00+00:00, run_after=2023-06-18T00:00:00+00:00
[2023-06-18T15:04:21.954+0530] {processor.py:179} INFO - Processing /home/shubham/.local/lib/python3.10/site-packages/airflow/example_dags/example_bash_operator.py took 0.061 seconds
[2023-06-18T15:05:05.497+0530] {processor.py:157} INFO - Started process (PID=5170) to work on /home/shubham/.local/lib/python3.10/site-packages/airflow/example_dags/example_bash_operator.py
[2023-06-18T15:05:05.498+0530] {processor.py:826} INFO - Processing file /home/shubham/.local/lib/python3.10/site-packages/airflow/example_dags/example_bash_operator.py for tasks to queue
[2023-06-18T15:05:05.498+0530] {logging_mixin.py:149} INFO - [2023-06-18T15:05:05.498+0530] {dagbag.py:541} INFO - Filling up the DagBag from /home/shubham/.local/lib/python3.10/site-packages/airflow/example_dags/example_bash_operator.py
[2023-06-18T15:05:05.508+0530] {processor.py:836} INFO - DAG(s) dict_keys(['example_bash_operator']) retrieved from /home/shubham/.local/lib/python3.10/site-packages/airflow/example_dags/example_bash_operator.py
[2023-06-18T15:05:05.527+0530] {logging_mixin.py:149} INFO - [2023-06-18T15:05:05.527+0530] {dag.py:2726} INFO - Sync 1 DAGs
[2023-06-18T15:05:05.540+0530] {logging_mixin.py:149} INFO - [2023-06-18T15:05:05.540+0530] {dag.py:3486} INFO - Setting next_dagrun for example_bash_operator to 2023-06-17T00:00:00+00:00, run_after=2023-06-18T00:00:00+00:00
[2023-06-18T15:05:05.557+0530] {processor.py:179} INFO - Processing /home/shubham/.local/lib/python3.10/site-packages/airflow/example_dags/example_bash_operator.py took 0.063 seconds
[2023-06-18T15:05:48.053+0530] {processor.py:157} INFO - Started process (PID=5216) to work on /home/shubham/.local/lib/python3.10/site-packages/airflow/example_dags/example_bash_operator.py
[2023-06-18T15:05:48.055+0530] {processor.py:826} INFO - Processing file /home/shubham/.local/lib/python3.10/site-packages/airflow/example_dags/example_bash_operator.py for tasks to queue
[2023-06-18T15:05:48.055+0530] {logging_mixin.py:149} INFO - [2023-06-18T15:05:48.055+0530] {dagbag.py:541} INFO - Filling up the DagBag from /home/shubham/.local/lib/python3.10/site-packages/airflow/example_dags/example_bash_operator.py
[2023-06-18T15:05:48.064+0530] {processor.py:836} INFO - DAG(s) dict_keys(['example_bash_operator']) retrieved from /home/shubham/.local/lib/python3.10/site-packages/airflow/example_dags/example_bash_operator.py
[2023-06-18T15:05:48.084+0530] {logging_mixin.py:149} INFO - [2023-06-18T15:05:48.083+0530] {dag.py:2726} INFO - Sync 1 DAGs
[2023-06-18T15:05:48.096+0530] {logging_mixin.py:149} INFO - [2023-06-18T15:05:48.096+0530] {dag.py:3486} INFO - Setting next_dagrun for example_bash_operator to 2023-06-17T00:00:00+00:00, run_after=2023-06-18T00:00:00+00:00
[2023-06-18T15:05:48.113+0530] {processor.py:179} INFO - Processing /home/shubham/.local/lib/python3.10/site-packages/airflow/example_dags/example_bash_operator.py took 0.063 seconds
[2023-06-18T15:06:29.607+0530] {processor.py:157} INFO - Started process (PID=5259) to work on /home/shubham/.local/lib/python3.10/site-packages/airflow/example_dags/example_bash_operator.py
[2023-06-18T15:06:29.609+0530] {processor.py:826} INFO - Processing file /home/shubham/.local/lib/python3.10/site-packages/airflow/example_dags/example_bash_operator.py for tasks to queue
[2023-06-18T15:06:29.609+0530] {logging_mixin.py:149} INFO - [2023-06-18T15:06:29.609+0530] {dagbag.py:541} INFO - Filling up the DagBag from /home/shubham/.local/lib/python3.10/site-packages/airflow/example_dags/example_bash_operator.py
[2023-06-18T15:06:29.619+0530] {processor.py:836} INFO - DAG(s) dict_keys(['example_bash_operator']) retrieved from /home/shubham/.local/lib/python3.10/site-packages/airflow/example_dags/example_bash_operator.py
[2023-06-18T15:06:29.640+0530] {logging_mixin.py:149} INFO - [2023-06-18T15:06:29.640+0530] {dag.py:2726} INFO - Sync 1 DAGs
[2023-06-18T15:06:29.658+0530] {logging_mixin.py:149} INFO - [2023-06-18T15:06:29.658+0530] {dag.py:3486} INFO - Setting next_dagrun for example_bash_operator to 2023-06-17T00:00:00+00:00, run_after=2023-06-18T00:00:00+00:00
[2023-06-18T15:06:29.674+0530] {processor.py:179} INFO - Processing /home/shubham/.local/lib/python3.10/site-packages/airflow/example_dags/example_bash_operator.py took 0.069 seconds
[2023-06-18T15:07:20.775+0530] {processor.py:157} INFO - Started process (PID=5309) to work on /home/shubham/.local/lib/python3.10/site-packages/airflow/example_dags/example_bash_operator.py
[2023-06-18T15:07:20.777+0530] {processor.py:826} INFO - Processing file /home/shubham/.local/lib/python3.10/site-packages/airflow/example_dags/example_bash_operator.py for tasks to queue
[2023-06-18T15:07:20.777+0530] {logging_mixin.py:149} INFO - [2023-06-18T15:07:20.777+0530] {dagbag.py:541} INFO - Filling up the DagBag from /home/shubham/.local/lib/python3.10/site-packages/airflow/example_dags/example_bash_operator.py
[2023-06-18T15:07:20.789+0530] {processor.py:836} INFO - DAG(s) dict_keys(['example_bash_operator']) retrieved from /home/shubham/.local/lib/python3.10/site-packages/airflow/example_dags/example_bash_operator.py
[2023-06-18T15:07:20.813+0530] {logging_mixin.py:149} INFO - [2023-06-18T15:07:20.813+0530] {dag.py:2726} INFO - Sync 1 DAGs
[2023-06-18T15:07:20.830+0530] {logging_mixin.py:149} INFO - [2023-06-18T15:07:20.830+0530] {dag.py:3486} INFO - Setting next_dagrun for example_bash_operator to 2023-06-17T00:00:00+00:00, run_after=2023-06-18T00:00:00+00:00
[2023-06-18T15:07:20.854+0530] {processor.py:179} INFO - Processing /home/shubham/.local/lib/python3.10/site-packages/airflow/example_dags/example_bash_operator.py took 0.082 seconds
[2023-06-18T15:08:06.887+0530] {processor.py:157} INFO - Started process (PID=5356) to work on /home/shubham/.local/lib/python3.10/site-packages/airflow/example_dags/example_bash_operator.py
[2023-06-18T15:08:06.889+0530] {processor.py:826} INFO - Processing file /home/shubham/.local/lib/python3.10/site-packages/airflow/example_dags/example_bash_operator.py for tasks to queue
[2023-06-18T15:08:06.889+0530] {logging_mixin.py:149} INFO - [2023-06-18T15:08:06.889+0530] {dagbag.py:541} INFO - Filling up the DagBag from /home/shubham/.local/lib/python3.10/site-packages/airflow/example_dags/example_bash_operator.py
[2023-06-18T15:08:06.901+0530] {processor.py:836} INFO - DAG(s) dict_keys(['example_bash_operator']) retrieved from /home/shubham/.local/lib/python3.10/site-packages/airflow/example_dags/example_bash_operator.py
[2023-06-18T15:08:06.925+0530] {logging_mixin.py:149} INFO - [2023-06-18T15:08:06.925+0530] {dag.py:2726} INFO - Sync 1 DAGs
[2023-06-18T15:08:06.942+0530] {logging_mixin.py:149} INFO - [2023-06-18T15:08:06.942+0530] {dag.py:3486} INFO - Setting next_dagrun for example_bash_operator to 2023-06-17T00:00:00+00:00, run_after=2023-06-18T00:00:00+00:00
[2023-06-18T15:08:06.964+0530] {processor.py:179} INFO - Processing /home/shubham/.local/lib/python3.10/site-packages/airflow/example_dags/example_bash_operator.py took 0.080 seconds
[2023-06-18T15:08:50.797+0530] {processor.py:157} INFO - Started process (PID=5402) to work on /home/shubham/.local/lib/python3.10/site-packages/airflow/example_dags/example_bash_operator.py
[2023-06-18T15:08:50.799+0530] {processor.py:826} INFO - Processing file /home/shubham/.local/lib/python3.10/site-packages/airflow/example_dags/example_bash_operator.py for tasks to queue
[2023-06-18T15:08:50.800+0530] {logging_mixin.py:149} INFO - [2023-06-18T15:08:50.800+0530] {dagbag.py:541} INFO - Filling up the DagBag from /home/shubham/.local/lib/python3.10/site-packages/airflow/example_dags/example_bash_operator.py
[2023-06-18T15:08:50.811+0530] {processor.py:836} INFO - DAG(s) dict_keys(['example_bash_operator']) retrieved from /home/shubham/.local/lib/python3.10/site-packages/airflow/example_dags/example_bash_operator.py
[2023-06-18T15:08:50.835+0530] {logging_mixin.py:149} INFO - [2023-06-18T15:08:50.835+0530] {dag.py:2726} INFO - Sync 1 DAGs
[2023-06-18T15:08:50.852+0530] {logging_mixin.py:149} INFO - [2023-06-18T15:08:50.852+0530] {dag.py:3486} INFO - Setting next_dagrun for example_bash_operator to 2023-06-17T00:00:00+00:00, run_after=2023-06-18T00:00:00+00:00
[2023-06-18T15:08:50.878+0530] {processor.py:179} INFO - Processing /home/shubham/.local/lib/python3.10/site-packages/airflow/example_dags/example_bash_operator.py took 0.084 seconds
[2023-06-18T15:09:34.411+0530] {processor.py:157} INFO - Started process (PID=5448) to work on /home/shubham/.local/lib/python3.10/site-packages/airflow/example_dags/example_bash_operator.py
[2023-06-18T15:09:34.413+0530] {processor.py:826} INFO - Processing file /home/shubham/.local/lib/python3.10/site-packages/airflow/example_dags/example_bash_operator.py for tasks to queue
[2023-06-18T15:09:34.414+0530] {logging_mixin.py:149} INFO - [2023-06-18T15:09:34.414+0530] {dagbag.py:541} INFO - Filling up the DagBag from /home/shubham/.local/lib/python3.10/site-packages/airflow/example_dags/example_bash_operator.py
[2023-06-18T15:09:34.427+0530] {processor.py:836} INFO - DAG(s) dict_keys(['example_bash_operator']) retrieved from /home/shubham/.local/lib/python3.10/site-packages/airflow/example_dags/example_bash_operator.py
[2023-06-18T15:09:34.455+0530] {logging_mixin.py:149} INFO - [2023-06-18T15:09:34.455+0530] {dag.py:2726} INFO - Sync 1 DAGs
[2023-06-18T15:09:34.473+0530] {logging_mixin.py:149} INFO - [2023-06-18T15:09:34.473+0530] {dag.py:3486} INFO - Setting next_dagrun for example_bash_operator to 2023-06-17T00:00:00+00:00, run_after=2023-06-18T00:00:00+00:00
[2023-06-18T15:09:34.498+0530] {processor.py:179} INFO - Processing /home/shubham/.local/lib/python3.10/site-packages/airflow/example_dags/example_bash_operator.py took 0.090 seconds
[2023-06-18T15:10:18.778+0530] {processor.py:157} INFO - Started process (PID=5494) to work on /home/shubham/.local/lib/python3.10/site-packages/airflow/example_dags/example_bash_operator.py
[2023-06-18T15:10:18.780+0530] {processor.py:826} INFO - Processing file /home/shubham/.local/lib/python3.10/site-packages/airflow/example_dags/example_bash_operator.py for tasks to queue
[2023-06-18T15:10:18.781+0530] {logging_mixin.py:149} INFO - [2023-06-18T15:10:18.780+0530] {dagbag.py:541} INFO - Filling up the DagBag from /home/shubham/.local/lib/python3.10/site-packages/airflow/example_dags/example_bash_operator.py
[2023-06-18T15:10:18.792+0530] {processor.py:836} INFO - DAG(s) dict_keys(['example_bash_operator']) retrieved from /home/shubham/.local/lib/python3.10/site-packages/airflow/example_dags/example_bash_operator.py
[2023-06-18T15:10:18.818+0530] {logging_mixin.py:149} INFO - [2023-06-18T15:10:18.818+0530] {dag.py:2726} INFO - Sync 1 DAGs
[2023-06-18T15:10:18.835+0530] {logging_mixin.py:149} INFO - [2023-06-18T15:10:18.834+0530] {dag.py:3486} INFO - Setting next_dagrun for example_bash_operator to 2023-06-17T00:00:00+00:00, run_after=2023-06-18T00:00:00+00:00
[2023-06-18T15:10:18.857+0530] {processor.py:179} INFO - Processing /home/shubham/.local/lib/python3.10/site-packages/airflow/example_dags/example_bash_operator.py took 0.082 seconds
[2023-06-18T15:11:01.969+0530] {processor.py:157} INFO - Started process (PID=5538) to work on /home/shubham/.local/lib/python3.10/site-packages/airflow/example_dags/example_bash_operator.py
[2023-06-18T15:11:01.971+0530] {processor.py:826} INFO - Processing file /home/shubham/.local/lib/python3.10/site-packages/airflow/example_dags/example_bash_operator.py for tasks to queue
[2023-06-18T15:11:01.972+0530] {logging_mixin.py:149} INFO - [2023-06-18T15:11:01.972+0530] {dagbag.py:541} INFO - Filling up the DagBag from /home/shubham/.local/lib/python3.10/site-packages/airflow/example_dags/example_bash_operator.py
[2023-06-18T15:11:01.986+0530] {processor.py:836} INFO - DAG(s) dict_keys(['example_bash_operator']) retrieved from /home/shubham/.local/lib/python3.10/site-packages/airflow/example_dags/example_bash_operator.py
[2023-06-18T15:11:02.013+0530] {logging_mixin.py:149} INFO - [2023-06-18T15:11:02.012+0530] {dag.py:2726} INFO - Sync 1 DAGs
[2023-06-18T15:11:02.032+0530] {logging_mixin.py:149} INFO - [2023-06-18T15:11:02.032+0530] {dag.py:3486} INFO - Setting next_dagrun for example_bash_operator to 2023-06-17T00:00:00+00:00, run_after=2023-06-18T00:00:00+00:00
[2023-06-18T15:11:02.103+0530] {processor.py:179} INFO - Processing /home/shubham/.local/lib/python3.10/site-packages/airflow/example_dags/example_bash_operator.py took 0.137 seconds
[2023-06-18T15:11:43.239+0530] {processor.py:157} INFO - Started process (PID=5583) to work on /home/shubham/.local/lib/python3.10/site-packages/airflow/example_dags/example_bash_operator.py
[2023-06-18T15:11:43.241+0530] {processor.py:826} INFO - Processing file /home/shubham/.local/lib/python3.10/site-packages/airflow/example_dags/example_bash_operator.py for tasks to queue
[2023-06-18T15:11:43.242+0530] {logging_mixin.py:149} INFO - [2023-06-18T15:11:43.242+0530] {dagbag.py:541} INFO - Filling up the DagBag from /home/shubham/.local/lib/python3.10/site-packages/airflow/example_dags/example_bash_operator.py
[2023-06-18T15:11:43.255+0530] {processor.py:836} INFO - DAG(s) dict_keys(['example_bash_operator']) retrieved from /home/shubham/.local/lib/python3.10/site-packages/airflow/example_dags/example_bash_operator.py
[2023-06-18T15:11:43.284+0530] {logging_mixin.py:149} INFO - [2023-06-18T15:11:43.283+0530] {dag.py:2726} INFO - Sync 1 DAGs
[2023-06-18T15:11:43.302+0530] {logging_mixin.py:149} INFO - [2023-06-18T15:11:43.302+0530] {dag.py:3486} INFO - Setting next_dagrun for example_bash_operator to 2023-06-17T00:00:00+00:00, run_after=2023-06-18T00:00:00+00:00
[2023-06-18T15:11:43.329+0530] {processor.py:179} INFO - Processing /home/shubham/.local/lib/python3.10/site-packages/airflow/example_dags/example_bash_operator.py took 0.093 seconds
[2023-06-18T15:12:24.917+0530] {processor.py:157} INFO - Started process (PID=5627) to work on /home/shubham/.local/lib/python3.10/site-packages/airflow/example_dags/example_bash_operator.py
[2023-06-18T15:12:24.919+0530] {processor.py:826} INFO - Processing file /home/shubham/.local/lib/python3.10/site-packages/airflow/example_dags/example_bash_operator.py for tasks to queue
[2023-06-18T15:12:24.919+0530] {logging_mixin.py:149} INFO - [2023-06-18T15:12:24.919+0530] {dagbag.py:541} INFO - Filling up the DagBag from /home/shubham/.local/lib/python3.10/site-packages/airflow/example_dags/example_bash_operator.py
[2023-06-18T15:12:24.931+0530] {processor.py:836} INFO - DAG(s) dict_keys(['example_bash_operator']) retrieved from /home/shubham/.local/lib/python3.10/site-packages/airflow/example_dags/example_bash_operator.py
[2023-06-18T15:12:24.957+0530] {logging_mixin.py:149} INFO - [2023-06-18T15:12:24.957+0530] {dag.py:2726} INFO - Sync 1 DAGs
[2023-06-18T15:12:24.974+0530] {logging_mixin.py:149} INFO - [2023-06-18T15:12:24.974+0530] {dag.py:3486} INFO - Setting next_dagrun for example_bash_operator to 2023-06-17T00:00:00+00:00, run_after=2023-06-18T00:00:00+00:00
[2023-06-18T15:12:24.999+0530] {processor.py:179} INFO - Processing /home/shubham/.local/lib/python3.10/site-packages/airflow/example_dags/example_bash_operator.py took 0.085 seconds
[2023-06-18T15:13:05.464+0530] {processor.py:157} INFO - Started process (PID=5669) to work on /home/shubham/.local/lib/python3.10/site-packages/airflow/example_dags/example_bash_operator.py
[2023-06-18T15:13:05.466+0530] {processor.py:826} INFO - Processing file /home/shubham/.local/lib/python3.10/site-packages/airflow/example_dags/example_bash_operator.py for tasks to queue
[2023-06-18T15:13:05.467+0530] {logging_mixin.py:149} INFO - [2023-06-18T15:13:05.466+0530] {dagbag.py:541} INFO - Filling up the DagBag from /home/shubham/.local/lib/python3.10/site-packages/airflow/example_dags/example_bash_operator.py
[2023-06-18T15:13:05.479+0530] {processor.py:836} INFO - DAG(s) dict_keys(['example_bash_operator']) retrieved from /home/shubham/.local/lib/python3.10/site-packages/airflow/example_dags/example_bash_operator.py
[2023-06-18T15:13:05.506+0530] {logging_mixin.py:149} INFO - [2023-06-18T15:13:05.506+0530] {dag.py:2726} INFO - Sync 1 DAGs
[2023-06-18T15:13:05.525+0530] {logging_mixin.py:149} INFO - [2023-06-18T15:13:05.525+0530] {dag.py:3486} INFO - Setting next_dagrun for example_bash_operator to 2023-06-17T00:00:00+00:00, run_after=2023-06-18T00:00:00+00:00
[2023-06-18T15:13:05.551+0530] {processor.py:179} INFO - Processing /home/shubham/.local/lib/python3.10/site-packages/airflow/example_dags/example_bash_operator.py took 0.090 seconds
[2023-06-18T15:13:48.757+0530] {processor.py:157} INFO - Started process (PID=5714) to work on /home/shubham/.local/lib/python3.10/site-packages/airflow/example_dags/example_bash_operator.py
[2023-06-18T15:13:48.760+0530] {processor.py:826} INFO - Processing file /home/shubham/.local/lib/python3.10/site-packages/airflow/example_dags/example_bash_operator.py for tasks to queue
[2023-06-18T15:13:48.761+0530] {logging_mixin.py:149} INFO - [2023-06-18T15:13:48.761+0530] {dagbag.py:541} INFO - Filling up the DagBag from /home/shubham/.local/lib/python3.10/site-packages/airflow/example_dags/example_bash_operator.py
[2023-06-18T15:13:48.772+0530] {processor.py:836} INFO - DAG(s) dict_keys(['example_bash_operator']) retrieved from /home/shubham/.local/lib/python3.10/site-packages/airflow/example_dags/example_bash_operator.py
[2023-06-18T15:13:48.797+0530] {logging_mixin.py:149} INFO - [2023-06-18T15:13:48.796+0530] {dag.py:2726} INFO - Sync 1 DAGs
[2023-06-18T15:13:48.813+0530] {logging_mixin.py:149} INFO - [2023-06-18T15:13:48.813+0530] {dag.py:3486} INFO - Setting next_dagrun for example_bash_operator to 2023-06-17T00:00:00+00:00, run_after=2023-06-18T00:00:00+00:00
[2023-06-18T15:13:48.838+0530] {processor.py:179} INFO - Processing /home/shubham/.local/lib/python3.10/site-packages/airflow/example_dags/example_bash_operator.py took 0.083 seconds
[2023-06-18T15:14:35.457+0530] {processor.py:157} INFO - Started process (PID=5762) to work on /home/shubham/.local/lib/python3.10/site-packages/airflow/example_dags/example_bash_operator.py
[2023-06-18T15:14:35.459+0530] {processor.py:826} INFO - Processing file /home/shubham/.local/lib/python3.10/site-packages/airflow/example_dags/example_bash_operator.py for tasks to queue
[2023-06-18T15:14:35.460+0530] {logging_mixin.py:149} INFO - [2023-06-18T15:14:35.459+0530] {dagbag.py:541} INFO - Filling up the DagBag from /home/shubham/.local/lib/python3.10/site-packages/airflow/example_dags/example_bash_operator.py
[2023-06-18T15:14:35.473+0530] {processor.py:836} INFO - DAG(s) dict_keys(['example_bash_operator']) retrieved from /home/shubham/.local/lib/python3.10/site-packages/airflow/example_dags/example_bash_operator.py
[2023-06-18T15:14:35.500+0530] {logging_mixin.py:149} INFO - [2023-06-18T15:14:35.500+0530] {dag.py:2726} INFO - Sync 1 DAGs
[2023-06-18T15:14:35.520+0530] {logging_mixin.py:149} INFO - [2023-06-18T15:14:35.520+0530] {dag.py:3486} INFO - Setting next_dagrun for example_bash_operator to 2023-06-17T00:00:00+00:00, run_after=2023-06-18T00:00:00+00:00
[2023-06-18T15:14:35.544+0530] {processor.py:179} INFO - Processing /home/shubham/.local/lib/python3.10/site-packages/airflow/example_dags/example_bash_operator.py took 0.091 seconds
[2023-06-18T15:15:21.318+0530] {processor.py:157} INFO - Started process (PID=5808) to work on /home/shubham/.local/lib/python3.10/site-packages/airflow/example_dags/example_bash_operator.py
[2023-06-18T15:15:21.320+0530] {processor.py:826} INFO - Processing file /home/shubham/.local/lib/python3.10/site-packages/airflow/example_dags/example_bash_operator.py for tasks to queue
[2023-06-18T15:15:21.320+0530] {logging_mixin.py:149} INFO - [2023-06-18T15:15:21.320+0530] {dagbag.py:541} INFO - Filling up the DagBag from /home/shubham/.local/lib/python3.10/site-packages/airflow/example_dags/example_bash_operator.py
[2023-06-18T15:15:21.334+0530] {processor.py:836} INFO - DAG(s) dict_keys(['example_bash_operator']) retrieved from /home/shubham/.local/lib/python3.10/site-packages/airflow/example_dags/example_bash_operator.py
[2023-06-18T15:15:21.363+0530] {logging_mixin.py:149} INFO - [2023-06-18T15:15:21.363+0530] {dag.py:2726} INFO - Sync 1 DAGs
[2023-06-18T15:15:21.383+0530] {logging_mixin.py:149} INFO - [2023-06-18T15:15:21.382+0530] {dag.py:3486} INFO - Setting next_dagrun for example_bash_operator to 2023-06-17T00:00:00+00:00, run_after=2023-06-18T00:00:00+00:00
[2023-06-18T15:15:21.407+0530] {processor.py:179} INFO - Processing /home/shubham/.local/lib/python3.10/site-packages/airflow/example_dags/example_bash_operator.py took 0.092 seconds
[2023-06-18T15:16:05.582+0530] {processor.py:157} INFO - Started process (PID=5854) to work on /home/shubham/.local/lib/python3.10/site-packages/airflow/example_dags/example_bash_operator.py
[2023-06-18T15:16:05.583+0530] {processor.py:826} INFO - Processing file /home/shubham/.local/lib/python3.10/site-packages/airflow/example_dags/example_bash_operator.py for tasks to queue
[2023-06-18T15:16:05.584+0530] {logging_mixin.py:149} INFO - [2023-06-18T15:16:05.584+0530] {dagbag.py:541} INFO - Filling up the DagBag from /home/shubham/.local/lib/python3.10/site-packages/airflow/example_dags/example_bash_operator.py
[2023-06-18T15:16:05.597+0530] {processor.py:836} INFO - DAG(s) dict_keys(['example_bash_operator']) retrieved from /home/shubham/.local/lib/python3.10/site-packages/airflow/example_dags/example_bash_operator.py
[2023-06-18T15:16:05.624+0530] {logging_mixin.py:149} INFO - [2023-06-18T15:16:05.624+0530] {dag.py:2726} INFO - Sync 1 DAGs
[2023-06-18T15:16:05.645+0530] {logging_mixin.py:149} INFO - [2023-06-18T15:16:05.645+0530] {dag.py:3486} INFO - Setting next_dagrun for example_bash_operator to 2023-06-17T00:00:00+00:00, run_after=2023-06-18T00:00:00+00:00
[2023-06-18T15:16:05.670+0530] {processor.py:179} INFO - Processing /home/shubham/.local/lib/python3.10/site-packages/airflow/example_dags/example_bash_operator.py took 0.092 seconds
[2023-06-18T15:16:50.406+0530] {processor.py:157} INFO - Started process (PID=5901) to work on /home/shubham/.local/lib/python3.10/site-packages/airflow/example_dags/example_bash_operator.py
[2023-06-18T15:16:50.408+0530] {processor.py:826} INFO - Processing file /home/shubham/.local/lib/python3.10/site-packages/airflow/example_dags/example_bash_operator.py for tasks to queue
[2023-06-18T15:16:50.409+0530] {logging_mixin.py:149} INFO - [2023-06-18T15:16:50.409+0530] {dagbag.py:541} INFO - Filling up the DagBag from /home/shubham/.local/lib/python3.10/site-packages/airflow/example_dags/example_bash_operator.py
[2023-06-18T15:16:50.423+0530] {processor.py:836} INFO - DAG(s) dict_keys(['example_bash_operator']) retrieved from /home/shubham/.local/lib/python3.10/site-packages/airflow/example_dags/example_bash_operator.py
[2023-06-18T15:16:50.450+0530] {logging_mixin.py:149} INFO - [2023-06-18T15:16:50.450+0530] {dag.py:2726} INFO - Sync 1 DAGs
[2023-06-18T15:16:50.470+0530] {logging_mixin.py:149} INFO - [2023-06-18T15:16:50.470+0530] {dag.py:3486} INFO - Setting next_dagrun for example_bash_operator to 2023-06-17T00:00:00+00:00, run_after=2023-06-18T00:00:00+00:00
[2023-06-18T15:16:50.496+0530] {processor.py:179} INFO - Processing /home/shubham/.local/lib/python3.10/site-packages/airflow/example_dags/example_bash_operator.py took 0.092 seconds
[2023-06-18T15:17:31.850+0530] {processor.py:157} INFO - Started process (PID=5945) to work on /home/shubham/.local/lib/python3.10/site-packages/airflow/example_dags/example_bash_operator.py
[2023-06-18T15:17:31.852+0530] {processor.py:826} INFO - Processing file /home/shubham/.local/lib/python3.10/site-packages/airflow/example_dags/example_bash_operator.py for tasks to queue
[2023-06-18T15:17:31.853+0530] {logging_mixin.py:149} INFO - [2023-06-18T15:17:31.853+0530] {dagbag.py:541} INFO - Filling up the DagBag from /home/shubham/.local/lib/python3.10/site-packages/airflow/example_dags/example_bash_operator.py
[2023-06-18T15:17:31.865+0530] {processor.py:836} INFO - DAG(s) dict_keys(['example_bash_operator']) retrieved from /home/shubham/.local/lib/python3.10/site-packages/airflow/example_dags/example_bash_operator.py
[2023-06-18T15:17:31.890+0530] {logging_mixin.py:149} INFO - [2023-06-18T15:17:31.890+0530] {dag.py:2726} INFO - Sync 1 DAGs
[2023-06-18T15:17:31.909+0530] {logging_mixin.py:149} INFO - [2023-06-18T15:17:31.908+0530] {dag.py:3486} INFO - Setting next_dagrun for example_bash_operator to 2023-06-17T00:00:00+00:00, run_after=2023-06-18T00:00:00+00:00
[2023-06-18T15:17:31.940+0530] {processor.py:179} INFO - Processing /home/shubham/.local/lib/python3.10/site-packages/airflow/example_dags/example_bash_operator.py took 0.093 seconds
[2023-06-18T15:18:15.305+0530] {processor.py:157} INFO - Started process (PID=5991) to work on /home/shubham/.local/lib/python3.10/site-packages/airflow/example_dags/example_bash_operator.py
[2023-06-18T15:18:15.306+0530] {processor.py:826} INFO - Processing file /home/shubham/.local/lib/python3.10/site-packages/airflow/example_dags/example_bash_operator.py for tasks to queue
[2023-06-18T15:18:15.307+0530] {logging_mixin.py:149} INFO - [2023-06-18T15:18:15.307+0530] {dagbag.py:541} INFO - Filling up the DagBag from /home/shubham/.local/lib/python3.10/site-packages/airflow/example_dags/example_bash_operator.py
[2023-06-18T15:18:15.320+0530] {processor.py:836} INFO - DAG(s) dict_keys(['example_bash_operator']) retrieved from /home/shubham/.local/lib/python3.10/site-packages/airflow/example_dags/example_bash_operator.py
[2023-06-18T15:18:15.348+0530] {logging_mixin.py:149} INFO - [2023-06-18T15:18:15.348+0530] {dag.py:2726} INFO - Sync 1 DAGs
[2023-06-18T15:18:15.367+0530] {logging_mixin.py:149} INFO - [2023-06-18T15:18:15.367+0530] {dag.py:3486} INFO - Setting next_dagrun for example_bash_operator to 2023-06-17T00:00:00+00:00, run_after=2023-06-18T00:00:00+00:00
[2023-06-18T15:18:15.393+0530] {processor.py:179} INFO - Processing /home/shubham/.local/lib/python3.10/site-packages/airflow/example_dags/example_bash_operator.py took 0.091 seconds
[2023-06-18T15:18:59.506+0530] {processor.py:157} INFO - Started process (PID=6037) to work on /home/shubham/.local/lib/python3.10/site-packages/airflow/example_dags/example_bash_operator.py
[2023-06-18T15:18:59.508+0530] {processor.py:826} INFO - Processing file /home/shubham/.local/lib/python3.10/site-packages/airflow/example_dags/example_bash_operator.py for tasks to queue
[2023-06-18T15:18:59.509+0530] {logging_mixin.py:149} INFO - [2023-06-18T15:18:59.509+0530] {dagbag.py:541} INFO - Filling up the DagBag from /home/shubham/.local/lib/python3.10/site-packages/airflow/example_dags/example_bash_operator.py
[2023-06-18T15:18:59.523+0530] {processor.py:836} INFO - DAG(s) dict_keys(['example_bash_operator']) retrieved from /home/shubham/.local/lib/python3.10/site-packages/airflow/example_dags/example_bash_operator.py
[2023-06-18T15:18:59.550+0530] {logging_mixin.py:149} INFO - [2023-06-18T15:18:59.550+0530] {dag.py:2726} INFO - Sync 1 DAGs
[2023-06-18T15:18:59.570+0530] {logging_mixin.py:149} INFO - [2023-06-18T15:18:59.570+0530] {dag.py:3486} INFO - Setting next_dagrun for example_bash_operator to 2023-06-17T00:00:00+00:00, run_after=2023-06-18T00:00:00+00:00
[2023-06-18T15:18:59.595+0530] {processor.py:179} INFO - Processing /home/shubham/.local/lib/python3.10/site-packages/airflow/example_dags/example_bash_operator.py took 0.092 seconds
[2023-06-18T15:19:44.074+0530] {processor.py:157} INFO - Started process (PID=6083) to work on /home/shubham/.local/lib/python3.10/site-packages/airflow/example_dags/example_bash_operator.py
[2023-06-18T15:19:44.077+0530] {processor.py:826} INFO - Processing file /home/shubham/.local/lib/python3.10/site-packages/airflow/example_dags/example_bash_operator.py for tasks to queue
[2023-06-18T15:19:44.078+0530] {logging_mixin.py:149} INFO - [2023-06-18T15:19:44.078+0530] {dagbag.py:541} INFO - Filling up the DagBag from /home/shubham/.local/lib/python3.10/site-packages/airflow/example_dags/example_bash_operator.py
[2023-06-18T15:19:44.089+0530] {processor.py:836} INFO - DAG(s) dict_keys(['example_bash_operator']) retrieved from /home/shubham/.local/lib/python3.10/site-packages/airflow/example_dags/example_bash_operator.py
[2023-06-18T15:19:44.114+0530] {logging_mixin.py:149} INFO - [2023-06-18T15:19:44.114+0530] {dag.py:2726} INFO - Sync 1 DAGs
[2023-06-18T15:19:44.131+0530] {logging_mixin.py:149} INFO - [2023-06-18T15:19:44.131+0530] {dag.py:3486} INFO - Setting next_dagrun for example_bash_operator to 2023-06-17T00:00:00+00:00, run_after=2023-06-18T00:00:00+00:00
[2023-06-18T15:19:44.153+0530] {processor.py:179} INFO - Processing /home/shubham/.local/lib/python3.10/site-packages/airflow/example_dags/example_bash_operator.py took 0.082 seconds
[2023-06-18T15:20:26.420+0530] {processor.py:157} INFO - Started process (PID=6127) to work on /home/shubham/.local/lib/python3.10/site-packages/airflow/example_dags/example_bash_operator.py
[2023-06-18T15:20:26.422+0530] {processor.py:826} INFO - Processing file /home/shubham/.local/lib/python3.10/site-packages/airflow/example_dags/example_bash_operator.py for tasks to queue
[2023-06-18T15:20:26.423+0530] {logging_mixin.py:149} INFO - [2023-06-18T15:20:26.423+0530] {dagbag.py:541} INFO - Filling up the DagBag from /home/shubham/.local/lib/python3.10/site-packages/airflow/example_dags/example_bash_operator.py
[2023-06-18T15:20:26.436+0530] {processor.py:836} INFO - DAG(s) dict_keys(['example_bash_operator']) retrieved from /home/shubham/.local/lib/python3.10/site-packages/airflow/example_dags/example_bash_operator.py
[2023-06-18T15:20:26.464+0530] {logging_mixin.py:149} INFO - [2023-06-18T15:20:26.464+0530] {dag.py:2726} INFO - Sync 1 DAGs
[2023-06-18T15:20:26.483+0530] {logging_mixin.py:149} INFO - [2023-06-18T15:20:26.483+0530] {dag.py:3486} INFO - Setting next_dagrun for example_bash_operator to 2023-06-17T00:00:00+00:00, run_after=2023-06-18T00:00:00+00:00
[2023-06-18T15:20:26.508+0530] {processor.py:179} INFO - Processing /home/shubham/.local/lib/python3.10/site-packages/airflow/example_dags/example_bash_operator.py took 0.091 seconds
[2023-06-18T15:21:28.531+0530] {processor.py:157} INFO - Started process (PID=6186) to work on /home/shubham/.local/lib/python3.10/site-packages/airflow/example_dags/example_bash_operator.py
[2023-06-18T15:21:28.532+0530] {processor.py:826} INFO - Processing file /home/shubham/.local/lib/python3.10/site-packages/airflow/example_dags/example_bash_operator.py for tasks to queue
[2023-06-18T15:21:28.532+0530] {logging_mixin.py:149} INFO - [2023-06-18T15:21:28.532+0530] {dagbag.py:541} INFO - Filling up the DagBag from /home/shubham/.local/lib/python3.10/site-packages/airflow/example_dags/example_bash_operator.py
[2023-06-18T15:21:28.547+0530] {processor.py:836} INFO - DAG(s) dict_keys(['example_bash_operator']) retrieved from /home/shubham/.local/lib/python3.10/site-packages/airflow/example_dags/example_bash_operator.py
[2023-06-18T15:21:28.577+0530] {logging_mixin.py:149} INFO - [2023-06-18T15:21:28.577+0530] {dag.py:2726} INFO - Sync 1 DAGs
[2023-06-18T15:21:28.596+0530] {logging_mixin.py:149} INFO - [2023-06-18T15:21:28.596+0530] {dag.py:3486} INFO - Setting next_dagrun for example_bash_operator to 2023-06-17T00:00:00+00:00, run_after=2023-06-18T00:00:00+00:00
[2023-06-18T15:21:28.627+0530] {processor.py:179} INFO - Processing /home/shubham/.local/lib/python3.10/site-packages/airflow/example_dags/example_bash_operator.py took 0.099 seconds
[2023-06-18T15:47:18.085+0530] {processor.py:157} INFO - Started process (PID=6353) to work on /home/shubham/.local/lib/python3.10/site-packages/airflow/example_dags/example_bash_operator.py
[2023-06-18T15:47:18.087+0530] {processor.py:826} INFO - Processing file /home/shubham/.local/lib/python3.10/site-packages/airflow/example_dags/example_bash_operator.py for tasks to queue
[2023-06-18T15:47:18.089+0530] {logging_mixin.py:149} INFO - [2023-06-18T15:47:18.088+0530] {dagbag.py:541} INFO - Filling up the DagBag from /home/shubham/.local/lib/python3.10/site-packages/airflow/example_dags/example_bash_operator.py
[2023-06-18T15:47:18.106+0530] {processor.py:836} INFO - DAG(s) dict_keys(['example_bash_operator']) retrieved from /home/shubham/.local/lib/python3.10/site-packages/airflow/example_dags/example_bash_operator.py
[2023-06-18T15:47:18.146+0530] {logging_mixin.py:149} INFO - [2023-06-18T15:47:18.146+0530] {dag.py:2726} INFO - Sync 1 DAGs
[2023-06-18T15:47:18.168+0530] {logging_mixin.py:149} INFO - [2023-06-18T15:47:18.168+0530] {dag.py:3486} INFO - Setting next_dagrun for example_bash_operator to 2023-06-17T00:00:00+00:00, run_after=2023-06-18T00:00:00+00:00
[2023-06-18T15:47:18.192+0530] {processor.py:179} INFO - Processing /home/shubham/.local/lib/python3.10/site-packages/airflow/example_dags/example_bash_operator.py took 0.112 seconds
[2023-06-18T15:48:04.247+0530] {processor.py:157} INFO - Started process (PID=6408) to work on /home/shubham/.local/lib/python3.10/site-packages/airflow/example_dags/example_bash_operator.py
[2023-06-18T15:48:04.249+0530] {processor.py:826} INFO - Processing file /home/shubham/.local/lib/python3.10/site-packages/airflow/example_dags/example_bash_operator.py for tasks to queue
[2023-06-18T15:48:04.249+0530] {logging_mixin.py:149} INFO - [2023-06-18T15:48:04.249+0530] {dagbag.py:541} INFO - Filling up the DagBag from /home/shubham/.local/lib/python3.10/site-packages/airflow/example_dags/example_bash_operator.py
[2023-06-18T15:48:04.260+0530] {processor.py:836} INFO - DAG(s) dict_keys(['example_bash_operator']) retrieved from /home/shubham/.local/lib/python3.10/site-packages/airflow/example_dags/example_bash_operator.py
[2023-06-18T15:48:04.282+0530] {logging_mixin.py:149} INFO - [2023-06-18T15:48:04.282+0530] {dag.py:2726} INFO - Sync 1 DAGs
[2023-06-18T15:48:04.298+0530] {logging_mixin.py:149} INFO - [2023-06-18T15:48:04.298+0530] {dag.py:3486} INFO - Setting next_dagrun for example_bash_operator to 2023-06-17T00:00:00+00:00, run_after=2023-06-18T00:00:00+00:00
[2023-06-18T15:48:04.321+0530] {processor.py:179} INFO - Processing /home/shubham/.local/lib/python3.10/site-packages/airflow/example_dags/example_bash_operator.py took 0.076 seconds
