[2023-06-18T13:45:13.829+0530] {processor.py:157} INFO - Started process (PID=136) to work on /home/shubham/.local/lib/python3.10/site-packages/airflow/example_dags/example_branch_operator.py
[2023-06-18T13:45:13.831+0530] {processor.py:826} INFO - Processing file /home/shubham/.local/lib/python3.10/site-packages/airflow/example_dags/example_branch_operator.py for tasks to queue
[2023-06-18T13:45:13.832+0530] {logging_mixin.py:149} INFO - [2023-06-18T13:45:13.832+0530] {dagbag.py:541} INFO - Filling up the DagBag from /home/shubham/.local/lib/python3.10/site-packages/airflow/example_dags/example_branch_operator.py
[2023-06-18T13:45:13.848+0530] {processor.py:836} INFO - DAG(s) dict_keys(['example_branch_operator']) retrieved from /home/shubham/.local/lib/python3.10/site-packages/airflow/example_dags/example_branch_operator.py
[2023-06-18T13:45:13.888+0530] {logging_mixin.py:149} INFO - [2023-06-18T13:45:13.888+0530] {dag.py:2726} INFO - Sync 1 DAGs
[2023-06-18T13:45:13.925+0530] {logging_mixin.py:149} INFO - [2023-06-18T13:45:13.924+0530] {dag.py:3486} INFO - Setting next_dagrun for example_branch_operator to 2023-06-17T00:00:00+00:00, run_after=2023-06-18T00:00:00+00:00
[2023-06-18T13:45:13.987+0530] {processor.py:179} INFO - Processing /home/shubham/.local/lib/python3.10/site-packages/airflow/example_dags/example_branch_operator.py took 0.164 seconds
[2023-06-18T13:45:56.276+0530] {processor.py:157} INFO - Started process (PID=182) to work on /home/shubham/.local/lib/python3.10/site-packages/airflow/example_dags/example_branch_operator.py
[2023-06-18T13:45:56.278+0530] {processor.py:826} INFO - Processing file /home/shubham/.local/lib/python3.10/site-packages/airflow/example_dags/example_branch_operator.py for tasks to queue
[2023-06-18T13:45:56.278+0530] {logging_mixin.py:149} INFO - [2023-06-18T13:45:56.278+0530] {dagbag.py:541} INFO - Filling up the DagBag from /home/shubham/.local/lib/python3.10/site-packages/airflow/example_dags/example_branch_operator.py
[2023-06-18T13:45:56.285+0530] {processor.py:836} INFO - DAG(s) dict_keys(['example_branch_operator']) retrieved from /home/shubham/.local/lib/python3.10/site-packages/airflow/example_dags/example_branch_operator.py
[2023-06-18T13:45:56.303+0530] {logging_mixin.py:149} INFO - [2023-06-18T13:45:56.303+0530] {dag.py:2726} INFO - Sync 1 DAGs
[2023-06-18T13:45:56.319+0530] {logging_mixin.py:149} INFO - [2023-06-18T13:45:56.319+0530] {dag.py:3486} INFO - Setting next_dagrun for example_branch_operator to 2023-06-17T00:00:00+00:00, run_after=2023-06-18T00:00:00+00:00
[2023-06-18T13:45:56.337+0530] {processor.py:179} INFO - Processing /home/shubham/.local/lib/python3.10/site-packages/airflow/example_dags/example_branch_operator.py took 0.062 seconds
[2023-06-18T13:46:41.599+0530] {processor.py:157} INFO - Started process (PID=228) to work on /home/shubham/.local/lib/python3.10/site-packages/airflow/example_dags/example_branch_operator.py
[2023-06-18T13:46:41.601+0530] {processor.py:826} INFO - Processing file /home/shubham/.local/lib/python3.10/site-packages/airflow/example_dags/example_branch_operator.py for tasks to queue
[2023-06-18T13:46:41.602+0530] {logging_mixin.py:149} INFO - [2023-06-18T13:46:41.602+0530] {dagbag.py:541} INFO - Filling up the DagBag from /home/shubham/.local/lib/python3.10/site-packages/airflow/example_dags/example_branch_operator.py
[2023-06-18T13:46:41.608+0530] {processor.py:836} INFO - DAG(s) dict_keys(['example_branch_operator']) retrieved from /home/shubham/.local/lib/python3.10/site-packages/airflow/example_dags/example_branch_operator.py
[2023-06-18T13:46:41.623+0530] {logging_mixin.py:149} INFO - [2023-06-18T13:46:41.623+0530] {dag.py:2726} INFO - Sync 1 DAGs
[2023-06-18T13:46:41.638+0530] {logging_mixin.py:149} INFO - [2023-06-18T13:46:41.637+0530] {dag.py:3486} INFO - Setting next_dagrun for example_branch_operator to 2023-06-17T00:00:00+00:00, run_after=2023-06-18T00:00:00+00:00
[2023-06-18T13:46:41.658+0530] {processor.py:179} INFO - Processing /home/shubham/.local/lib/python3.10/site-packages/airflow/example_dags/example_branch_operator.py took 0.061 seconds
[2023-06-18T13:47:28.630+0530] {processor.py:157} INFO - Started process (PID=276) to work on /home/shubham/.local/lib/python3.10/site-packages/airflow/example_dags/example_branch_operator.py
[2023-06-18T13:47:28.631+0530] {processor.py:826} INFO - Processing file /home/shubham/.local/lib/python3.10/site-packages/airflow/example_dags/example_branch_operator.py for tasks to queue
[2023-06-18T13:47:28.631+0530] {logging_mixin.py:149} INFO - [2023-06-18T13:47:28.631+0530] {dagbag.py:541} INFO - Filling up the DagBag from /home/shubham/.local/lib/python3.10/site-packages/airflow/example_dags/example_branch_operator.py
[2023-06-18T13:47:28.638+0530] {processor.py:836} INFO - DAG(s) dict_keys(['example_branch_operator']) retrieved from /home/shubham/.local/lib/python3.10/site-packages/airflow/example_dags/example_branch_operator.py
[2023-06-18T13:47:28.653+0530] {logging_mixin.py:149} INFO - [2023-06-18T13:47:28.653+0530] {dag.py:2726} INFO - Sync 1 DAGs
[2023-06-18T13:47:28.669+0530] {logging_mixin.py:149} INFO - [2023-06-18T13:47:28.668+0530] {dag.py:3486} INFO - Setting next_dagrun for example_branch_operator to 2023-06-17T00:00:00+00:00, run_after=2023-06-18T00:00:00+00:00
[2023-06-18T13:47:28.686+0530] {processor.py:179} INFO - Processing /home/shubham/.local/lib/python3.10/site-packages/airflow/example_dags/example_branch_operator.py took 0.060 seconds
[2023-06-18T13:52:18.188+0530] {processor.py:157} INFO - Started process (PID=465) to work on /home/shubham/.local/lib/python3.10/site-packages/airflow/example_dags/example_branch_operator.py
[2023-06-18T13:52:18.188+0530] {processor.py:826} INFO - Processing file /home/shubham/.local/lib/python3.10/site-packages/airflow/example_dags/example_branch_operator.py for tasks to queue
[2023-06-18T13:52:18.189+0530] {logging_mixin.py:149} INFO - [2023-06-18T13:52:18.189+0530] {dagbag.py:541} INFO - Filling up the DagBag from /home/shubham/.local/lib/python3.10/site-packages/airflow/example_dags/example_branch_operator.py
[2023-06-18T13:52:18.196+0530] {processor.py:836} INFO - DAG(s) dict_keys(['example_branch_operator']) retrieved from /home/shubham/.local/lib/python3.10/site-packages/airflow/example_dags/example_branch_operator.py
[2023-06-18T13:52:18.211+0530] {logging_mixin.py:149} INFO - [2023-06-18T13:52:18.211+0530] {dag.py:2726} INFO - Sync 1 DAGs
[2023-06-18T13:52:18.224+0530] {logging_mixin.py:149} INFO - [2023-06-18T13:52:18.224+0530] {dag.py:3486} INFO - Setting next_dagrun for example_branch_operator to 2023-06-17T00:00:00+00:00, run_after=2023-06-18T00:00:00+00:00
[2023-06-18T13:52:18.238+0530] {processor.py:179} INFO - Processing /home/shubham/.local/lib/python3.10/site-packages/airflow/example_dags/example_branch_operator.py took 0.053 seconds
[2023-06-18T13:53:00.964+0530] {processor.py:157} INFO - Started process (PID=511) to work on /home/shubham/.local/lib/python3.10/site-packages/airflow/example_dags/example_branch_operator.py
[2023-06-18T13:53:00.965+0530] {processor.py:826} INFO - Processing file /home/shubham/.local/lib/python3.10/site-packages/airflow/example_dags/example_branch_operator.py for tasks to queue
[2023-06-18T13:53:00.966+0530] {logging_mixin.py:149} INFO - [2023-06-18T13:53:00.965+0530] {dagbag.py:541} INFO - Filling up the DagBag from /home/shubham/.local/lib/python3.10/site-packages/airflow/example_dags/example_branch_operator.py
[2023-06-18T13:53:00.971+0530] {processor.py:836} INFO - DAG(s) dict_keys(['example_branch_operator']) retrieved from /home/shubham/.local/lib/python3.10/site-packages/airflow/example_dags/example_branch_operator.py
[2023-06-18T13:53:00.984+0530] {logging_mixin.py:149} INFO - [2023-06-18T13:53:00.984+0530] {dag.py:2726} INFO - Sync 1 DAGs
[2023-06-18T13:53:00.998+0530] {logging_mixin.py:149} INFO - [2023-06-18T13:53:00.997+0530] {dag.py:3486} INFO - Setting next_dagrun for example_branch_operator to 2023-06-17T00:00:00+00:00, run_after=2023-06-18T00:00:00+00:00
[2023-06-18T13:53:01.014+0530] {processor.py:179} INFO - Processing /home/shubham/.local/lib/python3.10/site-packages/airflow/example_dags/example_branch_operator.py took 0.052 seconds
[2023-06-18T14:39:51.059+0530] {processor.py:157} INFO - Started process (PID=3217) to work on /home/shubham/.local/lib/python3.10/site-packages/airflow/example_dags/example_branch_operator.py
[2023-06-18T14:39:51.064+0530] {processor.py:826} INFO - Processing file /home/shubham/.local/lib/python3.10/site-packages/airflow/example_dags/example_branch_operator.py for tasks to queue
[2023-06-18T14:39:51.067+0530] {logging_mixin.py:149} INFO - [2023-06-18T14:39:51.066+0530] {dagbag.py:541} INFO - Filling up the DagBag from /home/shubham/.local/lib/python3.10/site-packages/airflow/example_dags/example_branch_operator.py
[2023-06-18T14:39:51.087+0530] {processor.py:836} INFO - DAG(s) dict_keys(['example_branch_operator']) retrieved from /home/shubham/.local/lib/python3.10/site-packages/airflow/example_dags/example_branch_operator.py
[2023-06-18T14:39:51.149+0530] {logging_mixin.py:149} INFO - [2023-06-18T14:39:51.149+0530] {dag.py:2726} INFO - Sync 1 DAGs
[2023-06-18T14:39:51.173+0530] {logging_mixin.py:149} INFO - [2023-06-18T14:39:51.173+0530] {dag.py:3486} INFO - Setting next_dagrun for example_branch_operator to 2023-06-17T00:00:00+00:00, run_after=2023-06-18T00:00:00+00:00
[2023-06-18T14:39:51.197+0530] {processor.py:179} INFO - Processing /home/shubham/.local/lib/python3.10/site-packages/airflow/example_dags/example_branch_operator.py took 0.174 seconds
[2023-06-18T14:40:36.212+0530] {processor.py:157} INFO - Started process (PID=3280) to work on /home/shubham/.local/lib/python3.10/site-packages/airflow/example_dags/example_branch_operator.py
[2023-06-18T14:40:36.214+0530] {processor.py:826} INFO - Processing file /home/shubham/.local/lib/python3.10/site-packages/airflow/example_dags/example_branch_operator.py for tasks to queue
[2023-06-18T14:40:36.214+0530] {logging_mixin.py:149} INFO - [2023-06-18T14:40:36.214+0530] {dagbag.py:541} INFO - Filling up the DagBag from /home/shubham/.local/lib/python3.10/site-packages/airflow/example_dags/example_branch_operator.py
[2023-06-18T14:40:36.220+0530] {processor.py:836} INFO - DAG(s) dict_keys(['example_branch_operator']) retrieved from /home/shubham/.local/lib/python3.10/site-packages/airflow/example_dags/example_branch_operator.py
[2023-06-18T14:40:36.233+0530] {logging_mixin.py:149} INFO - [2023-06-18T14:40:36.233+0530] {dag.py:2726} INFO - Sync 1 DAGs
[2023-06-18T14:40:36.246+0530] {logging_mixin.py:149} INFO - [2023-06-18T14:40:36.245+0530] {dag.py:3486} INFO - Setting next_dagrun for example_branch_operator to 2023-06-17T00:00:00+00:00, run_after=2023-06-18T00:00:00+00:00
[2023-06-18T14:40:36.262+0530] {processor.py:179} INFO - Processing /home/shubham/.local/lib/python3.10/site-packages/airflow/example_dags/example_branch_operator.py took 0.052 seconds
[2023-06-18T14:41:19.568+0530] {processor.py:157} INFO - Started process (PID=3597) to work on /home/shubham/.local/lib/python3.10/site-packages/airflow/example_dags/example_branch_operator.py
[2023-06-18T14:41:19.570+0530] {processor.py:826} INFO - Processing file /home/shubham/.local/lib/python3.10/site-packages/airflow/example_dags/example_branch_operator.py for tasks to queue
[2023-06-18T14:41:19.570+0530] {logging_mixin.py:149} INFO - [2023-06-18T14:41:19.570+0530] {dagbag.py:541} INFO - Filling up the DagBag from /home/shubham/.local/lib/python3.10/site-packages/airflow/example_dags/example_branch_operator.py
[2023-06-18T14:41:19.576+0530] {processor.py:836} INFO - DAG(s) dict_keys(['example_branch_operator']) retrieved from /home/shubham/.local/lib/python3.10/site-packages/airflow/example_dags/example_branch_operator.py
[2023-06-18T14:41:19.590+0530] {logging_mixin.py:149} INFO - [2023-06-18T14:41:19.590+0530] {dag.py:2726} INFO - Sync 1 DAGs
[2023-06-18T14:41:19.603+0530] {logging_mixin.py:149} INFO - [2023-06-18T14:41:19.603+0530] {dag.py:3486} INFO - Setting next_dagrun for example_branch_operator to 2023-06-17T00:00:00+00:00, run_after=2023-06-18T00:00:00+00:00
[2023-06-18T14:41:19.619+0530] {processor.py:179} INFO - Processing /home/shubham/.local/lib/python3.10/site-packages/airflow/example_dags/example_branch_operator.py took 0.053 seconds
[2023-06-18T14:42:04.595+0530] {processor.py:157} INFO - Started process (PID=3670) to work on /home/shubham/.local/lib/python3.10/site-packages/airflow/example_dags/example_branch_operator.py
[2023-06-18T14:42:04.596+0530] {processor.py:826} INFO - Processing file /home/shubham/.local/lib/python3.10/site-packages/airflow/example_dags/example_branch_operator.py for tasks to queue
[2023-06-18T14:42:04.597+0530] {logging_mixin.py:149} INFO - [2023-06-18T14:42:04.596+0530] {dagbag.py:541} INFO - Filling up the DagBag from /home/shubham/.local/lib/python3.10/site-packages/airflow/example_dags/example_branch_operator.py
[2023-06-18T14:42:04.603+0530] {processor.py:836} INFO - DAG(s) dict_keys(['example_branch_operator']) retrieved from /home/shubham/.local/lib/python3.10/site-packages/airflow/example_dags/example_branch_operator.py
[2023-06-18T14:42:04.618+0530] {logging_mixin.py:149} INFO - [2023-06-18T14:42:04.618+0530] {dag.py:2726} INFO - Sync 1 DAGs
[2023-06-18T14:42:04.632+0530] {logging_mixin.py:149} INFO - [2023-06-18T14:42:04.632+0530] {dag.py:3486} INFO - Setting next_dagrun for example_branch_operator to 2023-06-17T00:00:00+00:00, run_after=2023-06-18T00:00:00+00:00
[2023-06-18T14:42:04.653+0530] {processor.py:179} INFO - Processing /home/shubham/.local/lib/python3.10/site-packages/airflow/example_dags/example_branch_operator.py took 0.061 seconds
[2023-06-18T14:42:50.658+0530] {processor.py:157} INFO - Started process (PID=3778) to work on /home/shubham/.local/lib/python3.10/site-packages/airflow/example_dags/example_branch_operator.py
[2023-06-18T14:42:50.659+0530] {processor.py:826} INFO - Processing file /home/shubham/.local/lib/python3.10/site-packages/airflow/example_dags/example_branch_operator.py for tasks to queue
[2023-06-18T14:42:50.659+0530] {logging_mixin.py:149} INFO - [2023-06-18T14:42:50.659+0530] {dagbag.py:541} INFO - Filling up the DagBag from /home/shubham/.local/lib/python3.10/site-packages/airflow/example_dags/example_branch_operator.py
[2023-06-18T14:42:50.666+0530] {processor.py:836} INFO - DAG(s) dict_keys(['example_branch_operator']) retrieved from /home/shubham/.local/lib/python3.10/site-packages/airflow/example_dags/example_branch_operator.py
[2023-06-18T14:42:50.687+0530] {logging_mixin.py:149} INFO - [2023-06-18T14:42:50.687+0530] {dag.py:2726} INFO - Sync 1 DAGs
[2023-06-18T14:42:50.704+0530] {logging_mixin.py:149} INFO - [2023-06-18T14:42:50.704+0530] {dag.py:3486} INFO - Setting next_dagrun for example_branch_operator to 2023-06-17T00:00:00+00:00, run_after=2023-06-18T00:00:00+00:00
[2023-06-18T14:42:50.722+0530] {processor.py:179} INFO - Processing /home/shubham/.local/lib/python3.10/site-packages/airflow/example_dags/example_branch_operator.py took 0.067 seconds
[2023-06-18T14:43:38.760+0530] {processor.py:157} INFO - Started process (PID=3827) to work on /home/shubham/.local/lib/python3.10/site-packages/airflow/example_dags/example_branch_operator.py
[2023-06-18T14:43:38.764+0530] {processor.py:826} INFO - Processing file /home/shubham/.local/lib/python3.10/site-packages/airflow/example_dags/example_branch_operator.py for tasks to queue
[2023-06-18T14:43:38.766+0530] {logging_mixin.py:149} INFO - [2023-06-18T14:43:38.766+0530] {dagbag.py:541} INFO - Filling up the DagBag from /home/shubham/.local/lib/python3.10/site-packages/airflow/example_dags/example_branch_operator.py
[2023-06-18T14:43:38.804+0530] {processor.py:836} INFO - DAG(s) dict_keys(['example_branch_operator']) retrieved from /home/shubham/.local/lib/python3.10/site-packages/airflow/example_dags/example_branch_operator.py
[2023-06-18T14:43:38.887+0530] {logging_mixin.py:149} INFO - [2023-06-18T14:43:38.886+0530] {dag.py:2726} INFO - Sync 1 DAGs
[2023-06-18T14:43:38.955+0530] {logging_mixin.py:149} INFO - [2023-06-18T14:43:38.955+0530] {dag.py:3486} INFO - Setting next_dagrun for example_branch_operator to 2023-06-17T00:00:00+00:00, run_after=2023-06-18T00:00:00+00:00
[2023-06-18T14:43:39.003+0530] {processor.py:179} INFO - Processing /home/shubham/.local/lib/python3.10/site-packages/airflow/example_dags/example_branch_operator.py took 0.257 seconds
[2023-06-18T14:44:27.115+0530] {processor.py:157} INFO - Started process (PID=3876) to work on /home/shubham/.local/lib/python3.10/site-packages/airflow/example_dags/example_branch_operator.py
[2023-06-18T14:44:27.116+0530] {processor.py:826} INFO - Processing file /home/shubham/.local/lib/python3.10/site-packages/airflow/example_dags/example_branch_operator.py for tasks to queue
[2023-06-18T14:44:27.117+0530] {logging_mixin.py:149} INFO - [2023-06-18T14:44:27.117+0530] {dagbag.py:541} INFO - Filling up the DagBag from /home/shubham/.local/lib/python3.10/site-packages/airflow/example_dags/example_branch_operator.py
[2023-06-18T14:44:27.123+0530] {processor.py:836} INFO - DAG(s) dict_keys(['example_branch_operator']) retrieved from /home/shubham/.local/lib/python3.10/site-packages/airflow/example_dags/example_branch_operator.py
[2023-06-18T14:44:27.137+0530] {logging_mixin.py:149} INFO - [2023-06-18T14:44:27.137+0530] {dag.py:2726} INFO - Sync 1 DAGs
[2023-06-18T14:44:27.149+0530] {logging_mixin.py:149} INFO - [2023-06-18T14:44:27.149+0530] {dag.py:3486} INFO - Setting next_dagrun for example_branch_operator to 2023-06-17T00:00:00+00:00, run_after=2023-06-18T00:00:00+00:00
[2023-06-18T14:44:27.165+0530] {processor.py:179} INFO - Processing /home/shubham/.local/lib/python3.10/site-packages/airflow/example_dags/example_branch_operator.py took 0.053 seconds
[2023-06-18T14:45:10.466+0530] {processor.py:157} INFO - Started process (PID=3920) to work on /home/shubham/.local/lib/python3.10/site-packages/airflow/example_dags/example_branch_operator.py
[2023-06-18T14:45:10.468+0530] {processor.py:826} INFO - Processing file /home/shubham/.local/lib/python3.10/site-packages/airflow/example_dags/example_branch_operator.py for tasks to queue
[2023-06-18T14:45:10.468+0530] {logging_mixin.py:149} INFO - [2023-06-18T14:45:10.468+0530] {dagbag.py:541} INFO - Filling up the DagBag from /home/shubham/.local/lib/python3.10/site-packages/airflow/example_dags/example_branch_operator.py
[2023-06-18T14:45:10.474+0530] {processor.py:836} INFO - DAG(s) dict_keys(['example_branch_operator']) retrieved from /home/shubham/.local/lib/python3.10/site-packages/airflow/example_dags/example_branch_operator.py
[2023-06-18T14:45:10.488+0530] {logging_mixin.py:149} INFO - [2023-06-18T14:45:10.488+0530] {dag.py:2726} INFO - Sync 1 DAGs
[2023-06-18T14:45:10.502+0530] {logging_mixin.py:149} INFO - [2023-06-18T14:45:10.502+0530] {dag.py:3486} INFO - Setting next_dagrun for example_branch_operator to 2023-06-17T00:00:00+00:00, run_after=2023-06-18T00:00:00+00:00
[2023-06-18T14:45:10.518+0530] {processor.py:179} INFO - Processing /home/shubham/.local/lib/python3.10/site-packages/airflow/example_dags/example_branch_operator.py took 0.054 seconds
[2023-06-18T14:45:54.432+0530] {processor.py:157} INFO - Started process (PID=3966) to work on /home/shubham/.local/lib/python3.10/site-packages/airflow/example_dags/example_branch_operator.py
[2023-06-18T14:45:54.433+0530] {processor.py:826} INFO - Processing file /home/shubham/.local/lib/python3.10/site-packages/airflow/example_dags/example_branch_operator.py for tasks to queue
[2023-06-18T14:45:54.433+0530] {logging_mixin.py:149} INFO - [2023-06-18T14:45:54.433+0530] {dagbag.py:541} INFO - Filling up the DagBag from /home/shubham/.local/lib/python3.10/site-packages/airflow/example_dags/example_branch_operator.py
[2023-06-18T14:45:54.439+0530] {processor.py:836} INFO - DAG(s) dict_keys(['example_branch_operator']) retrieved from /home/shubham/.local/lib/python3.10/site-packages/airflow/example_dags/example_branch_operator.py
[2023-06-18T14:45:54.453+0530] {logging_mixin.py:149} INFO - [2023-06-18T14:45:54.453+0530] {dag.py:2726} INFO - Sync 1 DAGs
[2023-06-18T14:45:54.466+0530] {logging_mixin.py:149} INFO - [2023-06-18T14:45:54.466+0530] {dag.py:3486} INFO - Setting next_dagrun for example_branch_operator to 2023-06-17T00:00:00+00:00, run_after=2023-06-18T00:00:00+00:00
[2023-06-18T14:45:54.481+0530] {processor.py:179} INFO - Processing /home/shubham/.local/lib/python3.10/site-packages/airflow/example_dags/example_branch_operator.py took 0.052 seconds
[2023-06-18T14:46:40.283+0530] {processor.py:157} INFO - Started process (PID=4013) to work on /home/shubham/.local/lib/python3.10/site-packages/airflow/example_dags/example_branch_operator.py
[2023-06-18T14:46:40.285+0530] {processor.py:826} INFO - Processing file /home/shubham/.local/lib/python3.10/site-packages/airflow/example_dags/example_branch_operator.py for tasks to queue
[2023-06-18T14:46:40.285+0530] {logging_mixin.py:149} INFO - [2023-06-18T14:46:40.285+0530] {dagbag.py:541} INFO - Filling up the DagBag from /home/shubham/.local/lib/python3.10/site-packages/airflow/example_dags/example_branch_operator.py
[2023-06-18T14:46:40.291+0530] {processor.py:836} INFO - DAG(s) dict_keys(['example_branch_operator']) retrieved from /home/shubham/.local/lib/python3.10/site-packages/airflow/example_dags/example_branch_operator.py
[2023-06-18T14:46:40.306+0530] {logging_mixin.py:149} INFO - [2023-06-18T14:46:40.306+0530] {dag.py:2726} INFO - Sync 1 DAGs
[2023-06-18T14:46:40.319+0530] {logging_mixin.py:149} INFO - [2023-06-18T14:46:40.319+0530] {dag.py:3486} INFO - Setting next_dagrun for example_branch_operator to 2023-06-17T00:00:00+00:00, run_after=2023-06-18T00:00:00+00:00
[2023-06-18T14:46:40.335+0530] {processor.py:179} INFO - Processing /home/shubham/.local/lib/python3.10/site-packages/airflow/example_dags/example_branch_operator.py took 0.054 seconds
[2023-06-18T14:47:26.627+0530] {processor.py:157} INFO - Started process (PID=4061) to work on /home/shubham/.local/lib/python3.10/site-packages/airflow/example_dags/example_branch_operator.py
[2023-06-18T14:47:26.629+0530] {processor.py:826} INFO - Processing file /home/shubham/.local/lib/python3.10/site-packages/airflow/example_dags/example_branch_operator.py for tasks to queue
[2023-06-18T14:47:26.629+0530] {logging_mixin.py:149} INFO - [2023-06-18T14:47:26.629+0530] {dagbag.py:541} INFO - Filling up the DagBag from /home/shubham/.local/lib/python3.10/site-packages/airflow/example_dags/example_branch_operator.py
[2023-06-18T14:47:26.635+0530] {processor.py:836} INFO - DAG(s) dict_keys(['example_branch_operator']) retrieved from /home/shubham/.local/lib/python3.10/site-packages/airflow/example_dags/example_branch_operator.py
[2023-06-18T14:47:26.654+0530] {logging_mixin.py:149} INFO - [2023-06-18T14:47:26.654+0530] {dag.py:2726} INFO - Sync 1 DAGs
[2023-06-18T14:47:26.667+0530] {logging_mixin.py:149} INFO - [2023-06-18T14:47:26.667+0530] {dag.py:3486} INFO - Setting next_dagrun for example_branch_operator to 2023-06-17T00:00:00+00:00, run_after=2023-06-18T00:00:00+00:00
[2023-06-18T14:47:26.684+0530] {processor.py:179} INFO - Processing /home/shubham/.local/lib/python3.10/site-packages/airflow/example_dags/example_branch_operator.py took 0.060 seconds
[2023-06-18T14:48:09.133+0530] {processor.py:157} INFO - Started process (PID=4106) to work on /home/shubham/.local/lib/python3.10/site-packages/airflow/example_dags/example_branch_operator.py
[2023-06-18T14:48:09.134+0530] {processor.py:826} INFO - Processing file /home/shubham/.local/lib/python3.10/site-packages/airflow/example_dags/example_branch_operator.py for tasks to queue
[2023-06-18T14:48:09.135+0530] {logging_mixin.py:149} INFO - [2023-06-18T14:48:09.135+0530] {dagbag.py:541} INFO - Filling up the DagBag from /home/shubham/.local/lib/python3.10/site-packages/airflow/example_dags/example_branch_operator.py
[2023-06-18T14:48:09.141+0530] {processor.py:836} INFO - DAG(s) dict_keys(['example_branch_operator']) retrieved from /home/shubham/.local/lib/python3.10/site-packages/airflow/example_dags/example_branch_operator.py
[2023-06-18T14:48:09.155+0530] {logging_mixin.py:149} INFO - [2023-06-18T14:48:09.155+0530] {dag.py:2726} INFO - Sync 1 DAGs
[2023-06-18T14:48:09.168+0530] {logging_mixin.py:149} INFO - [2023-06-18T14:48:09.168+0530] {dag.py:3486} INFO - Setting next_dagrun for example_branch_operator to 2023-06-17T00:00:00+00:00, run_after=2023-06-18T00:00:00+00:00
[2023-06-18T14:48:09.184+0530] {processor.py:179} INFO - Processing /home/shubham/.local/lib/python3.10/site-packages/airflow/example_dags/example_branch_operator.py took 0.053 seconds
[2023-06-18T14:48:55.364+0530] {processor.py:157} INFO - Started process (PID=4154) to work on /home/shubham/.local/lib/python3.10/site-packages/airflow/example_dags/example_branch_operator.py
[2023-06-18T14:48:55.366+0530] {processor.py:826} INFO - Processing file /home/shubham/.local/lib/python3.10/site-packages/airflow/example_dags/example_branch_operator.py for tasks to queue
[2023-06-18T14:48:55.366+0530] {logging_mixin.py:149} INFO - [2023-06-18T14:48:55.366+0530] {dagbag.py:541} INFO - Filling up the DagBag from /home/shubham/.local/lib/python3.10/site-packages/airflow/example_dags/example_branch_operator.py
[2023-06-18T14:48:55.372+0530] {processor.py:836} INFO - DAG(s) dict_keys(['example_branch_operator']) retrieved from /home/shubham/.local/lib/python3.10/site-packages/airflow/example_dags/example_branch_operator.py
[2023-06-18T14:48:55.387+0530] {logging_mixin.py:149} INFO - [2023-06-18T14:48:55.387+0530] {dag.py:2726} INFO - Sync 1 DAGs
[2023-06-18T14:48:55.400+0530] {logging_mixin.py:149} INFO - [2023-06-18T14:48:55.399+0530] {dag.py:3486} INFO - Setting next_dagrun for example_branch_operator to 2023-06-17T00:00:00+00:00, run_after=2023-06-18T00:00:00+00:00
[2023-06-18T14:48:55.417+0530] {processor.py:179} INFO - Processing /home/shubham/.local/lib/python3.10/site-packages/airflow/example_dags/example_branch_operator.py took 0.055 seconds
[2023-06-18T14:49:38.429+0530] {processor.py:157} INFO - Started process (PID=4200) to work on /home/shubham/.local/lib/python3.10/site-packages/airflow/example_dags/example_branch_operator.py
[2023-06-18T14:49:38.430+0530] {processor.py:826} INFO - Processing file /home/shubham/.local/lib/python3.10/site-packages/airflow/example_dags/example_branch_operator.py for tasks to queue
[2023-06-18T14:49:38.431+0530] {logging_mixin.py:149} INFO - [2023-06-18T14:49:38.431+0530] {dagbag.py:541} INFO - Filling up the DagBag from /home/shubham/.local/lib/python3.10/site-packages/airflow/example_dags/example_branch_operator.py
[2023-06-18T14:49:38.437+0530] {processor.py:836} INFO - DAG(s) dict_keys(['example_branch_operator']) retrieved from /home/shubham/.local/lib/python3.10/site-packages/airflow/example_dags/example_branch_operator.py
[2023-06-18T14:49:38.451+0530] {logging_mixin.py:149} INFO - [2023-06-18T14:49:38.451+0530] {dag.py:2726} INFO - Sync 1 DAGs
[2023-06-18T14:49:38.464+0530] {logging_mixin.py:149} INFO - [2023-06-18T14:49:38.464+0530] {dag.py:3486} INFO - Setting next_dagrun for example_branch_operator to 2023-06-17T00:00:00+00:00, run_after=2023-06-18T00:00:00+00:00
[2023-06-18T14:49:38.480+0530] {processor.py:179} INFO - Processing /home/shubham/.local/lib/python3.10/site-packages/airflow/example_dags/example_branch_operator.py took 0.053 seconds
[2023-06-18T14:50:21.300+0530] {processor.py:157} INFO - Started process (PID=4245) to work on /home/shubham/.local/lib/python3.10/site-packages/airflow/example_dags/example_branch_operator.py
[2023-06-18T14:50:21.301+0530] {processor.py:826} INFO - Processing file /home/shubham/.local/lib/python3.10/site-packages/airflow/example_dags/example_branch_operator.py for tasks to queue
[2023-06-18T14:50:21.302+0530] {logging_mixin.py:149} INFO - [2023-06-18T14:50:21.302+0530] {dagbag.py:541} INFO - Filling up the DagBag from /home/shubham/.local/lib/python3.10/site-packages/airflow/example_dags/example_branch_operator.py
[2023-06-18T14:50:21.308+0530] {processor.py:836} INFO - DAG(s) dict_keys(['example_branch_operator']) retrieved from /home/shubham/.local/lib/python3.10/site-packages/airflow/example_dags/example_branch_operator.py
[2023-06-18T14:50:21.322+0530] {logging_mixin.py:149} INFO - [2023-06-18T14:50:21.322+0530] {dag.py:2726} INFO - Sync 1 DAGs
[2023-06-18T14:50:21.335+0530] {logging_mixin.py:149} INFO - [2023-06-18T14:50:21.335+0530] {dag.py:3486} INFO - Setting next_dagrun for example_branch_operator to 2023-06-17T00:00:00+00:00, run_after=2023-06-18T00:00:00+00:00
[2023-06-18T14:50:21.352+0530] {processor.py:179} INFO - Processing /home/shubham/.local/lib/python3.10/site-packages/airflow/example_dags/example_branch_operator.py took 0.054 seconds
[2023-06-18T14:51:04.812+0530] {processor.py:157} INFO - Started process (PID=4291) to work on /home/shubham/.local/lib/python3.10/site-packages/airflow/example_dags/example_branch_operator.py
[2023-06-18T14:51:04.813+0530] {processor.py:826} INFO - Processing file /home/shubham/.local/lib/python3.10/site-packages/airflow/example_dags/example_branch_operator.py for tasks to queue
[2023-06-18T14:51:04.814+0530] {logging_mixin.py:149} INFO - [2023-06-18T14:51:04.814+0530] {dagbag.py:541} INFO - Filling up the DagBag from /home/shubham/.local/lib/python3.10/site-packages/airflow/example_dags/example_branch_operator.py
[2023-06-18T14:51:04.819+0530] {processor.py:836} INFO - DAG(s) dict_keys(['example_branch_operator']) retrieved from /home/shubham/.local/lib/python3.10/site-packages/airflow/example_dags/example_branch_operator.py
[2023-06-18T14:51:04.833+0530] {logging_mixin.py:149} INFO - [2023-06-18T14:51:04.833+0530] {dag.py:2726} INFO - Sync 1 DAGs
[2023-06-18T14:51:04.846+0530] {logging_mixin.py:149} INFO - [2023-06-18T14:51:04.846+0530] {dag.py:3486} INFO - Setting next_dagrun for example_branch_operator to 2023-06-17T00:00:00+00:00, run_after=2023-06-18T00:00:00+00:00
[2023-06-18T14:51:04.862+0530] {processor.py:179} INFO - Processing /home/shubham/.local/lib/python3.10/site-packages/airflow/example_dags/example_branch_operator.py took 0.052 seconds
[2023-06-18T14:51:47.581+0530] {processor.py:157} INFO - Started process (PID=4335) to work on /home/shubham/.local/lib/python3.10/site-packages/airflow/example_dags/example_branch_operator.py
[2023-06-18T14:51:47.583+0530] {processor.py:826} INFO - Processing file /home/shubham/.local/lib/python3.10/site-packages/airflow/example_dags/example_branch_operator.py for tasks to queue
[2023-06-18T14:51:47.583+0530] {logging_mixin.py:149} INFO - [2023-06-18T14:51:47.583+0530] {dagbag.py:541} INFO - Filling up the DagBag from /home/shubham/.local/lib/python3.10/site-packages/airflow/example_dags/example_branch_operator.py
[2023-06-18T14:51:47.589+0530] {processor.py:836} INFO - DAG(s) dict_keys(['example_branch_operator']) retrieved from /home/shubham/.local/lib/python3.10/site-packages/airflow/example_dags/example_branch_operator.py
[2023-06-18T14:51:47.604+0530] {logging_mixin.py:149} INFO - [2023-06-18T14:51:47.604+0530] {dag.py:2726} INFO - Sync 1 DAGs
[2023-06-18T14:51:47.618+0530] {logging_mixin.py:149} INFO - [2023-06-18T14:51:47.618+0530] {dag.py:3486} INFO - Setting next_dagrun for example_branch_operator to 2023-06-17T00:00:00+00:00, run_after=2023-06-18T00:00:00+00:00
[2023-06-18T14:51:47.635+0530] {processor.py:179} INFO - Processing /home/shubham/.local/lib/python3.10/site-packages/airflow/example_dags/example_branch_operator.py took 0.056 seconds
[2023-06-18T14:52:29.801+0530] {processor.py:157} INFO - Started process (PID=4381) to work on /home/shubham/.local/lib/python3.10/site-packages/airflow/example_dags/example_branch_operator.py
[2023-06-18T14:52:29.802+0530] {processor.py:826} INFO - Processing file /home/shubham/.local/lib/python3.10/site-packages/airflow/example_dags/example_branch_operator.py for tasks to queue
[2023-06-18T14:52:29.803+0530] {logging_mixin.py:149} INFO - [2023-06-18T14:52:29.803+0530] {dagbag.py:541} INFO - Filling up the DagBag from /home/shubham/.local/lib/python3.10/site-packages/airflow/example_dags/example_branch_operator.py
[2023-06-18T14:52:29.809+0530] {processor.py:836} INFO - DAG(s) dict_keys(['example_branch_operator']) retrieved from /home/shubham/.local/lib/python3.10/site-packages/airflow/example_dags/example_branch_operator.py
[2023-06-18T14:52:29.824+0530] {logging_mixin.py:149} INFO - [2023-06-18T14:52:29.823+0530] {dag.py:2726} INFO - Sync 1 DAGs
[2023-06-18T14:52:29.837+0530] {logging_mixin.py:149} INFO - [2023-06-18T14:52:29.836+0530] {dag.py:3486} INFO - Setting next_dagrun for example_branch_operator to 2023-06-17T00:00:00+00:00, run_after=2023-06-18T00:00:00+00:00
[2023-06-18T14:52:29.852+0530] {processor.py:179} INFO - Processing /home/shubham/.local/lib/python3.10/site-packages/airflow/example_dags/example_branch_operator.py took 0.054 seconds
[2023-06-18T14:53:15.403+0530] {processor.py:157} INFO - Started process (PID=4427) to work on /home/shubham/.local/lib/python3.10/site-packages/airflow/example_dags/example_branch_operator.py
[2023-06-18T14:53:15.404+0530] {processor.py:826} INFO - Processing file /home/shubham/.local/lib/python3.10/site-packages/airflow/example_dags/example_branch_operator.py for tasks to queue
[2023-06-18T14:53:15.404+0530] {logging_mixin.py:149} INFO - [2023-06-18T14:53:15.404+0530] {dagbag.py:541} INFO - Filling up the DagBag from /home/shubham/.local/lib/python3.10/site-packages/airflow/example_dags/example_branch_operator.py
[2023-06-18T14:53:15.411+0530] {processor.py:836} INFO - DAG(s) dict_keys(['example_branch_operator']) retrieved from /home/shubham/.local/lib/python3.10/site-packages/airflow/example_dags/example_branch_operator.py
[2023-06-18T14:53:15.425+0530] {logging_mixin.py:149} INFO - [2023-06-18T14:53:15.425+0530] {dag.py:2726} INFO - Sync 1 DAGs
[2023-06-18T14:53:15.439+0530] {logging_mixin.py:149} INFO - [2023-06-18T14:53:15.438+0530] {dag.py:3486} INFO - Setting next_dagrun for example_branch_operator to 2023-06-17T00:00:00+00:00, run_after=2023-06-18T00:00:00+00:00
[2023-06-18T14:53:15.455+0530] {processor.py:179} INFO - Processing /home/shubham/.local/lib/python3.10/site-packages/airflow/example_dags/example_branch_operator.py took 0.055 seconds
[2023-06-18T14:54:02.268+0530] {processor.py:157} INFO - Started process (PID=4475) to work on /home/shubham/.local/lib/python3.10/site-packages/airflow/example_dags/example_branch_operator.py
[2023-06-18T14:54:02.270+0530] {processor.py:826} INFO - Processing file /home/shubham/.local/lib/python3.10/site-packages/airflow/example_dags/example_branch_operator.py for tasks to queue
[2023-06-18T14:54:02.271+0530] {logging_mixin.py:149} INFO - [2023-06-18T14:54:02.270+0530] {dagbag.py:541} INFO - Filling up the DagBag from /home/shubham/.local/lib/python3.10/site-packages/airflow/example_dags/example_branch_operator.py
[2023-06-18T14:54:02.278+0530] {processor.py:836} INFO - DAG(s) dict_keys(['example_branch_operator']) retrieved from /home/shubham/.local/lib/python3.10/site-packages/airflow/example_dags/example_branch_operator.py
[2023-06-18T14:54:02.295+0530] {logging_mixin.py:149} INFO - [2023-06-18T14:54:02.295+0530] {dag.py:2726} INFO - Sync 1 DAGs
[2023-06-18T14:54:02.310+0530] {logging_mixin.py:149} INFO - [2023-06-18T14:54:02.310+0530] {dag.py:3486} INFO - Setting next_dagrun for example_branch_operator to 2023-06-17T00:00:00+00:00, run_after=2023-06-18T00:00:00+00:00
[2023-06-18T14:54:02.327+0530] {processor.py:179} INFO - Processing /home/shubham/.local/lib/python3.10/site-packages/airflow/example_dags/example_branch_operator.py took 0.061 seconds
[2023-06-18T14:54:48.369+0530] {processor.py:157} INFO - Started process (PID=4522) to work on /home/shubham/.local/lib/python3.10/site-packages/airflow/example_dags/example_branch_operator.py
[2023-06-18T14:54:48.370+0530] {processor.py:826} INFO - Processing file /home/shubham/.local/lib/python3.10/site-packages/airflow/example_dags/example_branch_operator.py for tasks to queue
[2023-06-18T14:54:48.370+0530] {logging_mixin.py:149} INFO - [2023-06-18T14:54:48.370+0530] {dagbag.py:541} INFO - Filling up the DagBag from /home/shubham/.local/lib/python3.10/site-packages/airflow/example_dags/example_branch_operator.py
[2023-06-18T14:54:48.376+0530] {processor.py:836} INFO - DAG(s) dict_keys(['example_branch_operator']) retrieved from /home/shubham/.local/lib/python3.10/site-packages/airflow/example_dags/example_branch_operator.py
[2023-06-18T14:54:48.391+0530] {logging_mixin.py:149} INFO - [2023-06-18T14:54:48.390+0530] {dag.py:2726} INFO - Sync 1 DAGs
[2023-06-18T14:54:48.404+0530] {logging_mixin.py:149} INFO - [2023-06-18T14:54:48.404+0530] {dag.py:3486} INFO - Setting next_dagrun for example_branch_operator to 2023-06-17T00:00:00+00:00, run_after=2023-06-18T00:00:00+00:00
[2023-06-18T14:54:48.420+0530] {processor.py:179} INFO - Processing /home/shubham/.local/lib/python3.10/site-packages/airflow/example_dags/example_branch_operator.py took 0.054 seconds
[2023-06-18T14:55:31.395+0530] {processor.py:157} INFO - Started process (PID=4568) to work on /home/shubham/.local/lib/python3.10/site-packages/airflow/example_dags/example_branch_operator.py
[2023-06-18T14:55:31.396+0530] {processor.py:826} INFO - Processing file /home/shubham/.local/lib/python3.10/site-packages/airflow/example_dags/example_branch_operator.py for tasks to queue
[2023-06-18T14:55:31.397+0530] {logging_mixin.py:149} INFO - [2023-06-18T14:55:31.397+0530] {dagbag.py:541} INFO - Filling up the DagBag from /home/shubham/.local/lib/python3.10/site-packages/airflow/example_dags/example_branch_operator.py
[2023-06-18T14:55:31.403+0530] {processor.py:836} INFO - DAG(s) dict_keys(['example_branch_operator']) retrieved from /home/shubham/.local/lib/python3.10/site-packages/airflow/example_dags/example_branch_operator.py
[2023-06-18T14:55:31.417+0530] {logging_mixin.py:149} INFO - [2023-06-18T14:55:31.417+0530] {dag.py:2726} INFO - Sync 1 DAGs
[2023-06-18T14:55:31.430+0530] {logging_mixin.py:149} INFO - [2023-06-18T14:55:31.430+0530] {dag.py:3486} INFO - Setting next_dagrun for example_branch_operator to 2023-06-17T00:00:00+00:00, run_after=2023-06-18T00:00:00+00:00
[2023-06-18T14:55:31.446+0530] {processor.py:179} INFO - Processing /home/shubham/.local/lib/python3.10/site-packages/airflow/example_dags/example_branch_operator.py took 0.054 seconds
[2023-06-18T14:56:16.965+0530] {processor.py:157} INFO - Started process (PID=4615) to work on /home/shubham/.local/lib/python3.10/site-packages/airflow/example_dags/example_branch_operator.py
[2023-06-18T14:56:16.966+0530] {processor.py:826} INFO - Processing file /home/shubham/.local/lib/python3.10/site-packages/airflow/example_dags/example_branch_operator.py for tasks to queue
[2023-06-18T14:56:16.967+0530] {logging_mixin.py:149} INFO - [2023-06-18T14:56:16.966+0530] {dagbag.py:541} INFO - Filling up the DagBag from /home/shubham/.local/lib/python3.10/site-packages/airflow/example_dags/example_branch_operator.py
[2023-06-18T14:56:16.972+0530] {processor.py:836} INFO - DAG(s) dict_keys(['example_branch_operator']) retrieved from /home/shubham/.local/lib/python3.10/site-packages/airflow/example_dags/example_branch_operator.py
[2023-06-18T14:56:16.986+0530] {logging_mixin.py:149} INFO - [2023-06-18T14:56:16.986+0530] {dag.py:2726} INFO - Sync 1 DAGs
[2023-06-18T14:56:16.999+0530] {logging_mixin.py:149} INFO - [2023-06-18T14:56:16.999+0530] {dag.py:3486} INFO - Setting next_dagrun for example_branch_operator to 2023-06-17T00:00:00+00:00, run_after=2023-06-18T00:00:00+00:00
[2023-06-18T14:56:17.015+0530] {processor.py:179} INFO - Processing /home/shubham/.local/lib/python3.10/site-packages/airflow/example_dags/example_branch_operator.py took 0.053 seconds
[2023-06-18T14:57:00.557+0530] {processor.py:157} INFO - Started process (PID=4661) to work on /home/shubham/.local/lib/python3.10/site-packages/airflow/example_dags/example_branch_operator.py
[2023-06-18T14:57:00.559+0530] {processor.py:826} INFO - Processing file /home/shubham/.local/lib/python3.10/site-packages/airflow/example_dags/example_branch_operator.py for tasks to queue
[2023-06-18T14:57:00.559+0530] {logging_mixin.py:149} INFO - [2023-06-18T14:57:00.559+0530] {dagbag.py:541} INFO - Filling up the DagBag from /home/shubham/.local/lib/python3.10/site-packages/airflow/example_dags/example_branch_operator.py
[2023-06-18T14:57:00.565+0530] {processor.py:836} INFO - DAG(s) dict_keys(['example_branch_operator']) retrieved from /home/shubham/.local/lib/python3.10/site-packages/airflow/example_dags/example_branch_operator.py
[2023-06-18T14:57:00.579+0530] {logging_mixin.py:149} INFO - [2023-06-18T14:57:00.579+0530] {dag.py:2726} INFO - Sync 1 DAGs
[2023-06-18T14:57:00.592+0530] {logging_mixin.py:149} INFO - [2023-06-18T14:57:00.592+0530] {dag.py:3486} INFO - Setting next_dagrun for example_branch_operator to 2023-06-17T00:00:00+00:00, run_after=2023-06-18T00:00:00+00:00
[2023-06-18T14:57:00.610+0530] {processor.py:179} INFO - Processing /home/shubham/.local/lib/python3.10/site-packages/airflow/example_dags/example_branch_operator.py took 0.054 seconds
[2023-06-18T14:57:42.552+0530] {processor.py:157} INFO - Started process (PID=4709) to work on /home/shubham/.local/lib/python3.10/site-packages/airflow/example_dags/example_branch_operator.py
[2023-06-18T14:57:42.553+0530] {processor.py:826} INFO - Processing file /home/shubham/.local/lib/python3.10/site-packages/airflow/example_dags/example_branch_operator.py for tasks to queue
[2023-06-18T14:57:42.554+0530] {logging_mixin.py:149} INFO - [2023-06-18T14:57:42.554+0530] {dagbag.py:541} INFO - Filling up the DagBag from /home/shubham/.local/lib/python3.10/site-packages/airflow/example_dags/example_branch_operator.py
[2023-06-18T14:57:42.560+0530] {processor.py:836} INFO - DAG(s) dict_keys(['example_branch_operator']) retrieved from /home/shubham/.local/lib/python3.10/site-packages/airflow/example_dags/example_branch_operator.py
[2023-06-18T14:57:42.574+0530] {logging_mixin.py:149} INFO - [2023-06-18T14:57:42.574+0530] {dag.py:2726} INFO - Sync 1 DAGs
[2023-06-18T14:57:42.587+0530] {logging_mixin.py:149} INFO - [2023-06-18T14:57:42.587+0530] {dag.py:3486} INFO - Setting next_dagrun for example_branch_operator to 2023-06-17T00:00:00+00:00, run_after=2023-06-18T00:00:00+00:00
[2023-06-18T14:57:42.604+0530] {processor.py:179} INFO - Processing /home/shubham/.local/lib/python3.10/site-packages/airflow/example_dags/example_branch_operator.py took 0.054 seconds
[2023-06-18T14:58:25.346+0530] {processor.py:157} INFO - Started process (PID=4754) to work on /home/shubham/.local/lib/python3.10/site-packages/airflow/example_dags/example_branch_operator.py
[2023-06-18T14:58:25.348+0530] {processor.py:826} INFO - Processing file /home/shubham/.local/lib/python3.10/site-packages/airflow/example_dags/example_branch_operator.py for tasks to queue
[2023-06-18T14:58:25.348+0530] {logging_mixin.py:149} INFO - [2023-06-18T14:58:25.348+0530] {dagbag.py:541} INFO - Filling up the DagBag from /home/shubham/.local/lib/python3.10/site-packages/airflow/example_dags/example_branch_operator.py
[2023-06-18T14:58:25.354+0530] {processor.py:836} INFO - DAG(s) dict_keys(['example_branch_operator']) retrieved from /home/shubham/.local/lib/python3.10/site-packages/airflow/example_dags/example_branch_operator.py
[2023-06-18T14:58:25.369+0530] {logging_mixin.py:149} INFO - [2023-06-18T14:58:25.369+0530] {dag.py:2726} INFO - Sync 1 DAGs
[2023-06-18T14:58:25.382+0530] {logging_mixin.py:149} INFO - [2023-06-18T14:58:25.382+0530] {dag.py:3486} INFO - Setting next_dagrun for example_branch_operator to 2023-06-17T00:00:00+00:00, run_after=2023-06-18T00:00:00+00:00
[2023-06-18T14:58:25.398+0530] {processor.py:179} INFO - Processing /home/shubham/.local/lib/python3.10/site-packages/airflow/example_dags/example_branch_operator.py took 0.054 seconds
[2023-06-18T14:59:07.516+0530] {processor.py:157} INFO - Started process (PID=4797) to work on /home/shubham/.local/lib/python3.10/site-packages/airflow/example_dags/example_branch_operator.py
[2023-06-18T14:59:07.517+0530] {processor.py:826} INFO - Processing file /home/shubham/.local/lib/python3.10/site-packages/airflow/example_dags/example_branch_operator.py for tasks to queue
[2023-06-18T14:59:07.518+0530] {logging_mixin.py:149} INFO - [2023-06-18T14:59:07.518+0530] {dagbag.py:541} INFO - Filling up the DagBag from /home/shubham/.local/lib/python3.10/site-packages/airflow/example_dags/example_branch_operator.py
[2023-06-18T14:59:07.524+0530] {processor.py:836} INFO - DAG(s) dict_keys(['example_branch_operator']) retrieved from /home/shubham/.local/lib/python3.10/site-packages/airflow/example_dags/example_branch_operator.py
[2023-06-18T14:59:07.538+0530] {logging_mixin.py:149} INFO - [2023-06-18T14:59:07.538+0530] {dag.py:2726} INFO - Sync 1 DAGs
[2023-06-18T14:59:07.551+0530] {logging_mixin.py:149} INFO - [2023-06-18T14:59:07.551+0530] {dag.py:3486} INFO - Setting next_dagrun for example_branch_operator to 2023-06-17T00:00:00+00:00, run_after=2023-06-18T00:00:00+00:00
[2023-06-18T14:59:07.567+0530] {processor.py:179} INFO - Processing /home/shubham/.local/lib/python3.10/site-packages/airflow/example_dags/example_branch_operator.py took 0.053 seconds
[2023-06-18T14:59:48.480+0530] {processor.py:157} INFO - Started process (PID=4843) to work on /home/shubham/.local/lib/python3.10/site-packages/airflow/example_dags/example_branch_operator.py
[2023-06-18T14:59:48.482+0530] {processor.py:826} INFO - Processing file /home/shubham/.local/lib/python3.10/site-packages/airflow/example_dags/example_branch_operator.py for tasks to queue
[2023-06-18T14:59:48.482+0530] {logging_mixin.py:149} INFO - [2023-06-18T14:59:48.482+0530] {dagbag.py:541} INFO - Filling up the DagBag from /home/shubham/.local/lib/python3.10/site-packages/airflow/example_dags/example_branch_operator.py
[2023-06-18T14:59:48.488+0530] {processor.py:836} INFO - DAG(s) dict_keys(['example_branch_operator']) retrieved from /home/shubham/.local/lib/python3.10/site-packages/airflow/example_dags/example_branch_operator.py
[2023-06-18T14:59:48.502+0530] {logging_mixin.py:149} INFO - [2023-06-18T14:59:48.502+0530] {dag.py:2726} INFO - Sync 1 DAGs
[2023-06-18T14:59:48.515+0530] {logging_mixin.py:149} INFO - [2023-06-18T14:59:48.515+0530] {dag.py:3486} INFO - Setting next_dagrun for example_branch_operator to 2023-06-17T00:00:00+00:00, run_after=2023-06-18T00:00:00+00:00
[2023-06-18T14:59:48.532+0530] {processor.py:179} INFO - Processing /home/shubham/.local/lib/python3.10/site-packages/airflow/example_dags/example_branch_operator.py took 0.054 seconds
[2023-06-18T15:00:33.524+0530] {processor.py:157} INFO - Started process (PID=4887) to work on /home/shubham/.local/lib/python3.10/site-packages/airflow/example_dags/example_branch_operator.py
[2023-06-18T15:00:33.525+0530] {processor.py:826} INFO - Processing file /home/shubham/.local/lib/python3.10/site-packages/airflow/example_dags/example_branch_operator.py for tasks to queue
[2023-06-18T15:00:33.526+0530] {logging_mixin.py:149} INFO - [2023-06-18T15:00:33.525+0530] {dagbag.py:541} INFO - Filling up the DagBag from /home/shubham/.local/lib/python3.10/site-packages/airflow/example_dags/example_branch_operator.py
[2023-06-18T15:00:33.532+0530] {processor.py:836} INFO - DAG(s) dict_keys(['example_branch_operator']) retrieved from /home/shubham/.local/lib/python3.10/site-packages/airflow/example_dags/example_branch_operator.py
[2023-06-18T15:00:33.546+0530] {logging_mixin.py:149} INFO - [2023-06-18T15:00:33.546+0530] {dag.py:2726} INFO - Sync 1 DAGs
[2023-06-18T15:00:33.559+0530] {logging_mixin.py:149} INFO - [2023-06-18T15:00:33.559+0530] {dag.py:3486} INFO - Setting next_dagrun for example_branch_operator to 2023-06-17T00:00:00+00:00, run_after=2023-06-18T00:00:00+00:00
[2023-06-18T15:00:33.575+0530] {processor.py:179} INFO - Processing /home/shubham/.local/lib/python3.10/site-packages/airflow/example_dags/example_branch_operator.py took 0.054 seconds
[2023-06-18T15:01:18.561+0530] {processor.py:157} INFO - Started process (PID=4935) to work on /home/shubham/.local/lib/python3.10/site-packages/airflow/example_dags/example_branch_operator.py
[2023-06-18T15:01:18.562+0530] {processor.py:826} INFO - Processing file /home/shubham/.local/lib/python3.10/site-packages/airflow/example_dags/example_branch_operator.py for tasks to queue
[2023-06-18T15:01:18.563+0530] {logging_mixin.py:149} INFO - [2023-06-18T15:01:18.563+0530] {dagbag.py:541} INFO - Filling up the DagBag from /home/shubham/.local/lib/python3.10/site-packages/airflow/example_dags/example_branch_operator.py
[2023-06-18T15:01:18.569+0530] {processor.py:836} INFO - DAG(s) dict_keys(['example_branch_operator']) retrieved from /home/shubham/.local/lib/python3.10/site-packages/airflow/example_dags/example_branch_operator.py
[2023-06-18T15:01:18.583+0530] {logging_mixin.py:149} INFO - [2023-06-18T15:01:18.583+0530] {dag.py:2726} INFO - Sync 1 DAGs
[2023-06-18T15:01:18.596+0530] {logging_mixin.py:149} INFO - [2023-06-18T15:01:18.596+0530] {dag.py:3486} INFO - Setting next_dagrun for example_branch_operator to 2023-06-17T00:00:00+00:00, run_after=2023-06-18T00:00:00+00:00
[2023-06-18T15:01:18.612+0530] {processor.py:179} INFO - Processing /home/shubham/.local/lib/python3.10/site-packages/airflow/example_dags/example_branch_operator.py took 0.053 seconds
[2023-06-18T15:02:06.451+0530] {processor.py:157} INFO - Started process (PID=4983) to work on /home/shubham/.local/lib/python3.10/site-packages/airflow/example_dags/example_branch_operator.py
[2023-06-18T15:02:06.452+0530] {processor.py:826} INFO - Processing file /home/shubham/.local/lib/python3.10/site-packages/airflow/example_dags/example_branch_operator.py for tasks to queue
[2023-06-18T15:02:06.453+0530] {logging_mixin.py:149} INFO - [2023-06-18T15:02:06.453+0530] {dagbag.py:541} INFO - Filling up the DagBag from /home/shubham/.local/lib/python3.10/site-packages/airflow/example_dags/example_branch_operator.py
[2023-06-18T15:02:06.459+0530] {processor.py:836} INFO - DAG(s) dict_keys(['example_branch_operator']) retrieved from /home/shubham/.local/lib/python3.10/site-packages/airflow/example_dags/example_branch_operator.py
[2023-06-18T15:02:06.474+0530] {logging_mixin.py:149} INFO - [2023-06-18T15:02:06.473+0530] {dag.py:2726} INFO - Sync 1 DAGs
[2023-06-18T15:02:06.487+0530] {logging_mixin.py:149} INFO - [2023-06-18T15:02:06.486+0530] {dag.py:3486} INFO - Setting next_dagrun for example_branch_operator to 2023-06-17T00:00:00+00:00, run_after=2023-06-18T00:00:00+00:00
[2023-06-18T15:02:06.503+0530] {processor.py:179} INFO - Processing /home/shubham/.local/lib/python3.10/site-packages/airflow/example_dags/example_branch_operator.py took 0.054 seconds
[2023-06-18T15:02:49.169+0530] {processor.py:157} INFO - Started process (PID=5029) to work on /home/shubham/.local/lib/python3.10/site-packages/airflow/example_dags/example_branch_operator.py
[2023-06-18T15:02:49.171+0530] {processor.py:826} INFO - Processing file /home/shubham/.local/lib/python3.10/site-packages/airflow/example_dags/example_branch_operator.py for tasks to queue
[2023-06-18T15:02:49.171+0530] {logging_mixin.py:149} INFO - [2023-06-18T15:02:49.171+0530] {dagbag.py:541} INFO - Filling up the DagBag from /home/shubham/.local/lib/python3.10/site-packages/airflow/example_dags/example_branch_operator.py
[2023-06-18T15:02:49.178+0530] {processor.py:836} INFO - DAG(s) dict_keys(['example_branch_operator']) retrieved from /home/shubham/.local/lib/python3.10/site-packages/airflow/example_dags/example_branch_operator.py
[2023-06-18T15:02:49.193+0530] {logging_mixin.py:149} INFO - [2023-06-18T15:02:49.193+0530] {dag.py:2726} INFO - Sync 1 DAGs
[2023-06-18T15:02:49.206+0530] {logging_mixin.py:149} INFO - [2023-06-18T15:02:49.206+0530] {dag.py:3486} INFO - Setting next_dagrun for example_branch_operator to 2023-06-17T00:00:00+00:00, run_after=2023-06-18T00:00:00+00:00
[2023-06-18T15:02:49.223+0530] {processor.py:179} INFO - Processing /home/shubham/.local/lib/python3.10/site-packages/airflow/example_dags/example_branch_operator.py took 0.055 seconds
[2023-06-18T15:03:33.105+0530] {processor.py:157} INFO - Started process (PID=5076) to work on /home/shubham/.local/lib/python3.10/site-packages/airflow/example_dags/example_branch_operator.py
[2023-06-18T15:03:33.107+0530] {processor.py:826} INFO - Processing file /home/shubham/.local/lib/python3.10/site-packages/airflow/example_dags/example_branch_operator.py for tasks to queue
[2023-06-18T15:03:33.108+0530] {logging_mixin.py:149} INFO - [2023-06-18T15:03:33.108+0530] {dagbag.py:541} INFO - Filling up the DagBag from /home/shubham/.local/lib/python3.10/site-packages/airflow/example_dags/example_branch_operator.py
[2023-06-18T15:03:33.113+0530] {processor.py:836} INFO - DAG(s) dict_keys(['example_branch_operator']) retrieved from /home/shubham/.local/lib/python3.10/site-packages/airflow/example_dags/example_branch_operator.py
[2023-06-18T15:03:33.128+0530] {logging_mixin.py:149} INFO - [2023-06-18T15:03:33.127+0530] {dag.py:2726} INFO - Sync 1 DAGs
[2023-06-18T15:03:33.140+0530] {logging_mixin.py:149} INFO - [2023-06-18T15:03:33.140+0530] {dag.py:3486} INFO - Setting next_dagrun for example_branch_operator to 2023-06-17T00:00:00+00:00, run_after=2023-06-18T00:00:00+00:00
[2023-06-18T15:03:33.157+0530] {processor.py:179} INFO - Processing /home/shubham/.local/lib/python3.10/site-packages/airflow/example_dags/example_branch_operator.py took 0.054 seconds
[2023-06-18T15:04:18.701+0530] {processor.py:157} INFO - Started process (PID=5122) to work on /home/shubham/.local/lib/python3.10/site-packages/airflow/example_dags/example_branch_operator.py
[2023-06-18T15:04:18.703+0530] {processor.py:826} INFO - Processing file /home/shubham/.local/lib/python3.10/site-packages/airflow/example_dags/example_branch_operator.py for tasks to queue
[2023-06-18T15:04:18.703+0530] {logging_mixin.py:149} INFO - [2023-06-18T15:04:18.703+0530] {dagbag.py:541} INFO - Filling up the DagBag from /home/shubham/.local/lib/python3.10/site-packages/airflow/example_dags/example_branch_operator.py
[2023-06-18T15:04:18.709+0530] {processor.py:836} INFO - DAG(s) dict_keys(['example_branch_operator']) retrieved from /home/shubham/.local/lib/python3.10/site-packages/airflow/example_dags/example_branch_operator.py
[2023-06-18T15:04:18.723+0530] {logging_mixin.py:149} INFO - [2023-06-18T15:04:18.723+0530] {dag.py:2726} INFO - Sync 1 DAGs
[2023-06-18T15:04:18.736+0530] {logging_mixin.py:149} INFO - [2023-06-18T15:04:18.736+0530] {dag.py:3486} INFO - Setting next_dagrun for example_branch_operator to 2023-06-17T00:00:00+00:00, run_after=2023-06-18T00:00:00+00:00
[2023-06-18T15:04:18.753+0530] {processor.py:179} INFO - Processing /home/shubham/.local/lib/python3.10/site-packages/airflow/example_dags/example_branch_operator.py took 0.054 seconds
[2023-06-18T15:05:02.340+0530] {processor.py:157} INFO - Started process (PID=5167) to work on /home/shubham/.local/lib/python3.10/site-packages/airflow/example_dags/example_branch_operator.py
[2023-06-18T15:05:02.341+0530] {processor.py:826} INFO - Processing file /home/shubham/.local/lib/python3.10/site-packages/airflow/example_dags/example_branch_operator.py for tasks to queue
[2023-06-18T15:05:02.342+0530] {logging_mixin.py:149} INFO - [2023-06-18T15:05:02.342+0530] {dagbag.py:541} INFO - Filling up the DagBag from /home/shubham/.local/lib/python3.10/site-packages/airflow/example_dags/example_branch_operator.py
[2023-06-18T15:05:02.348+0530] {processor.py:836} INFO - DAG(s) dict_keys(['example_branch_operator']) retrieved from /home/shubham/.local/lib/python3.10/site-packages/airflow/example_dags/example_branch_operator.py
[2023-06-18T15:05:02.362+0530] {logging_mixin.py:149} INFO - [2023-06-18T15:05:02.362+0530] {dag.py:2726} INFO - Sync 1 DAGs
[2023-06-18T15:05:02.376+0530] {logging_mixin.py:149} INFO - [2023-06-18T15:05:02.376+0530] {dag.py:3486} INFO - Setting next_dagrun for example_branch_operator to 2023-06-17T00:00:00+00:00, run_after=2023-06-18T00:00:00+00:00
[2023-06-18T15:05:02.392+0530] {processor.py:179} INFO - Processing /home/shubham/.local/lib/python3.10/site-packages/airflow/example_dags/example_branch_operator.py took 0.055 seconds
[2023-06-18T15:05:45.556+0530] {processor.py:157} INFO - Started process (PID=5213) to work on /home/shubham/.local/lib/python3.10/site-packages/airflow/example_dags/example_branch_operator.py
[2023-06-18T15:05:45.557+0530] {processor.py:826} INFO - Processing file /home/shubham/.local/lib/python3.10/site-packages/airflow/example_dags/example_branch_operator.py for tasks to queue
[2023-06-18T15:05:45.558+0530] {logging_mixin.py:149} INFO - [2023-06-18T15:05:45.558+0530] {dagbag.py:541} INFO - Filling up the DagBag from /home/shubham/.local/lib/python3.10/site-packages/airflow/example_dags/example_branch_operator.py
[2023-06-18T15:05:45.564+0530] {processor.py:836} INFO - DAG(s) dict_keys(['example_branch_operator']) retrieved from /home/shubham/.local/lib/python3.10/site-packages/airflow/example_dags/example_branch_operator.py
[2023-06-18T15:05:45.578+0530] {logging_mixin.py:149} INFO - [2023-06-18T15:05:45.577+0530] {dag.py:2726} INFO - Sync 1 DAGs
[2023-06-18T15:05:45.590+0530] {logging_mixin.py:149} INFO - [2023-06-18T15:05:45.590+0530] {dag.py:3486} INFO - Setting next_dagrun for example_branch_operator to 2023-06-17T00:00:00+00:00, run_after=2023-06-18T00:00:00+00:00
[2023-06-18T15:05:45.606+0530] {processor.py:179} INFO - Processing /home/shubham/.local/lib/python3.10/site-packages/airflow/example_dags/example_branch_operator.py took 0.052 seconds
[2023-06-18T15:06:26.743+0530] {processor.py:157} INFO - Started process (PID=5256) to work on /home/shubham/.local/lib/python3.10/site-packages/airflow/example_dags/example_branch_operator.py
[2023-06-18T15:06:26.744+0530] {processor.py:826} INFO - Processing file /home/shubham/.local/lib/python3.10/site-packages/airflow/example_dags/example_branch_operator.py for tasks to queue
[2023-06-18T15:06:26.745+0530] {logging_mixin.py:149} INFO - [2023-06-18T15:06:26.745+0530] {dagbag.py:541} INFO - Filling up the DagBag from /home/shubham/.local/lib/python3.10/site-packages/airflow/example_dags/example_branch_operator.py
[2023-06-18T15:06:26.751+0530] {processor.py:836} INFO - DAG(s) dict_keys(['example_branch_operator']) retrieved from /home/shubham/.local/lib/python3.10/site-packages/airflow/example_dags/example_branch_operator.py
[2023-06-18T15:06:26.766+0530] {logging_mixin.py:149} INFO - [2023-06-18T15:06:26.765+0530] {dag.py:2726} INFO - Sync 1 DAGs
[2023-06-18T15:06:26.778+0530] {logging_mixin.py:149} INFO - [2023-06-18T15:06:26.778+0530] {dag.py:3486} INFO - Setting next_dagrun for example_branch_operator to 2023-06-17T00:00:00+00:00, run_after=2023-06-18T00:00:00+00:00
[2023-06-18T15:06:26.794+0530] {processor.py:179} INFO - Processing /home/shubham/.local/lib/python3.10/site-packages/airflow/example_dags/example_branch_operator.py took 0.054 seconds
[2023-06-18T15:07:18.393+0530] {processor.py:157} INFO - Started process (PID=5306) to work on /home/shubham/.local/lib/python3.10/site-packages/airflow/example_dags/example_branch_operator.py
[2023-06-18T15:07:18.395+0530] {processor.py:826} INFO - Processing file /home/shubham/.local/lib/python3.10/site-packages/airflow/example_dags/example_branch_operator.py for tasks to queue
[2023-06-18T15:07:18.395+0530] {logging_mixin.py:149} INFO - [2023-06-18T15:07:18.395+0530] {dagbag.py:541} INFO - Filling up the DagBag from /home/shubham/.local/lib/python3.10/site-packages/airflow/example_dags/example_branch_operator.py
[2023-06-18T15:07:18.404+0530] {processor.py:836} INFO - DAG(s) dict_keys(['example_branch_operator']) retrieved from /home/shubham/.local/lib/python3.10/site-packages/airflow/example_dags/example_branch_operator.py
[2023-06-18T15:07:18.425+0530] {logging_mixin.py:149} INFO - [2023-06-18T15:07:18.425+0530] {dag.py:2726} INFO - Sync 1 DAGs
[2023-06-18T15:07:18.444+0530] {logging_mixin.py:149} INFO - [2023-06-18T15:07:18.443+0530] {dag.py:3486} INFO - Setting next_dagrun for example_branch_operator to 2023-06-17T00:00:00+00:00, run_after=2023-06-18T00:00:00+00:00
[2023-06-18T15:07:18.470+0530] {processor.py:179} INFO - Processing /home/shubham/.local/lib/python3.10/site-packages/airflow/example_dags/example_branch_operator.py took 0.081 seconds
[2023-06-18T15:08:03.712+0530] {processor.py:157} INFO - Started process (PID=5353) to work on /home/shubham/.local/lib/python3.10/site-packages/airflow/example_dags/example_branch_operator.py
[2023-06-18T15:08:03.714+0530] {processor.py:826} INFO - Processing file /home/shubham/.local/lib/python3.10/site-packages/airflow/example_dags/example_branch_operator.py for tasks to queue
[2023-06-18T15:08:03.714+0530] {logging_mixin.py:149} INFO - [2023-06-18T15:08:03.714+0530] {dagbag.py:541} INFO - Filling up the DagBag from /home/shubham/.local/lib/python3.10/site-packages/airflow/example_dags/example_branch_operator.py
[2023-06-18T15:08:03.723+0530] {processor.py:836} INFO - DAG(s) dict_keys(['example_branch_operator']) retrieved from /home/shubham/.local/lib/python3.10/site-packages/airflow/example_dags/example_branch_operator.py
[2023-06-18T15:08:03.741+0530] {logging_mixin.py:149} INFO - [2023-06-18T15:08:03.741+0530] {dag.py:2726} INFO - Sync 1 DAGs
[2023-06-18T15:08:03.760+0530] {logging_mixin.py:149} INFO - [2023-06-18T15:08:03.760+0530] {dag.py:3486} INFO - Setting next_dagrun for example_branch_operator to 2023-06-17T00:00:00+00:00, run_after=2023-06-18T00:00:00+00:00
[2023-06-18T15:08:03.785+0530] {processor.py:179} INFO - Processing /home/shubham/.local/lib/python3.10/site-packages/airflow/example_dags/example_branch_operator.py took 0.077 seconds
[2023-06-18T15:08:47.973+0530] {processor.py:157} INFO - Started process (PID=5399) to work on /home/shubham/.local/lib/python3.10/site-packages/airflow/example_dags/example_branch_operator.py
[2023-06-18T15:08:47.975+0530] {processor.py:826} INFO - Processing file /home/shubham/.local/lib/python3.10/site-packages/airflow/example_dags/example_branch_operator.py for tasks to queue
[2023-06-18T15:08:47.976+0530] {logging_mixin.py:149} INFO - [2023-06-18T15:08:47.976+0530] {dagbag.py:541} INFO - Filling up the DagBag from /home/shubham/.local/lib/python3.10/site-packages/airflow/example_dags/example_branch_operator.py
[2023-06-18T15:08:47.983+0530] {processor.py:836} INFO - DAG(s) dict_keys(['example_branch_operator']) retrieved from /home/shubham/.local/lib/python3.10/site-packages/airflow/example_dags/example_branch_operator.py
[2023-06-18T15:08:48.001+0530] {logging_mixin.py:149} INFO - [2023-06-18T15:08:48.001+0530] {dag.py:2726} INFO - Sync 1 DAGs
[2023-06-18T15:08:48.017+0530] {logging_mixin.py:149} INFO - [2023-06-18T15:08:48.017+0530] {dag.py:3486} INFO - Setting next_dagrun for example_branch_operator to 2023-06-17T00:00:00+00:00, run_after=2023-06-18T00:00:00+00:00
[2023-06-18T15:08:48.041+0530] {processor.py:179} INFO - Processing /home/shubham/.local/lib/python3.10/site-packages/airflow/example_dags/example_branch_operator.py took 0.071 seconds
[2023-06-18T15:09:31.354+0530] {processor.py:157} INFO - Started process (PID=5445) to work on /home/shubham/.local/lib/python3.10/site-packages/airflow/example_dags/example_branch_operator.py
[2023-06-18T15:09:31.356+0530] {processor.py:826} INFO - Processing file /home/shubham/.local/lib/python3.10/site-packages/airflow/example_dags/example_branch_operator.py for tasks to queue
[2023-06-18T15:09:31.357+0530] {logging_mixin.py:149} INFO - [2023-06-18T15:09:31.357+0530] {dagbag.py:541} INFO - Filling up the DagBag from /home/shubham/.local/lib/python3.10/site-packages/airflow/example_dags/example_branch_operator.py
[2023-06-18T15:09:31.365+0530] {processor.py:836} INFO - DAG(s) dict_keys(['example_branch_operator']) retrieved from /home/shubham/.local/lib/python3.10/site-packages/airflow/example_dags/example_branch_operator.py
[2023-06-18T15:09:31.385+0530] {logging_mixin.py:149} INFO - [2023-06-18T15:09:31.385+0530] {dag.py:2726} INFO - Sync 1 DAGs
[2023-06-18T15:09:31.404+0530] {logging_mixin.py:149} INFO - [2023-06-18T15:09:31.404+0530] {dag.py:3486} INFO - Setting next_dagrun for example_branch_operator to 2023-06-17T00:00:00+00:00, run_after=2023-06-18T00:00:00+00:00
[2023-06-18T15:09:31.429+0530] {processor.py:179} INFO - Processing /home/shubham/.local/lib/python3.10/site-packages/airflow/example_dags/example_branch_operator.py took 0.078 seconds
[2023-06-18T15:10:16.843+0530] {processor.py:157} INFO - Started process (PID=5491) to work on /home/shubham/.local/lib/python3.10/site-packages/airflow/example_dags/example_branch_operator.py
[2023-06-18T15:10:16.845+0530] {processor.py:826} INFO - Processing file /home/shubham/.local/lib/python3.10/site-packages/airflow/example_dags/example_branch_operator.py for tasks to queue
[2023-06-18T15:10:16.846+0530] {logging_mixin.py:149} INFO - [2023-06-18T15:10:16.846+0530] {dagbag.py:541} INFO - Filling up the DagBag from /home/shubham/.local/lib/python3.10/site-packages/airflow/example_dags/example_branch_operator.py
[2023-06-18T15:10:16.853+0530] {processor.py:836} INFO - DAG(s) dict_keys(['example_branch_operator']) retrieved from /home/shubham/.local/lib/python3.10/site-packages/airflow/example_dags/example_branch_operator.py
[2023-06-18T15:10:16.871+0530] {logging_mixin.py:149} INFO - [2023-06-18T15:10:16.871+0530] {dag.py:2726} INFO - Sync 1 DAGs
[2023-06-18T15:10:16.888+0530] {logging_mixin.py:149} INFO - [2023-06-18T15:10:16.888+0530] {dag.py:3486} INFO - Setting next_dagrun for example_branch_operator to 2023-06-17T00:00:00+00:00, run_after=2023-06-18T00:00:00+00:00
[2023-06-18T15:10:16.910+0530] {processor.py:179} INFO - Processing /home/shubham/.local/lib/python3.10/site-packages/airflow/example_dags/example_branch_operator.py took 0.070 seconds
[2023-06-18T15:10:59.178+0530] {processor.py:157} INFO - Started process (PID=5535) to work on /home/shubham/.local/lib/python3.10/site-packages/airflow/example_dags/example_branch_operator.py
[2023-06-18T15:10:59.180+0530] {processor.py:826} INFO - Processing file /home/shubham/.local/lib/python3.10/site-packages/airflow/example_dags/example_branch_operator.py for tasks to queue
[2023-06-18T15:10:59.181+0530] {logging_mixin.py:149} INFO - [2023-06-18T15:10:59.181+0530] {dagbag.py:541} INFO - Filling up the DagBag from /home/shubham/.local/lib/python3.10/site-packages/airflow/example_dags/example_branch_operator.py
[2023-06-18T15:10:59.191+0530] {processor.py:836} INFO - DAG(s) dict_keys(['example_branch_operator']) retrieved from /home/shubham/.local/lib/python3.10/site-packages/airflow/example_dags/example_branch_operator.py
[2023-06-18T15:10:59.215+0530] {logging_mixin.py:149} INFO - [2023-06-18T15:10:59.215+0530] {dag.py:2726} INFO - Sync 1 DAGs
[2023-06-18T15:10:59.239+0530] {logging_mixin.py:149} INFO - [2023-06-18T15:10:59.239+0530] {dag.py:3486} INFO - Setting next_dagrun for example_branch_operator to 2023-06-17T00:00:00+00:00, run_after=2023-06-18T00:00:00+00:00
[2023-06-18T15:10:59.270+0530] {processor.py:179} INFO - Processing /home/shubham/.local/lib/python3.10/site-packages/airflow/example_dags/example_branch_operator.py took 0.096 seconds
[2023-06-18T15:11:40.613+0530] {processor.py:157} INFO - Started process (PID=5580) to work on /home/shubham/.local/lib/python3.10/site-packages/airflow/example_dags/example_branch_operator.py
[2023-06-18T15:11:40.615+0530] {processor.py:826} INFO - Processing file /home/shubham/.local/lib/python3.10/site-packages/airflow/example_dags/example_branch_operator.py for tasks to queue
[2023-06-18T15:11:40.616+0530] {logging_mixin.py:149} INFO - [2023-06-18T15:11:40.616+0530] {dagbag.py:541} INFO - Filling up the DagBag from /home/shubham/.local/lib/python3.10/site-packages/airflow/example_dags/example_branch_operator.py
[2023-06-18T15:11:40.624+0530] {processor.py:836} INFO - DAG(s) dict_keys(['example_branch_operator']) retrieved from /home/shubham/.local/lib/python3.10/site-packages/airflow/example_dags/example_branch_operator.py
[2023-06-18T15:11:40.644+0530] {logging_mixin.py:149} INFO - [2023-06-18T15:11:40.644+0530] {dag.py:2726} INFO - Sync 1 DAGs
[2023-06-18T15:11:40.665+0530] {logging_mixin.py:149} INFO - [2023-06-18T15:11:40.665+0530] {dag.py:3486} INFO - Setting next_dagrun for example_branch_operator to 2023-06-17T00:00:00+00:00, run_after=2023-06-18T00:00:00+00:00
[2023-06-18T15:11:40.690+0530] {processor.py:179} INFO - Processing /home/shubham/.local/lib/python3.10/site-packages/airflow/example_dags/example_branch_operator.py took 0.080 seconds
[2023-06-18T15:12:22.482+0530] {processor.py:157} INFO - Started process (PID=5624) to work on /home/shubham/.local/lib/python3.10/site-packages/airflow/example_dags/example_branch_operator.py
[2023-06-18T15:12:22.486+0530] {processor.py:826} INFO - Processing file /home/shubham/.local/lib/python3.10/site-packages/airflow/example_dags/example_branch_operator.py for tasks to queue
[2023-06-18T15:12:22.486+0530] {logging_mixin.py:149} INFO - [2023-06-18T15:12:22.486+0530] {dagbag.py:541} INFO - Filling up the DagBag from /home/shubham/.local/lib/python3.10/site-packages/airflow/example_dags/example_branch_operator.py
[2023-06-18T15:12:22.495+0530] {processor.py:836} INFO - DAG(s) dict_keys(['example_branch_operator']) retrieved from /home/shubham/.local/lib/python3.10/site-packages/airflow/example_dags/example_branch_operator.py
[2023-06-18T15:12:22.515+0530] {logging_mixin.py:149} INFO - [2023-06-18T15:12:22.515+0530] {dag.py:2726} INFO - Sync 1 DAGs
[2023-06-18T15:12:22.534+0530] {logging_mixin.py:149} INFO - [2023-06-18T15:12:22.534+0530] {dag.py:3486} INFO - Setting next_dagrun for example_branch_operator to 2023-06-17T00:00:00+00:00, run_after=2023-06-18T00:00:00+00:00
[2023-06-18T15:12:22.559+0530] {processor.py:179} INFO - Processing /home/shubham/.local/lib/python3.10/site-packages/airflow/example_dags/example_branch_operator.py took 0.080 seconds
[2023-06-18T15:13:03.569+0530] {processor.py:157} INFO - Started process (PID=5666) to work on /home/shubham/.local/lib/python3.10/site-packages/airflow/example_dags/example_branch_operator.py
[2023-06-18T15:13:03.571+0530] {processor.py:826} INFO - Processing file /home/shubham/.local/lib/python3.10/site-packages/airflow/example_dags/example_branch_operator.py for tasks to queue
[2023-06-18T15:13:03.572+0530] {logging_mixin.py:149} INFO - [2023-06-18T15:13:03.572+0530] {dagbag.py:541} INFO - Filling up the DagBag from /home/shubham/.local/lib/python3.10/site-packages/airflow/example_dags/example_branch_operator.py
[2023-06-18T15:13:03.580+0530] {processor.py:836} INFO - DAG(s) dict_keys(['example_branch_operator']) retrieved from /home/shubham/.local/lib/python3.10/site-packages/airflow/example_dags/example_branch_operator.py
[2023-06-18T15:13:03.601+0530] {logging_mixin.py:149} INFO - [2023-06-18T15:13:03.600+0530] {dag.py:2726} INFO - Sync 1 DAGs
[2023-06-18T15:13:03.620+0530] {logging_mixin.py:149} INFO - [2023-06-18T15:13:03.620+0530] {dag.py:3486} INFO - Setting next_dagrun for example_branch_operator to 2023-06-17T00:00:00+00:00, run_after=2023-06-18T00:00:00+00:00
[2023-06-18T15:13:03.644+0530] {processor.py:179} INFO - Processing /home/shubham/.local/lib/python3.10/site-packages/airflow/example_dags/example_branch_operator.py took 0.079 seconds
[2023-06-18T15:13:45.341+0530] {processor.py:157} INFO - Started process (PID=5711) to work on /home/shubham/.local/lib/python3.10/site-packages/airflow/example_dags/example_branch_operator.py
[2023-06-18T15:13:45.344+0530] {processor.py:826} INFO - Processing file /home/shubham/.local/lib/python3.10/site-packages/airflow/example_dags/example_branch_operator.py for tasks to queue
[2023-06-18T15:13:45.344+0530] {logging_mixin.py:149} INFO - [2023-06-18T15:13:45.344+0530] {dagbag.py:541} INFO - Filling up the DagBag from /home/shubham/.local/lib/python3.10/site-packages/airflow/example_dags/example_branch_operator.py
[2023-06-18T15:13:45.353+0530] {processor.py:836} INFO - DAG(s) dict_keys(['example_branch_operator']) retrieved from /home/shubham/.local/lib/python3.10/site-packages/airflow/example_dags/example_branch_operator.py
[2023-06-18T15:13:45.373+0530] {logging_mixin.py:149} INFO - [2023-06-18T15:13:45.373+0530] {dag.py:2726} INFO - Sync 1 DAGs
[2023-06-18T15:13:45.392+0530] {logging_mixin.py:149} INFO - [2023-06-18T15:13:45.392+0530] {dag.py:3486} INFO - Setting next_dagrun for example_branch_operator to 2023-06-17T00:00:00+00:00, run_after=2023-06-18T00:00:00+00:00
[2023-06-18T15:13:45.418+0530] {processor.py:179} INFO - Processing /home/shubham/.local/lib/python3.10/site-packages/airflow/example_dags/example_branch_operator.py took 0.080 seconds
[2023-06-18T15:14:32.754+0530] {processor.py:157} INFO - Started process (PID=5759) to work on /home/shubham/.local/lib/python3.10/site-packages/airflow/example_dags/example_branch_operator.py
[2023-06-18T15:14:32.756+0530] {processor.py:826} INFO - Processing file /home/shubham/.local/lib/python3.10/site-packages/airflow/example_dags/example_branch_operator.py for tasks to queue
[2023-06-18T15:14:32.757+0530] {logging_mixin.py:149} INFO - [2023-06-18T15:14:32.757+0530] {dagbag.py:541} INFO - Filling up the DagBag from /home/shubham/.local/lib/python3.10/site-packages/airflow/example_dags/example_branch_operator.py
[2023-06-18T15:14:32.764+0530] {processor.py:836} INFO - DAG(s) dict_keys(['example_branch_operator']) retrieved from /home/shubham/.local/lib/python3.10/site-packages/airflow/example_dags/example_branch_operator.py
[2023-06-18T15:14:32.782+0530] {logging_mixin.py:149} INFO - [2023-06-18T15:14:32.782+0530] {dag.py:2726} INFO - Sync 1 DAGs
[2023-06-18T15:14:32.799+0530] {logging_mixin.py:149} INFO - [2023-06-18T15:14:32.799+0530] {dag.py:3486} INFO - Setting next_dagrun for example_branch_operator to 2023-06-17T00:00:00+00:00, run_after=2023-06-18T00:00:00+00:00
[2023-06-18T15:14:32.821+0530] {processor.py:179} INFO - Processing /home/shubham/.local/lib/python3.10/site-packages/airflow/example_dags/example_branch_operator.py took 0.071 seconds
[2023-06-18T15:15:17.925+0530] {processor.py:157} INFO - Started process (PID=5805) to work on /home/shubham/.local/lib/python3.10/site-packages/airflow/example_dags/example_branch_operator.py
[2023-06-18T15:15:17.927+0530] {processor.py:826} INFO - Processing file /home/shubham/.local/lib/python3.10/site-packages/airflow/example_dags/example_branch_operator.py for tasks to queue
[2023-06-18T15:15:17.928+0530] {logging_mixin.py:149} INFO - [2023-06-18T15:15:17.927+0530] {dagbag.py:541} INFO - Filling up the DagBag from /home/shubham/.local/lib/python3.10/site-packages/airflow/example_dags/example_branch_operator.py
[2023-06-18T15:15:17.936+0530] {processor.py:836} INFO - DAG(s) dict_keys(['example_branch_operator']) retrieved from /home/shubham/.local/lib/python3.10/site-packages/airflow/example_dags/example_branch_operator.py
[2023-06-18T15:15:17.954+0530] {logging_mixin.py:149} INFO - [2023-06-18T15:15:17.954+0530] {dag.py:2726} INFO - Sync 1 DAGs
[2023-06-18T15:15:17.971+0530] {logging_mixin.py:149} INFO - [2023-06-18T15:15:17.971+0530] {dag.py:3486} INFO - Setting next_dagrun for example_branch_operator to 2023-06-17T00:00:00+00:00, run_after=2023-06-18T00:00:00+00:00
[2023-06-18T15:15:17.993+0530] {processor.py:179} INFO - Processing /home/shubham/.local/lib/python3.10/site-packages/airflow/example_dags/example_branch_operator.py took 0.070 seconds
[2023-06-18T15:16:02.709+0530] {processor.py:157} INFO - Started process (PID=5851) to work on /home/shubham/.local/lib/python3.10/site-packages/airflow/example_dags/example_branch_operator.py
[2023-06-18T15:16:02.711+0530] {processor.py:826} INFO - Processing file /home/shubham/.local/lib/python3.10/site-packages/airflow/example_dags/example_branch_operator.py for tasks to queue
[2023-06-18T15:16:02.712+0530] {logging_mixin.py:149} INFO - [2023-06-18T15:16:02.712+0530] {dagbag.py:541} INFO - Filling up the DagBag from /home/shubham/.local/lib/python3.10/site-packages/airflow/example_dags/example_branch_operator.py
[2023-06-18T15:16:02.720+0530] {processor.py:836} INFO - DAG(s) dict_keys(['example_branch_operator']) retrieved from /home/shubham/.local/lib/python3.10/site-packages/airflow/example_dags/example_branch_operator.py
[2023-06-18T15:16:02.738+0530] {logging_mixin.py:149} INFO - [2023-06-18T15:16:02.737+0530] {dag.py:2726} INFO - Sync 1 DAGs
[2023-06-18T15:16:02.754+0530] {logging_mixin.py:149} INFO - [2023-06-18T15:16:02.754+0530] {dag.py:3486} INFO - Setting next_dagrun for example_branch_operator to 2023-06-17T00:00:00+00:00, run_after=2023-06-18T00:00:00+00:00
[2023-06-18T15:16:02.778+0530] {processor.py:179} INFO - Processing /home/shubham/.local/lib/python3.10/site-packages/airflow/example_dags/example_branch_operator.py took 0.073 seconds
[2023-06-18T15:16:47.002+0530] {processor.py:157} INFO - Started process (PID=5898) to work on /home/shubham/.local/lib/python3.10/site-packages/airflow/example_dags/example_branch_operator.py
[2023-06-18T15:16:47.004+0530] {processor.py:826} INFO - Processing file /home/shubham/.local/lib/python3.10/site-packages/airflow/example_dags/example_branch_operator.py for tasks to queue
[2023-06-18T15:16:47.005+0530] {logging_mixin.py:149} INFO - [2023-06-18T15:16:47.005+0530] {dagbag.py:541} INFO - Filling up the DagBag from /home/shubham/.local/lib/python3.10/site-packages/airflow/example_dags/example_branch_operator.py
[2023-06-18T15:16:47.012+0530] {processor.py:836} INFO - DAG(s) dict_keys(['example_branch_operator']) retrieved from /home/shubham/.local/lib/python3.10/site-packages/airflow/example_dags/example_branch_operator.py
[2023-06-18T15:16:47.031+0530] {logging_mixin.py:149} INFO - [2023-06-18T15:16:47.031+0530] {dag.py:2726} INFO - Sync 1 DAGs
[2023-06-18T15:16:47.049+0530] {logging_mixin.py:149} INFO - [2023-06-18T15:16:47.049+0530] {dag.py:3486} INFO - Setting next_dagrun for example_branch_operator to 2023-06-17T00:00:00+00:00, run_after=2023-06-18T00:00:00+00:00
[2023-06-18T15:16:47.072+0530] {processor.py:179} INFO - Processing /home/shubham/.local/lib/python3.10/site-packages/airflow/example_dags/example_branch_operator.py took 0.073 seconds
[2023-06-18T15:17:28.652+0530] {processor.py:157} INFO - Started process (PID=5942) to work on /home/shubham/.local/lib/python3.10/site-packages/airflow/example_dags/example_branch_operator.py
[2023-06-18T15:17:28.655+0530] {processor.py:826} INFO - Processing file /home/shubham/.local/lib/python3.10/site-packages/airflow/example_dags/example_branch_operator.py for tasks to queue
[2023-06-18T15:17:28.655+0530] {logging_mixin.py:149} INFO - [2023-06-18T15:17:28.655+0530] {dagbag.py:541} INFO - Filling up the DagBag from /home/shubham/.local/lib/python3.10/site-packages/airflow/example_dags/example_branch_operator.py
[2023-06-18T15:17:28.664+0530] {processor.py:836} INFO - DAG(s) dict_keys(['example_branch_operator']) retrieved from /home/shubham/.local/lib/python3.10/site-packages/airflow/example_dags/example_branch_operator.py
[2023-06-18T15:17:28.685+0530] {logging_mixin.py:149} INFO - [2023-06-18T15:17:28.685+0530] {dag.py:2726} INFO - Sync 1 DAGs
[2023-06-18T15:17:28.706+0530] {logging_mixin.py:149} INFO - [2023-06-18T15:17:28.706+0530] {dag.py:3486} INFO - Setting next_dagrun for example_branch_operator to 2023-06-17T00:00:00+00:00, run_after=2023-06-18T00:00:00+00:00
[2023-06-18T15:17:28.733+0530] {processor.py:179} INFO - Processing /home/shubham/.local/lib/python3.10/site-packages/airflow/example_dags/example_branch_operator.py took 0.084 seconds
[2023-06-18T15:18:12.697+0530] {processor.py:157} INFO - Started process (PID=5988) to work on /home/shubham/.local/lib/python3.10/site-packages/airflow/example_dags/example_branch_operator.py
[2023-06-18T15:18:12.700+0530] {processor.py:826} INFO - Processing file /home/shubham/.local/lib/python3.10/site-packages/airflow/example_dags/example_branch_operator.py for tasks to queue
[2023-06-18T15:18:12.701+0530] {logging_mixin.py:149} INFO - [2023-06-18T15:18:12.701+0530] {dagbag.py:541} INFO - Filling up the DagBag from /home/shubham/.local/lib/python3.10/site-packages/airflow/example_dags/example_branch_operator.py
[2023-06-18T15:18:12.711+0530] {processor.py:836} INFO - DAG(s) dict_keys(['example_branch_operator']) retrieved from /home/shubham/.local/lib/python3.10/site-packages/airflow/example_dags/example_branch_operator.py
[2023-06-18T15:18:12.730+0530] {logging_mixin.py:149} INFO - [2023-06-18T15:18:12.729+0530] {dag.py:2726} INFO - Sync 1 DAGs
[2023-06-18T15:18:12.747+0530] {logging_mixin.py:149} INFO - [2023-06-18T15:18:12.746+0530] {dag.py:3486} INFO - Setting next_dagrun for example_branch_operator to 2023-06-17T00:00:00+00:00, run_after=2023-06-18T00:00:00+00:00
[2023-06-18T15:18:12.769+0530] {processor.py:179} INFO - Processing /home/shubham/.local/lib/python3.10/site-packages/airflow/example_dags/example_branch_operator.py took 0.076 seconds
[2023-06-18T15:18:56.644+0530] {processor.py:157} INFO - Started process (PID=6034) to work on /home/shubham/.local/lib/python3.10/site-packages/airflow/example_dags/example_branch_operator.py
[2023-06-18T15:18:56.646+0530] {processor.py:826} INFO - Processing file /home/shubham/.local/lib/python3.10/site-packages/airflow/example_dags/example_branch_operator.py for tasks to queue
[2023-06-18T15:18:56.647+0530] {logging_mixin.py:149} INFO - [2023-06-18T15:18:56.647+0530] {dagbag.py:541} INFO - Filling up the DagBag from /home/shubham/.local/lib/python3.10/site-packages/airflow/example_dags/example_branch_operator.py
[2023-06-18T15:18:56.655+0530] {processor.py:836} INFO - DAG(s) dict_keys(['example_branch_operator']) retrieved from /home/shubham/.local/lib/python3.10/site-packages/airflow/example_dags/example_branch_operator.py
[2023-06-18T15:18:56.677+0530] {logging_mixin.py:149} INFO - [2023-06-18T15:18:56.677+0530] {dag.py:2726} INFO - Sync 1 DAGs
[2023-06-18T15:18:56.695+0530] {logging_mixin.py:149} INFO - [2023-06-18T15:18:56.695+0530] {dag.py:3486} INFO - Setting next_dagrun for example_branch_operator to 2023-06-17T00:00:00+00:00, run_after=2023-06-18T00:00:00+00:00
[2023-06-18T15:18:56.726+0530] {processor.py:179} INFO - Processing /home/shubham/.local/lib/python3.10/site-packages/airflow/example_dags/example_branch_operator.py took 0.085 seconds
[2023-06-18T15:19:40.668+0530] {processor.py:157} INFO - Started process (PID=6080) to work on /home/shubham/.local/lib/python3.10/site-packages/airflow/example_dags/example_branch_operator.py
[2023-06-18T15:19:40.670+0530] {processor.py:826} INFO - Processing file /home/shubham/.local/lib/python3.10/site-packages/airflow/example_dags/example_branch_operator.py for tasks to queue
[2023-06-18T15:19:40.670+0530] {logging_mixin.py:149} INFO - [2023-06-18T15:19:40.670+0530] {dagbag.py:541} INFO - Filling up the DagBag from /home/shubham/.local/lib/python3.10/site-packages/airflow/example_dags/example_branch_operator.py
[2023-06-18T15:19:40.681+0530] {processor.py:836} INFO - DAG(s) dict_keys(['example_branch_operator']) retrieved from /home/shubham/.local/lib/python3.10/site-packages/airflow/example_dags/example_branch_operator.py
[2023-06-18T15:19:40.702+0530] {logging_mixin.py:149} INFO - [2023-06-18T15:19:40.702+0530] {dag.py:2726} INFO - Sync 1 DAGs
[2023-06-18T15:19:40.726+0530] {logging_mixin.py:149} INFO - [2023-06-18T15:19:40.725+0530] {dag.py:3486} INFO - Setting next_dagrun for example_branch_operator to 2023-06-17T00:00:00+00:00, run_after=2023-06-18T00:00:00+00:00
[2023-06-18T15:19:40.748+0530] {processor.py:179} INFO - Processing /home/shubham/.local/lib/python3.10/site-packages/airflow/example_dags/example_branch_operator.py took 0.084 seconds
[2023-06-18T15:20:23.012+0530] {processor.py:157} INFO - Started process (PID=6124) to work on /home/shubham/.local/lib/python3.10/site-packages/airflow/example_dags/example_branch_operator.py
[2023-06-18T15:20:23.014+0530] {processor.py:826} INFO - Processing file /home/shubham/.local/lib/python3.10/site-packages/airflow/example_dags/example_branch_operator.py for tasks to queue
[2023-06-18T15:20:23.015+0530] {logging_mixin.py:149} INFO - [2023-06-18T15:20:23.015+0530] {dagbag.py:541} INFO - Filling up the DagBag from /home/shubham/.local/lib/python3.10/site-packages/airflow/example_dags/example_branch_operator.py
[2023-06-18T15:20:23.023+0530] {processor.py:836} INFO - DAG(s) dict_keys(['example_branch_operator']) retrieved from /home/shubham/.local/lib/python3.10/site-packages/airflow/example_dags/example_branch_operator.py
[2023-06-18T15:20:23.041+0530] {logging_mixin.py:149} INFO - [2023-06-18T15:20:23.041+0530] {dag.py:2726} INFO - Sync 1 DAGs
[2023-06-18T15:20:23.058+0530] {logging_mixin.py:149} INFO - [2023-06-18T15:20:23.058+0530] {dag.py:3486} INFO - Setting next_dagrun for example_branch_operator to 2023-06-17T00:00:00+00:00, run_after=2023-06-18T00:00:00+00:00
[2023-06-18T15:20:23.080+0530] {processor.py:179} INFO - Processing /home/shubham/.local/lib/python3.10/site-packages/airflow/example_dags/example_branch_operator.py took 0.071 seconds
[2023-06-18T15:21:24.916+0530] {processor.py:157} INFO - Started process (PID=6183) to work on /home/shubham/.local/lib/python3.10/site-packages/airflow/example_dags/example_branch_operator.py
[2023-06-18T15:21:24.918+0530] {processor.py:826} INFO - Processing file /home/shubham/.local/lib/python3.10/site-packages/airflow/example_dags/example_branch_operator.py for tasks to queue
[2023-06-18T15:21:24.919+0530] {logging_mixin.py:149} INFO - [2023-06-18T15:21:24.919+0530] {dagbag.py:541} INFO - Filling up the DagBag from /home/shubham/.local/lib/python3.10/site-packages/airflow/example_dags/example_branch_operator.py
[2023-06-18T15:21:24.931+0530] {processor.py:836} INFO - DAG(s) dict_keys(['example_branch_operator']) retrieved from /home/shubham/.local/lib/python3.10/site-packages/airflow/example_dags/example_branch_operator.py
[2023-06-18T15:21:24.959+0530] {logging_mixin.py:149} INFO - [2023-06-18T15:21:24.958+0530] {dag.py:2726} INFO - Sync 1 DAGs
[2023-06-18T15:21:24.985+0530] {logging_mixin.py:149} INFO - [2023-06-18T15:21:24.985+0530] {dag.py:3486} INFO - Setting next_dagrun for example_branch_operator to 2023-06-17T00:00:00+00:00, run_after=2023-06-18T00:00:00+00:00
[2023-06-18T15:21:25.016+0530] {processor.py:179} INFO - Processing /home/shubham/.local/lib/python3.10/site-packages/airflow/example_dags/example_branch_operator.py took 0.104 seconds
[2023-06-18T15:47:16.447+0530] {processor.py:157} INFO - Started process (PID=6350) to work on /home/shubham/.local/lib/python3.10/site-packages/airflow/example_dags/example_branch_operator.py
[2023-06-18T15:47:16.450+0530] {processor.py:826} INFO - Processing file /home/shubham/.local/lib/python3.10/site-packages/airflow/example_dags/example_branch_operator.py for tasks to queue
[2023-06-18T15:47:16.450+0530] {logging_mixin.py:149} INFO - [2023-06-18T15:47:16.450+0530] {dagbag.py:541} INFO - Filling up the DagBag from /home/shubham/.local/lib/python3.10/site-packages/airflow/example_dags/example_branch_operator.py
[2023-06-18T15:47:16.458+0530] {processor.py:836} INFO - DAG(s) dict_keys(['example_branch_operator']) retrieved from /home/shubham/.local/lib/python3.10/site-packages/airflow/example_dags/example_branch_operator.py
[2023-06-18T15:47:16.479+0530] {logging_mixin.py:149} INFO - [2023-06-18T15:47:16.479+0530] {dag.py:2726} INFO - Sync 1 DAGs
[2023-06-18T15:47:16.498+0530] {logging_mixin.py:149} INFO - [2023-06-18T15:47:16.498+0530] {dag.py:3486} INFO - Setting next_dagrun for example_branch_operator to 2023-06-17T00:00:00+00:00, run_after=2023-06-18T00:00:00+00:00
[2023-06-18T15:47:16.522+0530] {processor.py:179} INFO - Processing /home/shubham/.local/lib/python3.10/site-packages/airflow/example_dags/example_branch_operator.py took 0.077 seconds
[2023-06-18T15:48:00.851+0530] {processor.py:157} INFO - Started process (PID=6405) to work on /home/shubham/.local/lib/python3.10/site-packages/airflow/example_dags/example_branch_operator.py
[2023-06-18T15:48:00.853+0530] {processor.py:826} INFO - Processing file /home/shubham/.local/lib/python3.10/site-packages/airflow/example_dags/example_branch_operator.py for tasks to queue
[2023-06-18T15:48:00.853+0530] {logging_mixin.py:149} INFO - [2023-06-18T15:48:00.853+0530] {dagbag.py:541} INFO - Filling up the DagBag from /home/shubham/.local/lib/python3.10/site-packages/airflow/example_dags/example_branch_operator.py
[2023-06-18T15:48:00.862+0530] {processor.py:836} INFO - DAG(s) dict_keys(['example_branch_operator']) retrieved from /home/shubham/.local/lib/python3.10/site-packages/airflow/example_dags/example_branch_operator.py
[2023-06-18T15:48:00.882+0530] {logging_mixin.py:149} INFO - [2023-06-18T15:48:00.882+0530] {dag.py:2726} INFO - Sync 1 DAGs
[2023-06-18T15:48:00.902+0530] {logging_mixin.py:149} INFO - [2023-06-18T15:48:00.902+0530] {dag.py:3486} INFO - Setting next_dagrun for example_branch_operator to 2023-06-17T00:00:00+00:00, run_after=2023-06-18T00:00:00+00:00
[2023-06-18T15:48:00.925+0530] {processor.py:179} INFO - Processing /home/shubham/.local/lib/python3.10/site-packages/airflow/example_dags/example_branch_operator.py took 0.078 seconds
