[2023-06-18T13:44:50.713+0530] {processor.py:157} INFO - Started process (PID=114) to work on /home/shubham/.local/lib/python3.10/site-packages/airflow/example_dags/tutorial_taskflow_api_virtualenv.py
[2023-06-18T13:44:50.714+0530] {processor.py:826} INFO - Processing file /home/shubham/.local/lib/python3.10/site-packages/airflow/example_dags/tutorial_taskflow_api_virtualenv.py for tasks to queue
[2023-06-18T13:44:50.714+0530] {logging_mixin.py:149} INFO - [2023-06-18T13:44:50.714+0530] {dagbag.py:541} INFO - Filling up the DagBag from /home/shubham/.local/lib/python3.10/site-packages/airflow/example_dags/tutorial_taskflow_api_virtualenv.py
[2023-06-18T13:44:50.720+0530] {processor.py:836} INFO - DAG(s) dict_keys(['tutorial_taskflow_api_virtualenv']) retrieved from /home/shubham/.local/lib/python3.10/site-packages/airflow/example_dags/tutorial_taskflow_api_virtualenv.py
[2023-06-18T13:44:50.725+0530] {logging_mixin.py:149} INFO - [2023-06-18T13:44:50.725+0530] {dag.py:2726} INFO - Sync 1 DAGs
[2023-06-18T13:44:50.813+0530] {logging_mixin.py:149} INFO - [2023-06-18T13:44:50.813+0530] {dag.py:3486} INFO - Setting next_dagrun for tutorial_taskflow_api_virtualenv to None, run_after=None
[2023-06-18T13:44:50.829+0530] {processor.py:179} INFO - Processing /home/shubham/.local/lib/python3.10/site-packages/airflow/example_dags/tutorial_taskflow_api_virtualenv.py took 0.117 seconds
[2023-06-18T13:45:36.022+0530] {processor.py:157} INFO - Started process (PID=160) to work on /home/shubham/.local/lib/python3.10/site-packages/airflow/example_dags/tutorial_taskflow_api_virtualenv.py
[2023-06-18T13:45:36.023+0530] {processor.py:826} INFO - Processing file /home/shubham/.local/lib/python3.10/site-packages/airflow/example_dags/tutorial_taskflow_api_virtualenv.py for tasks to queue
[2023-06-18T13:45:36.024+0530] {logging_mixin.py:149} INFO - [2023-06-18T13:45:36.024+0530] {dagbag.py:541} INFO - Filling up the DagBag from /home/shubham/.local/lib/python3.10/site-packages/airflow/example_dags/tutorial_taskflow_api_virtualenv.py
[2023-06-18T13:45:36.029+0530] {processor.py:836} INFO - DAG(s) dict_keys(['tutorial_taskflow_api_virtualenv']) retrieved from /home/shubham/.local/lib/python3.10/site-packages/airflow/example_dags/tutorial_taskflow_api_virtualenv.py
[2023-06-18T13:45:36.044+0530] {logging_mixin.py:149} INFO - [2023-06-18T13:45:36.044+0530] {dag.py:2726} INFO - Sync 1 DAGs
[2023-06-18T13:45:36.059+0530] {logging_mixin.py:149} INFO - [2023-06-18T13:45:36.059+0530] {dag.py:3486} INFO - Setting next_dagrun for tutorial_taskflow_api_virtualenv to None, run_after=None
[2023-06-18T13:45:36.076+0530] {processor.py:179} INFO - Processing /home/shubham/.local/lib/python3.10/site-packages/airflow/example_dags/tutorial_taskflow_api_virtualenv.py took 0.057 seconds
[2023-06-18T13:46:15.407+0530] {processor.py:157} INFO - Started process (PID=202) to work on /home/shubham/.local/lib/python3.10/site-packages/airflow/example_dags/tutorial_taskflow_api_virtualenv.py
[2023-06-18T13:46:15.409+0530] {processor.py:826} INFO - Processing file /home/shubham/.local/lib/python3.10/site-packages/airflow/example_dags/tutorial_taskflow_api_virtualenv.py for tasks to queue
[2023-06-18T13:46:15.409+0530] {logging_mixin.py:149} INFO - [2023-06-18T13:46:15.409+0530] {dagbag.py:541} INFO - Filling up the DagBag from /home/shubham/.local/lib/python3.10/site-packages/airflow/example_dags/tutorial_taskflow_api_virtualenv.py
[2023-06-18T13:46:15.413+0530] {processor.py:836} INFO - DAG(s) dict_keys(['tutorial_taskflow_api_virtualenv']) retrieved from /home/shubham/.local/lib/python3.10/site-packages/airflow/example_dags/tutorial_taskflow_api_virtualenv.py
[2023-06-18T13:46:15.426+0530] {logging_mixin.py:149} INFO - [2023-06-18T13:46:15.425+0530] {dag.py:2726} INFO - Sync 1 DAGs
[2023-06-18T13:46:15.439+0530] {logging_mixin.py:149} INFO - [2023-06-18T13:46:15.439+0530] {dag.py:3486} INFO - Setting next_dagrun for tutorial_taskflow_api_virtualenv to None, run_after=None
[2023-06-18T13:46:15.456+0530] {processor.py:179} INFO - Processing /home/shubham/.local/lib/python3.10/site-packages/airflow/example_dags/tutorial_taskflow_api_virtualenv.py took 0.051 seconds
[2023-06-18T13:47:00.468+0530] {processor.py:157} INFO - Started process (PID=248) to work on /home/shubham/.local/lib/python3.10/site-packages/airflow/example_dags/tutorial_taskflow_api_virtualenv.py
[2023-06-18T13:47:00.469+0530] {processor.py:826} INFO - Processing file /home/shubham/.local/lib/python3.10/site-packages/airflow/example_dags/tutorial_taskflow_api_virtualenv.py for tasks to queue
[2023-06-18T13:47:00.470+0530] {logging_mixin.py:149} INFO - [2023-06-18T13:47:00.470+0530] {dagbag.py:541} INFO - Filling up the DagBag from /home/shubham/.local/lib/python3.10/site-packages/airflow/example_dags/tutorial_taskflow_api_virtualenv.py
[2023-06-18T13:47:00.474+0530] {processor.py:836} INFO - DAG(s) dict_keys(['tutorial_taskflow_api_virtualenv']) retrieved from /home/shubham/.local/lib/python3.10/site-packages/airflow/example_dags/tutorial_taskflow_api_virtualenv.py
[2023-06-18T13:47:00.486+0530] {logging_mixin.py:149} INFO - [2023-06-18T13:47:00.486+0530] {dag.py:2726} INFO - Sync 1 DAGs
[2023-06-18T13:47:00.497+0530] {logging_mixin.py:149} INFO - [2023-06-18T13:47:00.497+0530] {dag.py:3486} INFO - Setting next_dagrun for tutorial_taskflow_api_virtualenv to None, run_after=None
[2023-06-18T13:47:00.513+0530] {processor.py:179} INFO - Processing /home/shubham/.local/lib/python3.10/site-packages/airflow/example_dags/tutorial_taskflow_api_virtualenv.py took 0.047 seconds
[2023-06-18T13:47:49.010+0530] {processor.py:157} INFO - Started process (PID=296) to work on /home/shubham/.local/lib/python3.10/site-packages/airflow/example_dags/tutorial_taskflow_api_virtualenv.py
[2023-06-18T13:47:49.011+0530] {processor.py:826} INFO - Processing file /home/shubham/.local/lib/python3.10/site-packages/airflow/example_dags/tutorial_taskflow_api_virtualenv.py for tasks to queue
[2023-06-18T13:47:49.012+0530] {logging_mixin.py:149} INFO - [2023-06-18T13:47:49.011+0530] {dagbag.py:541} INFO - Filling up the DagBag from /home/shubham/.local/lib/python3.10/site-packages/airflow/example_dags/tutorial_taskflow_api_virtualenv.py
[2023-06-18T13:47:49.016+0530] {processor.py:836} INFO - DAG(s) dict_keys(['tutorial_taskflow_api_virtualenv']) retrieved from /home/shubham/.local/lib/python3.10/site-packages/airflow/example_dags/tutorial_taskflow_api_virtualenv.py
[2023-06-18T13:47:49.029+0530] {logging_mixin.py:149} INFO - [2023-06-18T13:47:49.029+0530] {dag.py:2726} INFO - Sync 1 DAGs
[2023-06-18T13:47:49.041+0530] {logging_mixin.py:149} INFO - [2023-06-18T13:47:49.041+0530] {dag.py:3486} INFO - Setting next_dagrun for tutorial_taskflow_api_virtualenv to None, run_after=None
[2023-06-18T13:47:49.057+0530] {processor.py:179} INFO - Processing /home/shubham/.local/lib/python3.10/site-packages/airflow/example_dags/tutorial_taskflow_api_virtualenv.py took 0.050 seconds
[2023-06-18T13:51:54.941+0530] {processor.py:157} INFO - Started process (PID=443) to work on /home/shubham/.local/lib/python3.10/site-packages/airflow/example_dags/tutorial_taskflow_api_virtualenv.py
[2023-06-18T13:51:54.942+0530] {processor.py:826} INFO - Processing file /home/shubham/.local/lib/python3.10/site-packages/airflow/example_dags/tutorial_taskflow_api_virtualenv.py for tasks to queue
[2023-06-18T13:51:54.943+0530] {logging_mixin.py:149} INFO - [2023-06-18T13:51:54.943+0530] {dagbag.py:541} INFO - Filling up the DagBag from /home/shubham/.local/lib/python3.10/site-packages/airflow/example_dags/tutorial_taskflow_api_virtualenv.py
[2023-06-18T13:51:54.948+0530] {processor.py:836} INFO - DAG(s) dict_keys(['tutorial_taskflow_api_virtualenv']) retrieved from /home/shubham/.local/lib/python3.10/site-packages/airflow/example_dags/tutorial_taskflow_api_virtualenv.py
[2023-06-18T13:51:54.953+0530] {logging_mixin.py:149} INFO - [2023-06-18T13:51:54.953+0530] {dag.py:2726} INFO - Sync 1 DAGs
[2023-06-18T13:51:55.042+0530] {logging_mixin.py:149} INFO - [2023-06-18T13:51:55.042+0530] {dag.py:3486} INFO - Setting next_dagrun for tutorial_taskflow_api_virtualenv to None, run_after=None
[2023-06-18T13:51:55.056+0530] {processor.py:179} INFO - Processing /home/shubham/.local/lib/python3.10/site-packages/airflow/example_dags/tutorial_taskflow_api_virtualenv.py took 0.117 seconds
[2023-06-18T13:52:40.464+0530] {processor.py:157} INFO - Started process (PID=489) to work on /home/shubham/.local/lib/python3.10/site-packages/airflow/example_dags/tutorial_taskflow_api_virtualenv.py
[2023-06-18T13:52:40.466+0530] {processor.py:826} INFO - Processing file /home/shubham/.local/lib/python3.10/site-packages/airflow/example_dags/tutorial_taskflow_api_virtualenv.py for tasks to queue
[2023-06-18T13:52:40.466+0530] {logging_mixin.py:149} INFO - [2023-06-18T13:52:40.466+0530] {dagbag.py:541} INFO - Filling up the DagBag from /home/shubham/.local/lib/python3.10/site-packages/airflow/example_dags/tutorial_taskflow_api_virtualenv.py
[2023-06-18T13:52:40.471+0530] {processor.py:836} INFO - DAG(s) dict_keys(['tutorial_taskflow_api_virtualenv']) retrieved from /home/shubham/.local/lib/python3.10/site-packages/airflow/example_dags/tutorial_taskflow_api_virtualenv.py
[2023-06-18T13:52:40.485+0530] {logging_mixin.py:149} INFO - [2023-06-18T13:52:40.485+0530] {dag.py:2726} INFO - Sync 1 DAGs
[2023-06-18T13:52:40.497+0530] {logging_mixin.py:149} INFO - [2023-06-18T13:52:40.497+0530] {dag.py:3486} INFO - Setting next_dagrun for tutorial_taskflow_api_virtualenv to None, run_after=None
[2023-06-18T13:52:40.513+0530] {processor.py:179} INFO - Processing /home/shubham/.local/lib/python3.10/site-packages/airflow/example_dags/tutorial_taskflow_api_virtualenv.py took 0.052 seconds
[2023-06-18T13:53:22.745+0530] {processor.py:157} INFO - Started process (PID=534) to work on /home/shubham/.local/lib/python3.10/site-packages/airflow/example_dags/tutorial_taskflow_api_virtualenv.py
[2023-06-18T13:53:22.747+0530] {processor.py:826} INFO - Processing file /home/shubham/.local/lib/python3.10/site-packages/airflow/example_dags/tutorial_taskflow_api_virtualenv.py for tasks to queue
[2023-06-18T13:53:22.747+0530] {logging_mixin.py:149} INFO - [2023-06-18T13:53:22.747+0530] {dagbag.py:541} INFO - Filling up the DagBag from /home/shubham/.local/lib/python3.10/site-packages/airflow/example_dags/tutorial_taskflow_api_virtualenv.py
[2023-06-18T13:53:22.751+0530] {processor.py:836} INFO - DAG(s) dict_keys(['tutorial_taskflow_api_virtualenv']) retrieved from /home/shubham/.local/lib/python3.10/site-packages/airflow/example_dags/tutorial_taskflow_api_virtualenv.py
[2023-06-18T13:53:22.764+0530] {logging_mixin.py:149} INFO - [2023-06-18T13:53:22.763+0530] {dag.py:2726} INFO - Sync 1 DAGs
[2023-06-18T13:53:22.775+0530] {logging_mixin.py:149} INFO - [2023-06-18T13:53:22.775+0530] {dag.py:3486} INFO - Setting next_dagrun for tutorial_taskflow_api_virtualenv to None, run_after=None
[2023-06-18T13:53:22.791+0530] {processor.py:179} INFO - Processing /home/shubham/.local/lib/python3.10/site-packages/airflow/example_dags/tutorial_taskflow_api_virtualenv.py took 0.048 seconds
[2023-06-18T14:39:25.520+0530] {processor.py:157} INFO - Started process (PID=3190) to work on /home/shubham/.local/lib/python3.10/site-packages/airflow/example_dags/tutorial_taskflow_api_virtualenv.py
[2023-06-18T14:39:25.522+0530] {processor.py:826} INFO - Processing file /home/shubham/.local/lib/python3.10/site-packages/airflow/example_dags/tutorial_taskflow_api_virtualenv.py for tasks to queue
[2023-06-18T14:39:25.523+0530] {logging_mixin.py:149} INFO - [2023-06-18T14:39:25.523+0530] {dagbag.py:541} INFO - Filling up the DagBag from /home/shubham/.local/lib/python3.10/site-packages/airflow/example_dags/tutorial_taskflow_api_virtualenv.py
[2023-06-18T14:39:25.534+0530] {processor.py:836} INFO - DAG(s) dict_keys(['tutorial_taskflow_api_virtualenv']) retrieved from /home/shubham/.local/lib/python3.10/site-packages/airflow/example_dags/tutorial_taskflow_api_virtualenv.py
[2023-06-18T14:39:25.546+0530] {logging_mixin.py:149} INFO - [2023-06-18T14:39:25.546+0530] {dag.py:2726} INFO - Sync 1 DAGs
[2023-06-18T14:39:25.813+0530] {logging_mixin.py:149} INFO - [2023-06-18T14:39:25.812+0530] {dag.py:3486} INFO - Setting next_dagrun for tutorial_taskflow_api_virtualenv to None, run_after=None
[2023-06-18T14:39:25.854+0530] {processor.py:179} INFO - Processing /home/shubham/.local/lib/python3.10/site-packages/airflow/example_dags/tutorial_taskflow_api_virtualenv.py took 0.337 seconds
[2023-06-18T14:40:15.670+0530] {processor.py:157} INFO - Started process (PID=3258) to work on /home/shubham/.local/lib/python3.10/site-packages/airflow/example_dags/tutorial_taskflow_api_virtualenv.py
[2023-06-18T14:40:15.672+0530] {processor.py:826} INFO - Processing file /home/shubham/.local/lib/python3.10/site-packages/airflow/example_dags/tutorial_taskflow_api_virtualenv.py for tasks to queue
[2023-06-18T14:40:15.672+0530] {logging_mixin.py:149} INFO - [2023-06-18T14:40:15.672+0530] {dagbag.py:541} INFO - Filling up the DagBag from /home/shubham/.local/lib/python3.10/site-packages/airflow/example_dags/tutorial_taskflow_api_virtualenv.py
[2023-06-18T14:40:15.679+0530] {processor.py:836} INFO - DAG(s) dict_keys(['tutorial_taskflow_api_virtualenv']) retrieved from /home/shubham/.local/lib/python3.10/site-packages/airflow/example_dags/tutorial_taskflow_api_virtualenv.py
[2023-06-18T14:40:15.693+0530] {logging_mixin.py:149} INFO - [2023-06-18T14:40:15.693+0530] {dag.py:2726} INFO - Sync 1 DAGs
[2023-06-18T14:40:15.704+0530] {logging_mixin.py:149} INFO - [2023-06-18T14:40:15.704+0530] {dag.py:3486} INFO - Setting next_dagrun for tutorial_taskflow_api_virtualenv to None, run_after=None
[2023-06-18T14:40:15.720+0530] {processor.py:179} INFO - Processing /home/shubham/.local/lib/python3.10/site-packages/airflow/example_dags/tutorial_taskflow_api_virtualenv.py took 0.053 seconds
[2023-06-18T14:41:00.475+0530] {processor.py:157} INFO - Started process (PID=3534) to work on /home/shubham/.local/lib/python3.10/site-packages/airflow/example_dags/tutorial_taskflow_api_virtualenv.py
[2023-06-18T14:41:00.477+0530] {processor.py:826} INFO - Processing file /home/shubham/.local/lib/python3.10/site-packages/airflow/example_dags/tutorial_taskflow_api_virtualenv.py for tasks to queue
[2023-06-18T14:41:00.477+0530] {logging_mixin.py:149} INFO - [2023-06-18T14:41:00.477+0530] {dagbag.py:541} INFO - Filling up the DagBag from /home/shubham/.local/lib/python3.10/site-packages/airflow/example_dags/tutorial_taskflow_api_virtualenv.py
[2023-06-18T14:41:00.482+0530] {processor.py:836} INFO - DAG(s) dict_keys(['tutorial_taskflow_api_virtualenv']) retrieved from /home/shubham/.local/lib/python3.10/site-packages/airflow/example_dags/tutorial_taskflow_api_virtualenv.py
[2023-06-18T14:41:00.497+0530] {logging_mixin.py:149} INFO - [2023-06-18T14:41:00.497+0530] {dag.py:2726} INFO - Sync 1 DAGs
[2023-06-18T14:41:00.513+0530] {logging_mixin.py:149} INFO - [2023-06-18T14:41:00.513+0530] {dag.py:3486} INFO - Setting next_dagrun for tutorial_taskflow_api_virtualenv to None, run_after=None
[2023-06-18T14:41:00.532+0530] {processor.py:179} INFO - Processing /home/shubham/.local/lib/python3.10/site-packages/airflow/example_dags/tutorial_taskflow_api_virtualenv.py took 0.059 seconds
[2023-06-18T14:41:43.253+0530] {processor.py:157} INFO - Started process (PID=3627) to work on /home/shubham/.local/lib/python3.10/site-packages/airflow/example_dags/tutorial_taskflow_api_virtualenv.py
[2023-06-18T14:41:43.254+0530] {processor.py:826} INFO - Processing file /home/shubham/.local/lib/python3.10/site-packages/airflow/example_dags/tutorial_taskflow_api_virtualenv.py for tasks to queue
[2023-06-18T14:41:43.254+0530] {logging_mixin.py:149} INFO - [2023-06-18T14:41:43.254+0530] {dagbag.py:541} INFO - Filling up the DagBag from /home/shubham/.local/lib/python3.10/site-packages/airflow/example_dags/tutorial_taskflow_api_virtualenv.py
[2023-06-18T14:41:43.259+0530] {processor.py:836} INFO - DAG(s) dict_keys(['tutorial_taskflow_api_virtualenv']) retrieved from /home/shubham/.local/lib/python3.10/site-packages/airflow/example_dags/tutorial_taskflow_api_virtualenv.py
[2023-06-18T14:41:43.273+0530] {logging_mixin.py:149} INFO - [2023-06-18T14:41:43.272+0530] {dag.py:2726} INFO - Sync 1 DAGs
[2023-06-18T14:41:43.286+0530] {logging_mixin.py:149} INFO - [2023-06-18T14:41:43.286+0530] {dag.py:3486} INFO - Setting next_dagrun for tutorial_taskflow_api_virtualenv to None, run_after=None
[2023-06-18T14:41:43.305+0530] {processor.py:179} INFO - Processing /home/shubham/.local/lib/python3.10/site-packages/airflow/example_dags/tutorial_taskflow_api_virtualenv.py took 0.054 seconds
[2023-06-18T14:42:25.771+0530] {processor.py:157} INFO - Started process (PID=3728) to work on /home/shubham/.local/lib/python3.10/site-packages/airflow/example_dags/tutorial_taskflow_api_virtualenv.py
[2023-06-18T14:42:25.772+0530] {processor.py:826} INFO - Processing file /home/shubham/.local/lib/python3.10/site-packages/airflow/example_dags/tutorial_taskflow_api_virtualenv.py for tasks to queue
[2023-06-18T14:42:25.773+0530] {logging_mixin.py:149} INFO - [2023-06-18T14:42:25.773+0530] {dagbag.py:541} INFO - Filling up the DagBag from /home/shubham/.local/lib/python3.10/site-packages/airflow/example_dags/tutorial_taskflow_api_virtualenv.py
[2023-06-18T14:42:25.777+0530] {processor.py:836} INFO - DAG(s) dict_keys(['tutorial_taskflow_api_virtualenv']) retrieved from /home/shubham/.local/lib/python3.10/site-packages/airflow/example_dags/tutorial_taskflow_api_virtualenv.py
[2023-06-18T14:42:25.790+0530] {logging_mixin.py:149} INFO - [2023-06-18T14:42:25.790+0530] {dag.py:2726} INFO - Sync 1 DAGs
[2023-06-18T14:42:25.803+0530] {logging_mixin.py:149} INFO - [2023-06-18T14:42:25.803+0530] {dag.py:3486} INFO - Setting next_dagrun for tutorial_taskflow_api_virtualenv to None, run_after=None
[2023-06-18T14:42:25.819+0530] {processor.py:179} INFO - Processing /home/shubham/.local/lib/python3.10/site-packages/airflow/example_dags/tutorial_taskflow_api_virtualenv.py took 0.051 seconds
[2023-06-18T14:43:13.500+0530] {processor.py:157} INFO - Started process (PID=3800) to work on /home/shubham/.local/lib/python3.10/site-packages/airflow/example_dags/tutorial_taskflow_api_virtualenv.py
[2023-06-18T14:43:13.502+0530] {processor.py:826} INFO - Processing file /home/shubham/.local/lib/python3.10/site-packages/airflow/example_dags/tutorial_taskflow_api_virtualenv.py for tasks to queue
[2023-06-18T14:43:13.502+0530] {logging_mixin.py:149} INFO - [2023-06-18T14:43:13.502+0530] {dagbag.py:541} INFO - Filling up the DagBag from /home/shubham/.local/lib/python3.10/site-packages/airflow/example_dags/tutorial_taskflow_api_virtualenv.py
[2023-06-18T14:43:13.507+0530] {processor.py:836} INFO - DAG(s) dict_keys(['tutorial_taskflow_api_virtualenv']) retrieved from /home/shubham/.local/lib/python3.10/site-packages/airflow/example_dags/tutorial_taskflow_api_virtualenv.py
[2023-06-18T14:43:13.522+0530] {logging_mixin.py:149} INFO - [2023-06-18T14:43:13.522+0530] {dag.py:2726} INFO - Sync 1 DAGs
[2023-06-18T14:43:13.537+0530] {logging_mixin.py:149} INFO - [2023-06-18T14:43:13.537+0530] {dag.py:3486} INFO - Setting next_dagrun for tutorial_taskflow_api_virtualenv to None, run_after=None
[2023-06-18T14:43:13.555+0530] {processor.py:179} INFO - Processing /home/shubham/.local/lib/python3.10/site-packages/airflow/example_dags/tutorial_taskflow_api_virtualenv.py took 0.057 seconds
[2023-06-18T14:43:47.004+0530] {processor.py:157} INFO - Started process (PID=3833) to work on /home/shubham/.local/lib/python3.10/site-packages/airflow/example_dags/tutorial_taskflow_api_virtualenv.py
[2023-06-18T14:43:47.006+0530] {processor.py:826} INFO - Processing file /home/shubham/.local/lib/python3.10/site-packages/airflow/example_dags/tutorial_taskflow_api_virtualenv.py for tasks to queue
[2023-06-18T14:43:47.006+0530] {logging_mixin.py:149} INFO - [2023-06-18T14:43:47.006+0530] {dagbag.py:541} INFO - Filling up the DagBag from /home/shubham/.local/lib/python3.10/site-packages/airflow/example_dags/tutorial_taskflow_api_virtualenv.py
[2023-06-18T14:43:47.014+0530] {processor.py:836} INFO - DAG(s) dict_keys(['tutorial_taskflow_api_virtualenv']) retrieved from /home/shubham/.local/lib/python3.10/site-packages/airflow/example_dags/tutorial_taskflow_api_virtualenv.py
[2023-06-18T14:43:47.042+0530] {logging_mixin.py:149} INFO - [2023-06-18T14:43:47.041+0530] {dag.py:2726} INFO - Sync 1 DAGs
[2023-06-18T14:43:47.058+0530] {logging_mixin.py:149} INFO - [2023-06-18T14:43:47.058+0530] {dag.py:3486} INFO - Setting next_dagrun for tutorial_taskflow_api_virtualenv to None, run_after=None
[2023-06-18T14:43:47.078+0530] {processor.py:179} INFO - Processing /home/shubham/.local/lib/python3.10/site-packages/airflow/example_dags/tutorial_taskflow_api_virtualenv.py took 0.077 seconds
[2023-06-18T14:44:19.395+0530] {processor.py:157} INFO - Started process (PID=3867) to work on /home/shubham/.local/lib/python3.10/site-packages/airflow/example_dags/tutorial_taskflow_api_virtualenv.py
[2023-06-18T14:44:19.397+0530] {processor.py:826} INFO - Processing file /home/shubham/.local/lib/python3.10/site-packages/airflow/example_dags/tutorial_taskflow_api_virtualenv.py for tasks to queue
[2023-06-18T14:44:19.397+0530] {logging_mixin.py:149} INFO - [2023-06-18T14:44:19.397+0530] {dagbag.py:541} INFO - Filling up the DagBag from /home/shubham/.local/lib/python3.10/site-packages/airflow/example_dags/tutorial_taskflow_api_virtualenv.py
[2023-06-18T14:44:19.402+0530] {processor.py:836} INFO - DAG(s) dict_keys(['tutorial_taskflow_api_virtualenv']) retrieved from /home/shubham/.local/lib/python3.10/site-packages/airflow/example_dags/tutorial_taskflow_api_virtualenv.py
[2023-06-18T14:44:19.415+0530] {logging_mixin.py:149} INFO - [2023-06-18T14:44:19.415+0530] {dag.py:2726} INFO - Sync 1 DAGs
[2023-06-18T14:44:19.427+0530] {logging_mixin.py:149} INFO - [2023-06-18T14:44:19.427+0530] {dag.py:3486} INFO - Setting next_dagrun for tutorial_taskflow_api_virtualenv to None, run_after=None
[2023-06-18T14:44:19.444+0530] {processor.py:179} INFO - Processing /home/shubham/.local/lib/python3.10/site-packages/airflow/example_dags/tutorial_taskflow_api_virtualenv.py took 0.051 seconds
[2023-06-18T14:45:00.296+0530] {processor.py:157} INFO - Started process (PID=3910) to work on /home/shubham/.local/lib/python3.10/site-packages/airflow/example_dags/tutorial_taskflow_api_virtualenv.py
[2023-06-18T14:45:00.298+0530] {processor.py:826} INFO - Processing file /home/shubham/.local/lib/python3.10/site-packages/airflow/example_dags/tutorial_taskflow_api_virtualenv.py for tasks to queue
[2023-06-18T14:45:00.298+0530] {logging_mixin.py:149} INFO - [2023-06-18T14:45:00.298+0530] {dagbag.py:541} INFO - Filling up the DagBag from /home/shubham/.local/lib/python3.10/site-packages/airflow/example_dags/tutorial_taskflow_api_virtualenv.py
[2023-06-18T14:45:00.303+0530] {processor.py:836} INFO - DAG(s) dict_keys(['tutorial_taskflow_api_virtualenv']) retrieved from /home/shubham/.local/lib/python3.10/site-packages/airflow/example_dags/tutorial_taskflow_api_virtualenv.py
[2023-06-18T14:45:00.316+0530] {logging_mixin.py:149} INFO - [2023-06-18T14:45:00.316+0530] {dag.py:2726} INFO - Sync 1 DAGs
[2023-06-18T14:45:00.329+0530] {logging_mixin.py:149} INFO - [2023-06-18T14:45:00.329+0530] {dag.py:3486} INFO - Setting next_dagrun for tutorial_taskflow_api_virtualenv to None, run_after=None
[2023-06-18T14:45:00.345+0530] {processor.py:179} INFO - Processing /home/shubham/.local/lib/python3.10/site-packages/airflow/example_dags/tutorial_taskflow_api_virtualenv.py took 0.051 seconds
[2023-06-18T14:45:44.179+0530] {processor.py:157} INFO - Started process (PID=3956) to work on /home/shubham/.local/lib/python3.10/site-packages/airflow/example_dags/tutorial_taskflow_api_virtualenv.py
[2023-06-18T14:45:44.180+0530] {processor.py:826} INFO - Processing file /home/shubham/.local/lib/python3.10/site-packages/airflow/example_dags/tutorial_taskflow_api_virtualenv.py for tasks to queue
[2023-06-18T14:45:44.181+0530] {logging_mixin.py:149} INFO - [2023-06-18T14:45:44.181+0530] {dagbag.py:541} INFO - Filling up the DagBag from /home/shubham/.local/lib/python3.10/site-packages/airflow/example_dags/tutorial_taskflow_api_virtualenv.py
[2023-06-18T14:45:44.186+0530] {processor.py:836} INFO - DAG(s) dict_keys(['tutorial_taskflow_api_virtualenv']) retrieved from /home/shubham/.local/lib/python3.10/site-packages/airflow/example_dags/tutorial_taskflow_api_virtualenv.py
[2023-06-18T14:45:44.200+0530] {logging_mixin.py:149} INFO - [2023-06-18T14:45:44.199+0530] {dag.py:2726} INFO - Sync 1 DAGs
[2023-06-18T14:45:44.212+0530] {logging_mixin.py:149} INFO - [2023-06-18T14:45:44.212+0530] {dag.py:3486} INFO - Setting next_dagrun for tutorial_taskflow_api_virtualenv to None, run_after=None
[2023-06-18T14:45:44.228+0530] {processor.py:179} INFO - Processing /home/shubham/.local/lib/python3.10/site-packages/airflow/example_dags/tutorial_taskflow_api_virtualenv.py took 0.052 seconds
[2023-06-18T14:46:30.340+0530] {processor.py:157} INFO - Started process (PID=4003) to work on /home/shubham/.local/lib/python3.10/site-packages/airflow/example_dags/tutorial_taskflow_api_virtualenv.py
[2023-06-18T14:46:30.341+0530] {processor.py:826} INFO - Processing file /home/shubham/.local/lib/python3.10/site-packages/airflow/example_dags/tutorial_taskflow_api_virtualenv.py for tasks to queue
[2023-06-18T14:46:30.342+0530] {logging_mixin.py:149} INFO - [2023-06-18T14:46:30.341+0530] {dagbag.py:541} INFO - Filling up the DagBag from /home/shubham/.local/lib/python3.10/site-packages/airflow/example_dags/tutorial_taskflow_api_virtualenv.py
[2023-06-18T14:46:30.346+0530] {processor.py:836} INFO - DAG(s) dict_keys(['tutorial_taskflow_api_virtualenv']) retrieved from /home/shubham/.local/lib/python3.10/site-packages/airflow/example_dags/tutorial_taskflow_api_virtualenv.py
[2023-06-18T14:46:30.359+0530] {logging_mixin.py:149} INFO - [2023-06-18T14:46:30.359+0530] {dag.py:2726} INFO - Sync 1 DAGs
[2023-06-18T14:46:30.374+0530] {logging_mixin.py:149} INFO - [2023-06-18T14:46:30.374+0530] {dag.py:3486} INFO - Setting next_dagrun for tutorial_taskflow_api_virtualenv to None, run_after=None
[2023-06-18T14:46:30.390+0530] {processor.py:179} INFO - Processing /home/shubham/.local/lib/python3.10/site-packages/airflow/example_dags/tutorial_taskflow_api_virtualenv.py took 0.053 seconds
[2023-06-18T14:47:03.616+0530] {processor.py:157} INFO - Started process (PID=4036) to work on /home/shubham/.local/lib/python3.10/site-packages/airflow/example_dags/tutorial_taskflow_api_virtualenv.py
[2023-06-18T14:47:03.617+0530] {processor.py:826} INFO - Processing file /home/shubham/.local/lib/python3.10/site-packages/airflow/example_dags/tutorial_taskflow_api_virtualenv.py for tasks to queue
[2023-06-18T14:47:03.618+0530] {logging_mixin.py:149} INFO - [2023-06-18T14:47:03.618+0530] {dagbag.py:541} INFO - Filling up the DagBag from /home/shubham/.local/lib/python3.10/site-packages/airflow/example_dags/tutorial_taskflow_api_virtualenv.py
[2023-06-18T14:47:03.623+0530] {processor.py:836} INFO - DAG(s) dict_keys(['tutorial_taskflow_api_virtualenv']) retrieved from /home/shubham/.local/lib/python3.10/site-packages/airflow/example_dags/tutorial_taskflow_api_virtualenv.py
[2023-06-18T14:47:03.636+0530] {logging_mixin.py:149} INFO - [2023-06-18T14:47:03.636+0530] {dag.py:2726} INFO - Sync 1 DAGs
[2023-06-18T14:47:03.656+0530] {logging_mixin.py:149} INFO - [2023-06-18T14:47:03.655+0530] {dag.py:3486} INFO - Setting next_dagrun for tutorial_taskflow_api_virtualenv to None, run_after=None
[2023-06-18T14:47:03.673+0530] {processor.py:179} INFO - Processing /home/shubham/.local/lib/python3.10/site-packages/airflow/example_dags/tutorial_taskflow_api_virtualenv.py took 0.060 seconds
[2023-06-18T14:47:45.814+0530] {processor.py:157} INFO - Started process (PID=4082) to work on /home/shubham/.local/lib/python3.10/site-packages/airflow/example_dags/tutorial_taskflow_api_virtualenv.py
[2023-06-18T14:47:45.815+0530] {processor.py:826} INFO - Processing file /home/shubham/.local/lib/python3.10/site-packages/airflow/example_dags/tutorial_taskflow_api_virtualenv.py for tasks to queue
[2023-06-18T14:47:45.816+0530] {logging_mixin.py:149} INFO - [2023-06-18T14:47:45.816+0530] {dagbag.py:541} INFO - Filling up the DagBag from /home/shubham/.local/lib/python3.10/site-packages/airflow/example_dags/tutorial_taskflow_api_virtualenv.py
[2023-06-18T14:47:45.820+0530] {processor.py:836} INFO - DAG(s) dict_keys(['tutorial_taskflow_api_virtualenv']) retrieved from /home/shubham/.local/lib/python3.10/site-packages/airflow/example_dags/tutorial_taskflow_api_virtualenv.py
[2023-06-18T14:47:45.834+0530] {logging_mixin.py:149} INFO - [2023-06-18T14:47:45.833+0530] {dag.py:2726} INFO - Sync 1 DAGs
[2023-06-18T14:47:45.846+0530] {logging_mixin.py:149} INFO - [2023-06-18T14:47:45.846+0530] {dag.py:3486} INFO - Setting next_dagrun for tutorial_taskflow_api_virtualenv to None, run_after=None
[2023-06-18T14:47:45.862+0530] {processor.py:179} INFO - Processing /home/shubham/.local/lib/python3.10/site-packages/airflow/example_dags/tutorial_taskflow_api_virtualenv.py took 0.050 seconds
[2023-06-18T14:48:30.914+0530] {processor.py:157} INFO - Started process (PID=4128) to work on /home/shubham/.local/lib/python3.10/site-packages/airflow/example_dags/tutorial_taskflow_api_virtualenv.py
[2023-06-18T14:48:30.916+0530] {processor.py:826} INFO - Processing file /home/shubham/.local/lib/python3.10/site-packages/airflow/example_dags/tutorial_taskflow_api_virtualenv.py for tasks to queue
[2023-06-18T14:48:30.916+0530] {logging_mixin.py:149} INFO - [2023-06-18T14:48:30.916+0530] {dagbag.py:541} INFO - Filling up the DagBag from /home/shubham/.local/lib/python3.10/site-packages/airflow/example_dags/tutorial_taskflow_api_virtualenv.py
[2023-06-18T14:48:30.921+0530] {processor.py:836} INFO - DAG(s) dict_keys(['tutorial_taskflow_api_virtualenv']) retrieved from /home/shubham/.local/lib/python3.10/site-packages/airflow/example_dags/tutorial_taskflow_api_virtualenv.py
[2023-06-18T14:48:30.934+0530] {logging_mixin.py:149} INFO - [2023-06-18T14:48:30.933+0530] {dag.py:2726} INFO - Sync 1 DAGs
[2023-06-18T14:48:30.945+0530] {logging_mixin.py:149} INFO - [2023-06-18T14:48:30.945+0530] {dag.py:3486} INFO - Setting next_dagrun for tutorial_taskflow_api_virtualenv to None, run_after=None
[2023-06-18T14:48:30.962+0530] {processor.py:179} INFO - Processing /home/shubham/.local/lib/python3.10/site-packages/airflow/example_dags/tutorial_taskflow_api_virtualenv.py took 0.050 seconds
[2023-06-18T14:49:14.254+0530] {processor.py:157} INFO - Started process (PID=4174) to work on /home/shubham/.local/lib/python3.10/site-packages/airflow/example_dags/tutorial_taskflow_api_virtualenv.py
[2023-06-18T14:49:14.255+0530] {processor.py:826} INFO - Processing file /home/shubham/.local/lib/python3.10/site-packages/airflow/example_dags/tutorial_taskflow_api_virtualenv.py for tasks to queue
[2023-06-18T14:49:14.256+0530] {logging_mixin.py:149} INFO - [2023-06-18T14:49:14.256+0530] {dagbag.py:541} INFO - Filling up the DagBag from /home/shubham/.local/lib/python3.10/site-packages/airflow/example_dags/tutorial_taskflow_api_virtualenv.py
[2023-06-18T14:49:14.260+0530] {processor.py:836} INFO - DAG(s) dict_keys(['tutorial_taskflow_api_virtualenv']) retrieved from /home/shubham/.local/lib/python3.10/site-packages/airflow/example_dags/tutorial_taskflow_api_virtualenv.py
[2023-06-18T14:49:14.274+0530] {logging_mixin.py:149} INFO - [2023-06-18T14:49:14.274+0530] {dag.py:2726} INFO - Sync 1 DAGs
[2023-06-18T14:49:14.286+0530] {logging_mixin.py:149} INFO - [2023-06-18T14:49:14.286+0530] {dag.py:3486} INFO - Setting next_dagrun for tutorial_taskflow_api_virtualenv to None, run_after=None
[2023-06-18T14:49:14.302+0530] {processor.py:179} INFO - Processing /home/shubham/.local/lib/python3.10/site-packages/airflow/example_dags/tutorial_taskflow_api_virtualenv.py took 0.051 seconds
[2023-06-18T14:49:54.786+0530] {processor.py:157} INFO - Started process (PID=4217) to work on /home/shubham/.local/lib/python3.10/site-packages/airflow/example_dags/tutorial_taskflow_api_virtualenv.py
[2023-06-18T14:49:54.788+0530] {processor.py:826} INFO - Processing file /home/shubham/.local/lib/python3.10/site-packages/airflow/example_dags/tutorial_taskflow_api_virtualenv.py for tasks to queue
[2023-06-18T14:49:54.788+0530] {logging_mixin.py:149} INFO - [2023-06-18T14:49:54.788+0530] {dagbag.py:541} INFO - Filling up the DagBag from /home/shubham/.local/lib/python3.10/site-packages/airflow/example_dags/tutorial_taskflow_api_virtualenv.py
[2023-06-18T14:49:54.793+0530] {processor.py:836} INFO - DAG(s) dict_keys(['tutorial_taskflow_api_virtualenv']) retrieved from /home/shubham/.local/lib/python3.10/site-packages/airflow/example_dags/tutorial_taskflow_api_virtualenv.py
[2023-06-18T14:49:54.805+0530] {logging_mixin.py:149} INFO - [2023-06-18T14:49:54.805+0530] {dag.py:2726} INFO - Sync 1 DAGs
[2023-06-18T14:49:54.817+0530] {logging_mixin.py:149} INFO - [2023-06-18T14:49:54.817+0530] {dag.py:3486} INFO - Setting next_dagrun for tutorial_taskflow_api_virtualenv to None, run_after=None
[2023-06-18T14:49:54.832+0530] {processor.py:179} INFO - Processing /home/shubham/.local/lib/python3.10/site-packages/airflow/example_dags/tutorial_taskflow_api_virtualenv.py took 0.048 seconds
[2023-06-18T14:50:36.353+0530] {processor.py:157} INFO - Started process (PID=4260) to work on /home/shubham/.local/lib/python3.10/site-packages/airflow/example_dags/tutorial_taskflow_api_virtualenv.py
[2023-06-18T14:50:36.354+0530] {processor.py:826} INFO - Processing file /home/shubham/.local/lib/python3.10/site-packages/airflow/example_dags/tutorial_taskflow_api_virtualenv.py for tasks to queue
[2023-06-18T14:50:36.355+0530] {logging_mixin.py:149} INFO - [2023-06-18T14:50:36.355+0530] {dagbag.py:541} INFO - Filling up the DagBag from /home/shubham/.local/lib/python3.10/site-packages/airflow/example_dags/tutorial_taskflow_api_virtualenv.py
[2023-06-18T14:50:36.359+0530] {processor.py:836} INFO - DAG(s) dict_keys(['tutorial_taskflow_api_virtualenv']) retrieved from /home/shubham/.local/lib/python3.10/site-packages/airflow/example_dags/tutorial_taskflow_api_virtualenv.py
[2023-06-18T14:50:36.373+0530] {logging_mixin.py:149} INFO - [2023-06-18T14:50:36.372+0530] {dag.py:2726} INFO - Sync 1 DAGs
[2023-06-18T14:50:36.385+0530] {logging_mixin.py:149} INFO - [2023-06-18T14:50:36.385+0530] {dag.py:3486} INFO - Setting next_dagrun for tutorial_taskflow_api_virtualenv to None, run_after=None
[2023-06-18T14:50:36.401+0530] {processor.py:179} INFO - Processing /home/shubham/.local/lib/python3.10/site-packages/airflow/example_dags/tutorial_taskflow_api_virtualenv.py took 0.051 seconds
[2023-06-18T14:51:17.196+0530] {processor.py:157} INFO - Started process (PID=4303) to work on /home/shubham/.local/lib/python3.10/site-packages/airflow/example_dags/tutorial_taskflow_api_virtualenv.py
[2023-06-18T14:51:17.197+0530] {processor.py:826} INFO - Processing file /home/shubham/.local/lib/python3.10/site-packages/airflow/example_dags/tutorial_taskflow_api_virtualenv.py for tasks to queue
[2023-06-18T14:51:17.198+0530] {logging_mixin.py:149} INFO - [2023-06-18T14:51:17.198+0530] {dagbag.py:541} INFO - Filling up the DagBag from /home/shubham/.local/lib/python3.10/site-packages/airflow/example_dags/tutorial_taskflow_api_virtualenv.py
[2023-06-18T14:51:17.203+0530] {processor.py:836} INFO - DAG(s) dict_keys(['tutorial_taskflow_api_virtualenv']) retrieved from /home/shubham/.local/lib/python3.10/site-packages/airflow/example_dags/tutorial_taskflow_api_virtualenv.py
[2023-06-18T14:51:17.216+0530] {logging_mixin.py:149} INFO - [2023-06-18T14:51:17.216+0530] {dag.py:2726} INFO - Sync 1 DAGs
[2023-06-18T14:51:17.227+0530] {logging_mixin.py:149} INFO - [2023-06-18T14:51:17.227+0530] {dag.py:3486} INFO - Setting next_dagrun for tutorial_taskflow_api_virtualenv to None, run_after=None
[2023-06-18T14:51:17.244+0530] {processor.py:179} INFO - Processing /home/shubham/.local/lib/python3.10/site-packages/airflow/example_dags/tutorial_taskflow_api_virtualenv.py took 0.050 seconds
[2023-06-18T14:52:01.350+0530] {processor.py:157} INFO - Started process (PID=4349) to work on /home/shubham/.local/lib/python3.10/site-packages/airflow/example_dags/tutorial_taskflow_api_virtualenv.py
[2023-06-18T14:52:01.351+0530] {processor.py:826} INFO - Processing file /home/shubham/.local/lib/python3.10/site-packages/airflow/example_dags/tutorial_taskflow_api_virtualenv.py for tasks to queue
[2023-06-18T14:52:01.352+0530] {logging_mixin.py:149} INFO - [2023-06-18T14:52:01.352+0530] {dagbag.py:541} INFO - Filling up the DagBag from /home/shubham/.local/lib/python3.10/site-packages/airflow/example_dags/tutorial_taskflow_api_virtualenv.py
[2023-06-18T14:52:01.357+0530] {processor.py:836} INFO - DAG(s) dict_keys(['tutorial_taskflow_api_virtualenv']) retrieved from /home/shubham/.local/lib/python3.10/site-packages/airflow/example_dags/tutorial_taskflow_api_virtualenv.py
[2023-06-18T14:52:01.370+0530] {logging_mixin.py:149} INFO - [2023-06-18T14:52:01.370+0530] {dag.py:2726} INFO - Sync 1 DAGs
[2023-06-18T14:52:01.382+0530] {logging_mixin.py:149} INFO - [2023-06-18T14:52:01.382+0530] {dag.py:3486} INFO - Setting next_dagrun for tutorial_taskflow_api_virtualenv to None, run_after=None
[2023-06-18T14:52:01.399+0530] {processor.py:179} INFO - Processing /home/shubham/.local/lib/python3.10/site-packages/airflow/example_dags/tutorial_taskflow_api_virtualenv.py took 0.051 seconds
[2023-06-18T14:52:43.566+0530] {processor.py:157} INFO - Started process (PID=4394) to work on /home/shubham/.local/lib/python3.10/site-packages/airflow/example_dags/tutorial_taskflow_api_virtualenv.py
[2023-06-18T14:52:43.567+0530] {processor.py:826} INFO - Processing file /home/shubham/.local/lib/python3.10/site-packages/airflow/example_dags/tutorial_taskflow_api_virtualenv.py for tasks to queue
[2023-06-18T14:52:43.568+0530] {logging_mixin.py:149} INFO - [2023-06-18T14:52:43.568+0530] {dagbag.py:541} INFO - Filling up the DagBag from /home/shubham/.local/lib/python3.10/site-packages/airflow/example_dags/tutorial_taskflow_api_virtualenv.py
[2023-06-18T14:52:43.573+0530] {processor.py:836} INFO - DAG(s) dict_keys(['tutorial_taskflow_api_virtualenv']) retrieved from /home/shubham/.local/lib/python3.10/site-packages/airflow/example_dags/tutorial_taskflow_api_virtualenv.py
[2023-06-18T14:52:43.586+0530] {logging_mixin.py:149} INFO - [2023-06-18T14:52:43.586+0530] {dag.py:2726} INFO - Sync 1 DAGs
[2023-06-18T14:52:43.598+0530] {logging_mixin.py:149} INFO - [2023-06-18T14:52:43.598+0530] {dag.py:3486} INFO - Setting next_dagrun for tutorial_taskflow_api_virtualenv to None, run_after=None
[2023-06-18T14:52:43.614+0530] {processor.py:179} INFO - Processing /home/shubham/.local/lib/python3.10/site-packages/airflow/example_dags/tutorial_taskflow_api_virtualenv.py took 0.050 seconds
[2023-06-18T14:53:28.755+0530] {processor.py:157} INFO - Started process (PID=4441) to work on /home/shubham/.local/lib/python3.10/site-packages/airflow/example_dags/tutorial_taskflow_api_virtualenv.py
[2023-06-18T14:53:28.756+0530] {processor.py:826} INFO - Processing file /home/shubham/.local/lib/python3.10/site-packages/airflow/example_dags/tutorial_taskflow_api_virtualenv.py for tasks to queue
[2023-06-18T14:53:28.757+0530] {logging_mixin.py:149} INFO - [2023-06-18T14:53:28.756+0530] {dagbag.py:541} INFO - Filling up the DagBag from /home/shubham/.local/lib/python3.10/site-packages/airflow/example_dags/tutorial_taskflow_api_virtualenv.py
[2023-06-18T14:53:28.761+0530] {processor.py:836} INFO - DAG(s) dict_keys(['tutorial_taskflow_api_virtualenv']) retrieved from /home/shubham/.local/lib/python3.10/site-packages/airflow/example_dags/tutorial_taskflow_api_virtualenv.py
[2023-06-18T14:53:28.774+0530] {logging_mixin.py:149} INFO - [2023-06-18T14:53:28.774+0530] {dag.py:2726} INFO - Sync 1 DAGs
[2023-06-18T14:53:28.786+0530] {logging_mixin.py:149} INFO - [2023-06-18T14:53:28.786+0530] {dag.py:3486} INFO - Setting next_dagrun for tutorial_taskflow_api_virtualenv to None, run_after=None
[2023-06-18T14:53:28.801+0530] {processor.py:179} INFO - Processing /home/shubham/.local/lib/python3.10/site-packages/airflow/example_dags/tutorial_taskflow_api_virtualenv.py took 0.049 seconds
[2023-06-18T14:54:14.908+0530] {processor.py:157} INFO - Started process (PID=4488) to work on /home/shubham/.local/lib/python3.10/site-packages/airflow/example_dags/tutorial_taskflow_api_virtualenv.py
[2023-06-18T14:54:14.909+0530] {processor.py:826} INFO - Processing file /home/shubham/.local/lib/python3.10/site-packages/airflow/example_dags/tutorial_taskflow_api_virtualenv.py for tasks to queue
[2023-06-18T14:54:14.910+0530] {logging_mixin.py:149} INFO - [2023-06-18T14:54:14.910+0530] {dagbag.py:541} INFO - Filling up the DagBag from /home/shubham/.local/lib/python3.10/site-packages/airflow/example_dags/tutorial_taskflow_api_virtualenv.py
[2023-06-18T14:54:14.914+0530] {processor.py:836} INFO - DAG(s) dict_keys(['tutorial_taskflow_api_virtualenv']) retrieved from /home/shubham/.local/lib/python3.10/site-packages/airflow/example_dags/tutorial_taskflow_api_virtualenv.py
[2023-06-18T14:54:14.928+0530] {logging_mixin.py:149} INFO - [2023-06-18T14:54:14.927+0530] {dag.py:2726} INFO - Sync 1 DAGs
[2023-06-18T14:54:14.939+0530] {logging_mixin.py:149} INFO - [2023-06-18T14:54:14.939+0530] {dag.py:3486} INFO - Setting next_dagrun for tutorial_taskflow_api_virtualenv to None, run_after=None
[2023-06-18T14:54:14.956+0530] {processor.py:179} INFO - Processing /home/shubham/.local/lib/python3.10/site-packages/airflow/example_dags/tutorial_taskflow_api_virtualenv.py took 0.050 seconds
[2023-06-18T14:54:59.877+0530] {processor.py:157} INFO - Started process (PID=4535) to work on /home/shubham/.local/lib/python3.10/site-packages/airflow/example_dags/tutorial_taskflow_api_virtualenv.py
[2023-06-18T14:54:59.878+0530] {processor.py:826} INFO - Processing file /home/shubham/.local/lib/python3.10/site-packages/airflow/example_dags/tutorial_taskflow_api_virtualenv.py for tasks to queue
[2023-06-18T14:54:59.879+0530] {logging_mixin.py:149} INFO - [2023-06-18T14:54:59.879+0530] {dagbag.py:541} INFO - Filling up the DagBag from /home/shubham/.local/lib/python3.10/site-packages/airflow/example_dags/tutorial_taskflow_api_virtualenv.py
[2023-06-18T14:54:59.884+0530] {processor.py:836} INFO - DAG(s) dict_keys(['tutorial_taskflow_api_virtualenv']) retrieved from /home/shubham/.local/lib/python3.10/site-packages/airflow/example_dags/tutorial_taskflow_api_virtualenv.py
[2023-06-18T14:54:59.897+0530] {logging_mixin.py:149} INFO - [2023-06-18T14:54:59.896+0530] {dag.py:2726} INFO - Sync 1 DAGs
[2023-06-18T14:54:59.908+0530] {logging_mixin.py:149} INFO - [2023-06-18T14:54:59.908+0530] {dag.py:3486} INFO - Setting next_dagrun for tutorial_taskflow_api_virtualenv to None, run_after=None
[2023-06-18T14:54:59.924+0530] {processor.py:179} INFO - Processing /home/shubham/.local/lib/python3.10/site-packages/airflow/example_dags/tutorial_taskflow_api_virtualenv.py took 0.050 seconds
[2023-06-18T14:55:43.885+0530] {processor.py:157} INFO - Started process (PID=4580) to work on /home/shubham/.local/lib/python3.10/site-packages/airflow/example_dags/tutorial_taskflow_api_virtualenv.py
[2023-06-18T14:55:43.886+0530] {processor.py:826} INFO - Processing file /home/shubham/.local/lib/python3.10/site-packages/airflow/example_dags/tutorial_taskflow_api_virtualenv.py for tasks to queue
[2023-06-18T14:55:43.887+0530] {logging_mixin.py:149} INFO - [2023-06-18T14:55:43.886+0530] {dagbag.py:541} INFO - Filling up the DagBag from /home/shubham/.local/lib/python3.10/site-packages/airflow/example_dags/tutorial_taskflow_api_virtualenv.py
[2023-06-18T14:55:43.891+0530] {processor.py:836} INFO - DAG(s) dict_keys(['tutorial_taskflow_api_virtualenv']) retrieved from /home/shubham/.local/lib/python3.10/site-packages/airflow/example_dags/tutorial_taskflow_api_virtualenv.py
[2023-06-18T14:55:43.904+0530] {logging_mixin.py:149} INFO - [2023-06-18T14:55:43.904+0530] {dag.py:2726} INFO - Sync 1 DAGs
[2023-06-18T14:55:43.916+0530] {logging_mixin.py:149} INFO - [2023-06-18T14:55:43.915+0530] {dag.py:3486} INFO - Setting next_dagrun for tutorial_taskflow_api_virtualenv to None, run_after=None
[2023-06-18T14:55:43.932+0530] {processor.py:179} INFO - Processing /home/shubham/.local/lib/python3.10/site-packages/airflow/example_dags/tutorial_taskflow_api_virtualenv.py took 0.050 seconds
[2023-06-18T14:56:29.275+0530] {processor.py:157} INFO - Started process (PID=4627) to work on /home/shubham/.local/lib/python3.10/site-packages/airflow/example_dags/tutorial_taskflow_api_virtualenv.py
[2023-06-18T14:56:29.276+0530] {processor.py:826} INFO - Processing file /home/shubham/.local/lib/python3.10/site-packages/airflow/example_dags/tutorial_taskflow_api_virtualenv.py for tasks to queue
[2023-06-18T14:56:29.277+0530] {logging_mixin.py:149} INFO - [2023-06-18T14:56:29.276+0530] {dagbag.py:541} INFO - Filling up the DagBag from /home/shubham/.local/lib/python3.10/site-packages/airflow/example_dags/tutorial_taskflow_api_virtualenv.py
[2023-06-18T14:56:29.281+0530] {processor.py:836} INFO - DAG(s) dict_keys(['tutorial_taskflow_api_virtualenv']) retrieved from /home/shubham/.local/lib/python3.10/site-packages/airflow/example_dags/tutorial_taskflow_api_virtualenv.py
[2023-06-18T14:56:29.295+0530] {logging_mixin.py:149} INFO - [2023-06-18T14:56:29.294+0530] {dag.py:2726} INFO - Sync 1 DAGs
[2023-06-18T14:56:29.307+0530] {logging_mixin.py:149} INFO - [2023-06-18T14:56:29.307+0530] {dag.py:3486} INFO - Setting next_dagrun for tutorial_taskflow_api_virtualenv to None, run_after=None
[2023-06-18T14:56:29.323+0530] {processor.py:179} INFO - Processing /home/shubham/.local/lib/python3.10/site-packages/airflow/example_dags/tutorial_taskflow_api_virtualenv.py took 0.051 seconds
[2023-06-18T14:57:12.287+0530] {processor.py:157} INFO - Started process (PID=4677) to work on /home/shubham/.local/lib/python3.10/site-packages/airflow/example_dags/tutorial_taskflow_api_virtualenv.py
[2023-06-18T14:57:12.288+0530] {processor.py:826} INFO - Processing file /home/shubham/.local/lib/python3.10/site-packages/airflow/example_dags/tutorial_taskflow_api_virtualenv.py for tasks to queue
[2023-06-18T14:57:12.289+0530] {logging_mixin.py:149} INFO - [2023-06-18T14:57:12.289+0530] {dagbag.py:541} INFO - Filling up the DagBag from /home/shubham/.local/lib/python3.10/site-packages/airflow/example_dags/tutorial_taskflow_api_virtualenv.py
[2023-06-18T14:57:12.293+0530] {processor.py:836} INFO - DAG(s) dict_keys(['tutorial_taskflow_api_virtualenv']) retrieved from /home/shubham/.local/lib/python3.10/site-packages/airflow/example_dags/tutorial_taskflow_api_virtualenv.py
[2023-06-18T14:57:12.306+0530] {logging_mixin.py:149} INFO - [2023-06-18T14:57:12.306+0530] {dag.py:2726} INFO - Sync 1 DAGs
[2023-06-18T14:57:12.319+0530] {logging_mixin.py:149} INFO - [2023-06-18T14:57:12.319+0530] {dag.py:3486} INFO - Setting next_dagrun for tutorial_taskflow_api_virtualenv to None, run_after=None
[2023-06-18T14:57:12.335+0530] {processor.py:179} INFO - Processing /home/shubham/.local/lib/python3.10/site-packages/airflow/example_dags/tutorial_taskflow_api_virtualenv.py took 0.050 seconds
[2023-06-18T14:57:54.464+0530] {processor.py:157} INFO - Started process (PID=4721) to work on /home/shubham/.local/lib/python3.10/site-packages/airflow/example_dags/tutorial_taskflow_api_virtualenv.py
[2023-06-18T14:57:54.465+0530] {processor.py:826} INFO - Processing file /home/shubham/.local/lib/python3.10/site-packages/airflow/example_dags/tutorial_taskflow_api_virtualenv.py for tasks to queue
[2023-06-18T14:57:54.465+0530] {logging_mixin.py:149} INFO - [2023-06-18T14:57:54.465+0530] {dagbag.py:541} INFO - Filling up the DagBag from /home/shubham/.local/lib/python3.10/site-packages/airflow/example_dags/tutorial_taskflow_api_virtualenv.py
[2023-06-18T14:57:54.470+0530] {processor.py:836} INFO - DAG(s) dict_keys(['tutorial_taskflow_api_virtualenv']) retrieved from /home/shubham/.local/lib/python3.10/site-packages/airflow/example_dags/tutorial_taskflow_api_virtualenv.py
[2023-06-18T14:57:54.483+0530] {logging_mixin.py:149} INFO - [2023-06-18T14:57:54.483+0530] {dag.py:2726} INFO - Sync 1 DAGs
[2023-06-18T14:57:54.495+0530] {logging_mixin.py:149} INFO - [2023-06-18T14:57:54.494+0530] {dag.py:3486} INFO - Setting next_dagrun for tutorial_taskflow_api_virtualenv to None, run_after=None
[2023-06-18T14:57:54.511+0530] {processor.py:179} INFO - Processing /home/shubham/.local/lib/python3.10/site-packages/airflow/example_dags/tutorial_taskflow_api_virtualenv.py took 0.050 seconds
[2023-06-18T14:58:36.845+0530] {processor.py:157} INFO - Started process (PID=4766) to work on /home/shubham/.local/lib/python3.10/site-packages/airflow/example_dags/tutorial_taskflow_api_virtualenv.py
[2023-06-18T14:58:36.846+0530] {processor.py:826} INFO - Processing file /home/shubham/.local/lib/python3.10/site-packages/airflow/example_dags/tutorial_taskflow_api_virtualenv.py for tasks to queue
[2023-06-18T14:58:36.847+0530] {logging_mixin.py:149} INFO - [2023-06-18T14:58:36.847+0530] {dagbag.py:541} INFO - Filling up the DagBag from /home/shubham/.local/lib/python3.10/site-packages/airflow/example_dags/tutorial_taskflow_api_virtualenv.py
[2023-06-18T14:58:36.851+0530] {processor.py:836} INFO - DAG(s) dict_keys(['tutorial_taskflow_api_virtualenv']) retrieved from /home/shubham/.local/lib/python3.10/site-packages/airflow/example_dags/tutorial_taskflow_api_virtualenv.py
[2023-06-18T14:58:36.864+0530] {logging_mixin.py:149} INFO - [2023-06-18T14:58:36.864+0530] {dag.py:2726} INFO - Sync 1 DAGs
[2023-06-18T14:58:36.876+0530] {logging_mixin.py:149} INFO - [2023-06-18T14:58:36.876+0530] {dag.py:3486} INFO - Setting next_dagrun for tutorial_taskflow_api_virtualenv to None, run_after=None
[2023-06-18T14:58:36.893+0530] {processor.py:179} INFO - Processing /home/shubham/.local/lib/python3.10/site-packages/airflow/example_dags/tutorial_taskflow_api_virtualenv.py took 0.050 seconds
[2023-06-18T14:59:19.025+0530] {processor.py:157} INFO - Started process (PID=4810) to work on /home/shubham/.local/lib/python3.10/site-packages/airflow/example_dags/tutorial_taskflow_api_virtualenv.py
[2023-06-18T14:59:19.027+0530] {processor.py:826} INFO - Processing file /home/shubham/.local/lib/python3.10/site-packages/airflow/example_dags/tutorial_taskflow_api_virtualenv.py for tasks to queue
[2023-06-18T14:59:19.027+0530] {logging_mixin.py:149} INFO - [2023-06-18T14:59:19.027+0530] {dagbag.py:541} INFO - Filling up the DagBag from /home/shubham/.local/lib/python3.10/site-packages/airflow/example_dags/tutorial_taskflow_api_virtualenv.py
[2023-06-18T14:59:19.032+0530] {processor.py:836} INFO - DAG(s) dict_keys(['tutorial_taskflow_api_virtualenv']) retrieved from /home/shubham/.local/lib/python3.10/site-packages/airflow/example_dags/tutorial_taskflow_api_virtualenv.py
[2023-06-18T14:59:19.045+0530] {logging_mixin.py:149} INFO - [2023-06-18T14:59:19.045+0530] {dag.py:2726} INFO - Sync 1 DAGs
[2023-06-18T14:59:19.057+0530] {logging_mixin.py:149} INFO - [2023-06-18T14:59:19.056+0530] {dag.py:3486} INFO - Setting next_dagrun for tutorial_taskflow_api_virtualenv to None, run_after=None
[2023-06-18T14:59:19.072+0530] {processor.py:179} INFO - Processing /home/shubham/.local/lib/python3.10/site-packages/airflow/example_dags/tutorial_taskflow_api_virtualenv.py took 0.049 seconds
[2023-06-18T14:59:58.810+0530] {processor.py:157} INFO - Started process (PID=4853) to work on /home/shubham/.local/lib/python3.10/site-packages/airflow/example_dags/tutorial_taskflow_api_virtualenv.py
[2023-06-18T14:59:58.812+0530] {processor.py:826} INFO - Processing file /home/shubham/.local/lib/python3.10/site-packages/airflow/example_dags/tutorial_taskflow_api_virtualenv.py for tasks to queue
[2023-06-18T14:59:58.812+0530] {logging_mixin.py:149} INFO - [2023-06-18T14:59:58.812+0530] {dagbag.py:541} INFO - Filling up the DagBag from /home/shubham/.local/lib/python3.10/site-packages/airflow/example_dags/tutorial_taskflow_api_virtualenv.py
[2023-06-18T14:59:58.817+0530] {processor.py:836} INFO - DAG(s) dict_keys(['tutorial_taskflow_api_virtualenv']) retrieved from /home/shubham/.local/lib/python3.10/site-packages/airflow/example_dags/tutorial_taskflow_api_virtualenv.py
[2023-06-18T14:59:58.830+0530] {logging_mixin.py:149} INFO - [2023-06-18T14:59:58.830+0530] {dag.py:2726} INFO - Sync 1 DAGs
[2023-06-18T14:59:58.842+0530] {logging_mixin.py:149} INFO - [2023-06-18T14:59:58.842+0530] {dag.py:3486} INFO - Setting next_dagrun for tutorial_taskflow_api_virtualenv to None, run_after=None
[2023-06-18T14:59:58.858+0530] {processor.py:179} INFO - Processing /home/shubham/.local/lib/python3.10/site-packages/airflow/example_dags/tutorial_taskflow_api_virtualenv.py took 0.050 seconds
[2023-06-18T15:00:45.492+0530] {processor.py:157} INFO - Started process (PID=4900) to work on /home/shubham/.local/lib/python3.10/site-packages/airflow/example_dags/tutorial_taskflow_api_virtualenv.py
[2023-06-18T15:00:45.494+0530] {processor.py:826} INFO - Processing file /home/shubham/.local/lib/python3.10/site-packages/airflow/example_dags/tutorial_taskflow_api_virtualenv.py for tasks to queue
[2023-06-18T15:00:45.494+0530] {logging_mixin.py:149} INFO - [2023-06-18T15:00:45.494+0530] {dagbag.py:541} INFO - Filling up the DagBag from /home/shubham/.local/lib/python3.10/site-packages/airflow/example_dags/tutorial_taskflow_api_virtualenv.py
[2023-06-18T15:00:45.499+0530] {processor.py:836} INFO - DAG(s) dict_keys(['tutorial_taskflow_api_virtualenv']) retrieved from /home/shubham/.local/lib/python3.10/site-packages/airflow/example_dags/tutorial_taskflow_api_virtualenv.py
[2023-06-18T15:00:45.512+0530] {logging_mixin.py:149} INFO - [2023-06-18T15:00:45.512+0530] {dag.py:2726} INFO - Sync 1 DAGs
[2023-06-18T15:00:45.524+0530] {logging_mixin.py:149} INFO - [2023-06-18T15:00:45.524+0530] {dag.py:3486} INFO - Setting next_dagrun for tutorial_taskflow_api_virtualenv to None, run_after=None
[2023-06-18T15:00:45.540+0530] {processor.py:179} INFO - Processing /home/shubham/.local/lib/python3.10/site-packages/airflow/example_dags/tutorial_taskflow_api_virtualenv.py took 0.050 seconds
[2023-06-18T15:01:29.411+0530] {processor.py:157} INFO - Started process (PID=4946) to work on /home/shubham/.local/lib/python3.10/site-packages/airflow/example_dags/tutorial_taskflow_api_virtualenv.py
[2023-06-18T15:01:29.412+0530] {processor.py:826} INFO - Processing file /home/shubham/.local/lib/python3.10/site-packages/airflow/example_dags/tutorial_taskflow_api_virtualenv.py for tasks to queue
[2023-06-18T15:01:29.413+0530] {logging_mixin.py:149} INFO - [2023-06-18T15:01:29.413+0530] {dagbag.py:541} INFO - Filling up the DagBag from /home/shubham/.local/lib/python3.10/site-packages/airflow/example_dags/tutorial_taskflow_api_virtualenv.py
[2023-06-18T15:01:29.417+0530] {processor.py:836} INFO - DAG(s) dict_keys(['tutorial_taskflow_api_virtualenv']) retrieved from /home/shubham/.local/lib/python3.10/site-packages/airflow/example_dags/tutorial_taskflow_api_virtualenv.py
[2023-06-18T15:01:29.431+0530] {logging_mixin.py:149} INFO - [2023-06-18T15:01:29.430+0530] {dag.py:2726} INFO - Sync 1 DAGs
[2023-06-18T15:01:29.443+0530] {logging_mixin.py:149} INFO - [2023-06-18T15:01:29.443+0530] {dag.py:3486} INFO - Setting next_dagrun for tutorial_taskflow_api_virtualenv to None, run_after=None
[2023-06-18T15:01:29.459+0530] {processor.py:179} INFO - Processing /home/shubham/.local/lib/python3.10/site-packages/airflow/example_dags/tutorial_taskflow_api_virtualenv.py took 0.050 seconds
[2023-06-18T15:02:03.162+0530] {processor.py:157} INFO - Started process (PID=4979) to work on /home/shubham/.local/lib/python3.10/site-packages/airflow/example_dags/tutorial_taskflow_api_virtualenv.py
[2023-06-18T15:02:03.164+0530] {processor.py:826} INFO - Processing file /home/shubham/.local/lib/python3.10/site-packages/airflow/example_dags/tutorial_taskflow_api_virtualenv.py for tasks to queue
[2023-06-18T15:02:03.164+0530] {logging_mixin.py:149} INFO - [2023-06-18T15:02:03.164+0530] {dagbag.py:541} INFO - Filling up the DagBag from /home/shubham/.local/lib/python3.10/site-packages/airflow/example_dags/tutorial_taskflow_api_virtualenv.py
[2023-06-18T15:02:03.169+0530] {processor.py:836} INFO - DAG(s) dict_keys(['tutorial_taskflow_api_virtualenv']) retrieved from /home/shubham/.local/lib/python3.10/site-packages/airflow/example_dags/tutorial_taskflow_api_virtualenv.py
[2023-06-18T15:02:03.183+0530] {logging_mixin.py:149} INFO - [2023-06-18T15:02:03.182+0530] {dag.py:2726} INFO - Sync 1 DAGs
[2023-06-18T15:02:03.195+0530] {logging_mixin.py:149} INFO - [2023-06-18T15:02:03.195+0530] {dag.py:3486} INFO - Setting next_dagrun for tutorial_taskflow_api_virtualenv to None, run_after=None
[2023-06-18T15:02:03.212+0530] {processor.py:179} INFO - Processing /home/shubham/.local/lib/python3.10/site-packages/airflow/example_dags/tutorial_taskflow_api_virtualenv.py took 0.051 seconds
[2023-06-18T15:02:45.062+0530] {processor.py:157} INFO - Started process (PID=5025) to work on /home/shubham/.local/lib/python3.10/site-packages/airflow/example_dags/tutorial_taskflow_api_virtualenv.py
[2023-06-18T15:02:45.063+0530] {processor.py:826} INFO - Processing file /home/shubham/.local/lib/python3.10/site-packages/airflow/example_dags/tutorial_taskflow_api_virtualenv.py for tasks to queue
[2023-06-18T15:02:45.064+0530] {logging_mixin.py:149} INFO - [2023-06-18T15:02:45.064+0530] {dagbag.py:541} INFO - Filling up the DagBag from /home/shubham/.local/lib/python3.10/site-packages/airflow/example_dags/tutorial_taskflow_api_virtualenv.py
[2023-06-18T15:02:45.068+0530] {processor.py:836} INFO - DAG(s) dict_keys(['tutorial_taskflow_api_virtualenv']) retrieved from /home/shubham/.local/lib/python3.10/site-packages/airflow/example_dags/tutorial_taskflow_api_virtualenv.py
[2023-06-18T15:02:45.081+0530] {logging_mixin.py:149} INFO - [2023-06-18T15:02:45.081+0530] {dag.py:2726} INFO - Sync 1 DAGs
[2023-06-18T15:02:45.093+0530] {logging_mixin.py:149} INFO - [2023-06-18T15:02:45.093+0530] {dag.py:3486} INFO - Setting next_dagrun for tutorial_taskflow_api_virtualenv to None, run_after=None
[2023-06-18T15:02:45.109+0530] {processor.py:179} INFO - Processing /home/shubham/.local/lib/python3.10/site-packages/airflow/example_dags/tutorial_taskflow_api_virtualenv.py took 0.049 seconds
[2023-06-18T15:03:30.328+0530] {processor.py:157} INFO - Started process (PID=5072) to work on /home/shubham/.local/lib/python3.10/site-packages/airflow/example_dags/tutorial_taskflow_api_virtualenv.py
[2023-06-18T15:03:30.329+0530] {processor.py:826} INFO - Processing file /home/shubham/.local/lib/python3.10/site-packages/airflow/example_dags/tutorial_taskflow_api_virtualenv.py for tasks to queue
[2023-06-18T15:03:30.330+0530] {logging_mixin.py:149} INFO - [2023-06-18T15:03:30.330+0530] {dagbag.py:541} INFO - Filling up the DagBag from /home/shubham/.local/lib/python3.10/site-packages/airflow/example_dags/tutorial_taskflow_api_virtualenv.py
[2023-06-18T15:03:30.334+0530] {processor.py:836} INFO - DAG(s) dict_keys(['tutorial_taskflow_api_virtualenv']) retrieved from /home/shubham/.local/lib/python3.10/site-packages/airflow/example_dags/tutorial_taskflow_api_virtualenv.py
[2023-06-18T15:03:30.347+0530] {logging_mixin.py:149} INFO - [2023-06-18T15:03:30.347+0530] {dag.py:2726} INFO - Sync 1 DAGs
[2023-06-18T15:03:30.360+0530] {logging_mixin.py:149} INFO - [2023-06-18T15:03:30.359+0530] {dag.py:3486} INFO - Setting next_dagrun for tutorial_taskflow_api_virtualenv to None, run_after=None
[2023-06-18T15:03:30.376+0530] {processor.py:179} INFO - Processing /home/shubham/.local/lib/python3.10/site-packages/airflow/example_dags/tutorial_taskflow_api_virtualenv.py took 0.051 seconds
[2023-06-18T15:04:15.939+0530] {processor.py:157} INFO - Started process (PID=5118) to work on /home/shubham/.local/lib/python3.10/site-packages/airflow/example_dags/tutorial_taskflow_api_virtualenv.py
[2023-06-18T15:04:15.940+0530] {processor.py:826} INFO - Processing file /home/shubham/.local/lib/python3.10/site-packages/airflow/example_dags/tutorial_taskflow_api_virtualenv.py for tasks to queue
[2023-06-18T15:04:15.940+0530] {logging_mixin.py:149} INFO - [2023-06-18T15:04:15.940+0530] {dagbag.py:541} INFO - Filling up the DagBag from /home/shubham/.local/lib/python3.10/site-packages/airflow/example_dags/tutorial_taskflow_api_virtualenv.py
[2023-06-18T15:04:15.945+0530] {processor.py:836} INFO - DAG(s) dict_keys(['tutorial_taskflow_api_virtualenv']) retrieved from /home/shubham/.local/lib/python3.10/site-packages/airflow/example_dags/tutorial_taskflow_api_virtualenv.py
[2023-06-18T15:04:15.959+0530] {logging_mixin.py:149} INFO - [2023-06-18T15:04:15.958+0530] {dag.py:2726} INFO - Sync 1 DAGs
[2023-06-18T15:04:15.971+0530] {logging_mixin.py:149} INFO - [2023-06-18T15:04:15.971+0530] {dag.py:3486} INFO - Setting next_dagrun for tutorial_taskflow_api_virtualenv to None, run_after=None
[2023-06-18T15:04:15.988+0530] {processor.py:179} INFO - Processing /home/shubham/.local/lib/python3.10/site-packages/airflow/example_dags/tutorial_taskflow_api_virtualenv.py took 0.051 seconds
[2023-06-18T15:04:58.524+0530] {processor.py:157} INFO - Started process (PID=5163) to work on /home/shubham/.local/lib/python3.10/site-packages/airflow/example_dags/tutorial_taskflow_api_virtualenv.py
[2023-06-18T15:04:58.526+0530] {processor.py:826} INFO - Processing file /home/shubham/.local/lib/python3.10/site-packages/airflow/example_dags/tutorial_taskflow_api_virtualenv.py for tasks to queue
[2023-06-18T15:04:58.526+0530] {logging_mixin.py:149} INFO - [2023-06-18T15:04:58.526+0530] {dagbag.py:541} INFO - Filling up the DagBag from /home/shubham/.local/lib/python3.10/site-packages/airflow/example_dags/tutorial_taskflow_api_virtualenv.py
[2023-06-18T15:04:58.531+0530] {processor.py:836} INFO - DAG(s) dict_keys(['tutorial_taskflow_api_virtualenv']) retrieved from /home/shubham/.local/lib/python3.10/site-packages/airflow/example_dags/tutorial_taskflow_api_virtualenv.py
[2023-06-18T15:04:58.544+0530] {logging_mixin.py:149} INFO - [2023-06-18T15:04:58.544+0530] {dag.py:2726} INFO - Sync 1 DAGs
[2023-06-18T15:04:58.556+0530] {logging_mixin.py:149} INFO - [2023-06-18T15:04:58.556+0530] {dag.py:3486} INFO - Setting next_dagrun for tutorial_taskflow_api_virtualenv to None, run_after=None
[2023-06-18T15:04:58.573+0530] {processor.py:179} INFO - Processing /home/shubham/.local/lib/python3.10/site-packages/airflow/example_dags/tutorial_taskflow_api_virtualenv.py took 0.051 seconds
[2023-06-18T15:05:41.556+0530] {processor.py:157} INFO - Started process (PID=5209) to work on /home/shubham/.local/lib/python3.10/site-packages/airflow/example_dags/tutorial_taskflow_api_virtualenv.py
[2023-06-18T15:05:41.558+0530] {processor.py:826} INFO - Processing file /home/shubham/.local/lib/python3.10/site-packages/airflow/example_dags/tutorial_taskflow_api_virtualenv.py for tasks to queue
[2023-06-18T15:05:41.558+0530] {logging_mixin.py:149} INFO - [2023-06-18T15:05:41.558+0530] {dagbag.py:541} INFO - Filling up the DagBag from /home/shubham/.local/lib/python3.10/site-packages/airflow/example_dags/tutorial_taskflow_api_virtualenv.py
[2023-06-18T15:05:41.563+0530] {processor.py:836} INFO - DAG(s) dict_keys(['tutorial_taskflow_api_virtualenv']) retrieved from /home/shubham/.local/lib/python3.10/site-packages/airflow/example_dags/tutorial_taskflow_api_virtualenv.py
[2023-06-18T15:05:41.576+0530] {logging_mixin.py:149} INFO - [2023-06-18T15:05:41.576+0530] {dag.py:2726} INFO - Sync 1 DAGs
[2023-06-18T15:05:41.590+0530] {logging_mixin.py:149} INFO - [2023-06-18T15:05:41.590+0530] {dag.py:3486} INFO - Setting next_dagrun for tutorial_taskflow_api_virtualenv to None, run_after=None
[2023-06-18T15:05:41.606+0530] {processor.py:179} INFO - Processing /home/shubham/.local/lib/python3.10/site-packages/airflow/example_dags/tutorial_taskflow_api_virtualenv.py took 0.052 seconds
[2023-06-18T15:06:22.744+0530] {processor.py:157} INFO - Started process (PID=5252) to work on /home/shubham/.local/lib/python3.10/site-packages/airflow/example_dags/tutorial_taskflow_api_virtualenv.py
[2023-06-18T15:06:22.746+0530] {processor.py:826} INFO - Processing file /home/shubham/.local/lib/python3.10/site-packages/airflow/example_dags/tutorial_taskflow_api_virtualenv.py for tasks to queue
[2023-06-18T15:06:22.746+0530] {logging_mixin.py:149} INFO - [2023-06-18T15:06:22.746+0530] {dagbag.py:541} INFO - Filling up the DagBag from /home/shubham/.local/lib/python3.10/site-packages/airflow/example_dags/tutorial_taskflow_api_virtualenv.py
[2023-06-18T15:06:22.751+0530] {processor.py:836} INFO - DAG(s) dict_keys(['tutorial_taskflow_api_virtualenv']) retrieved from /home/shubham/.local/lib/python3.10/site-packages/airflow/example_dags/tutorial_taskflow_api_virtualenv.py
[2023-06-18T15:06:22.764+0530] {logging_mixin.py:149} INFO - [2023-06-18T15:06:22.763+0530] {dag.py:2726} INFO - Sync 1 DAGs
[2023-06-18T15:06:22.776+0530] {logging_mixin.py:149} INFO - [2023-06-18T15:06:22.775+0530] {dag.py:3486} INFO - Setting next_dagrun for tutorial_taskflow_api_virtualenv to None, run_after=None
[2023-06-18T15:06:22.791+0530] {processor.py:179} INFO - Processing /home/shubham/.local/lib/python3.10/site-packages/airflow/example_dags/tutorial_taskflow_api_virtualenv.py took 0.049 seconds
[2023-06-18T15:07:11.425+0530] {processor.py:157} INFO - Started process (PID=5299) to work on /home/shubham/.local/lib/python3.10/site-packages/airflow/example_dags/tutorial_taskflow_api_virtualenv.py
[2023-06-18T15:07:11.427+0530] {processor.py:826} INFO - Processing file /home/shubham/.local/lib/python3.10/site-packages/airflow/example_dags/tutorial_taskflow_api_virtualenv.py for tasks to queue
[2023-06-18T15:07:11.428+0530] {logging_mixin.py:149} INFO - [2023-06-18T15:07:11.428+0530] {dagbag.py:541} INFO - Filling up the DagBag from /home/shubham/.local/lib/python3.10/site-packages/airflow/example_dags/tutorial_taskflow_api_virtualenv.py
[2023-06-18T15:07:11.435+0530] {processor.py:836} INFO - DAG(s) dict_keys(['tutorial_taskflow_api_virtualenv']) retrieved from /home/shubham/.local/lib/python3.10/site-packages/airflow/example_dags/tutorial_taskflow_api_virtualenv.py
[2023-06-18T15:07:11.453+0530] {logging_mixin.py:149} INFO - [2023-06-18T15:07:11.453+0530] {dag.py:2726} INFO - Sync 1 DAGs
[2023-06-18T15:07:11.471+0530] {logging_mixin.py:149} INFO - [2023-06-18T15:07:11.470+0530] {dag.py:3486} INFO - Setting next_dagrun for tutorial_taskflow_api_virtualenv to None, run_after=None
[2023-06-18T15:07:11.495+0530] {processor.py:179} INFO - Processing /home/shubham/.local/lib/python3.10/site-packages/airflow/example_dags/tutorial_taskflow_api_virtualenv.py took 0.073 seconds
[2023-06-18T15:07:43.164+0530] {processor.py:157} INFO - Started process (PID=5332) to work on /home/shubham/.local/lib/python3.10/site-packages/airflow/example_dags/tutorial_taskflow_api_virtualenv.py
[2023-06-18T15:07:43.165+0530] {processor.py:826} INFO - Processing file /home/shubham/.local/lib/python3.10/site-packages/airflow/example_dags/tutorial_taskflow_api_virtualenv.py for tasks to queue
[2023-06-18T15:07:43.165+0530] {logging_mixin.py:149} INFO - [2023-06-18T15:07:43.165+0530] {dagbag.py:541} INFO - Filling up the DagBag from /home/shubham/.local/lib/python3.10/site-packages/airflow/example_dags/tutorial_taskflow_api_virtualenv.py
[2023-06-18T15:07:43.171+0530] {processor.py:836} INFO - DAG(s) dict_keys(['tutorial_taskflow_api_virtualenv']) retrieved from /home/shubham/.local/lib/python3.10/site-packages/airflow/example_dags/tutorial_taskflow_api_virtualenv.py
[2023-06-18T15:07:43.191+0530] {logging_mixin.py:149} INFO - [2023-06-18T15:07:43.191+0530] {dag.py:2726} INFO - Sync 1 DAGs
[2023-06-18T15:07:43.209+0530] {logging_mixin.py:149} INFO - [2023-06-18T15:07:43.209+0530] {dag.py:3486} INFO - Setting next_dagrun for tutorial_taskflow_api_virtualenv to None, run_after=None
[2023-06-18T15:07:43.233+0530] {processor.py:179} INFO - Processing /home/shubham/.local/lib/python3.10/site-packages/airflow/example_dags/tutorial_taskflow_api_virtualenv.py took 0.072 seconds
[2023-06-18T15:08:27.681+0530] {processor.py:157} INFO - Started process (PID=5378) to work on /home/shubham/.local/lib/python3.10/site-packages/airflow/example_dags/tutorial_taskflow_api_virtualenv.py
[2023-06-18T15:08:27.683+0530] {processor.py:826} INFO - Processing file /home/shubham/.local/lib/python3.10/site-packages/airflow/example_dags/tutorial_taskflow_api_virtualenv.py for tasks to queue
[2023-06-18T15:08:27.684+0530] {logging_mixin.py:149} INFO - [2023-06-18T15:08:27.684+0530] {dagbag.py:541} INFO - Filling up the DagBag from /home/shubham/.local/lib/python3.10/site-packages/airflow/example_dags/tutorial_taskflow_api_virtualenv.py
[2023-06-18T15:08:27.690+0530] {processor.py:836} INFO - DAG(s) dict_keys(['tutorial_taskflow_api_virtualenv']) retrieved from /home/shubham/.local/lib/python3.10/site-packages/airflow/example_dags/tutorial_taskflow_api_virtualenv.py
[2023-06-18T15:08:27.713+0530] {logging_mixin.py:149} INFO - [2023-06-18T15:08:27.713+0530] {dag.py:2726} INFO - Sync 1 DAGs
[2023-06-18T15:08:27.729+0530] {logging_mixin.py:149} INFO - [2023-06-18T15:08:27.729+0530] {dag.py:3486} INFO - Setting next_dagrun for tutorial_taskflow_api_virtualenv to None, run_after=None
[2023-06-18T15:08:27.752+0530] {processor.py:179} INFO - Processing /home/shubham/.local/lib/python3.10/site-packages/airflow/example_dags/tutorial_taskflow_api_virtualenv.py took 0.074 seconds
[2023-06-18T15:09:11.536+0530] {processor.py:157} INFO - Started process (PID=5423) to work on /home/shubham/.local/lib/python3.10/site-packages/airflow/example_dags/tutorial_taskflow_api_virtualenv.py
[2023-06-18T15:09:11.538+0530] {processor.py:826} INFO - Processing file /home/shubham/.local/lib/python3.10/site-packages/airflow/example_dags/tutorial_taskflow_api_virtualenv.py for tasks to queue
[2023-06-18T15:09:11.539+0530] {logging_mixin.py:149} INFO - [2023-06-18T15:09:11.539+0530] {dagbag.py:541} INFO - Filling up the DagBag from /home/shubham/.local/lib/python3.10/site-packages/airflow/example_dags/tutorial_taskflow_api_virtualenv.py
[2023-06-18T15:09:11.546+0530] {processor.py:836} INFO - DAG(s) dict_keys(['tutorial_taskflow_api_virtualenv']) retrieved from /home/shubham/.local/lib/python3.10/site-packages/airflow/example_dags/tutorial_taskflow_api_virtualenv.py
[2023-06-18T15:09:11.565+0530] {logging_mixin.py:149} INFO - [2023-06-18T15:09:11.564+0530] {dag.py:2726} INFO - Sync 1 DAGs
[2023-06-18T15:09:11.584+0530] {logging_mixin.py:149} INFO - [2023-06-18T15:09:11.584+0530] {dag.py:3486} INFO - Setting next_dagrun for tutorial_taskflow_api_virtualenv to None, run_after=None
[2023-06-18T15:09:11.608+0530] {processor.py:179} INFO - Processing /home/shubham/.local/lib/python3.10/site-packages/airflow/example_dags/tutorial_taskflow_api_virtualenv.py took 0.076 seconds
[2023-06-18T15:09:55.248+0530] {processor.py:157} INFO - Started process (PID=5468) to work on /home/shubham/.local/lib/python3.10/site-packages/airflow/example_dags/tutorial_taskflow_api_virtualenv.py
[2023-06-18T15:09:55.250+0530] {processor.py:826} INFO - Processing file /home/shubham/.local/lib/python3.10/site-packages/airflow/example_dags/tutorial_taskflow_api_virtualenv.py for tasks to queue
[2023-06-18T15:09:55.251+0530] {logging_mixin.py:149} INFO - [2023-06-18T15:09:55.250+0530] {dagbag.py:541} INFO - Filling up the DagBag from /home/shubham/.local/lib/python3.10/site-packages/airflow/example_dags/tutorial_taskflow_api_virtualenv.py
[2023-06-18T15:09:55.258+0530] {processor.py:836} INFO - DAG(s) dict_keys(['tutorial_taskflow_api_virtualenv']) retrieved from /home/shubham/.local/lib/python3.10/site-packages/airflow/example_dags/tutorial_taskflow_api_virtualenv.py
[2023-06-18T15:09:55.277+0530] {logging_mixin.py:149} INFO - [2023-06-18T15:09:55.277+0530] {dag.py:2726} INFO - Sync 1 DAGs
[2023-06-18T15:09:55.295+0530] {logging_mixin.py:149} INFO - [2023-06-18T15:09:55.294+0530] {dag.py:3486} INFO - Setting next_dagrun for tutorial_taskflow_api_virtualenv to None, run_after=None
[2023-06-18T15:09:55.321+0530] {processor.py:179} INFO - Processing /home/shubham/.local/lib/python3.10/site-packages/airflow/example_dags/tutorial_taskflow_api_virtualenv.py took 0.076 seconds
[2023-06-18T15:10:38.783+0530] {processor.py:157} INFO - Started process (PID=5514) to work on /home/shubham/.local/lib/python3.10/site-packages/airflow/example_dags/tutorial_taskflow_api_virtualenv.py
[2023-06-18T15:10:38.785+0530] {processor.py:826} INFO - Processing file /home/shubham/.local/lib/python3.10/site-packages/airflow/example_dags/tutorial_taskflow_api_virtualenv.py for tasks to queue
[2023-06-18T15:10:38.786+0530] {logging_mixin.py:149} INFO - [2023-06-18T15:10:38.786+0530] {dagbag.py:541} INFO - Filling up the DagBag from /home/shubham/.local/lib/python3.10/site-packages/airflow/example_dags/tutorial_taskflow_api_virtualenv.py
[2023-06-18T15:10:38.793+0530] {processor.py:836} INFO - DAG(s) dict_keys(['tutorial_taskflow_api_virtualenv']) retrieved from /home/shubham/.local/lib/python3.10/site-packages/airflow/example_dags/tutorial_taskflow_api_virtualenv.py
[2023-06-18T15:10:38.812+0530] {logging_mixin.py:149} INFO - [2023-06-18T15:10:38.812+0530] {dag.py:2726} INFO - Sync 1 DAGs
[2023-06-18T15:10:38.831+0530] {logging_mixin.py:149} INFO - [2023-06-18T15:10:38.831+0530] {dag.py:3486} INFO - Setting next_dagrun for tutorial_taskflow_api_virtualenv to None, run_after=None
[2023-06-18T15:10:38.862+0530] {processor.py:179} INFO - Processing /home/shubham/.local/lib/python3.10/site-packages/airflow/example_dags/tutorial_taskflow_api_virtualenv.py took 0.082 seconds
[2023-06-18T15:11:21.661+0530] {processor.py:157} INFO - Started process (PID=5559) to work on /home/shubham/.local/lib/python3.10/site-packages/airflow/example_dags/tutorial_taskflow_api_virtualenv.py
[2023-06-18T15:11:21.663+0530] {processor.py:826} INFO - Processing file /home/shubham/.local/lib/python3.10/site-packages/airflow/example_dags/tutorial_taskflow_api_virtualenv.py for tasks to queue
[2023-06-18T15:11:21.664+0530] {logging_mixin.py:149} INFO - [2023-06-18T15:11:21.664+0530] {dagbag.py:541} INFO - Filling up the DagBag from /home/shubham/.local/lib/python3.10/site-packages/airflow/example_dags/tutorial_taskflow_api_virtualenv.py
[2023-06-18T15:11:21.671+0530] {processor.py:836} INFO - DAG(s) dict_keys(['tutorial_taskflow_api_virtualenv']) retrieved from /home/shubham/.local/lib/python3.10/site-packages/airflow/example_dags/tutorial_taskflow_api_virtualenv.py
[2023-06-18T15:11:21.692+0530] {logging_mixin.py:149} INFO - [2023-06-18T15:11:21.692+0530] {dag.py:2726} INFO - Sync 1 DAGs
[2023-06-18T15:11:21.714+0530] {logging_mixin.py:149} INFO - [2023-06-18T15:11:21.714+0530] {dag.py:3486} INFO - Setting next_dagrun for tutorial_taskflow_api_virtualenv to None, run_after=None
[2023-06-18T15:11:21.745+0530] {processor.py:179} INFO - Processing /home/shubham/.local/lib/python3.10/site-packages/airflow/example_dags/tutorial_taskflow_api_virtualenv.py took 0.088 seconds
[2023-06-18T15:12:01.897+0530] {processor.py:157} INFO - Started process (PID=5601) to work on /home/shubham/.local/lib/python3.10/site-packages/airflow/example_dags/tutorial_taskflow_api_virtualenv.py
[2023-06-18T15:12:01.899+0530] {processor.py:826} INFO - Processing file /home/shubham/.local/lib/python3.10/site-packages/airflow/example_dags/tutorial_taskflow_api_virtualenv.py for tasks to queue
[2023-06-18T15:12:01.899+0530] {logging_mixin.py:149} INFO - [2023-06-18T15:12:01.899+0530] {dagbag.py:541} INFO - Filling up the DagBag from /home/shubham/.local/lib/python3.10/site-packages/airflow/example_dags/tutorial_taskflow_api_virtualenv.py
[2023-06-18T15:12:01.905+0530] {processor.py:836} INFO - DAG(s) dict_keys(['tutorial_taskflow_api_virtualenv']) retrieved from /home/shubham/.local/lib/python3.10/site-packages/airflow/example_dags/tutorial_taskflow_api_virtualenv.py
[2023-06-18T15:12:01.922+0530] {logging_mixin.py:149} INFO - [2023-06-18T15:12:01.922+0530] {dag.py:2726} INFO - Sync 1 DAGs
[2023-06-18T15:12:01.937+0530] {logging_mixin.py:149} INFO - [2023-06-18T15:12:01.937+0530] {dag.py:3486} INFO - Setting next_dagrun for tutorial_taskflow_api_virtualenv to None, run_after=None
[2023-06-18T15:12:01.961+0530] {processor.py:179} INFO - Processing /home/shubham/.local/lib/python3.10/site-packages/airflow/example_dags/tutorial_taskflow_api_virtualenv.py took 0.067 seconds
[2023-06-18T15:12:44.054+0530] {processor.py:157} INFO - Started process (PID=5647) to work on /home/shubham/.local/lib/python3.10/site-packages/airflow/example_dags/tutorial_taskflow_api_virtualenv.py
[2023-06-18T15:12:44.056+0530] {processor.py:826} INFO - Processing file /home/shubham/.local/lib/python3.10/site-packages/airflow/example_dags/tutorial_taskflow_api_virtualenv.py for tasks to queue
[2023-06-18T15:12:44.057+0530] {logging_mixin.py:149} INFO - [2023-06-18T15:12:44.057+0530] {dagbag.py:541} INFO - Filling up the DagBag from /home/shubham/.local/lib/python3.10/site-packages/airflow/example_dags/tutorial_taskflow_api_virtualenv.py
[2023-06-18T15:12:44.063+0530] {processor.py:836} INFO - DAG(s) dict_keys(['tutorial_taskflow_api_virtualenv']) retrieved from /home/shubham/.local/lib/python3.10/site-packages/airflow/example_dags/tutorial_taskflow_api_virtualenv.py
[2023-06-18T15:12:44.080+0530] {logging_mixin.py:149} INFO - [2023-06-18T15:12:44.080+0530] {dag.py:2726} INFO - Sync 1 DAGs
[2023-06-18T15:12:44.096+0530] {logging_mixin.py:149} INFO - [2023-06-18T15:12:44.096+0530] {dag.py:3486} INFO - Setting next_dagrun for tutorial_taskflow_api_virtualenv to None, run_after=None
[2023-06-18T15:12:44.121+0530] {processor.py:179} INFO - Processing /home/shubham/.local/lib/python3.10/site-packages/airflow/example_dags/tutorial_taskflow_api_virtualenv.py took 0.070 seconds
[2023-06-18T15:13:24.753+0530] {processor.py:157} INFO - Started process (PID=5691) to work on /home/shubham/.local/lib/python3.10/site-packages/airflow/example_dags/tutorial_taskflow_api_virtualenv.py
[2023-06-18T15:13:24.755+0530] {processor.py:826} INFO - Processing file /home/shubham/.local/lib/python3.10/site-packages/airflow/example_dags/tutorial_taskflow_api_virtualenv.py for tasks to queue
[2023-06-18T15:13:24.755+0530] {logging_mixin.py:149} INFO - [2023-06-18T15:13:24.755+0530] {dagbag.py:541} INFO - Filling up the DagBag from /home/shubham/.local/lib/python3.10/site-packages/airflow/example_dags/tutorial_taskflow_api_virtualenv.py
[2023-06-18T15:13:24.761+0530] {processor.py:836} INFO - DAG(s) dict_keys(['tutorial_taskflow_api_virtualenv']) retrieved from /home/shubham/.local/lib/python3.10/site-packages/airflow/example_dags/tutorial_taskflow_api_virtualenv.py
[2023-06-18T15:13:24.779+0530] {logging_mixin.py:149} INFO - [2023-06-18T15:13:24.779+0530] {dag.py:2726} INFO - Sync 1 DAGs
[2023-06-18T15:13:24.796+0530] {logging_mixin.py:149} INFO - [2023-06-18T15:13:24.796+0530] {dag.py:3486} INFO - Setting next_dagrun for tutorial_taskflow_api_virtualenv to None, run_after=None
[2023-06-18T15:13:24.824+0530] {processor.py:179} INFO - Processing /home/shubham/.local/lib/python3.10/site-packages/airflow/example_dags/tutorial_taskflow_api_virtualenv.py took 0.074 seconds
[2023-06-18T15:14:08.389+0530] {processor.py:157} INFO - Started process (PID=5734) to work on /home/shubham/.local/lib/python3.10/site-packages/airflow/example_dags/tutorial_taskflow_api_virtualenv.py
[2023-06-18T15:14:08.391+0530] {processor.py:826} INFO - Processing file /home/shubham/.local/lib/python3.10/site-packages/airflow/example_dags/tutorial_taskflow_api_virtualenv.py for tasks to queue
[2023-06-18T15:14:08.392+0530] {logging_mixin.py:149} INFO - [2023-06-18T15:14:08.391+0530] {dagbag.py:541} INFO - Filling up the DagBag from /home/shubham/.local/lib/python3.10/site-packages/airflow/example_dags/tutorial_taskflow_api_virtualenv.py
[2023-06-18T15:14:08.398+0530] {processor.py:836} INFO - DAG(s) dict_keys(['tutorial_taskflow_api_virtualenv']) retrieved from /home/shubham/.local/lib/python3.10/site-packages/airflow/example_dags/tutorial_taskflow_api_virtualenv.py
[2023-06-18T15:14:08.417+0530] {logging_mixin.py:149} INFO - [2023-06-18T15:14:08.416+0530] {dag.py:2726} INFO - Sync 1 DAGs
[2023-06-18T15:14:08.435+0530] {logging_mixin.py:149} INFO - [2023-06-18T15:14:08.434+0530] {dag.py:3486} INFO - Setting next_dagrun for tutorial_taskflow_api_virtualenv to None, run_after=None
[2023-06-18T15:14:08.460+0530] {processor.py:179} INFO - Processing /home/shubham/.local/lib/python3.10/site-packages/airflow/example_dags/tutorial_taskflow_api_virtualenv.py took 0.074 seconds
[2023-06-18T15:14:41.602+0530] {processor.py:157} INFO - Started process (PID=5768) to work on /home/shubham/.local/lib/python3.10/site-packages/airflow/example_dags/tutorial_taskflow_api_virtualenv.py
[2023-06-18T15:14:41.603+0530] {processor.py:826} INFO - Processing file /home/shubham/.local/lib/python3.10/site-packages/airflow/example_dags/tutorial_taskflow_api_virtualenv.py for tasks to queue
[2023-06-18T15:14:41.603+0530] {logging_mixin.py:149} INFO - [2023-06-18T15:14:41.603+0530] {dagbag.py:541} INFO - Filling up the DagBag from /home/shubham/.local/lib/python3.10/site-packages/airflow/example_dags/tutorial_taskflow_api_virtualenv.py
[2023-06-18T15:14:41.610+0530] {processor.py:836} INFO - DAG(s) dict_keys(['tutorial_taskflow_api_virtualenv']) retrieved from /home/shubham/.local/lib/python3.10/site-packages/airflow/example_dags/tutorial_taskflow_api_virtualenv.py
[2023-06-18T15:14:41.628+0530] {logging_mixin.py:149} INFO - [2023-06-18T15:14:41.628+0530] {dag.py:2726} INFO - Sync 1 DAGs
[2023-06-18T15:14:41.646+0530] {logging_mixin.py:149} INFO - [2023-06-18T15:14:41.646+0530] {dag.py:3486} INFO - Setting next_dagrun for tutorial_taskflow_api_virtualenv to None, run_after=None
[2023-06-18T15:14:41.673+0530] {processor.py:179} INFO - Processing /home/shubham/.local/lib/python3.10/site-packages/airflow/example_dags/tutorial_taskflow_api_virtualenv.py took 0.074 seconds
[2023-06-18T15:15:26.005+0530] {processor.py:157} INFO - Started process (PID=5814) to work on /home/shubham/.local/lib/python3.10/site-packages/airflow/example_dags/tutorial_taskflow_api_virtualenv.py
[2023-06-18T15:15:26.007+0530] {processor.py:826} INFO - Processing file /home/shubham/.local/lib/python3.10/site-packages/airflow/example_dags/tutorial_taskflow_api_virtualenv.py for tasks to queue
[2023-06-18T15:15:26.008+0530] {logging_mixin.py:149} INFO - [2023-06-18T15:15:26.008+0530] {dagbag.py:541} INFO - Filling up the DagBag from /home/shubham/.local/lib/python3.10/site-packages/airflow/example_dags/tutorial_taskflow_api_virtualenv.py
[2023-06-18T15:15:26.014+0530] {processor.py:836} INFO - DAG(s) dict_keys(['tutorial_taskflow_api_virtualenv']) retrieved from /home/shubham/.local/lib/python3.10/site-packages/airflow/example_dags/tutorial_taskflow_api_virtualenv.py
[2023-06-18T15:15:26.031+0530] {logging_mixin.py:149} INFO - [2023-06-18T15:15:26.031+0530] {dag.py:2726} INFO - Sync 1 DAGs
[2023-06-18T15:15:26.047+0530] {logging_mixin.py:149} INFO - [2023-06-18T15:15:26.047+0530] {dag.py:3486} INFO - Setting next_dagrun for tutorial_taskflow_api_virtualenv to None, run_after=None
[2023-06-18T15:15:26.070+0530] {processor.py:179} INFO - Processing /home/shubham/.local/lib/python3.10/site-packages/airflow/example_dags/tutorial_taskflow_api_virtualenv.py took 0.068 seconds
[2023-06-18T15:16:11.954+0530] {processor.py:157} INFO - Started process (PID=5860) to work on /home/shubham/.local/lib/python3.10/site-packages/airflow/example_dags/tutorial_taskflow_api_virtualenv.py
[2023-06-18T15:16:11.956+0530] {processor.py:826} INFO - Processing file /home/shubham/.local/lib/python3.10/site-packages/airflow/example_dags/tutorial_taskflow_api_virtualenv.py for tasks to queue
[2023-06-18T15:16:11.956+0530] {logging_mixin.py:149} INFO - [2023-06-18T15:16:11.956+0530] {dagbag.py:541} INFO - Filling up the DagBag from /home/shubham/.local/lib/python3.10/site-packages/airflow/example_dags/tutorial_taskflow_api_virtualenv.py
[2023-06-18T15:16:11.962+0530] {processor.py:836} INFO - DAG(s) dict_keys(['tutorial_taskflow_api_virtualenv']) retrieved from /home/shubham/.local/lib/python3.10/site-packages/airflow/example_dags/tutorial_taskflow_api_virtualenv.py
[2023-06-18T15:16:11.978+0530] {logging_mixin.py:149} INFO - [2023-06-18T15:16:11.978+0530] {dag.py:2726} INFO - Sync 1 DAGs
[2023-06-18T15:16:11.994+0530] {logging_mixin.py:149} INFO - [2023-06-18T15:16:11.994+0530] {dag.py:3486} INFO - Setting next_dagrun for tutorial_taskflow_api_virtualenv to None, run_after=None
[2023-06-18T15:16:12.017+0530] {processor.py:179} INFO - Processing /home/shubham/.local/lib/python3.10/site-packages/airflow/example_dags/tutorial_taskflow_api_virtualenv.py took 0.067 seconds
[2023-06-18T15:16:54.880+0530] {processor.py:157} INFO - Started process (PID=5906) to work on /home/shubham/.local/lib/python3.10/site-packages/airflow/example_dags/tutorial_taskflow_api_virtualenv.py
[2023-06-18T15:16:54.882+0530] {processor.py:826} INFO - Processing file /home/shubham/.local/lib/python3.10/site-packages/airflow/example_dags/tutorial_taskflow_api_virtualenv.py for tasks to queue
[2023-06-18T15:16:54.883+0530] {logging_mixin.py:149} INFO - [2023-06-18T15:16:54.883+0530] {dagbag.py:541} INFO - Filling up the DagBag from /home/shubham/.local/lib/python3.10/site-packages/airflow/example_dags/tutorial_taskflow_api_virtualenv.py
[2023-06-18T15:16:54.889+0530] {processor.py:836} INFO - DAG(s) dict_keys(['tutorial_taskflow_api_virtualenv']) retrieved from /home/shubham/.local/lib/python3.10/site-packages/airflow/example_dags/tutorial_taskflow_api_virtualenv.py
[2023-06-18T15:16:54.905+0530] {logging_mixin.py:149} INFO - [2023-06-18T15:16:54.905+0530] {dag.py:2726} INFO - Sync 1 DAGs
[2023-06-18T15:16:54.921+0530] {logging_mixin.py:149} INFO - [2023-06-18T15:16:54.921+0530] {dag.py:3486} INFO - Setting next_dagrun for tutorial_taskflow_api_virtualenv to None, run_after=None
[2023-06-18T15:16:54.944+0530] {processor.py:179} INFO - Processing /home/shubham/.local/lib/python3.10/site-packages/airflow/example_dags/tutorial_taskflow_api_virtualenv.py took 0.067 seconds
[2023-06-18T15:17:36.995+0530] {processor.py:157} INFO - Started process (PID=5950) to work on /home/shubham/.local/lib/python3.10/site-packages/airflow/example_dags/tutorial_taskflow_api_virtualenv.py
[2023-06-18T15:17:36.996+0530] {processor.py:826} INFO - Processing file /home/shubham/.local/lib/python3.10/site-packages/airflow/example_dags/tutorial_taskflow_api_virtualenv.py for tasks to queue
[2023-06-18T15:17:36.997+0530] {logging_mixin.py:149} INFO - [2023-06-18T15:17:36.996+0530] {dagbag.py:541} INFO - Filling up the DagBag from /home/shubham/.local/lib/python3.10/site-packages/airflow/example_dags/tutorial_taskflow_api_virtualenv.py
[2023-06-18T15:17:37.002+0530] {processor.py:836} INFO - DAG(s) dict_keys(['tutorial_taskflow_api_virtualenv']) retrieved from /home/shubham/.local/lib/python3.10/site-packages/airflow/example_dags/tutorial_taskflow_api_virtualenv.py
[2023-06-18T15:17:37.018+0530] {logging_mixin.py:149} INFO - [2023-06-18T15:17:37.018+0530] {dag.py:2726} INFO - Sync 1 DAGs
[2023-06-18T15:17:37.034+0530] {logging_mixin.py:149} INFO - [2023-06-18T15:17:37.034+0530] {dag.py:3486} INFO - Setting next_dagrun for tutorial_taskflow_api_virtualenv to None, run_after=None
[2023-06-18T15:17:37.056+0530] {processor.py:179} INFO - Processing /home/shubham/.local/lib/python3.10/site-packages/airflow/example_dags/tutorial_taskflow_api_virtualenv.py took 0.065 seconds
[2023-06-18T15:18:19.522+0530] {processor.py:157} INFO - Started process (PID=5995) to work on /home/shubham/.local/lib/python3.10/site-packages/airflow/example_dags/tutorial_taskflow_api_virtualenv.py
[2023-06-18T15:18:19.524+0530] {processor.py:826} INFO - Processing file /home/shubham/.local/lib/python3.10/site-packages/airflow/example_dags/tutorial_taskflow_api_virtualenv.py for tasks to queue
[2023-06-18T15:18:19.525+0530] {logging_mixin.py:149} INFO - [2023-06-18T15:18:19.525+0530] {dagbag.py:541} INFO - Filling up the DagBag from /home/shubham/.local/lib/python3.10/site-packages/airflow/example_dags/tutorial_taskflow_api_virtualenv.py
[2023-06-18T15:18:19.533+0530] {processor.py:836} INFO - DAG(s) dict_keys(['tutorial_taskflow_api_virtualenv']) retrieved from /home/shubham/.local/lib/python3.10/site-packages/airflow/example_dags/tutorial_taskflow_api_virtualenv.py
[2023-06-18T15:18:19.554+0530] {logging_mixin.py:149} INFO - [2023-06-18T15:18:19.554+0530] {dag.py:2726} INFO - Sync 1 DAGs
[2023-06-18T15:18:19.572+0530] {logging_mixin.py:149} INFO - [2023-06-18T15:18:19.572+0530] {dag.py:3486} INFO - Setting next_dagrun for tutorial_taskflow_api_virtualenv to None, run_after=None
[2023-06-18T15:18:19.596+0530] {processor.py:179} INFO - Processing /home/shubham/.local/lib/python3.10/site-packages/airflow/example_dags/tutorial_taskflow_api_virtualenv.py took 0.077 seconds
[2023-06-18T15:19:05.797+0530] {processor.py:157} INFO - Started process (PID=6043) to work on /home/shubham/.local/lib/python3.10/site-packages/airflow/example_dags/tutorial_taskflow_api_virtualenv.py
[2023-06-18T15:19:05.800+0530] {processor.py:826} INFO - Processing file /home/shubham/.local/lib/python3.10/site-packages/airflow/example_dags/tutorial_taskflow_api_virtualenv.py for tasks to queue
[2023-06-18T15:19:05.800+0530] {logging_mixin.py:149} INFO - [2023-06-18T15:19:05.800+0530] {dagbag.py:541} INFO - Filling up the DagBag from /home/shubham/.local/lib/python3.10/site-packages/airflow/example_dags/tutorial_taskflow_api_virtualenv.py
[2023-06-18T15:19:05.806+0530] {processor.py:836} INFO - DAG(s) dict_keys(['tutorial_taskflow_api_virtualenv']) retrieved from /home/shubham/.local/lib/python3.10/site-packages/airflow/example_dags/tutorial_taskflow_api_virtualenv.py
[2023-06-18T15:19:05.824+0530] {logging_mixin.py:149} INFO - [2023-06-18T15:19:05.824+0530] {dag.py:2726} INFO - Sync 1 DAGs
[2023-06-18T15:19:05.839+0530] {logging_mixin.py:149} INFO - [2023-06-18T15:19:05.839+0530] {dag.py:3486} INFO - Setting next_dagrun for tutorial_taskflow_api_virtualenv to None, run_after=None
[2023-06-18T15:19:05.864+0530] {processor.py:179} INFO - Processing /home/shubham/.local/lib/python3.10/site-packages/airflow/example_dags/tutorial_taskflow_api_virtualenv.py took 0.070 seconds
[2023-06-18T15:19:49.667+0530] {processor.py:157} INFO - Started process (PID=6089) to work on /home/shubham/.local/lib/python3.10/site-packages/airflow/example_dags/tutorial_taskflow_api_virtualenv.py
[2023-06-18T15:19:49.669+0530] {processor.py:826} INFO - Processing file /home/shubham/.local/lib/python3.10/site-packages/airflow/example_dags/tutorial_taskflow_api_virtualenv.py for tasks to queue
[2023-06-18T15:19:49.670+0530] {logging_mixin.py:149} INFO - [2023-06-18T15:19:49.670+0530] {dagbag.py:541} INFO - Filling up the DagBag from /home/shubham/.local/lib/python3.10/site-packages/airflow/example_dags/tutorial_taskflow_api_virtualenv.py
[2023-06-18T15:19:49.677+0530] {processor.py:836} INFO - DAG(s) dict_keys(['tutorial_taskflow_api_virtualenv']) retrieved from /home/shubham/.local/lib/python3.10/site-packages/airflow/example_dags/tutorial_taskflow_api_virtualenv.py
[2023-06-18T15:19:49.699+0530] {logging_mixin.py:149} INFO - [2023-06-18T15:19:49.698+0530] {dag.py:2726} INFO - Sync 1 DAGs
[2023-06-18T15:19:49.723+0530] {logging_mixin.py:149} INFO - [2023-06-18T15:19:49.723+0530] {dag.py:3486} INFO - Setting next_dagrun for tutorial_taskflow_api_virtualenv to None, run_after=None
[2023-06-18T15:19:49.747+0530] {processor.py:179} INFO - Processing /home/shubham/.local/lib/python3.10/site-packages/airflow/example_dags/tutorial_taskflow_api_virtualenv.py took 0.083 seconds
[2023-06-18T15:20:34.610+0530] {processor.py:157} INFO - Started process (PID=6135) to work on /home/shubham/.local/lib/python3.10/site-packages/airflow/example_dags/tutorial_taskflow_api_virtualenv.py
[2023-06-18T15:20:34.612+0530] {processor.py:826} INFO - Processing file /home/shubham/.local/lib/python3.10/site-packages/airflow/example_dags/tutorial_taskflow_api_virtualenv.py for tasks to queue
[2023-06-18T15:20:34.613+0530] {logging_mixin.py:149} INFO - [2023-06-18T15:20:34.613+0530] {dagbag.py:541} INFO - Filling up the DagBag from /home/shubham/.local/lib/python3.10/site-packages/airflow/example_dags/tutorial_taskflow_api_virtualenv.py
[2023-06-18T15:20:34.619+0530] {processor.py:836} INFO - DAG(s) dict_keys(['tutorial_taskflow_api_virtualenv']) retrieved from /home/shubham/.local/lib/python3.10/site-packages/airflow/example_dags/tutorial_taskflow_api_virtualenv.py
[2023-06-18T15:20:34.637+0530] {logging_mixin.py:149} INFO - [2023-06-18T15:20:34.637+0530] {dag.py:2726} INFO - Sync 1 DAGs
[2023-06-18T15:20:34.655+0530] {logging_mixin.py:149} INFO - [2023-06-18T15:20:34.655+0530] {dag.py:3486} INFO - Setting next_dagrun for tutorial_taskflow_api_virtualenv to None, run_after=None
[2023-06-18T15:20:34.681+0530] {processor.py:179} INFO - Processing /home/shubham/.local/lib/python3.10/site-packages/airflow/example_dags/tutorial_taskflow_api_virtualenv.py took 0.075 seconds
[2023-06-18T15:21:16.283+0530] {processor.py:157} INFO - Started process (PID=6173) to work on /home/shubham/.local/lib/python3.10/site-packages/airflow/example_dags/tutorial_taskflow_api_virtualenv.py
[2023-06-18T15:21:16.285+0530] {processor.py:826} INFO - Processing file /home/shubham/.local/lib/python3.10/site-packages/airflow/example_dags/tutorial_taskflow_api_virtualenv.py for tasks to queue
[2023-06-18T15:21:16.285+0530] {logging_mixin.py:149} INFO - [2023-06-18T15:21:16.285+0530] {dagbag.py:541} INFO - Filling up the DagBag from /home/shubham/.local/lib/python3.10/site-packages/airflow/example_dags/tutorial_taskflow_api_virtualenv.py
[2023-06-18T15:21:16.293+0530] {processor.py:836} INFO - DAG(s) dict_keys(['tutorial_taskflow_api_virtualenv']) retrieved from /home/shubham/.local/lib/python3.10/site-packages/airflow/example_dags/tutorial_taskflow_api_virtualenv.py
[2023-06-18T15:21:16.312+0530] {logging_mixin.py:149} INFO - [2023-06-18T15:21:16.312+0530] {dag.py:2726} INFO - Sync 1 DAGs
[2023-06-18T15:21:16.330+0530] {logging_mixin.py:149} INFO - [2023-06-18T15:21:16.330+0530] {dag.py:3486} INFO - Setting next_dagrun for tutorial_taskflow_api_virtualenv to None, run_after=None
[2023-06-18T15:21:16.360+0530] {processor.py:179} INFO - Processing /home/shubham/.local/lib/python3.10/site-packages/airflow/example_dags/tutorial_taskflow_api_virtualenv.py took 0.082 seconds
[2023-06-18T15:46:52.703+0530] {processor.py:157} INFO - Started process (PID=6328) to work on /home/shubham/.local/lib/python3.10/site-packages/airflow/example_dags/tutorial_taskflow_api_virtualenv.py
[2023-06-18T15:46:52.705+0530] {processor.py:826} INFO - Processing file /home/shubham/.local/lib/python3.10/site-packages/airflow/example_dags/tutorial_taskflow_api_virtualenv.py for tasks to queue
[2023-06-18T15:46:52.706+0530] {logging_mixin.py:149} INFO - [2023-06-18T15:46:52.705+0530] {dagbag.py:541} INFO - Filling up the DagBag from /home/shubham/.local/lib/python3.10/site-packages/airflow/example_dags/tutorial_taskflow_api_virtualenv.py
[2023-06-18T15:46:52.716+0530] {processor.py:836} INFO - DAG(s) dict_keys(['tutorial_taskflow_api_virtualenv']) retrieved from /home/shubham/.local/lib/python3.10/site-packages/airflow/example_dags/tutorial_taskflow_api_virtualenv.py
[2023-06-18T15:46:52.827+0530] {logging_mixin.py:149} INFO - [2023-06-18T15:46:52.826+0530] {dag.py:2726} INFO - Sync 1 DAGs
[2023-06-18T15:46:52.840+0530] {logging_mixin.py:149} INFO - [2023-06-18T15:46:52.840+0530] {dag.py:3486} INFO - Setting next_dagrun for tutorial_taskflow_api_virtualenv to None, run_after=None
[2023-06-18T15:46:52.862+0530] {processor.py:179} INFO - Processing /home/shubham/.local/lib/python3.10/site-packages/airflow/example_dags/tutorial_taskflow_api_virtualenv.py took 0.162 seconds
[2023-06-18T15:47:40.140+0530] {processor.py:157} INFO - Started process (PID=6383) to work on /home/shubham/.local/lib/python3.10/site-packages/airflow/example_dags/tutorial_taskflow_api_virtualenv.py
[2023-06-18T15:47:40.142+0530] {processor.py:826} INFO - Processing file /home/shubham/.local/lib/python3.10/site-packages/airflow/example_dags/tutorial_taskflow_api_virtualenv.py for tasks to queue
[2023-06-18T15:47:40.142+0530] {logging_mixin.py:149} INFO - [2023-06-18T15:47:40.142+0530] {dagbag.py:541} INFO - Filling up the DagBag from /home/shubham/.local/lib/python3.10/site-packages/airflow/example_dags/tutorial_taskflow_api_virtualenv.py
[2023-06-18T15:47:40.150+0530] {processor.py:836} INFO - DAG(s) dict_keys(['tutorial_taskflow_api_virtualenv']) retrieved from /home/shubham/.local/lib/python3.10/site-packages/airflow/example_dags/tutorial_taskflow_api_virtualenv.py
[2023-06-18T15:47:40.166+0530] {logging_mixin.py:149} INFO - [2023-06-18T15:47:40.166+0530] {dag.py:2726} INFO - Sync 1 DAGs
[2023-06-18T15:47:40.181+0530] {logging_mixin.py:149} INFO - [2023-06-18T15:47:40.181+0530] {dag.py:3486} INFO - Setting next_dagrun for tutorial_taskflow_api_virtualenv to None, run_after=None
[2023-06-18T15:47:40.205+0530] {processor.py:179} INFO - Processing /home/shubham/.local/lib/python3.10/site-packages/airflow/example_dags/tutorial_taskflow_api_virtualenv.py took 0.067 seconds
[2023-06-18T15:48:25.564+0530] {processor.py:157} INFO - Started process (PID=6433) to work on /home/shubham/.local/lib/python3.10/site-packages/airflow/example_dags/tutorial_taskflow_api_virtualenv.py
[2023-06-18T15:48:25.568+0530] {processor.py:826} INFO - Processing file /home/shubham/.local/lib/python3.10/site-packages/airflow/example_dags/tutorial_taskflow_api_virtualenv.py for tasks to queue
[2023-06-18T15:48:25.571+0530] {logging_mixin.py:149} INFO - [2023-06-18T15:48:25.570+0530] {dagbag.py:541} INFO - Filling up the DagBag from /home/shubham/.local/lib/python3.10/site-packages/airflow/example_dags/tutorial_taskflow_api_virtualenv.py
[2023-06-18T15:48:25.583+0530] {processor.py:836} INFO - DAG(s) dict_keys(['tutorial_taskflow_api_virtualenv']) retrieved from /home/shubham/.local/lib/python3.10/site-packages/airflow/example_dags/tutorial_taskflow_api_virtualenv.py
[2023-06-18T15:48:25.603+0530] {logging_mixin.py:149} INFO - [2023-06-18T15:48:25.603+0530] {dag.py:2726} INFO - Sync 1 DAGs
[2023-06-18T15:48:25.626+0530] {logging_mixin.py:149} INFO - [2023-06-18T15:48:25.626+0530] {dag.py:3486} INFO - Setting next_dagrun for tutorial_taskflow_api_virtualenv to None, run_after=None
[2023-06-18T15:48:25.656+0530] {processor.py:179} INFO - Processing /home/shubham/.local/lib/python3.10/site-packages/airflow/example_dags/tutorial_taskflow_api_virtualenv.py took 0.099 seconds
