[2023-06-18T13:45:09.802+0530] {processor.py:157} INFO - Started process (PID=132) to work on /home/shubham/.local/lib/python3.10/site-packages/airflow/example_dags/tutorial_taskflow_api.py
[2023-06-18T13:45:09.803+0530] {processor.py:826} INFO - Processing file /home/shubham/.local/lib/python3.10/site-packages/airflow/example_dags/tutorial_taskflow_api.py for tasks to queue
[2023-06-18T13:45:09.804+0530] {logging_mixin.py:149} INFO - [2023-06-18T13:45:09.803+0530] {dagbag.py:541} INFO - Filling up the DagBag from /home/shubham/.local/lib/python3.10/site-packages/airflow/example_dags/tutorial_taskflow_api.py
[2023-06-18T13:45:09.809+0530] {processor.py:836} INFO - DAG(s) dict_keys(['tutorial_taskflow_api']) retrieved from /home/shubham/.local/lib/python3.10/site-packages/airflow/example_dags/tutorial_taskflow_api.py
[2023-06-18T13:45:09.814+0530] {logging_mixin.py:149} INFO - [2023-06-18T13:45:09.814+0530] {dag.py:2726} INFO - Sync 1 DAGs
[2023-06-18T13:45:09.827+0530] {logging_mixin.py:149} INFO - [2023-06-18T13:45:09.827+0530] {dag.py:3486} INFO - Setting next_dagrun for tutorial_taskflow_api to None, run_after=None
[2023-06-18T13:45:09.843+0530] {processor.py:179} INFO - Processing /home/shubham/.local/lib/python3.10/site-packages/airflow/example_dags/tutorial_taskflow_api.py took 0.042 seconds
[2023-06-18T13:45:51.879+0530] {processor.py:157} INFO - Started process (PID=178) to work on /home/shubham/.local/lib/python3.10/site-packages/airflow/example_dags/tutorial_taskflow_api.py
[2023-06-18T13:45:51.880+0530] {processor.py:826} INFO - Processing file /home/shubham/.local/lib/python3.10/site-packages/airflow/example_dags/tutorial_taskflow_api.py for tasks to queue
[2023-06-18T13:45:51.880+0530] {logging_mixin.py:149} INFO - [2023-06-18T13:45:51.880+0530] {dagbag.py:541} INFO - Filling up the DagBag from /home/shubham/.local/lib/python3.10/site-packages/airflow/example_dags/tutorial_taskflow_api.py
[2023-06-18T13:45:51.884+0530] {processor.py:836} INFO - DAG(s) dict_keys(['tutorial_taskflow_api']) retrieved from /home/shubham/.local/lib/python3.10/site-packages/airflow/example_dags/tutorial_taskflow_api.py
[2023-06-18T13:45:51.896+0530] {logging_mixin.py:149} INFO - [2023-06-18T13:45:51.896+0530] {dag.py:2726} INFO - Sync 1 DAGs
[2023-06-18T13:45:51.907+0530] {logging_mixin.py:149} INFO - [2023-06-18T13:45:51.907+0530] {dag.py:3486} INFO - Setting next_dagrun for tutorial_taskflow_api to None, run_after=None
[2023-06-18T13:45:51.922+0530] {processor.py:179} INFO - Processing /home/shubham/.local/lib/python3.10/site-packages/airflow/example_dags/tutorial_taskflow_api.py took 0.046 seconds
[2023-06-18T13:46:37.928+0530] {processor.py:157} INFO - Started process (PID=224) to work on /home/shubham/.local/lib/python3.10/site-packages/airflow/example_dags/tutorial_taskflow_api.py
[2023-06-18T13:46:37.930+0530] {processor.py:826} INFO - Processing file /home/shubham/.local/lib/python3.10/site-packages/airflow/example_dags/tutorial_taskflow_api.py for tasks to queue
[2023-06-18T13:46:37.931+0530] {logging_mixin.py:149} INFO - [2023-06-18T13:46:37.930+0530] {dagbag.py:541} INFO - Filling up the DagBag from /home/shubham/.local/lib/python3.10/site-packages/airflow/example_dags/tutorial_taskflow_api.py
[2023-06-18T13:46:37.935+0530] {processor.py:836} INFO - DAG(s) dict_keys(['tutorial_taskflow_api']) retrieved from /home/shubham/.local/lib/python3.10/site-packages/airflow/example_dags/tutorial_taskflow_api.py
[2023-06-18T13:46:37.949+0530] {logging_mixin.py:149} INFO - [2023-06-18T13:46:37.949+0530] {dag.py:2726} INFO - Sync 1 DAGs
[2023-06-18T13:46:37.964+0530] {logging_mixin.py:149} INFO - [2023-06-18T13:46:37.964+0530] {dag.py:3486} INFO - Setting next_dagrun for tutorial_taskflow_api to None, run_after=None
[2023-06-18T13:46:37.982+0530] {processor.py:179} INFO - Processing /home/shubham/.local/lib/python3.10/site-packages/airflow/example_dags/tutorial_taskflow_api.py took 0.056 seconds
[2023-06-18T13:47:24.454+0530] {processor.py:157} INFO - Started process (PID=272) to work on /home/shubham/.local/lib/python3.10/site-packages/airflow/example_dags/tutorial_taskflow_api.py
[2023-06-18T13:47:24.456+0530] {processor.py:826} INFO - Processing file /home/shubham/.local/lib/python3.10/site-packages/airflow/example_dags/tutorial_taskflow_api.py for tasks to queue
[2023-06-18T13:47:24.456+0530] {logging_mixin.py:149} INFO - [2023-06-18T13:47:24.456+0530] {dagbag.py:541} INFO - Filling up the DagBag from /home/shubham/.local/lib/python3.10/site-packages/airflow/example_dags/tutorial_taskflow_api.py
[2023-06-18T13:47:24.461+0530] {processor.py:836} INFO - DAG(s) dict_keys(['tutorial_taskflow_api']) retrieved from /home/shubham/.local/lib/python3.10/site-packages/airflow/example_dags/tutorial_taskflow_api.py
[2023-06-18T13:47:24.475+0530] {logging_mixin.py:149} INFO - [2023-06-18T13:47:24.475+0530] {dag.py:2726} INFO - Sync 1 DAGs
[2023-06-18T13:47:24.488+0530] {logging_mixin.py:149} INFO - [2023-06-18T13:47:24.488+0530] {dag.py:3486} INFO - Setting next_dagrun for tutorial_taskflow_api to None, run_after=None
[2023-06-18T13:47:24.505+0530] {processor.py:179} INFO - Processing /home/shubham/.local/lib/python3.10/site-packages/airflow/example_dags/tutorial_taskflow_api.py took 0.053 seconds
[2023-06-18T13:52:14.189+0530] {processor.py:157} INFO - Started process (PID=461) to work on /home/shubham/.local/lib/python3.10/site-packages/airflow/example_dags/tutorial_taskflow_api.py
[2023-06-18T13:52:14.190+0530] {processor.py:826} INFO - Processing file /home/shubham/.local/lib/python3.10/site-packages/airflow/example_dags/tutorial_taskflow_api.py for tasks to queue
[2023-06-18T13:52:14.190+0530] {logging_mixin.py:149} INFO - [2023-06-18T13:52:14.190+0530] {dagbag.py:541} INFO - Filling up the DagBag from /home/shubham/.local/lib/python3.10/site-packages/airflow/example_dags/tutorial_taskflow_api.py
[2023-06-18T13:52:14.195+0530] {processor.py:836} INFO - DAG(s) dict_keys(['tutorial_taskflow_api']) retrieved from /home/shubham/.local/lib/python3.10/site-packages/airflow/example_dags/tutorial_taskflow_api.py
[2023-06-18T13:52:14.201+0530] {logging_mixin.py:149} INFO - [2023-06-18T13:52:14.201+0530] {dag.py:2726} INFO - Sync 1 DAGs
[2023-06-18T13:52:14.213+0530] {logging_mixin.py:149} INFO - [2023-06-18T13:52:14.213+0530] {dag.py:3486} INFO - Setting next_dagrun for tutorial_taskflow_api to None, run_after=None
[2023-06-18T13:52:14.229+0530] {processor.py:179} INFO - Processing /home/shubham/.local/lib/python3.10/site-packages/airflow/example_dags/tutorial_taskflow_api.py took 0.042 seconds
[2023-06-18T13:52:58.094+0530] {processor.py:157} INFO - Started process (PID=507) to work on /home/shubham/.local/lib/python3.10/site-packages/airflow/example_dags/tutorial_taskflow_api.py
[2023-06-18T13:52:58.096+0530] {processor.py:826} INFO - Processing file /home/shubham/.local/lib/python3.10/site-packages/airflow/example_dags/tutorial_taskflow_api.py for tasks to queue
[2023-06-18T13:52:58.096+0530] {logging_mixin.py:149} INFO - [2023-06-18T13:52:58.096+0530] {dagbag.py:541} INFO - Filling up the DagBag from /home/shubham/.local/lib/python3.10/site-packages/airflow/example_dags/tutorial_taskflow_api.py
[2023-06-18T13:52:58.100+0530] {processor.py:836} INFO - DAG(s) dict_keys(['tutorial_taskflow_api']) retrieved from /home/shubham/.local/lib/python3.10/site-packages/airflow/example_dags/tutorial_taskflow_api.py
[2023-06-18T13:52:58.114+0530] {logging_mixin.py:149} INFO - [2023-06-18T13:52:58.113+0530] {dag.py:2726} INFO - Sync 1 DAGs
[2023-06-18T13:52:58.127+0530] {logging_mixin.py:149} INFO - [2023-06-18T13:52:58.126+0530] {dag.py:3486} INFO - Setting next_dagrun for tutorial_taskflow_api to None, run_after=None
[2023-06-18T13:52:58.144+0530] {processor.py:179} INFO - Processing /home/shubham/.local/lib/python3.10/site-packages/airflow/example_dags/tutorial_taskflow_api.py took 0.052 seconds
[2023-06-18T14:39:47.013+0530] {processor.py:157} INFO - Started process (PID=3212) to work on /home/shubham/.local/lib/python3.10/site-packages/airflow/example_dags/tutorial_taskflow_api.py
[2023-06-18T14:39:47.015+0530] {processor.py:826} INFO - Processing file /home/shubham/.local/lib/python3.10/site-packages/airflow/example_dags/tutorial_taskflow_api.py for tasks to queue
[2023-06-18T14:39:47.016+0530] {logging_mixin.py:149} INFO - [2023-06-18T14:39:47.016+0530] {dagbag.py:541} INFO - Filling up the DagBag from /home/shubham/.local/lib/python3.10/site-packages/airflow/example_dags/tutorial_taskflow_api.py
[2023-06-18T14:39:47.024+0530] {processor.py:836} INFO - DAG(s) dict_keys(['tutorial_taskflow_api']) retrieved from /home/shubham/.local/lib/python3.10/site-packages/airflow/example_dags/tutorial_taskflow_api.py
[2023-06-18T14:39:47.055+0530] {logging_mixin.py:149} INFO - [2023-06-18T14:39:47.055+0530] {dag.py:2726} INFO - Sync 1 DAGs
[2023-06-18T14:39:47.079+0530] {logging_mixin.py:149} INFO - [2023-06-18T14:39:47.078+0530] {dag.py:3486} INFO - Setting next_dagrun for tutorial_taskflow_api to None, run_after=None
[2023-06-18T14:39:47.108+0530] {processor.py:179} INFO - Processing /home/shubham/.local/lib/python3.10/site-packages/airflow/example_dags/tutorial_taskflow_api.py took 0.097 seconds
[2023-06-18T14:40:33.341+0530] {processor.py:157} INFO - Started process (PID=3276) to work on /home/shubham/.local/lib/python3.10/site-packages/airflow/example_dags/tutorial_taskflow_api.py
[2023-06-18T14:40:33.342+0530] {processor.py:826} INFO - Processing file /home/shubham/.local/lib/python3.10/site-packages/airflow/example_dags/tutorial_taskflow_api.py for tasks to queue
[2023-06-18T14:40:33.343+0530] {logging_mixin.py:149} INFO - [2023-06-18T14:40:33.343+0530] {dagbag.py:541} INFO - Filling up the DagBag from /home/shubham/.local/lib/python3.10/site-packages/airflow/example_dags/tutorial_taskflow_api.py
[2023-06-18T14:40:33.350+0530] {processor.py:836} INFO - DAG(s) dict_keys(['tutorial_taskflow_api']) retrieved from /home/shubham/.local/lib/python3.10/site-packages/airflow/example_dags/tutorial_taskflow_api.py
[2023-06-18T14:40:33.376+0530] {logging_mixin.py:149} INFO - [2023-06-18T14:40:33.375+0530] {dag.py:2726} INFO - Sync 1 DAGs
[2023-06-18T14:40:33.394+0530] {logging_mixin.py:149} INFO - [2023-06-18T14:40:33.394+0530] {dag.py:3486} INFO - Setting next_dagrun for tutorial_taskflow_api to None, run_after=None
[2023-06-18T14:40:33.416+0530] {processor.py:179} INFO - Processing /home/shubham/.local/lib/python3.10/site-packages/airflow/example_dags/tutorial_taskflow_api.py took 0.079 seconds
[2023-06-18T14:41:17.799+0530] {processor.py:157} INFO - Started process (PID=3593) to work on /home/shubham/.local/lib/python3.10/site-packages/airflow/example_dags/tutorial_taskflow_api.py
[2023-06-18T14:41:17.800+0530] {processor.py:826} INFO - Processing file /home/shubham/.local/lib/python3.10/site-packages/airflow/example_dags/tutorial_taskflow_api.py for tasks to queue
[2023-06-18T14:41:17.801+0530] {logging_mixin.py:149} INFO - [2023-06-18T14:41:17.801+0530] {dagbag.py:541} INFO - Filling up the DagBag from /home/shubham/.local/lib/python3.10/site-packages/airflow/example_dags/tutorial_taskflow_api.py
[2023-06-18T14:41:17.805+0530] {processor.py:836} INFO - DAG(s) dict_keys(['tutorial_taskflow_api']) retrieved from /home/shubham/.local/lib/python3.10/site-packages/airflow/example_dags/tutorial_taskflow_api.py
[2023-06-18T14:41:17.818+0530] {logging_mixin.py:149} INFO - [2023-06-18T14:41:17.818+0530] {dag.py:2726} INFO - Sync 1 DAGs
[2023-06-18T14:41:17.830+0530] {logging_mixin.py:149} INFO - [2023-06-18T14:41:17.830+0530] {dag.py:3486} INFO - Setting next_dagrun for tutorial_taskflow_api to None, run_after=None
[2023-06-18T14:41:17.847+0530] {processor.py:179} INFO - Processing /home/shubham/.local/lib/python3.10/site-packages/airflow/example_dags/tutorial_taskflow_api.py took 0.050 seconds
[2023-06-18T14:42:01.130+0530] {processor.py:157} INFO - Started process (PID=3655) to work on /home/shubham/.local/lib/python3.10/site-packages/airflow/example_dags/tutorial_taskflow_api.py
[2023-06-18T14:42:01.131+0530] {processor.py:826} INFO - Processing file /home/shubham/.local/lib/python3.10/site-packages/airflow/example_dags/tutorial_taskflow_api.py for tasks to queue
[2023-06-18T14:42:01.132+0530] {logging_mixin.py:149} INFO - [2023-06-18T14:42:01.132+0530] {dagbag.py:541} INFO - Filling up the DagBag from /home/shubham/.local/lib/python3.10/site-packages/airflow/example_dags/tutorial_taskflow_api.py
[2023-06-18T14:42:01.137+0530] {processor.py:836} INFO - DAG(s) dict_keys(['tutorial_taskflow_api']) retrieved from /home/shubham/.local/lib/python3.10/site-packages/airflow/example_dags/tutorial_taskflow_api.py
[2023-06-18T14:42:01.152+0530] {logging_mixin.py:149} INFO - [2023-06-18T14:42:01.151+0530] {dag.py:2726} INFO - Sync 1 DAGs
[2023-06-18T14:42:01.167+0530] {logging_mixin.py:149} INFO - [2023-06-18T14:42:01.167+0530] {dag.py:3486} INFO - Setting next_dagrun for tutorial_taskflow_api to None, run_after=None
[2023-06-18T14:42:01.185+0530] {processor.py:179} INFO - Processing /home/shubham/.local/lib/python3.10/site-packages/airflow/example_dags/tutorial_taskflow_api.py took 0.058 seconds
[2023-06-18T14:42:47.302+0530] {processor.py:157} INFO - Started process (PID=3774) to work on /home/shubham/.local/lib/python3.10/site-packages/airflow/example_dags/tutorial_taskflow_api.py
[2023-06-18T14:42:47.304+0530] {processor.py:826} INFO - Processing file /home/shubham/.local/lib/python3.10/site-packages/airflow/example_dags/tutorial_taskflow_api.py for tasks to queue
[2023-06-18T14:42:47.304+0530] {logging_mixin.py:149} INFO - [2023-06-18T14:42:47.304+0530] {dagbag.py:541} INFO - Filling up the DagBag from /home/shubham/.local/lib/python3.10/site-packages/airflow/example_dags/tutorial_taskflow_api.py
[2023-06-18T14:42:47.308+0530] {processor.py:836} INFO - DAG(s) dict_keys(['tutorial_taskflow_api']) retrieved from /home/shubham/.local/lib/python3.10/site-packages/airflow/example_dags/tutorial_taskflow_api.py
[2023-06-18T14:42:47.321+0530] {logging_mixin.py:149} INFO - [2023-06-18T14:42:47.321+0530] {dag.py:2726} INFO - Sync 1 DAGs
[2023-06-18T14:42:47.333+0530] {logging_mixin.py:149} INFO - [2023-06-18T14:42:47.333+0530] {dag.py:3486} INFO - Setting next_dagrun for tutorial_taskflow_api to None, run_after=None
[2023-06-18T14:42:47.348+0530] {processor.py:179} INFO - Processing /home/shubham/.local/lib/python3.10/site-packages/airflow/example_dags/tutorial_taskflow_api.py took 0.048 seconds
[2023-06-18T14:43:35.178+0530] {processor.py:157} INFO - Started process (PID=3823) to work on /home/shubham/.local/lib/python3.10/site-packages/airflow/example_dags/tutorial_taskflow_api.py
[2023-06-18T14:43:35.180+0530] {processor.py:826} INFO - Processing file /home/shubham/.local/lib/python3.10/site-packages/airflow/example_dags/tutorial_taskflow_api.py for tasks to queue
[2023-06-18T14:43:35.180+0530] {logging_mixin.py:149} INFO - [2023-06-18T14:43:35.180+0530] {dagbag.py:541} INFO - Filling up the DagBag from /home/shubham/.local/lib/python3.10/site-packages/airflow/example_dags/tutorial_taskflow_api.py
[2023-06-18T14:43:35.185+0530] {processor.py:836} INFO - DAG(s) dict_keys(['tutorial_taskflow_api']) retrieved from /home/shubham/.local/lib/python3.10/site-packages/airflow/example_dags/tutorial_taskflow_api.py
[2023-06-18T14:43:35.197+0530] {logging_mixin.py:149} INFO - [2023-06-18T14:43:35.197+0530] {dag.py:2726} INFO - Sync 1 DAGs
[2023-06-18T14:43:35.209+0530] {logging_mixin.py:149} INFO - [2023-06-18T14:43:35.209+0530] {dag.py:3486} INFO - Setting next_dagrun for tutorial_taskflow_api to None, run_after=None
[2023-06-18T14:43:35.226+0530] {processor.py:179} INFO - Processing /home/shubham/.local/lib/python3.10/site-packages/airflow/example_dags/tutorial_taskflow_api.py took 0.049 seconds
[2023-06-18T14:44:23.323+0530] {processor.py:157} INFO - Started process (PID=3872) to work on /home/shubham/.local/lib/python3.10/site-packages/airflow/example_dags/tutorial_taskflow_api.py
[2023-06-18T14:44:23.324+0530] {processor.py:826} INFO - Processing file /home/shubham/.local/lib/python3.10/site-packages/airflow/example_dags/tutorial_taskflow_api.py for tasks to queue
[2023-06-18T14:44:23.325+0530] {logging_mixin.py:149} INFO - [2023-06-18T14:44:23.325+0530] {dagbag.py:541} INFO - Filling up the DagBag from /home/shubham/.local/lib/python3.10/site-packages/airflow/example_dags/tutorial_taskflow_api.py
[2023-06-18T14:44:23.329+0530] {processor.py:836} INFO - DAG(s) dict_keys(['tutorial_taskflow_api']) retrieved from /home/shubham/.local/lib/python3.10/site-packages/airflow/example_dags/tutorial_taskflow_api.py
[2023-06-18T14:44:23.342+0530] {logging_mixin.py:149} INFO - [2023-06-18T14:44:23.342+0530] {dag.py:2726} INFO - Sync 1 DAGs
[2023-06-18T14:44:23.354+0530] {logging_mixin.py:149} INFO - [2023-06-18T14:44:23.354+0530] {dag.py:3486} INFO - Setting next_dagrun for tutorial_taskflow_api to None, run_after=None
[2023-06-18T14:44:23.371+0530] {processor.py:179} INFO - Processing /home/shubham/.local/lib/python3.10/site-packages/airflow/example_dags/tutorial_taskflow_api.py took 0.050 seconds
[2023-06-18T14:45:06.128+0530] {processor.py:157} INFO - Started process (PID=3916) to work on /home/shubham/.local/lib/python3.10/site-packages/airflow/example_dags/tutorial_taskflow_api.py
[2023-06-18T14:45:06.130+0530] {processor.py:826} INFO - Processing file /home/shubham/.local/lib/python3.10/site-packages/airflow/example_dags/tutorial_taskflow_api.py for tasks to queue
[2023-06-18T14:45:06.130+0530] {logging_mixin.py:149} INFO - [2023-06-18T14:45:06.130+0530] {dagbag.py:541} INFO - Filling up the DagBag from /home/shubham/.local/lib/python3.10/site-packages/airflow/example_dags/tutorial_taskflow_api.py
[2023-06-18T14:45:06.134+0530] {processor.py:836} INFO - DAG(s) dict_keys(['tutorial_taskflow_api']) retrieved from /home/shubham/.local/lib/python3.10/site-packages/airflow/example_dags/tutorial_taskflow_api.py
[2023-06-18T14:45:06.147+0530] {logging_mixin.py:149} INFO - [2023-06-18T14:45:06.147+0530] {dag.py:2726} INFO - Sync 1 DAGs
[2023-06-18T14:45:06.160+0530] {logging_mixin.py:149} INFO - [2023-06-18T14:45:06.159+0530] {dag.py:3486} INFO - Setting next_dagrun for tutorial_taskflow_api to None, run_after=None
[2023-06-18T14:45:06.175+0530] {processor.py:179} INFO - Processing /home/shubham/.local/lib/python3.10/site-packages/airflow/example_dags/tutorial_taskflow_api.py took 0.049 seconds
[2023-06-18T14:45:50.450+0530] {processor.py:157} INFO - Started process (PID=3962) to work on /home/shubham/.local/lib/python3.10/site-packages/airflow/example_dags/tutorial_taskflow_api.py
[2023-06-18T14:45:50.452+0530] {processor.py:826} INFO - Processing file /home/shubham/.local/lib/python3.10/site-packages/airflow/example_dags/tutorial_taskflow_api.py for tasks to queue
[2023-06-18T14:45:50.452+0530] {logging_mixin.py:149} INFO - [2023-06-18T14:45:50.452+0530] {dagbag.py:541} INFO - Filling up the DagBag from /home/shubham/.local/lib/python3.10/site-packages/airflow/example_dags/tutorial_taskflow_api.py
[2023-06-18T14:45:50.456+0530] {processor.py:836} INFO - DAG(s) dict_keys(['tutorial_taskflow_api']) retrieved from /home/shubham/.local/lib/python3.10/site-packages/airflow/example_dags/tutorial_taskflow_api.py
[2023-06-18T14:45:50.469+0530] {logging_mixin.py:149} INFO - [2023-06-18T14:45:50.469+0530] {dag.py:2726} INFO - Sync 1 DAGs
[2023-06-18T14:45:50.481+0530] {logging_mixin.py:149} INFO - [2023-06-18T14:45:50.481+0530] {dag.py:3486} INFO - Setting next_dagrun for tutorial_taskflow_api to None, run_after=None
[2023-06-18T14:45:50.497+0530] {processor.py:179} INFO - Processing /home/shubham/.local/lib/python3.10/site-packages/airflow/example_dags/tutorial_taskflow_api.py took 0.049 seconds
[2023-06-18T14:46:36.611+0530] {processor.py:157} INFO - Started process (PID=4009) to work on /home/shubham/.local/lib/python3.10/site-packages/airflow/example_dags/tutorial_taskflow_api.py
[2023-06-18T14:46:36.612+0530] {processor.py:826} INFO - Processing file /home/shubham/.local/lib/python3.10/site-packages/airflow/example_dags/tutorial_taskflow_api.py for tasks to queue
[2023-06-18T14:46:36.613+0530] {logging_mixin.py:149} INFO - [2023-06-18T14:46:36.613+0530] {dagbag.py:541} INFO - Filling up the DagBag from /home/shubham/.local/lib/python3.10/site-packages/airflow/example_dags/tutorial_taskflow_api.py
[2023-06-18T14:46:36.618+0530] {processor.py:836} INFO - DAG(s) dict_keys(['tutorial_taskflow_api']) retrieved from /home/shubham/.local/lib/python3.10/site-packages/airflow/example_dags/tutorial_taskflow_api.py
[2023-06-18T14:46:36.632+0530] {logging_mixin.py:149} INFO - [2023-06-18T14:46:36.631+0530] {dag.py:2726} INFO - Sync 1 DAGs
[2023-06-18T14:46:36.646+0530] {logging_mixin.py:149} INFO - [2023-06-18T14:46:36.646+0530] {dag.py:3486} INFO - Setting next_dagrun for tutorial_taskflow_api to None, run_after=None
[2023-06-18T14:46:36.666+0530] {processor.py:179} INFO - Processing /home/shubham/.local/lib/python3.10/site-packages/airflow/example_dags/tutorial_taskflow_api.py took 0.058 seconds
[2023-06-18T14:47:22.384+0530] {processor.py:157} INFO - Started process (PID=4057) to work on /home/shubham/.local/lib/python3.10/site-packages/airflow/example_dags/tutorial_taskflow_api.py
[2023-06-18T14:47:22.385+0530] {processor.py:826} INFO - Processing file /home/shubham/.local/lib/python3.10/site-packages/airflow/example_dags/tutorial_taskflow_api.py for tasks to queue
[2023-06-18T14:47:22.386+0530] {logging_mixin.py:149} INFO - [2023-06-18T14:47:22.386+0530] {dagbag.py:541} INFO - Filling up the DagBag from /home/shubham/.local/lib/python3.10/site-packages/airflow/example_dags/tutorial_taskflow_api.py
[2023-06-18T14:47:22.391+0530] {processor.py:836} INFO - DAG(s) dict_keys(['tutorial_taskflow_api']) retrieved from /home/shubham/.local/lib/python3.10/site-packages/airflow/example_dags/tutorial_taskflow_api.py
[2023-06-18T14:47:22.404+0530] {logging_mixin.py:149} INFO - [2023-06-18T14:47:22.403+0530] {dag.py:2726} INFO - Sync 1 DAGs
[2023-06-18T14:47:22.415+0530] {logging_mixin.py:149} INFO - [2023-06-18T14:47:22.415+0530] {dag.py:3486} INFO - Setting next_dagrun for tutorial_taskflow_api to None, run_after=None
[2023-06-18T14:47:22.431+0530] {processor.py:179} INFO - Processing /home/shubham/.local/lib/python3.10/site-packages/airflow/example_dags/tutorial_taskflow_api.py took 0.049 seconds
[2023-06-18T14:48:06.071+0530] {processor.py:157} INFO - Started process (PID=4102) to work on /home/shubham/.local/lib/python3.10/site-packages/airflow/example_dags/tutorial_taskflow_api.py
[2023-06-18T14:48:06.072+0530] {processor.py:826} INFO - Processing file /home/shubham/.local/lib/python3.10/site-packages/airflow/example_dags/tutorial_taskflow_api.py for tasks to queue
[2023-06-18T14:48:06.073+0530] {logging_mixin.py:149} INFO - [2023-06-18T14:48:06.073+0530] {dagbag.py:541} INFO - Filling up the DagBag from /home/shubham/.local/lib/python3.10/site-packages/airflow/example_dags/tutorial_taskflow_api.py
[2023-06-18T14:48:06.077+0530] {processor.py:836} INFO - DAG(s) dict_keys(['tutorial_taskflow_api']) retrieved from /home/shubham/.local/lib/python3.10/site-packages/airflow/example_dags/tutorial_taskflow_api.py
[2023-06-18T14:48:06.090+0530] {logging_mixin.py:149} INFO - [2023-06-18T14:48:06.090+0530] {dag.py:2726} INFO - Sync 1 DAGs
[2023-06-18T14:48:06.102+0530] {logging_mixin.py:149} INFO - [2023-06-18T14:48:06.102+0530] {dag.py:3486} INFO - Setting next_dagrun for tutorial_taskflow_api to None, run_after=None
[2023-06-18T14:48:06.118+0530] {processor.py:179} INFO - Processing /home/shubham/.local/lib/python3.10/site-packages/airflow/example_dags/tutorial_taskflow_api.py took 0.050 seconds
[2023-06-18T14:48:51.365+0530] {processor.py:157} INFO - Started process (PID=4150) to work on /home/shubham/.local/lib/python3.10/site-packages/airflow/example_dags/tutorial_taskflow_api.py
[2023-06-18T14:48:51.366+0530] {processor.py:826} INFO - Processing file /home/shubham/.local/lib/python3.10/site-packages/airflow/example_dags/tutorial_taskflow_api.py for tasks to queue
[2023-06-18T14:48:51.366+0530] {logging_mixin.py:149} INFO - [2023-06-18T14:48:51.366+0530] {dagbag.py:541} INFO - Filling up the DagBag from /home/shubham/.local/lib/python3.10/site-packages/airflow/example_dags/tutorial_taskflow_api.py
[2023-06-18T14:48:51.371+0530] {processor.py:836} INFO - DAG(s) dict_keys(['tutorial_taskflow_api']) retrieved from /home/shubham/.local/lib/python3.10/site-packages/airflow/example_dags/tutorial_taskflow_api.py
[2023-06-18T14:48:51.384+0530] {logging_mixin.py:149} INFO - [2023-06-18T14:48:51.384+0530] {dag.py:2726} INFO - Sync 1 DAGs
[2023-06-18T14:48:51.396+0530] {logging_mixin.py:149} INFO - [2023-06-18T14:48:51.396+0530] {dag.py:3486} INFO - Setting next_dagrun for tutorial_taskflow_api to None, run_after=None
[2023-06-18T14:48:51.412+0530] {processor.py:179} INFO - Processing /home/shubham/.local/lib/python3.10/site-packages/airflow/example_dags/tutorial_taskflow_api.py took 0.050 seconds
[2023-06-18T14:49:34.703+0530] {processor.py:157} INFO - Started process (PID=4195) to work on /home/shubham/.local/lib/python3.10/site-packages/airflow/example_dags/tutorial_taskflow_api.py
[2023-06-18T14:49:34.704+0530] {processor.py:826} INFO - Processing file /home/shubham/.local/lib/python3.10/site-packages/airflow/example_dags/tutorial_taskflow_api.py for tasks to queue
[2023-06-18T14:49:34.704+0530] {logging_mixin.py:149} INFO - [2023-06-18T14:49:34.704+0530] {dagbag.py:541} INFO - Filling up the DagBag from /home/shubham/.local/lib/python3.10/site-packages/airflow/example_dags/tutorial_taskflow_api.py
[2023-06-18T14:49:34.709+0530] {processor.py:836} INFO - DAG(s) dict_keys(['tutorial_taskflow_api']) retrieved from /home/shubham/.local/lib/python3.10/site-packages/airflow/example_dags/tutorial_taskflow_api.py
[2023-06-18T14:49:34.722+0530] {logging_mixin.py:149} INFO - [2023-06-18T14:49:34.722+0530] {dag.py:2726} INFO - Sync 1 DAGs
[2023-06-18T14:49:34.734+0530] {logging_mixin.py:149} INFO - [2023-06-18T14:49:34.734+0530] {dag.py:3486} INFO - Setting next_dagrun for tutorial_taskflow_api to None, run_after=None
[2023-06-18T14:49:34.751+0530] {processor.py:179} INFO - Processing /home/shubham/.local/lib/python3.10/site-packages/airflow/example_dags/tutorial_taskflow_api.py took 0.050 seconds
[2023-06-18T14:50:17.597+0530] {processor.py:157} INFO - Started process (PID=4241) to work on /home/shubham/.local/lib/python3.10/site-packages/airflow/example_dags/tutorial_taskflow_api.py
[2023-06-18T14:50:17.598+0530] {processor.py:826} INFO - Processing file /home/shubham/.local/lib/python3.10/site-packages/airflow/example_dags/tutorial_taskflow_api.py for tasks to queue
[2023-06-18T14:50:17.599+0530] {logging_mixin.py:149} INFO - [2023-06-18T14:50:17.599+0530] {dagbag.py:541} INFO - Filling up the DagBag from /home/shubham/.local/lib/python3.10/site-packages/airflow/example_dags/tutorial_taskflow_api.py
[2023-06-18T14:50:17.603+0530] {processor.py:836} INFO - DAG(s) dict_keys(['tutorial_taskflow_api']) retrieved from /home/shubham/.local/lib/python3.10/site-packages/airflow/example_dags/tutorial_taskflow_api.py
[2023-06-18T14:50:17.618+0530] {logging_mixin.py:149} INFO - [2023-06-18T14:50:17.618+0530] {dag.py:2726} INFO - Sync 1 DAGs
[2023-06-18T14:50:17.630+0530] {logging_mixin.py:149} INFO - [2023-06-18T14:50:17.629+0530] {dag.py:3486} INFO - Setting next_dagrun for tutorial_taskflow_api to None, run_after=None
[2023-06-18T14:50:17.652+0530] {processor.py:179} INFO - Processing /home/shubham/.local/lib/python3.10/site-packages/airflow/example_dags/tutorial_taskflow_api.py took 0.058 seconds
[2023-06-18T14:51:00.805+0530] {processor.py:157} INFO - Started process (PID=4287) to work on /home/shubham/.local/lib/python3.10/site-packages/airflow/example_dags/tutorial_taskflow_api.py
[2023-06-18T14:51:00.806+0530] {processor.py:826} INFO - Processing file /home/shubham/.local/lib/python3.10/site-packages/airflow/example_dags/tutorial_taskflow_api.py for tasks to queue
[2023-06-18T14:51:00.807+0530] {logging_mixin.py:149} INFO - [2023-06-18T14:51:00.807+0530] {dagbag.py:541} INFO - Filling up the DagBag from /home/shubham/.local/lib/python3.10/site-packages/airflow/example_dags/tutorial_taskflow_api.py
[2023-06-18T14:51:00.811+0530] {processor.py:836} INFO - DAG(s) dict_keys(['tutorial_taskflow_api']) retrieved from /home/shubham/.local/lib/python3.10/site-packages/airflow/example_dags/tutorial_taskflow_api.py
[2023-06-18T14:51:00.824+0530] {logging_mixin.py:149} INFO - [2023-06-18T14:51:00.824+0530] {dag.py:2726} INFO - Sync 1 DAGs
[2023-06-18T14:51:00.837+0530] {logging_mixin.py:149} INFO - [2023-06-18T14:51:00.836+0530] {dag.py:3486} INFO - Setting next_dagrun for tutorial_taskflow_api to None, run_after=None
[2023-06-18T14:51:00.853+0530] {processor.py:179} INFO - Processing /home/shubham/.local/lib/python3.10/site-packages/airflow/example_dags/tutorial_taskflow_api.py took 0.051 seconds
[2023-06-18T14:51:43.581+0530] {processor.py:157} INFO - Started process (PID=4331) to work on /home/shubham/.local/lib/python3.10/site-packages/airflow/example_dags/tutorial_taskflow_api.py
[2023-06-18T14:51:43.582+0530] {processor.py:826} INFO - Processing file /home/shubham/.local/lib/python3.10/site-packages/airflow/example_dags/tutorial_taskflow_api.py for tasks to queue
[2023-06-18T14:51:43.583+0530] {logging_mixin.py:149} INFO - [2023-06-18T14:51:43.583+0530] {dagbag.py:541} INFO - Filling up the DagBag from /home/shubham/.local/lib/python3.10/site-packages/airflow/example_dags/tutorial_taskflow_api.py
[2023-06-18T14:51:43.587+0530] {processor.py:836} INFO - DAG(s) dict_keys(['tutorial_taskflow_api']) retrieved from /home/shubham/.local/lib/python3.10/site-packages/airflow/example_dags/tutorial_taskflow_api.py
[2023-06-18T14:51:43.600+0530] {logging_mixin.py:149} INFO - [2023-06-18T14:51:43.599+0530] {dag.py:2726} INFO - Sync 1 DAGs
[2023-06-18T14:51:43.612+0530] {logging_mixin.py:149} INFO - [2023-06-18T14:51:43.612+0530] {dag.py:3486} INFO - Setting next_dagrun for tutorial_taskflow_api to None, run_after=None
[2023-06-18T14:51:43.630+0530] {processor.py:179} INFO - Processing /home/shubham/.local/lib/python3.10/site-packages/airflow/example_dags/tutorial_taskflow_api.py took 0.052 seconds
[2023-06-18T14:52:22.921+0530] {processor.py:157} INFO - Started process (PID=4373) to work on /home/shubham/.local/lib/python3.10/site-packages/airflow/example_dags/tutorial_taskflow_api.py
[2023-06-18T14:52:22.923+0530] {processor.py:826} INFO - Processing file /home/shubham/.local/lib/python3.10/site-packages/airflow/example_dags/tutorial_taskflow_api.py for tasks to queue
[2023-06-18T14:52:22.923+0530] {logging_mixin.py:149} INFO - [2023-06-18T14:52:22.923+0530] {dagbag.py:541} INFO - Filling up the DagBag from /home/shubham/.local/lib/python3.10/site-packages/airflow/example_dags/tutorial_taskflow_api.py
[2023-06-18T14:52:22.927+0530] {processor.py:836} INFO - DAG(s) dict_keys(['tutorial_taskflow_api']) retrieved from /home/shubham/.local/lib/python3.10/site-packages/airflow/example_dags/tutorial_taskflow_api.py
[2023-06-18T14:52:22.941+0530] {logging_mixin.py:149} INFO - [2023-06-18T14:52:22.941+0530] {dag.py:2726} INFO - Sync 1 DAGs
[2023-06-18T14:52:22.953+0530] {logging_mixin.py:149} INFO - [2023-06-18T14:52:22.953+0530] {dag.py:3486} INFO - Setting next_dagrun for tutorial_taskflow_api to None, run_after=None
[2023-06-18T14:52:22.970+0530] {processor.py:179} INFO - Processing /home/shubham/.local/lib/python3.10/site-packages/airflow/example_dags/tutorial_taskflow_api.py took 0.051 seconds
[2023-06-18T14:53:05.132+0530] {processor.py:157} INFO - Started process (PID=4416) to work on /home/shubham/.local/lib/python3.10/site-packages/airflow/example_dags/tutorial_taskflow_api.py
[2023-06-18T14:53:05.134+0530] {processor.py:826} INFO - Processing file /home/shubham/.local/lib/python3.10/site-packages/airflow/example_dags/tutorial_taskflow_api.py for tasks to queue
[2023-06-18T14:53:05.134+0530] {logging_mixin.py:149} INFO - [2023-06-18T14:53:05.134+0530] {dagbag.py:541} INFO - Filling up the DagBag from /home/shubham/.local/lib/python3.10/site-packages/airflow/example_dags/tutorial_taskflow_api.py
[2023-06-18T14:53:05.139+0530] {processor.py:836} INFO - DAG(s) dict_keys(['tutorial_taskflow_api']) retrieved from /home/shubham/.local/lib/python3.10/site-packages/airflow/example_dags/tutorial_taskflow_api.py
[2023-06-18T14:53:05.151+0530] {logging_mixin.py:149} INFO - [2023-06-18T14:53:05.151+0530] {dag.py:2726} INFO - Sync 1 DAGs
[2023-06-18T14:53:05.164+0530] {logging_mixin.py:149} INFO - [2023-06-18T14:53:05.163+0530] {dag.py:3486} INFO - Setting next_dagrun for tutorial_taskflow_api to None, run_after=None
[2023-06-18T14:53:05.181+0530] {processor.py:179} INFO - Processing /home/shubham/.local/lib/python3.10/site-packages/airflow/example_dags/tutorial_taskflow_api.py took 0.051 seconds
[2023-06-18T14:53:50.143+0530] {processor.py:157} INFO - Started process (PID=4462) to work on /home/shubham/.local/lib/python3.10/site-packages/airflow/example_dags/tutorial_taskflow_api.py
[2023-06-18T14:53:50.145+0530] {processor.py:826} INFO - Processing file /home/shubham/.local/lib/python3.10/site-packages/airflow/example_dags/tutorial_taskflow_api.py for tasks to queue
[2023-06-18T14:53:50.146+0530] {logging_mixin.py:149} INFO - [2023-06-18T14:53:50.146+0530] {dagbag.py:541} INFO - Filling up the DagBag from /home/shubham/.local/lib/python3.10/site-packages/airflow/example_dags/tutorial_taskflow_api.py
[2023-06-18T14:53:50.152+0530] {processor.py:836} INFO - DAG(s) dict_keys(['tutorial_taskflow_api']) retrieved from /home/shubham/.local/lib/python3.10/site-packages/airflow/example_dags/tutorial_taskflow_api.py
[2023-06-18T14:53:50.169+0530] {logging_mixin.py:149} INFO - [2023-06-18T14:53:50.169+0530] {dag.py:2726} INFO - Sync 1 DAGs
[2023-06-18T14:53:50.186+0530] {logging_mixin.py:149} INFO - [2023-06-18T14:53:50.186+0530] {dag.py:3486} INFO - Setting next_dagrun for tutorial_taskflow_api to None, run_after=None
[2023-06-18T14:53:50.204+0530] {processor.py:179} INFO - Processing /home/shubham/.local/lib/python3.10/site-packages/airflow/example_dags/tutorial_taskflow_api.py took 0.063 seconds
[2023-06-18T14:54:37.476+0530] {processor.py:157} INFO - Started process (PID=4510) to work on /home/shubham/.local/lib/python3.10/site-packages/airflow/example_dags/tutorial_taskflow_api.py
[2023-06-18T14:54:37.477+0530] {processor.py:826} INFO - Processing file /home/shubham/.local/lib/python3.10/site-packages/airflow/example_dags/tutorial_taskflow_api.py for tasks to queue
[2023-06-18T14:54:37.478+0530] {logging_mixin.py:149} INFO - [2023-06-18T14:54:37.478+0530] {dagbag.py:541} INFO - Filling up the DagBag from /home/shubham/.local/lib/python3.10/site-packages/airflow/example_dags/tutorial_taskflow_api.py
[2023-06-18T14:54:37.482+0530] {processor.py:836} INFO - DAG(s) dict_keys(['tutorial_taskflow_api']) retrieved from /home/shubham/.local/lib/python3.10/site-packages/airflow/example_dags/tutorial_taskflow_api.py
[2023-06-18T14:54:37.495+0530] {logging_mixin.py:149} INFO - [2023-06-18T14:54:37.495+0530] {dag.py:2726} INFO - Sync 1 DAGs
[2023-06-18T14:54:37.508+0530] {logging_mixin.py:149} INFO - [2023-06-18T14:54:37.507+0530] {dag.py:3486} INFO - Setting next_dagrun for tutorial_taskflow_api to None, run_after=None
[2023-06-18T14:54:37.524+0530] {processor.py:179} INFO - Processing /home/shubham/.local/lib/python3.10/site-packages/airflow/example_dags/tutorial_taskflow_api.py took 0.050 seconds
[2023-06-18T14:55:19.573+0530] {processor.py:157} INFO - Started process (PID=4556) to work on /home/shubham/.local/lib/python3.10/site-packages/airflow/example_dags/tutorial_taskflow_api.py
[2023-06-18T14:55:19.574+0530] {processor.py:826} INFO - Processing file /home/shubham/.local/lib/python3.10/site-packages/airflow/example_dags/tutorial_taskflow_api.py for tasks to queue
[2023-06-18T14:55:19.575+0530] {logging_mixin.py:149} INFO - [2023-06-18T14:55:19.575+0530] {dagbag.py:541} INFO - Filling up the DagBag from /home/shubham/.local/lib/python3.10/site-packages/airflow/example_dags/tutorial_taskflow_api.py
[2023-06-18T14:55:19.579+0530] {processor.py:836} INFO - DAG(s) dict_keys(['tutorial_taskflow_api']) retrieved from /home/shubham/.local/lib/python3.10/site-packages/airflow/example_dags/tutorial_taskflow_api.py
[2023-06-18T14:55:19.592+0530] {logging_mixin.py:149} INFO - [2023-06-18T14:55:19.592+0530] {dag.py:2726} INFO - Sync 1 DAGs
[2023-06-18T14:55:19.604+0530] {logging_mixin.py:149} INFO - [2023-06-18T14:55:19.604+0530] {dag.py:3486} INFO - Setting next_dagrun for tutorial_taskflow_api to None, run_after=None
[2023-06-18T14:55:19.620+0530] {processor.py:179} INFO - Processing /home/shubham/.local/lib/python3.10/site-packages/airflow/example_dags/tutorial_taskflow_api.py took 0.050 seconds
[2023-06-18T14:56:05.164+0530] {processor.py:157} INFO - Started process (PID=4603) to work on /home/shubham/.local/lib/python3.10/site-packages/airflow/example_dags/tutorial_taskflow_api.py
[2023-06-18T14:56:05.165+0530] {processor.py:826} INFO - Processing file /home/shubham/.local/lib/python3.10/site-packages/airflow/example_dags/tutorial_taskflow_api.py for tasks to queue
[2023-06-18T14:56:05.166+0530] {logging_mixin.py:149} INFO - [2023-06-18T14:56:05.166+0530] {dagbag.py:541} INFO - Filling up the DagBag from /home/shubham/.local/lib/python3.10/site-packages/airflow/example_dags/tutorial_taskflow_api.py
[2023-06-18T14:56:05.170+0530] {processor.py:836} INFO - DAG(s) dict_keys(['tutorial_taskflow_api']) retrieved from /home/shubham/.local/lib/python3.10/site-packages/airflow/example_dags/tutorial_taskflow_api.py
[2023-06-18T14:56:05.185+0530] {logging_mixin.py:149} INFO - [2023-06-18T14:56:05.184+0530] {dag.py:2726} INFO - Sync 1 DAGs
[2023-06-18T14:56:05.198+0530] {logging_mixin.py:149} INFO - [2023-06-18T14:56:05.198+0530] {dag.py:3486} INFO - Setting next_dagrun for tutorial_taskflow_api to None, run_after=None
[2023-06-18T14:56:05.214+0530] {processor.py:179} INFO - Processing /home/shubham/.local/lib/python3.10/site-packages/airflow/example_dags/tutorial_taskflow_api.py took 0.053 seconds
[2023-06-18T14:56:49.904+0530] {processor.py:157} INFO - Started process (PID=4649) to work on /home/shubham/.local/lib/python3.10/site-packages/airflow/example_dags/tutorial_taskflow_api.py
[2023-06-18T14:56:49.906+0530] {processor.py:826} INFO - Processing file /home/shubham/.local/lib/python3.10/site-packages/airflow/example_dags/tutorial_taskflow_api.py for tasks to queue
[2023-06-18T14:56:49.906+0530] {logging_mixin.py:149} INFO - [2023-06-18T14:56:49.906+0530] {dagbag.py:541} INFO - Filling up the DagBag from /home/shubham/.local/lib/python3.10/site-packages/airflow/example_dags/tutorial_taskflow_api.py
[2023-06-18T14:56:49.910+0530] {processor.py:836} INFO - DAG(s) dict_keys(['tutorial_taskflow_api']) retrieved from /home/shubham/.local/lib/python3.10/site-packages/airflow/example_dags/tutorial_taskflow_api.py
[2023-06-18T14:56:49.923+0530] {logging_mixin.py:149} INFO - [2023-06-18T14:56:49.923+0530] {dag.py:2726} INFO - Sync 1 DAGs
[2023-06-18T14:56:49.936+0530] {logging_mixin.py:149} INFO - [2023-06-18T14:56:49.936+0530] {dag.py:3486} INFO - Setting next_dagrun for tutorial_taskflow_api to None, run_after=None
[2023-06-18T14:56:49.953+0530] {processor.py:179} INFO - Processing /home/shubham/.local/lib/python3.10/site-packages/airflow/example_dags/tutorial_taskflow_api.py took 0.051 seconds
[2023-06-18T14:57:31.086+0530] {processor.py:157} INFO - Started process (PID=4697) to work on /home/shubham/.local/lib/python3.10/site-packages/airflow/example_dags/tutorial_taskflow_api.py
[2023-06-18T14:57:31.087+0530] {processor.py:826} INFO - Processing file /home/shubham/.local/lib/python3.10/site-packages/airflow/example_dags/tutorial_taskflow_api.py for tasks to queue
[2023-06-18T14:57:31.087+0530] {logging_mixin.py:149} INFO - [2023-06-18T14:57:31.087+0530] {dagbag.py:541} INFO - Filling up the DagBag from /home/shubham/.local/lib/python3.10/site-packages/airflow/example_dags/tutorial_taskflow_api.py
[2023-06-18T14:57:31.092+0530] {processor.py:836} INFO - DAG(s) dict_keys(['tutorial_taskflow_api']) retrieved from /home/shubham/.local/lib/python3.10/site-packages/airflow/example_dags/tutorial_taskflow_api.py
[2023-06-18T14:57:31.105+0530] {logging_mixin.py:149} INFO - [2023-06-18T14:57:31.104+0530] {dag.py:2726} INFO - Sync 1 DAGs
[2023-06-18T14:57:31.117+0530] {logging_mixin.py:149} INFO - [2023-06-18T14:57:31.117+0530] {dag.py:3486} INFO - Setting next_dagrun for tutorial_taskflow_api to None, run_after=None
[2023-06-18T14:57:31.134+0530] {processor.py:179} INFO - Processing /home/shubham/.local/lib/python3.10/site-packages/airflow/example_dags/tutorial_taskflow_api.py took 0.051 seconds
[2023-06-18T14:58:13.940+0530] {processor.py:157} INFO - Started process (PID=4742) to work on /home/shubham/.local/lib/python3.10/site-packages/airflow/example_dags/tutorial_taskflow_api.py
[2023-06-18T14:58:13.941+0530] {processor.py:826} INFO - Processing file /home/shubham/.local/lib/python3.10/site-packages/airflow/example_dags/tutorial_taskflow_api.py for tasks to queue
[2023-06-18T14:58:13.942+0530] {logging_mixin.py:149} INFO - [2023-06-18T14:58:13.942+0530] {dagbag.py:541} INFO - Filling up the DagBag from /home/shubham/.local/lib/python3.10/site-packages/airflow/example_dags/tutorial_taskflow_api.py
[2023-06-18T14:58:13.946+0530] {processor.py:836} INFO - DAG(s) dict_keys(['tutorial_taskflow_api']) retrieved from /home/shubham/.local/lib/python3.10/site-packages/airflow/example_dags/tutorial_taskflow_api.py
[2023-06-18T14:58:13.959+0530] {logging_mixin.py:149} INFO - [2023-06-18T14:58:13.959+0530] {dag.py:2726} INFO - Sync 1 DAGs
[2023-06-18T14:58:13.971+0530] {logging_mixin.py:149} INFO - [2023-06-18T14:58:13.971+0530] {dag.py:3486} INFO - Setting next_dagrun for tutorial_taskflow_api to None, run_after=None
[2023-06-18T14:58:13.987+0530] {processor.py:179} INFO - Processing /home/shubham/.local/lib/python3.10/site-packages/airflow/example_dags/tutorial_taskflow_api.py took 0.050 seconds
[2023-06-18T14:58:56.160+0530] {processor.py:157} INFO - Started process (PID=4786) to work on /home/shubham/.local/lib/python3.10/site-packages/airflow/example_dags/tutorial_taskflow_api.py
[2023-06-18T14:58:56.161+0530] {processor.py:826} INFO - Processing file /home/shubham/.local/lib/python3.10/site-packages/airflow/example_dags/tutorial_taskflow_api.py for tasks to queue
[2023-06-18T14:58:56.162+0530] {logging_mixin.py:149} INFO - [2023-06-18T14:58:56.162+0530] {dagbag.py:541} INFO - Filling up the DagBag from /home/shubham/.local/lib/python3.10/site-packages/airflow/example_dags/tutorial_taskflow_api.py
[2023-06-18T14:58:56.166+0530] {processor.py:836} INFO - DAG(s) dict_keys(['tutorial_taskflow_api']) retrieved from /home/shubham/.local/lib/python3.10/site-packages/airflow/example_dags/tutorial_taskflow_api.py
[2023-06-18T14:58:56.180+0530] {logging_mixin.py:149} INFO - [2023-06-18T14:58:56.180+0530] {dag.py:2726} INFO - Sync 1 DAGs
[2023-06-18T14:58:56.194+0530] {logging_mixin.py:149} INFO - [2023-06-18T14:58:56.193+0530] {dag.py:3486} INFO - Setting next_dagrun for tutorial_taskflow_api to None, run_after=None
[2023-06-18T14:58:56.211+0530] {processor.py:179} INFO - Processing /home/shubham/.local/lib/python3.10/site-packages/airflow/example_dags/tutorial_taskflow_api.py took 0.054 seconds
[2023-06-18T14:59:39.337+0530] {processor.py:157} INFO - Started process (PID=4832) to work on /home/shubham/.local/lib/python3.10/site-packages/airflow/example_dags/tutorial_taskflow_api.py
[2023-06-18T14:59:39.339+0530] {processor.py:826} INFO - Processing file /home/shubham/.local/lib/python3.10/site-packages/airflow/example_dags/tutorial_taskflow_api.py for tasks to queue
[2023-06-18T14:59:39.339+0530] {logging_mixin.py:149} INFO - [2023-06-18T14:59:39.339+0530] {dagbag.py:541} INFO - Filling up the DagBag from /home/shubham/.local/lib/python3.10/site-packages/airflow/example_dags/tutorial_taskflow_api.py
[2023-06-18T14:59:39.344+0530] {processor.py:836} INFO - DAG(s) dict_keys(['tutorial_taskflow_api']) retrieved from /home/shubham/.local/lib/python3.10/site-packages/airflow/example_dags/tutorial_taskflow_api.py
[2023-06-18T14:59:39.357+0530] {logging_mixin.py:149} INFO - [2023-06-18T14:59:39.357+0530] {dag.py:2726} INFO - Sync 1 DAGs
[2023-06-18T14:59:39.369+0530] {logging_mixin.py:149} INFO - [2023-06-18T14:59:39.369+0530] {dag.py:3486} INFO - Setting next_dagrun for tutorial_taskflow_api to None, run_after=None
[2023-06-18T14:59:39.388+0530] {processor.py:179} INFO - Processing /home/shubham/.local/lib/python3.10/site-packages/airflow/example_dags/tutorial_taskflow_api.py took 0.053 seconds
[2023-06-18T15:00:21.345+0530] {processor.py:157} INFO - Started process (PID=4875) to work on /home/shubham/.local/lib/python3.10/site-packages/airflow/example_dags/tutorial_taskflow_api.py
[2023-06-18T15:00:21.347+0530] {processor.py:826} INFO - Processing file /home/shubham/.local/lib/python3.10/site-packages/airflow/example_dags/tutorial_taskflow_api.py for tasks to queue
[2023-06-18T15:00:21.348+0530] {logging_mixin.py:149} INFO - [2023-06-18T15:00:21.347+0530] {dagbag.py:541} INFO - Filling up the DagBag from /home/shubham/.local/lib/python3.10/site-packages/airflow/example_dags/tutorial_taskflow_api.py
[2023-06-18T15:00:21.352+0530] {processor.py:836} INFO - DAG(s) dict_keys(['tutorial_taskflow_api']) retrieved from /home/shubham/.local/lib/python3.10/site-packages/airflow/example_dags/tutorial_taskflow_api.py
[2023-06-18T15:00:21.365+0530] {logging_mixin.py:149} INFO - [2023-06-18T15:00:21.365+0530] {dag.py:2726} INFO - Sync 1 DAGs
[2023-06-18T15:00:21.377+0530] {logging_mixin.py:149} INFO - [2023-06-18T15:00:21.377+0530] {dag.py:3486} INFO - Setting next_dagrun for tutorial_taskflow_api to None, run_after=None
[2023-06-18T15:00:21.394+0530] {processor.py:179} INFO - Processing /home/shubham/.local/lib/python3.10/site-packages/airflow/example_dags/tutorial_taskflow_api.py took 0.051 seconds
[2023-06-18T15:01:08.289+0530] {processor.py:157} INFO - Started process (PID=4924) to work on /home/shubham/.local/lib/python3.10/site-packages/airflow/example_dags/tutorial_taskflow_api.py
[2023-06-18T15:01:08.291+0530] {processor.py:826} INFO - Processing file /home/shubham/.local/lib/python3.10/site-packages/airflow/example_dags/tutorial_taskflow_api.py for tasks to queue
[2023-06-18T15:01:08.291+0530] {logging_mixin.py:149} INFO - [2023-06-18T15:01:08.291+0530] {dagbag.py:541} INFO - Filling up the DagBag from /home/shubham/.local/lib/python3.10/site-packages/airflow/example_dags/tutorial_taskflow_api.py
[2023-06-18T15:01:08.295+0530] {processor.py:836} INFO - DAG(s) dict_keys(['tutorial_taskflow_api']) retrieved from /home/shubham/.local/lib/python3.10/site-packages/airflow/example_dags/tutorial_taskflow_api.py
[2023-06-18T15:01:08.309+0530] {logging_mixin.py:149} INFO - [2023-06-18T15:01:08.309+0530] {dag.py:2726} INFO - Sync 1 DAGs
[2023-06-18T15:01:08.321+0530] {logging_mixin.py:149} INFO - [2023-06-18T15:01:08.321+0530] {dag.py:3486} INFO - Setting next_dagrun for tutorial_taskflow_api to None, run_after=None
[2023-06-18T15:01:08.338+0530] {processor.py:179} INFO - Processing /home/shubham/.local/lib/python3.10/site-packages/airflow/example_dags/tutorial_taskflow_api.py took 0.051 seconds
[2023-06-18T15:01:53.955+0530] {processor.py:157} INFO - Started process (PID=4970) to work on /home/shubham/.local/lib/python3.10/site-packages/airflow/example_dags/tutorial_taskflow_api.py
[2023-06-18T15:01:53.957+0530] {processor.py:826} INFO - Processing file /home/shubham/.local/lib/python3.10/site-packages/airflow/example_dags/tutorial_taskflow_api.py for tasks to queue
[2023-06-18T15:01:53.957+0530] {logging_mixin.py:149} INFO - [2023-06-18T15:01:53.957+0530] {dagbag.py:541} INFO - Filling up the DagBag from /home/shubham/.local/lib/python3.10/site-packages/airflow/example_dags/tutorial_taskflow_api.py
[2023-06-18T15:01:53.962+0530] {processor.py:836} INFO - DAG(s) dict_keys(['tutorial_taskflow_api']) retrieved from /home/shubham/.local/lib/python3.10/site-packages/airflow/example_dags/tutorial_taskflow_api.py
[2023-06-18T15:01:53.975+0530] {logging_mixin.py:149} INFO - [2023-06-18T15:01:53.974+0530] {dag.py:2726} INFO - Sync 1 DAGs
[2023-06-18T15:01:53.986+0530] {logging_mixin.py:149} INFO - [2023-06-18T15:01:53.986+0530] {dag.py:3486} INFO - Setting next_dagrun for tutorial_taskflow_api to None, run_after=None
[2023-06-18T15:01:54.002+0530] {processor.py:179} INFO - Processing /home/shubham/.local/lib/python3.10/site-packages/airflow/example_dags/tutorial_taskflow_api.py took 0.049 seconds
[2023-06-18T15:02:35.706+0530] {processor.py:157} INFO - Started process (PID=5016) to work on /home/shubham/.local/lib/python3.10/site-packages/airflow/example_dags/tutorial_taskflow_api.py
[2023-06-18T15:02:35.707+0530] {processor.py:826} INFO - Processing file /home/shubham/.local/lib/python3.10/site-packages/airflow/example_dags/tutorial_taskflow_api.py for tasks to queue
[2023-06-18T15:02:35.708+0530] {logging_mixin.py:149} INFO - [2023-06-18T15:02:35.708+0530] {dagbag.py:541} INFO - Filling up the DagBag from /home/shubham/.local/lib/python3.10/site-packages/airflow/example_dags/tutorial_taskflow_api.py
[2023-06-18T15:02:35.712+0530] {processor.py:836} INFO - DAG(s) dict_keys(['tutorial_taskflow_api']) retrieved from /home/shubham/.local/lib/python3.10/site-packages/airflow/example_dags/tutorial_taskflow_api.py
[2023-06-18T15:02:35.725+0530] {logging_mixin.py:149} INFO - [2023-06-18T15:02:35.725+0530] {dag.py:2726} INFO - Sync 1 DAGs
[2023-06-18T15:02:35.737+0530] {logging_mixin.py:149} INFO - [2023-06-18T15:02:35.737+0530] {dag.py:3486} INFO - Setting next_dagrun for tutorial_taskflow_api to None, run_after=None
[2023-06-18T15:02:35.754+0530] {processor.py:179} INFO - Processing /home/shubham/.local/lib/python3.10/site-packages/airflow/example_dags/tutorial_taskflow_api.py took 0.050 seconds
[2023-06-18T15:03:17.699+0530] {processor.py:157} INFO - Started process (PID=5059) to work on /home/shubham/.local/lib/python3.10/site-packages/airflow/example_dags/tutorial_taskflow_api.py
[2023-06-18T15:03:17.701+0530] {processor.py:826} INFO - Processing file /home/shubham/.local/lib/python3.10/site-packages/airflow/example_dags/tutorial_taskflow_api.py for tasks to queue
[2023-06-18T15:03:17.701+0530] {logging_mixin.py:149} INFO - [2023-06-18T15:03:17.701+0530] {dagbag.py:541} INFO - Filling up the DagBag from /home/shubham/.local/lib/python3.10/site-packages/airflow/example_dags/tutorial_taskflow_api.py
[2023-06-18T15:03:17.705+0530] {processor.py:836} INFO - DAG(s) dict_keys(['tutorial_taskflow_api']) retrieved from /home/shubham/.local/lib/python3.10/site-packages/airflow/example_dags/tutorial_taskflow_api.py
[2023-06-18T15:03:17.718+0530] {logging_mixin.py:149} INFO - [2023-06-18T15:03:17.718+0530] {dag.py:2726} INFO - Sync 1 DAGs
[2023-06-18T15:03:17.730+0530] {logging_mixin.py:149} INFO - [2023-06-18T15:03:17.730+0530] {dag.py:3486} INFO - Setting next_dagrun for tutorial_taskflow_api to None, run_after=None
[2023-06-18T15:03:17.748+0530] {processor.py:179} INFO - Processing /home/shubham/.local/lib/python3.10/site-packages/airflow/example_dags/tutorial_taskflow_api.py took 0.051 seconds
[2023-06-18T15:04:02.794+0530] {processor.py:157} INFO - Started process (PID=5105) to work on /home/shubham/.local/lib/python3.10/site-packages/airflow/example_dags/tutorial_taskflow_api.py
[2023-06-18T15:04:02.795+0530] {processor.py:826} INFO - Processing file /home/shubham/.local/lib/python3.10/site-packages/airflow/example_dags/tutorial_taskflow_api.py for tasks to queue
[2023-06-18T15:04:02.795+0530] {logging_mixin.py:149} INFO - [2023-06-18T15:04:02.795+0530] {dagbag.py:541} INFO - Filling up the DagBag from /home/shubham/.local/lib/python3.10/site-packages/airflow/example_dags/tutorial_taskflow_api.py
[2023-06-18T15:04:02.799+0530] {processor.py:836} INFO - DAG(s) dict_keys(['tutorial_taskflow_api']) retrieved from /home/shubham/.local/lib/python3.10/site-packages/airflow/example_dags/tutorial_taskflow_api.py
[2023-06-18T15:04:02.812+0530] {logging_mixin.py:149} INFO - [2023-06-18T15:04:02.812+0530] {dag.py:2726} INFO - Sync 1 DAGs
[2023-06-18T15:04:02.824+0530] {logging_mixin.py:149} INFO - [2023-06-18T15:04:02.824+0530] {dag.py:3486} INFO - Setting next_dagrun for tutorial_taskflow_api to None, run_after=None
[2023-06-18T15:04:02.841+0530] {processor.py:179} INFO - Processing /home/shubham/.local/lib/python3.10/site-packages/airflow/example_dags/tutorial_taskflow_api.py took 0.049 seconds
[2023-06-18T15:04:46.081+0530] {processor.py:157} INFO - Started process (PID=5151) to work on /home/shubham/.local/lib/python3.10/site-packages/airflow/example_dags/tutorial_taskflow_api.py
[2023-06-18T15:04:46.083+0530] {processor.py:826} INFO - Processing file /home/shubham/.local/lib/python3.10/site-packages/airflow/example_dags/tutorial_taskflow_api.py for tasks to queue
[2023-06-18T15:04:46.083+0530] {logging_mixin.py:149} INFO - [2023-06-18T15:04:46.083+0530] {dagbag.py:541} INFO - Filling up the DagBag from /home/shubham/.local/lib/python3.10/site-packages/airflow/example_dags/tutorial_taskflow_api.py
[2023-06-18T15:04:46.088+0530] {processor.py:836} INFO - DAG(s) dict_keys(['tutorial_taskflow_api']) retrieved from /home/shubham/.local/lib/python3.10/site-packages/airflow/example_dags/tutorial_taskflow_api.py
[2023-06-18T15:04:46.100+0530] {logging_mixin.py:149} INFO - [2023-06-18T15:04:46.100+0530] {dag.py:2726} INFO - Sync 1 DAGs
[2023-06-18T15:04:46.112+0530] {logging_mixin.py:149} INFO - [2023-06-18T15:04:46.111+0530] {dag.py:3486} INFO - Setting next_dagrun for tutorial_taskflow_api to None, run_after=None
[2023-06-18T15:04:46.127+0530] {processor.py:179} INFO - Processing /home/shubham/.local/lib/python3.10/site-packages/airflow/example_dags/tutorial_taskflow_api.py took 0.048 seconds
[2023-06-18T15:05:32.596+0530] {processor.py:157} INFO - Started process (PID=5199) to work on /home/shubham/.local/lib/python3.10/site-packages/airflow/example_dags/tutorial_taskflow_api.py
[2023-06-18T15:05:32.597+0530] {processor.py:826} INFO - Processing file /home/shubham/.local/lib/python3.10/site-packages/airflow/example_dags/tutorial_taskflow_api.py for tasks to queue
[2023-06-18T15:05:32.598+0530] {logging_mixin.py:149} INFO - [2023-06-18T15:05:32.598+0530] {dagbag.py:541} INFO - Filling up the DagBag from /home/shubham/.local/lib/python3.10/site-packages/airflow/example_dags/tutorial_taskflow_api.py
[2023-06-18T15:05:32.602+0530] {processor.py:836} INFO - DAG(s) dict_keys(['tutorial_taskflow_api']) retrieved from /home/shubham/.local/lib/python3.10/site-packages/airflow/example_dags/tutorial_taskflow_api.py
[2023-06-18T15:05:32.616+0530] {logging_mixin.py:149} INFO - [2023-06-18T15:05:32.616+0530] {dag.py:2726} INFO - Sync 1 DAGs
[2023-06-18T15:05:32.629+0530] {logging_mixin.py:149} INFO - [2023-06-18T15:05:32.629+0530] {dag.py:3486} INFO - Setting next_dagrun for tutorial_taskflow_api to None, run_after=None
[2023-06-18T15:05:32.653+0530] {processor.py:179} INFO - Processing /home/shubham/.local/lib/python3.10/site-packages/airflow/example_dags/tutorial_taskflow_api.py took 0.060 seconds
[2023-06-18T15:06:14.626+0530] {processor.py:157} INFO - Started process (PID=5242) to work on /home/shubham/.local/lib/python3.10/site-packages/airflow/example_dags/tutorial_taskflow_api.py
[2023-06-18T15:06:14.628+0530] {processor.py:826} INFO - Processing file /home/shubham/.local/lib/python3.10/site-packages/airflow/example_dags/tutorial_taskflow_api.py for tasks to queue
[2023-06-18T15:06:14.628+0530] {logging_mixin.py:149} INFO - [2023-06-18T15:06:14.628+0530] {dagbag.py:541} INFO - Filling up the DagBag from /home/shubham/.local/lib/python3.10/site-packages/airflow/example_dags/tutorial_taskflow_api.py
[2023-06-18T15:06:14.633+0530] {processor.py:836} INFO - DAG(s) dict_keys(['tutorial_taskflow_api']) retrieved from /home/shubham/.local/lib/python3.10/site-packages/airflow/example_dags/tutorial_taskflow_api.py
[2023-06-18T15:06:14.651+0530] {logging_mixin.py:149} INFO - [2023-06-18T15:06:14.651+0530] {dag.py:2726} INFO - Sync 1 DAGs
[2023-06-18T15:06:14.665+0530] {logging_mixin.py:149} INFO - [2023-06-18T15:06:14.665+0530] {dag.py:3486} INFO - Setting next_dagrun for tutorial_taskflow_api to None, run_after=None
[2023-06-18T15:06:14.681+0530] {processor.py:179} INFO - Processing /home/shubham/.local/lib/python3.10/site-packages/airflow/example_dags/tutorial_taskflow_api.py took 0.057 seconds
[2023-06-18T15:07:03.017+0530] {processor.py:157} INFO - Started process (PID=5291) to work on /home/shubham/.local/lib/python3.10/site-packages/airflow/example_dags/tutorial_taskflow_api.py
[2023-06-18T15:07:03.018+0530] {processor.py:826} INFO - Processing file /home/shubham/.local/lib/python3.10/site-packages/airflow/example_dags/tutorial_taskflow_api.py for tasks to queue
[2023-06-18T15:07:03.019+0530] {logging_mixin.py:149} INFO - [2023-06-18T15:07:03.019+0530] {dagbag.py:541} INFO - Filling up the DagBag from /home/shubham/.local/lib/python3.10/site-packages/airflow/example_dags/tutorial_taskflow_api.py
[2023-06-18T15:07:03.025+0530] {processor.py:836} INFO - DAG(s) dict_keys(['tutorial_taskflow_api']) retrieved from /home/shubham/.local/lib/python3.10/site-packages/airflow/example_dags/tutorial_taskflow_api.py
[2023-06-18T15:07:03.042+0530] {logging_mixin.py:149} INFO - [2023-06-18T15:07:03.042+0530] {dag.py:2726} INFO - Sync 1 DAGs
[2023-06-18T15:07:03.056+0530] {logging_mixin.py:149} INFO - [2023-06-18T15:07:03.056+0530] {dag.py:3486} INFO - Setting next_dagrun for tutorial_taskflow_api to None, run_after=None
[2023-06-18T15:07:03.079+0530] {processor.py:179} INFO - Processing /home/shubham/.local/lib/python3.10/site-packages/airflow/example_dags/tutorial_taskflow_api.py took 0.065 seconds
[2023-06-18T15:07:49.901+0530] {processor.py:157} INFO - Started process (PID=5339) to work on /home/shubham/.local/lib/python3.10/site-packages/airflow/example_dags/tutorial_taskflow_api.py
[2023-06-18T15:07:49.903+0530] {processor.py:826} INFO - Processing file /home/shubham/.local/lib/python3.10/site-packages/airflow/example_dags/tutorial_taskflow_api.py for tasks to queue
[2023-06-18T15:07:49.904+0530] {logging_mixin.py:149} INFO - [2023-06-18T15:07:49.903+0530] {dagbag.py:541} INFO - Filling up the DagBag from /home/shubham/.local/lib/python3.10/site-packages/airflow/example_dags/tutorial_taskflow_api.py
[2023-06-18T15:07:49.909+0530] {processor.py:836} INFO - DAG(s) dict_keys(['tutorial_taskflow_api']) retrieved from /home/shubham/.local/lib/python3.10/site-packages/airflow/example_dags/tutorial_taskflow_api.py
[2023-06-18T15:07:49.926+0530] {logging_mixin.py:149} INFO - [2023-06-18T15:07:49.926+0530] {dag.py:2726} INFO - Sync 1 DAGs
[2023-06-18T15:07:49.942+0530] {logging_mixin.py:149} INFO - [2023-06-18T15:07:49.942+0530] {dag.py:3486} INFO - Setting next_dagrun for tutorial_taskflow_api to None, run_after=None
[2023-06-18T15:07:49.965+0530] {processor.py:179} INFO - Processing /home/shubham/.local/lib/python3.10/site-packages/airflow/example_dags/tutorial_taskflow_api.py took 0.067 seconds
[2023-06-18T15:08:33.973+0530] {processor.py:157} INFO - Started process (PID=5385) to work on /home/shubham/.local/lib/python3.10/site-packages/airflow/example_dags/tutorial_taskflow_api.py
[2023-06-18T15:08:33.975+0530] {processor.py:826} INFO - Processing file /home/shubham/.local/lib/python3.10/site-packages/airflow/example_dags/tutorial_taskflow_api.py for tasks to queue
[2023-06-18T15:08:33.976+0530] {logging_mixin.py:149} INFO - [2023-06-18T15:08:33.976+0530] {dagbag.py:541} INFO - Filling up the DagBag from /home/shubham/.local/lib/python3.10/site-packages/airflow/example_dags/tutorial_taskflow_api.py
[2023-06-18T15:08:33.981+0530] {processor.py:836} INFO - DAG(s) dict_keys(['tutorial_taskflow_api']) retrieved from /home/shubham/.local/lib/python3.10/site-packages/airflow/example_dags/tutorial_taskflow_api.py
[2023-06-18T15:08:33.998+0530] {logging_mixin.py:149} INFO - [2023-06-18T15:08:33.998+0530] {dag.py:2726} INFO - Sync 1 DAGs
[2023-06-18T15:08:34.013+0530] {logging_mixin.py:149} INFO - [2023-06-18T15:08:34.013+0530] {dag.py:3486} INFO - Setting next_dagrun for tutorial_taskflow_api to None, run_after=None
[2023-06-18T15:08:34.036+0530] {processor.py:179} INFO - Processing /home/shubham/.local/lib/python3.10/site-packages/airflow/example_dags/tutorial_taskflow_api.py took 0.066 seconds
[2023-06-18T15:09:18.244+0530] {processor.py:157} INFO - Started process (PID=5430) to work on /home/shubham/.local/lib/python3.10/site-packages/airflow/example_dags/tutorial_taskflow_api.py
[2023-06-18T15:09:18.246+0530] {processor.py:826} INFO - Processing file /home/shubham/.local/lib/python3.10/site-packages/airflow/example_dags/tutorial_taskflow_api.py for tasks to queue
[2023-06-18T15:09:18.247+0530] {logging_mixin.py:149} INFO - [2023-06-18T15:09:18.247+0530] {dagbag.py:541} INFO - Filling up the DagBag from /home/shubham/.local/lib/python3.10/site-packages/airflow/example_dags/tutorial_taskflow_api.py
[2023-06-18T15:09:18.253+0530] {processor.py:836} INFO - DAG(s) dict_keys(['tutorial_taskflow_api']) retrieved from /home/shubham/.local/lib/python3.10/site-packages/airflow/example_dags/tutorial_taskflow_api.py
[2023-06-18T15:09:18.271+0530] {logging_mixin.py:149} INFO - [2023-06-18T15:09:18.271+0530] {dag.py:2726} INFO - Sync 1 DAGs
[2023-06-18T15:09:18.288+0530] {logging_mixin.py:149} INFO - [2023-06-18T15:09:18.288+0530] {dag.py:3486} INFO - Setting next_dagrun for tutorial_taskflow_api to None, run_after=None
[2023-06-18T15:09:18.313+0530] {processor.py:179} INFO - Processing /home/shubham/.local/lib/python3.10/site-packages/airflow/example_dags/tutorial_taskflow_api.py took 0.072 seconds
[2023-06-18T15:10:01.867+0530] {processor.py:157} INFO - Started process (PID=5475) to work on /home/shubham/.local/lib/python3.10/site-packages/airflow/example_dags/tutorial_taskflow_api.py
[2023-06-18T15:10:01.869+0530] {processor.py:826} INFO - Processing file /home/shubham/.local/lib/python3.10/site-packages/airflow/example_dags/tutorial_taskflow_api.py for tasks to queue
[2023-06-18T15:10:01.870+0530] {logging_mixin.py:149} INFO - [2023-06-18T15:10:01.870+0530] {dagbag.py:541} INFO - Filling up the DagBag from /home/shubham/.local/lib/python3.10/site-packages/airflow/example_dags/tutorial_taskflow_api.py
[2023-06-18T15:10:01.875+0530] {processor.py:836} INFO - DAG(s) dict_keys(['tutorial_taskflow_api']) retrieved from /home/shubham/.local/lib/python3.10/site-packages/airflow/example_dags/tutorial_taskflow_api.py
[2023-06-18T15:10:01.893+0530] {logging_mixin.py:149} INFO - [2023-06-18T15:10:01.893+0530] {dag.py:2726} INFO - Sync 1 DAGs
[2023-06-18T15:10:01.908+0530] {logging_mixin.py:149} INFO - [2023-06-18T15:10:01.908+0530] {dag.py:3486} INFO - Setting next_dagrun for tutorial_taskflow_api to None, run_after=None
[2023-06-18T15:10:01.931+0530] {processor.py:179} INFO - Processing /home/shubham/.local/lib/python3.10/site-packages/airflow/example_dags/tutorial_taskflow_api.py took 0.067 seconds
[2023-06-18T15:10:45.365+0530] {processor.py:157} INFO - Started process (PID=5521) to work on /home/shubham/.local/lib/python3.10/site-packages/airflow/example_dags/tutorial_taskflow_api.py
[2023-06-18T15:10:45.367+0530] {processor.py:826} INFO - Processing file /home/shubham/.local/lib/python3.10/site-packages/airflow/example_dags/tutorial_taskflow_api.py for tasks to queue
[2023-06-18T15:10:45.367+0530] {logging_mixin.py:149} INFO - [2023-06-18T15:10:45.367+0530] {dagbag.py:541} INFO - Filling up the DagBag from /home/shubham/.local/lib/python3.10/site-packages/airflow/example_dags/tutorial_taskflow_api.py
[2023-06-18T15:10:45.374+0530] {processor.py:836} INFO - DAG(s) dict_keys(['tutorial_taskflow_api']) retrieved from /home/shubham/.local/lib/python3.10/site-packages/airflow/example_dags/tutorial_taskflow_api.py
[2023-06-18T15:10:45.393+0530] {logging_mixin.py:149} INFO - [2023-06-18T15:10:45.393+0530] {dag.py:2726} INFO - Sync 1 DAGs
[2023-06-18T15:10:45.413+0530] {logging_mixin.py:149} INFO - [2023-06-18T15:10:45.413+0530] {dag.py:3486} INFO - Setting next_dagrun for tutorial_taskflow_api to None, run_after=None
[2023-06-18T15:10:45.440+0530] {processor.py:179} INFO - Processing /home/shubham/.local/lib/python3.10/site-packages/airflow/example_dags/tutorial_taskflow_api.py took 0.078 seconds
[2023-06-18T15:11:26.816+0530] {processor.py:157} INFO - Started process (PID=5566) to work on /home/shubham/.local/lib/python3.10/site-packages/airflow/example_dags/tutorial_taskflow_api.py
[2023-06-18T15:11:26.821+0530] {processor.py:826} INFO - Processing file /home/shubham/.local/lib/python3.10/site-packages/airflow/example_dags/tutorial_taskflow_api.py for tasks to queue
[2023-06-18T15:11:26.822+0530] {logging_mixin.py:149} INFO - [2023-06-18T15:11:26.822+0530] {dagbag.py:541} INFO - Filling up the DagBag from /home/shubham/.local/lib/python3.10/site-packages/airflow/example_dags/tutorial_taskflow_api.py
[2023-06-18T15:11:26.828+0530] {processor.py:836} INFO - DAG(s) dict_keys(['tutorial_taskflow_api']) retrieved from /home/shubham/.local/lib/python3.10/site-packages/airflow/example_dags/tutorial_taskflow_api.py
[2023-06-18T15:11:26.846+0530] {logging_mixin.py:149} INFO - [2023-06-18T15:11:26.846+0530] {dag.py:2726} INFO - Sync 1 DAGs
[2023-06-18T15:11:26.864+0530] {logging_mixin.py:149} INFO - [2023-06-18T15:11:26.864+0530] {dag.py:3486} INFO - Setting next_dagrun for tutorial_taskflow_api to None, run_after=None
[2023-06-18T15:11:26.940+0530] {processor.py:179} INFO - Processing /home/shubham/.local/lib/python3.10/site-packages/airflow/example_dags/tutorial_taskflow_api.py took 0.128 seconds
[2023-06-18T15:12:08.191+0530] {processor.py:157} INFO - Started process (PID=5608) to work on /home/shubham/.local/lib/python3.10/site-packages/airflow/example_dags/tutorial_taskflow_api.py
[2023-06-18T15:12:08.193+0530] {processor.py:826} INFO - Processing file /home/shubham/.local/lib/python3.10/site-packages/airflow/example_dags/tutorial_taskflow_api.py for tasks to queue
[2023-06-18T15:12:08.193+0530] {logging_mixin.py:149} INFO - [2023-06-18T15:12:08.193+0530] {dagbag.py:541} INFO - Filling up the DagBag from /home/shubham/.local/lib/python3.10/site-packages/airflow/example_dags/tutorial_taskflow_api.py
[2023-06-18T15:12:08.199+0530] {processor.py:836} INFO - DAG(s) dict_keys(['tutorial_taskflow_api']) retrieved from /home/shubham/.local/lib/python3.10/site-packages/airflow/example_dags/tutorial_taskflow_api.py
[2023-06-18T15:12:08.218+0530] {logging_mixin.py:149} INFO - [2023-06-18T15:12:08.217+0530] {dag.py:2726} INFO - Sync 1 DAGs
[2023-06-18T15:12:08.236+0530] {logging_mixin.py:149} INFO - [2023-06-18T15:12:08.236+0530] {dag.py:3486} INFO - Setting next_dagrun for tutorial_taskflow_api to None, run_after=None
[2023-06-18T15:12:08.261+0530] {processor.py:179} INFO - Processing /home/shubham/.local/lib/python3.10/site-packages/airflow/example_dags/tutorial_taskflow_api.py took 0.073 seconds
[2023-06-18T15:12:51.595+0530] {processor.py:157} INFO - Started process (PID=5654) to work on /home/shubham/.local/lib/python3.10/site-packages/airflow/example_dags/tutorial_taskflow_api.py
[2023-06-18T15:12:51.597+0530] {processor.py:826} INFO - Processing file /home/shubham/.local/lib/python3.10/site-packages/airflow/example_dags/tutorial_taskflow_api.py for tasks to queue
[2023-06-18T15:12:51.597+0530] {logging_mixin.py:149} INFO - [2023-06-18T15:12:51.597+0530] {dagbag.py:541} INFO - Filling up the DagBag from /home/shubham/.local/lib/python3.10/site-packages/airflow/example_dags/tutorial_taskflow_api.py
[2023-06-18T15:12:51.603+0530] {processor.py:836} INFO - DAG(s) dict_keys(['tutorial_taskflow_api']) retrieved from /home/shubham/.local/lib/python3.10/site-packages/airflow/example_dags/tutorial_taskflow_api.py
[2023-06-18T15:12:51.622+0530] {logging_mixin.py:149} INFO - [2023-06-18T15:12:51.622+0530] {dag.py:2726} INFO - Sync 1 DAGs
[2023-06-18T15:12:51.641+0530] {logging_mixin.py:149} INFO - [2023-06-18T15:12:51.640+0530] {dag.py:3486} INFO - Setting next_dagrun for tutorial_taskflow_api to None, run_after=None
[2023-06-18T15:12:51.666+0530] {processor.py:179} INFO - Processing /home/shubham/.local/lib/python3.10/site-packages/airflow/example_dags/tutorial_taskflow_api.py took 0.075 seconds
[2023-06-18T15:13:32.174+0530] {processor.py:157} INFO - Started process (PID=5698) to work on /home/shubham/.local/lib/python3.10/site-packages/airflow/example_dags/tutorial_taskflow_api.py
[2023-06-18T15:13:32.176+0530] {processor.py:826} INFO - Processing file /home/shubham/.local/lib/python3.10/site-packages/airflow/example_dags/tutorial_taskflow_api.py for tasks to queue
[2023-06-18T15:13:32.176+0530] {logging_mixin.py:149} INFO - [2023-06-18T15:13:32.176+0530] {dagbag.py:541} INFO - Filling up the DagBag from /home/shubham/.local/lib/python3.10/site-packages/airflow/example_dags/tutorial_taskflow_api.py
[2023-06-18T15:13:32.183+0530] {processor.py:836} INFO - DAG(s) dict_keys(['tutorial_taskflow_api']) retrieved from /home/shubham/.local/lib/python3.10/site-packages/airflow/example_dags/tutorial_taskflow_api.py
[2023-06-18T15:13:32.203+0530] {logging_mixin.py:149} INFO - [2023-06-18T15:13:32.203+0530] {dag.py:2726} INFO - Sync 1 DAGs
[2023-06-18T15:13:32.220+0530] {logging_mixin.py:149} INFO - [2023-06-18T15:13:32.220+0530] {dag.py:3486} INFO - Setting next_dagrun for tutorial_taskflow_api to None, run_after=None
[2023-06-18T15:13:32.245+0530] {processor.py:179} INFO - Processing /home/shubham/.local/lib/python3.10/site-packages/airflow/example_dags/tutorial_taskflow_api.py took 0.075 seconds
[2023-06-18T15:14:15.184+0530] {processor.py:157} INFO - Started process (PID=5741) to work on /home/shubham/.local/lib/python3.10/site-packages/airflow/example_dags/tutorial_taskflow_api.py
[2023-06-18T15:14:15.186+0530] {processor.py:826} INFO - Processing file /home/shubham/.local/lib/python3.10/site-packages/airflow/example_dags/tutorial_taskflow_api.py for tasks to queue
[2023-06-18T15:14:15.187+0530] {logging_mixin.py:149} INFO - [2023-06-18T15:14:15.187+0530] {dagbag.py:541} INFO - Filling up the DagBag from /home/shubham/.local/lib/python3.10/site-packages/airflow/example_dags/tutorial_taskflow_api.py
[2023-06-18T15:14:15.193+0530] {processor.py:836} INFO - DAG(s) dict_keys(['tutorial_taskflow_api']) retrieved from /home/shubham/.local/lib/python3.10/site-packages/airflow/example_dags/tutorial_taskflow_api.py
[2023-06-18T15:14:15.212+0530] {logging_mixin.py:149} INFO - [2023-06-18T15:14:15.212+0530] {dag.py:2726} INFO - Sync 1 DAGs
[2023-06-18T15:14:15.232+0530] {logging_mixin.py:149} INFO - [2023-06-18T15:14:15.232+0530] {dag.py:3486} INFO - Setting next_dagrun for tutorial_taskflow_api to None, run_after=None
[2023-06-18T15:14:15.257+0530] {processor.py:179} INFO - Processing /home/shubham/.local/lib/python3.10/site-packages/airflow/example_dags/tutorial_taskflow_api.py took 0.077 seconds
[2023-06-18T15:14:59.618+0530] {processor.py:157} INFO - Started process (PID=5787) to work on /home/shubham/.local/lib/python3.10/site-packages/airflow/example_dags/tutorial_taskflow_api.py
[2023-06-18T15:14:59.620+0530] {processor.py:826} INFO - Processing file /home/shubham/.local/lib/python3.10/site-packages/airflow/example_dags/tutorial_taskflow_api.py for tasks to queue
[2023-06-18T15:14:59.621+0530] {logging_mixin.py:149} INFO - [2023-06-18T15:14:59.621+0530] {dagbag.py:541} INFO - Filling up the DagBag from /home/shubham/.local/lib/python3.10/site-packages/airflow/example_dags/tutorial_taskflow_api.py
[2023-06-18T15:14:59.627+0530] {processor.py:836} INFO - DAG(s) dict_keys(['tutorial_taskflow_api']) retrieved from /home/shubham/.local/lib/python3.10/site-packages/airflow/example_dags/tutorial_taskflow_api.py
[2023-06-18T15:14:59.646+0530] {logging_mixin.py:149} INFO - [2023-06-18T15:14:59.646+0530] {dag.py:2726} INFO - Sync 1 DAGs
[2023-06-18T15:14:59.664+0530] {logging_mixin.py:149} INFO - [2023-06-18T15:14:59.664+0530] {dag.py:3486} INFO - Setting next_dagrun for tutorial_taskflow_api to None, run_after=None
[2023-06-18T15:14:59.691+0530] {processor.py:179} INFO - Processing /home/shubham/.local/lib/python3.10/site-packages/airflow/example_dags/tutorial_taskflow_api.py took 0.076 seconds
[2023-06-18T15:15:46.033+0530] {processor.py:157} INFO - Started process (PID=5834) to work on /home/shubham/.local/lib/python3.10/site-packages/airflow/example_dags/tutorial_taskflow_api.py
[2023-06-18T15:15:46.036+0530] {processor.py:826} INFO - Processing file /home/shubham/.local/lib/python3.10/site-packages/airflow/example_dags/tutorial_taskflow_api.py for tasks to queue
[2023-06-18T15:15:46.036+0530] {logging_mixin.py:149} INFO - [2023-06-18T15:15:46.036+0530] {dagbag.py:541} INFO - Filling up the DagBag from /home/shubham/.local/lib/python3.10/site-packages/airflow/example_dags/tutorial_taskflow_api.py
[2023-06-18T15:15:46.042+0530] {processor.py:836} INFO - DAG(s) dict_keys(['tutorial_taskflow_api']) retrieved from /home/shubham/.local/lib/python3.10/site-packages/airflow/example_dags/tutorial_taskflow_api.py
[2023-06-18T15:15:46.059+0530] {logging_mixin.py:149} INFO - [2023-06-18T15:15:46.059+0530] {dag.py:2726} INFO - Sync 1 DAGs
[2023-06-18T15:15:46.077+0530] {logging_mixin.py:149} INFO - [2023-06-18T15:15:46.077+0530] {dag.py:3486} INFO - Setting next_dagrun for tutorial_taskflow_api to None, run_after=None
[2023-06-18T15:15:46.099+0530] {processor.py:179} INFO - Processing /home/shubham/.local/lib/python3.10/site-packages/airflow/example_dags/tutorial_taskflow_api.py took 0.069 seconds
[2023-06-18T15:16:31.209+0530] {processor.py:157} INFO - Started process (PID=5881) to work on /home/shubham/.local/lib/python3.10/site-packages/airflow/example_dags/tutorial_taskflow_api.py
[2023-06-18T15:16:31.211+0530] {processor.py:826} INFO - Processing file /home/shubham/.local/lib/python3.10/site-packages/airflow/example_dags/tutorial_taskflow_api.py for tasks to queue
[2023-06-18T15:16:31.211+0530] {logging_mixin.py:149} INFO - [2023-06-18T15:16:31.211+0530] {dagbag.py:541} INFO - Filling up the DagBag from /home/shubham/.local/lib/python3.10/site-packages/airflow/example_dags/tutorial_taskflow_api.py
[2023-06-18T15:16:31.218+0530] {processor.py:836} INFO - DAG(s) dict_keys(['tutorial_taskflow_api']) retrieved from /home/shubham/.local/lib/python3.10/site-packages/airflow/example_dags/tutorial_taskflow_api.py
[2023-06-18T15:16:31.236+0530] {logging_mixin.py:149} INFO - [2023-06-18T15:16:31.236+0530] {dag.py:2726} INFO - Sync 1 DAGs
[2023-06-18T15:16:31.254+0530] {logging_mixin.py:149} INFO - [2023-06-18T15:16:31.254+0530] {dag.py:3486} INFO - Setting next_dagrun for tutorial_taskflow_api to None, run_after=None
[2023-06-18T15:16:31.280+0530] {processor.py:179} INFO - Processing /home/shubham/.local/lib/python3.10/site-packages/airflow/example_dags/tutorial_taskflow_api.py took 0.075 seconds
[2023-06-18T15:17:13.525+0530] {processor.py:157} INFO - Started process (PID=5926) to work on /home/shubham/.local/lib/python3.10/site-packages/airflow/example_dags/tutorial_taskflow_api.py
[2023-06-18T15:17:13.527+0530] {processor.py:826} INFO - Processing file /home/shubham/.local/lib/python3.10/site-packages/airflow/example_dags/tutorial_taskflow_api.py for tasks to queue
[2023-06-18T15:17:13.528+0530] {logging_mixin.py:149} INFO - [2023-06-18T15:17:13.528+0530] {dagbag.py:541} INFO - Filling up the DagBag from /home/shubham/.local/lib/python3.10/site-packages/airflow/example_dags/tutorial_taskflow_api.py
[2023-06-18T15:17:13.534+0530] {processor.py:836} INFO - DAG(s) dict_keys(['tutorial_taskflow_api']) retrieved from /home/shubham/.local/lib/python3.10/site-packages/airflow/example_dags/tutorial_taskflow_api.py
[2023-06-18T15:17:13.552+0530] {logging_mixin.py:149} INFO - [2023-06-18T15:17:13.552+0530] {dag.py:2726} INFO - Sync 1 DAGs
[2023-06-18T15:17:13.569+0530] {logging_mixin.py:149} INFO - [2023-06-18T15:17:13.569+0530] {dag.py:3486} INFO - Setting next_dagrun for tutorial_taskflow_api to None, run_after=None
[2023-06-18T15:17:13.594+0530] {processor.py:179} INFO - Processing /home/shubham/.local/lib/python3.10/site-packages/airflow/example_dags/tutorial_taskflow_api.py took 0.072 seconds
[2023-06-18T15:17:57.583+0530] {processor.py:157} INFO - Started process (PID=5972) to work on /home/shubham/.local/lib/python3.10/site-packages/airflow/example_dags/tutorial_taskflow_api.py
[2023-06-18T15:17:57.585+0530] {processor.py:826} INFO - Processing file /home/shubham/.local/lib/python3.10/site-packages/airflow/example_dags/tutorial_taskflow_api.py for tasks to queue
[2023-06-18T15:17:57.586+0530] {logging_mixin.py:149} INFO - [2023-06-18T15:17:57.585+0530] {dagbag.py:541} INFO - Filling up the DagBag from /home/shubham/.local/lib/python3.10/site-packages/airflow/example_dags/tutorial_taskflow_api.py
[2023-06-18T15:17:57.592+0530] {processor.py:836} INFO - DAG(s) dict_keys(['tutorial_taskflow_api']) retrieved from /home/shubham/.local/lib/python3.10/site-packages/airflow/example_dags/tutorial_taskflow_api.py
[2023-06-18T15:17:57.611+0530] {logging_mixin.py:149} INFO - [2023-06-18T15:17:57.611+0530] {dag.py:2726} INFO - Sync 1 DAGs
[2023-06-18T15:17:57.629+0530] {logging_mixin.py:149} INFO - [2023-06-18T15:17:57.629+0530] {dag.py:3486} INFO - Setting next_dagrun for tutorial_taskflow_api to None, run_after=None
[2023-06-18T15:17:57.655+0530] {processor.py:179} INFO - Processing /home/shubham/.local/lib/python3.10/site-packages/airflow/example_dags/tutorial_taskflow_api.py took 0.075 seconds
[2023-06-18T15:18:38.815+0530] {processor.py:157} INFO - Started process (PID=6016) to work on /home/shubham/.local/lib/python3.10/site-packages/airflow/example_dags/tutorial_taskflow_api.py
[2023-06-18T15:18:38.817+0530] {processor.py:826} INFO - Processing file /home/shubham/.local/lib/python3.10/site-packages/airflow/example_dags/tutorial_taskflow_api.py for tasks to queue
[2023-06-18T15:18:38.818+0530] {logging_mixin.py:149} INFO - [2023-06-18T15:18:38.818+0530] {dagbag.py:541} INFO - Filling up the DagBag from /home/shubham/.local/lib/python3.10/site-packages/airflow/example_dags/tutorial_taskflow_api.py
[2023-06-18T15:18:38.824+0530] {processor.py:836} INFO - DAG(s) dict_keys(['tutorial_taskflow_api']) retrieved from /home/shubham/.local/lib/python3.10/site-packages/airflow/example_dags/tutorial_taskflow_api.py
[2023-06-18T15:18:38.841+0530] {logging_mixin.py:149} INFO - [2023-06-18T15:18:38.841+0530] {dag.py:2726} INFO - Sync 1 DAGs
[2023-06-18T15:18:38.857+0530] {logging_mixin.py:149} INFO - [2023-06-18T15:18:38.857+0530] {dag.py:3486} INFO - Setting next_dagrun for tutorial_taskflow_api to None, run_after=None
[2023-06-18T15:18:38.879+0530] {processor.py:179} INFO - Processing /home/shubham/.local/lib/python3.10/site-packages/airflow/example_dags/tutorial_taskflow_api.py took 0.067 seconds
[2023-06-18T15:19:24.859+0530] {processor.py:157} INFO - Started process (PID=6064) to work on /home/shubham/.local/lib/python3.10/site-packages/airflow/example_dags/tutorial_taskflow_api.py
[2023-06-18T15:19:24.862+0530] {processor.py:826} INFO - Processing file /home/shubham/.local/lib/python3.10/site-packages/airflow/example_dags/tutorial_taskflow_api.py for tasks to queue
[2023-06-18T15:19:24.862+0530] {logging_mixin.py:149} INFO - [2023-06-18T15:19:24.862+0530] {dagbag.py:541} INFO - Filling up the DagBag from /home/shubham/.local/lib/python3.10/site-packages/airflow/example_dags/tutorial_taskflow_api.py
[2023-06-18T15:19:24.867+0530] {processor.py:836} INFO - DAG(s) dict_keys(['tutorial_taskflow_api']) retrieved from /home/shubham/.local/lib/python3.10/site-packages/airflow/example_dags/tutorial_taskflow_api.py
[2023-06-18T15:19:24.885+0530] {logging_mixin.py:149} INFO - [2023-06-18T15:19:24.885+0530] {dag.py:2726} INFO - Sync 1 DAGs
[2023-06-18T15:19:24.900+0530] {logging_mixin.py:149} INFO - [2023-06-18T15:19:24.900+0530] {dag.py:3486} INFO - Setting next_dagrun for tutorial_taskflow_api to None, run_after=None
[2023-06-18T15:19:24.924+0530] {processor.py:179} INFO - Processing /home/shubham/.local/lib/python3.10/site-packages/airflow/example_dags/tutorial_taskflow_api.py took 0.068 seconds
[2023-06-18T15:20:08.779+0530] {processor.py:157} INFO - Started process (PID=6109) to work on /home/shubham/.local/lib/python3.10/site-packages/airflow/example_dags/tutorial_taskflow_api.py
[2023-06-18T15:20:08.781+0530] {processor.py:826} INFO - Processing file /home/shubham/.local/lib/python3.10/site-packages/airflow/example_dags/tutorial_taskflow_api.py for tasks to queue
[2023-06-18T15:20:08.781+0530] {logging_mixin.py:149} INFO - [2023-06-18T15:20:08.781+0530] {dagbag.py:541} INFO - Filling up the DagBag from /home/shubham/.local/lib/python3.10/site-packages/airflow/example_dags/tutorial_taskflow_api.py
[2023-06-18T15:20:08.787+0530] {processor.py:836} INFO - DAG(s) dict_keys(['tutorial_taskflow_api']) retrieved from /home/shubham/.local/lib/python3.10/site-packages/airflow/example_dags/tutorial_taskflow_api.py
[2023-06-18T15:20:08.803+0530] {logging_mixin.py:149} INFO - [2023-06-18T15:20:08.803+0530] {dag.py:2726} INFO - Sync 1 DAGs
[2023-06-18T15:20:08.818+0530] {logging_mixin.py:149} INFO - [2023-06-18T15:20:08.818+0530] {dag.py:3486} INFO - Setting next_dagrun for tutorial_taskflow_api to None, run_after=None
[2023-06-18T15:20:08.843+0530] {processor.py:179} INFO - Processing /home/shubham/.local/lib/python3.10/site-packages/airflow/example_dags/tutorial_taskflow_api.py took 0.067 seconds
[2023-06-18T15:21:03.460+0530] {processor.py:157} INFO - Started process (PID=6162) to work on /home/shubham/.local/lib/python3.10/site-packages/airflow/example_dags/tutorial_taskflow_api.py
[2023-06-18T15:21:03.462+0530] {processor.py:826} INFO - Processing file /home/shubham/.local/lib/python3.10/site-packages/airflow/example_dags/tutorial_taskflow_api.py for tasks to queue
[2023-06-18T15:21:03.464+0530] {logging_mixin.py:149} INFO - [2023-06-18T15:21:03.463+0530] {dagbag.py:541} INFO - Filling up the DagBag from /home/shubham/.local/lib/python3.10/site-packages/airflow/example_dags/tutorial_taskflow_api.py
[2023-06-18T15:21:03.471+0530] {processor.py:836} INFO - DAG(s) dict_keys(['tutorial_taskflow_api']) retrieved from /home/shubham/.local/lib/python3.10/site-packages/airflow/example_dags/tutorial_taskflow_api.py
[2023-06-18T15:21:03.494+0530] {logging_mixin.py:149} INFO - [2023-06-18T15:21:03.493+0530] {dag.py:2726} INFO - Sync 1 DAGs
[2023-06-18T15:21:03.523+0530] {logging_mixin.py:149} INFO - [2023-06-18T15:21:03.523+0530] {dag.py:3486} INFO - Setting next_dagrun for tutorial_taskflow_api to None, run_after=None
[2023-06-18T15:21:03.571+0530] {processor.py:179} INFO - Processing /home/shubham/.local/lib/python3.10/site-packages/airflow/example_dags/tutorial_taskflow_api.py took 0.115 seconds
[2023-06-18T15:47:12.343+0530] {processor.py:157} INFO - Started process (PID=6346) to work on /home/shubham/.local/lib/python3.10/site-packages/airflow/example_dags/tutorial_taskflow_api.py
[2023-06-18T15:47:12.345+0530] {processor.py:826} INFO - Processing file /home/shubham/.local/lib/python3.10/site-packages/airflow/example_dags/tutorial_taskflow_api.py for tasks to queue
[2023-06-18T15:47:12.346+0530] {logging_mixin.py:149} INFO - [2023-06-18T15:47:12.345+0530] {dagbag.py:541} INFO - Filling up the DagBag from /home/shubham/.local/lib/python3.10/site-packages/airflow/example_dags/tutorial_taskflow_api.py
[2023-06-18T15:47:12.352+0530] {processor.py:836} INFO - DAG(s) dict_keys(['tutorial_taskflow_api']) retrieved from /home/shubham/.local/lib/python3.10/site-packages/airflow/example_dags/tutorial_taskflow_api.py
[2023-06-18T15:47:12.375+0530] {logging_mixin.py:149} INFO - [2023-06-18T15:47:12.375+0530] {dag.py:2726} INFO - Sync 1 DAGs
[2023-06-18T15:47:12.390+0530] {logging_mixin.py:149} INFO - [2023-06-18T15:47:12.390+0530] {dag.py:3486} INFO - Setting next_dagrun for tutorial_taskflow_api to None, run_after=None
[2023-06-18T15:47:12.416+0530] {processor.py:179} INFO - Processing /home/shubham/.local/lib/python3.10/site-packages/airflow/example_dags/tutorial_taskflow_api.py took 0.075 seconds
[2023-06-18T15:47:57.162+0530] {processor.py:157} INFO - Started process (PID=6401) to work on /home/shubham/.local/lib/python3.10/site-packages/airflow/example_dags/tutorial_taskflow_api.py
[2023-06-18T15:47:57.164+0530] {processor.py:826} INFO - Processing file /home/shubham/.local/lib/python3.10/site-packages/airflow/example_dags/tutorial_taskflow_api.py for tasks to queue
[2023-06-18T15:47:57.165+0530] {logging_mixin.py:149} INFO - [2023-06-18T15:47:57.165+0530] {dagbag.py:541} INFO - Filling up the DagBag from /home/shubham/.local/lib/python3.10/site-packages/airflow/example_dags/tutorial_taskflow_api.py
[2023-06-18T15:47:57.170+0530] {processor.py:836} INFO - DAG(s) dict_keys(['tutorial_taskflow_api']) retrieved from /home/shubham/.local/lib/python3.10/site-packages/airflow/example_dags/tutorial_taskflow_api.py
[2023-06-18T15:47:57.184+0530] {logging_mixin.py:149} INFO - [2023-06-18T15:47:57.184+0530] {dag.py:2726} INFO - Sync 1 DAGs
[2023-06-18T15:47:57.198+0530] {logging_mixin.py:149} INFO - [2023-06-18T15:47:57.198+0530] {dag.py:3486} INFO - Setting next_dagrun for tutorial_taskflow_api to None, run_after=None
[2023-06-18T15:47:57.220+0530] {processor.py:179} INFO - Processing /home/shubham/.local/lib/python3.10/site-packages/airflow/example_dags/tutorial_taskflow_api.py took 0.060 seconds
